[2025-04-01T16:14:46.496-0500] {processor.py:186} INFO - Started process (PID=4015) to work on /mnt/d/Universidad/ETL/Proyecto_airflow/venv/lib/python3.12/site-packages/airflow/example_dags/example_python_operator.py
[2025-04-01T16:14:46.497-0500] {processor.py:914} INFO - Processing file /mnt/d/Universidad/ETL/Proyecto_airflow/venv/lib/python3.12/site-packages/airflow/example_dags/example_python_operator.py for tasks to queue
[2025-04-01T16:14:46.499-0500] {logging_mixin.py:190} INFO - [2025-04-01T16:14:46.499-0500] {dagbag.py:588} INFO - Filling up the DagBag from /mnt/d/Universidad/ETL/Proyecto_airflow/venv/lib/python3.12/site-packages/airflow/example_dags/example_python_operator.py
[2025-04-01T16:14:46.557-0500] {logging_mixin.py:190} INFO - [2025-04-01T16:14:46.556-0500] {example_python_operator.py:93} WARNING - The virtalenv_python example task requires virtualenv, please install it.
[2025-04-01T16:14:46.596-0500] {processor.py:925} INFO - DAG(s) 'example_python_operator' retrieved from /mnt/d/Universidad/ETL/Proyecto_airflow/venv/lib/python3.12/site-packages/airflow/example_dags/example_python_operator.py
[2025-04-01T16:14:47.634-0500] {logging_mixin.py:190} INFO - [2025-04-01T16:14:47.633-0500] {override.py:1930} INFO - Created Permission View: can delete on DAG:example_python_operator
[2025-04-01T16:14:47.702-0500] {logging_mixin.py:190} INFO - [2025-04-01T16:14:47.701-0500] {override.py:1930} INFO - Created Permission View: can edit on DAG:example_python_operator
[2025-04-01T16:14:47.771-0500] {logging_mixin.py:190} INFO - [2025-04-01T16:14:47.770-0500] {override.py:1930} INFO - Created Permission View: can read on DAG:example_python_operator
[2025-04-01T16:14:47.940-0500] {logging_mixin.py:190} INFO - [2025-04-01T16:14:47.939-0500] {override.py:1930} INFO - Created Permission View: can create on DAG Run:example_python_operator
[2025-04-01T16:14:48.025-0500] {logging_mixin.py:190} INFO - [2025-04-01T16:14:48.024-0500] {override.py:1930} INFO - Created Permission View: can delete on DAG Run:example_python_operator
[2025-04-01T16:14:48.116-0500] {logging_mixin.py:190} INFO - [2025-04-01T16:14:48.115-0500] {override.py:1930} INFO - Created Permission View: menu access on DAG Run:example_python_operator
[2025-04-01T16:14:48.202-0500] {logging_mixin.py:190} INFO - [2025-04-01T16:14:48.201-0500] {override.py:1930} INFO - Created Permission View: can read on DAG Run:example_python_operator
[2025-04-01T16:14:48.203-0500] {logging_mixin.py:190} INFO - [2025-04-01T16:14:48.203-0500] {dag.py:3239} INFO - Sync 1 DAGs
[2025-04-01T16:14:48.217-0500] {logging_mixin.py:190} INFO - [2025-04-01T16:14:48.217-0500] {dag.py:3262} INFO - Creating ORM DAG for example_python_operator
[2025-04-01T16:14:48.219-0500] {logging_mixin.py:190} INFO - [2025-04-01T16:14:48.218-0500] {dag.py:4180} INFO - Setting next_dagrun for example_python_operator to None, run_after=None
[2025-04-01T16:14:48.317-0500] {processor.py:208} INFO - Processing /mnt/d/Universidad/ETL/Proyecto_airflow/venv/lib/python3.12/site-packages/airflow/example_dags/example_python_operator.py took 1.829 seconds
[2025-04-01T16:16:32.998-0500] {processor.py:186} INFO - Started process (PID=4077) to work on /mnt/d/Universidad/ETL/Proyecto_airflow/venv/lib/python3.12/site-packages/airflow/example_dags/example_python_operator.py
[2025-04-01T16:16:32.999-0500] {processor.py:914} INFO - Processing file /mnt/d/Universidad/ETL/Proyecto_airflow/venv/lib/python3.12/site-packages/airflow/example_dags/example_python_operator.py for tasks to queue
[2025-04-01T16:16:33.002-0500] {logging_mixin.py:190} INFO - [2025-04-01T16:16:33.001-0500] {dagbag.py:588} INFO - Filling up the DagBag from /mnt/d/Universidad/ETL/Proyecto_airflow/venv/lib/python3.12/site-packages/airflow/example_dags/example_python_operator.py
[2025-04-01T16:16:33.058-0500] {logging_mixin.py:190} INFO - [2025-04-01T16:16:33.057-0500] {example_python_operator.py:93} WARNING - The virtalenv_python example task requires virtualenv, please install it.
[2025-04-01T16:16:33.097-0500] {processor.py:925} INFO - DAG(s) 'example_python_operator' retrieved from /mnt/d/Universidad/ETL/Proyecto_airflow/venv/lib/python3.12/site-packages/airflow/example_dags/example_python_operator.py
[2025-04-01T16:16:33.126-0500] {logging_mixin.py:190} INFO - [2025-04-01T16:16:33.125-0500] {dag.py:3239} INFO - Sync 1 DAGs
[2025-04-01T16:16:33.137-0500] {logging_mixin.py:190} INFO - [2025-04-01T16:16:33.136-0500] {dag.py:4180} INFO - Setting next_dagrun for example_python_operator to None, run_after=None
[2025-04-01T16:16:33.209-0500] {processor.py:208} INFO - Processing /mnt/d/Universidad/ETL/Proyecto_airflow/venv/lib/python3.12/site-packages/airflow/example_dags/example_python_operator.py took 0.219 seconds
[2025-04-01T16:18:31.636-0500] {processor.py:186} INFO - Started process (PID=4148) to work on /mnt/d/Universidad/ETL/Proyecto_airflow/venv/lib/python3.12/site-packages/airflow/example_dags/example_python_operator.py
[2025-04-01T16:18:31.637-0500] {processor.py:914} INFO - Processing file /mnt/d/Universidad/ETL/Proyecto_airflow/venv/lib/python3.12/site-packages/airflow/example_dags/example_python_operator.py for tasks to queue
[2025-04-01T16:18:31.639-0500] {logging_mixin.py:190} INFO - [2025-04-01T16:18:31.639-0500] {dagbag.py:588} INFO - Filling up the DagBag from /mnt/d/Universidad/ETL/Proyecto_airflow/venv/lib/python3.12/site-packages/airflow/example_dags/example_python_operator.py
[2025-04-01T16:18:31.695-0500] {logging_mixin.py:190} INFO - [2025-04-01T16:18:31.695-0500] {example_python_operator.py:93} WARNING - The virtalenv_python example task requires virtualenv, please install it.
[2025-04-01T16:18:31.734-0500] {processor.py:925} INFO - DAG(s) 'example_python_operator' retrieved from /mnt/d/Universidad/ETL/Proyecto_airflow/venv/lib/python3.12/site-packages/airflow/example_dags/example_python_operator.py
[2025-04-01T16:18:31.754-0500] {logging_mixin.py:190} INFO - [2025-04-01T16:18:31.753-0500] {dag.py:3239} INFO - Sync 1 DAGs
[2025-04-01T16:18:31.764-0500] {logging_mixin.py:190} INFO - [2025-04-01T16:18:31.763-0500] {dag.py:4180} INFO - Setting next_dagrun for example_python_operator to None, run_after=None
[2025-04-01T16:18:31.868-0500] {processor.py:208} INFO - Processing /mnt/d/Universidad/ETL/Proyecto_airflow/venv/lib/python3.12/site-packages/airflow/example_dags/example_python_operator.py took 0.240 seconds
[2025-04-01T16:20:03.973-0500] {processor.py:186} INFO - Started process (PID=4220) to work on /mnt/d/Universidad/ETL/Proyecto_airflow/venv/lib/python3.12/site-packages/airflow/example_dags/example_python_operator.py
[2025-04-01T16:20:03.974-0500] {processor.py:914} INFO - Processing file /mnt/d/Universidad/ETL/Proyecto_airflow/venv/lib/python3.12/site-packages/airflow/example_dags/example_python_operator.py for tasks to queue
[2025-04-01T16:20:03.976-0500] {logging_mixin.py:190} INFO - [2025-04-01T16:20:03.976-0500] {dagbag.py:588} INFO - Filling up the DagBag from /mnt/d/Universidad/ETL/Proyecto_airflow/venv/lib/python3.12/site-packages/airflow/example_dags/example_python_operator.py
[2025-04-01T16:20:04.033-0500] {logging_mixin.py:190} INFO - [2025-04-01T16:20:04.032-0500] {example_python_operator.py:93} WARNING - The virtalenv_python example task requires virtualenv, please install it.
[2025-04-01T16:20:04.070-0500] {processor.py:925} INFO - DAG(s) 'example_python_operator' retrieved from /mnt/d/Universidad/ETL/Proyecto_airflow/venv/lib/python3.12/site-packages/airflow/example_dags/example_python_operator.py
[2025-04-01T16:20:04.090-0500] {logging_mixin.py:190} INFO - [2025-04-01T16:20:04.089-0500] {dag.py:3239} INFO - Sync 1 DAGs
[2025-04-01T16:20:04.100-0500] {logging_mixin.py:190} INFO - [2025-04-01T16:20:04.099-0500] {dag.py:4180} INFO - Setting next_dagrun for example_python_operator to None, run_after=None
[2025-04-01T16:20:04.168-0500] {processor.py:208} INFO - Processing /mnt/d/Universidad/ETL/Proyecto_airflow/venv/lib/python3.12/site-packages/airflow/example_dags/example_python_operator.py took 0.203 seconds
[2025-04-01T16:21:32.675-0500] {processor.py:186} INFO - Started process (PID=4293) to work on /mnt/d/Universidad/ETL/Proyecto_airflow/venv/lib/python3.12/site-packages/airflow/example_dags/example_python_operator.py
[2025-04-01T16:21:32.676-0500] {processor.py:914} INFO - Processing file /mnt/d/Universidad/ETL/Proyecto_airflow/venv/lib/python3.12/site-packages/airflow/example_dags/example_python_operator.py for tasks to queue
[2025-04-01T16:21:32.679-0500] {logging_mixin.py:190} INFO - [2025-04-01T16:21:32.678-0500] {dagbag.py:588} INFO - Filling up the DagBag from /mnt/d/Universidad/ETL/Proyecto_airflow/venv/lib/python3.12/site-packages/airflow/example_dags/example_python_operator.py
[2025-04-01T16:21:32.733-0500] {logging_mixin.py:190} INFO - [2025-04-01T16:21:32.732-0500] {example_python_operator.py:93} WARNING - The virtalenv_python example task requires virtualenv, please install it.
[2025-04-01T16:21:32.771-0500] {processor.py:925} INFO - DAG(s) 'example_python_operator' retrieved from /mnt/d/Universidad/ETL/Proyecto_airflow/venv/lib/python3.12/site-packages/airflow/example_dags/example_python_operator.py
[2025-04-01T16:21:32.789-0500] {logging_mixin.py:190} INFO - [2025-04-01T16:21:32.788-0500] {dag.py:3239} INFO - Sync 1 DAGs
[2025-04-01T16:21:32.798-0500] {logging_mixin.py:190} INFO - [2025-04-01T16:21:32.797-0500] {dag.py:4180} INFO - Setting next_dagrun for example_python_operator to None, run_after=None
[2025-04-01T16:21:32.861-0500] {processor.py:208} INFO - Processing /mnt/d/Universidad/ETL/Proyecto_airflow/venv/lib/python3.12/site-packages/airflow/example_dags/example_python_operator.py took 0.194 seconds
[2025-04-01T16:22:54.648-0500] {processor.py:186} INFO - Started process (PID=4359) to work on /mnt/d/Universidad/ETL/Proyecto_airflow/venv/lib/python3.12/site-packages/airflow/example_dags/example_python_operator.py
[2025-04-01T16:22:54.649-0500] {processor.py:914} INFO - Processing file /mnt/d/Universidad/ETL/Proyecto_airflow/venv/lib/python3.12/site-packages/airflow/example_dags/example_python_operator.py for tasks to queue
[2025-04-01T16:22:54.651-0500] {logging_mixin.py:190} INFO - [2025-04-01T16:22:54.650-0500] {dagbag.py:588} INFO - Filling up the DagBag from /mnt/d/Universidad/ETL/Proyecto_airflow/venv/lib/python3.12/site-packages/airflow/example_dags/example_python_operator.py
[2025-04-01T16:22:54.706-0500] {logging_mixin.py:190} INFO - [2025-04-01T16:22:54.706-0500] {example_python_operator.py:93} WARNING - The virtalenv_python example task requires virtualenv, please install it.
[2025-04-01T16:22:54.744-0500] {processor.py:925} INFO - DAG(s) 'example_python_operator' retrieved from /mnt/d/Universidad/ETL/Proyecto_airflow/venv/lib/python3.12/site-packages/airflow/example_dags/example_python_operator.py
[2025-04-01T16:22:54.762-0500] {logging_mixin.py:190} INFO - [2025-04-01T16:22:54.762-0500] {dag.py:3239} INFO - Sync 1 DAGs
[2025-04-01T16:22:54.771-0500] {logging_mixin.py:190} INFO - [2025-04-01T16:22:54.771-0500] {dag.py:4180} INFO - Setting next_dagrun for example_python_operator to None, run_after=None
[2025-04-01T16:22:54.845-0500] {processor.py:208} INFO - Processing /mnt/d/Universidad/ETL/Proyecto_airflow/venv/lib/python3.12/site-packages/airflow/example_dags/example_python_operator.py took 0.204 seconds
[2025-04-01T16:24:29.750-0500] {processor.py:186} INFO - Started process (PID=4431) to work on /mnt/d/Universidad/ETL/Proyecto_airflow/venv/lib/python3.12/site-packages/airflow/example_dags/example_python_operator.py
[2025-04-01T16:24:29.751-0500] {processor.py:914} INFO - Processing file /mnt/d/Universidad/ETL/Proyecto_airflow/venv/lib/python3.12/site-packages/airflow/example_dags/example_python_operator.py for tasks to queue
[2025-04-01T16:24:29.753-0500] {logging_mixin.py:190} INFO - [2025-04-01T16:24:29.752-0500] {dagbag.py:588} INFO - Filling up the DagBag from /mnt/d/Universidad/ETL/Proyecto_airflow/venv/lib/python3.12/site-packages/airflow/example_dags/example_python_operator.py
[2025-04-01T16:24:29.808-0500] {logging_mixin.py:190} INFO - [2025-04-01T16:24:29.807-0500] {example_python_operator.py:93} WARNING - The virtalenv_python example task requires virtualenv, please install it.
[2025-04-01T16:24:29.845-0500] {processor.py:925} INFO - DAG(s) 'example_python_operator' retrieved from /mnt/d/Universidad/ETL/Proyecto_airflow/venv/lib/python3.12/site-packages/airflow/example_dags/example_python_operator.py
[2025-04-01T16:24:29.863-0500] {logging_mixin.py:190} INFO - [2025-04-01T16:24:29.863-0500] {dag.py:3239} INFO - Sync 1 DAGs
[2025-04-01T16:24:29.872-0500] {logging_mixin.py:190} INFO - [2025-04-01T16:24:29.872-0500] {dag.py:4180} INFO - Setting next_dagrun for example_python_operator to None, run_after=None
[2025-04-01T16:24:30.002-0500] {processor.py:208} INFO - Processing /mnt/d/Universidad/ETL/Proyecto_airflow/venv/lib/python3.12/site-packages/airflow/example_dags/example_python_operator.py took 0.260 seconds
[2025-04-01T16:26:02.378-0500] {processor.py:186} INFO - Started process (PID=4502) to work on /mnt/d/Universidad/ETL/Proyecto_airflow/venv/lib/python3.12/site-packages/airflow/example_dags/example_python_operator.py
[2025-04-01T16:26:02.379-0500] {processor.py:914} INFO - Processing file /mnt/d/Universidad/ETL/Proyecto_airflow/venv/lib/python3.12/site-packages/airflow/example_dags/example_python_operator.py for tasks to queue
[2025-04-01T16:26:02.381-0500] {logging_mixin.py:190} INFO - [2025-04-01T16:26:02.380-0500] {dagbag.py:588} INFO - Filling up the DagBag from /mnt/d/Universidad/ETL/Proyecto_airflow/venv/lib/python3.12/site-packages/airflow/example_dags/example_python_operator.py
[2025-04-01T16:26:02.437-0500] {logging_mixin.py:190} INFO - [2025-04-01T16:26:02.437-0500] {example_python_operator.py:93} WARNING - The virtalenv_python example task requires virtualenv, please install it.
[2025-04-01T16:26:02.476-0500] {processor.py:925} INFO - DAG(s) 'example_python_operator' retrieved from /mnt/d/Universidad/ETL/Proyecto_airflow/venv/lib/python3.12/site-packages/airflow/example_dags/example_python_operator.py
[2025-04-01T16:26:02.495-0500] {logging_mixin.py:190} INFO - [2025-04-01T16:26:02.494-0500] {dag.py:3239} INFO - Sync 1 DAGs
[2025-04-01T16:26:02.567-0500] {logging_mixin.py:190} INFO - [2025-04-01T16:26:02.566-0500] {dag.py:4180} INFO - Setting next_dagrun for example_python_operator to None, run_after=None
[2025-04-01T16:26:02.648-0500] {processor.py:208} INFO - Processing /mnt/d/Universidad/ETL/Proyecto_airflow/venv/lib/python3.12/site-packages/airflow/example_dags/example_python_operator.py took 0.278 seconds
[2025-04-01T16:27:36.010-0500] {processor.py:186} INFO - Started process (PID=4573) to work on /mnt/d/Universidad/ETL/Proyecto_airflow/venv/lib/python3.12/site-packages/airflow/example_dags/example_python_operator.py
[2025-04-01T16:27:36.011-0500] {processor.py:914} INFO - Processing file /mnt/d/Universidad/ETL/Proyecto_airflow/venv/lib/python3.12/site-packages/airflow/example_dags/example_python_operator.py for tasks to queue
[2025-04-01T16:27:36.013-0500] {logging_mixin.py:190} INFO - [2025-04-01T16:27:36.012-0500] {dagbag.py:588} INFO - Filling up the DagBag from /mnt/d/Universidad/ETL/Proyecto_airflow/venv/lib/python3.12/site-packages/airflow/example_dags/example_python_operator.py
[2025-04-01T16:27:36.069-0500] {logging_mixin.py:190} INFO - [2025-04-01T16:27:36.068-0500] {example_python_operator.py:93} WARNING - The virtalenv_python example task requires virtualenv, please install it.
[2025-04-01T16:27:36.107-0500] {processor.py:925} INFO - DAG(s) 'example_python_operator' retrieved from /mnt/d/Universidad/ETL/Proyecto_airflow/venv/lib/python3.12/site-packages/airflow/example_dags/example_python_operator.py
[2025-04-01T16:27:36.125-0500] {logging_mixin.py:190} INFO - [2025-04-01T16:27:36.124-0500] {dag.py:3239} INFO - Sync 1 DAGs
[2025-04-01T16:27:36.134-0500] {logging_mixin.py:190} INFO - [2025-04-01T16:27:36.134-0500] {dag.py:4180} INFO - Setting next_dagrun for example_python_operator to None, run_after=None
[2025-04-01T16:27:36.213-0500] {processor.py:208} INFO - Processing /mnt/d/Universidad/ETL/Proyecto_airflow/venv/lib/python3.12/site-packages/airflow/example_dags/example_python_operator.py took 0.211 seconds
[2025-04-01T16:29:05.329-0500] {processor.py:186} INFO - Started process (PID=4643) to work on /mnt/d/Universidad/ETL/Proyecto_airflow/venv/lib/python3.12/site-packages/airflow/example_dags/example_python_operator.py
[2025-04-01T16:29:05.330-0500] {processor.py:914} INFO - Processing file /mnt/d/Universidad/ETL/Proyecto_airflow/venv/lib/python3.12/site-packages/airflow/example_dags/example_python_operator.py for tasks to queue
[2025-04-01T16:29:05.332-0500] {logging_mixin.py:190} INFO - [2025-04-01T16:29:05.331-0500] {dagbag.py:588} INFO - Filling up the DagBag from /mnt/d/Universidad/ETL/Proyecto_airflow/venv/lib/python3.12/site-packages/airflow/example_dags/example_python_operator.py
[2025-04-01T16:29:05.387-0500] {logging_mixin.py:190} INFO - [2025-04-01T16:29:05.386-0500] {example_python_operator.py:93} WARNING - The virtalenv_python example task requires virtualenv, please install it.
[2025-04-01T16:29:05.425-0500] {processor.py:925} INFO - DAG(s) 'example_python_operator' retrieved from /mnt/d/Universidad/ETL/Proyecto_airflow/venv/lib/python3.12/site-packages/airflow/example_dags/example_python_operator.py
[2025-04-01T16:29:05.443-0500] {logging_mixin.py:190} INFO - [2025-04-01T16:29:05.443-0500] {dag.py:3239} INFO - Sync 1 DAGs
[2025-04-01T16:29:05.452-0500] {logging_mixin.py:190} INFO - [2025-04-01T16:29:05.452-0500] {dag.py:4180} INFO - Setting next_dagrun for example_python_operator to None, run_after=None
[2025-04-01T16:29:05.557-0500] {processor.py:208} INFO - Processing /mnt/d/Universidad/ETL/Proyecto_airflow/venv/lib/python3.12/site-packages/airflow/example_dags/example_python_operator.py took 0.236 seconds
[2025-04-01T16:30:36.841-0500] {processor.py:186} INFO - Started process (PID=4715) to work on /mnt/d/Universidad/ETL/Proyecto_airflow/venv/lib/python3.12/site-packages/airflow/example_dags/example_python_operator.py
[2025-04-01T16:30:36.842-0500] {processor.py:914} INFO - Processing file /mnt/d/Universidad/ETL/Proyecto_airflow/venv/lib/python3.12/site-packages/airflow/example_dags/example_python_operator.py for tasks to queue
[2025-04-01T16:30:36.844-0500] {logging_mixin.py:190} INFO - [2025-04-01T16:30:36.843-0500] {dagbag.py:588} INFO - Filling up the DagBag from /mnt/d/Universidad/ETL/Proyecto_airflow/venv/lib/python3.12/site-packages/airflow/example_dags/example_python_operator.py
[2025-04-01T16:30:36.900-0500] {logging_mixin.py:190} INFO - [2025-04-01T16:30:36.899-0500] {example_python_operator.py:93} WARNING - The virtalenv_python example task requires virtualenv, please install it.
[2025-04-01T16:30:36.939-0500] {processor.py:925} INFO - DAG(s) 'example_python_operator' retrieved from /mnt/d/Universidad/ETL/Proyecto_airflow/venv/lib/python3.12/site-packages/airflow/example_dags/example_python_operator.py
[2025-04-01T16:30:36.958-0500] {logging_mixin.py:190} INFO - [2025-04-01T16:30:36.957-0500] {dag.py:3239} INFO - Sync 1 DAGs
[2025-04-01T16:30:36.967-0500] {logging_mixin.py:190} INFO - [2025-04-01T16:30:36.966-0500] {dag.py:4180} INFO - Setting next_dagrun for example_python_operator to None, run_after=None
[2025-04-01T16:30:37.036-0500] {processor.py:208} INFO - Processing /mnt/d/Universidad/ETL/Proyecto_airflow/venv/lib/python3.12/site-packages/airflow/example_dags/example_python_operator.py took 0.203 seconds
[2025-04-01T16:32:13.739-0500] {processor.py:186} INFO - Started process (PID=4788) to work on /mnt/d/Universidad/ETL/Proyecto_airflow/venv/lib/python3.12/site-packages/airflow/example_dags/example_python_operator.py
[2025-04-01T16:32:13.740-0500] {processor.py:914} INFO - Processing file /mnt/d/Universidad/ETL/Proyecto_airflow/venv/lib/python3.12/site-packages/airflow/example_dags/example_python_operator.py for tasks to queue
[2025-04-01T16:32:13.742-0500] {logging_mixin.py:190} INFO - [2025-04-01T16:32:13.741-0500] {dagbag.py:588} INFO - Filling up the DagBag from /mnt/d/Universidad/ETL/Proyecto_airflow/venv/lib/python3.12/site-packages/airflow/example_dags/example_python_operator.py
[2025-04-01T16:32:13.797-0500] {logging_mixin.py:190} INFO - [2025-04-01T16:32:13.796-0500] {example_python_operator.py:93} WARNING - The virtalenv_python example task requires virtualenv, please install it.
[2025-04-01T16:32:13.836-0500] {processor.py:925} INFO - DAG(s) 'example_python_operator' retrieved from /mnt/d/Universidad/ETL/Proyecto_airflow/venv/lib/python3.12/site-packages/airflow/example_dags/example_python_operator.py
[2025-04-01T16:32:13.856-0500] {logging_mixin.py:190} INFO - [2025-04-01T16:32:13.856-0500] {dag.py:3239} INFO - Sync 1 DAGs
[2025-04-01T16:32:13.867-0500] {logging_mixin.py:190} INFO - [2025-04-01T16:32:13.866-0500] {dag.py:4180} INFO - Setting next_dagrun for example_python_operator to None, run_after=None
[2025-04-01T16:32:13.932-0500] {processor.py:208} INFO - Processing /mnt/d/Universidad/ETL/Proyecto_airflow/venv/lib/python3.12/site-packages/airflow/example_dags/example_python_operator.py took 0.201 seconds
[2025-04-01T16:33:45.920-0500] {processor.py:186} INFO - Started process (PID=4858) to work on /mnt/d/Universidad/ETL/Proyecto_airflow/venv/lib/python3.12/site-packages/airflow/example_dags/example_python_operator.py
[2025-04-01T16:33:45.921-0500] {processor.py:914} INFO - Processing file /mnt/d/Universidad/ETL/Proyecto_airflow/venv/lib/python3.12/site-packages/airflow/example_dags/example_python_operator.py for tasks to queue
[2025-04-01T16:33:45.923-0500] {logging_mixin.py:190} INFO - [2025-04-01T16:33:45.923-0500] {dagbag.py:588} INFO - Filling up the DagBag from /mnt/d/Universidad/ETL/Proyecto_airflow/venv/lib/python3.12/site-packages/airflow/example_dags/example_python_operator.py
[2025-04-01T16:33:45.984-0500] {logging_mixin.py:190} INFO - [2025-04-01T16:33:45.983-0500] {example_python_operator.py:93} WARNING - The virtalenv_python example task requires virtualenv, please install it.
[2025-04-01T16:33:46.028-0500] {processor.py:925} INFO - DAG(s) 'example_python_operator' retrieved from /mnt/d/Universidad/ETL/Proyecto_airflow/venv/lib/python3.12/site-packages/airflow/example_dags/example_python_operator.py
[2025-04-01T16:33:46.050-0500] {logging_mixin.py:190} INFO - [2025-04-01T16:33:46.049-0500] {dag.py:3239} INFO - Sync 1 DAGs
[2025-04-01T16:33:46.061-0500] {logging_mixin.py:190} INFO - [2025-04-01T16:33:46.060-0500] {dag.py:4180} INFO - Setting next_dagrun for example_python_operator to None, run_after=None
[2025-04-01T16:33:46.169-0500] {processor.py:208} INFO - Processing /mnt/d/Universidad/ETL/Proyecto_airflow/venv/lib/python3.12/site-packages/airflow/example_dags/example_python_operator.py took 0.257 seconds
[2025-04-01T16:35:12.025-0500] {processor.py:186} INFO - Started process (PID=4927) to work on /mnt/d/Universidad/ETL/Proyecto_airflow/venv/lib/python3.12/site-packages/airflow/example_dags/example_python_operator.py
[2025-04-01T16:35:12.026-0500] {processor.py:914} INFO - Processing file /mnt/d/Universidad/ETL/Proyecto_airflow/venv/lib/python3.12/site-packages/airflow/example_dags/example_python_operator.py for tasks to queue
[2025-04-01T16:35:12.029-0500] {logging_mixin.py:190} INFO - [2025-04-01T16:35:12.028-0500] {dagbag.py:588} INFO - Filling up the DagBag from /mnt/d/Universidad/ETL/Proyecto_airflow/venv/lib/python3.12/site-packages/airflow/example_dags/example_python_operator.py
[2025-04-01T16:35:12.085-0500] {logging_mixin.py:190} INFO - [2025-04-01T16:35:12.085-0500] {example_python_operator.py:93} WARNING - The virtalenv_python example task requires virtualenv, please install it.
[2025-04-01T16:35:12.123-0500] {processor.py:925} INFO - DAG(s) 'example_python_operator' retrieved from /mnt/d/Universidad/ETL/Proyecto_airflow/venv/lib/python3.12/site-packages/airflow/example_dags/example_python_operator.py
[2025-04-01T16:35:12.144-0500] {logging_mixin.py:190} INFO - [2025-04-01T16:35:12.143-0500] {dag.py:3239} INFO - Sync 1 DAGs
[2025-04-01T16:35:12.154-0500] {logging_mixin.py:190} INFO - [2025-04-01T16:35:12.153-0500] {dag.py:4180} INFO - Setting next_dagrun for example_python_operator to None, run_after=None
[2025-04-01T16:35:12.264-0500] {processor.py:208} INFO - Processing /mnt/d/Universidad/ETL/Proyecto_airflow/venv/lib/python3.12/site-packages/airflow/example_dags/example_python_operator.py took 0.248 seconds
[2025-04-01T16:36:46.589-0500] {processor.py:186} INFO - Started process (PID=4998) to work on /mnt/d/Universidad/ETL/Proyecto_airflow/venv/lib/python3.12/site-packages/airflow/example_dags/example_python_operator.py
[2025-04-01T16:36:46.590-0500] {processor.py:914} INFO - Processing file /mnt/d/Universidad/ETL/Proyecto_airflow/venv/lib/python3.12/site-packages/airflow/example_dags/example_python_operator.py for tasks to queue
[2025-04-01T16:36:46.592-0500] {logging_mixin.py:190} INFO - [2025-04-01T16:36:46.591-0500] {dagbag.py:588} INFO - Filling up the DagBag from /mnt/d/Universidad/ETL/Proyecto_airflow/venv/lib/python3.12/site-packages/airflow/example_dags/example_python_operator.py
[2025-04-01T16:36:46.649-0500] {logging_mixin.py:190} INFO - [2025-04-01T16:36:46.648-0500] {example_python_operator.py:93} WARNING - The virtalenv_python example task requires virtualenv, please install it.
[2025-04-01T16:36:46.687-0500] {processor.py:925} INFO - DAG(s) 'example_python_operator' retrieved from /mnt/d/Universidad/ETL/Proyecto_airflow/venv/lib/python3.12/site-packages/airflow/example_dags/example_python_operator.py
[2025-04-01T16:36:46.706-0500] {logging_mixin.py:190} INFO - [2025-04-01T16:36:46.705-0500] {dag.py:3239} INFO - Sync 1 DAGs
[2025-04-01T16:36:46.715-0500] {logging_mixin.py:190} INFO - [2025-04-01T16:36:46.715-0500] {dag.py:4180} INFO - Setting next_dagrun for example_python_operator to None, run_after=None
[2025-04-01T16:36:46.813-0500] {processor.py:208} INFO - Processing /mnt/d/Universidad/ETL/Proyecto_airflow/venv/lib/python3.12/site-packages/airflow/example_dags/example_python_operator.py took 0.232 seconds
[2025-04-01T16:38:16.433-0500] {processor.py:186} INFO - Started process (PID=5067) to work on /mnt/d/Universidad/ETL/Proyecto_airflow/venv/lib/python3.12/site-packages/airflow/example_dags/example_python_operator.py
[2025-04-01T16:38:16.434-0500] {processor.py:914} INFO - Processing file /mnt/d/Universidad/ETL/Proyecto_airflow/venv/lib/python3.12/site-packages/airflow/example_dags/example_python_operator.py for tasks to queue
[2025-04-01T16:38:16.436-0500] {logging_mixin.py:190} INFO - [2025-04-01T16:38:16.435-0500] {dagbag.py:588} INFO - Filling up the DagBag from /mnt/d/Universidad/ETL/Proyecto_airflow/venv/lib/python3.12/site-packages/airflow/example_dags/example_python_operator.py
[2025-04-01T16:38:16.492-0500] {logging_mixin.py:190} INFO - [2025-04-01T16:38:16.492-0500] {example_python_operator.py:93} WARNING - The virtalenv_python example task requires virtualenv, please install it.
[2025-04-01T16:38:16.531-0500] {processor.py:925} INFO - DAG(s) 'example_python_operator' retrieved from /mnt/d/Universidad/ETL/Proyecto_airflow/venv/lib/python3.12/site-packages/airflow/example_dags/example_python_operator.py
[2025-04-01T16:38:16.550-0500] {logging_mixin.py:190} INFO - [2025-04-01T16:38:16.549-0500] {dag.py:3239} INFO - Sync 1 DAGs
[2025-04-01T16:38:16.559-0500] {logging_mixin.py:190} INFO - [2025-04-01T16:38:16.558-0500] {dag.py:4180} INFO - Setting next_dagrun for example_python_operator to None, run_after=None
[2025-04-01T16:38:16.661-0500] {processor.py:208} INFO - Processing /mnt/d/Universidad/ETL/Proyecto_airflow/venv/lib/python3.12/site-packages/airflow/example_dags/example_python_operator.py took 0.237 seconds
[2025-04-01T16:39:49.443-0500] {processor.py:186} INFO - Started process (PID=5138) to work on /mnt/d/Universidad/ETL/Proyecto_airflow/venv/lib/python3.12/site-packages/airflow/example_dags/example_python_operator.py
[2025-04-01T16:39:49.444-0500] {processor.py:914} INFO - Processing file /mnt/d/Universidad/ETL/Proyecto_airflow/venv/lib/python3.12/site-packages/airflow/example_dags/example_python_operator.py for tasks to queue
[2025-04-01T16:39:49.446-0500] {logging_mixin.py:190} INFO - [2025-04-01T16:39:49.446-0500] {dagbag.py:588} INFO - Filling up the DagBag from /mnt/d/Universidad/ETL/Proyecto_airflow/venv/lib/python3.12/site-packages/airflow/example_dags/example_python_operator.py
[2025-04-01T16:39:49.502-0500] {logging_mixin.py:190} INFO - [2025-04-01T16:39:49.502-0500] {example_python_operator.py:93} WARNING - The virtalenv_python example task requires virtualenv, please install it.
[2025-04-01T16:39:49.540-0500] {processor.py:925} INFO - DAG(s) 'example_python_operator' retrieved from /mnt/d/Universidad/ETL/Proyecto_airflow/venv/lib/python3.12/site-packages/airflow/example_dags/example_python_operator.py
[2025-04-01T16:39:49.560-0500] {logging_mixin.py:190} INFO - [2025-04-01T16:39:49.559-0500] {dag.py:3239} INFO - Sync 1 DAGs
[2025-04-01T16:39:49.570-0500] {logging_mixin.py:190} INFO - [2025-04-01T16:39:49.569-0500] {dag.py:4180} INFO - Setting next_dagrun for example_python_operator to None, run_after=None
[2025-04-01T16:39:49.668-0500] {processor.py:208} INFO - Processing /mnt/d/Universidad/ETL/Proyecto_airflow/venv/lib/python3.12/site-packages/airflow/example_dags/example_python_operator.py took 0.233 seconds
[2025-04-01T16:41:28.492-0500] {processor.py:186} INFO - Started process (PID=5212) to work on /mnt/d/Universidad/ETL/Proyecto_airflow/venv/lib/python3.12/site-packages/airflow/example_dags/example_python_operator.py
[2025-04-01T16:41:28.493-0500] {processor.py:914} INFO - Processing file /mnt/d/Universidad/ETL/Proyecto_airflow/venv/lib/python3.12/site-packages/airflow/example_dags/example_python_operator.py for tasks to queue
[2025-04-01T16:41:28.495-0500] {logging_mixin.py:190} INFO - [2025-04-01T16:41:28.494-0500] {dagbag.py:588} INFO - Filling up the DagBag from /mnt/d/Universidad/ETL/Proyecto_airflow/venv/lib/python3.12/site-packages/airflow/example_dags/example_python_operator.py
[2025-04-01T16:41:28.551-0500] {logging_mixin.py:190} INFO - [2025-04-01T16:41:28.551-0500] {example_python_operator.py:93} WARNING - The virtalenv_python example task requires virtualenv, please install it.
[2025-04-01T16:41:28.590-0500] {processor.py:925} INFO - DAG(s) 'example_python_operator' retrieved from /mnt/d/Universidad/ETL/Proyecto_airflow/venv/lib/python3.12/site-packages/airflow/example_dags/example_python_operator.py
[2025-04-01T16:41:28.610-0500] {logging_mixin.py:190} INFO - [2025-04-01T16:41:28.610-0500] {dag.py:3239} INFO - Sync 1 DAGs
[2025-04-01T16:41:28.620-0500] {logging_mixin.py:190} INFO - [2025-04-01T16:41:28.619-0500] {dag.py:4180} INFO - Setting next_dagrun for example_python_operator to None, run_after=None
[2025-04-01T16:41:28.715-0500] {processor.py:208} INFO - Processing /mnt/d/Universidad/ETL/Proyecto_airflow/venv/lib/python3.12/site-packages/airflow/example_dags/example_python_operator.py took 0.231 seconds
[2025-04-01T16:43:00.954-0500] {processor.py:186} INFO - Started process (PID=5282) to work on /mnt/d/Universidad/ETL/Proyecto_airflow/venv/lib/python3.12/site-packages/airflow/example_dags/example_python_operator.py
[2025-04-01T16:43:00.955-0500] {processor.py:914} INFO - Processing file /mnt/d/Universidad/ETL/Proyecto_airflow/venv/lib/python3.12/site-packages/airflow/example_dags/example_python_operator.py for tasks to queue
[2025-04-01T16:43:00.957-0500] {logging_mixin.py:190} INFO - [2025-04-01T16:43:00.956-0500] {dagbag.py:588} INFO - Filling up the DagBag from /mnt/d/Universidad/ETL/Proyecto_airflow/venv/lib/python3.12/site-packages/airflow/example_dags/example_python_operator.py
[2025-04-01T16:43:01.012-0500] {logging_mixin.py:190} INFO - [2025-04-01T16:43:01.012-0500] {example_python_operator.py:93} WARNING - The virtalenv_python example task requires virtualenv, please install it.
[2025-04-01T16:43:01.050-0500] {processor.py:925} INFO - DAG(s) 'example_python_operator' retrieved from /mnt/d/Universidad/ETL/Proyecto_airflow/venv/lib/python3.12/site-packages/airflow/example_dags/example_python_operator.py
[2025-04-01T16:43:01.068-0500] {logging_mixin.py:190} INFO - [2025-04-01T16:43:01.068-0500] {dag.py:3239} INFO - Sync 1 DAGs
[2025-04-01T16:43:01.077-0500] {logging_mixin.py:190} INFO - [2025-04-01T16:43:01.077-0500] {dag.py:4180} INFO - Setting next_dagrun for example_python_operator to None, run_after=None
[2025-04-01T16:43:01.210-0500] {processor.py:208} INFO - Processing /mnt/d/Universidad/ETL/Proyecto_airflow/venv/lib/python3.12/site-packages/airflow/example_dags/example_python_operator.py took 0.264 seconds
[2025-04-01T16:44:33.595-0500] {processor.py:186} INFO - Started process (PID=5353) to work on /mnt/d/Universidad/ETL/Proyecto_airflow/venv/lib/python3.12/site-packages/airflow/example_dags/example_python_operator.py
[2025-04-01T16:44:33.597-0500] {processor.py:914} INFO - Processing file /mnt/d/Universidad/ETL/Proyecto_airflow/venv/lib/python3.12/site-packages/airflow/example_dags/example_python_operator.py for tasks to queue
[2025-04-01T16:44:33.599-0500] {logging_mixin.py:190} INFO - [2025-04-01T16:44:33.598-0500] {dagbag.py:588} INFO - Filling up the DagBag from /mnt/d/Universidad/ETL/Proyecto_airflow/venv/lib/python3.12/site-packages/airflow/example_dags/example_python_operator.py
[2025-04-01T16:44:33.653-0500] {logging_mixin.py:190} INFO - [2025-04-01T16:44:33.653-0500] {example_python_operator.py:93} WARNING - The virtalenv_python example task requires virtualenv, please install it.
[2025-04-01T16:44:33.691-0500] {processor.py:925} INFO - DAG(s) 'example_python_operator' retrieved from /mnt/d/Universidad/ETL/Proyecto_airflow/venv/lib/python3.12/site-packages/airflow/example_dags/example_python_operator.py
[2025-04-01T16:44:33.710-0500] {logging_mixin.py:190} INFO - [2025-04-01T16:44:33.710-0500] {dag.py:3239} INFO - Sync 1 DAGs
[2025-04-01T16:44:33.719-0500] {logging_mixin.py:190} INFO - [2025-04-01T16:44:33.719-0500] {dag.py:4180} INFO - Setting next_dagrun for example_python_operator to None, run_after=None
[2025-04-01T16:44:33.808-0500] {processor.py:208} INFO - Processing /mnt/d/Universidad/ETL/Proyecto_airflow/venv/lib/python3.12/site-packages/airflow/example_dags/example_python_operator.py took 0.220 seconds
[2025-04-01T16:46:12.609-0500] {processor.py:186} INFO - Started process (PID=5426) to work on /mnt/d/Universidad/ETL/Proyecto_airflow/venv/lib/python3.12/site-packages/airflow/example_dags/example_python_operator.py
[2025-04-01T16:46:12.610-0500] {processor.py:914} INFO - Processing file /mnt/d/Universidad/ETL/Proyecto_airflow/venv/lib/python3.12/site-packages/airflow/example_dags/example_python_operator.py for tasks to queue
[2025-04-01T16:46:12.612-0500] {logging_mixin.py:190} INFO - [2025-04-01T16:46:12.611-0500] {dagbag.py:588} INFO - Filling up the DagBag from /mnt/d/Universidad/ETL/Proyecto_airflow/venv/lib/python3.12/site-packages/airflow/example_dags/example_python_operator.py
[2025-04-01T16:46:12.668-0500] {logging_mixin.py:190} INFO - [2025-04-01T16:46:12.667-0500] {example_python_operator.py:93} WARNING - The virtalenv_python example task requires virtualenv, please install it.
[2025-04-01T16:46:12.705-0500] {processor.py:925} INFO - DAG(s) 'example_python_operator' retrieved from /mnt/d/Universidad/ETL/Proyecto_airflow/venv/lib/python3.12/site-packages/airflow/example_dags/example_python_operator.py
[2025-04-01T16:46:12.723-0500] {logging_mixin.py:190} INFO - [2025-04-01T16:46:12.722-0500] {dag.py:3239} INFO - Sync 1 DAGs
[2025-04-01T16:46:12.732-0500] {logging_mixin.py:190} INFO - [2025-04-01T16:46:12.731-0500] {dag.py:4180} INFO - Setting next_dagrun for example_python_operator to None, run_after=None
[2025-04-01T16:46:12.831-0500] {processor.py:208} INFO - Processing /mnt/d/Universidad/ETL/Proyecto_airflow/venv/lib/python3.12/site-packages/airflow/example_dags/example_python_operator.py took 0.229 seconds
[2025-04-01T16:47:48.280-0500] {processor.py:186} INFO - Started process (PID=5498) to work on /mnt/d/Universidad/ETL/Proyecto_airflow/venv/lib/python3.12/site-packages/airflow/example_dags/example_python_operator.py
[2025-04-01T16:47:48.281-0500] {processor.py:914} INFO - Processing file /mnt/d/Universidad/ETL/Proyecto_airflow/venv/lib/python3.12/site-packages/airflow/example_dags/example_python_operator.py for tasks to queue
[2025-04-01T16:47:48.283-0500] {logging_mixin.py:190} INFO - [2025-04-01T16:47:48.283-0500] {dagbag.py:588} INFO - Filling up the DagBag from /mnt/d/Universidad/ETL/Proyecto_airflow/venv/lib/python3.12/site-packages/airflow/example_dags/example_python_operator.py
[2025-04-01T16:47:48.340-0500] {logging_mixin.py:190} INFO - [2025-04-01T16:47:48.339-0500] {example_python_operator.py:93} WARNING - The virtalenv_python example task requires virtualenv, please install it.
[2025-04-01T16:47:48.379-0500] {processor.py:925} INFO - DAG(s) 'example_python_operator' retrieved from /mnt/d/Universidad/ETL/Proyecto_airflow/venv/lib/python3.12/site-packages/airflow/example_dags/example_python_operator.py
[2025-04-01T16:47:48.398-0500] {logging_mixin.py:190} INFO - [2025-04-01T16:47:48.397-0500] {dag.py:3239} INFO - Sync 1 DAGs
[2025-04-01T16:47:48.407-0500] {logging_mixin.py:190} INFO - [2025-04-01T16:47:48.407-0500] {dag.py:4180} INFO - Setting next_dagrun for example_python_operator to None, run_after=None
[2025-04-01T16:47:48.513-0500] {processor.py:208} INFO - Processing /mnt/d/Universidad/ETL/Proyecto_airflow/venv/lib/python3.12/site-packages/airflow/example_dags/example_python_operator.py took 0.240 seconds
[2025-04-01T16:49:18.499-0500] {processor.py:186} INFO - Started process (PID=5567) to work on /mnt/d/Universidad/ETL/Proyecto_airflow/venv/lib/python3.12/site-packages/airflow/example_dags/example_python_operator.py
[2025-04-01T16:49:18.500-0500] {processor.py:914} INFO - Processing file /mnt/d/Universidad/ETL/Proyecto_airflow/venv/lib/python3.12/site-packages/airflow/example_dags/example_python_operator.py for tasks to queue
[2025-04-01T16:49:18.502-0500] {logging_mixin.py:190} INFO - [2025-04-01T16:49:18.502-0500] {dagbag.py:588} INFO - Filling up the DagBag from /mnt/d/Universidad/ETL/Proyecto_airflow/venv/lib/python3.12/site-packages/airflow/example_dags/example_python_operator.py
[2025-04-01T16:49:18.558-0500] {logging_mixin.py:190} INFO - [2025-04-01T16:49:18.557-0500] {example_python_operator.py:93} WARNING - The virtalenv_python example task requires virtualenv, please install it.
[2025-04-01T16:49:18.595-0500] {processor.py:925} INFO - DAG(s) 'example_python_operator' retrieved from /mnt/d/Universidad/ETL/Proyecto_airflow/venv/lib/python3.12/site-packages/airflow/example_dags/example_python_operator.py
[2025-04-01T16:49:18.613-0500] {logging_mixin.py:190} INFO - [2025-04-01T16:49:18.613-0500] {dag.py:3239} INFO - Sync 1 DAGs
[2025-04-01T16:49:18.622-0500] {logging_mixin.py:190} INFO - [2025-04-01T16:49:18.622-0500] {dag.py:4180} INFO - Setting next_dagrun for example_python_operator to None, run_after=None
[2025-04-01T16:49:18.703-0500] {processor.py:208} INFO - Processing /mnt/d/Universidad/ETL/Proyecto_airflow/venv/lib/python3.12/site-packages/airflow/example_dags/example_python_operator.py took 0.212 seconds
[2025-04-01T16:50:47.419-0500] {processor.py:186} INFO - Started process (PID=5636) to work on /mnt/d/Universidad/ETL/Proyecto_airflow/venv/lib/python3.12/site-packages/airflow/example_dags/example_python_operator.py
[2025-04-01T16:50:47.420-0500] {processor.py:914} INFO - Processing file /mnt/d/Universidad/ETL/Proyecto_airflow/venv/lib/python3.12/site-packages/airflow/example_dags/example_python_operator.py for tasks to queue
[2025-04-01T16:50:47.422-0500] {logging_mixin.py:190} INFO - [2025-04-01T16:50:47.422-0500] {dagbag.py:588} INFO - Filling up the DagBag from /mnt/d/Universidad/ETL/Proyecto_airflow/venv/lib/python3.12/site-packages/airflow/example_dags/example_python_operator.py
[2025-04-01T16:50:47.476-0500] {logging_mixin.py:190} INFO - [2025-04-01T16:50:47.476-0500] {example_python_operator.py:93} WARNING - The virtalenv_python example task requires virtualenv, please install it.
[2025-04-01T16:50:47.513-0500] {processor.py:925} INFO - DAG(s) 'example_python_operator' retrieved from /mnt/d/Universidad/ETL/Proyecto_airflow/venv/lib/python3.12/site-packages/airflow/example_dags/example_python_operator.py
[2025-04-01T16:50:47.533-0500] {logging_mixin.py:190} INFO - [2025-04-01T16:50:47.532-0500] {dag.py:3239} INFO - Sync 1 DAGs
[2025-04-01T16:50:47.543-0500] {logging_mixin.py:190} INFO - [2025-04-01T16:50:47.542-0500] {dag.py:4180} INFO - Setting next_dagrun for example_python_operator to None, run_after=None
[2025-04-01T16:50:47.645-0500] {processor.py:208} INFO - Processing /mnt/d/Universidad/ETL/Proyecto_airflow/venv/lib/python3.12/site-packages/airflow/example_dags/example_python_operator.py took 0.233 seconds
[2025-04-01T16:52:29.046-0500] {processor.py:186} INFO - Started process (PID=5710) to work on /mnt/d/Universidad/ETL/Proyecto_airflow/venv/lib/python3.12/site-packages/airflow/example_dags/example_python_operator.py
[2025-04-01T16:52:29.048-0500] {processor.py:914} INFO - Processing file /mnt/d/Universidad/ETL/Proyecto_airflow/venv/lib/python3.12/site-packages/airflow/example_dags/example_python_operator.py for tasks to queue
[2025-04-01T16:52:29.050-0500] {logging_mixin.py:190} INFO - [2025-04-01T16:52:29.049-0500] {dagbag.py:588} INFO - Filling up the DagBag from /mnt/d/Universidad/ETL/Proyecto_airflow/venv/lib/python3.12/site-packages/airflow/example_dags/example_python_operator.py
[2025-04-01T16:52:29.107-0500] {logging_mixin.py:190} INFO - [2025-04-01T16:52:29.106-0500] {example_python_operator.py:93} WARNING - The virtalenv_python example task requires virtualenv, please install it.
[2025-04-01T16:52:29.145-0500] {processor.py:925} INFO - DAG(s) 'example_python_operator' retrieved from /mnt/d/Universidad/ETL/Proyecto_airflow/venv/lib/python3.12/site-packages/airflow/example_dags/example_python_operator.py
[2025-04-01T16:52:29.165-0500] {logging_mixin.py:190} INFO - [2025-04-01T16:52:29.165-0500] {dag.py:3239} INFO - Sync 1 DAGs
[2025-04-01T16:52:29.176-0500] {logging_mixin.py:190} INFO - [2025-04-01T16:52:29.175-0500] {dag.py:4180} INFO - Setting next_dagrun for example_python_operator to None, run_after=None
[2025-04-01T16:52:29.284-0500] {processor.py:208} INFO - Processing /mnt/d/Universidad/ETL/Proyecto_airflow/venv/lib/python3.12/site-packages/airflow/example_dags/example_python_operator.py took 0.246 seconds
[2025-04-01T16:54:01.922-0500] {processor.py:186} INFO - Started process (PID=5782) to work on /mnt/d/Universidad/ETL/Proyecto_airflow/venv/lib/python3.12/site-packages/airflow/example_dags/example_python_operator.py
[2025-04-01T16:54:01.923-0500] {processor.py:914} INFO - Processing file /mnt/d/Universidad/ETL/Proyecto_airflow/venv/lib/python3.12/site-packages/airflow/example_dags/example_python_operator.py for tasks to queue
[2025-04-01T16:54:01.925-0500] {logging_mixin.py:190} INFO - [2025-04-01T16:54:01.925-0500] {dagbag.py:588} INFO - Filling up the DagBag from /mnt/d/Universidad/ETL/Proyecto_airflow/venv/lib/python3.12/site-packages/airflow/example_dags/example_python_operator.py
[2025-04-01T16:54:01.981-0500] {logging_mixin.py:190} INFO - [2025-04-01T16:54:01.981-0500] {example_python_operator.py:93} WARNING - The virtalenv_python example task requires virtualenv, please install it.
[2025-04-01T16:54:02.019-0500] {processor.py:925} INFO - DAG(s) 'example_python_operator' retrieved from /mnt/d/Universidad/ETL/Proyecto_airflow/venv/lib/python3.12/site-packages/airflow/example_dags/example_python_operator.py
[2025-04-01T16:54:02.038-0500] {logging_mixin.py:190} INFO - [2025-04-01T16:54:02.037-0500] {dag.py:3239} INFO - Sync 1 DAGs
[2025-04-01T16:54:02.047-0500] {logging_mixin.py:190} INFO - [2025-04-01T16:54:02.046-0500] {dag.py:4180} INFO - Setting next_dagrun for example_python_operator to None, run_after=None
[2025-04-01T16:54:02.155-0500] {processor.py:208} INFO - Processing /mnt/d/Universidad/ETL/Proyecto_airflow/venv/lib/python3.12/site-packages/airflow/example_dags/example_python_operator.py took 0.241 seconds
[2025-04-01T16:55:36.351-0500] {processor.py:186} INFO - Started process (PID=5853) to work on /mnt/d/Universidad/ETL/Proyecto_airflow/venv/lib/python3.12/site-packages/airflow/example_dags/example_python_operator.py
[2025-04-01T16:55:36.352-0500] {processor.py:914} INFO - Processing file /mnt/d/Universidad/ETL/Proyecto_airflow/venv/lib/python3.12/site-packages/airflow/example_dags/example_python_operator.py for tasks to queue
[2025-04-01T16:55:36.354-0500] {logging_mixin.py:190} INFO - [2025-04-01T16:55:36.354-0500] {dagbag.py:588} INFO - Filling up the DagBag from /mnt/d/Universidad/ETL/Proyecto_airflow/venv/lib/python3.12/site-packages/airflow/example_dags/example_python_operator.py
[2025-04-01T16:55:36.409-0500] {logging_mixin.py:190} INFO - [2025-04-01T16:55:36.408-0500] {example_python_operator.py:93} WARNING - The virtalenv_python example task requires virtualenv, please install it.
[2025-04-01T16:55:36.448-0500] {processor.py:925} INFO - DAG(s) 'example_python_operator' retrieved from /mnt/d/Universidad/ETL/Proyecto_airflow/venv/lib/python3.12/site-packages/airflow/example_dags/example_python_operator.py
[2025-04-01T16:55:36.469-0500] {logging_mixin.py:190} INFO - [2025-04-01T16:55:36.468-0500] {dag.py:3239} INFO - Sync 1 DAGs
[2025-04-01T16:55:36.478-0500] {logging_mixin.py:190} INFO - [2025-04-01T16:55:36.478-0500] {dag.py:4180} INFO - Setting next_dagrun for example_python_operator to None, run_after=None
[2025-04-01T16:55:36.606-0500] {processor.py:208} INFO - Processing /mnt/d/Universidad/ETL/Proyecto_airflow/venv/lib/python3.12/site-packages/airflow/example_dags/example_python_operator.py took 0.262 seconds
[2025-04-01T16:57:12.487-0500] {processor.py:186} INFO - Started process (PID=5925) to work on /mnt/d/Universidad/ETL/Proyecto_airflow/venv/lib/python3.12/site-packages/airflow/example_dags/example_python_operator.py
[2025-04-01T16:57:12.488-0500] {processor.py:914} INFO - Processing file /mnt/d/Universidad/ETL/Proyecto_airflow/venv/lib/python3.12/site-packages/airflow/example_dags/example_python_operator.py for tasks to queue
[2025-04-01T16:57:12.490-0500] {logging_mixin.py:190} INFO - [2025-04-01T16:57:12.489-0500] {dagbag.py:588} INFO - Filling up the DagBag from /mnt/d/Universidad/ETL/Proyecto_airflow/venv/lib/python3.12/site-packages/airflow/example_dags/example_python_operator.py
[2025-04-01T16:57:12.545-0500] {logging_mixin.py:190} INFO - [2025-04-01T16:57:12.545-0500] {example_python_operator.py:93} WARNING - The virtalenv_python example task requires virtualenv, please install it.
[2025-04-01T16:57:12.583-0500] {processor.py:925} INFO - DAG(s) 'example_python_operator' retrieved from /mnt/d/Universidad/ETL/Proyecto_airflow/venv/lib/python3.12/site-packages/airflow/example_dags/example_python_operator.py
[2025-04-01T16:57:12.602-0500] {logging_mixin.py:190} INFO - [2025-04-01T16:57:12.601-0500] {dag.py:3239} INFO - Sync 1 DAGs
[2025-04-01T16:57:12.611-0500] {logging_mixin.py:190} INFO - [2025-04-01T16:57:12.610-0500] {dag.py:4180} INFO - Setting next_dagrun for example_python_operator to None, run_after=None
[2025-04-01T16:57:12.717-0500] {processor.py:208} INFO - Processing /mnt/d/Universidad/ETL/Proyecto_airflow/venv/lib/python3.12/site-packages/airflow/example_dags/example_python_operator.py took 0.238 seconds
[2025-04-01T16:58:42.434-0500] {processor.py:186} INFO - Started process (PID=5995) to work on /mnt/d/Universidad/ETL/Proyecto_airflow/venv/lib/python3.12/site-packages/airflow/example_dags/example_python_operator.py
[2025-04-01T16:58:42.435-0500] {processor.py:914} INFO - Processing file /mnt/d/Universidad/ETL/Proyecto_airflow/venv/lib/python3.12/site-packages/airflow/example_dags/example_python_operator.py for tasks to queue
[2025-04-01T16:58:42.438-0500] {logging_mixin.py:190} INFO - [2025-04-01T16:58:42.437-0500] {dagbag.py:588} INFO - Filling up the DagBag from /mnt/d/Universidad/ETL/Proyecto_airflow/venv/lib/python3.12/site-packages/airflow/example_dags/example_python_operator.py
[2025-04-01T16:58:42.493-0500] {logging_mixin.py:190} INFO - [2025-04-01T16:58:42.492-0500] {example_python_operator.py:93} WARNING - The virtalenv_python example task requires virtualenv, please install it.
[2025-04-01T16:58:42.530-0500] {processor.py:925} INFO - DAG(s) 'example_python_operator' retrieved from /mnt/d/Universidad/ETL/Proyecto_airflow/venv/lib/python3.12/site-packages/airflow/example_dags/example_python_operator.py
[2025-04-01T16:58:42.549-0500] {logging_mixin.py:190} INFO - [2025-04-01T16:58:42.549-0500] {dag.py:3239} INFO - Sync 1 DAGs
[2025-04-01T16:58:42.559-0500] {logging_mixin.py:190} INFO - [2025-04-01T16:58:42.558-0500] {dag.py:4180} INFO - Setting next_dagrun for example_python_operator to None, run_after=None
[2025-04-01T16:58:42.664-0500] {processor.py:208} INFO - Processing /mnt/d/Universidad/ETL/Proyecto_airflow/venv/lib/python3.12/site-packages/airflow/example_dags/example_python_operator.py took 0.237 seconds
[2025-04-01T17:00:20.537-0500] {processor.py:186} INFO - Started process (PID=6066) to work on /mnt/d/Universidad/ETL/Proyecto_airflow/venv/lib/python3.12/site-packages/airflow/example_dags/example_python_operator.py
[2025-04-01T17:00:20.538-0500] {processor.py:914} INFO - Processing file /mnt/d/Universidad/ETL/Proyecto_airflow/venv/lib/python3.12/site-packages/airflow/example_dags/example_python_operator.py for tasks to queue
[2025-04-01T17:00:20.540-0500] {logging_mixin.py:190} INFO - [2025-04-01T17:00:20.539-0500] {dagbag.py:588} INFO - Filling up the DagBag from /mnt/d/Universidad/ETL/Proyecto_airflow/venv/lib/python3.12/site-packages/airflow/example_dags/example_python_operator.py
[2025-04-01T17:00:20.596-0500] {logging_mixin.py:190} INFO - [2025-04-01T17:00:20.595-0500] {example_python_operator.py:93} WARNING - The virtalenv_python example task requires virtualenv, please install it.
[2025-04-01T17:00:20.633-0500] {processor.py:925} INFO - DAG(s) 'example_python_operator' retrieved from /mnt/d/Universidad/ETL/Proyecto_airflow/venv/lib/python3.12/site-packages/airflow/example_dags/example_python_operator.py
[2025-04-01T17:00:20.651-0500] {logging_mixin.py:190} INFO - [2025-04-01T17:00:20.650-0500] {dag.py:3239} INFO - Sync 1 DAGs
[2025-04-01T17:00:20.660-0500] {logging_mixin.py:190} INFO - [2025-04-01T17:00:20.659-0500] {dag.py:4180} INFO - Setting next_dagrun for example_python_operator to None, run_after=None
[2025-04-01T17:00:20.763-0500] {processor.py:208} INFO - Processing /mnt/d/Universidad/ETL/Proyecto_airflow/venv/lib/python3.12/site-packages/airflow/example_dags/example_python_operator.py took 0.234 seconds
[2025-04-01T17:01:55.509-0500] {processor.py:186} INFO - Started process (PID=6137) to work on /mnt/d/Universidad/ETL/Proyecto_airflow/venv/lib/python3.12/site-packages/airflow/example_dags/example_python_operator.py
[2025-04-01T17:01:55.511-0500] {processor.py:914} INFO - Processing file /mnt/d/Universidad/ETL/Proyecto_airflow/venv/lib/python3.12/site-packages/airflow/example_dags/example_python_operator.py for tasks to queue
[2025-04-01T17:01:55.513-0500] {logging_mixin.py:190} INFO - [2025-04-01T17:01:55.512-0500] {dagbag.py:588} INFO - Filling up the DagBag from /mnt/d/Universidad/ETL/Proyecto_airflow/venv/lib/python3.12/site-packages/airflow/example_dags/example_python_operator.py
[2025-04-01T17:01:55.567-0500] {logging_mixin.py:190} INFO - [2025-04-01T17:01:55.566-0500] {example_python_operator.py:93} WARNING - The virtalenv_python example task requires virtualenv, please install it.
[2025-04-01T17:01:55.604-0500] {processor.py:925} INFO - DAG(s) 'example_python_operator' retrieved from /mnt/d/Universidad/ETL/Proyecto_airflow/venv/lib/python3.12/site-packages/airflow/example_dags/example_python_operator.py
[2025-04-01T17:01:55.624-0500] {logging_mixin.py:190} INFO - [2025-04-01T17:01:55.623-0500] {dag.py:3239} INFO - Sync 1 DAGs
[2025-04-01T17:01:55.633-0500] {logging_mixin.py:190} INFO - [2025-04-01T17:01:55.633-0500] {dag.py:4180} INFO - Setting next_dagrun for example_python_operator to None, run_after=None
[2025-04-01T17:01:55.745-0500] {processor.py:208} INFO - Processing /mnt/d/Universidad/ETL/Proyecto_airflow/venv/lib/python3.12/site-packages/airflow/example_dags/example_python_operator.py took 0.243 seconds
[2025-04-01T17:03:30.181-0500] {processor.py:186} INFO - Started process (PID=6209) to work on /mnt/d/Universidad/ETL/Proyecto_airflow/venv/lib/python3.12/site-packages/airflow/example_dags/example_python_operator.py
[2025-04-01T17:03:30.182-0500] {processor.py:914} INFO - Processing file /mnt/d/Universidad/ETL/Proyecto_airflow/venv/lib/python3.12/site-packages/airflow/example_dags/example_python_operator.py for tasks to queue
[2025-04-01T17:03:30.184-0500] {logging_mixin.py:190} INFO - [2025-04-01T17:03:30.184-0500] {dagbag.py:588} INFO - Filling up the DagBag from /mnt/d/Universidad/ETL/Proyecto_airflow/venv/lib/python3.12/site-packages/airflow/example_dags/example_python_operator.py
[2025-04-01T17:03:30.238-0500] {logging_mixin.py:190} INFO - [2025-04-01T17:03:30.238-0500] {example_python_operator.py:93} WARNING - The virtalenv_python example task requires virtualenv, please install it.
[2025-04-01T17:03:30.276-0500] {processor.py:925} INFO - DAG(s) 'example_python_operator' retrieved from /mnt/d/Universidad/ETL/Proyecto_airflow/venv/lib/python3.12/site-packages/airflow/example_dags/example_python_operator.py
[2025-04-01T17:03:30.294-0500] {logging_mixin.py:190} INFO - [2025-04-01T17:03:30.294-0500] {dag.py:3239} INFO - Sync 1 DAGs
[2025-04-01T17:03:30.303-0500] {logging_mixin.py:190} INFO - [2025-04-01T17:03:30.303-0500] {dag.py:4180} INFO - Setting next_dagrun for example_python_operator to None, run_after=None
[2025-04-01T17:03:30.413-0500] {processor.py:208} INFO - Processing /mnt/d/Universidad/ETL/Proyecto_airflow/venv/lib/python3.12/site-packages/airflow/example_dags/example_python_operator.py took 0.240 seconds
[2025-04-01T17:05:03.457-0500] {processor.py:186} INFO - Started process (PID=6278) to work on /mnt/d/Universidad/ETL/Proyecto_airflow/venv/lib/python3.12/site-packages/airflow/example_dags/example_python_operator.py
[2025-04-01T17:05:03.458-0500] {processor.py:914} INFO - Processing file /mnt/d/Universidad/ETL/Proyecto_airflow/venv/lib/python3.12/site-packages/airflow/example_dags/example_python_operator.py for tasks to queue
[2025-04-01T17:05:03.460-0500] {logging_mixin.py:190} INFO - [2025-04-01T17:05:03.459-0500] {dagbag.py:588} INFO - Filling up the DagBag from /mnt/d/Universidad/ETL/Proyecto_airflow/venv/lib/python3.12/site-packages/airflow/example_dags/example_python_operator.py
[2025-04-01T17:05:03.515-0500] {logging_mixin.py:190} INFO - [2025-04-01T17:05:03.514-0500] {example_python_operator.py:93} WARNING - The virtalenv_python example task requires virtualenv, please install it.
[2025-04-01T17:05:03.551-0500] {processor.py:925} INFO - DAG(s) 'example_python_operator' retrieved from /mnt/d/Universidad/ETL/Proyecto_airflow/venv/lib/python3.12/site-packages/airflow/example_dags/example_python_operator.py
[2025-04-01T17:05:03.569-0500] {logging_mixin.py:190} INFO - [2025-04-01T17:05:03.569-0500] {dag.py:3239} INFO - Sync 1 DAGs
[2025-04-01T17:05:03.578-0500] {logging_mixin.py:190} INFO - [2025-04-01T17:05:03.577-0500] {dag.py:4180} INFO - Setting next_dagrun for example_python_operator to None, run_after=None
[2025-04-01T17:05:03.680-0500] {processor.py:208} INFO - Processing /mnt/d/Universidad/ETL/Proyecto_airflow/venv/lib/python3.12/site-packages/airflow/example_dags/example_python_operator.py took 0.231 seconds
[2025-04-01T17:06:47.278-0500] {processor.py:186} INFO - Started process (PID=6353) to work on /mnt/d/Universidad/ETL/Proyecto_airflow/venv/lib/python3.12/site-packages/airflow/example_dags/example_python_operator.py
[2025-04-01T17:06:47.279-0500] {processor.py:914} INFO - Processing file /mnt/d/Universidad/ETL/Proyecto_airflow/venv/lib/python3.12/site-packages/airflow/example_dags/example_python_operator.py for tasks to queue
[2025-04-01T17:06:47.282-0500] {logging_mixin.py:190} INFO - [2025-04-01T17:06:47.281-0500] {dagbag.py:588} INFO - Filling up the DagBag from /mnt/d/Universidad/ETL/Proyecto_airflow/venv/lib/python3.12/site-packages/airflow/example_dags/example_python_operator.py
[2025-04-01T17:06:47.336-0500] {logging_mixin.py:190} INFO - [2025-04-01T17:06:47.335-0500] {example_python_operator.py:93} WARNING - The virtalenv_python example task requires virtualenv, please install it.
[2025-04-01T17:06:47.374-0500] {processor.py:925} INFO - DAG(s) 'example_python_operator' retrieved from /mnt/d/Universidad/ETL/Proyecto_airflow/venv/lib/python3.12/site-packages/airflow/example_dags/example_python_operator.py
[2025-04-01T17:06:47.392-0500] {logging_mixin.py:190} INFO - [2025-04-01T17:06:47.391-0500] {dag.py:3239} INFO - Sync 1 DAGs
[2025-04-01T17:06:47.401-0500] {logging_mixin.py:190} INFO - [2025-04-01T17:06:47.400-0500] {dag.py:4180} INFO - Setting next_dagrun for example_python_operator to None, run_after=None
[2025-04-01T17:06:47.498-0500] {processor.py:208} INFO - Processing /mnt/d/Universidad/ETL/Proyecto_airflow/venv/lib/python3.12/site-packages/airflow/example_dags/example_python_operator.py took 0.228 seconds
[2025-04-01T17:08:17.521-0500] {processor.py:186} INFO - Started process (PID=6425) to work on /mnt/d/Universidad/ETL/Proyecto_airflow/venv/lib/python3.12/site-packages/airflow/example_dags/example_python_operator.py
[2025-04-01T17:08:17.523-0500] {processor.py:914} INFO - Processing file /mnt/d/Universidad/ETL/Proyecto_airflow/venv/lib/python3.12/site-packages/airflow/example_dags/example_python_operator.py for tasks to queue
[2025-04-01T17:08:17.525-0500] {logging_mixin.py:190} INFO - [2025-04-01T17:08:17.524-0500] {dagbag.py:588} INFO - Filling up the DagBag from /mnt/d/Universidad/ETL/Proyecto_airflow/venv/lib/python3.12/site-packages/airflow/example_dags/example_python_operator.py
[2025-04-01T17:08:17.579-0500] {logging_mixin.py:190} INFO - [2025-04-01T17:08:17.578-0500] {example_python_operator.py:93} WARNING - The virtalenv_python example task requires virtualenv, please install it.
[2025-04-01T17:08:17.616-0500] {processor.py:925} INFO - DAG(s) 'example_python_operator' retrieved from /mnt/d/Universidad/ETL/Proyecto_airflow/venv/lib/python3.12/site-packages/airflow/example_dags/example_python_operator.py
[2025-04-01T17:08:17.636-0500] {logging_mixin.py:190} INFO - [2025-04-01T17:08:17.635-0500] {dag.py:3239} INFO - Sync 1 DAGs
[2025-04-01T17:08:17.646-0500] {logging_mixin.py:190} INFO - [2025-04-01T17:08:17.645-0500] {dag.py:4180} INFO - Setting next_dagrun for example_python_operator to None, run_after=None
[2025-04-01T17:08:21.118-0500] {processor.py:208} INFO - Processing /mnt/d/Universidad/ETL/Proyecto_airflow/venv/lib/python3.12/site-packages/airflow/example_dags/example_python_operator.py took 0.239 seconds
[2025-04-01T17:09:59.786-0500] {processor.py:186} INFO - Started process (PID=6497) to work on /mnt/d/Universidad/ETL/Proyecto_airflow/venv/lib/python3.12/site-packages/airflow/example_dags/example_python_operator.py
[2025-04-01T17:09:59.787-0500] {processor.py:914} INFO - Processing file /mnt/d/Universidad/ETL/Proyecto_airflow/venv/lib/python3.12/site-packages/airflow/example_dags/example_python_operator.py for tasks to queue
[2025-04-01T17:09:59.789-0500] {logging_mixin.py:190} INFO - [2025-04-01T17:09:59.788-0500] {dagbag.py:588} INFO - Filling up the DagBag from /mnt/d/Universidad/ETL/Proyecto_airflow/venv/lib/python3.12/site-packages/airflow/example_dags/example_python_operator.py
[2025-04-01T17:09:59.844-0500] {logging_mixin.py:190} INFO - [2025-04-01T17:09:59.843-0500] {example_python_operator.py:93} WARNING - The virtalenv_python example task requires virtualenv, please install it.
[2025-04-01T17:09:59.881-0500] {processor.py:925} INFO - DAG(s) 'example_python_operator' retrieved from /mnt/d/Universidad/ETL/Proyecto_airflow/venv/lib/python3.12/site-packages/airflow/example_dags/example_python_operator.py
[2025-04-01T17:09:59.899-0500] {logging_mixin.py:190} INFO - [2025-04-01T17:09:59.898-0500] {dag.py:3239} INFO - Sync 1 DAGs
[2025-04-01T17:09:59.908-0500] {logging_mixin.py:190} INFO - [2025-04-01T17:09:59.907-0500] {dag.py:4180} INFO - Setting next_dagrun for example_python_operator to None, run_after=None
[2025-04-01T17:10:00.011-0500] {processor.py:208} INFO - Processing /mnt/d/Universidad/ETL/Proyecto_airflow/venv/lib/python3.12/site-packages/airflow/example_dags/example_python_operator.py took 0.233 seconds
[2025-04-01T17:11:43.839-0500] {processor.py:186} INFO - Started process (PID=6572) to work on /mnt/d/Universidad/ETL/Proyecto_airflow/venv/lib/python3.12/site-packages/airflow/example_dags/example_python_operator.py
[2025-04-01T17:11:43.841-0500] {processor.py:914} INFO - Processing file /mnt/d/Universidad/ETL/Proyecto_airflow/venv/lib/python3.12/site-packages/airflow/example_dags/example_python_operator.py for tasks to queue
[2025-04-01T17:11:43.843-0500] {logging_mixin.py:190} INFO - [2025-04-01T17:11:43.842-0500] {dagbag.py:588} INFO - Filling up the DagBag from /mnt/d/Universidad/ETL/Proyecto_airflow/venv/lib/python3.12/site-packages/airflow/example_dags/example_python_operator.py
[2025-04-01T17:11:43.897-0500] {logging_mixin.py:190} INFO - [2025-04-01T17:11:43.897-0500] {example_python_operator.py:93} WARNING - The virtalenv_python example task requires virtualenv, please install it.
[2025-04-01T17:11:43.934-0500] {processor.py:925} INFO - DAG(s) 'example_python_operator' retrieved from /mnt/d/Universidad/ETL/Proyecto_airflow/venv/lib/python3.12/site-packages/airflow/example_dags/example_python_operator.py
[2025-04-01T17:11:43.952-0500] {logging_mixin.py:190} INFO - [2025-04-01T17:11:43.951-0500] {dag.py:3239} INFO - Sync 1 DAGs
[2025-04-01T17:11:43.961-0500] {logging_mixin.py:190} INFO - [2025-04-01T17:11:43.960-0500] {dag.py:4180} INFO - Setting next_dagrun for example_python_operator to None, run_after=None
[2025-04-01T17:11:44.066-0500] {processor.py:208} INFO - Processing /mnt/d/Universidad/ETL/Proyecto_airflow/venv/lib/python3.12/site-packages/airflow/example_dags/example_python_operator.py took 0.234 seconds
[2025-04-01T17:13:22.806-0500] {processor.py:186} INFO - Started process (PID=6645) to work on /mnt/d/Universidad/ETL/Proyecto_airflow/venv/lib/python3.12/site-packages/airflow/example_dags/example_python_operator.py
[2025-04-01T17:13:22.807-0500] {processor.py:914} INFO - Processing file /mnt/d/Universidad/ETL/Proyecto_airflow/venv/lib/python3.12/site-packages/airflow/example_dags/example_python_operator.py for tasks to queue
[2025-04-01T17:13:22.810-0500] {logging_mixin.py:190} INFO - [2025-04-01T17:13:22.809-0500] {dagbag.py:588} INFO - Filling up the DagBag from /mnt/d/Universidad/ETL/Proyecto_airflow/venv/lib/python3.12/site-packages/airflow/example_dags/example_python_operator.py
[2025-04-01T17:13:22.864-0500] {logging_mixin.py:190} INFO - [2025-04-01T17:13:22.863-0500] {example_python_operator.py:93} WARNING - The virtalenv_python example task requires virtualenv, please install it.
[2025-04-01T17:13:22.902-0500] {processor.py:925} INFO - DAG(s) 'example_python_operator' retrieved from /mnt/d/Universidad/ETL/Proyecto_airflow/venv/lib/python3.12/site-packages/airflow/example_dags/example_python_operator.py
[2025-04-01T17:13:22.920-0500] {logging_mixin.py:190} INFO - [2025-04-01T17:13:22.919-0500] {dag.py:3239} INFO - Sync 1 DAGs
[2025-04-01T17:13:22.929-0500] {logging_mixin.py:190} INFO - [2025-04-01T17:13:22.928-0500] {dag.py:4180} INFO - Setting next_dagrun for example_python_operator to None, run_after=None
[2025-04-01T17:13:23.125-0500] {processor.py:208} INFO - Processing /mnt/d/Universidad/ETL/Proyecto_airflow/venv/lib/python3.12/site-packages/airflow/example_dags/example_python_operator.py took 0.326 seconds
[2025-04-01T17:14:57.258-0500] {processor.py:186} INFO - Started process (PID=6716) to work on /mnt/d/Universidad/ETL/Proyecto_airflow/venv/lib/python3.12/site-packages/airflow/example_dags/example_python_operator.py
[2025-04-01T17:14:57.259-0500] {processor.py:914} INFO - Processing file /mnt/d/Universidad/ETL/Proyecto_airflow/venv/lib/python3.12/site-packages/airflow/example_dags/example_python_operator.py for tasks to queue
[2025-04-01T17:14:57.261-0500] {logging_mixin.py:190} INFO - [2025-04-01T17:14:57.261-0500] {dagbag.py:588} INFO - Filling up the DagBag from /mnt/d/Universidad/ETL/Proyecto_airflow/venv/lib/python3.12/site-packages/airflow/example_dags/example_python_operator.py
[2025-04-01T17:14:57.316-0500] {logging_mixin.py:190} INFO - [2025-04-01T17:14:57.315-0500] {example_python_operator.py:93} WARNING - The virtalenv_python example task requires virtualenv, please install it.
[2025-04-01T17:14:57.353-0500] {processor.py:925} INFO - DAG(s) 'example_python_operator' retrieved from /mnt/d/Universidad/ETL/Proyecto_airflow/venv/lib/python3.12/site-packages/airflow/example_dags/example_python_operator.py
[2025-04-01T17:14:57.371-0500] {logging_mixin.py:190} INFO - [2025-04-01T17:14:57.371-0500] {dag.py:3239} INFO - Sync 1 DAGs
[2025-04-01T17:14:57.380-0500] {logging_mixin.py:190} INFO - [2025-04-01T17:14:57.380-0500] {dag.py:4180} INFO - Setting next_dagrun for example_python_operator to None, run_after=None
[2025-04-01T17:14:57.483-0500] {processor.py:208} INFO - Processing /mnt/d/Universidad/ETL/Proyecto_airflow/venv/lib/python3.12/site-packages/airflow/example_dags/example_python_operator.py took 0.233 seconds
[2025-04-01T17:16:27.977-0500] {processor.py:186} INFO - Started process (PID=6787) to work on /mnt/d/Universidad/ETL/Proyecto_airflow/venv/lib/python3.12/site-packages/airflow/example_dags/example_python_operator.py
[2025-04-01T17:16:27.978-0500] {processor.py:914} INFO - Processing file /mnt/d/Universidad/ETL/Proyecto_airflow/venv/lib/python3.12/site-packages/airflow/example_dags/example_python_operator.py for tasks to queue
[2025-04-01T17:16:27.980-0500] {logging_mixin.py:190} INFO - [2025-04-01T17:16:27.979-0500] {dagbag.py:588} INFO - Filling up the DagBag from /mnt/d/Universidad/ETL/Proyecto_airflow/venv/lib/python3.12/site-packages/airflow/example_dags/example_python_operator.py
[2025-04-01T17:16:28.034-0500] {logging_mixin.py:190} INFO - [2025-04-01T17:16:28.033-0500] {example_python_operator.py:93} WARNING - The virtalenv_python example task requires virtualenv, please install it.
[2025-04-01T17:16:28.071-0500] {processor.py:925} INFO - DAG(s) 'example_python_operator' retrieved from /mnt/d/Universidad/ETL/Proyecto_airflow/venv/lib/python3.12/site-packages/airflow/example_dags/example_python_operator.py
[2025-04-01T17:16:28.090-0500] {logging_mixin.py:190} INFO - [2025-04-01T17:16:28.089-0500] {dag.py:3239} INFO - Sync 1 DAGs
[2025-04-01T17:16:28.099-0500] {logging_mixin.py:190} INFO - [2025-04-01T17:16:28.098-0500] {dag.py:4180} INFO - Setting next_dagrun for example_python_operator to None, run_after=None
[2025-04-01T17:16:28.205-0500] {processor.py:208} INFO - Processing /mnt/d/Universidad/ETL/Proyecto_airflow/venv/lib/python3.12/site-packages/airflow/example_dags/example_python_operator.py took 0.236 seconds
[2025-04-01T17:18:06.021-0500] {processor.py:186} INFO - Started process (PID=6861) to work on /mnt/d/Universidad/ETL/Proyecto_airflow/venv/lib/python3.12/site-packages/airflow/example_dags/example_python_operator.py
[2025-04-01T17:18:06.022-0500] {processor.py:914} INFO - Processing file /mnt/d/Universidad/ETL/Proyecto_airflow/venv/lib/python3.12/site-packages/airflow/example_dags/example_python_operator.py for tasks to queue
[2025-04-01T17:18:06.024-0500] {logging_mixin.py:190} INFO - [2025-04-01T17:18:06.023-0500] {dagbag.py:588} INFO - Filling up the DagBag from /mnt/d/Universidad/ETL/Proyecto_airflow/venv/lib/python3.12/site-packages/airflow/example_dags/example_python_operator.py
[2025-04-01T17:18:06.079-0500] {logging_mixin.py:190} INFO - [2025-04-01T17:18:06.078-0500] {example_python_operator.py:93} WARNING - The virtalenv_python example task requires virtualenv, please install it.
[2025-04-01T17:18:06.116-0500] {processor.py:925} INFO - DAG(s) 'example_python_operator' retrieved from /mnt/d/Universidad/ETL/Proyecto_airflow/venv/lib/python3.12/site-packages/airflow/example_dags/example_python_operator.py
[2025-04-01T17:18:06.134-0500] {logging_mixin.py:190} INFO - [2025-04-01T17:18:06.133-0500] {dag.py:3239} INFO - Sync 1 DAGs
[2025-04-01T17:18:06.143-0500] {logging_mixin.py:190} INFO - [2025-04-01T17:18:06.143-0500] {dag.py:4180} INFO - Setting next_dagrun for example_python_operator to None, run_after=None
[2025-04-01T17:18:06.244-0500] {processor.py:208} INFO - Processing /mnt/d/Universidad/ETL/Proyecto_airflow/venv/lib/python3.12/site-packages/airflow/example_dags/example_python_operator.py took 0.230 seconds
[2025-04-01T17:19:48.674-0500] {processor.py:186} INFO - Started process (PID=6936) to work on /mnt/d/Universidad/ETL/Proyecto_airflow/venv/lib/python3.12/site-packages/airflow/example_dags/example_python_operator.py
[2025-04-01T17:19:48.675-0500] {processor.py:914} INFO - Processing file /mnt/d/Universidad/ETL/Proyecto_airflow/venv/lib/python3.12/site-packages/airflow/example_dags/example_python_operator.py for tasks to queue
[2025-04-01T17:19:48.678-0500] {logging_mixin.py:190} INFO - [2025-04-01T17:19:48.677-0500] {dagbag.py:588} INFO - Filling up the DagBag from /mnt/d/Universidad/ETL/Proyecto_airflow/venv/lib/python3.12/site-packages/airflow/example_dags/example_python_operator.py
[2025-04-01T17:19:48.732-0500] {logging_mixin.py:190} INFO - [2025-04-01T17:19:48.731-0500] {example_python_operator.py:93} WARNING - The virtalenv_python example task requires virtualenv, please install it.
[2025-04-01T17:19:48.769-0500] {processor.py:925} INFO - DAG(s) 'example_python_operator' retrieved from /mnt/d/Universidad/ETL/Proyecto_airflow/venv/lib/python3.12/site-packages/airflow/example_dags/example_python_operator.py
[2025-04-01T17:19:48.787-0500] {logging_mixin.py:190} INFO - [2025-04-01T17:19:48.786-0500] {dag.py:3239} INFO - Sync 1 DAGs
[2025-04-01T17:19:48.796-0500] {logging_mixin.py:190} INFO - [2025-04-01T17:19:48.795-0500] {dag.py:4180} INFO - Setting next_dagrun for example_python_operator to None, run_after=None
[2025-04-01T17:19:48.892-0500] {processor.py:208} INFO - Processing /mnt/d/Universidad/ETL/Proyecto_airflow/venv/lib/python3.12/site-packages/airflow/example_dags/example_python_operator.py took 0.226 seconds
[2025-04-01T17:21:33.224-0500] {processor.py:186} INFO - Started process (PID=7010) to work on /mnt/d/Universidad/ETL/Proyecto_airflow/venv/lib/python3.12/site-packages/airflow/example_dags/example_python_operator.py
[2025-04-01T17:21:33.251-0500] {processor.py:914} INFO - Processing file /mnt/d/Universidad/ETL/Proyecto_airflow/venv/lib/python3.12/site-packages/airflow/example_dags/example_python_operator.py for tasks to queue
[2025-04-01T17:21:33.254-0500] {logging_mixin.py:190} INFO - [2025-04-01T17:21:33.253-0500] {dagbag.py:588} INFO - Filling up the DagBag from /mnt/d/Universidad/ETL/Proyecto_airflow/venv/lib/python3.12/site-packages/airflow/example_dags/example_python_operator.py
[2025-04-01T17:21:33.309-0500] {logging_mixin.py:190} INFO - [2025-04-01T17:21:33.308-0500] {example_python_operator.py:93} WARNING - The virtalenv_python example task requires virtualenv, please install it.
[2025-04-01T17:21:33.346-0500] {processor.py:925} INFO - DAG(s) 'example_python_operator' retrieved from /mnt/d/Universidad/ETL/Proyecto_airflow/venv/lib/python3.12/site-packages/airflow/example_dags/example_python_operator.py
[2025-04-01T17:21:33.364-0500] {logging_mixin.py:190} INFO - [2025-04-01T17:21:33.364-0500] {dag.py:3239} INFO - Sync 1 DAGs
[2025-04-01T17:21:33.374-0500] {logging_mixin.py:190} INFO - [2025-04-01T17:21:33.373-0500] {dag.py:4180} INFO - Setting next_dagrun for example_python_operator to None, run_after=None
[2025-04-01T17:21:33.485-0500] {processor.py:208} INFO - Processing /mnt/d/Universidad/ETL/Proyecto_airflow/venv/lib/python3.12/site-packages/airflow/example_dags/example_python_operator.py took 0.268 seconds
[2025-04-01T17:23:09.887-0500] {processor.py:186} INFO - Started process (PID=7081) to work on /mnt/d/Universidad/ETL/Proyecto_airflow/venv/lib/python3.12/site-packages/airflow/example_dags/example_python_operator.py
[2025-04-01T17:23:09.888-0500] {processor.py:914} INFO - Processing file /mnt/d/Universidad/ETL/Proyecto_airflow/venv/lib/python3.12/site-packages/airflow/example_dags/example_python_operator.py for tasks to queue
[2025-04-01T17:23:09.890-0500] {logging_mixin.py:190} INFO - [2025-04-01T17:23:09.889-0500] {dagbag.py:588} INFO - Filling up the DagBag from /mnt/d/Universidad/ETL/Proyecto_airflow/venv/lib/python3.12/site-packages/airflow/example_dags/example_python_operator.py
[2025-04-01T17:23:09.944-0500] {logging_mixin.py:190} INFO - [2025-04-01T17:23:09.943-0500] {example_python_operator.py:93} WARNING - The virtalenv_python example task requires virtualenv, please install it.
[2025-04-01T17:23:09.983-0500] {processor.py:925} INFO - DAG(s) 'example_python_operator' retrieved from /mnt/d/Universidad/ETL/Proyecto_airflow/venv/lib/python3.12/site-packages/airflow/example_dags/example_python_operator.py
[2025-04-01T17:23:10.000-0500] {logging_mixin.py:190} INFO - [2025-04-01T17:23:09.999-0500] {dag.py:3239} INFO - Sync 1 DAGs
[2025-04-01T17:23:10.010-0500] {logging_mixin.py:190} INFO - [2025-04-01T17:23:10.010-0500] {dag.py:4180} INFO - Setting next_dagrun for example_python_operator to None, run_after=None
[2025-04-01T17:23:10.153-0500] {processor.py:208} INFO - Processing /mnt/d/Universidad/ETL/Proyecto_airflow/venv/lib/python3.12/site-packages/airflow/example_dags/example_python_operator.py took 0.274 seconds
[2025-04-01T17:24:43.087-0500] {processor.py:186} INFO - Started process (PID=7153) to work on /mnt/d/Universidad/ETL/Proyecto_airflow/venv/lib/python3.12/site-packages/airflow/example_dags/example_python_operator.py
[2025-04-01T17:24:43.088-0500] {processor.py:914} INFO - Processing file /mnt/d/Universidad/ETL/Proyecto_airflow/venv/lib/python3.12/site-packages/airflow/example_dags/example_python_operator.py for tasks to queue
[2025-04-01T17:24:43.090-0500] {logging_mixin.py:190} INFO - [2025-04-01T17:24:43.089-0500] {dagbag.py:588} INFO - Filling up the DagBag from /mnt/d/Universidad/ETL/Proyecto_airflow/venv/lib/python3.12/site-packages/airflow/example_dags/example_python_operator.py
[2025-04-01T17:24:43.144-0500] {logging_mixin.py:190} INFO - [2025-04-01T17:24:43.144-0500] {example_python_operator.py:93} WARNING - The virtalenv_python example task requires virtualenv, please install it.
[2025-04-01T17:24:43.182-0500] {processor.py:925} INFO - DAG(s) 'example_python_operator' retrieved from /mnt/d/Universidad/ETL/Proyecto_airflow/venv/lib/python3.12/site-packages/airflow/example_dags/example_python_operator.py
[2025-04-01T17:24:43.200-0500] {logging_mixin.py:190} INFO - [2025-04-01T17:24:43.199-0500] {dag.py:3239} INFO - Sync 1 DAGs
[2025-04-01T17:24:43.209-0500] {logging_mixin.py:190} INFO - [2025-04-01T17:24:43.209-0500] {dag.py:4180} INFO - Setting next_dagrun for example_python_operator to None, run_after=None
[2025-04-01T17:24:43.312-0500] {processor.py:208} INFO - Processing /mnt/d/Universidad/ETL/Proyecto_airflow/venv/lib/python3.12/site-packages/airflow/example_dags/example_python_operator.py took 0.233 seconds
[2025-04-01T17:26:20.311-0500] {processor.py:186} INFO - Started process (PID=7223) to work on /mnt/d/Universidad/ETL/Proyecto_airflow/venv/lib/python3.12/site-packages/airflow/example_dags/example_python_operator.py
[2025-04-01T17:26:20.312-0500] {processor.py:914} INFO - Processing file /mnt/d/Universidad/ETL/Proyecto_airflow/venv/lib/python3.12/site-packages/airflow/example_dags/example_python_operator.py for tasks to queue
[2025-04-01T17:26:20.314-0500] {logging_mixin.py:190} INFO - [2025-04-01T17:26:20.314-0500] {dagbag.py:588} INFO - Filling up the DagBag from /mnt/d/Universidad/ETL/Proyecto_airflow/venv/lib/python3.12/site-packages/airflow/example_dags/example_python_operator.py
[2025-04-01T17:26:20.369-0500] {logging_mixin.py:190} INFO - [2025-04-01T17:26:20.368-0500] {example_python_operator.py:93} WARNING - The virtalenv_python example task requires virtualenv, please install it.
[2025-04-01T17:26:20.407-0500] {processor.py:925} INFO - DAG(s) 'example_python_operator' retrieved from /mnt/d/Universidad/ETL/Proyecto_airflow/venv/lib/python3.12/site-packages/airflow/example_dags/example_python_operator.py
[2025-04-01T17:26:20.425-0500] {logging_mixin.py:190} INFO - [2025-04-01T17:26:20.425-0500] {dag.py:3239} INFO - Sync 1 DAGs
[2025-04-01T17:26:20.434-0500] {logging_mixin.py:190} INFO - [2025-04-01T17:26:20.433-0500] {dag.py:4180} INFO - Setting next_dagrun for example_python_operator to None, run_after=None
[2025-04-01T17:26:20.533-0500] {processor.py:208} INFO - Processing /mnt/d/Universidad/ETL/Proyecto_airflow/venv/lib/python3.12/site-packages/airflow/example_dags/example_python_operator.py took 0.230 seconds
[2025-04-01T17:27:58.137-0500] {processor.py:186} INFO - Started process (PID=7295) to work on /mnt/d/Universidad/ETL/Proyecto_airflow/venv/lib/python3.12/site-packages/airflow/example_dags/example_python_operator.py
[2025-04-01T17:27:58.138-0500] {processor.py:914} INFO - Processing file /mnt/d/Universidad/ETL/Proyecto_airflow/venv/lib/python3.12/site-packages/airflow/example_dags/example_python_operator.py for tasks to queue
[2025-04-01T17:27:58.141-0500] {logging_mixin.py:190} INFO - [2025-04-01T17:27:58.140-0500] {dagbag.py:588} INFO - Filling up the DagBag from /mnt/d/Universidad/ETL/Proyecto_airflow/venv/lib/python3.12/site-packages/airflow/example_dags/example_python_operator.py
[2025-04-01T17:27:58.195-0500] {logging_mixin.py:190} INFO - [2025-04-01T17:27:58.194-0500] {example_python_operator.py:93} WARNING - The virtalenv_python example task requires virtualenv, please install it.
[2025-04-01T17:27:58.232-0500] {processor.py:925} INFO - DAG(s) 'example_python_operator' retrieved from /mnt/d/Universidad/ETL/Proyecto_airflow/venv/lib/python3.12/site-packages/airflow/example_dags/example_python_operator.py
[2025-04-01T17:27:58.252-0500] {logging_mixin.py:190} INFO - [2025-04-01T17:27:58.251-0500] {dag.py:3239} INFO - Sync 1 DAGs
[2025-04-01T17:27:58.262-0500] {logging_mixin.py:190} INFO - [2025-04-01T17:27:58.261-0500] {dag.py:4180} INFO - Setting next_dagrun for example_python_operator to None, run_after=None
[2025-04-01T17:27:58.382-0500] {processor.py:208} INFO - Processing /mnt/d/Universidad/ETL/Proyecto_airflow/venv/lib/python3.12/site-packages/airflow/example_dags/example_python_operator.py took 0.252 seconds
[2025-04-01T17:29:22.673-0500] {processor.py:186} INFO - Started process (PID=7362) to work on /mnt/d/Universidad/ETL/Proyecto_airflow/venv/lib/python3.12/site-packages/airflow/example_dags/example_python_operator.py
[2025-04-01T17:29:22.674-0500] {processor.py:914} INFO - Processing file /mnt/d/Universidad/ETL/Proyecto_airflow/venv/lib/python3.12/site-packages/airflow/example_dags/example_python_operator.py for tasks to queue
[2025-04-01T17:29:22.676-0500] {logging_mixin.py:190} INFO - [2025-04-01T17:29:22.675-0500] {dagbag.py:588} INFO - Filling up the DagBag from /mnt/d/Universidad/ETL/Proyecto_airflow/venv/lib/python3.12/site-packages/airflow/example_dags/example_python_operator.py
[2025-04-01T17:29:22.730-0500] {logging_mixin.py:190} INFO - [2025-04-01T17:29:22.729-0500] {example_python_operator.py:93} WARNING - The virtalenv_python example task requires virtualenv, please install it.
[2025-04-01T17:29:22.768-0500] {processor.py:925} INFO - DAG(s) 'example_python_operator' retrieved from /mnt/d/Universidad/ETL/Proyecto_airflow/venv/lib/python3.12/site-packages/airflow/example_dags/example_python_operator.py
[2025-04-01T17:29:22.788-0500] {logging_mixin.py:190} INFO - [2025-04-01T17:29:22.787-0500] {dag.py:3239} INFO - Sync 1 DAGs
[2025-04-01T17:29:22.798-0500] {logging_mixin.py:190} INFO - [2025-04-01T17:29:22.797-0500] {dag.py:4180} INFO - Setting next_dagrun for example_python_operator to None, run_after=None
[2025-04-01T17:29:22.902-0500] {processor.py:208} INFO - Processing /mnt/d/Universidad/ETL/Proyecto_airflow/venv/lib/python3.12/site-packages/airflow/example_dags/example_python_operator.py took 0.237 seconds
