[2025-04-01T16:17:05.183-0500] {processor.py:186} INFO - Started process (PID=4091) to work on /mnt/d/Universidad/ETL/Proyecto_airflow/venv/lib/python3.12/site-packages/airflow/example_dags/example_dynamic_task_mapping.py
[2025-04-01T16:17:05.184-0500] {processor.py:914} INFO - Processing file /mnt/d/Universidad/ETL/Proyecto_airflow/venv/lib/python3.12/site-packages/airflow/example_dags/example_dynamic_task_mapping.py for tasks to queue
[2025-04-01T16:17:05.186-0500] {logging_mixin.py:190} INFO - [2025-04-01T16:17:05.186-0500] {dagbag.py:588} INFO - Filling up the DagBag from /mnt/d/Universidad/ETL/Proyecto_airflow/venv/lib/python3.12/site-packages/airflow/example_dags/example_dynamic_task_mapping.py
[2025-04-01T16:17:05.241-0500] {processor.py:925} INFO - DAG(s) 'example_dynamic_task_mapping' retrieved from /mnt/d/Universidad/ETL/Proyecto_airflow/venv/lib/python3.12/site-packages/airflow/example_dags/example_dynamic_task_mapping.py
[2025-04-01T16:17:06.318-0500] {logging_mixin.py:190} INFO - [2025-04-01T16:17:06.317-0500] {override.py:1930} INFO - Created Permission View: can read on DAG:example_dynamic_task_mapping
[2025-04-01T16:17:06.388-0500] {logging_mixin.py:190} INFO - [2025-04-01T16:17:06.386-0500] {override.py:1930} INFO - Created Permission View: can edit on DAG:example_dynamic_task_mapping
[2025-04-01T16:17:06.463-0500] {logging_mixin.py:190} INFO - [2025-04-01T16:17:06.462-0500] {override.py:1930} INFO - Created Permission View: can delete on DAG:example_dynamic_task_mapping
[2025-04-01T16:17:06.593-0500] {logging_mixin.py:190} INFO - [2025-04-01T16:17:06.592-0500] {override.py:1930} INFO - Created Permission View: can create on DAG Run:example_dynamic_task_mapping
[2025-04-01T16:17:06.662-0500] {logging_mixin.py:190} INFO - [2025-04-01T16:17:06.661-0500] {override.py:1930} INFO - Created Permission View: menu access on DAG Run:example_dynamic_task_mapping
[2025-04-01T16:17:06.731-0500] {logging_mixin.py:190} INFO - [2025-04-01T16:17:06.730-0500] {override.py:1930} INFO - Created Permission View: can read on DAG Run:example_dynamic_task_mapping
[2025-04-01T16:17:06.799-0500] {logging_mixin.py:190} INFO - [2025-04-01T16:17:06.798-0500] {override.py:1930} INFO - Created Permission View: can delete on DAG Run:example_dynamic_task_mapping
[2025-04-01T16:17:06.801-0500] {logging_mixin.py:190} INFO - [2025-04-01T16:17:06.800-0500] {dag.py:3239} INFO - Sync 1 DAGs
[2025-04-01T16:17:06.814-0500] {logging_mixin.py:190} INFO - [2025-04-01T16:17:06.813-0500] {dag.py:3262} INFO - Creating ORM DAG for example_dynamic_task_mapping
[2025-04-01T16:17:06.816-0500] {logging_mixin.py:190} INFO - [2025-04-01T16:17:06.815-0500] {dag.py:4180} INFO - Setting next_dagrun for example_dynamic_task_mapping to None, run_after=None
[2025-04-01T16:17:06.903-0500] {processor.py:208} INFO - Processing /mnt/d/Universidad/ETL/Proyecto_airflow/venv/lib/python3.12/site-packages/airflow/example_dags/example_dynamic_task_mapping.py took 1.728 seconds
[2025-04-01T16:18:52.166-0500] {processor.py:186} INFO - Started process (PID=4163) to work on /mnt/d/Universidad/ETL/Proyecto_airflow/venv/lib/python3.12/site-packages/airflow/example_dags/example_dynamic_task_mapping.py
[2025-04-01T16:18:52.167-0500] {processor.py:914} INFO - Processing file /mnt/d/Universidad/ETL/Proyecto_airflow/venv/lib/python3.12/site-packages/airflow/example_dags/example_dynamic_task_mapping.py for tasks to queue
[2025-04-01T16:18:52.169-0500] {logging_mixin.py:190} INFO - [2025-04-01T16:18:52.168-0500] {dagbag.py:588} INFO - Filling up the DagBag from /mnt/d/Universidad/ETL/Proyecto_airflow/venv/lib/python3.12/site-packages/airflow/example_dags/example_dynamic_task_mapping.py
[2025-04-01T16:18:52.223-0500] {processor.py:925} INFO - DAG(s) 'example_dynamic_task_mapping' retrieved from /mnt/d/Universidad/ETL/Proyecto_airflow/venv/lib/python3.12/site-packages/airflow/example_dags/example_dynamic_task_mapping.py
[2025-04-01T16:18:52.241-0500] {logging_mixin.py:190} INFO - [2025-04-01T16:18:52.240-0500] {dag.py:3239} INFO - Sync 1 DAGs
[2025-04-01T16:18:52.250-0500] {logging_mixin.py:190} INFO - [2025-04-01T16:18:52.249-0500] {dag.py:4180} INFO - Setting next_dagrun for example_dynamic_task_mapping to None, run_after=None
[2025-04-01T16:18:52.354-0500] {processor.py:208} INFO - Processing /mnt/d/Universidad/ETL/Proyecto_airflow/venv/lib/python3.12/site-packages/airflow/example_dags/example_dynamic_task_mapping.py took 0.196 seconds
[2025-04-01T16:20:20.148-0500] {processor.py:186} INFO - Started process (PID=4234) to work on /mnt/d/Universidad/ETL/Proyecto_airflow/venv/lib/python3.12/site-packages/airflow/example_dags/example_dynamic_task_mapping.py
[2025-04-01T16:20:20.149-0500] {processor.py:914} INFO - Processing file /mnt/d/Universidad/ETL/Proyecto_airflow/venv/lib/python3.12/site-packages/airflow/example_dags/example_dynamic_task_mapping.py for tasks to queue
[2025-04-01T16:20:20.151-0500] {logging_mixin.py:190} INFO - [2025-04-01T16:20:20.150-0500] {dagbag.py:588} INFO - Filling up the DagBag from /mnt/d/Universidad/ETL/Proyecto_airflow/venv/lib/python3.12/site-packages/airflow/example_dags/example_dynamic_task_mapping.py
[2025-04-01T16:20:20.210-0500] {processor.py:925} INFO - DAG(s) 'example_dynamic_task_mapping' retrieved from /mnt/d/Universidad/ETL/Proyecto_airflow/venv/lib/python3.12/site-packages/airflow/example_dags/example_dynamic_task_mapping.py
[2025-04-01T16:20:20.231-0500] {logging_mixin.py:190} INFO - [2025-04-01T16:20:20.230-0500] {dag.py:3239} INFO - Sync 1 DAGs
[2025-04-01T16:20:20.242-0500] {logging_mixin.py:190} INFO - [2025-04-01T16:20:20.241-0500] {dag.py:4180} INFO - Setting next_dagrun for example_dynamic_task_mapping to None, run_after=None
[2025-04-01T16:20:20.334-0500] {processor.py:208} INFO - Processing /mnt/d/Universidad/ETL/Proyecto_airflow/venv/lib/python3.12/site-packages/airflow/example_dags/example_dynamic_task_mapping.py took 0.195 seconds
[2025-04-01T16:21:47.860-0500] {processor.py:186} INFO - Started process (PID=4307) to work on /mnt/d/Universidad/ETL/Proyecto_airflow/venv/lib/python3.12/site-packages/airflow/example_dags/example_dynamic_task_mapping.py
[2025-04-01T16:21:47.861-0500] {processor.py:914} INFO - Processing file /mnt/d/Universidad/ETL/Proyecto_airflow/venv/lib/python3.12/site-packages/airflow/example_dags/example_dynamic_task_mapping.py for tasks to queue
[2025-04-01T16:21:47.863-0500] {logging_mixin.py:190} INFO - [2025-04-01T16:21:47.863-0500] {dagbag.py:588} INFO - Filling up the DagBag from /mnt/d/Universidad/ETL/Proyecto_airflow/venv/lib/python3.12/site-packages/airflow/example_dags/example_dynamic_task_mapping.py
[2025-04-01T16:21:47.918-0500] {processor.py:925} INFO - DAG(s) 'example_dynamic_task_mapping' retrieved from /mnt/d/Universidad/ETL/Proyecto_airflow/venv/lib/python3.12/site-packages/airflow/example_dags/example_dynamic_task_mapping.py
[2025-04-01T16:21:47.935-0500] {logging_mixin.py:190} INFO - [2025-04-01T16:21:47.934-0500] {dag.py:3239} INFO - Sync 1 DAGs
[2025-04-01T16:21:47.944-0500] {logging_mixin.py:190} INFO - [2025-04-01T16:21:47.943-0500] {dag.py:4180} INFO - Setting next_dagrun for example_dynamic_task_mapping to None, run_after=None
[2025-04-01T16:21:48.024-0500] {processor.py:208} INFO - Processing /mnt/d/Universidad/ETL/Proyecto_airflow/venv/lib/python3.12/site-packages/airflow/example_dags/example_dynamic_task_mapping.py took 0.172 seconds
[2025-04-01T16:23:14.224-0500] {processor.py:186} INFO - Started process (PID=4373) to work on /mnt/d/Universidad/ETL/Proyecto_airflow/venv/lib/python3.12/site-packages/airflow/example_dags/example_dynamic_task_mapping.py
[2025-04-01T16:23:14.225-0500] {processor.py:914} INFO - Processing file /mnt/d/Universidad/ETL/Proyecto_airflow/venv/lib/python3.12/site-packages/airflow/example_dags/example_dynamic_task_mapping.py for tasks to queue
[2025-04-01T16:23:14.227-0500] {logging_mixin.py:190} INFO - [2025-04-01T16:23:14.227-0500] {dagbag.py:588} INFO - Filling up the DagBag from /mnt/d/Universidad/ETL/Proyecto_airflow/venv/lib/python3.12/site-packages/airflow/example_dags/example_dynamic_task_mapping.py
[2025-04-01T16:23:14.286-0500] {processor.py:925} INFO - DAG(s) 'example_dynamic_task_mapping' retrieved from /mnt/d/Universidad/ETL/Proyecto_airflow/venv/lib/python3.12/site-packages/airflow/example_dags/example_dynamic_task_mapping.py
[2025-04-01T16:23:14.305-0500] {logging_mixin.py:190} INFO - [2025-04-01T16:23:14.304-0500] {dag.py:3239} INFO - Sync 1 DAGs
[2025-04-01T16:23:14.315-0500] {logging_mixin.py:190} INFO - [2025-04-01T16:23:14.314-0500] {dag.py:4180} INFO - Setting next_dagrun for example_dynamic_task_mapping to None, run_after=None
[2025-04-01T16:23:14.433-0500] {processor.py:208} INFO - Processing /mnt/d/Universidad/ETL/Proyecto_airflow/venv/lib/python3.12/site-packages/airflow/example_dags/example_dynamic_task_mapping.py took 0.218 seconds
[2025-04-01T16:24:46.144-0500] {processor.py:186} INFO - Started process (PID=4445) to work on /mnt/d/Universidad/ETL/Proyecto_airflow/venv/lib/python3.12/site-packages/airflow/example_dags/example_dynamic_task_mapping.py
[2025-04-01T16:24:46.145-0500] {processor.py:914} INFO - Processing file /mnt/d/Universidad/ETL/Proyecto_airflow/venv/lib/python3.12/site-packages/airflow/example_dags/example_dynamic_task_mapping.py for tasks to queue
[2025-04-01T16:24:46.148-0500] {logging_mixin.py:190} INFO - [2025-04-01T16:24:46.147-0500] {dagbag.py:588} INFO - Filling up the DagBag from /mnt/d/Universidad/ETL/Proyecto_airflow/venv/lib/python3.12/site-packages/airflow/example_dags/example_dynamic_task_mapping.py
[2025-04-01T16:24:46.201-0500] {processor.py:925} INFO - DAG(s) 'example_dynamic_task_mapping' retrieved from /mnt/d/Universidad/ETL/Proyecto_airflow/venv/lib/python3.12/site-packages/airflow/example_dags/example_dynamic_task_mapping.py
[2025-04-01T16:24:46.218-0500] {logging_mixin.py:190} INFO - [2025-04-01T16:24:46.218-0500] {dag.py:3239} INFO - Sync 1 DAGs
[2025-04-01T16:24:46.227-0500] {logging_mixin.py:190} INFO - [2025-04-01T16:24:46.227-0500] {dag.py:4180} INFO - Setting next_dagrun for example_dynamic_task_mapping to None, run_after=None
[2025-04-01T16:24:46.325-0500] {processor.py:208} INFO - Processing /mnt/d/Universidad/ETL/Proyecto_airflow/venv/lib/python3.12/site-packages/airflow/example_dags/example_dynamic_task_mapping.py took 0.189 seconds
[2025-04-01T16:26:21.625-0500] {processor.py:186} INFO - Started process (PID=4516) to work on /mnt/d/Universidad/ETL/Proyecto_airflow/venv/lib/python3.12/site-packages/airflow/example_dags/example_dynamic_task_mapping.py
[2025-04-01T16:26:21.626-0500] {processor.py:914} INFO - Processing file /mnt/d/Universidad/ETL/Proyecto_airflow/venv/lib/python3.12/site-packages/airflow/example_dags/example_dynamic_task_mapping.py for tasks to queue
[2025-04-01T16:26:21.628-0500] {logging_mixin.py:190} INFO - [2025-04-01T16:26:21.628-0500] {dagbag.py:588} INFO - Filling up the DagBag from /mnt/d/Universidad/ETL/Proyecto_airflow/venv/lib/python3.12/site-packages/airflow/example_dags/example_dynamic_task_mapping.py
[2025-04-01T16:26:21.682-0500] {processor.py:925} INFO - DAG(s) 'example_dynamic_task_mapping' retrieved from /mnt/d/Universidad/ETL/Proyecto_airflow/venv/lib/python3.12/site-packages/airflow/example_dags/example_dynamic_task_mapping.py
[2025-04-01T16:26:21.752-0500] {logging_mixin.py:190} INFO - [2025-04-01T16:26:21.752-0500] {dag.py:3239} INFO - Sync 1 DAGs
[2025-04-01T16:26:21.761-0500] {logging_mixin.py:190} INFO - [2025-04-01T16:26:21.760-0500] {dag.py:4180} INFO - Setting next_dagrun for example_dynamic_task_mapping to None, run_after=None
[2025-04-01T16:26:21.839-0500] {processor.py:208} INFO - Processing /mnt/d/Universidad/ETL/Proyecto_airflow/venv/lib/python3.12/site-packages/airflow/example_dags/example_dynamic_task_mapping.py took 0.222 seconds
[2025-04-01T16:27:55.668-0500] {processor.py:186} INFO - Started process (PID=4587) to work on /mnt/d/Universidad/ETL/Proyecto_airflow/venv/lib/python3.12/site-packages/airflow/example_dags/example_dynamic_task_mapping.py
[2025-04-01T16:27:55.669-0500] {processor.py:914} INFO - Processing file /mnt/d/Universidad/ETL/Proyecto_airflow/venv/lib/python3.12/site-packages/airflow/example_dags/example_dynamic_task_mapping.py for tasks to queue
[2025-04-01T16:27:55.671-0500] {logging_mixin.py:190} INFO - [2025-04-01T16:27:55.670-0500] {dagbag.py:588} INFO - Filling up the DagBag from /mnt/d/Universidad/ETL/Proyecto_airflow/venv/lib/python3.12/site-packages/airflow/example_dags/example_dynamic_task_mapping.py
[2025-04-01T16:27:55.724-0500] {processor.py:925} INFO - DAG(s) 'example_dynamic_task_mapping' retrieved from /mnt/d/Universidad/ETL/Proyecto_airflow/venv/lib/python3.12/site-packages/airflow/example_dags/example_dynamic_task_mapping.py
[2025-04-01T16:27:55.743-0500] {logging_mixin.py:190} INFO - [2025-04-01T16:27:55.742-0500] {dag.py:3239} INFO - Sync 1 DAGs
[2025-04-01T16:27:55.753-0500] {logging_mixin.py:190} INFO - [2025-04-01T16:27:55.753-0500] {dag.py:4180} INFO - Setting next_dagrun for example_dynamic_task_mapping to None, run_after=None
[2025-04-01T16:27:55.840-0500] {processor.py:208} INFO - Processing /mnt/d/Universidad/ETL/Proyecto_airflow/venv/lib/python3.12/site-packages/airflow/example_dags/example_dynamic_task_mapping.py took 0.180 seconds
[2025-04-01T16:29:22.981-0500] {processor.py:186} INFO - Started process (PID=4657) to work on /mnt/d/Universidad/ETL/Proyecto_airflow/venv/lib/python3.12/site-packages/airflow/example_dags/example_dynamic_task_mapping.py
[2025-04-01T16:29:22.982-0500] {processor.py:914} INFO - Processing file /mnt/d/Universidad/ETL/Proyecto_airflow/venv/lib/python3.12/site-packages/airflow/example_dags/example_dynamic_task_mapping.py for tasks to queue
[2025-04-01T16:29:22.985-0500] {logging_mixin.py:190} INFO - [2025-04-01T16:29:22.984-0500] {dagbag.py:588} INFO - Filling up the DagBag from /mnt/d/Universidad/ETL/Proyecto_airflow/venv/lib/python3.12/site-packages/airflow/example_dags/example_dynamic_task_mapping.py
[2025-04-01T16:29:23.039-0500] {processor.py:925} INFO - DAG(s) 'example_dynamic_task_mapping' retrieved from /mnt/d/Universidad/ETL/Proyecto_airflow/venv/lib/python3.12/site-packages/airflow/example_dags/example_dynamic_task_mapping.py
[2025-04-01T16:29:23.056-0500] {logging_mixin.py:190} INFO - [2025-04-01T16:29:23.055-0500] {dag.py:3239} INFO - Sync 1 DAGs
[2025-04-01T16:29:23.066-0500] {logging_mixin.py:190} INFO - [2025-04-01T16:29:23.065-0500] {dag.py:4180} INFO - Setting next_dagrun for example_dynamic_task_mapping to None, run_after=None
[2025-04-01T16:29:23.176-0500] {processor.py:208} INFO - Processing /mnt/d/Universidad/ETL/Proyecto_airflow/venv/lib/python3.12/site-packages/airflow/example_dags/example_dynamic_task_mapping.py took 0.203 seconds
[2025-04-01T16:30:56.025-0500] {processor.py:186} INFO - Started process (PID=4729) to work on /mnt/d/Universidad/ETL/Proyecto_airflow/venv/lib/python3.12/site-packages/airflow/example_dags/example_dynamic_task_mapping.py
[2025-04-01T16:30:56.027-0500] {processor.py:914} INFO - Processing file /mnt/d/Universidad/ETL/Proyecto_airflow/venv/lib/python3.12/site-packages/airflow/example_dags/example_dynamic_task_mapping.py for tasks to queue
[2025-04-01T16:30:56.029-0500] {logging_mixin.py:190} INFO - [2025-04-01T16:30:56.028-0500] {dagbag.py:588} INFO - Filling up the DagBag from /mnt/d/Universidad/ETL/Proyecto_airflow/venv/lib/python3.12/site-packages/airflow/example_dags/example_dynamic_task_mapping.py
[2025-04-01T16:30:56.088-0500] {processor.py:925} INFO - DAG(s) 'example_dynamic_task_mapping' retrieved from /mnt/d/Universidad/ETL/Proyecto_airflow/venv/lib/python3.12/site-packages/airflow/example_dags/example_dynamic_task_mapping.py
[2025-04-01T16:30:56.107-0500] {logging_mixin.py:190} INFO - [2025-04-01T16:30:56.106-0500] {dag.py:3239} INFO - Sync 1 DAGs
[2025-04-01T16:30:56.117-0500] {logging_mixin.py:190} INFO - [2025-04-01T16:30:56.116-0500] {dag.py:4180} INFO - Setting next_dagrun for example_dynamic_task_mapping to None, run_after=None
[2025-04-01T16:30:56.219-0500] {processor.py:208} INFO - Processing /mnt/d/Universidad/ETL/Proyecto_airflow/venv/lib/python3.12/site-packages/airflow/example_dags/example_dynamic_task_mapping.py took 0.202 seconds
[2025-04-01T16:32:34.313-0500] {processor.py:186} INFO - Started process (PID=4802) to work on /mnt/d/Universidad/ETL/Proyecto_airflow/venv/lib/python3.12/site-packages/airflow/example_dags/example_dynamic_task_mapping.py
[2025-04-01T16:32:34.314-0500] {processor.py:914} INFO - Processing file /mnt/d/Universidad/ETL/Proyecto_airflow/venv/lib/python3.12/site-packages/airflow/example_dags/example_dynamic_task_mapping.py for tasks to queue
[2025-04-01T16:32:34.316-0500] {logging_mixin.py:190} INFO - [2025-04-01T16:32:34.316-0500] {dagbag.py:588} INFO - Filling up the DagBag from /mnt/d/Universidad/ETL/Proyecto_airflow/venv/lib/python3.12/site-packages/airflow/example_dags/example_dynamic_task_mapping.py
[2025-04-01T16:32:34.375-0500] {processor.py:925} INFO - DAG(s) 'example_dynamic_task_mapping' retrieved from /mnt/d/Universidad/ETL/Proyecto_airflow/venv/lib/python3.12/site-packages/airflow/example_dags/example_dynamic_task_mapping.py
[2025-04-01T16:32:34.394-0500] {logging_mixin.py:190} INFO - [2025-04-01T16:32:34.393-0500] {dag.py:3239} INFO - Sync 1 DAGs
[2025-04-01T16:32:34.404-0500] {logging_mixin.py:190} INFO - [2025-04-01T16:32:34.403-0500] {dag.py:4180} INFO - Setting next_dagrun for example_dynamic_task_mapping to None, run_after=None
[2025-04-01T16:32:34.482-0500] {processor.py:208} INFO - Processing /mnt/d/Universidad/ETL/Proyecto_airflow/venv/lib/python3.12/site-packages/airflow/example_dags/example_dynamic_task_mapping.py took 0.178 seconds
[2025-04-01T16:34:02.593-0500] {processor.py:186} INFO - Started process (PID=4872) to work on /mnt/d/Universidad/ETL/Proyecto_airflow/venv/lib/python3.12/site-packages/airflow/example_dags/example_dynamic_task_mapping.py
[2025-04-01T16:34:02.594-0500] {processor.py:914} INFO - Processing file /mnt/d/Universidad/ETL/Proyecto_airflow/venv/lib/python3.12/site-packages/airflow/example_dags/example_dynamic_task_mapping.py for tasks to queue
[2025-04-01T16:34:02.596-0500] {logging_mixin.py:190} INFO - [2025-04-01T16:34:02.596-0500] {dagbag.py:588} INFO - Filling up the DagBag from /mnt/d/Universidad/ETL/Proyecto_airflow/venv/lib/python3.12/site-packages/airflow/example_dags/example_dynamic_task_mapping.py
[2025-04-01T16:34:02.650-0500] {processor.py:925} INFO - DAG(s) 'example_dynamic_task_mapping' retrieved from /mnt/d/Universidad/ETL/Proyecto_airflow/venv/lib/python3.12/site-packages/airflow/example_dags/example_dynamic_task_mapping.py
[2025-04-01T16:34:02.668-0500] {logging_mixin.py:190} INFO - [2025-04-01T16:34:02.667-0500] {dag.py:3239} INFO - Sync 1 DAGs
[2025-04-01T16:34:02.677-0500] {logging_mixin.py:190} INFO - [2025-04-01T16:34:02.676-0500] {dag.py:4180} INFO - Setting next_dagrun for example_dynamic_task_mapping to None, run_after=None
[2025-04-01T16:34:02.766-0500] {processor.py:208} INFO - Processing /mnt/d/Universidad/ETL/Proyecto_airflow/venv/lib/python3.12/site-packages/airflow/example_dags/example_dynamic_task_mapping.py took 0.180 seconds
[2025-04-01T16:35:29.841-0500] {processor.py:186} INFO - Started process (PID=4941) to work on /mnt/d/Universidad/ETL/Proyecto_airflow/venv/lib/python3.12/site-packages/airflow/example_dags/example_dynamic_task_mapping.py
[2025-04-01T16:35:29.842-0500] {processor.py:914} INFO - Processing file /mnt/d/Universidad/ETL/Proyecto_airflow/venv/lib/python3.12/site-packages/airflow/example_dags/example_dynamic_task_mapping.py for tasks to queue
[2025-04-01T16:35:29.844-0500] {logging_mixin.py:190} INFO - [2025-04-01T16:35:29.843-0500] {dagbag.py:588} INFO - Filling up the DagBag from /mnt/d/Universidad/ETL/Proyecto_airflow/venv/lib/python3.12/site-packages/airflow/example_dags/example_dynamic_task_mapping.py
[2025-04-01T16:35:29.898-0500] {processor.py:925} INFO - DAG(s) 'example_dynamic_task_mapping' retrieved from /mnt/d/Universidad/ETL/Proyecto_airflow/venv/lib/python3.12/site-packages/airflow/example_dags/example_dynamic_task_mapping.py
[2025-04-01T16:35:29.916-0500] {logging_mixin.py:190} INFO - [2025-04-01T16:35:29.915-0500] {dag.py:3239} INFO - Sync 1 DAGs
[2025-04-01T16:35:29.925-0500] {logging_mixin.py:190} INFO - [2025-04-01T16:35:29.924-0500] {dag.py:4180} INFO - Setting next_dagrun for example_dynamic_task_mapping to None, run_after=None
[2025-04-01T16:35:30.028-0500] {processor.py:208} INFO - Processing /mnt/d/Universidad/ETL/Proyecto_airflow/venv/lib/python3.12/site-packages/airflow/example_dags/example_dynamic_task_mapping.py took 0.196 seconds
[2025-04-01T16:37:03.019-0500] {processor.py:186} INFO - Started process (PID=5012) to work on /mnt/d/Universidad/ETL/Proyecto_airflow/venv/lib/python3.12/site-packages/airflow/example_dags/example_dynamic_task_mapping.py
[2025-04-01T16:37:03.020-0500] {processor.py:914} INFO - Processing file /mnt/d/Universidad/ETL/Proyecto_airflow/venv/lib/python3.12/site-packages/airflow/example_dags/example_dynamic_task_mapping.py for tasks to queue
[2025-04-01T16:37:03.023-0500] {logging_mixin.py:190} INFO - [2025-04-01T16:37:03.022-0500] {dagbag.py:588} INFO - Filling up the DagBag from /mnt/d/Universidad/ETL/Proyecto_airflow/venv/lib/python3.12/site-packages/airflow/example_dags/example_dynamic_task_mapping.py
[2025-04-01T16:37:03.078-0500] {processor.py:925} INFO - DAG(s) 'example_dynamic_task_mapping' retrieved from /mnt/d/Universidad/ETL/Proyecto_airflow/venv/lib/python3.12/site-packages/airflow/example_dags/example_dynamic_task_mapping.py
[2025-04-01T16:37:03.095-0500] {logging_mixin.py:190} INFO - [2025-04-01T16:37:03.095-0500] {dag.py:3239} INFO - Sync 1 DAGs
[2025-04-01T16:37:03.105-0500] {logging_mixin.py:190} INFO - [2025-04-01T16:37:03.104-0500] {dag.py:4180} INFO - Setting next_dagrun for example_dynamic_task_mapping to None, run_after=None
[2025-04-01T16:37:03.210-0500] {processor.py:208} INFO - Processing /mnt/d/Universidad/ETL/Proyecto_airflow/venv/lib/python3.12/site-packages/airflow/example_dags/example_dynamic_task_mapping.py took 0.198 seconds
[2025-04-01T16:38:35.877-0500] {processor.py:186} INFO - Started process (PID=5081) to work on /mnt/d/Universidad/ETL/Proyecto_airflow/venv/lib/python3.12/site-packages/airflow/example_dags/example_dynamic_task_mapping.py
[2025-04-01T16:38:35.878-0500] {processor.py:914} INFO - Processing file /mnt/d/Universidad/ETL/Proyecto_airflow/venv/lib/python3.12/site-packages/airflow/example_dags/example_dynamic_task_mapping.py for tasks to queue
[2025-04-01T16:38:35.880-0500] {logging_mixin.py:190} INFO - [2025-04-01T16:38:35.880-0500] {dagbag.py:588} INFO - Filling up the DagBag from /mnt/d/Universidad/ETL/Proyecto_airflow/venv/lib/python3.12/site-packages/airflow/example_dags/example_dynamic_task_mapping.py
[2025-04-01T16:38:35.934-0500] {processor.py:925} INFO - DAG(s) 'example_dynamic_task_mapping' retrieved from /mnt/d/Universidad/ETL/Proyecto_airflow/venv/lib/python3.12/site-packages/airflow/example_dags/example_dynamic_task_mapping.py
[2025-04-01T16:38:35.952-0500] {logging_mixin.py:190} INFO - [2025-04-01T16:38:35.951-0500] {dag.py:3239} INFO - Sync 1 DAGs
[2025-04-01T16:38:35.962-0500] {logging_mixin.py:190} INFO - [2025-04-01T16:38:35.961-0500] {dag.py:4180} INFO - Setting next_dagrun for example_dynamic_task_mapping to None, run_after=None
[2025-04-01T16:38:36.029-0500] {processor.py:208} INFO - Processing /mnt/d/Universidad/ETL/Proyecto_airflow/venv/lib/python3.12/site-packages/airflow/example_dags/example_dynamic_task_mapping.py took 0.160 seconds
[2025-04-01T16:40:08.783-0500] {processor.py:186} INFO - Started process (PID=5152) to work on /mnt/d/Universidad/ETL/Proyecto_airflow/venv/lib/python3.12/site-packages/airflow/example_dags/example_dynamic_task_mapping.py
[2025-04-01T16:40:08.784-0500] {processor.py:914} INFO - Processing file /mnt/d/Universidad/ETL/Proyecto_airflow/venv/lib/python3.12/site-packages/airflow/example_dags/example_dynamic_task_mapping.py for tasks to queue
[2025-04-01T16:40:08.786-0500] {logging_mixin.py:190} INFO - [2025-04-01T16:40:08.786-0500] {dagbag.py:588} INFO - Filling up the DagBag from /mnt/d/Universidad/ETL/Proyecto_airflow/venv/lib/python3.12/site-packages/airflow/example_dags/example_dynamic_task_mapping.py
[2025-04-01T16:40:08.841-0500] {processor.py:925} INFO - DAG(s) 'example_dynamic_task_mapping' retrieved from /mnt/d/Universidad/ETL/Proyecto_airflow/venv/lib/python3.12/site-packages/airflow/example_dags/example_dynamic_task_mapping.py
[2025-04-01T16:40:08.858-0500] {logging_mixin.py:190} INFO - [2025-04-01T16:40:08.857-0500] {dag.py:3239} INFO - Sync 1 DAGs
[2025-04-01T16:40:08.867-0500] {logging_mixin.py:190} INFO - [2025-04-01T16:40:08.866-0500] {dag.py:4180} INFO - Setting next_dagrun for example_dynamic_task_mapping to None, run_after=None
[2025-04-01T16:40:08.975-0500] {processor.py:208} INFO - Processing /mnt/d/Universidad/ETL/Proyecto_airflow/venv/lib/python3.12/site-packages/airflow/example_dags/example_dynamic_task_mapping.py took 0.200 seconds
[2025-04-01T16:41:46.088-0500] {processor.py:186} INFO - Started process (PID=5226) to work on /mnt/d/Universidad/ETL/Proyecto_airflow/venv/lib/python3.12/site-packages/airflow/example_dags/example_dynamic_task_mapping.py
[2025-04-01T16:41:46.089-0500] {processor.py:914} INFO - Processing file /mnt/d/Universidad/ETL/Proyecto_airflow/venv/lib/python3.12/site-packages/airflow/example_dags/example_dynamic_task_mapping.py for tasks to queue
[2025-04-01T16:41:46.091-0500] {logging_mixin.py:190} INFO - [2025-04-01T16:41:46.090-0500] {dagbag.py:588} INFO - Filling up the DagBag from /mnt/d/Universidad/ETL/Proyecto_airflow/venv/lib/python3.12/site-packages/airflow/example_dags/example_dynamic_task_mapping.py
[2025-04-01T16:41:46.148-0500] {processor.py:925} INFO - DAG(s) 'example_dynamic_task_mapping' retrieved from /mnt/d/Universidad/ETL/Proyecto_airflow/venv/lib/python3.12/site-packages/airflow/example_dags/example_dynamic_task_mapping.py
[2025-04-01T16:41:46.167-0500] {logging_mixin.py:190} INFO - [2025-04-01T16:41:46.166-0500] {dag.py:3239} INFO - Sync 1 DAGs
[2025-04-01T16:41:46.176-0500] {logging_mixin.py:190} INFO - [2025-04-01T16:41:46.176-0500] {dag.py:4180} INFO - Setting next_dagrun for example_dynamic_task_mapping to None, run_after=None
[2025-04-01T16:41:46.284-0500] {processor.py:208} INFO - Processing /mnt/d/Universidad/ETL/Proyecto_airflow/venv/lib/python3.12/site-packages/airflow/example_dags/example_dynamic_task_mapping.py took 0.204 seconds
[2025-04-01T16:43:18.127-0500] {processor.py:186} INFO - Started process (PID=5296) to work on /mnt/d/Universidad/ETL/Proyecto_airflow/venv/lib/python3.12/site-packages/airflow/example_dags/example_dynamic_task_mapping.py
[2025-04-01T16:43:18.128-0500] {processor.py:914} INFO - Processing file /mnt/d/Universidad/ETL/Proyecto_airflow/venv/lib/python3.12/site-packages/airflow/example_dags/example_dynamic_task_mapping.py for tasks to queue
[2025-04-01T16:43:18.130-0500] {logging_mixin.py:190} INFO - [2025-04-01T16:43:18.130-0500] {dagbag.py:588} INFO - Filling up the DagBag from /mnt/d/Universidad/ETL/Proyecto_airflow/venv/lib/python3.12/site-packages/airflow/example_dags/example_dynamic_task_mapping.py
[2025-04-01T16:43:18.185-0500] {processor.py:925} INFO - DAG(s) 'example_dynamic_task_mapping' retrieved from /mnt/d/Universidad/ETL/Proyecto_airflow/venv/lib/python3.12/site-packages/airflow/example_dags/example_dynamic_task_mapping.py
[2025-04-01T16:43:18.202-0500] {logging_mixin.py:190} INFO - [2025-04-01T16:43:18.202-0500] {dag.py:3239} INFO - Sync 1 DAGs
[2025-04-01T16:43:18.211-0500] {logging_mixin.py:190} INFO - [2025-04-01T16:43:18.211-0500] {dag.py:4180} INFO - Setting next_dagrun for example_dynamic_task_mapping to None, run_after=None
[2025-04-01T16:43:18.319-0500] {processor.py:208} INFO - Processing /mnt/d/Universidad/ETL/Proyecto_airflow/venv/lib/python3.12/site-packages/airflow/example_dags/example_dynamic_task_mapping.py took 0.199 seconds
[2025-04-01T16:44:54.670-0500] {processor.py:186} INFO - Started process (PID=5367) to work on /mnt/d/Universidad/ETL/Proyecto_airflow/venv/lib/python3.12/site-packages/airflow/example_dags/example_dynamic_task_mapping.py
[2025-04-01T16:44:54.672-0500] {processor.py:914} INFO - Processing file /mnt/d/Universidad/ETL/Proyecto_airflow/venv/lib/python3.12/site-packages/airflow/example_dags/example_dynamic_task_mapping.py for tasks to queue
[2025-04-01T16:44:54.674-0500] {logging_mixin.py:190} INFO - [2025-04-01T16:44:54.673-0500] {dagbag.py:588} INFO - Filling up the DagBag from /mnt/d/Universidad/ETL/Proyecto_airflow/venv/lib/python3.12/site-packages/airflow/example_dags/example_dynamic_task_mapping.py
[2025-04-01T16:44:54.728-0500] {processor.py:925} INFO - DAG(s) 'example_dynamic_task_mapping' retrieved from /mnt/d/Universidad/ETL/Proyecto_airflow/venv/lib/python3.12/site-packages/airflow/example_dags/example_dynamic_task_mapping.py
[2025-04-01T16:44:54.745-0500] {logging_mixin.py:190} INFO - [2025-04-01T16:44:54.745-0500] {dag.py:3239} INFO - Sync 1 DAGs
[2025-04-01T16:44:54.755-0500] {logging_mixin.py:190} INFO - [2025-04-01T16:44:54.754-0500] {dag.py:4180} INFO - Setting next_dagrun for example_dynamic_task_mapping to None, run_after=None
[2025-04-01T16:44:54.856-0500] {processor.py:208} INFO - Processing /mnt/d/Universidad/ETL/Proyecto_airflow/venv/lib/python3.12/site-packages/airflow/example_dags/example_dynamic_task_mapping.py took 0.194 seconds
[2025-04-01T16:46:33.590-0500] {processor.py:186} INFO - Started process (PID=5440) to work on /mnt/d/Universidad/ETL/Proyecto_airflow/venv/lib/python3.12/site-packages/airflow/example_dags/example_dynamic_task_mapping.py
[2025-04-01T16:46:33.591-0500] {processor.py:914} INFO - Processing file /mnt/d/Universidad/ETL/Proyecto_airflow/venv/lib/python3.12/site-packages/airflow/example_dags/example_dynamic_task_mapping.py for tasks to queue
[2025-04-01T16:46:33.593-0500] {logging_mixin.py:190} INFO - [2025-04-01T16:46:33.592-0500] {dagbag.py:588} INFO - Filling up the DagBag from /mnt/d/Universidad/ETL/Proyecto_airflow/venv/lib/python3.12/site-packages/airflow/example_dags/example_dynamic_task_mapping.py
[2025-04-01T16:46:33.649-0500] {processor.py:925} INFO - DAG(s) 'example_dynamic_task_mapping' retrieved from /mnt/d/Universidad/ETL/Proyecto_airflow/venv/lib/python3.12/site-packages/airflow/example_dags/example_dynamic_task_mapping.py
[2025-04-01T16:46:33.667-0500] {logging_mixin.py:190} INFO - [2025-04-01T16:46:33.666-0500] {dag.py:3239} INFO - Sync 1 DAGs
[2025-04-01T16:46:33.676-0500] {logging_mixin.py:190} INFO - [2025-04-01T16:46:33.675-0500] {dag.py:4180} INFO - Setting next_dagrun for example_dynamic_task_mapping to None, run_after=None
[2025-04-01T16:46:33.760-0500] {processor.py:208} INFO - Processing /mnt/d/Universidad/ETL/Proyecto_airflow/venv/lib/python3.12/site-packages/airflow/example_dags/example_dynamic_task_mapping.py took 0.179 seconds
[2025-04-01T16:48:06.271-0500] {processor.py:186} INFO - Started process (PID=5512) to work on /mnt/d/Universidad/ETL/Proyecto_airflow/venv/lib/python3.12/site-packages/airflow/example_dags/example_dynamic_task_mapping.py
[2025-04-01T16:48:06.272-0500] {processor.py:914} INFO - Processing file /mnt/d/Universidad/ETL/Proyecto_airflow/venv/lib/python3.12/site-packages/airflow/example_dags/example_dynamic_task_mapping.py for tasks to queue
[2025-04-01T16:48:06.274-0500] {logging_mixin.py:190} INFO - [2025-04-01T16:48:06.273-0500] {dagbag.py:588} INFO - Filling up the DagBag from /mnt/d/Universidad/ETL/Proyecto_airflow/venv/lib/python3.12/site-packages/airflow/example_dags/example_dynamic_task_mapping.py
[2025-04-01T16:48:06.327-0500] {processor.py:925} INFO - DAG(s) 'example_dynamic_task_mapping' retrieved from /mnt/d/Universidad/ETL/Proyecto_airflow/venv/lib/python3.12/site-packages/airflow/example_dags/example_dynamic_task_mapping.py
[2025-04-01T16:48:06.344-0500] {logging_mixin.py:190} INFO - [2025-04-01T16:48:06.343-0500] {dag.py:3239} INFO - Sync 1 DAGs
[2025-04-01T16:48:06.352-0500] {logging_mixin.py:190} INFO - [2025-04-01T16:48:06.352-0500] {dag.py:4180} INFO - Setting next_dagrun for example_dynamic_task_mapping to None, run_after=None
[2025-04-01T16:48:06.452-0500] {processor.py:208} INFO - Processing /mnt/d/Universidad/ETL/Proyecto_airflow/venv/lib/python3.12/site-packages/airflow/example_dags/example_dynamic_task_mapping.py took 0.189 seconds
[2025-04-01T16:49:37.083-0500] {processor.py:186} INFO - Started process (PID=5581) to work on /mnt/d/Universidad/ETL/Proyecto_airflow/venv/lib/python3.12/site-packages/airflow/example_dags/example_dynamic_task_mapping.py
[2025-04-01T16:49:37.084-0500] {processor.py:914} INFO - Processing file /mnt/d/Universidad/ETL/Proyecto_airflow/venv/lib/python3.12/site-packages/airflow/example_dags/example_dynamic_task_mapping.py for tasks to queue
[2025-04-01T16:49:37.087-0500] {logging_mixin.py:190} INFO - [2025-04-01T16:49:37.086-0500] {dagbag.py:588} INFO - Filling up the DagBag from /mnt/d/Universidad/ETL/Proyecto_airflow/venv/lib/python3.12/site-packages/airflow/example_dags/example_dynamic_task_mapping.py
[2025-04-01T16:49:37.141-0500] {processor.py:925} INFO - DAG(s) 'example_dynamic_task_mapping' retrieved from /mnt/d/Universidad/ETL/Proyecto_airflow/venv/lib/python3.12/site-packages/airflow/example_dags/example_dynamic_task_mapping.py
[2025-04-01T16:49:37.158-0500] {logging_mixin.py:190} INFO - [2025-04-01T16:49:37.158-0500] {dag.py:3239} INFO - Sync 1 DAGs
[2025-04-01T16:49:37.168-0500] {logging_mixin.py:190} INFO - [2025-04-01T16:49:37.167-0500] {dag.py:4180} INFO - Setting next_dagrun for example_dynamic_task_mapping to None, run_after=None
[2025-04-01T16:49:37.261-0500] {processor.py:208} INFO - Processing /mnt/d/Universidad/ETL/Proyecto_airflow/venv/lib/python3.12/site-packages/airflow/example_dags/example_dynamic_task_mapping.py took 0.185 seconds
[2025-04-01T16:51:05.566-0500] {processor.py:186} INFO - Started process (PID=5650) to work on /mnt/d/Universidad/ETL/Proyecto_airflow/venv/lib/python3.12/site-packages/airflow/example_dags/example_dynamic_task_mapping.py
[2025-04-01T16:51:05.567-0500] {processor.py:914} INFO - Processing file /mnt/d/Universidad/ETL/Proyecto_airflow/venv/lib/python3.12/site-packages/airflow/example_dags/example_dynamic_task_mapping.py for tasks to queue
[2025-04-01T16:51:05.569-0500] {logging_mixin.py:190} INFO - [2025-04-01T16:51:05.568-0500] {dagbag.py:588} INFO - Filling up the DagBag from /mnt/d/Universidad/ETL/Proyecto_airflow/venv/lib/python3.12/site-packages/airflow/example_dags/example_dynamic_task_mapping.py
[2025-04-01T16:51:05.622-0500] {processor.py:925} INFO - DAG(s) 'example_dynamic_task_mapping' retrieved from /mnt/d/Universidad/ETL/Proyecto_airflow/venv/lib/python3.12/site-packages/airflow/example_dags/example_dynamic_task_mapping.py
[2025-04-01T16:51:05.642-0500] {logging_mixin.py:190} INFO - [2025-04-01T16:51:05.642-0500] {dag.py:3239} INFO - Sync 1 DAGs
[2025-04-01T16:51:05.651-0500] {logging_mixin.py:190} INFO - [2025-04-01T16:51:05.651-0500] {dag.py:4180} INFO - Setting next_dagrun for example_dynamic_task_mapping to None, run_after=None
[2025-04-01T16:51:05.744-0500] {processor.py:208} INFO - Processing /mnt/d/Universidad/ETL/Proyecto_airflow/venv/lib/python3.12/site-packages/airflow/example_dags/example_dynamic_task_mapping.py took 0.186 seconds
[2025-04-01T16:52:46.479-0500] {processor.py:186} INFO - Started process (PID=5724) to work on /mnt/d/Universidad/ETL/Proyecto_airflow/venv/lib/python3.12/site-packages/airflow/example_dags/example_dynamic_task_mapping.py
[2025-04-01T16:52:46.480-0500] {processor.py:914} INFO - Processing file /mnt/d/Universidad/ETL/Proyecto_airflow/venv/lib/python3.12/site-packages/airflow/example_dags/example_dynamic_task_mapping.py for tasks to queue
[2025-04-01T16:52:46.482-0500] {logging_mixin.py:190} INFO - [2025-04-01T16:52:46.481-0500] {dagbag.py:588} INFO - Filling up the DagBag from /mnt/d/Universidad/ETL/Proyecto_airflow/venv/lib/python3.12/site-packages/airflow/example_dags/example_dynamic_task_mapping.py
[2025-04-01T16:52:46.534-0500] {processor.py:925} INFO - DAG(s) 'example_dynamic_task_mapping' retrieved from /mnt/d/Universidad/ETL/Proyecto_airflow/venv/lib/python3.12/site-packages/airflow/example_dags/example_dynamic_task_mapping.py
[2025-04-01T16:52:46.551-0500] {logging_mixin.py:190} INFO - [2025-04-01T16:52:46.550-0500] {dag.py:3239} INFO - Sync 1 DAGs
[2025-04-01T16:52:46.560-0500] {logging_mixin.py:190} INFO - [2025-04-01T16:52:46.559-0500] {dag.py:4180} INFO - Setting next_dagrun for example_dynamic_task_mapping to None, run_after=None
[2025-04-01T16:52:46.671-0500] {processor.py:208} INFO - Processing /mnt/d/Universidad/ETL/Proyecto_airflow/venv/lib/python3.12/site-packages/airflow/example_dags/example_dynamic_task_mapping.py took 0.200 seconds
[2025-04-01T16:54:22.393-0500] {processor.py:186} INFO - Started process (PID=5796) to work on /mnt/d/Universidad/ETL/Proyecto_airflow/venv/lib/python3.12/site-packages/airflow/example_dags/example_dynamic_task_mapping.py
[2025-04-01T16:54:22.394-0500] {processor.py:914} INFO - Processing file /mnt/d/Universidad/ETL/Proyecto_airflow/venv/lib/python3.12/site-packages/airflow/example_dags/example_dynamic_task_mapping.py for tasks to queue
[2025-04-01T16:54:22.396-0500] {logging_mixin.py:190} INFO - [2025-04-01T16:54:22.395-0500] {dagbag.py:588} INFO - Filling up the DagBag from /mnt/d/Universidad/ETL/Proyecto_airflow/venv/lib/python3.12/site-packages/airflow/example_dags/example_dynamic_task_mapping.py
[2025-04-01T16:54:22.451-0500] {processor.py:925} INFO - DAG(s) 'example_dynamic_task_mapping' retrieved from /mnt/d/Universidad/ETL/Proyecto_airflow/venv/lib/python3.12/site-packages/airflow/example_dags/example_dynamic_task_mapping.py
[2025-04-01T16:54:22.469-0500] {logging_mixin.py:190} INFO - [2025-04-01T16:54:22.469-0500] {dag.py:3239} INFO - Sync 1 DAGs
[2025-04-01T16:54:22.479-0500] {logging_mixin.py:190} INFO - [2025-04-01T16:54:22.479-0500] {dag.py:4180} INFO - Setting next_dagrun for example_dynamic_task_mapping to None, run_after=None
[2025-04-01T16:54:22.580-0500] {processor.py:208} INFO - Processing /mnt/d/Universidad/ETL/Proyecto_airflow/venv/lib/python3.12/site-packages/airflow/example_dags/example_dynamic_task_mapping.py took 0.195 seconds
[2025-04-01T16:55:56.401-0500] {processor.py:186} INFO - Started process (PID=5867) to work on /mnt/d/Universidad/ETL/Proyecto_airflow/venv/lib/python3.12/site-packages/airflow/example_dags/example_dynamic_task_mapping.py
[2025-04-01T16:55:56.402-0500] {processor.py:914} INFO - Processing file /mnt/d/Universidad/ETL/Proyecto_airflow/venv/lib/python3.12/site-packages/airflow/example_dags/example_dynamic_task_mapping.py for tasks to queue
[2025-04-01T16:55:56.405-0500] {logging_mixin.py:190} INFO - [2025-04-01T16:55:56.404-0500] {dagbag.py:588} INFO - Filling up the DagBag from /mnt/d/Universidad/ETL/Proyecto_airflow/venv/lib/python3.12/site-packages/airflow/example_dags/example_dynamic_task_mapping.py
[2025-04-01T16:55:56.459-0500] {processor.py:925} INFO - DAG(s) 'example_dynamic_task_mapping' retrieved from /mnt/d/Universidad/ETL/Proyecto_airflow/venv/lib/python3.12/site-packages/airflow/example_dags/example_dynamic_task_mapping.py
[2025-04-01T16:55:56.476-0500] {logging_mixin.py:190} INFO - [2025-04-01T16:55:56.475-0500] {dag.py:3239} INFO - Sync 1 DAGs
[2025-04-01T16:55:56.485-0500] {logging_mixin.py:190} INFO - [2025-04-01T16:55:56.484-0500] {dag.py:4180} INFO - Setting next_dagrun for example_dynamic_task_mapping to None, run_after=None
[2025-04-01T16:55:56.579-0500] {processor.py:208} INFO - Processing /mnt/d/Universidad/ETL/Proyecto_airflow/venv/lib/python3.12/site-packages/airflow/example_dags/example_dynamic_task_mapping.py took 0.186 seconds
[2025-04-01T16:57:28.260-0500] {processor.py:186} INFO - Started process (PID=5939) to work on /mnt/d/Universidad/ETL/Proyecto_airflow/venv/lib/python3.12/site-packages/airflow/example_dags/example_dynamic_task_mapping.py
[2025-04-01T16:57:28.261-0500] {processor.py:914} INFO - Processing file /mnt/d/Universidad/ETL/Proyecto_airflow/venv/lib/python3.12/site-packages/airflow/example_dags/example_dynamic_task_mapping.py for tasks to queue
[2025-04-01T16:57:28.263-0500] {logging_mixin.py:190} INFO - [2025-04-01T16:57:28.262-0500] {dagbag.py:588} INFO - Filling up the DagBag from /mnt/d/Universidad/ETL/Proyecto_airflow/venv/lib/python3.12/site-packages/airflow/example_dags/example_dynamic_task_mapping.py
[2025-04-01T16:57:28.316-0500] {processor.py:925} INFO - DAG(s) 'example_dynamic_task_mapping' retrieved from /mnt/d/Universidad/ETL/Proyecto_airflow/venv/lib/python3.12/site-packages/airflow/example_dags/example_dynamic_task_mapping.py
[2025-04-01T16:57:28.334-0500] {logging_mixin.py:190} INFO - [2025-04-01T16:57:28.333-0500] {dag.py:3239} INFO - Sync 1 DAGs
[2025-04-01T16:57:28.343-0500] {logging_mixin.py:190} INFO - [2025-04-01T16:57:28.342-0500] {dag.py:4180} INFO - Setting next_dagrun for example_dynamic_task_mapping to None, run_after=None
[2025-04-01T16:57:28.446-0500] {processor.py:208} INFO - Processing /mnt/d/Universidad/ETL/Proyecto_airflow/venv/lib/python3.12/site-packages/airflow/example_dags/example_dynamic_task_mapping.py took 0.194 seconds
[2025-04-01T16:59:02.249-0500] {processor.py:186} INFO - Started process (PID=6009) to work on /mnt/d/Universidad/ETL/Proyecto_airflow/venv/lib/python3.12/site-packages/airflow/example_dags/example_dynamic_task_mapping.py
[2025-04-01T16:59:02.250-0500] {processor.py:914} INFO - Processing file /mnt/d/Universidad/ETL/Proyecto_airflow/venv/lib/python3.12/site-packages/airflow/example_dags/example_dynamic_task_mapping.py for tasks to queue
[2025-04-01T16:59:02.253-0500] {logging_mixin.py:190} INFO - [2025-04-01T16:59:02.252-0500] {dagbag.py:588} INFO - Filling up the DagBag from /mnt/d/Universidad/ETL/Proyecto_airflow/venv/lib/python3.12/site-packages/airflow/example_dags/example_dynamic_task_mapping.py
[2025-04-01T16:59:02.307-0500] {processor.py:925} INFO - DAG(s) 'example_dynamic_task_mapping' retrieved from /mnt/d/Universidad/ETL/Proyecto_airflow/venv/lib/python3.12/site-packages/airflow/example_dags/example_dynamic_task_mapping.py
[2025-04-01T16:59:02.324-0500] {logging_mixin.py:190} INFO - [2025-04-01T16:59:02.324-0500] {dag.py:3239} INFO - Sync 1 DAGs
[2025-04-01T16:59:02.333-0500] {logging_mixin.py:190} INFO - [2025-04-01T16:59:02.332-0500] {dag.py:4180} INFO - Setting next_dagrun for example_dynamic_task_mapping to None, run_after=None
[2025-04-01T16:59:02.444-0500] {processor.py:208} INFO - Processing /mnt/d/Universidad/ETL/Proyecto_airflow/venv/lib/python3.12/site-packages/airflow/example_dags/example_dynamic_task_mapping.py took 0.202 seconds
[2025-04-01T17:00:40.169-0500] {processor.py:186} INFO - Started process (PID=6080) to work on /mnt/d/Universidad/ETL/Proyecto_airflow/venv/lib/python3.12/site-packages/airflow/example_dags/example_dynamic_task_mapping.py
[2025-04-01T17:00:40.171-0500] {processor.py:914} INFO - Processing file /mnt/d/Universidad/ETL/Proyecto_airflow/venv/lib/python3.12/site-packages/airflow/example_dags/example_dynamic_task_mapping.py for tasks to queue
[2025-04-01T17:00:40.173-0500] {logging_mixin.py:190} INFO - [2025-04-01T17:00:40.172-0500] {dagbag.py:588} INFO - Filling up the DagBag from /mnt/d/Universidad/ETL/Proyecto_airflow/venv/lib/python3.12/site-packages/airflow/example_dags/example_dynamic_task_mapping.py
[2025-04-01T17:00:40.226-0500] {processor.py:925} INFO - DAG(s) 'example_dynamic_task_mapping' retrieved from /mnt/d/Universidad/ETL/Proyecto_airflow/venv/lib/python3.12/site-packages/airflow/example_dags/example_dynamic_task_mapping.py
[2025-04-01T17:00:40.243-0500] {logging_mixin.py:190} INFO - [2025-04-01T17:00:40.243-0500] {dag.py:3239} INFO - Sync 1 DAGs
[2025-04-01T17:00:40.253-0500] {logging_mixin.py:190} INFO - [2025-04-01T17:00:40.252-0500] {dag.py:4180} INFO - Setting next_dagrun for example_dynamic_task_mapping to None, run_after=None
[2025-04-01T17:00:40.361-0500] {processor.py:208} INFO - Processing /mnt/d/Universidad/ETL/Proyecto_airflow/venv/lib/python3.12/site-packages/airflow/example_dags/example_dynamic_task_mapping.py took 0.199 seconds
[2025-04-01T17:02:11.915-0500] {processor.py:186} INFO - Started process (PID=6152) to work on /mnt/d/Universidad/ETL/Proyecto_airflow/venv/lib/python3.12/site-packages/airflow/example_dags/example_dynamic_task_mapping.py
[2025-04-01T17:02:11.916-0500] {processor.py:914} INFO - Processing file /mnt/d/Universidad/ETL/Proyecto_airflow/venv/lib/python3.12/site-packages/airflow/example_dags/example_dynamic_task_mapping.py for tasks to queue
[2025-04-01T17:02:11.918-0500] {logging_mixin.py:190} INFO - [2025-04-01T17:02:11.918-0500] {dagbag.py:588} INFO - Filling up the DagBag from /mnt/d/Universidad/ETL/Proyecto_airflow/venv/lib/python3.12/site-packages/airflow/example_dags/example_dynamic_task_mapping.py
[2025-04-01T17:02:11.970-0500] {processor.py:925} INFO - DAG(s) 'example_dynamic_task_mapping' retrieved from /mnt/d/Universidad/ETL/Proyecto_airflow/venv/lib/python3.12/site-packages/airflow/example_dags/example_dynamic_task_mapping.py
[2025-04-01T17:02:11.988-0500] {logging_mixin.py:190} INFO - [2025-04-01T17:02:11.987-0500] {dag.py:3239} INFO - Sync 1 DAGs
[2025-04-01T17:02:11.996-0500] {logging_mixin.py:190} INFO - [2025-04-01T17:02:11.996-0500] {dag.py:4180} INFO - Setting next_dagrun for example_dynamic_task_mapping to None, run_after=None
[2025-04-01T17:02:12.124-0500] {processor.py:208} INFO - Processing /mnt/d/Universidad/ETL/Proyecto_airflow/venv/lib/python3.12/site-packages/airflow/example_dags/example_dynamic_task_mapping.py took 0.217 seconds
[2025-04-01T17:03:49.948-0500] {processor.py:186} INFO - Started process (PID=6223) to work on /mnt/d/Universidad/ETL/Proyecto_airflow/venv/lib/python3.12/site-packages/airflow/example_dags/example_dynamic_task_mapping.py
[2025-04-01T17:03:49.949-0500] {processor.py:914} INFO - Processing file /mnt/d/Universidad/ETL/Proyecto_airflow/venv/lib/python3.12/site-packages/airflow/example_dags/example_dynamic_task_mapping.py for tasks to queue
[2025-04-01T17:03:49.952-0500] {logging_mixin.py:190} INFO - [2025-04-01T17:03:49.951-0500] {dagbag.py:588} INFO - Filling up the DagBag from /mnt/d/Universidad/ETL/Proyecto_airflow/venv/lib/python3.12/site-packages/airflow/example_dags/example_dynamic_task_mapping.py
[2025-04-01T17:03:50.006-0500] {processor.py:925} INFO - DAG(s) 'example_dynamic_task_mapping' retrieved from /mnt/d/Universidad/ETL/Proyecto_airflow/venv/lib/python3.12/site-packages/airflow/example_dags/example_dynamic_task_mapping.py
[2025-04-01T17:03:50.024-0500] {logging_mixin.py:190} INFO - [2025-04-01T17:03:50.024-0500] {dag.py:3239} INFO - Sync 1 DAGs
[2025-04-01T17:03:50.033-0500] {logging_mixin.py:190} INFO - [2025-04-01T17:03:50.033-0500] {dag.py:4180} INFO - Setting next_dagrun for example_dynamic_task_mapping to None, run_after=None
[2025-04-01T17:03:50.131-0500] {processor.py:208} INFO - Processing /mnt/d/Universidad/ETL/Proyecto_airflow/venv/lib/python3.12/site-packages/airflow/example_dags/example_dynamic_task_mapping.py took 0.190 seconds
[2025-04-01T17:05:25.215-0500] {processor.py:186} INFO - Started process (PID=6292) to work on /mnt/d/Universidad/ETL/Proyecto_airflow/venv/lib/python3.12/site-packages/airflow/example_dags/example_dynamic_task_mapping.py
[2025-04-01T17:05:25.217-0500] {processor.py:914} INFO - Processing file /mnt/d/Universidad/ETL/Proyecto_airflow/venv/lib/python3.12/site-packages/airflow/example_dags/example_dynamic_task_mapping.py for tasks to queue
[2025-04-01T17:05:25.219-0500] {logging_mixin.py:190} INFO - [2025-04-01T17:05:25.218-0500] {dagbag.py:588} INFO - Filling up the DagBag from /mnt/d/Universidad/ETL/Proyecto_airflow/venv/lib/python3.12/site-packages/airflow/example_dags/example_dynamic_task_mapping.py
[2025-04-01T17:05:25.273-0500] {processor.py:925} INFO - DAG(s) 'example_dynamic_task_mapping' retrieved from /mnt/d/Universidad/ETL/Proyecto_airflow/venv/lib/python3.12/site-packages/airflow/example_dags/example_dynamic_task_mapping.py
[2025-04-01T17:05:25.292-0500] {logging_mixin.py:190} INFO - [2025-04-01T17:05:25.292-0500] {dag.py:3239} INFO - Sync 1 DAGs
[2025-04-01T17:05:25.302-0500] {logging_mixin.py:190} INFO - [2025-04-01T17:05:25.302-0500] {dag.py:4180} INFO - Setting next_dagrun for example_dynamic_task_mapping to None, run_after=None
[2025-04-01T17:05:25.400-0500] {processor.py:208} INFO - Processing /mnt/d/Universidad/ETL/Proyecto_airflow/venv/lib/python3.12/site-packages/airflow/example_dags/example_dynamic_task_mapping.py took 0.193 seconds
[2025-04-01T17:07:03.325-0500] {processor.py:186} INFO - Started process (PID=6367) to work on /mnt/d/Universidad/ETL/Proyecto_airflow/venv/lib/python3.12/site-packages/airflow/example_dags/example_dynamic_task_mapping.py
[2025-04-01T17:07:03.326-0500] {processor.py:914} INFO - Processing file /mnt/d/Universidad/ETL/Proyecto_airflow/venv/lib/python3.12/site-packages/airflow/example_dags/example_dynamic_task_mapping.py for tasks to queue
[2025-04-01T17:07:03.328-0500] {logging_mixin.py:190} INFO - [2025-04-01T17:07:03.327-0500] {dagbag.py:588} INFO - Filling up the DagBag from /mnt/d/Universidad/ETL/Proyecto_airflow/venv/lib/python3.12/site-packages/airflow/example_dags/example_dynamic_task_mapping.py
[2025-04-01T17:07:03.380-0500] {processor.py:925} INFO - DAG(s) 'example_dynamic_task_mapping' retrieved from /mnt/d/Universidad/ETL/Proyecto_airflow/venv/lib/python3.12/site-packages/airflow/example_dags/example_dynamic_task_mapping.py
[2025-04-01T17:07:03.398-0500] {logging_mixin.py:190} INFO - [2025-04-01T17:07:03.397-0500] {dag.py:3239} INFO - Sync 1 DAGs
[2025-04-01T17:07:03.406-0500] {logging_mixin.py:190} INFO - [2025-04-01T17:07:03.406-0500] {dag.py:4180} INFO - Setting next_dagrun for example_dynamic_task_mapping to None, run_after=None
[2025-04-01T17:07:03.518-0500] {processor.py:208} INFO - Processing /mnt/d/Universidad/ETL/Proyecto_airflow/venv/lib/python3.12/site-packages/airflow/example_dags/example_dynamic_task_mapping.py took 0.202 seconds
[2025-04-01T17:08:38.844-0500] {processor.py:186} INFO - Started process (PID=6439) to work on /mnt/d/Universidad/ETL/Proyecto_airflow/venv/lib/python3.12/site-packages/airflow/example_dags/example_dynamic_task_mapping.py
[2025-04-01T17:08:38.845-0500] {processor.py:914} INFO - Processing file /mnt/d/Universidad/ETL/Proyecto_airflow/venv/lib/python3.12/site-packages/airflow/example_dags/example_dynamic_task_mapping.py for tasks to queue
[2025-04-01T17:08:38.847-0500] {logging_mixin.py:190} INFO - [2025-04-01T17:08:38.846-0500] {dagbag.py:588} INFO - Filling up the DagBag from /mnt/d/Universidad/ETL/Proyecto_airflow/venv/lib/python3.12/site-packages/airflow/example_dags/example_dynamic_task_mapping.py
[2025-04-01T17:08:38.900-0500] {processor.py:925} INFO - DAG(s) 'example_dynamic_task_mapping' retrieved from /mnt/d/Universidad/ETL/Proyecto_airflow/venv/lib/python3.12/site-packages/airflow/example_dags/example_dynamic_task_mapping.py
[2025-04-01T17:08:38.917-0500] {logging_mixin.py:190} INFO - [2025-04-01T17:08:38.916-0500] {dag.py:3239} INFO - Sync 1 DAGs
[2025-04-01T17:08:38.926-0500] {logging_mixin.py:190} INFO - [2025-04-01T17:08:38.925-0500] {dag.py:4180} INFO - Setting next_dagrun for example_dynamic_task_mapping to None, run_after=None
[2025-04-01T17:08:39.024-0500] {processor.py:208} INFO - Processing /mnt/d/Universidad/ETL/Proyecto_airflow/venv/lib/python3.12/site-packages/airflow/example_dags/example_dynamic_task_mapping.py took 0.188 seconds
[2025-04-01T17:10:20.881-0500] {processor.py:186} INFO - Started process (PID=6511) to work on /mnt/d/Universidad/ETL/Proyecto_airflow/venv/lib/python3.12/site-packages/airflow/example_dags/example_dynamic_task_mapping.py
[2025-04-01T17:10:20.882-0500] {processor.py:914} INFO - Processing file /mnt/d/Universidad/ETL/Proyecto_airflow/venv/lib/python3.12/site-packages/airflow/example_dags/example_dynamic_task_mapping.py for tasks to queue
[2025-04-01T17:10:20.884-0500] {logging_mixin.py:190} INFO - [2025-04-01T17:10:20.883-0500] {dagbag.py:588} INFO - Filling up the DagBag from /mnt/d/Universidad/ETL/Proyecto_airflow/venv/lib/python3.12/site-packages/airflow/example_dags/example_dynamic_task_mapping.py
[2025-04-01T17:10:20.938-0500] {processor.py:925} INFO - DAG(s) 'example_dynamic_task_mapping' retrieved from /mnt/d/Universidad/ETL/Proyecto_airflow/venv/lib/python3.12/site-packages/airflow/example_dags/example_dynamic_task_mapping.py
[2025-04-01T17:10:20.955-0500] {logging_mixin.py:190} INFO - [2025-04-01T17:10:20.954-0500] {dag.py:3239} INFO - Sync 1 DAGs
[2025-04-01T17:10:20.964-0500] {logging_mixin.py:190} INFO - [2025-04-01T17:10:20.963-0500] {dag.py:4180} INFO - Setting next_dagrun for example_dynamic_task_mapping to None, run_after=None
[2025-04-01T17:10:21.066-0500] {processor.py:208} INFO - Processing /mnt/d/Universidad/ETL/Proyecto_airflow/venv/lib/python3.12/site-packages/airflow/example_dags/example_dynamic_task_mapping.py took 0.193 seconds
[2025-04-01T17:12:05.669-0500] {processor.py:186} INFO - Started process (PID=6586) to work on /mnt/d/Universidad/ETL/Proyecto_airflow/venv/lib/python3.12/site-packages/airflow/example_dags/example_dynamic_task_mapping.py
[2025-04-01T17:12:05.670-0500] {processor.py:914} INFO - Processing file /mnt/d/Universidad/ETL/Proyecto_airflow/venv/lib/python3.12/site-packages/airflow/example_dags/example_dynamic_task_mapping.py for tasks to queue
[2025-04-01T17:12:05.672-0500] {logging_mixin.py:190} INFO - [2025-04-01T17:12:05.672-0500] {dagbag.py:588} INFO - Filling up the DagBag from /mnt/d/Universidad/ETL/Proyecto_airflow/venv/lib/python3.12/site-packages/airflow/example_dags/example_dynamic_task_mapping.py
[2025-04-01T17:12:05.725-0500] {processor.py:925} INFO - DAG(s) 'example_dynamic_task_mapping' retrieved from /mnt/d/Universidad/ETL/Proyecto_airflow/venv/lib/python3.12/site-packages/airflow/example_dags/example_dynamic_task_mapping.py
[2025-04-01T17:12:05.742-0500] {logging_mixin.py:190} INFO - [2025-04-01T17:12:05.741-0500] {dag.py:3239} INFO - Sync 1 DAGs
[2025-04-01T17:12:05.751-0500] {logging_mixin.py:190} INFO - [2025-04-01T17:12:05.750-0500] {dag.py:4180} INFO - Setting next_dagrun for example_dynamic_task_mapping to None, run_after=None
[2025-04-01T17:12:05.853-0500] {processor.py:208} INFO - Processing /mnt/d/Universidad/ETL/Proyecto_airflow/venv/lib/python3.12/site-packages/airflow/example_dags/example_dynamic_task_mapping.py took 0.191 seconds
[2025-04-01T17:13:43.636-0500] {processor.py:186} INFO - Started process (PID=6659) to work on /mnt/d/Universidad/ETL/Proyecto_airflow/venv/lib/python3.12/site-packages/airflow/example_dags/example_dynamic_task_mapping.py
[2025-04-01T17:13:43.637-0500] {processor.py:914} INFO - Processing file /mnt/d/Universidad/ETL/Proyecto_airflow/venv/lib/python3.12/site-packages/airflow/example_dags/example_dynamic_task_mapping.py for tasks to queue
[2025-04-01T17:13:43.640-0500] {logging_mixin.py:190} INFO - [2025-04-01T17:13:43.639-0500] {dagbag.py:588} INFO - Filling up the DagBag from /mnt/d/Universidad/ETL/Proyecto_airflow/venv/lib/python3.12/site-packages/airflow/example_dags/example_dynamic_task_mapping.py
[2025-04-01T17:13:43.693-0500] {processor.py:925} INFO - DAG(s) 'example_dynamic_task_mapping' retrieved from /mnt/d/Universidad/ETL/Proyecto_airflow/venv/lib/python3.12/site-packages/airflow/example_dags/example_dynamic_task_mapping.py
[2025-04-01T17:13:43.710-0500] {logging_mixin.py:190} INFO - [2025-04-01T17:13:43.710-0500] {dag.py:3239} INFO - Sync 1 DAGs
[2025-04-01T17:13:43.719-0500] {logging_mixin.py:190} INFO - [2025-04-01T17:13:43.718-0500] {dag.py:4180} INFO - Setting next_dagrun for example_dynamic_task_mapping to None, run_after=None
[2025-04-01T17:13:43.827-0500] {processor.py:208} INFO - Processing /mnt/d/Universidad/ETL/Proyecto_airflow/venv/lib/python3.12/site-packages/airflow/example_dags/example_dynamic_task_mapping.py took 0.198 seconds
[2025-04-01T17:15:13.788-0500] {processor.py:186} INFO - Started process (PID=6730) to work on /mnt/d/Universidad/ETL/Proyecto_airflow/venv/lib/python3.12/site-packages/airflow/example_dags/example_dynamic_task_mapping.py
[2025-04-01T17:15:13.789-0500] {processor.py:914} INFO - Processing file /mnt/d/Universidad/ETL/Proyecto_airflow/venv/lib/python3.12/site-packages/airflow/example_dags/example_dynamic_task_mapping.py for tasks to queue
[2025-04-01T17:15:13.791-0500] {logging_mixin.py:190} INFO - [2025-04-01T17:15:13.790-0500] {dagbag.py:588} INFO - Filling up the DagBag from /mnt/d/Universidad/ETL/Proyecto_airflow/venv/lib/python3.12/site-packages/airflow/example_dags/example_dynamic_task_mapping.py
[2025-04-01T17:15:13.845-0500] {processor.py:925} INFO - DAG(s) 'example_dynamic_task_mapping' retrieved from /mnt/d/Universidad/ETL/Proyecto_airflow/venv/lib/python3.12/site-packages/airflow/example_dags/example_dynamic_task_mapping.py
[2025-04-01T17:15:13.862-0500] {logging_mixin.py:190} INFO - [2025-04-01T17:15:13.861-0500] {dag.py:3239} INFO - Sync 1 DAGs
[2025-04-01T17:15:13.871-0500] {logging_mixin.py:190} INFO - [2025-04-01T17:15:13.870-0500] {dag.py:4180} INFO - Setting next_dagrun for example_dynamic_task_mapping to None, run_after=None
[2025-04-01T17:15:13.973-0500] {processor.py:208} INFO - Processing /mnt/d/Universidad/ETL/Proyecto_airflow/venv/lib/python3.12/site-packages/airflow/example_dags/example_dynamic_task_mapping.py took 0.193 seconds
[2025-04-01T17:16:48.864-0500] {processor.py:186} INFO - Started process (PID=6801) to work on /mnt/d/Universidad/ETL/Proyecto_airflow/venv/lib/python3.12/site-packages/airflow/example_dags/example_dynamic_task_mapping.py
[2025-04-01T17:16:48.866-0500] {processor.py:914} INFO - Processing file /mnt/d/Universidad/ETL/Proyecto_airflow/venv/lib/python3.12/site-packages/airflow/example_dags/example_dynamic_task_mapping.py for tasks to queue
[2025-04-01T17:16:48.868-0500] {logging_mixin.py:190} INFO - [2025-04-01T17:16:48.867-0500] {dagbag.py:588} INFO - Filling up the DagBag from /mnt/d/Universidad/ETL/Proyecto_airflow/venv/lib/python3.12/site-packages/airflow/example_dags/example_dynamic_task_mapping.py
[2025-04-01T17:16:48.921-0500] {processor.py:925} INFO - DAG(s) 'example_dynamic_task_mapping' retrieved from /mnt/d/Universidad/ETL/Proyecto_airflow/venv/lib/python3.12/site-packages/airflow/example_dags/example_dynamic_task_mapping.py
[2025-04-01T17:16:48.938-0500] {logging_mixin.py:190} INFO - [2025-04-01T17:16:48.937-0500] {dag.py:3239} INFO - Sync 1 DAGs
[2025-04-01T17:16:48.947-0500] {logging_mixin.py:190} INFO - [2025-04-01T17:16:48.946-0500] {dag.py:4180} INFO - Setting next_dagrun for example_dynamic_task_mapping to None, run_after=None
[2025-04-01T17:16:49.044-0500] {processor.py:208} INFO - Processing /mnt/d/Universidad/ETL/Proyecto_airflow/venv/lib/python3.12/site-packages/airflow/example_dags/example_dynamic_task_mapping.py took 0.187 seconds
[2025-04-01T17:18:27.539-0500] {processor.py:186} INFO - Started process (PID=6875) to work on /mnt/d/Universidad/ETL/Proyecto_airflow/venv/lib/python3.12/site-packages/airflow/example_dags/example_dynamic_task_mapping.py
[2025-04-01T17:18:27.540-0500] {processor.py:914} INFO - Processing file /mnt/d/Universidad/ETL/Proyecto_airflow/venv/lib/python3.12/site-packages/airflow/example_dags/example_dynamic_task_mapping.py for tasks to queue
[2025-04-01T17:18:27.542-0500] {logging_mixin.py:190} INFO - [2025-04-01T17:18:27.541-0500] {dagbag.py:588} INFO - Filling up the DagBag from /mnt/d/Universidad/ETL/Proyecto_airflow/venv/lib/python3.12/site-packages/airflow/example_dags/example_dynamic_task_mapping.py
[2025-04-01T17:18:27.597-0500] {processor.py:925} INFO - DAG(s) 'example_dynamic_task_mapping' retrieved from /mnt/d/Universidad/ETL/Proyecto_airflow/venv/lib/python3.12/site-packages/airflow/example_dags/example_dynamic_task_mapping.py
[2025-04-01T17:18:27.614-0500] {logging_mixin.py:190} INFO - [2025-04-01T17:18:27.613-0500] {dag.py:3239} INFO - Sync 1 DAGs
[2025-04-01T17:18:27.623-0500] {logging_mixin.py:190} INFO - [2025-04-01T17:18:27.622-0500] {dag.py:4180} INFO - Setting next_dagrun for example_dynamic_task_mapping to None, run_after=None
[2025-04-01T17:18:27.732-0500] {processor.py:208} INFO - Processing /mnt/d/Universidad/ETL/Proyecto_airflow/venv/lib/python3.12/site-packages/airflow/example_dags/example_dynamic_task_mapping.py took 0.201 seconds
[2025-04-01T17:20:10.250-0500] {processor.py:186} INFO - Started process (PID=6950) to work on /mnt/d/Universidad/ETL/Proyecto_airflow/venv/lib/python3.12/site-packages/airflow/example_dags/example_dynamic_task_mapping.py
[2025-04-01T17:20:10.251-0500] {processor.py:914} INFO - Processing file /mnt/d/Universidad/ETL/Proyecto_airflow/venv/lib/python3.12/site-packages/airflow/example_dags/example_dynamic_task_mapping.py for tasks to queue
[2025-04-01T17:20:10.253-0500] {logging_mixin.py:190} INFO - [2025-04-01T17:20:10.253-0500] {dagbag.py:588} INFO - Filling up the DagBag from /mnt/d/Universidad/ETL/Proyecto_airflow/venv/lib/python3.12/site-packages/airflow/example_dags/example_dynamic_task_mapping.py
[2025-04-01T17:20:10.307-0500] {processor.py:925} INFO - DAG(s) 'example_dynamic_task_mapping' retrieved from /mnt/d/Universidad/ETL/Proyecto_airflow/venv/lib/python3.12/site-packages/airflow/example_dags/example_dynamic_task_mapping.py
[2025-04-01T17:20:10.324-0500] {logging_mixin.py:190} INFO - [2025-04-01T17:20:10.324-0500] {dag.py:3239} INFO - Sync 1 DAGs
[2025-04-01T17:20:10.333-0500] {logging_mixin.py:190} INFO - [2025-04-01T17:20:10.333-0500] {dag.py:4180} INFO - Setting next_dagrun for example_dynamic_task_mapping to None, run_after=None
[2025-04-01T17:20:10.437-0500] {processor.py:208} INFO - Processing /mnt/d/Universidad/ETL/Proyecto_airflow/venv/lib/python3.12/site-packages/airflow/example_dags/example_dynamic_task_mapping.py took 0.195 seconds
[2025-04-01T17:21:50.782-0500] {processor.py:186} INFO - Started process (PID=7024) to work on /mnt/d/Universidad/ETL/Proyecto_airflow/venv/lib/python3.12/site-packages/airflow/example_dags/example_dynamic_task_mapping.py
[2025-04-01T17:21:50.783-0500] {processor.py:914} INFO - Processing file /mnt/d/Universidad/ETL/Proyecto_airflow/venv/lib/python3.12/site-packages/airflow/example_dags/example_dynamic_task_mapping.py for tasks to queue
[2025-04-01T17:21:50.785-0500] {logging_mixin.py:190} INFO - [2025-04-01T17:21:50.784-0500] {dagbag.py:588} INFO - Filling up the DagBag from /mnt/d/Universidad/ETL/Proyecto_airflow/venv/lib/python3.12/site-packages/airflow/example_dags/example_dynamic_task_mapping.py
[2025-04-01T17:21:50.838-0500] {processor.py:925} INFO - DAG(s) 'example_dynamic_task_mapping' retrieved from /mnt/d/Universidad/ETL/Proyecto_airflow/venv/lib/python3.12/site-packages/airflow/example_dags/example_dynamic_task_mapping.py
[2025-04-01T17:21:50.855-0500] {logging_mixin.py:190} INFO - [2025-04-01T17:21:50.855-0500] {dag.py:3239} INFO - Sync 1 DAGs
[2025-04-01T17:21:50.864-0500] {logging_mixin.py:190} INFO - [2025-04-01T17:21:50.864-0500] {dag.py:4180} INFO - Setting next_dagrun for example_dynamic_task_mapping to None, run_after=None
[2025-04-01T17:21:50.969-0500] {processor.py:208} INFO - Processing /mnt/d/Universidad/ETL/Proyecto_airflow/venv/lib/python3.12/site-packages/airflow/example_dags/example_dynamic_task_mapping.py took 0.195 seconds
[2025-04-01T17:23:27.481-0500] {processor.py:186} INFO - Started process (PID=7095) to work on /mnt/d/Universidad/ETL/Proyecto_airflow/venv/lib/python3.12/site-packages/airflow/example_dags/example_dynamic_task_mapping.py
[2025-04-01T17:23:27.482-0500] {processor.py:914} INFO - Processing file /mnt/d/Universidad/ETL/Proyecto_airflow/venv/lib/python3.12/site-packages/airflow/example_dags/example_dynamic_task_mapping.py for tasks to queue
[2025-04-01T17:23:27.484-0500] {logging_mixin.py:190} INFO - [2025-04-01T17:23:27.483-0500] {dagbag.py:588} INFO - Filling up the DagBag from /mnt/d/Universidad/ETL/Proyecto_airflow/venv/lib/python3.12/site-packages/airflow/example_dags/example_dynamic_task_mapping.py
[2025-04-01T17:23:27.537-0500] {processor.py:925} INFO - DAG(s) 'example_dynamic_task_mapping' retrieved from /mnt/d/Universidad/ETL/Proyecto_airflow/venv/lib/python3.12/site-packages/airflow/example_dags/example_dynamic_task_mapping.py
[2025-04-01T17:23:27.554-0500] {logging_mixin.py:190} INFO - [2025-04-01T17:23:27.553-0500] {dag.py:3239} INFO - Sync 1 DAGs
[2025-04-01T17:23:27.563-0500] {logging_mixin.py:190} INFO - [2025-04-01T17:23:27.562-0500] {dag.py:4180} INFO - Setting next_dagrun for example_dynamic_task_mapping to None, run_after=None
[2025-04-01T17:23:27.668-0500] {processor.py:208} INFO - Processing /mnt/d/Universidad/ETL/Proyecto_airflow/venv/lib/python3.12/site-packages/airflow/example_dags/example_dynamic_task_mapping.py took 0.195 seconds
[2025-04-01T17:25:03.595-0500] {processor.py:186} INFO - Started process (PID=7167) to work on /mnt/d/Universidad/ETL/Proyecto_airflow/venv/lib/python3.12/site-packages/airflow/example_dags/example_dynamic_task_mapping.py
[2025-04-01T17:25:03.596-0500] {processor.py:914} INFO - Processing file /mnt/d/Universidad/ETL/Proyecto_airflow/venv/lib/python3.12/site-packages/airflow/example_dags/example_dynamic_task_mapping.py for tasks to queue
[2025-04-01T17:25:03.598-0500] {logging_mixin.py:190} INFO - [2025-04-01T17:25:03.598-0500] {dagbag.py:588} INFO - Filling up the DagBag from /mnt/d/Universidad/ETL/Proyecto_airflow/venv/lib/python3.12/site-packages/airflow/example_dags/example_dynamic_task_mapping.py
[2025-04-01T17:25:03.652-0500] {processor.py:925} INFO - DAG(s) 'example_dynamic_task_mapping' retrieved from /mnt/d/Universidad/ETL/Proyecto_airflow/venv/lib/python3.12/site-packages/airflow/example_dags/example_dynamic_task_mapping.py
[2025-04-01T17:25:03.669-0500] {logging_mixin.py:190} INFO - [2025-04-01T17:25:03.668-0500] {dag.py:3239} INFO - Sync 1 DAGs
[2025-04-01T17:25:03.678-0500] {logging_mixin.py:190} INFO - [2025-04-01T17:25:03.677-0500] {dag.py:4180} INFO - Setting next_dagrun for example_dynamic_task_mapping to None, run_after=None
[2025-04-01T17:25:03.780-0500] {processor.py:208} INFO - Processing /mnt/d/Universidad/ETL/Proyecto_airflow/venv/lib/python3.12/site-packages/airflow/example_dags/example_dynamic_task_mapping.py took 0.193 seconds
[2025-04-01T17:26:41.063-0500] {processor.py:186} INFO - Started process (PID=7237) to work on /mnt/d/Universidad/ETL/Proyecto_airflow/venv/lib/python3.12/site-packages/airflow/example_dags/example_dynamic_task_mapping.py
[2025-04-01T17:26:41.064-0500] {processor.py:914} INFO - Processing file /mnt/d/Universidad/ETL/Proyecto_airflow/venv/lib/python3.12/site-packages/airflow/example_dags/example_dynamic_task_mapping.py for tasks to queue
[2025-04-01T17:26:41.067-0500] {logging_mixin.py:190} INFO - [2025-04-01T17:26:41.066-0500] {dagbag.py:588} INFO - Filling up the DagBag from /mnt/d/Universidad/ETL/Proyecto_airflow/venv/lib/python3.12/site-packages/airflow/example_dags/example_dynamic_task_mapping.py
[2025-04-01T17:26:41.120-0500] {processor.py:925} INFO - DAG(s) 'example_dynamic_task_mapping' retrieved from /mnt/d/Universidad/ETL/Proyecto_airflow/venv/lib/python3.12/site-packages/airflow/example_dags/example_dynamic_task_mapping.py
[2025-04-01T17:26:41.137-0500] {logging_mixin.py:190} INFO - [2025-04-01T17:26:41.137-0500] {dag.py:3239} INFO - Sync 1 DAGs
[2025-04-01T17:26:41.146-0500] {logging_mixin.py:190} INFO - [2025-04-01T17:26:41.146-0500] {dag.py:4180} INFO - Setting next_dagrun for example_dynamic_task_mapping to None, run_after=None
[2025-04-01T17:26:41.248-0500] {processor.py:208} INFO - Processing /mnt/d/Universidad/ETL/Proyecto_airflow/venv/lib/python3.12/site-packages/airflow/example_dags/example_dynamic_task_mapping.py took 0.193 seconds
[2025-04-01T17:28:13.255-0500] {processor.py:186} INFO - Started process (PID=7309) to work on /mnt/d/Universidad/ETL/Proyecto_airflow/venv/lib/python3.12/site-packages/airflow/example_dags/example_dynamic_task_mapping.py
[2025-04-01T17:28:13.256-0500] {processor.py:914} INFO - Processing file /mnt/d/Universidad/ETL/Proyecto_airflow/venv/lib/python3.12/site-packages/airflow/example_dags/example_dynamic_task_mapping.py for tasks to queue
[2025-04-01T17:28:13.258-0500] {logging_mixin.py:190} INFO - [2025-04-01T17:28:13.258-0500] {dagbag.py:588} INFO - Filling up the DagBag from /mnt/d/Universidad/ETL/Proyecto_airflow/venv/lib/python3.12/site-packages/airflow/example_dags/example_dynamic_task_mapping.py
[2025-04-01T17:28:13.312-0500] {processor.py:925} INFO - DAG(s) 'example_dynamic_task_mapping' retrieved from /mnt/d/Universidad/ETL/Proyecto_airflow/venv/lib/python3.12/site-packages/airflow/example_dags/example_dynamic_task_mapping.py
[2025-04-01T17:28:13.330-0500] {logging_mixin.py:190} INFO - [2025-04-01T17:28:13.330-0500] {dag.py:3239} INFO - Sync 1 DAGs
[2025-04-01T17:28:13.340-0500] {logging_mixin.py:190} INFO - [2025-04-01T17:28:13.339-0500] {dag.py:4180} INFO - Setting next_dagrun for example_dynamic_task_mapping to None, run_after=None
[2025-04-01T17:28:13.439-0500] {processor.py:208} INFO - Processing /mnt/d/Universidad/ETL/Proyecto_airflow/venv/lib/python3.12/site-packages/airflow/example_dags/example_dynamic_task_mapping.py took 0.191 seconds
[2025-04-01T17:29:42.754-0500] {processor.py:186} INFO - Started process (PID=7377) to work on /mnt/d/Universidad/ETL/Proyecto_airflow/venv/lib/python3.12/site-packages/airflow/example_dags/example_dynamic_task_mapping.py
[2025-04-01T17:29:42.756-0500] {processor.py:914} INFO - Processing file /mnt/d/Universidad/ETL/Proyecto_airflow/venv/lib/python3.12/site-packages/airflow/example_dags/example_dynamic_task_mapping.py for tasks to queue
[2025-04-01T17:29:42.758-0500] {logging_mixin.py:190} INFO - [2025-04-01T17:29:42.757-0500] {dagbag.py:588} INFO - Filling up the DagBag from /mnt/d/Universidad/ETL/Proyecto_airflow/venv/lib/python3.12/site-packages/airflow/example_dags/example_dynamic_task_mapping.py
[2025-04-01T17:29:42.811-0500] {processor.py:925} INFO - DAG(s) 'example_dynamic_task_mapping' retrieved from /mnt/d/Universidad/ETL/Proyecto_airflow/venv/lib/python3.12/site-packages/airflow/example_dags/example_dynamic_task_mapping.py
[2025-04-01T17:29:42.831-0500] {logging_mixin.py:190} INFO - [2025-04-01T17:29:42.830-0500] {dag.py:3239} INFO - Sync 1 DAGs
[2025-04-01T17:29:42.841-0500] {logging_mixin.py:190} INFO - [2025-04-01T17:29:42.840-0500] {dag.py:4180} INFO - Setting next_dagrun for example_dynamic_task_mapping to None, run_after=None
[2025-04-01T17:29:42.942-0500] {processor.py:208} INFO - Processing /mnt/d/Universidad/ETL/Proyecto_airflow/venv/lib/python3.12/site-packages/airflow/example_dags/example_dynamic_task_mapping.py took 0.195 seconds
