[2025-04-01T16:17:08.076-0500] {processor.py:186} INFO - Started process (PID=4095) to work on /mnt/d/Universidad/ETL/Proyecto_airflow/venv/lib/python3.12/site-packages/airflow/example_dags/example_display_name.py
[2025-04-01T16:17:08.077-0500] {processor.py:914} INFO - Processing file /mnt/d/Universidad/ETL/Proyecto_airflow/venv/lib/python3.12/site-packages/airflow/example_dags/example_display_name.py for tasks to queue
[2025-04-01T16:17:08.080-0500] {logging_mixin.py:190} INFO - [2025-04-01T16:17:08.079-0500] {dagbag.py:588} INFO - Filling up the DagBag from /mnt/d/Universidad/ETL/Proyecto_airflow/venv/lib/python3.12/site-packages/airflow/example_dags/example_display_name.py
[2025-04-01T16:17:08.136-0500] {processor.py:925} INFO - DAG(s) 'example_display_name' retrieved from /mnt/d/Universidad/ETL/Proyecto_airflow/venv/lib/python3.12/site-packages/airflow/example_dags/example_display_name.py
[2025-04-01T16:17:09.221-0500] {logging_mixin.py:190} INFO - [2025-04-01T16:17:09.220-0500] {override.py:1930} INFO - Created Permission View: can read on DAG:example_display_name
[2025-04-01T16:17:09.289-0500] {logging_mixin.py:190} INFO - [2025-04-01T16:17:09.289-0500] {override.py:1930} INFO - Created Permission View: can edit on DAG:example_display_name
[2025-04-01T16:17:09.358-0500] {logging_mixin.py:190} INFO - [2025-04-01T16:17:09.357-0500] {override.py:1930} INFO - Created Permission View: can delete on DAG:example_display_name
[2025-04-01T16:17:09.481-0500] {logging_mixin.py:190} INFO - [2025-04-01T16:17:09.480-0500] {override.py:1930} INFO - Created Permission View: can create on DAG Run:example_display_name
[2025-04-01T16:17:09.542-0500] {logging_mixin.py:190} INFO - [2025-04-01T16:17:09.541-0500] {override.py:1930} INFO - Created Permission View: menu access on DAG Run:example_display_name
[2025-04-01T16:17:09.610-0500] {logging_mixin.py:190} INFO - [2025-04-01T16:17:09.610-0500] {override.py:1930} INFO - Created Permission View: can read on DAG Run:example_display_name
[2025-04-01T16:17:09.679-0500] {logging_mixin.py:190} INFO - [2025-04-01T16:17:09.678-0500] {override.py:1930} INFO - Created Permission View: can delete on DAG Run:example_display_name
[2025-04-01T16:17:09.681-0500] {logging_mixin.py:190} INFO - [2025-04-01T16:17:09.680-0500] {dag.py:3239} INFO - Sync 1 DAGs
[2025-04-01T16:17:09.694-0500] {logging_mixin.py:190} INFO - [2025-04-01T16:17:09.693-0500] {dag.py:3262} INFO - Creating ORM DAG for example_display_name
[2025-04-01T16:17:09.695-0500] {logging_mixin.py:190} INFO - [2025-04-01T16:17:09.695-0500] {dag.py:4180} INFO - Setting next_dagrun for example_display_name to None, run_after=None
[2025-04-01T16:17:09.809-0500] {processor.py:208} INFO - Processing /mnt/d/Universidad/ETL/Proyecto_airflow/venv/lib/python3.12/site-packages/airflow/example_dags/example_display_name.py took 1.741 seconds
[2025-04-01T16:18:53.628-0500] {processor.py:186} INFO - Started process (PID=4164) to work on /mnt/d/Universidad/ETL/Proyecto_airflow/venv/lib/python3.12/site-packages/airflow/example_dags/example_display_name.py
[2025-04-01T16:18:53.629-0500] {processor.py:914} INFO - Processing file /mnt/d/Universidad/ETL/Proyecto_airflow/venv/lib/python3.12/site-packages/airflow/example_dags/example_display_name.py for tasks to queue
[2025-04-01T16:18:53.631-0500] {logging_mixin.py:190} INFO - [2025-04-01T16:18:53.630-0500] {dagbag.py:588} INFO - Filling up the DagBag from /mnt/d/Universidad/ETL/Proyecto_airflow/venv/lib/python3.12/site-packages/airflow/example_dags/example_display_name.py
[2025-04-01T16:18:53.683-0500] {processor.py:925} INFO - DAG(s) 'example_display_name' retrieved from /mnt/d/Universidad/ETL/Proyecto_airflow/venv/lib/python3.12/site-packages/airflow/example_dags/example_display_name.py
[2025-04-01T16:18:53.700-0500] {logging_mixin.py:190} INFO - [2025-04-01T16:18:53.700-0500] {dag.py:3239} INFO - Sync 1 DAGs
[2025-04-01T16:18:53.710-0500] {logging_mixin.py:190} INFO - [2025-04-01T16:18:53.709-0500] {dag.py:4180} INFO - Setting next_dagrun for example_display_name to None, run_after=None
[2025-04-01T16:18:53.793-0500] {processor.py:208} INFO - Processing /mnt/d/Universidad/ETL/Proyecto_airflow/venv/lib/python3.12/site-packages/airflow/example_dags/example_display_name.py took 0.173 seconds
[2025-04-01T16:20:21.532-0500] {processor.py:186} INFO - Started process (PID=4235) to work on /mnt/d/Universidad/ETL/Proyecto_airflow/venv/lib/python3.12/site-packages/airflow/example_dags/example_display_name.py
[2025-04-01T16:20:21.533-0500] {processor.py:914} INFO - Processing file /mnt/d/Universidad/ETL/Proyecto_airflow/venv/lib/python3.12/site-packages/airflow/example_dags/example_display_name.py for tasks to queue
[2025-04-01T16:20:21.536-0500] {logging_mixin.py:190} INFO - [2025-04-01T16:20:21.535-0500] {dagbag.py:588} INFO - Filling up the DagBag from /mnt/d/Universidad/ETL/Proyecto_airflow/venv/lib/python3.12/site-packages/airflow/example_dags/example_display_name.py
[2025-04-01T16:20:21.593-0500] {processor.py:925} INFO - DAG(s) 'example_display_name' retrieved from /mnt/d/Universidad/ETL/Proyecto_airflow/venv/lib/python3.12/site-packages/airflow/example_dags/example_display_name.py
[2025-04-01T16:20:21.612-0500] {logging_mixin.py:190} INFO - [2025-04-01T16:20:21.611-0500] {dag.py:3239} INFO - Sync 1 DAGs
[2025-04-01T16:20:21.621-0500] {logging_mixin.py:190} INFO - [2025-04-01T16:20:21.621-0500] {dag.py:4180} INFO - Setting next_dagrun for example_display_name to None, run_after=None
[2025-04-01T16:20:21.700-0500] {processor.py:208} INFO - Processing /mnt/d/Universidad/ETL/Proyecto_airflow/venv/lib/python3.12/site-packages/airflow/example_dags/example_display_name.py took 0.177 seconds
[2025-04-01T16:21:49.139-0500] {processor.py:186} INFO - Started process (PID=4308) to work on /mnt/d/Universidad/ETL/Proyecto_airflow/venv/lib/python3.12/site-packages/airflow/example_dags/example_display_name.py
[2025-04-01T16:21:49.140-0500] {processor.py:914} INFO - Processing file /mnt/d/Universidad/ETL/Proyecto_airflow/venv/lib/python3.12/site-packages/airflow/example_dags/example_display_name.py for tasks to queue
[2025-04-01T16:21:49.142-0500] {logging_mixin.py:190} INFO - [2025-04-01T16:21:49.142-0500] {dagbag.py:588} INFO - Filling up the DagBag from /mnt/d/Universidad/ETL/Proyecto_airflow/venv/lib/python3.12/site-packages/airflow/example_dags/example_display_name.py
[2025-04-01T16:21:49.198-0500] {processor.py:925} INFO - DAG(s) 'example_display_name' retrieved from /mnt/d/Universidad/ETL/Proyecto_airflow/venv/lib/python3.12/site-packages/airflow/example_dags/example_display_name.py
[2025-04-01T16:21:49.217-0500] {logging_mixin.py:190} INFO - [2025-04-01T16:21:49.216-0500] {dag.py:3239} INFO - Sync 1 DAGs
[2025-04-01T16:21:49.227-0500] {logging_mixin.py:190} INFO - [2025-04-01T16:21:49.226-0500] {dag.py:4180} INFO - Setting next_dagrun for example_display_name to None, run_after=None
[2025-04-01T16:21:49.293-0500] {processor.py:208} INFO - Processing /mnt/d/Universidad/ETL/Proyecto_airflow/venv/lib/python3.12/site-packages/airflow/example_dags/example_display_name.py took 0.162 seconds
[2025-04-01T16:23:15.617-0500] {processor.py:186} INFO - Started process (PID=4374) to work on /mnt/d/Universidad/ETL/Proyecto_airflow/venv/lib/python3.12/site-packages/airflow/example_dags/example_display_name.py
[2025-04-01T16:23:15.619-0500] {processor.py:914} INFO - Processing file /mnt/d/Universidad/ETL/Proyecto_airflow/venv/lib/python3.12/site-packages/airflow/example_dags/example_display_name.py for tasks to queue
[2025-04-01T16:23:15.621-0500] {logging_mixin.py:190} INFO - [2025-04-01T16:23:15.620-0500] {dagbag.py:588} INFO - Filling up the DagBag from /mnt/d/Universidad/ETL/Proyecto_airflow/venv/lib/python3.12/site-packages/airflow/example_dags/example_display_name.py
[2025-04-01T16:23:15.679-0500] {processor.py:925} INFO - DAG(s) 'example_display_name' retrieved from /mnt/d/Universidad/ETL/Proyecto_airflow/venv/lib/python3.12/site-packages/airflow/example_dags/example_display_name.py
[2025-04-01T16:23:15.700-0500] {logging_mixin.py:190} INFO - [2025-04-01T16:23:15.700-0500] {dag.py:3239} INFO - Sync 1 DAGs
[2025-04-01T16:23:15.711-0500] {logging_mixin.py:190} INFO - [2025-04-01T16:23:15.710-0500] {dag.py:4180} INFO - Setting next_dagrun for example_display_name to None, run_after=None
[2025-04-01T16:23:15.791-0500] {processor.py:208} INFO - Processing /mnt/d/Universidad/ETL/Proyecto_airflow/venv/lib/python3.12/site-packages/airflow/example_dags/example_display_name.py took 0.182 seconds
[2025-04-01T16:24:47.529-0500] {processor.py:186} INFO - Started process (PID=4446) to work on /mnt/d/Universidad/ETL/Proyecto_airflow/venv/lib/python3.12/site-packages/airflow/example_dags/example_display_name.py
[2025-04-01T16:24:47.530-0500] {processor.py:914} INFO - Processing file /mnt/d/Universidad/ETL/Proyecto_airflow/venv/lib/python3.12/site-packages/airflow/example_dags/example_display_name.py for tasks to queue
[2025-04-01T16:24:47.533-0500] {logging_mixin.py:190} INFO - [2025-04-01T16:24:47.532-0500] {dagbag.py:588} INFO - Filling up the DagBag from /mnt/d/Universidad/ETL/Proyecto_airflow/venv/lib/python3.12/site-packages/airflow/example_dags/example_display_name.py
[2025-04-01T16:24:47.585-0500] {processor.py:925} INFO - DAG(s) 'example_display_name' retrieved from /mnt/d/Universidad/ETL/Proyecto_airflow/venv/lib/python3.12/site-packages/airflow/example_dags/example_display_name.py
[2025-04-01T16:24:47.602-0500] {logging_mixin.py:190} INFO - [2025-04-01T16:24:47.602-0500] {dag.py:3239} INFO - Sync 1 DAGs
[2025-04-01T16:24:47.611-0500] {logging_mixin.py:190} INFO - [2025-04-01T16:24:47.611-0500] {dag.py:4180} INFO - Setting next_dagrun for example_display_name to None, run_after=None
[2025-04-01T16:24:47.709-0500] {processor.py:208} INFO - Processing /mnt/d/Universidad/ETL/Proyecto_airflow/venv/lib/python3.12/site-packages/airflow/example_dags/example_display_name.py took 0.188 seconds
[2025-04-01T16:26:23.011-0500] {processor.py:186} INFO - Started process (PID=4517) to work on /mnt/d/Universidad/ETL/Proyecto_airflow/venv/lib/python3.12/site-packages/airflow/example_dags/example_display_name.py
[2025-04-01T16:26:23.012-0500] {processor.py:914} INFO - Processing file /mnt/d/Universidad/ETL/Proyecto_airflow/venv/lib/python3.12/site-packages/airflow/example_dags/example_display_name.py for tasks to queue
[2025-04-01T16:26:23.014-0500] {logging_mixin.py:190} INFO - [2025-04-01T16:26:23.014-0500] {dagbag.py:588} INFO - Filling up the DagBag from /mnt/d/Universidad/ETL/Proyecto_airflow/venv/lib/python3.12/site-packages/airflow/example_dags/example_display_name.py
[2025-04-01T16:26:23.067-0500] {processor.py:925} INFO - DAG(s) 'example_display_name' retrieved from /mnt/d/Universidad/ETL/Proyecto_airflow/venv/lib/python3.12/site-packages/airflow/example_dags/example_display_name.py
[2025-04-01T16:26:23.136-0500] {logging_mixin.py:190} INFO - [2025-04-01T16:26:23.135-0500] {dag.py:3239} INFO - Sync 1 DAGs
[2025-04-01T16:26:23.144-0500] {logging_mixin.py:190} INFO - [2025-04-01T16:26:23.144-0500] {dag.py:4180} INFO - Setting next_dagrun for example_display_name to None, run_after=None
[2025-04-01T16:26:23.221-0500] {processor.py:208} INFO - Processing /mnt/d/Universidad/ETL/Proyecto_airflow/venv/lib/python3.12/site-packages/airflow/example_dags/example_display_name.py took 0.218 seconds
[2025-04-01T16:27:57.003-0500] {processor.py:186} INFO - Started process (PID=4588) to work on /mnt/d/Universidad/ETL/Proyecto_airflow/venv/lib/python3.12/site-packages/airflow/example_dags/example_display_name.py
[2025-04-01T16:27:57.004-0500] {processor.py:914} INFO - Processing file /mnt/d/Universidad/ETL/Proyecto_airflow/venv/lib/python3.12/site-packages/airflow/example_dags/example_display_name.py for tasks to queue
[2025-04-01T16:27:57.006-0500] {logging_mixin.py:190} INFO - [2025-04-01T16:27:57.005-0500] {dagbag.py:588} INFO - Filling up the DagBag from /mnt/d/Universidad/ETL/Proyecto_airflow/venv/lib/python3.12/site-packages/airflow/example_dags/example_display_name.py
[2025-04-01T16:27:57.060-0500] {processor.py:925} INFO - DAG(s) 'example_display_name' retrieved from /mnt/d/Universidad/ETL/Proyecto_airflow/venv/lib/python3.12/site-packages/airflow/example_dags/example_display_name.py
[2025-04-01T16:27:57.078-0500] {logging_mixin.py:190} INFO - [2025-04-01T16:27:57.078-0500] {dag.py:3239} INFO - Sync 1 DAGs
[2025-04-01T16:27:57.089-0500] {logging_mixin.py:190} INFO - [2025-04-01T16:27:57.088-0500] {dag.py:4180} INFO - Setting next_dagrun for example_display_name to None, run_after=None
[2025-04-01T16:27:57.169-0500] {processor.py:208} INFO - Processing /mnt/d/Universidad/ETL/Proyecto_airflow/venv/lib/python3.12/site-packages/airflow/example_dags/example_display_name.py took 0.174 seconds
[2025-04-01T16:29:24.367-0500] {processor.py:186} INFO - Started process (PID=4658) to work on /mnt/d/Universidad/ETL/Proyecto_airflow/venv/lib/python3.12/site-packages/airflow/example_dags/example_display_name.py
[2025-04-01T16:29:24.368-0500] {processor.py:914} INFO - Processing file /mnt/d/Universidad/ETL/Proyecto_airflow/venv/lib/python3.12/site-packages/airflow/example_dags/example_display_name.py for tasks to queue
[2025-04-01T16:29:24.370-0500] {logging_mixin.py:190} INFO - [2025-04-01T16:29:24.369-0500] {dagbag.py:588} INFO - Filling up the DagBag from /mnt/d/Universidad/ETL/Proyecto_airflow/venv/lib/python3.12/site-packages/airflow/example_dags/example_display_name.py
[2025-04-01T16:29:24.423-0500] {processor.py:925} INFO - DAG(s) 'example_display_name' retrieved from /mnt/d/Universidad/ETL/Proyecto_airflow/venv/lib/python3.12/site-packages/airflow/example_dags/example_display_name.py
[2025-04-01T16:29:24.440-0500] {logging_mixin.py:190} INFO - [2025-04-01T16:29:24.439-0500] {dag.py:3239} INFO - Sync 1 DAGs
[2025-04-01T16:29:24.449-0500] {logging_mixin.py:190} INFO - [2025-04-01T16:29:24.449-0500] {dag.py:4180} INFO - Setting next_dagrun for example_display_name to None, run_after=None
[2025-04-01T16:29:24.535-0500] {processor.py:208} INFO - Processing /mnt/d/Universidad/ETL/Proyecto_airflow/venv/lib/python3.12/site-packages/airflow/example_dags/example_display_name.py took 0.176 seconds
[2025-04-01T16:30:58.422-0500] {processor.py:186} INFO - Started process (PID=4730) to work on /mnt/d/Universidad/ETL/Proyecto_airflow/venv/lib/python3.12/site-packages/airflow/example_dags/example_display_name.py
[2025-04-01T16:30:58.423-0500] {processor.py:914} INFO - Processing file /mnt/d/Universidad/ETL/Proyecto_airflow/venv/lib/python3.12/site-packages/airflow/example_dags/example_display_name.py for tasks to queue
[2025-04-01T16:30:58.425-0500] {logging_mixin.py:190} INFO - [2025-04-01T16:30:58.425-0500] {dagbag.py:588} INFO - Filling up the DagBag from /mnt/d/Universidad/ETL/Proyecto_airflow/venv/lib/python3.12/site-packages/airflow/example_dags/example_display_name.py
[2025-04-01T16:30:58.479-0500] {processor.py:925} INFO - DAG(s) 'example_display_name' retrieved from /mnt/d/Universidad/ETL/Proyecto_airflow/venv/lib/python3.12/site-packages/airflow/example_dags/example_display_name.py
[2025-04-01T16:30:58.498-0500] {logging_mixin.py:190} INFO - [2025-04-01T16:30:58.497-0500] {dag.py:3239} INFO - Sync 1 DAGs
[2025-04-01T16:30:58.508-0500] {logging_mixin.py:190} INFO - [2025-04-01T16:30:58.508-0500] {dag.py:4180} INFO - Setting next_dagrun for example_display_name to None, run_after=None
[2025-04-01T16:30:58.593-0500] {processor.py:208} INFO - Processing /mnt/d/Universidad/ETL/Proyecto_airflow/venv/lib/python3.12/site-packages/airflow/example_dags/example_display_name.py took 0.178 seconds
[2025-04-01T16:32:35.673-0500] {processor.py:186} INFO - Started process (PID=4803) to work on /mnt/d/Universidad/ETL/Proyecto_airflow/venv/lib/python3.12/site-packages/airflow/example_dags/example_display_name.py
[2025-04-01T16:32:35.675-0500] {processor.py:914} INFO - Processing file /mnt/d/Universidad/ETL/Proyecto_airflow/venv/lib/python3.12/site-packages/airflow/example_dags/example_display_name.py for tasks to queue
[2025-04-01T16:32:35.678-0500] {logging_mixin.py:190} INFO - [2025-04-01T16:32:35.677-0500] {dagbag.py:588} INFO - Filling up the DagBag from /mnt/d/Universidad/ETL/Proyecto_airflow/venv/lib/python3.12/site-packages/airflow/example_dags/example_display_name.py
[2025-04-01T16:32:35.738-0500] {processor.py:925} INFO - DAG(s) 'example_display_name' retrieved from /mnt/d/Universidad/ETL/Proyecto_airflow/venv/lib/python3.12/site-packages/airflow/example_dags/example_display_name.py
[2025-04-01T16:32:35.758-0500] {logging_mixin.py:190} INFO - [2025-04-01T16:32:35.758-0500] {dag.py:3239} INFO - Sync 1 DAGs
[2025-04-01T16:32:35.770-0500] {logging_mixin.py:190} INFO - [2025-04-01T16:32:35.769-0500] {dag.py:4180} INFO - Setting next_dagrun for example_display_name to None, run_after=None
[2025-04-01T16:32:35.868-0500] {processor.py:208} INFO - Processing /mnt/d/Universidad/ETL/Proyecto_airflow/venv/lib/python3.12/site-packages/airflow/example_dags/example_display_name.py took 0.203 seconds
[2025-04-01T16:34:03.868-0500] {processor.py:186} INFO - Started process (PID=4873) to work on /mnt/d/Universidad/ETL/Proyecto_airflow/venv/lib/python3.12/site-packages/airflow/example_dags/example_display_name.py
[2025-04-01T16:34:03.870-0500] {processor.py:914} INFO - Processing file /mnt/d/Universidad/ETL/Proyecto_airflow/venv/lib/python3.12/site-packages/airflow/example_dags/example_display_name.py for tasks to queue
[2025-04-01T16:34:03.872-0500] {logging_mixin.py:190} INFO - [2025-04-01T16:34:03.871-0500] {dagbag.py:588} INFO - Filling up the DagBag from /mnt/d/Universidad/ETL/Proyecto_airflow/venv/lib/python3.12/site-packages/airflow/example_dags/example_display_name.py
[2025-04-01T16:34:03.926-0500] {processor.py:925} INFO - DAG(s) 'example_display_name' retrieved from /mnt/d/Universidad/ETL/Proyecto_airflow/venv/lib/python3.12/site-packages/airflow/example_dags/example_display_name.py
[2025-04-01T16:34:03.943-0500] {logging_mixin.py:190} INFO - [2025-04-01T16:34:03.942-0500] {dag.py:3239} INFO - Sync 1 DAGs
[2025-04-01T16:34:03.952-0500] {logging_mixin.py:190} INFO - [2025-04-01T16:34:03.952-0500] {dag.py:4180} INFO - Setting next_dagrun for example_display_name to None, run_after=None
[2025-04-01T16:34:04.033-0500] {processor.py:208} INFO - Processing /mnt/d/Universidad/ETL/Proyecto_airflow/venv/lib/python3.12/site-packages/airflow/example_dags/example_display_name.py took 0.172 seconds
[2025-04-01T16:35:31.230-0500] {processor.py:186} INFO - Started process (PID=4942) to work on /mnt/d/Universidad/ETL/Proyecto_airflow/venv/lib/python3.12/site-packages/airflow/example_dags/example_display_name.py
[2025-04-01T16:35:31.231-0500] {processor.py:914} INFO - Processing file /mnt/d/Universidad/ETL/Proyecto_airflow/venv/lib/python3.12/site-packages/airflow/example_dags/example_display_name.py for tasks to queue
[2025-04-01T16:35:31.233-0500] {logging_mixin.py:190} INFO - [2025-04-01T16:35:31.232-0500] {dagbag.py:588} INFO - Filling up the DagBag from /mnt/d/Universidad/ETL/Proyecto_airflow/venv/lib/python3.12/site-packages/airflow/example_dags/example_display_name.py
[2025-04-01T16:35:31.291-0500] {processor.py:925} INFO - DAG(s) 'example_display_name' retrieved from /mnt/d/Universidad/ETL/Proyecto_airflow/venv/lib/python3.12/site-packages/airflow/example_dags/example_display_name.py
[2025-04-01T16:35:31.310-0500] {logging_mixin.py:190} INFO - [2025-04-01T16:35:31.309-0500] {dag.py:3239} INFO - Sync 1 DAGs
[2025-04-01T16:35:31.320-0500] {logging_mixin.py:190} INFO - [2025-04-01T16:35:31.319-0500] {dag.py:4180} INFO - Setting next_dagrun for example_display_name to None, run_after=None
[2025-04-01T16:35:31.395-0500] {processor.py:208} INFO - Processing /mnt/d/Universidad/ETL/Proyecto_airflow/venv/lib/python3.12/site-packages/airflow/example_dags/example_display_name.py took 0.174 seconds
[2025-04-01T16:37:04.170-0500] {processor.py:186} INFO - Started process (PID=5013) to work on /mnt/d/Universidad/ETL/Proyecto_airflow/venv/lib/python3.12/site-packages/airflow/example_dags/example_display_name.py
[2025-04-01T16:37:04.171-0500] {processor.py:914} INFO - Processing file /mnt/d/Universidad/ETL/Proyecto_airflow/venv/lib/python3.12/site-packages/airflow/example_dags/example_display_name.py for tasks to queue
[2025-04-01T16:37:04.173-0500] {logging_mixin.py:190} INFO - [2025-04-01T16:37:04.173-0500] {dagbag.py:588} INFO - Filling up the DagBag from /mnt/d/Universidad/ETL/Proyecto_airflow/venv/lib/python3.12/site-packages/airflow/example_dags/example_display_name.py
[2025-04-01T16:37:04.229-0500] {processor.py:925} INFO - DAG(s) 'example_display_name' retrieved from /mnt/d/Universidad/ETL/Proyecto_airflow/venv/lib/python3.12/site-packages/airflow/example_dags/example_display_name.py
[2025-04-01T16:37:04.247-0500] {logging_mixin.py:190} INFO - [2025-04-01T16:37:04.246-0500] {dag.py:3239} INFO - Sync 1 DAGs
[2025-04-01T16:37:04.256-0500] {logging_mixin.py:190} INFO - [2025-04-01T16:37:04.255-0500] {dag.py:4180} INFO - Setting next_dagrun for example_display_name to None, run_after=None
[2025-04-01T16:37:04.346-0500] {processor.py:208} INFO - Processing /mnt/d/Universidad/ETL/Proyecto_airflow/venv/lib/python3.12/site-packages/airflow/example_dags/example_display_name.py took 0.184 seconds
[2025-04-01T16:38:36.547-0500] {processor.py:186} INFO - Started process (PID=5082) to work on /mnt/d/Universidad/ETL/Proyecto_airflow/venv/lib/python3.12/site-packages/airflow/example_dags/example_display_name.py
[2025-04-01T16:38:36.548-0500] {processor.py:914} INFO - Processing file /mnt/d/Universidad/ETL/Proyecto_airflow/venv/lib/python3.12/site-packages/airflow/example_dags/example_display_name.py for tasks to queue
[2025-04-01T16:38:36.550-0500] {logging_mixin.py:190} INFO - [2025-04-01T16:38:36.549-0500] {dagbag.py:588} INFO - Filling up the DagBag from /mnt/d/Universidad/ETL/Proyecto_airflow/venv/lib/python3.12/site-packages/airflow/example_dags/example_display_name.py
[2025-04-01T16:38:36.603-0500] {processor.py:925} INFO - DAG(s) 'example_display_name' retrieved from /mnt/d/Universidad/ETL/Proyecto_airflow/venv/lib/python3.12/site-packages/airflow/example_dags/example_display_name.py
[2025-04-01T16:38:36.621-0500] {logging_mixin.py:190} INFO - [2025-04-01T16:38:36.620-0500] {dag.py:3239} INFO - Sync 1 DAGs
[2025-04-01T16:38:36.631-0500] {logging_mixin.py:190} INFO - [2025-04-01T16:38:36.630-0500] {dag.py:4180} INFO - Setting next_dagrun for example_display_name to None, run_after=None
[2025-04-01T16:38:36.715-0500] {processor.py:208} INFO - Processing /mnt/d/Universidad/ETL/Proyecto_airflow/venv/lib/python3.12/site-packages/airflow/example_dags/example_display_name.py took 0.176 seconds
[2025-04-01T16:40:10.179-0500] {processor.py:186} INFO - Started process (PID=5153) to work on /mnt/d/Universidad/ETL/Proyecto_airflow/venv/lib/python3.12/site-packages/airflow/example_dags/example_display_name.py
[2025-04-01T16:40:10.180-0500] {processor.py:914} INFO - Processing file /mnt/d/Universidad/ETL/Proyecto_airflow/venv/lib/python3.12/site-packages/airflow/example_dags/example_display_name.py for tasks to queue
[2025-04-01T16:40:10.182-0500] {logging_mixin.py:190} INFO - [2025-04-01T16:40:10.181-0500] {dagbag.py:588} INFO - Filling up the DagBag from /mnt/d/Universidad/ETL/Proyecto_airflow/venv/lib/python3.12/site-packages/airflow/example_dags/example_display_name.py
[2025-04-01T16:40:10.237-0500] {processor.py:925} INFO - DAG(s) 'example_display_name' retrieved from /mnt/d/Universidad/ETL/Proyecto_airflow/venv/lib/python3.12/site-packages/airflow/example_dags/example_display_name.py
[2025-04-01T16:40:10.254-0500] {logging_mixin.py:190} INFO - [2025-04-01T16:40:10.254-0500] {dag.py:3239} INFO - Sync 1 DAGs
[2025-04-01T16:40:10.263-0500] {logging_mixin.py:190} INFO - [2025-04-01T16:40:10.263-0500] {dag.py:4180} INFO - Setting next_dagrun for example_display_name to None, run_after=None
[2025-04-01T16:40:10.371-0500] {processor.py:208} INFO - Processing /mnt/d/Universidad/ETL/Proyecto_airflow/venv/lib/python3.12/site-packages/airflow/example_dags/example_display_name.py took 0.200 seconds
[2025-04-01T16:41:47.485-0500] {processor.py:186} INFO - Started process (PID=5227) to work on /mnt/d/Universidad/ETL/Proyecto_airflow/venv/lib/python3.12/site-packages/airflow/example_dags/example_display_name.py
[2025-04-01T16:41:47.487-0500] {processor.py:914} INFO - Processing file /mnt/d/Universidad/ETL/Proyecto_airflow/venv/lib/python3.12/site-packages/airflow/example_dags/example_display_name.py for tasks to queue
[2025-04-01T16:41:47.489-0500] {logging_mixin.py:190} INFO - [2025-04-01T16:41:47.488-0500] {dagbag.py:588} INFO - Filling up the DagBag from /mnt/d/Universidad/ETL/Proyecto_airflow/venv/lib/python3.12/site-packages/airflow/example_dags/example_display_name.py
[2025-04-01T16:41:47.545-0500] {processor.py:925} INFO - DAG(s) 'example_display_name' retrieved from /mnt/d/Universidad/ETL/Proyecto_airflow/venv/lib/python3.12/site-packages/airflow/example_dags/example_display_name.py
[2025-04-01T16:41:47.564-0500] {logging_mixin.py:190} INFO - [2025-04-01T16:41:47.563-0500] {dag.py:3239} INFO - Sync 1 DAGs
[2025-04-01T16:41:47.573-0500] {logging_mixin.py:190} INFO - [2025-04-01T16:41:47.573-0500] {dag.py:4180} INFO - Setting next_dagrun for example_display_name to None, run_after=None
[2025-04-01T16:41:47.688-0500] {processor.py:208} INFO - Processing /mnt/d/Universidad/ETL/Proyecto_airflow/venv/lib/python3.12/site-packages/airflow/example_dags/example_display_name.py took 0.211 seconds
[2025-04-01T16:43:19.606-0500] {processor.py:186} INFO - Started process (PID=5297) to work on /mnt/d/Universidad/ETL/Proyecto_airflow/venv/lib/python3.12/site-packages/airflow/example_dags/example_display_name.py
[2025-04-01T16:43:19.607-0500] {processor.py:914} INFO - Processing file /mnt/d/Universidad/ETL/Proyecto_airflow/venv/lib/python3.12/site-packages/airflow/example_dags/example_display_name.py for tasks to queue
[2025-04-01T16:43:19.609-0500] {logging_mixin.py:190} INFO - [2025-04-01T16:43:19.608-0500] {dagbag.py:588} INFO - Filling up the DagBag from /mnt/d/Universidad/ETL/Proyecto_airflow/venv/lib/python3.12/site-packages/airflow/example_dags/example_display_name.py
[2025-04-01T16:43:19.663-0500] {processor.py:925} INFO - DAG(s) 'example_display_name' retrieved from /mnt/d/Universidad/ETL/Proyecto_airflow/venv/lib/python3.12/site-packages/airflow/example_dags/example_display_name.py
[2025-04-01T16:43:19.680-0500] {logging_mixin.py:190} INFO - [2025-04-01T16:43:19.679-0500] {dag.py:3239} INFO - Sync 1 DAGs
[2025-04-01T16:43:19.689-0500] {logging_mixin.py:190} INFO - [2025-04-01T16:43:19.689-0500] {dag.py:4180} INFO - Setting next_dagrun for example_display_name to None, run_after=None
[2025-04-01T16:43:19.782-0500] {processor.py:208} INFO - Processing /mnt/d/Universidad/ETL/Proyecto_airflow/venv/lib/python3.12/site-packages/airflow/example_dags/example_display_name.py took 0.184 seconds
[2025-04-01T16:44:56.049-0500] {processor.py:186} INFO - Started process (PID=5368) to work on /mnt/d/Universidad/ETL/Proyecto_airflow/venv/lib/python3.12/site-packages/airflow/example_dags/example_display_name.py
[2025-04-01T16:44:56.050-0500] {processor.py:914} INFO - Processing file /mnt/d/Universidad/ETL/Proyecto_airflow/venv/lib/python3.12/site-packages/airflow/example_dags/example_display_name.py for tasks to queue
[2025-04-01T16:44:56.052-0500] {logging_mixin.py:190} INFO - [2025-04-01T16:44:56.051-0500] {dagbag.py:588} INFO - Filling up the DagBag from /mnt/d/Universidad/ETL/Proyecto_airflow/venv/lib/python3.12/site-packages/airflow/example_dags/example_display_name.py
[2025-04-01T16:44:56.106-0500] {processor.py:925} INFO - DAG(s) 'example_display_name' retrieved from /mnt/d/Universidad/ETL/Proyecto_airflow/venv/lib/python3.12/site-packages/airflow/example_dags/example_display_name.py
[2025-04-01T16:44:56.123-0500] {logging_mixin.py:190} INFO - [2025-04-01T16:44:56.122-0500] {dag.py:3239} INFO - Sync 1 DAGs
[2025-04-01T16:44:56.132-0500] {logging_mixin.py:190} INFO - [2025-04-01T16:44:56.131-0500] {dag.py:4180} INFO - Setting next_dagrun for example_display_name to None, run_after=None
[2025-04-01T16:44:56.216-0500] {processor.py:208} INFO - Processing /mnt/d/Universidad/ETL/Proyecto_airflow/venv/lib/python3.12/site-packages/airflow/example_dags/example_display_name.py took 0.175 seconds
[2025-04-01T16:46:34.870-0500] {processor.py:186} INFO - Started process (PID=5441) to work on /mnt/d/Universidad/ETL/Proyecto_airflow/venv/lib/python3.12/site-packages/airflow/example_dags/example_display_name.py
[2025-04-01T16:46:34.871-0500] {processor.py:914} INFO - Processing file /mnt/d/Universidad/ETL/Proyecto_airflow/venv/lib/python3.12/site-packages/airflow/example_dags/example_display_name.py for tasks to queue
[2025-04-01T16:46:34.874-0500] {logging_mixin.py:190} INFO - [2025-04-01T16:46:34.873-0500] {dagbag.py:588} INFO - Filling up the DagBag from /mnt/d/Universidad/ETL/Proyecto_airflow/venv/lib/python3.12/site-packages/airflow/example_dags/example_display_name.py
[2025-04-01T16:46:34.929-0500] {processor.py:925} INFO - DAG(s) 'example_display_name' retrieved from /mnt/d/Universidad/ETL/Proyecto_airflow/venv/lib/python3.12/site-packages/airflow/example_dags/example_display_name.py
[2025-04-01T16:46:34.946-0500] {logging_mixin.py:190} INFO - [2025-04-01T16:46:34.945-0500] {dag.py:3239} INFO - Sync 1 DAGs
[2025-04-01T16:46:34.955-0500] {logging_mixin.py:190} INFO - [2025-04-01T16:46:34.955-0500] {dag.py:4180} INFO - Setting next_dagrun for example_display_name to None, run_after=None
[2025-04-01T16:46:35.075-0500] {processor.py:208} INFO - Processing /mnt/d/Universidad/ETL/Proyecto_airflow/venv/lib/python3.12/site-packages/airflow/example_dags/example_display_name.py took 0.213 seconds
[2025-04-01T16:48:07.647-0500] {processor.py:186} INFO - Started process (PID=5513) to work on /mnt/d/Universidad/ETL/Proyecto_airflow/venv/lib/python3.12/site-packages/airflow/example_dags/example_display_name.py
[2025-04-01T16:48:07.648-0500] {processor.py:914} INFO - Processing file /mnt/d/Universidad/ETL/Proyecto_airflow/venv/lib/python3.12/site-packages/airflow/example_dags/example_display_name.py for tasks to queue
[2025-04-01T16:48:07.651-0500] {logging_mixin.py:190} INFO - [2025-04-01T16:48:07.650-0500] {dagbag.py:588} INFO - Filling up the DagBag from /mnt/d/Universidad/ETL/Proyecto_airflow/venv/lib/python3.12/site-packages/airflow/example_dags/example_display_name.py
[2025-04-01T16:48:07.703-0500] {processor.py:925} INFO - DAG(s) 'example_display_name' retrieved from /mnt/d/Universidad/ETL/Proyecto_airflow/venv/lib/python3.12/site-packages/airflow/example_dags/example_display_name.py
[2025-04-01T16:48:07.720-0500] {logging_mixin.py:190} INFO - [2025-04-01T16:48:07.720-0500] {dag.py:3239} INFO - Sync 1 DAGs
[2025-04-01T16:48:07.729-0500] {logging_mixin.py:190} INFO - [2025-04-01T16:48:07.729-0500] {dag.py:4180} INFO - Setting next_dagrun for example_display_name to None, run_after=None
[2025-04-01T16:48:07.826-0500] {processor.py:208} INFO - Processing /mnt/d/Universidad/ETL/Proyecto_airflow/venv/lib/python3.12/site-packages/airflow/example_dags/example_display_name.py took 0.186 seconds
[2025-04-01T16:49:38.365-0500] {processor.py:186} INFO - Started process (PID=5582) to work on /mnt/d/Universidad/ETL/Proyecto_airflow/venv/lib/python3.12/site-packages/airflow/example_dags/example_display_name.py
[2025-04-01T16:49:38.366-0500] {processor.py:914} INFO - Processing file /mnt/d/Universidad/ETL/Proyecto_airflow/venv/lib/python3.12/site-packages/airflow/example_dags/example_display_name.py for tasks to queue
[2025-04-01T16:49:38.368-0500] {logging_mixin.py:190} INFO - [2025-04-01T16:49:38.367-0500] {dagbag.py:588} INFO - Filling up the DagBag from /mnt/d/Universidad/ETL/Proyecto_airflow/venv/lib/python3.12/site-packages/airflow/example_dags/example_display_name.py
[2025-04-01T16:49:38.421-0500] {processor.py:925} INFO - DAG(s) 'example_display_name' retrieved from /mnt/d/Universidad/ETL/Proyecto_airflow/venv/lib/python3.12/site-packages/airflow/example_dags/example_display_name.py
[2025-04-01T16:49:38.438-0500] {logging_mixin.py:190} INFO - [2025-04-01T16:49:38.437-0500] {dag.py:3239} INFO - Sync 1 DAGs
[2025-04-01T16:49:38.447-0500] {logging_mixin.py:190} INFO - [2025-04-01T16:49:38.447-0500] {dag.py:4180} INFO - Setting next_dagrun for example_display_name to None, run_after=None
[2025-04-01T16:49:38.514-0500] {processor.py:208} INFO - Processing /mnt/d/Universidad/ETL/Proyecto_airflow/venv/lib/python3.12/site-packages/airflow/example_dags/example_display_name.py took 0.157 seconds
[2025-04-01T16:51:06.844-0500] {processor.py:186} INFO - Started process (PID=5651) to work on /mnt/d/Universidad/ETL/Proyecto_airflow/venv/lib/python3.12/site-packages/airflow/example_dags/example_display_name.py
[2025-04-01T16:51:06.845-0500] {processor.py:914} INFO - Processing file /mnt/d/Universidad/ETL/Proyecto_airflow/venv/lib/python3.12/site-packages/airflow/example_dags/example_display_name.py for tasks to queue
[2025-04-01T16:51:06.847-0500] {logging_mixin.py:190} INFO - [2025-04-01T16:51:06.846-0500] {dagbag.py:588} INFO - Filling up the DagBag from /mnt/d/Universidad/ETL/Proyecto_airflow/venv/lib/python3.12/site-packages/airflow/example_dags/example_display_name.py
[2025-04-01T16:51:06.899-0500] {processor.py:925} INFO - DAG(s) 'example_display_name' retrieved from /mnt/d/Universidad/ETL/Proyecto_airflow/venv/lib/python3.12/site-packages/airflow/example_dags/example_display_name.py
[2025-04-01T16:51:06.916-0500] {logging_mixin.py:190} INFO - [2025-04-01T16:51:06.915-0500] {dag.py:3239} INFO - Sync 1 DAGs
[2025-04-01T16:51:06.925-0500] {logging_mixin.py:190} INFO - [2025-04-01T16:51:06.924-0500] {dag.py:4180} INFO - Setting next_dagrun for example_display_name to None, run_after=None
[2025-04-01T16:51:07.030-0500] {processor.py:208} INFO - Processing /mnt/d/Universidad/ETL/Proyecto_airflow/venv/lib/python3.12/site-packages/airflow/example_dags/example_display_name.py took 0.193 seconds
[2025-04-01T16:52:47.856-0500] {processor.py:186} INFO - Started process (PID=5725) to work on /mnt/d/Universidad/ETL/Proyecto_airflow/venv/lib/python3.12/site-packages/airflow/example_dags/example_display_name.py
[2025-04-01T16:52:47.857-0500] {processor.py:914} INFO - Processing file /mnt/d/Universidad/ETL/Proyecto_airflow/venv/lib/python3.12/site-packages/airflow/example_dags/example_display_name.py for tasks to queue
[2025-04-01T16:52:47.860-0500] {logging_mixin.py:190} INFO - [2025-04-01T16:52:47.859-0500] {dagbag.py:588} INFO - Filling up the DagBag from /mnt/d/Universidad/ETL/Proyecto_airflow/venv/lib/python3.12/site-packages/airflow/example_dags/example_display_name.py
[2025-04-01T16:52:47.912-0500] {processor.py:925} INFO - DAG(s) 'example_display_name' retrieved from /mnt/d/Universidad/ETL/Proyecto_airflow/venv/lib/python3.12/site-packages/airflow/example_dags/example_display_name.py
[2025-04-01T16:52:47.930-0500] {logging_mixin.py:190} INFO - [2025-04-01T16:52:47.929-0500] {dag.py:3239} INFO - Sync 1 DAGs
[2025-04-01T16:52:47.939-0500] {logging_mixin.py:190} INFO - [2025-04-01T16:52:47.938-0500] {dag.py:4180} INFO - Setting next_dagrun for example_display_name to None, run_after=None
[2025-04-01T16:52:48.043-0500] {processor.py:208} INFO - Processing /mnt/d/Universidad/ETL/Proyecto_airflow/venv/lib/python3.12/site-packages/airflow/example_dags/example_display_name.py took 0.195 seconds
[2025-04-01T16:54:23.866-0500] {processor.py:186} INFO - Started process (PID=5797) to work on /mnt/d/Universidad/ETL/Proyecto_airflow/venv/lib/python3.12/site-packages/airflow/example_dags/example_display_name.py
[2025-04-01T16:54:23.867-0500] {processor.py:914} INFO - Processing file /mnt/d/Universidad/ETL/Proyecto_airflow/venv/lib/python3.12/site-packages/airflow/example_dags/example_display_name.py for tasks to queue
[2025-04-01T16:54:23.869-0500] {logging_mixin.py:190} INFO - [2025-04-01T16:54:23.869-0500] {dagbag.py:588} INFO - Filling up the DagBag from /mnt/d/Universidad/ETL/Proyecto_airflow/venv/lib/python3.12/site-packages/airflow/example_dags/example_display_name.py
[2025-04-01T16:54:23.923-0500] {processor.py:925} INFO - DAG(s) 'example_display_name' retrieved from /mnt/d/Universidad/ETL/Proyecto_airflow/venv/lib/python3.12/site-packages/airflow/example_dags/example_display_name.py
[2025-04-01T16:54:23.941-0500] {logging_mixin.py:190} INFO - [2025-04-01T16:54:23.940-0500] {dag.py:3239} INFO - Sync 1 DAGs
[2025-04-01T16:54:23.951-0500] {logging_mixin.py:190} INFO - [2025-04-01T16:54:23.950-0500] {dag.py:4180} INFO - Setting next_dagrun for example_display_name to None, run_after=None
[2025-04-01T16:54:24.061-0500] {processor.py:208} INFO - Processing /mnt/d/Universidad/ETL/Proyecto_airflow/venv/lib/python3.12/site-packages/airflow/example_dags/example_display_name.py took 0.203 seconds
[2025-04-01T16:55:57.776-0500] {processor.py:186} INFO - Started process (PID=5868) to work on /mnt/d/Universidad/ETL/Proyecto_airflow/venv/lib/python3.12/site-packages/airflow/example_dags/example_display_name.py
[2025-04-01T16:55:57.777-0500] {processor.py:914} INFO - Processing file /mnt/d/Universidad/ETL/Proyecto_airflow/venv/lib/python3.12/site-packages/airflow/example_dags/example_display_name.py for tasks to queue
[2025-04-01T16:55:57.780-0500] {logging_mixin.py:190} INFO - [2025-04-01T16:55:57.779-0500] {dagbag.py:588} INFO - Filling up the DagBag from /mnt/d/Universidad/ETL/Proyecto_airflow/venv/lib/python3.12/site-packages/airflow/example_dags/example_display_name.py
[2025-04-01T16:55:57.833-0500] {processor.py:925} INFO - DAG(s) 'example_display_name' retrieved from /mnt/d/Universidad/ETL/Proyecto_airflow/venv/lib/python3.12/site-packages/airflow/example_dags/example_display_name.py
[2025-04-01T16:55:57.850-0500] {logging_mixin.py:190} INFO - [2025-04-01T16:55:57.849-0500] {dag.py:3239} INFO - Sync 1 DAGs
[2025-04-01T16:55:57.859-0500] {logging_mixin.py:190} INFO - [2025-04-01T16:55:57.858-0500] {dag.py:4180} INFO - Setting next_dagrun for example_display_name to None, run_after=None
[2025-04-01T16:55:57.968-0500] {processor.py:208} INFO - Processing /mnt/d/Universidad/ETL/Proyecto_airflow/venv/lib/python3.12/site-packages/airflow/example_dags/example_display_name.py took 0.199 seconds
[2025-04-01T16:57:28.642-0500] {processor.py:186} INFO - Started process (PID=5940) to work on /mnt/d/Universidad/ETL/Proyecto_airflow/venv/lib/python3.12/site-packages/airflow/example_dags/example_display_name.py
[2025-04-01T16:57:28.643-0500] {processor.py:914} INFO - Processing file /mnt/d/Universidad/ETL/Proyecto_airflow/venv/lib/python3.12/site-packages/airflow/example_dags/example_display_name.py for tasks to queue
[2025-04-01T16:57:28.645-0500] {logging_mixin.py:190} INFO - [2025-04-01T16:57:28.644-0500] {dagbag.py:588} INFO - Filling up the DagBag from /mnt/d/Universidad/ETL/Proyecto_airflow/venv/lib/python3.12/site-packages/airflow/example_dags/example_display_name.py
[2025-04-01T16:57:28.699-0500] {processor.py:925} INFO - DAG(s) 'example_display_name' retrieved from /mnt/d/Universidad/ETL/Proyecto_airflow/venv/lib/python3.12/site-packages/airflow/example_dags/example_display_name.py
[2025-04-01T16:57:28.716-0500] {logging_mixin.py:190} INFO - [2025-04-01T16:57:28.715-0500] {dag.py:3239} INFO - Sync 1 DAGs
[2025-04-01T16:57:28.725-0500] {logging_mixin.py:190} INFO - [2025-04-01T16:57:28.725-0500] {dag.py:4180} INFO - Setting next_dagrun for example_display_name to None, run_after=None
[2025-04-01T16:57:28.832-0500] {processor.py:208} INFO - Processing /mnt/d/Universidad/ETL/Proyecto_airflow/venv/lib/python3.12/site-packages/airflow/example_dags/example_display_name.py took 0.198 seconds
[2025-04-01T16:59:03.628-0500] {processor.py:186} INFO - Started process (PID=6010) to work on /mnt/d/Universidad/ETL/Proyecto_airflow/venv/lib/python3.12/site-packages/airflow/example_dags/example_display_name.py
[2025-04-01T16:59:03.629-0500] {processor.py:914} INFO - Processing file /mnt/d/Universidad/ETL/Proyecto_airflow/venv/lib/python3.12/site-packages/airflow/example_dags/example_display_name.py for tasks to queue
[2025-04-01T16:59:03.632-0500] {logging_mixin.py:190} INFO - [2025-04-01T16:59:03.631-0500] {dagbag.py:588} INFO - Filling up the DagBag from /mnt/d/Universidad/ETL/Proyecto_airflow/venv/lib/python3.12/site-packages/airflow/example_dags/example_display_name.py
[2025-04-01T16:59:03.687-0500] {processor.py:925} INFO - DAG(s) 'example_display_name' retrieved from /mnt/d/Universidad/ETL/Proyecto_airflow/venv/lib/python3.12/site-packages/airflow/example_dags/example_display_name.py
[2025-04-01T16:59:03.706-0500] {logging_mixin.py:190} INFO - [2025-04-01T16:59:03.705-0500] {dag.py:3239} INFO - Sync 1 DAGs
[2025-04-01T16:59:03.716-0500] {logging_mixin.py:190} INFO - [2025-04-01T16:59:03.715-0500] {dag.py:4180} INFO - Setting next_dagrun for example_display_name to None, run_after=None
[2025-04-01T16:59:03.815-0500] {processor.py:208} INFO - Processing /mnt/d/Universidad/ETL/Proyecto_airflow/venv/lib/python3.12/site-packages/airflow/example_dags/example_display_name.py took 0.196 seconds
[2025-04-01T17:00:41.555-0500] {processor.py:186} INFO - Started process (PID=6081) to work on /mnt/d/Universidad/ETL/Proyecto_airflow/venv/lib/python3.12/site-packages/airflow/example_dags/example_display_name.py
[2025-04-01T17:00:41.556-0500] {processor.py:914} INFO - Processing file /mnt/d/Universidad/ETL/Proyecto_airflow/venv/lib/python3.12/site-packages/airflow/example_dags/example_display_name.py for tasks to queue
[2025-04-01T17:00:41.558-0500] {logging_mixin.py:190} INFO - [2025-04-01T17:00:41.557-0500] {dagbag.py:588} INFO - Filling up the DagBag from /mnt/d/Universidad/ETL/Proyecto_airflow/venv/lib/python3.12/site-packages/airflow/example_dags/example_display_name.py
[2025-04-01T17:00:41.611-0500] {processor.py:925} INFO - DAG(s) 'example_display_name' retrieved from /mnt/d/Universidad/ETL/Proyecto_airflow/venv/lib/python3.12/site-packages/airflow/example_dags/example_display_name.py
[2025-04-01T17:00:41.628-0500] {logging_mixin.py:190} INFO - [2025-04-01T17:00:41.628-0500] {dag.py:3239} INFO - Sync 1 DAGs
[2025-04-01T17:00:41.638-0500] {logging_mixin.py:190} INFO - [2025-04-01T17:00:41.637-0500] {dag.py:4180} INFO - Setting next_dagrun for example_display_name to None, run_after=None
[2025-04-01T17:00:41.736-0500] {processor.py:208} INFO - Processing /mnt/d/Universidad/ETL/Proyecto_airflow/venv/lib/python3.12/site-packages/airflow/example_dags/example_display_name.py took 0.189 seconds
[2025-04-01T17:02:13.027-0500] {processor.py:186} INFO - Started process (PID=6153) to work on /mnt/d/Universidad/ETL/Proyecto_airflow/venv/lib/python3.12/site-packages/airflow/example_dags/example_display_name.py
[2025-04-01T17:02:13.028-0500] {processor.py:914} INFO - Processing file /mnt/d/Universidad/ETL/Proyecto_airflow/venv/lib/python3.12/site-packages/airflow/example_dags/example_display_name.py for tasks to queue
[2025-04-01T17:02:13.030-0500] {logging_mixin.py:190} INFO - [2025-04-01T17:02:13.029-0500] {dagbag.py:588} INFO - Filling up the DagBag from /mnt/d/Universidad/ETL/Proyecto_airflow/venv/lib/python3.12/site-packages/airflow/example_dags/example_display_name.py
[2025-04-01T17:02:13.082-0500] {processor.py:925} INFO - DAG(s) 'example_display_name' retrieved from /mnt/d/Universidad/ETL/Proyecto_airflow/venv/lib/python3.12/site-packages/airflow/example_dags/example_display_name.py
[2025-04-01T17:02:13.099-0500] {logging_mixin.py:190} INFO - [2025-04-01T17:02:13.098-0500] {dag.py:3239} INFO - Sync 1 DAGs
[2025-04-01T17:02:13.108-0500] {logging_mixin.py:190} INFO - [2025-04-01T17:02:13.107-0500] {dag.py:4180} INFO - Setting next_dagrun for example_display_name to None, run_after=None
[2025-04-01T17:02:13.232-0500] {processor.py:208} INFO - Processing /mnt/d/Universidad/ETL/Proyecto_airflow/venv/lib/python3.12/site-packages/airflow/example_dags/example_display_name.py took 0.213 seconds
[2025-04-01T17:03:51.333-0500] {processor.py:186} INFO - Started process (PID=6224) to work on /mnt/d/Universidad/ETL/Proyecto_airflow/venv/lib/python3.12/site-packages/airflow/example_dags/example_display_name.py
[2025-04-01T17:03:51.334-0500] {processor.py:914} INFO - Processing file /mnt/d/Universidad/ETL/Proyecto_airflow/venv/lib/python3.12/site-packages/airflow/example_dags/example_display_name.py for tasks to queue
[2025-04-01T17:03:51.337-0500] {logging_mixin.py:190} INFO - [2025-04-01T17:03:51.336-0500] {dagbag.py:588} INFO - Filling up the DagBag from /mnt/d/Universidad/ETL/Proyecto_airflow/venv/lib/python3.12/site-packages/airflow/example_dags/example_display_name.py
[2025-04-01T17:03:51.390-0500] {processor.py:925} INFO - DAG(s) 'example_display_name' retrieved from /mnt/d/Universidad/ETL/Proyecto_airflow/venv/lib/python3.12/site-packages/airflow/example_dags/example_display_name.py
[2025-04-01T17:03:51.408-0500] {logging_mixin.py:190} INFO - [2025-04-01T17:03:51.408-0500] {dag.py:3239} INFO - Sync 1 DAGs
[2025-04-01T17:03:51.419-0500] {logging_mixin.py:190} INFO - [2025-04-01T17:03:51.418-0500] {dag.py:4180} INFO - Setting next_dagrun for example_display_name to None, run_after=None
[2025-04-01T17:03:51.529-0500] {processor.py:208} INFO - Processing /mnt/d/Universidad/ETL/Proyecto_airflow/venv/lib/python3.12/site-packages/airflow/example_dags/example_display_name.py took 0.204 seconds
[2025-04-01T17:05:26.692-0500] {processor.py:186} INFO - Started process (PID=6293) to work on /mnt/d/Universidad/ETL/Proyecto_airflow/venv/lib/python3.12/site-packages/airflow/example_dags/example_display_name.py
[2025-04-01T17:05:26.693-0500] {processor.py:914} INFO - Processing file /mnt/d/Universidad/ETL/Proyecto_airflow/venv/lib/python3.12/site-packages/airflow/example_dags/example_display_name.py for tasks to queue
[2025-04-01T17:05:26.695-0500] {logging_mixin.py:190} INFO - [2025-04-01T17:05:26.694-0500] {dagbag.py:588} INFO - Filling up the DagBag from /mnt/d/Universidad/ETL/Proyecto_airflow/venv/lib/python3.12/site-packages/airflow/example_dags/example_display_name.py
[2025-04-01T17:05:26.748-0500] {processor.py:925} INFO - DAG(s) 'example_display_name' retrieved from /mnt/d/Universidad/ETL/Proyecto_airflow/venv/lib/python3.12/site-packages/airflow/example_dags/example_display_name.py
[2025-04-01T17:05:26.767-0500] {logging_mixin.py:190} INFO - [2025-04-01T17:05:26.766-0500] {dag.py:3239} INFO - Sync 1 DAGs
[2025-04-01T17:05:26.777-0500] {logging_mixin.py:190} INFO - [2025-04-01T17:05:26.776-0500] {dag.py:4180} INFO - Setting next_dagrun for example_display_name to None, run_after=None
[2025-04-01T17:05:26.873-0500] {processor.py:208} INFO - Processing /mnt/d/Universidad/ETL/Proyecto_airflow/venv/lib/python3.12/site-packages/airflow/example_dags/example_display_name.py took 0.189 seconds
[2025-04-01T17:07:04.701-0500] {processor.py:186} INFO - Started process (PID=6368) to work on /mnt/d/Universidad/ETL/Proyecto_airflow/venv/lib/python3.12/site-packages/airflow/example_dags/example_display_name.py
[2025-04-01T17:07:04.702-0500] {processor.py:914} INFO - Processing file /mnt/d/Universidad/ETL/Proyecto_airflow/venv/lib/python3.12/site-packages/airflow/example_dags/example_display_name.py for tasks to queue
[2025-04-01T17:07:04.704-0500] {logging_mixin.py:190} INFO - [2025-04-01T17:07:04.703-0500] {dagbag.py:588} INFO - Filling up the DagBag from /mnt/d/Universidad/ETL/Proyecto_airflow/venv/lib/python3.12/site-packages/airflow/example_dags/example_display_name.py
[2025-04-01T17:07:04.758-0500] {processor.py:925} INFO - DAG(s) 'example_display_name' retrieved from /mnt/d/Universidad/ETL/Proyecto_airflow/venv/lib/python3.12/site-packages/airflow/example_dags/example_display_name.py
[2025-04-01T17:07:04.775-0500] {logging_mixin.py:190} INFO - [2025-04-01T17:07:04.774-0500] {dag.py:3239} INFO - Sync 1 DAGs
[2025-04-01T17:07:04.784-0500] {logging_mixin.py:190} INFO - [2025-04-01T17:07:04.783-0500] {dag.py:4180} INFO - Setting next_dagrun for example_display_name to None, run_after=None
[2025-04-01T17:07:04.908-0500] {processor.py:208} INFO - Processing /mnt/d/Universidad/ETL/Proyecto_airflow/venv/lib/python3.12/site-packages/airflow/example_dags/example_display_name.py took 0.215 seconds
[2025-04-01T17:08:40.134-0500] {processor.py:186} INFO - Started process (PID=6440) to work on /mnt/d/Universidad/ETL/Proyecto_airflow/venv/lib/python3.12/site-packages/airflow/example_dags/example_display_name.py
[2025-04-01T17:08:40.135-0500] {processor.py:914} INFO - Processing file /mnt/d/Universidad/ETL/Proyecto_airflow/venv/lib/python3.12/site-packages/airflow/example_dags/example_display_name.py for tasks to queue
[2025-04-01T17:08:40.138-0500] {logging_mixin.py:190} INFO - [2025-04-01T17:08:40.137-0500] {dagbag.py:588} INFO - Filling up the DagBag from /mnt/d/Universidad/ETL/Proyecto_airflow/venv/lib/python3.12/site-packages/airflow/example_dags/example_display_name.py
[2025-04-01T17:08:40.191-0500] {processor.py:925} INFO - DAG(s) 'example_display_name' retrieved from /mnt/d/Universidad/ETL/Proyecto_airflow/venv/lib/python3.12/site-packages/airflow/example_dags/example_display_name.py
[2025-04-01T17:08:40.208-0500] {logging_mixin.py:190} INFO - [2025-04-01T17:08:40.208-0500] {dag.py:3239} INFO - Sync 1 DAGs
[2025-04-01T17:08:40.217-0500] {logging_mixin.py:190} INFO - [2025-04-01T17:08:40.217-0500] {dag.py:4180} INFO - Setting next_dagrun for example_display_name to None, run_after=None
[2025-04-01T17:08:40.314-0500] {processor.py:208} INFO - Processing /mnt/d/Universidad/ETL/Proyecto_airflow/venv/lib/python3.12/site-packages/airflow/example_dags/example_display_name.py took 0.187 seconds
[2025-04-01T17:10:22.343-0500] {processor.py:186} INFO - Started process (PID=6512) to work on /mnt/d/Universidad/ETL/Proyecto_airflow/venv/lib/python3.12/site-packages/airflow/example_dags/example_display_name.py
[2025-04-01T17:10:22.344-0500] {processor.py:914} INFO - Processing file /mnt/d/Universidad/ETL/Proyecto_airflow/venv/lib/python3.12/site-packages/airflow/example_dags/example_display_name.py for tasks to queue
[2025-04-01T17:10:22.346-0500] {logging_mixin.py:190} INFO - [2025-04-01T17:10:22.345-0500] {dagbag.py:588} INFO - Filling up the DagBag from /mnt/d/Universidad/ETL/Proyecto_airflow/venv/lib/python3.12/site-packages/airflow/example_dags/example_display_name.py
[2025-04-01T17:10:22.400-0500] {processor.py:925} INFO - DAG(s) 'example_display_name' retrieved from /mnt/d/Universidad/ETL/Proyecto_airflow/venv/lib/python3.12/site-packages/airflow/example_dags/example_display_name.py
[2025-04-01T17:10:22.419-0500] {logging_mixin.py:190} INFO - [2025-04-01T17:10:22.418-0500] {dag.py:3239} INFO - Sync 1 DAGs
[2025-04-01T17:10:22.429-0500] {logging_mixin.py:190} INFO - [2025-04-01T17:10:22.429-0500] {dag.py:4180} INFO - Setting next_dagrun for example_display_name to None, run_after=None
[2025-04-01T17:10:22.529-0500] {processor.py:208} INFO - Processing /mnt/d/Universidad/ETL/Proyecto_airflow/venv/lib/python3.12/site-packages/airflow/example_dags/example_display_name.py took 0.195 seconds
[2025-04-01T17:12:07.209-0500] {processor.py:186} INFO - Started process (PID=6587) to work on /mnt/d/Universidad/ETL/Proyecto_airflow/venv/lib/python3.12/site-packages/airflow/example_dags/example_display_name.py
[2025-04-01T17:12:07.210-0500] {processor.py:914} INFO - Processing file /mnt/d/Universidad/ETL/Proyecto_airflow/venv/lib/python3.12/site-packages/airflow/example_dags/example_display_name.py for tasks to queue
[2025-04-01T17:12:07.213-0500] {logging_mixin.py:190} INFO - [2025-04-01T17:12:07.212-0500] {dagbag.py:588} INFO - Filling up the DagBag from /mnt/d/Universidad/ETL/Proyecto_airflow/venv/lib/python3.12/site-packages/airflow/example_dags/example_display_name.py
[2025-04-01T17:12:07.265-0500] {processor.py:925} INFO - DAG(s) 'example_display_name' retrieved from /mnt/d/Universidad/ETL/Proyecto_airflow/venv/lib/python3.12/site-packages/airflow/example_dags/example_display_name.py
[2025-04-01T17:12:07.282-0500] {logging_mixin.py:190} INFO - [2025-04-01T17:12:07.281-0500] {dag.py:3239} INFO - Sync 1 DAGs
[2025-04-01T17:12:07.291-0500] {logging_mixin.py:190} INFO - [2025-04-01T17:12:07.291-0500] {dag.py:4180} INFO - Setting next_dagrun for example_display_name to None, run_after=None
[2025-04-01T17:12:07.399-0500] {processor.py:208} INFO - Processing /mnt/d/Universidad/ETL/Proyecto_airflow/venv/lib/python3.12/site-packages/airflow/example_dags/example_display_name.py took 0.197 seconds
[2025-04-01T17:13:44.779-0500] {processor.py:186} INFO - Started process (PID=6660) to work on /mnt/d/Universidad/ETL/Proyecto_airflow/venv/lib/python3.12/site-packages/airflow/example_dags/example_display_name.py
[2025-04-01T17:13:44.780-0500] {processor.py:914} INFO - Processing file /mnt/d/Universidad/ETL/Proyecto_airflow/venv/lib/python3.12/site-packages/airflow/example_dags/example_display_name.py for tasks to queue
[2025-04-01T17:13:44.782-0500] {logging_mixin.py:190} INFO - [2025-04-01T17:13:44.782-0500] {dagbag.py:588} INFO - Filling up the DagBag from /mnt/d/Universidad/ETL/Proyecto_airflow/venv/lib/python3.12/site-packages/airflow/example_dags/example_display_name.py
[2025-04-01T17:13:44.835-0500] {processor.py:925} INFO - DAG(s) 'example_display_name' retrieved from /mnt/d/Universidad/ETL/Proyecto_airflow/venv/lib/python3.12/site-packages/airflow/example_dags/example_display_name.py
[2025-04-01T17:13:44.853-0500] {logging_mixin.py:190} INFO - [2025-04-01T17:13:44.852-0500] {dag.py:3239} INFO - Sync 1 DAGs
[2025-04-01T17:13:44.862-0500] {logging_mixin.py:190} INFO - [2025-04-01T17:13:44.861-0500] {dag.py:4180} INFO - Setting next_dagrun for example_display_name to None, run_after=None
[2025-04-01T17:13:44.966-0500] {processor.py:208} INFO - Processing /mnt/d/Universidad/ETL/Proyecto_airflow/venv/lib/python3.12/site-packages/airflow/example_dags/example_display_name.py took 0.195 seconds
[2025-04-01T17:15:14.368-0500] {processor.py:186} INFO - Started process (PID=6731) to work on /mnt/d/Universidad/ETL/Proyecto_airflow/venv/lib/python3.12/site-packages/airflow/example_dags/example_display_name.py
[2025-04-01T17:15:14.369-0500] {processor.py:914} INFO - Processing file /mnt/d/Universidad/ETL/Proyecto_airflow/venv/lib/python3.12/site-packages/airflow/example_dags/example_display_name.py for tasks to queue
[2025-04-01T17:15:14.372-0500] {logging_mixin.py:190} INFO - [2025-04-01T17:15:14.371-0500] {dagbag.py:588} INFO - Filling up the DagBag from /mnt/d/Universidad/ETL/Proyecto_airflow/venv/lib/python3.12/site-packages/airflow/example_dags/example_display_name.py
[2025-04-01T17:15:14.425-0500] {processor.py:925} INFO - DAG(s) 'example_display_name' retrieved from /mnt/d/Universidad/ETL/Proyecto_airflow/venv/lib/python3.12/site-packages/airflow/example_dags/example_display_name.py
[2025-04-01T17:15:14.441-0500] {logging_mixin.py:190} INFO - [2025-04-01T17:15:14.441-0500] {dag.py:3239} INFO - Sync 1 DAGs
[2025-04-01T17:15:14.451-0500] {logging_mixin.py:190} INFO - [2025-04-01T17:15:14.450-0500] {dag.py:4180} INFO - Setting next_dagrun for example_display_name to None, run_after=None
[2025-04-01T17:15:14.558-0500] {processor.py:208} INFO - Processing /mnt/d/Universidad/ETL/Proyecto_airflow/venv/lib/python3.12/site-packages/airflow/example_dags/example_display_name.py took 0.198 seconds
[2025-04-01T17:16:50.245-0500] {processor.py:186} INFO - Started process (PID=6802) to work on /mnt/d/Universidad/ETL/Proyecto_airflow/venv/lib/python3.12/site-packages/airflow/example_dags/example_display_name.py
[2025-04-01T17:16:50.246-0500] {processor.py:914} INFO - Processing file /mnt/d/Universidad/ETL/Proyecto_airflow/venv/lib/python3.12/site-packages/airflow/example_dags/example_display_name.py for tasks to queue
[2025-04-01T17:16:50.248-0500] {logging_mixin.py:190} INFO - [2025-04-01T17:16:50.248-0500] {dagbag.py:588} INFO - Filling up the DagBag from /mnt/d/Universidad/ETL/Proyecto_airflow/venv/lib/python3.12/site-packages/airflow/example_dags/example_display_name.py
[2025-04-01T17:16:50.301-0500] {processor.py:925} INFO - DAG(s) 'example_display_name' retrieved from /mnt/d/Universidad/ETL/Proyecto_airflow/venv/lib/python3.12/site-packages/airflow/example_dags/example_display_name.py
[2025-04-01T17:16:50.319-0500] {logging_mixin.py:190} INFO - [2025-04-01T17:16:50.318-0500] {dag.py:3239} INFO - Sync 1 DAGs
[2025-04-01T17:16:50.329-0500] {logging_mixin.py:190} INFO - [2025-04-01T17:16:50.328-0500] {dag.py:4180} INFO - Setting next_dagrun for example_display_name to None, run_after=None
[2025-04-01T17:16:50.429-0500] {processor.py:208} INFO - Processing /mnt/d/Universidad/ETL/Proyecto_airflow/venv/lib/python3.12/site-packages/airflow/example_dags/example_display_name.py took 0.192 seconds
[2025-04-01T17:18:28.925-0500] {processor.py:186} INFO - Started process (PID=6876) to work on /mnt/d/Universidad/ETL/Proyecto_airflow/venv/lib/python3.12/site-packages/airflow/example_dags/example_display_name.py
[2025-04-01T17:18:28.926-0500] {processor.py:914} INFO - Processing file /mnt/d/Universidad/ETL/Proyecto_airflow/venv/lib/python3.12/site-packages/airflow/example_dags/example_display_name.py for tasks to queue
[2025-04-01T17:18:28.928-0500] {logging_mixin.py:190} INFO - [2025-04-01T17:18:28.927-0500] {dagbag.py:588} INFO - Filling up the DagBag from /mnt/d/Universidad/ETL/Proyecto_airflow/venv/lib/python3.12/site-packages/airflow/example_dags/example_display_name.py
[2025-04-01T17:18:28.982-0500] {processor.py:925} INFO - DAG(s) 'example_display_name' retrieved from /mnt/d/Universidad/ETL/Proyecto_airflow/venv/lib/python3.12/site-packages/airflow/example_dags/example_display_name.py
[2025-04-01T17:18:28.998-0500] {logging_mixin.py:190} INFO - [2025-04-01T17:18:28.998-0500] {dag.py:3239} INFO - Sync 1 DAGs
[2025-04-01T17:18:29.007-0500] {logging_mixin.py:190} INFO - [2025-04-01T17:18:29.007-0500] {dag.py:4180} INFO - Setting next_dagrun for example_display_name to None, run_after=None
[2025-04-01T17:18:29.108-0500] {processor.py:208} INFO - Processing /mnt/d/Universidad/ETL/Proyecto_airflow/venv/lib/python3.12/site-packages/airflow/example_dags/example_display_name.py took 0.191 seconds
[2025-04-01T17:20:11.641-0500] {processor.py:186} INFO - Started process (PID=6951) to work on /mnt/d/Universidad/ETL/Proyecto_airflow/venv/lib/python3.12/site-packages/airflow/example_dags/example_display_name.py
[2025-04-01T17:20:11.642-0500] {processor.py:914} INFO - Processing file /mnt/d/Universidad/ETL/Proyecto_airflow/venv/lib/python3.12/site-packages/airflow/example_dags/example_display_name.py for tasks to queue
[2025-04-01T17:20:11.645-0500] {logging_mixin.py:190} INFO - [2025-04-01T17:20:11.644-0500] {dagbag.py:588} INFO - Filling up the DagBag from /mnt/d/Universidad/ETL/Proyecto_airflow/venv/lib/python3.12/site-packages/airflow/example_dags/example_display_name.py
[2025-04-01T17:20:11.703-0500] {processor.py:925} INFO - DAG(s) 'example_display_name' retrieved from /mnt/d/Universidad/ETL/Proyecto_airflow/venv/lib/python3.12/site-packages/airflow/example_dags/example_display_name.py
[2025-04-01T17:20:11.721-0500] {logging_mixin.py:190} INFO - [2025-04-01T17:20:11.721-0500] {dag.py:3239} INFO - Sync 1 DAGs
[2025-04-01T17:20:11.731-0500] {logging_mixin.py:190} INFO - [2025-04-01T17:20:11.730-0500] {dag.py:4180} INFO - Setting next_dagrun for example_display_name to None, run_after=None
[2025-04-01T17:20:11.853-0500] {processor.py:208} INFO - Processing /mnt/d/Universidad/ETL/Proyecto_airflow/venv/lib/python3.12/site-packages/airflow/example_dags/example_display_name.py took 0.220 seconds
[2025-04-01T17:21:55.361-0500] {processor.py:186} INFO - Started process (PID=7025) to work on /mnt/d/Universidad/ETL/Proyecto_airflow/venv/lib/python3.12/site-packages/airflow/example_dags/example_display_name.py
[2025-04-01T17:21:55.362-0500] {processor.py:914} INFO - Processing file /mnt/d/Universidad/ETL/Proyecto_airflow/venv/lib/python3.12/site-packages/airflow/example_dags/example_display_name.py for tasks to queue
[2025-04-01T17:21:55.365-0500] {logging_mixin.py:190} INFO - [2025-04-01T17:21:55.364-0500] {dagbag.py:588} INFO - Filling up the DagBag from /mnt/d/Universidad/ETL/Proyecto_airflow/venv/lib/python3.12/site-packages/airflow/example_dags/example_display_name.py
[2025-04-01T17:21:55.422-0500] {processor.py:925} INFO - DAG(s) 'example_display_name' retrieved from /mnt/d/Universidad/ETL/Proyecto_airflow/venv/lib/python3.12/site-packages/airflow/example_dags/example_display_name.py
[2025-04-01T17:21:55.441-0500] {logging_mixin.py:190} INFO - [2025-04-01T17:21:55.440-0500] {dag.py:3239} INFO - Sync 1 DAGs
[2025-04-01T17:21:55.451-0500] {logging_mixin.py:190} INFO - [2025-04-01T17:21:55.450-0500] {dag.py:4180} INFO - Setting next_dagrun for example_display_name to None, run_after=None
[2025-04-01T17:21:55.557-0500] {processor.py:208} INFO - Processing /mnt/d/Universidad/ETL/Proyecto_airflow/venv/lib/python3.12/site-packages/airflow/example_dags/example_display_name.py took 0.205 seconds
[2025-04-01T17:23:28.984-0500] {processor.py:186} INFO - Started process (PID=7096) to work on /mnt/d/Universidad/ETL/Proyecto_airflow/venv/lib/python3.12/site-packages/airflow/example_dags/example_display_name.py
[2025-04-01T17:23:28.985-0500] {processor.py:914} INFO - Processing file /mnt/d/Universidad/ETL/Proyecto_airflow/venv/lib/python3.12/site-packages/airflow/example_dags/example_display_name.py for tasks to queue
[2025-04-01T17:23:28.987-0500] {logging_mixin.py:190} INFO - [2025-04-01T17:23:28.986-0500] {dagbag.py:588} INFO - Filling up the DagBag from /mnt/d/Universidad/ETL/Proyecto_airflow/venv/lib/python3.12/site-packages/airflow/example_dags/example_display_name.py
[2025-04-01T17:23:29.040-0500] {processor.py:925} INFO - DAG(s) 'example_display_name' retrieved from /mnt/d/Universidad/ETL/Proyecto_airflow/venv/lib/python3.12/site-packages/airflow/example_dags/example_display_name.py
[2025-04-01T17:23:29.058-0500] {logging_mixin.py:190} INFO - [2025-04-01T17:23:29.057-0500] {dag.py:3239} INFO - Sync 1 DAGs
[2025-04-01T17:23:29.068-0500] {logging_mixin.py:190} INFO - [2025-04-01T17:23:29.067-0500] {dag.py:4180} INFO - Setting next_dagrun for example_display_name to None, run_after=None
[2025-04-01T17:23:29.176-0500] {processor.py:208} INFO - Processing /mnt/d/Universidad/ETL/Proyecto_airflow/venv/lib/python3.12/site-packages/airflow/example_dags/example_display_name.py took 0.201 seconds
[2025-04-01T17:25:04.978-0500] {processor.py:186} INFO - Started process (PID=7168) to work on /mnt/d/Universidad/ETL/Proyecto_airflow/venv/lib/python3.12/site-packages/airflow/example_dags/example_display_name.py
[2025-04-01T17:25:04.979-0500] {processor.py:914} INFO - Processing file /mnt/d/Universidad/ETL/Proyecto_airflow/venv/lib/python3.12/site-packages/airflow/example_dags/example_display_name.py for tasks to queue
[2025-04-01T17:25:04.981-0500] {logging_mixin.py:190} INFO - [2025-04-01T17:25:04.981-0500] {dagbag.py:588} INFO - Filling up the DagBag from /mnt/d/Universidad/ETL/Proyecto_airflow/venv/lib/python3.12/site-packages/airflow/example_dags/example_display_name.py
[2025-04-01T17:25:05.035-0500] {processor.py:925} INFO - DAG(s) 'example_display_name' retrieved from /mnt/d/Universidad/ETL/Proyecto_airflow/venv/lib/python3.12/site-packages/airflow/example_dags/example_display_name.py
[2025-04-01T17:25:05.052-0500] {logging_mixin.py:190} INFO - [2025-04-01T17:25:05.051-0500] {dag.py:3239} INFO - Sync 1 DAGs
[2025-04-01T17:25:05.061-0500] {logging_mixin.py:190} INFO - [2025-04-01T17:25:05.060-0500] {dag.py:4180} INFO - Setting next_dagrun for example_display_name to None, run_after=None
[2025-04-01T17:25:05.164-0500] {processor.py:208} INFO - Processing /mnt/d/Universidad/ETL/Proyecto_airflow/venv/lib/python3.12/site-packages/airflow/example_dags/example_display_name.py took 0.194 seconds
[2025-04-01T17:26:42.452-0500] {processor.py:186} INFO - Started process (PID=7238) to work on /mnt/d/Universidad/ETL/Proyecto_airflow/venv/lib/python3.12/site-packages/airflow/example_dags/example_display_name.py
[2025-04-01T17:26:42.453-0500] {processor.py:914} INFO - Processing file /mnt/d/Universidad/ETL/Proyecto_airflow/venv/lib/python3.12/site-packages/airflow/example_dags/example_display_name.py for tasks to queue
[2025-04-01T17:26:42.455-0500] {logging_mixin.py:190} INFO - [2025-04-01T17:26:42.454-0500] {dagbag.py:588} INFO - Filling up the DagBag from /mnt/d/Universidad/ETL/Proyecto_airflow/venv/lib/python3.12/site-packages/airflow/example_dags/example_display_name.py
[2025-04-01T17:26:42.508-0500] {processor.py:925} INFO - DAG(s) 'example_display_name' retrieved from /mnt/d/Universidad/ETL/Proyecto_airflow/venv/lib/python3.12/site-packages/airflow/example_dags/example_display_name.py
[2025-04-01T17:26:42.526-0500] {logging_mixin.py:190} INFO - [2025-04-01T17:26:42.525-0500] {dag.py:3239} INFO - Sync 1 DAGs
[2025-04-01T17:26:42.535-0500] {logging_mixin.py:190} INFO - [2025-04-01T17:26:42.534-0500] {dag.py:4180} INFO - Setting next_dagrun for example_display_name to None, run_after=None
[2025-04-01T17:26:42.633-0500] {processor.py:208} INFO - Processing /mnt/d/Universidad/ETL/Proyecto_airflow/venv/lib/python3.12/site-packages/airflow/example_dags/example_display_name.py took 0.189 seconds
[2025-04-01T17:28:14.633-0500] {processor.py:186} INFO - Started process (PID=7310) to work on /mnt/d/Universidad/ETL/Proyecto_airflow/venv/lib/python3.12/site-packages/airflow/example_dags/example_display_name.py
[2025-04-01T17:28:14.634-0500] {processor.py:914} INFO - Processing file /mnt/d/Universidad/ETL/Proyecto_airflow/venv/lib/python3.12/site-packages/airflow/example_dags/example_display_name.py for tasks to queue
[2025-04-01T17:28:14.636-0500] {logging_mixin.py:190} INFO - [2025-04-01T17:28:14.635-0500] {dagbag.py:588} INFO - Filling up the DagBag from /mnt/d/Universidad/ETL/Proyecto_airflow/venv/lib/python3.12/site-packages/airflow/example_dags/example_display_name.py
[2025-04-01T17:28:14.689-0500] {processor.py:925} INFO - DAG(s) 'example_display_name' retrieved from /mnt/d/Universidad/ETL/Proyecto_airflow/venv/lib/python3.12/site-packages/airflow/example_dags/example_display_name.py
[2025-04-01T17:28:14.705-0500] {logging_mixin.py:190} INFO - [2025-04-01T17:28:14.705-0500] {dag.py:3239} INFO - Sync 1 DAGs
[2025-04-01T17:28:14.714-0500] {logging_mixin.py:190} INFO - [2025-04-01T17:28:14.714-0500] {dag.py:4180} INFO - Setting next_dagrun for example_display_name to None, run_after=None
[2025-04-01T17:28:14.818-0500] {processor.py:208} INFO - Processing /mnt/d/Universidad/ETL/Proyecto_airflow/venv/lib/python3.12/site-packages/airflow/example_dags/example_display_name.py took 0.194 seconds
[2025-04-01T17:29:44.132-0500] {processor.py:186} INFO - Started process (PID=7378) to work on /mnt/d/Universidad/ETL/Proyecto_airflow/venv/lib/python3.12/site-packages/airflow/example_dags/example_display_name.py
[2025-04-01T17:29:44.133-0500] {processor.py:914} INFO - Processing file /mnt/d/Universidad/ETL/Proyecto_airflow/venv/lib/python3.12/site-packages/airflow/example_dags/example_display_name.py for tasks to queue
[2025-04-01T17:29:44.135-0500] {logging_mixin.py:190} INFO - [2025-04-01T17:29:44.134-0500] {dagbag.py:588} INFO - Filling up the DagBag from /mnt/d/Universidad/ETL/Proyecto_airflow/venv/lib/python3.12/site-packages/airflow/example_dags/example_display_name.py
[2025-04-01T17:29:44.189-0500] {processor.py:925} INFO - DAG(s) 'example_display_name' retrieved from /mnt/d/Universidad/ETL/Proyecto_airflow/venv/lib/python3.12/site-packages/airflow/example_dags/example_display_name.py
[2025-04-01T17:29:44.206-0500] {logging_mixin.py:190} INFO - [2025-04-01T17:29:44.205-0500] {dag.py:3239} INFO - Sync 1 DAGs
[2025-04-01T17:29:44.216-0500] {logging_mixin.py:190} INFO - [2025-04-01T17:29:44.215-0500] {dag.py:4180} INFO - Setting next_dagrun for example_display_name to None, run_after=None
[2025-04-01T17:29:44.428-0500] {processor.py:208} INFO - Processing /mnt/d/Universidad/ETL/Proyecto_airflow/venv/lib/python3.12/site-packages/airflow/example_dags/example_display_name.py took 0.304 seconds
