[2025-04-01T16:14:07.880-0500] {processor.py:186} INFO - Started process (PID=4003) to work on /mnt/d/Universidad/ETL/Proyecto_airflow/venv/lib/python3.12/site-packages/airflow/example_dags/example_time_delta_sensor_async.py
[2025-04-01T16:14:07.881-0500] {processor.py:914} INFO - Processing file /mnt/d/Universidad/ETL/Proyecto_airflow/venv/lib/python3.12/site-packages/airflow/example_dags/example_time_delta_sensor_async.py for tasks to queue
[2025-04-01T16:14:07.883-0500] {logging_mixin.py:190} INFO - [2025-04-01T16:14:07.883-0500] {dagbag.py:588} INFO - Filling up the DagBag from /mnt/d/Universidad/ETL/Proyecto_airflow/venv/lib/python3.12/site-packages/airflow/example_dags/example_time_delta_sensor_async.py
[2025-04-01T16:14:07.941-0500] {processor.py:925} INFO - DAG(s) 'example_time_delta_sensor_async' retrieved from /mnt/d/Universidad/ETL/Proyecto_airflow/venv/lib/python3.12/site-packages/airflow/example_dags/example_time_delta_sensor_async.py
[2025-04-01T16:14:09.084-0500] {logging_mixin.py:190} INFO - [2025-04-01T16:14:09.083-0500] {override.py:1930} INFO - Created Permission View: can delete on DAG:example_time_delta_sensor_async
[2025-04-01T16:14:09.182-0500] {logging_mixin.py:190} INFO - [2025-04-01T16:14:09.181-0500] {override.py:1930} INFO - Created Permission View: can edit on DAG:example_time_delta_sensor_async
[2025-04-01T16:14:09.275-0500] {logging_mixin.py:190} INFO - [2025-04-01T16:14:09.275-0500] {override.py:1930} INFO - Created Permission View: can read on DAG:example_time_delta_sensor_async
[2025-04-01T16:14:09.441-0500] {logging_mixin.py:190} INFO - [2025-04-01T16:14:09.440-0500] {override.py:1930} INFO - Created Permission View: can create on DAG Run:example_time_delta_sensor_async
[2025-04-01T16:14:09.534-0500] {logging_mixin.py:190} INFO - [2025-04-01T16:14:09.533-0500] {override.py:1930} INFO - Created Permission View: can delete on DAG Run:example_time_delta_sensor_async
[2025-04-01T16:14:09.624-0500] {logging_mixin.py:190} INFO - [2025-04-01T16:14:09.623-0500] {override.py:1930} INFO - Created Permission View: menu access on DAG Run:example_time_delta_sensor_async
[2025-04-01T16:14:09.680-0500] {logging_mixin.py:190} INFO - [2025-04-01T16:14:09.679-0500] {override.py:1930} INFO - Created Permission View: can read on DAG Run:example_time_delta_sensor_async
[2025-04-01T16:14:09.681-0500] {logging_mixin.py:190} INFO - [2025-04-01T16:14:09.681-0500] {dag.py:3239} INFO - Sync 1 DAGs
[2025-04-01T16:14:09.696-0500] {logging_mixin.py:190} INFO - [2025-04-01T16:14:09.695-0500] {dag.py:3262} INFO - Creating ORM DAG for example_time_delta_sensor_async
[2025-04-01T16:14:09.697-0500] {logging_mixin.py:190} INFO - [2025-04-01T16:14:09.697-0500] {dag.py:4180} INFO - Setting next_dagrun for example_time_delta_sensor_async to None, run_after=None
[2025-04-01T16:14:09.783-0500] {processor.py:208} INFO - Processing /mnt/d/Universidad/ETL/Proyecto_airflow/venv/lib/python3.12/site-packages/airflow/example_dags/example_time_delta_sensor_async.py took 1.911 seconds
[2025-04-01T16:16:16.442-0500] {processor.py:186} INFO - Started process (PID=4065) to work on /mnt/d/Universidad/ETL/Proyecto_airflow/venv/lib/python3.12/site-packages/airflow/example_dags/example_time_delta_sensor_async.py
[2025-04-01T16:16:16.443-0500] {processor.py:914} INFO - Processing file /mnt/d/Universidad/ETL/Proyecto_airflow/venv/lib/python3.12/site-packages/airflow/example_dags/example_time_delta_sensor_async.py for tasks to queue
[2025-04-01T16:16:16.445-0500] {logging_mixin.py:190} INFO - [2025-04-01T16:16:16.445-0500] {dagbag.py:588} INFO - Filling up the DagBag from /mnt/d/Universidad/ETL/Proyecto_airflow/venv/lib/python3.12/site-packages/airflow/example_dags/example_time_delta_sensor_async.py
[2025-04-01T16:16:16.501-0500] {processor.py:925} INFO - DAG(s) 'example_time_delta_sensor_async' retrieved from /mnt/d/Universidad/ETL/Proyecto_airflow/venv/lib/python3.12/site-packages/airflow/example_dags/example_time_delta_sensor_async.py
[2025-04-01T16:16:16.527-0500] {logging_mixin.py:190} INFO - [2025-04-01T16:16:16.526-0500] {dag.py:3239} INFO - Sync 1 DAGs
[2025-04-01T16:16:16.536-0500] {logging_mixin.py:190} INFO - [2025-04-01T16:16:16.535-0500] {dag.py:4180} INFO - Setting next_dagrun for example_time_delta_sensor_async to None, run_after=None
[2025-04-01T16:16:16.643-0500] {processor.py:208} INFO - Processing /mnt/d/Universidad/ETL/Proyecto_airflow/venv/lib/python3.12/site-packages/airflow/example_dags/example_time_delta_sensor_async.py took 0.209 seconds
[2025-04-01T16:18:17.393-0500] {processor.py:186} INFO - Started process (PID=4135) to work on /mnt/d/Universidad/ETL/Proyecto_airflow/venv/lib/python3.12/site-packages/airflow/example_dags/example_time_delta_sensor_async.py
[2025-04-01T16:18:17.394-0500] {processor.py:914} INFO - Processing file /mnt/d/Universidad/ETL/Proyecto_airflow/venv/lib/python3.12/site-packages/airflow/example_dags/example_time_delta_sensor_async.py for tasks to queue
[2025-04-01T16:18:17.397-0500] {logging_mixin.py:190} INFO - [2025-04-01T16:18:17.396-0500] {dagbag.py:588} INFO - Filling up the DagBag from /mnt/d/Universidad/ETL/Proyecto_airflow/venv/lib/python3.12/site-packages/airflow/example_dags/example_time_delta_sensor_async.py
[2025-04-01T16:18:17.450-0500] {processor.py:925} INFO - DAG(s) 'example_time_delta_sensor_async' retrieved from /mnt/d/Universidad/ETL/Proyecto_airflow/venv/lib/python3.12/site-packages/airflow/example_dags/example_time_delta_sensor_async.py
[2025-04-01T16:18:17.469-0500] {logging_mixin.py:190} INFO - [2025-04-01T16:18:17.468-0500] {dag.py:3239} INFO - Sync 1 DAGs
[2025-04-01T16:18:17.479-0500] {logging_mixin.py:190} INFO - [2025-04-01T16:18:17.478-0500] {dag.py:4180} INFO - Setting next_dagrun for example_time_delta_sensor_async to None, run_after=None
[2025-04-01T16:18:17.558-0500] {processor.py:208} INFO - Processing /mnt/d/Universidad/ETL/Proyecto_airflow/venv/lib/python3.12/site-packages/airflow/example_dags/example_time_delta_sensor_async.py took 0.173 seconds
[2025-04-01T16:19:18.522-0500] {processor.py:186} INFO - Started process (PID=4183) to work on /mnt/d/Universidad/ETL/Proyecto_airflow/venv/lib/python3.12/site-packages/airflow/example_dags/example_time_delta_sensor_async.py
[2025-04-01T16:19:18.523-0500] {processor.py:914} INFO - Processing file /mnt/d/Universidad/ETL/Proyecto_airflow/venv/lib/python3.12/site-packages/airflow/example_dags/example_time_delta_sensor_async.py for tasks to queue
[2025-04-01T16:19:18.526-0500] {logging_mixin.py:190} INFO - [2025-04-01T16:19:18.525-0500] {dagbag.py:588} INFO - Filling up the DagBag from /mnt/d/Universidad/ETL/Proyecto_airflow/venv/lib/python3.12/site-packages/airflow/example_dags/example_time_delta_sensor_async.py
[2025-04-01T16:19:18.583-0500] {processor.py:925} INFO - DAG(s) 'example_time_delta_sensor_async' retrieved from /mnt/d/Universidad/ETL/Proyecto_airflow/venv/lib/python3.12/site-packages/airflow/example_dags/example_time_delta_sensor_async.py
[2025-04-01T16:19:18.603-0500] {logging_mixin.py:190} INFO - [2025-04-01T16:19:18.602-0500] {dag.py:3239} INFO - Sync 1 DAGs
[2025-04-01T16:19:18.612-0500] {logging_mixin.py:190} INFO - [2025-04-01T16:19:18.612-0500] {dag.py:4180} INFO - Setting next_dagrun for example_time_delta_sensor_async to None, run_after=None
[2025-04-01T16:19:18.691-0500] {processor.py:208} INFO - Processing /mnt/d/Universidad/ETL/Proyecto_airflow/venv/lib/python3.12/site-packages/airflow/example_dags/example_time_delta_sensor_async.py took 0.177 seconds
[2025-04-01T16:20:43.784-0500] {processor.py:186} INFO - Started process (PID=4255) to work on /mnt/d/Universidad/ETL/Proyecto_airflow/venv/lib/python3.12/site-packages/airflow/example_dags/example_time_delta_sensor_async.py
[2025-04-01T16:20:43.785-0500] {processor.py:914} INFO - Processing file /mnt/d/Universidad/ETL/Proyecto_airflow/venv/lib/python3.12/site-packages/airflow/example_dags/example_time_delta_sensor_async.py for tasks to queue
[2025-04-01T16:20:43.787-0500] {logging_mixin.py:190} INFO - [2025-04-01T16:20:43.787-0500] {dagbag.py:588} INFO - Filling up the DagBag from /mnt/d/Universidad/ETL/Proyecto_airflow/venv/lib/python3.12/site-packages/airflow/example_dags/example_time_delta_sensor_async.py
[2025-04-01T16:20:43.845-0500] {processor.py:925} INFO - DAG(s) 'example_time_delta_sensor_async' retrieved from /mnt/d/Universidad/ETL/Proyecto_airflow/venv/lib/python3.12/site-packages/airflow/example_dags/example_time_delta_sensor_async.py
[2025-04-01T16:20:43.865-0500] {logging_mixin.py:190} INFO - [2025-04-01T16:20:43.865-0500] {dag.py:3239} INFO - Sync 1 DAGs
[2025-04-01T16:20:43.876-0500] {logging_mixin.py:190} INFO - [2025-04-01T16:20:43.875-0500] {dag.py:4180} INFO - Setting next_dagrun for example_time_delta_sensor_async to None, run_after=None
[2025-04-01T16:20:43.989-0500] {processor.py:208} INFO - Processing /mnt/d/Universidad/ETL/Proyecto_airflow/venv/lib/python3.12/site-packages/airflow/example_dags/example_time_delta_sensor_async.py took 0.214 seconds
[2025-04-01T16:22:11.692-0500] {processor.py:186} INFO - Started process (PID=4324) to work on /mnt/d/Universidad/ETL/Proyecto_airflow/venv/lib/python3.12/site-packages/airflow/example_dags/example_time_delta_sensor_async.py
[2025-04-01T16:22:11.693-0500] {processor.py:914} INFO - Processing file /mnt/d/Universidad/ETL/Proyecto_airflow/venv/lib/python3.12/site-packages/airflow/example_dags/example_time_delta_sensor_async.py for tasks to queue
[2025-04-01T16:22:11.695-0500] {logging_mixin.py:190} INFO - [2025-04-01T16:22:11.694-0500] {dagbag.py:588} INFO - Filling up the DagBag from /mnt/d/Universidad/ETL/Proyecto_airflow/venv/lib/python3.12/site-packages/airflow/example_dags/example_time_delta_sensor_async.py
[2025-04-01T16:22:11.748-0500] {processor.py:925} INFO - DAG(s) 'example_time_delta_sensor_async' retrieved from /mnt/d/Universidad/ETL/Proyecto_airflow/venv/lib/python3.12/site-packages/airflow/example_dags/example_time_delta_sensor_async.py
[2025-04-01T16:22:11.766-0500] {logging_mixin.py:190} INFO - [2025-04-01T16:22:11.765-0500] {dag.py:3239} INFO - Sync 1 DAGs
[2025-04-01T16:22:11.775-0500] {logging_mixin.py:190} INFO - [2025-04-01T16:22:11.774-0500] {dag.py:4180} INFO - Setting next_dagrun for example_time_delta_sensor_async to None, run_after=None
[2025-04-01T16:22:11.877-0500] {processor.py:208} INFO - Processing /mnt/d/Universidad/ETL/Proyecto_airflow/venv/lib/python3.12/site-packages/airflow/example_dags/example_time_delta_sensor_async.py took 0.193 seconds
[2025-04-01T16:23:37.039-0500] {processor.py:186} INFO - Started process (PID=4393) to work on /mnt/d/Universidad/ETL/Proyecto_airflow/venv/lib/python3.12/site-packages/airflow/example_dags/example_time_delta_sensor_async.py
[2025-04-01T16:23:37.040-0500] {processor.py:914} INFO - Processing file /mnt/d/Universidad/ETL/Proyecto_airflow/venv/lib/python3.12/site-packages/airflow/example_dags/example_time_delta_sensor_async.py for tasks to queue
[2025-04-01T16:23:37.042-0500] {logging_mixin.py:190} INFO - [2025-04-01T16:23:37.042-0500] {dagbag.py:588} INFO - Filling up the DagBag from /mnt/d/Universidad/ETL/Proyecto_airflow/venv/lib/python3.12/site-packages/airflow/example_dags/example_time_delta_sensor_async.py
[2025-04-01T16:23:37.095-0500] {processor.py:925} INFO - DAG(s) 'example_time_delta_sensor_async' retrieved from /mnt/d/Universidad/ETL/Proyecto_airflow/venv/lib/python3.12/site-packages/airflow/example_dags/example_time_delta_sensor_async.py
[2025-04-01T16:23:37.111-0500] {logging_mixin.py:190} INFO - [2025-04-01T16:23:37.111-0500] {dag.py:3239} INFO - Sync 1 DAGs
[2025-04-01T16:23:37.120-0500] {logging_mixin.py:190} INFO - [2025-04-01T16:23:37.120-0500] {dag.py:4180} INFO - Setting next_dagrun for example_time_delta_sensor_async to None, run_after=None
[2025-04-01T16:23:37.187-0500] {processor.py:208} INFO - Processing /mnt/d/Universidad/ETL/Proyecto_airflow/venv/lib/python3.12/site-packages/airflow/example_dags/example_time_delta_sensor_async.py took 0.156 seconds
[2025-04-01T16:25:11.645-0500] {processor.py:186} INFO - Started process (PID=4464) to work on /mnt/d/Universidad/ETL/Proyecto_airflow/venv/lib/python3.12/site-packages/airflow/example_dags/example_time_delta_sensor_async.py
[2025-04-01T16:25:11.646-0500] {processor.py:914} INFO - Processing file /mnt/d/Universidad/ETL/Proyecto_airflow/venv/lib/python3.12/site-packages/airflow/example_dags/example_time_delta_sensor_async.py for tasks to queue
[2025-04-01T16:25:11.648-0500] {logging_mixin.py:190} INFO - [2025-04-01T16:25:11.647-0500] {dagbag.py:588} INFO - Filling up the DagBag from /mnt/d/Universidad/ETL/Proyecto_airflow/venv/lib/python3.12/site-packages/airflow/example_dags/example_time_delta_sensor_async.py
[2025-04-01T16:25:11.701-0500] {processor.py:925} INFO - DAG(s) 'example_time_delta_sensor_async' retrieved from /mnt/d/Universidad/ETL/Proyecto_airflow/venv/lib/python3.12/site-packages/airflow/example_dags/example_time_delta_sensor_async.py
[2025-04-01T16:25:11.717-0500] {logging_mixin.py:190} INFO - [2025-04-01T16:25:11.717-0500] {dag.py:3239} INFO - Sync 1 DAGs
[2025-04-01T16:25:11.726-0500] {logging_mixin.py:190} INFO - [2025-04-01T16:25:11.726-0500] {dag.py:4180} INFO - Setting next_dagrun for example_time_delta_sensor_async to None, run_after=None
[2025-04-01T16:25:11.793-0500] {processor.py:208} INFO - Processing /mnt/d/Universidad/ETL/Proyecto_airflow/venv/lib/python3.12/site-packages/airflow/example_dags/example_time_delta_sensor_async.py took 0.156 seconds
[2025-04-01T16:26:46.549-0500] {processor.py:186} INFO - Started process (PID=4536) to work on /mnt/d/Universidad/ETL/Proyecto_airflow/venv/lib/python3.12/site-packages/airflow/example_dags/example_time_delta_sensor_async.py
[2025-04-01T16:26:46.550-0500] {processor.py:914} INFO - Processing file /mnt/d/Universidad/ETL/Proyecto_airflow/venv/lib/python3.12/site-packages/airflow/example_dags/example_time_delta_sensor_async.py for tasks to queue
[2025-04-01T16:26:46.553-0500] {logging_mixin.py:190} INFO - [2025-04-01T16:26:46.552-0500] {dagbag.py:588} INFO - Filling up the DagBag from /mnt/d/Universidad/ETL/Proyecto_airflow/venv/lib/python3.12/site-packages/airflow/example_dags/example_time_delta_sensor_async.py
[2025-04-01T16:26:46.606-0500] {processor.py:925} INFO - DAG(s) 'example_time_delta_sensor_async' retrieved from /mnt/d/Universidad/ETL/Proyecto_airflow/venv/lib/python3.12/site-packages/airflow/example_dags/example_time_delta_sensor_async.py
[2025-04-01T16:26:46.623-0500] {logging_mixin.py:190} INFO - [2025-04-01T16:26:46.623-0500] {dag.py:3239} INFO - Sync 1 DAGs
[2025-04-01T16:26:46.632-0500] {logging_mixin.py:190} INFO - [2025-04-01T16:26:46.632-0500] {dag.py:4180} INFO - Setting next_dagrun for example_time_delta_sensor_async to None, run_after=None
[2025-04-01T16:26:46.744-0500] {processor.py:208} INFO - Processing /mnt/d/Universidad/ETL/Proyecto_airflow/venv/lib/python3.12/site-packages/airflow/example_dags/example_time_delta_sensor_async.py took 0.203 seconds
[2025-04-01T16:28:18.381-0500] {processor.py:186} INFO - Started process (PID=4607) to work on /mnt/d/Universidad/ETL/Proyecto_airflow/venv/lib/python3.12/site-packages/airflow/example_dags/example_time_delta_sensor_async.py
[2025-04-01T16:28:18.382-0500] {processor.py:914} INFO - Processing file /mnt/d/Universidad/ETL/Proyecto_airflow/venv/lib/python3.12/site-packages/airflow/example_dags/example_time_delta_sensor_async.py for tasks to queue
[2025-04-01T16:28:18.385-0500] {logging_mixin.py:190} INFO - [2025-04-01T16:28:18.384-0500] {dagbag.py:588} INFO - Filling up the DagBag from /mnt/d/Universidad/ETL/Proyecto_airflow/venv/lib/python3.12/site-packages/airflow/example_dags/example_time_delta_sensor_async.py
[2025-04-01T16:28:18.439-0500] {processor.py:925} INFO - DAG(s) 'example_time_delta_sensor_async' retrieved from /mnt/d/Universidad/ETL/Proyecto_airflow/venv/lib/python3.12/site-packages/airflow/example_dags/example_time_delta_sensor_async.py
[2025-04-01T16:28:18.456-0500] {logging_mixin.py:190} INFO - [2025-04-01T16:28:18.455-0500] {dag.py:3239} INFO - Sync 1 DAGs
[2025-04-01T16:28:18.465-0500] {logging_mixin.py:190} INFO - [2025-04-01T16:28:18.464-0500] {dag.py:4180} INFO - Setting next_dagrun for example_time_delta_sensor_async to None, run_after=None
[2025-04-01T16:28:18.573-0500] {processor.py:208} INFO - Processing /mnt/d/Universidad/ETL/Proyecto_airflow/venv/lib/python3.12/site-packages/airflow/example_dags/example_time_delta_sensor_async.py took 0.199 seconds
[2025-04-01T16:29:50.918-0500] {processor.py:186} INFO - Started process (PID=4678) to work on /mnt/d/Universidad/ETL/Proyecto_airflow/venv/lib/python3.12/site-packages/airflow/example_dags/example_time_delta_sensor_async.py
[2025-04-01T16:29:50.919-0500] {processor.py:914} INFO - Processing file /mnt/d/Universidad/ETL/Proyecto_airflow/venv/lib/python3.12/site-packages/airflow/example_dags/example_time_delta_sensor_async.py for tasks to queue
[2025-04-01T16:29:50.921-0500] {logging_mixin.py:190} INFO - [2025-04-01T16:29:50.920-0500] {dagbag.py:588} INFO - Filling up the DagBag from /mnt/d/Universidad/ETL/Proyecto_airflow/venv/lib/python3.12/site-packages/airflow/example_dags/example_time_delta_sensor_async.py
[2025-04-01T16:29:50.974-0500] {processor.py:925} INFO - DAG(s) 'example_time_delta_sensor_async' retrieved from /mnt/d/Universidad/ETL/Proyecto_airflow/venv/lib/python3.12/site-packages/airflow/example_dags/example_time_delta_sensor_async.py
[2025-04-01T16:29:50.994-0500] {logging_mixin.py:190} INFO - [2025-04-01T16:29:50.993-0500] {dag.py:3239} INFO - Sync 1 DAGs
[2025-04-01T16:29:51.004-0500] {logging_mixin.py:190} INFO - [2025-04-01T16:29:51.003-0500] {dag.py:4180} INFO - Setting next_dagrun for example_time_delta_sensor_async to None, run_after=None
[2025-04-01T16:29:51.141-0500] {processor.py:208} INFO - Processing /mnt/d/Universidad/ETL/Proyecto_airflow/venv/lib/python3.12/site-packages/airflow/example_dags/example_time_delta_sensor_async.py took 0.232 seconds
[2025-04-01T16:31:18.762-0500] {processor.py:186} INFO - Started process (PID=4748) to work on /mnt/d/Universidad/ETL/Proyecto_airflow/venv/lib/python3.12/site-packages/airflow/example_dags/example_time_delta_sensor_async.py
[2025-04-01T16:31:18.763-0500] {processor.py:914} INFO - Processing file /mnt/d/Universidad/ETL/Proyecto_airflow/venv/lib/python3.12/site-packages/airflow/example_dags/example_time_delta_sensor_async.py for tasks to queue
[2025-04-01T16:31:18.765-0500] {logging_mixin.py:190} INFO - [2025-04-01T16:31:18.764-0500] {dagbag.py:588} INFO - Filling up the DagBag from /mnt/d/Universidad/ETL/Proyecto_airflow/venv/lib/python3.12/site-packages/airflow/example_dags/example_time_delta_sensor_async.py
[2025-04-01T16:31:18.818-0500] {processor.py:925} INFO - DAG(s) 'example_time_delta_sensor_async' retrieved from /mnt/d/Universidad/ETL/Proyecto_airflow/venv/lib/python3.12/site-packages/airflow/example_dags/example_time_delta_sensor_async.py
[2025-04-01T16:31:18.836-0500] {logging_mixin.py:190} INFO - [2025-04-01T16:31:18.835-0500] {dag.py:3239} INFO - Sync 1 DAGs
[2025-04-01T16:31:18.845-0500] {logging_mixin.py:190} INFO - [2025-04-01T16:31:18.844-0500] {dag.py:4180} INFO - Setting next_dagrun for example_time_delta_sensor_async to None, run_after=None
[2025-04-01T16:31:18.926-0500] {processor.py:208} INFO - Processing /mnt/d/Universidad/ETL/Proyecto_airflow/venv/lib/python3.12/site-packages/airflow/example_dags/example_time_delta_sensor_async.py took 0.172 seconds
[2025-04-01T16:32:09.077-0500] {processor.py:186} INFO - Started process (PID=4784) to work on /mnt/d/Universidad/ETL/Proyecto_airflow/venv/lib/python3.12/site-packages/airflow/example_dags/example_time_delta_sensor_async.py
[2025-04-01T16:32:09.078-0500] {processor.py:914} INFO - Processing file /mnt/d/Universidad/ETL/Proyecto_airflow/venv/lib/python3.12/site-packages/airflow/example_dags/example_time_delta_sensor_async.py for tasks to queue
[2025-04-01T16:32:09.080-0500] {logging_mixin.py:190} INFO - [2025-04-01T16:32:09.079-0500] {dagbag.py:588} INFO - Filling up the DagBag from /mnt/d/Universidad/ETL/Proyecto_airflow/venv/lib/python3.12/site-packages/airflow/example_dags/example_time_delta_sensor_async.py
[2025-04-01T16:32:09.133-0500] {processor.py:925} INFO - DAG(s) 'example_time_delta_sensor_async' retrieved from /mnt/d/Universidad/ETL/Proyecto_airflow/venv/lib/python3.12/site-packages/airflow/example_dags/example_time_delta_sensor_async.py
[2025-04-01T16:32:09.150-0500] {logging_mixin.py:190} INFO - [2025-04-01T16:32:09.150-0500] {dag.py:3239} INFO - Sync 1 DAGs
[2025-04-01T16:32:09.160-0500] {logging_mixin.py:190} INFO - [2025-04-01T16:32:09.159-0500] {dag.py:4180} INFO - Setting next_dagrun for example_time_delta_sensor_async to None, run_after=None
[2025-04-01T16:32:09.249-0500] {processor.py:208} INFO - Processing /mnt/d/Universidad/ETL/Proyecto_airflow/venv/lib/python3.12/site-packages/airflow/example_dags/example_time_delta_sensor_async.py took 0.180 seconds
[2025-04-01T16:32:58.170-0500] {processor.py:186} INFO - Started process (PID=4822) to work on /mnt/d/Universidad/ETL/Proyecto_airflow/venv/lib/python3.12/site-packages/airflow/example_dags/example_time_delta_sensor_async.py
[2025-04-01T16:32:58.171-0500] {processor.py:914} INFO - Processing file /mnt/d/Universidad/ETL/Proyecto_airflow/venv/lib/python3.12/site-packages/airflow/example_dags/example_time_delta_sensor_async.py for tasks to queue
[2025-04-01T16:32:58.173-0500] {logging_mixin.py:190} INFO - [2025-04-01T16:32:58.172-0500] {dagbag.py:588} INFO - Filling up the DagBag from /mnt/d/Universidad/ETL/Proyecto_airflow/venv/lib/python3.12/site-packages/airflow/example_dags/example_time_delta_sensor_async.py
[2025-04-01T16:32:58.226-0500] {processor.py:925} INFO - DAG(s) 'example_time_delta_sensor_async' retrieved from /mnt/d/Universidad/ETL/Proyecto_airflow/venv/lib/python3.12/site-packages/airflow/example_dags/example_time_delta_sensor_async.py
[2025-04-01T16:32:58.243-0500] {logging_mixin.py:190} INFO - [2025-04-01T16:32:58.242-0500] {dag.py:3239} INFO - Sync 1 DAGs
[2025-04-01T16:32:58.252-0500] {logging_mixin.py:190} INFO - [2025-04-01T16:32:58.252-0500] {dag.py:4180} INFO - Setting next_dagrun for example_time_delta_sensor_async to None, run_after=None
[2025-04-01T16:32:58.324-0500] {processor.py:208} INFO - Processing /mnt/d/Universidad/ETL/Proyecto_airflow/venv/lib/python3.12/site-packages/airflow/example_dags/example_time_delta_sensor_async.py took 0.163 seconds
[2025-04-01T16:34:25.472-0500] {processor.py:186} INFO - Started process (PID=4890) to work on /mnt/d/Universidad/ETL/Proyecto_airflow/venv/lib/python3.12/site-packages/airflow/example_dags/example_time_delta_sensor_async.py
[2025-04-01T16:34:25.473-0500] {processor.py:914} INFO - Processing file /mnt/d/Universidad/ETL/Proyecto_airflow/venv/lib/python3.12/site-packages/airflow/example_dags/example_time_delta_sensor_async.py for tasks to queue
[2025-04-01T16:34:25.476-0500] {logging_mixin.py:190} INFO - [2025-04-01T16:34:25.475-0500] {dagbag.py:588} INFO - Filling up the DagBag from /mnt/d/Universidad/ETL/Proyecto_airflow/venv/lib/python3.12/site-packages/airflow/example_dags/example_time_delta_sensor_async.py
[2025-04-01T16:34:25.529-0500] {processor.py:925} INFO - DAG(s) 'example_time_delta_sensor_async' retrieved from /mnt/d/Universidad/ETL/Proyecto_airflow/venv/lib/python3.12/site-packages/airflow/example_dags/example_time_delta_sensor_async.py
[2025-04-01T16:34:25.546-0500] {logging_mixin.py:190} INFO - [2025-04-01T16:34:25.545-0500] {dag.py:3239} INFO - Sync 1 DAGs
[2025-04-01T16:34:25.556-0500] {logging_mixin.py:190} INFO - [2025-04-01T16:34:25.555-0500] {dag.py:4180} INFO - Setting next_dagrun for example_time_delta_sensor_async to None, run_after=None
[2025-04-01T16:34:25.630-0500] {processor.py:208} INFO - Processing /mnt/d/Universidad/ETL/Proyecto_airflow/venv/lib/python3.12/site-packages/airflow/example_dags/example_time_delta_sensor_async.py took 0.166 seconds
[2025-04-01T16:35:50.451-0500] {processor.py:186} INFO - Started process (PID=4959) to work on /mnt/d/Universidad/ETL/Proyecto_airflow/venv/lib/python3.12/site-packages/airflow/example_dags/example_time_delta_sensor_async.py
[2025-04-01T16:35:50.452-0500] {processor.py:914} INFO - Processing file /mnt/d/Universidad/ETL/Proyecto_airflow/venv/lib/python3.12/site-packages/airflow/example_dags/example_time_delta_sensor_async.py for tasks to queue
[2025-04-01T16:35:50.455-0500] {logging_mixin.py:190} INFO - [2025-04-01T16:35:50.454-0500] {dagbag.py:588} INFO - Filling up the DagBag from /mnt/d/Universidad/ETL/Proyecto_airflow/venv/lib/python3.12/site-packages/airflow/example_dags/example_time_delta_sensor_async.py
[2025-04-01T16:35:50.509-0500] {processor.py:925} INFO - DAG(s) 'example_time_delta_sensor_async' retrieved from /mnt/d/Universidad/ETL/Proyecto_airflow/venv/lib/python3.12/site-packages/airflow/example_dags/example_time_delta_sensor_async.py
[2025-04-01T16:35:50.526-0500] {logging_mixin.py:190} INFO - [2025-04-01T16:35:50.526-0500] {dag.py:3239} INFO - Sync 1 DAGs
[2025-04-01T16:35:50.536-0500] {logging_mixin.py:190} INFO - [2025-04-01T16:35:50.535-0500] {dag.py:4180} INFO - Setting next_dagrun for example_time_delta_sensor_async to None, run_after=None
[2025-04-01T16:35:50.604-0500] {processor.py:208} INFO - Processing /mnt/d/Universidad/ETL/Proyecto_airflow/venv/lib/python3.12/site-packages/airflow/example_dags/example_time_delta_sensor_async.py took 0.161 seconds
[2025-04-01T16:37:26.531-0500] {processor.py:186} INFO - Started process (PID=5029) to work on /mnt/d/Universidad/ETL/Proyecto_airflow/venv/lib/python3.12/site-packages/airflow/example_dags/example_time_delta_sensor_async.py
[2025-04-01T16:37:26.533-0500] {processor.py:914} INFO - Processing file /mnt/d/Universidad/ETL/Proyecto_airflow/venv/lib/python3.12/site-packages/airflow/example_dags/example_time_delta_sensor_async.py for tasks to queue
[2025-04-01T16:37:26.535-0500] {logging_mixin.py:190} INFO - [2025-04-01T16:37:26.534-0500] {dagbag.py:588} INFO - Filling up the DagBag from /mnt/d/Universidad/ETL/Proyecto_airflow/venv/lib/python3.12/site-packages/airflow/example_dags/example_time_delta_sensor_async.py
[2025-04-01T16:37:26.588-0500] {processor.py:925} INFO - DAG(s) 'example_time_delta_sensor_async' retrieved from /mnt/d/Universidad/ETL/Proyecto_airflow/venv/lib/python3.12/site-packages/airflow/example_dags/example_time_delta_sensor_async.py
[2025-04-01T16:37:26.606-0500] {logging_mixin.py:190} INFO - [2025-04-01T16:37:26.605-0500] {dag.py:3239} INFO - Sync 1 DAGs
[2025-04-01T16:37:26.615-0500] {logging_mixin.py:190} INFO - [2025-04-01T16:37:26.614-0500] {dag.py:4180} INFO - Setting next_dagrun for example_time_delta_sensor_async to None, run_after=None
[2025-04-01T16:37:26.720-0500] {processor.py:208} INFO - Processing /mnt/d/Universidad/ETL/Proyecto_airflow/venv/lib/python3.12/site-packages/airflow/example_dags/example_time_delta_sensor_async.py took 0.196 seconds
[2025-04-01T16:38:55.012-0500] {processor.py:186} INFO - Started process (PID=5099) to work on /mnt/d/Universidad/ETL/Proyecto_airflow/venv/lib/python3.12/site-packages/airflow/example_dags/example_time_delta_sensor_async.py
[2025-04-01T16:38:55.013-0500] {processor.py:914} INFO - Processing file /mnt/d/Universidad/ETL/Proyecto_airflow/venv/lib/python3.12/site-packages/airflow/example_dags/example_time_delta_sensor_async.py for tasks to queue
[2025-04-01T16:38:55.016-0500] {logging_mixin.py:190} INFO - [2025-04-01T16:38:55.015-0500] {dagbag.py:588} INFO - Filling up the DagBag from /mnt/d/Universidad/ETL/Proyecto_airflow/venv/lib/python3.12/site-packages/airflow/example_dags/example_time_delta_sensor_async.py
[2025-04-01T16:38:57.641-0500] {processor.py:925} INFO - DAG(s) 'example_time_delta_sensor_async' retrieved from /mnt/d/Universidad/ETL/Proyecto_airflow/venv/lib/python3.12/site-packages/airflow/example_dags/example_time_delta_sensor_async.py
[2025-04-01T16:38:57.658-0500] {logging_mixin.py:190} INFO - [2025-04-01T16:38:57.658-0500] {dag.py:3239} INFO - Sync 1 DAGs
[2025-04-01T16:38:57.667-0500] {logging_mixin.py:190} INFO - [2025-04-01T16:38:57.667-0500] {dag.py:4180} INFO - Setting next_dagrun for example_time_delta_sensor_async to None, run_after=None
[2025-04-01T16:38:57.770-0500] {processor.py:208} INFO - Processing /mnt/d/Universidad/ETL/Proyecto_airflow/venv/lib/python3.12/site-packages/airflow/example_dags/example_time_delta_sensor_async.py took 0.194 seconds
[2025-04-01T16:40:32.024-0500] {processor.py:186} INFO - Started process (PID=5172) to work on /mnt/d/Universidad/ETL/Proyecto_airflow/venv/lib/python3.12/site-packages/airflow/example_dags/example_time_delta_sensor_async.py
[2025-04-01T16:40:32.025-0500] {processor.py:914} INFO - Processing file /mnt/d/Universidad/ETL/Proyecto_airflow/venv/lib/python3.12/site-packages/airflow/example_dags/example_time_delta_sensor_async.py for tasks to queue
[2025-04-01T16:40:32.027-0500] {logging_mixin.py:190} INFO - [2025-04-01T16:40:32.026-0500] {dagbag.py:588} INFO - Filling up the DagBag from /mnt/d/Universidad/ETL/Proyecto_airflow/venv/lib/python3.12/site-packages/airflow/example_dags/example_time_delta_sensor_async.py
[2025-04-01T16:40:32.080-0500] {processor.py:925} INFO - DAG(s) 'example_time_delta_sensor_async' retrieved from /mnt/d/Universidad/ETL/Proyecto_airflow/venv/lib/python3.12/site-packages/airflow/example_dags/example_time_delta_sensor_async.py
[2025-04-01T16:40:32.097-0500] {logging_mixin.py:190} INFO - [2025-04-01T16:40:32.096-0500] {dag.py:3239} INFO - Sync 1 DAGs
[2025-04-01T16:40:32.106-0500] {logging_mixin.py:190} INFO - [2025-04-01T16:40:32.106-0500] {dag.py:4180} INFO - Setting next_dagrun for example_time_delta_sensor_async to None, run_after=None
[2025-04-01T16:40:32.179-0500] {processor.py:208} INFO - Processing /mnt/d/Universidad/ETL/Proyecto_airflow/venv/lib/python3.12/site-packages/airflow/example_dags/example_time_delta_sensor_async.py took 0.163 seconds
[2025-04-01T16:41:23.339-0500] {processor.py:186} INFO - Started process (PID=5208) to work on /mnt/d/Universidad/ETL/Proyecto_airflow/venv/lib/python3.12/site-packages/airflow/example_dags/example_time_delta_sensor_async.py
[2025-04-01T16:41:23.341-0500] {processor.py:914} INFO - Processing file /mnt/d/Universidad/ETL/Proyecto_airflow/venv/lib/python3.12/site-packages/airflow/example_dags/example_time_delta_sensor_async.py for tasks to queue
[2025-04-01T16:41:23.344-0500] {logging_mixin.py:190} INFO - [2025-04-01T16:41:23.343-0500] {dagbag.py:588} INFO - Filling up the DagBag from /mnt/d/Universidad/ETL/Proyecto_airflow/venv/lib/python3.12/site-packages/airflow/example_dags/example_time_delta_sensor_async.py
[2025-04-01T16:41:23.399-0500] {processor.py:925} INFO - DAG(s) 'example_time_delta_sensor_async' retrieved from /mnt/d/Universidad/ETL/Proyecto_airflow/venv/lib/python3.12/site-packages/airflow/example_dags/example_time_delta_sensor_async.py
[2025-04-01T16:41:23.419-0500] {logging_mixin.py:190} INFO - [2025-04-01T16:41:23.418-0500] {dag.py:3239} INFO - Sync 1 DAGs
[2025-04-01T16:41:23.429-0500] {logging_mixin.py:190} INFO - [2025-04-01T16:41:23.429-0500] {dag.py:4180} INFO - Setting next_dagrun for example_time_delta_sensor_async to None, run_after=None
[2025-04-01T16:41:23.512-0500] {processor.py:208} INFO - Processing /mnt/d/Universidad/ETL/Proyecto_airflow/venv/lib/python3.12/site-packages/airflow/example_dags/example_time_delta_sensor_async.py took 0.182 seconds
[2025-04-01T16:42:53.721-0500] {processor.py:186} INFO - Started process (PID=5278) to work on /mnt/d/Universidad/ETL/Proyecto_airflow/venv/lib/python3.12/site-packages/airflow/example_dags/example_time_delta_sensor_async.py
[2025-04-01T16:42:53.722-0500] {processor.py:914} INFO - Processing file /mnt/d/Universidad/ETL/Proyecto_airflow/venv/lib/python3.12/site-packages/airflow/example_dags/example_time_delta_sensor_async.py for tasks to queue
[2025-04-01T16:42:53.724-0500] {logging_mixin.py:190} INFO - [2025-04-01T16:42:53.723-0500] {dagbag.py:588} INFO - Filling up the DagBag from /mnt/d/Universidad/ETL/Proyecto_airflow/venv/lib/python3.12/site-packages/airflow/example_dags/example_time_delta_sensor_async.py
[2025-04-01T16:42:53.777-0500] {processor.py:925} INFO - DAG(s) 'example_time_delta_sensor_async' retrieved from /mnt/d/Universidad/ETL/Proyecto_airflow/venv/lib/python3.12/site-packages/airflow/example_dags/example_time_delta_sensor_async.py
[2025-04-01T16:42:53.794-0500] {logging_mixin.py:190} INFO - [2025-04-01T16:42:53.793-0500] {dag.py:3239} INFO - Sync 1 DAGs
[2025-04-01T16:42:53.803-0500] {logging_mixin.py:190} INFO - [2025-04-01T16:42:53.802-0500] {dag.py:4180} INFO - Setting next_dagrun for example_time_delta_sensor_async to None, run_after=None
[2025-04-01T16:42:53.903-0500] {processor.py:208} INFO - Processing /mnt/d/Universidad/ETL/Proyecto_airflow/venv/lib/python3.12/site-packages/airflow/example_dags/example_time_delta_sensor_async.py took 0.191 seconds
[2025-04-01T16:44:29.290-0500] {processor.py:186} INFO - Started process (PID=5349) to work on /mnt/d/Universidad/ETL/Proyecto_airflow/venv/lib/python3.12/site-packages/airflow/example_dags/example_time_delta_sensor_async.py
[2025-04-01T16:44:29.291-0500] {processor.py:914} INFO - Processing file /mnt/d/Universidad/ETL/Proyecto_airflow/venv/lib/python3.12/site-packages/airflow/example_dags/example_time_delta_sensor_async.py for tasks to queue
[2025-04-01T16:44:29.293-0500] {logging_mixin.py:190} INFO - [2025-04-01T16:44:29.292-0500] {dagbag.py:588} INFO - Filling up the DagBag from /mnt/d/Universidad/ETL/Proyecto_airflow/venv/lib/python3.12/site-packages/airflow/example_dags/example_time_delta_sensor_async.py
[2025-04-01T16:44:29.346-0500] {processor.py:925} INFO - DAG(s) 'example_time_delta_sensor_async' retrieved from /mnt/d/Universidad/ETL/Proyecto_airflow/venv/lib/python3.12/site-packages/airflow/example_dags/example_time_delta_sensor_async.py
[2025-04-01T16:44:29.364-0500] {logging_mixin.py:190} INFO - [2025-04-01T16:44:29.363-0500] {dag.py:3239} INFO - Sync 1 DAGs
[2025-04-01T16:44:29.373-0500] {logging_mixin.py:190} INFO - [2025-04-01T16:44:29.373-0500] {dag.py:4180} INFO - Setting next_dagrun for example_time_delta_sensor_async to None, run_after=None
[2025-04-01T16:44:29.454-0500] {processor.py:208} INFO - Processing /mnt/d/Universidad/ETL/Proyecto_airflow/venv/lib/python3.12/site-packages/airflow/example_dags/example_time_delta_sensor_async.py took 0.172 seconds
[2025-04-01T16:46:07.136-0500] {processor.py:186} INFO - Started process (PID=5422) to work on /mnt/d/Universidad/ETL/Proyecto_airflow/venv/lib/python3.12/site-packages/airflow/example_dags/example_time_delta_sensor_async.py
[2025-04-01T16:46:07.137-0500] {processor.py:914} INFO - Processing file /mnt/d/Universidad/ETL/Proyecto_airflow/venv/lib/python3.12/site-packages/airflow/example_dags/example_time_delta_sensor_async.py for tasks to queue
[2025-04-01T16:46:07.139-0500] {logging_mixin.py:190} INFO - [2025-04-01T16:46:07.138-0500] {dagbag.py:588} INFO - Filling up the DagBag from /mnt/d/Universidad/ETL/Proyecto_airflow/venv/lib/python3.12/site-packages/airflow/example_dags/example_time_delta_sensor_async.py
[2025-04-01T16:46:07.191-0500] {processor.py:925} INFO - DAG(s) 'example_time_delta_sensor_async' retrieved from /mnt/d/Universidad/ETL/Proyecto_airflow/venv/lib/python3.12/site-packages/airflow/example_dags/example_time_delta_sensor_async.py
[2025-04-01T16:46:07.223-0500] {logging_mixin.py:190} INFO - [2025-04-01T16:46:07.222-0500] {dag.py:3239} INFO - Sync 1 DAGs
[2025-04-01T16:46:07.232-0500] {logging_mixin.py:190} INFO - [2025-04-01T16:46:07.232-0500] {dag.py:4180} INFO - Setting next_dagrun for example_time_delta_sensor_async to None, run_after=None
[2025-04-01T16:46:07.335-0500] {processor.py:208} INFO - Processing /mnt/d/Universidad/ETL/Proyecto_airflow/venv/lib/python3.12/site-packages/airflow/example_dags/example_time_delta_sensor_async.py took 0.206 seconds
[2025-04-01T16:46:57.307-0500] {processor.py:186} INFO - Started process (PID=5460) to work on /mnt/d/Universidad/ETL/Proyecto_airflow/venv/lib/python3.12/site-packages/airflow/example_dags/example_time_delta_sensor_async.py
[2025-04-01T16:46:57.308-0500] {processor.py:914} INFO - Processing file /mnt/d/Universidad/ETL/Proyecto_airflow/venv/lib/python3.12/site-packages/airflow/example_dags/example_time_delta_sensor_async.py for tasks to queue
[2025-04-01T16:46:57.311-0500] {logging_mixin.py:190} INFO - [2025-04-01T16:46:57.310-0500] {dagbag.py:588} INFO - Filling up the DagBag from /mnt/d/Universidad/ETL/Proyecto_airflow/venv/lib/python3.12/site-packages/airflow/example_dags/example_time_delta_sensor_async.py
[2025-04-01T16:46:57.362-0500] {processor.py:925} INFO - DAG(s) 'example_time_delta_sensor_async' retrieved from /mnt/d/Universidad/ETL/Proyecto_airflow/venv/lib/python3.12/site-packages/airflow/example_dags/example_time_delta_sensor_async.py
[2025-04-01T16:46:57.379-0500] {logging_mixin.py:190} INFO - [2025-04-01T16:46:57.378-0500] {dag.py:3239} INFO - Sync 1 DAGs
[2025-04-01T16:46:57.388-0500] {logging_mixin.py:190} INFO - [2025-04-01T16:46:57.387-0500] {dag.py:4180} INFO - Setting next_dagrun for example_time_delta_sensor_async to None, run_after=None
[2025-04-01T16:46:57.486-0500] {processor.py:208} INFO - Processing /mnt/d/Universidad/ETL/Proyecto_airflow/venv/lib/python3.12/site-packages/airflow/example_dags/example_time_delta_sensor_async.py took 0.187 seconds
[2025-04-01T16:48:28.173-0500] {processor.py:186} INFO - Started process (PID=5529) to work on /mnt/d/Universidad/ETL/Proyecto_airflow/venv/lib/python3.12/site-packages/airflow/example_dags/example_time_delta_sensor_async.py
[2025-04-01T16:48:28.174-0500] {processor.py:914} INFO - Processing file /mnt/d/Universidad/ETL/Proyecto_airflow/venv/lib/python3.12/site-packages/airflow/example_dags/example_time_delta_sensor_async.py for tasks to queue
[2025-04-01T16:48:28.176-0500] {logging_mixin.py:190} INFO - [2025-04-01T16:48:28.175-0500] {dagbag.py:588} INFO - Filling up the DagBag from /mnt/d/Universidad/ETL/Proyecto_airflow/venv/lib/python3.12/site-packages/airflow/example_dags/example_time_delta_sensor_async.py
[2025-04-01T16:48:28.231-0500] {processor.py:925} INFO - DAG(s) 'example_time_delta_sensor_async' retrieved from /mnt/d/Universidad/ETL/Proyecto_airflow/venv/lib/python3.12/site-packages/airflow/example_dags/example_time_delta_sensor_async.py
[2025-04-01T16:48:28.329-0500] {logging_mixin.py:190} INFO - [2025-04-01T16:48:28.328-0500] {dag.py:3239} INFO - Sync 1 DAGs
[2025-04-01T16:48:28.338-0500] {logging_mixin.py:190} INFO - [2025-04-01T16:48:28.338-0500] {dag.py:4180} INFO - Setting next_dagrun for example_time_delta_sensor_async to None, run_after=None
[2025-04-01T16:48:28.439-0500] {processor.py:208} INFO - Processing /mnt/d/Universidad/ETL/Proyecto_airflow/venv/lib/python3.12/site-packages/airflow/example_dags/example_time_delta_sensor_async.py took 0.274 seconds
[2025-04-01T16:49:54.865-0500] {processor.py:186} INFO - Started process (PID=5598) to work on /mnt/d/Universidad/ETL/Proyecto_airflow/venv/lib/python3.12/site-packages/airflow/example_dags/example_time_delta_sensor_async.py
[2025-04-01T16:49:54.866-0500] {processor.py:914} INFO - Processing file /mnt/d/Universidad/ETL/Proyecto_airflow/venv/lib/python3.12/site-packages/airflow/example_dags/example_time_delta_sensor_async.py for tasks to queue
[2025-04-01T16:49:54.868-0500] {logging_mixin.py:190} INFO - [2025-04-01T16:49:54.868-0500] {dagbag.py:588} INFO - Filling up the DagBag from /mnt/d/Universidad/ETL/Proyecto_airflow/venv/lib/python3.12/site-packages/airflow/example_dags/example_time_delta_sensor_async.py
[2025-04-01T16:49:54.920-0500] {processor.py:925} INFO - DAG(s) 'example_time_delta_sensor_async' retrieved from /mnt/d/Universidad/ETL/Proyecto_airflow/venv/lib/python3.12/site-packages/airflow/example_dags/example_time_delta_sensor_async.py
[2025-04-01T16:49:54.937-0500] {logging_mixin.py:190} INFO - [2025-04-01T16:49:54.936-0500] {dag.py:3239} INFO - Sync 1 DAGs
[2025-04-01T16:49:54.946-0500] {logging_mixin.py:190} INFO - [2025-04-01T16:49:54.945-0500] {dag.py:4180} INFO - Setting next_dagrun for example_time_delta_sensor_async to None, run_after=None
[2025-04-01T16:49:55.053-0500] {processor.py:208} INFO - Processing /mnt/d/Universidad/ETL/Proyecto_airflow/venv/lib/python3.12/site-packages/airflow/example_dags/example_time_delta_sensor_async.py took 0.195 seconds
[2025-04-01T16:51:33.942-0500] {processor.py:186} INFO - Started process (PID=5671) to work on /mnt/d/Universidad/ETL/Proyecto_airflow/venv/lib/python3.12/site-packages/airflow/example_dags/example_time_delta_sensor_async.py
[2025-04-01T16:51:33.943-0500] {processor.py:914} INFO - Processing file /mnt/d/Universidad/ETL/Proyecto_airflow/venv/lib/python3.12/site-packages/airflow/example_dags/example_time_delta_sensor_async.py for tasks to queue
[2025-04-01T16:51:33.945-0500] {logging_mixin.py:190} INFO - [2025-04-01T16:51:33.945-0500] {dagbag.py:588} INFO - Filling up the DagBag from /mnt/d/Universidad/ETL/Proyecto_airflow/venv/lib/python3.12/site-packages/airflow/example_dags/example_time_delta_sensor_async.py
[2025-04-01T16:51:33.997-0500] {processor.py:925} INFO - DAG(s) 'example_time_delta_sensor_async' retrieved from /mnt/d/Universidad/ETL/Proyecto_airflow/venv/lib/python3.12/site-packages/airflow/example_dags/example_time_delta_sensor_async.py
[2025-04-01T16:51:34.014-0500] {logging_mixin.py:190} INFO - [2025-04-01T16:51:34.013-0500] {dag.py:3239} INFO - Sync 1 DAGs
[2025-04-01T16:51:34.023-0500] {logging_mixin.py:190} INFO - [2025-04-01T16:51:34.022-0500] {dag.py:4180} INFO - Setting next_dagrun for example_time_delta_sensor_async to None, run_after=None
[2025-04-01T16:51:34.125-0500] {processor.py:208} INFO - Processing /mnt/d/Universidad/ETL/Proyecto_airflow/venv/lib/python3.12/site-packages/airflow/example_dags/example_time_delta_sensor_async.py took 0.191 seconds
[2025-04-01T16:53:11.992-0500] {processor.py:186} INFO - Started process (PID=5743) to work on /mnt/d/Universidad/ETL/Proyecto_airflow/venv/lib/python3.12/site-packages/airflow/example_dags/example_time_delta_sensor_async.py
[2025-04-01T16:53:11.993-0500] {processor.py:914} INFO - Processing file /mnt/d/Universidad/ETL/Proyecto_airflow/venv/lib/python3.12/site-packages/airflow/example_dags/example_time_delta_sensor_async.py for tasks to queue
[2025-04-01T16:53:11.996-0500] {logging_mixin.py:190} INFO - [2025-04-01T16:53:11.995-0500] {dagbag.py:588} INFO - Filling up the DagBag from /mnt/d/Universidad/ETL/Proyecto_airflow/venv/lib/python3.12/site-packages/airflow/example_dags/example_time_delta_sensor_async.py
[2025-04-01T16:53:12.048-0500] {processor.py:925} INFO - DAG(s) 'example_time_delta_sensor_async' retrieved from /mnt/d/Universidad/ETL/Proyecto_airflow/venv/lib/python3.12/site-packages/airflow/example_dags/example_time_delta_sensor_async.py
[2025-04-01T16:53:12.065-0500] {logging_mixin.py:190} INFO - [2025-04-01T16:53:12.065-0500] {dag.py:3239} INFO - Sync 1 DAGs
[2025-04-01T16:53:12.074-0500] {logging_mixin.py:190} INFO - [2025-04-01T16:53:12.074-0500] {dag.py:4180} INFO - Setting next_dagrun for example_time_delta_sensor_async to None, run_after=None
[2025-04-01T16:53:12.196-0500] {processor.py:208} INFO - Processing /mnt/d/Universidad/ETL/Proyecto_airflow/venv/lib/python3.12/site-packages/airflow/example_dags/example_time_delta_sensor_async.py took 0.211 seconds
[2025-04-01T16:54:47.177-0500] {processor.py:186} INFO - Started process (PID=5815) to work on /mnt/d/Universidad/ETL/Proyecto_airflow/venv/lib/python3.12/site-packages/airflow/example_dags/example_time_delta_sensor_async.py
[2025-04-01T16:54:47.178-0500] {processor.py:914} INFO - Processing file /mnt/d/Universidad/ETL/Proyecto_airflow/venv/lib/python3.12/site-packages/airflow/example_dags/example_time_delta_sensor_async.py for tasks to queue
[2025-04-01T16:54:47.180-0500] {logging_mixin.py:190} INFO - [2025-04-01T16:54:47.179-0500] {dagbag.py:588} INFO - Filling up the DagBag from /mnt/d/Universidad/ETL/Proyecto_airflow/venv/lib/python3.12/site-packages/airflow/example_dags/example_time_delta_sensor_async.py
[2025-04-01T16:54:47.233-0500] {processor.py:925} INFO - DAG(s) 'example_time_delta_sensor_async' retrieved from /mnt/d/Universidad/ETL/Proyecto_airflow/venv/lib/python3.12/site-packages/airflow/example_dags/example_time_delta_sensor_async.py
[2025-04-01T16:54:47.250-0500] {logging_mixin.py:190} INFO - [2025-04-01T16:54:47.250-0500] {dag.py:3239} INFO - Sync 1 DAGs
[2025-04-01T16:54:47.259-0500] {logging_mixin.py:190} INFO - [2025-04-01T16:54:47.259-0500] {dag.py:4180} INFO - Setting next_dagrun for example_time_delta_sensor_async to None, run_after=None
[2025-04-01T16:54:47.436-0500] {processor.py:208} INFO - Processing /mnt/d/Universidad/ETL/Proyecto_airflow/venv/lib/python3.12/site-packages/airflow/example_dags/example_time_delta_sensor_async.py took 0.267 seconds
[2025-04-01T16:56:19.819-0500] {processor.py:186} INFO - Started process (PID=5886) to work on /mnt/d/Universidad/ETL/Proyecto_airflow/venv/lib/python3.12/site-packages/airflow/example_dags/example_time_delta_sensor_async.py
[2025-04-01T16:56:19.820-0500] {processor.py:914} INFO - Processing file /mnt/d/Universidad/ETL/Proyecto_airflow/venv/lib/python3.12/site-packages/airflow/example_dags/example_time_delta_sensor_async.py for tasks to queue
[2025-04-01T16:56:19.822-0500] {logging_mixin.py:190} INFO - [2025-04-01T16:56:19.821-0500] {dagbag.py:588} INFO - Filling up the DagBag from /mnt/d/Universidad/ETL/Proyecto_airflow/venv/lib/python3.12/site-packages/airflow/example_dags/example_time_delta_sensor_async.py
[2025-04-01T16:56:19.875-0500] {processor.py:925} INFO - DAG(s) 'example_time_delta_sensor_async' retrieved from /mnt/d/Universidad/ETL/Proyecto_airflow/venv/lib/python3.12/site-packages/airflow/example_dags/example_time_delta_sensor_async.py
[2025-04-01T16:56:19.893-0500] {logging_mixin.py:190} INFO - [2025-04-01T16:56:19.892-0500] {dag.py:3239} INFO - Sync 1 DAGs
[2025-04-01T16:56:19.902-0500] {logging_mixin.py:190} INFO - [2025-04-01T16:56:19.901-0500] {dag.py:4180} INFO - Setting next_dagrun for example_time_delta_sensor_async to None, run_after=None
[2025-04-01T16:56:20.002-0500] {processor.py:208} INFO - Processing /mnt/d/Universidad/ETL/Proyecto_airflow/venv/lib/python3.12/site-packages/airflow/example_dags/example_time_delta_sensor_async.py took 0.191 seconds
[2025-04-01T16:57:51.303-0500] {processor.py:186} INFO - Started process (PID=5956) to work on /mnt/d/Universidad/ETL/Proyecto_airflow/venv/lib/python3.12/site-packages/airflow/example_dags/example_time_delta_sensor_async.py
[2025-04-01T16:57:51.304-0500] {processor.py:914} INFO - Processing file /mnt/d/Universidad/ETL/Proyecto_airflow/venv/lib/python3.12/site-packages/airflow/example_dags/example_time_delta_sensor_async.py for tasks to queue
[2025-04-01T16:57:51.306-0500] {logging_mixin.py:190} INFO - [2025-04-01T16:57:51.305-0500] {dagbag.py:588} INFO - Filling up the DagBag from /mnt/d/Universidad/ETL/Proyecto_airflow/venv/lib/python3.12/site-packages/airflow/example_dags/example_time_delta_sensor_async.py
[2025-04-01T16:57:51.361-0500] {processor.py:925} INFO - DAG(s) 'example_time_delta_sensor_async' retrieved from /mnt/d/Universidad/ETL/Proyecto_airflow/venv/lib/python3.12/site-packages/airflow/example_dags/example_time_delta_sensor_async.py
[2025-04-01T16:57:51.379-0500] {logging_mixin.py:190} INFO - [2025-04-01T16:57:51.378-0500] {dag.py:3239} INFO - Sync 1 DAGs
[2025-04-01T16:57:51.388-0500] {logging_mixin.py:190} INFO - [2025-04-01T16:57:51.388-0500] {dag.py:4180} INFO - Setting next_dagrun for example_time_delta_sensor_async to None, run_after=None
[2025-04-01T16:57:51.490-0500] {processor.py:208} INFO - Processing /mnt/d/Universidad/ETL/Proyecto_airflow/venv/lib/python3.12/site-packages/airflow/example_dags/example_time_delta_sensor_async.py took 0.195 seconds
[2025-04-01T16:59:24.781-0500] {processor.py:186} INFO - Started process (PID=6027) to work on /mnt/d/Universidad/ETL/Proyecto_airflow/venv/lib/python3.12/site-packages/airflow/example_dags/example_time_delta_sensor_async.py
[2025-04-01T16:59:24.782-0500] {processor.py:914} INFO - Processing file /mnt/d/Universidad/ETL/Proyecto_airflow/venv/lib/python3.12/site-packages/airflow/example_dags/example_time_delta_sensor_async.py for tasks to queue
[2025-04-01T16:59:24.785-0500] {logging_mixin.py:190} INFO - [2025-04-01T16:59:24.784-0500] {dagbag.py:588} INFO - Filling up the DagBag from /mnt/d/Universidad/ETL/Proyecto_airflow/venv/lib/python3.12/site-packages/airflow/example_dags/example_time_delta_sensor_async.py
[2025-04-01T16:59:24.839-0500] {processor.py:925} INFO - DAG(s) 'example_time_delta_sensor_async' retrieved from /mnt/d/Universidad/ETL/Proyecto_airflow/venv/lib/python3.12/site-packages/airflow/example_dags/example_time_delta_sensor_async.py
[2025-04-01T16:59:24.856-0500] {logging_mixin.py:190} INFO - [2025-04-01T16:59:24.856-0500] {dag.py:3239} INFO - Sync 1 DAGs
[2025-04-01T16:59:24.866-0500] {logging_mixin.py:190} INFO - [2025-04-01T16:59:24.865-0500] {dag.py:4180} INFO - Setting next_dagrun for example_time_delta_sensor_async to None, run_after=None
[2025-04-01T16:59:24.971-0500] {processor.py:208} INFO - Processing /mnt/d/Universidad/ETL/Proyecto_airflow/venv/lib/python3.12/site-packages/airflow/example_dags/example_time_delta_sensor_async.py took 0.197 seconds
[2025-04-01T17:01:04.015-0500] {processor.py:186} INFO - Started process (PID=6099) to work on /mnt/d/Universidad/ETL/Proyecto_airflow/venv/lib/python3.12/site-packages/airflow/example_dags/example_time_delta_sensor_async.py
[2025-04-01T17:01:04.016-0500] {processor.py:914} INFO - Processing file /mnt/d/Universidad/ETL/Proyecto_airflow/venv/lib/python3.12/site-packages/airflow/example_dags/example_time_delta_sensor_async.py for tasks to queue
[2025-04-01T17:01:04.019-0500] {logging_mixin.py:190} INFO - [2025-04-01T17:01:04.018-0500] {dagbag.py:588} INFO - Filling up the DagBag from /mnt/d/Universidad/ETL/Proyecto_airflow/venv/lib/python3.12/site-packages/airflow/example_dags/example_time_delta_sensor_async.py
[2025-04-01T17:01:04.072-0500] {processor.py:925} INFO - DAG(s) 'example_time_delta_sensor_async' retrieved from /mnt/d/Universidad/ETL/Proyecto_airflow/venv/lib/python3.12/site-packages/airflow/example_dags/example_time_delta_sensor_async.py
[2025-04-01T17:01:04.089-0500] {logging_mixin.py:190} INFO - [2025-04-01T17:01:04.089-0500] {dag.py:3239} INFO - Sync 1 DAGs
[2025-04-01T17:01:04.098-0500] {logging_mixin.py:190} INFO - [2025-04-01T17:01:04.098-0500] {dag.py:4180} INFO - Setting next_dagrun for example_time_delta_sensor_async to None, run_after=None
[2025-04-01T17:01:04.196-0500] {processor.py:208} INFO - Processing /mnt/d/Universidad/ETL/Proyecto_airflow/venv/lib/python3.12/site-packages/airflow/example_dags/example_time_delta_sensor_async.py took 0.188 seconds
[2025-04-01T17:02:36.054-0500] {processor.py:186} INFO - Started process (PID=6169) to work on /mnt/d/Universidad/ETL/Proyecto_airflow/venv/lib/python3.12/site-packages/airflow/example_dags/example_time_delta_sensor_async.py
[2025-04-01T17:02:36.055-0500] {processor.py:914} INFO - Processing file /mnt/d/Universidad/ETL/Proyecto_airflow/venv/lib/python3.12/site-packages/airflow/example_dags/example_time_delta_sensor_async.py for tasks to queue
[2025-04-01T17:02:36.057-0500] {logging_mixin.py:190} INFO - [2025-04-01T17:02:36.056-0500] {dagbag.py:588} INFO - Filling up the DagBag from /mnt/d/Universidad/ETL/Proyecto_airflow/venv/lib/python3.12/site-packages/airflow/example_dags/example_time_delta_sensor_async.py
[2025-04-01T17:02:36.110-0500] {processor.py:925} INFO - DAG(s) 'example_time_delta_sensor_async' retrieved from /mnt/d/Universidad/ETL/Proyecto_airflow/venv/lib/python3.12/site-packages/airflow/example_dags/example_time_delta_sensor_async.py
[2025-04-01T17:02:36.127-0500] {logging_mixin.py:190} INFO - [2025-04-01T17:02:36.126-0500] {dag.py:3239} INFO - Sync 1 DAGs
[2025-04-01T17:02:36.136-0500] {logging_mixin.py:190} INFO - [2025-04-01T17:02:36.136-0500] {dag.py:4180} INFO - Setting next_dagrun for example_time_delta_sensor_async to None, run_after=None
[2025-04-01T17:02:36.238-0500] {processor.py:208} INFO - Processing /mnt/d/Universidad/ETL/Proyecto_airflow/venv/lib/python3.12/site-packages/airflow/example_dags/example_time_delta_sensor_async.py took 0.192 seconds
[2025-04-01T17:03:25.987-0500] {processor.py:186} INFO - Started process (PID=6206) to work on /mnt/d/Universidad/ETL/Proyecto_airflow/venv/lib/python3.12/site-packages/airflow/example_dags/example_time_delta_sensor_async.py
[2025-04-01T17:03:25.988-0500] {processor.py:914} INFO - Processing file /mnt/d/Universidad/ETL/Proyecto_airflow/venv/lib/python3.12/site-packages/airflow/example_dags/example_time_delta_sensor_async.py for tasks to queue
[2025-04-01T17:03:25.990-0500] {logging_mixin.py:190} INFO - [2025-04-01T17:03:25.989-0500] {dagbag.py:588} INFO - Filling up the DagBag from /mnt/d/Universidad/ETL/Proyecto_airflow/venv/lib/python3.12/site-packages/airflow/example_dags/example_time_delta_sensor_async.py
[2025-04-01T17:03:26.042-0500] {processor.py:925} INFO - DAG(s) 'example_time_delta_sensor_async' retrieved from /mnt/d/Universidad/ETL/Proyecto_airflow/venv/lib/python3.12/site-packages/airflow/example_dags/example_time_delta_sensor_async.py
[2025-04-01T17:03:26.059-0500] {logging_mixin.py:190} INFO - [2025-04-01T17:03:26.058-0500] {dag.py:3239} INFO - Sync 1 DAGs
[2025-04-01T17:03:26.068-0500] {logging_mixin.py:190} INFO - [2025-04-01T17:03:26.067-0500] {dag.py:4180} INFO - Setting next_dagrun for example_time_delta_sensor_async to None, run_after=None
[2025-04-01T17:03:26.164-0500] {processor.py:208} INFO - Processing /mnt/d/Universidad/ETL/Proyecto_airflow/venv/lib/python3.12/site-packages/airflow/example_dags/example_time_delta_sensor_async.py took 0.185 seconds
[2025-04-01T17:04:59.526-0500] {processor.py:186} INFO - Started process (PID=6275) to work on /mnt/d/Universidad/ETL/Proyecto_airflow/venv/lib/python3.12/site-packages/airflow/example_dags/example_time_delta_sensor_async.py
[2025-04-01T17:04:59.528-0500] {processor.py:914} INFO - Processing file /mnt/d/Universidad/ETL/Proyecto_airflow/venv/lib/python3.12/site-packages/airflow/example_dags/example_time_delta_sensor_async.py for tasks to queue
[2025-04-01T17:04:59.530-0500] {logging_mixin.py:190} INFO - [2025-04-01T17:04:59.529-0500] {dagbag.py:588} INFO - Filling up the DagBag from /mnt/d/Universidad/ETL/Proyecto_airflow/venv/lib/python3.12/site-packages/airflow/example_dags/example_time_delta_sensor_async.py
[2025-04-01T17:04:59.582-0500] {processor.py:925} INFO - DAG(s) 'example_time_delta_sensor_async' retrieved from /mnt/d/Universidad/ETL/Proyecto_airflow/venv/lib/python3.12/site-packages/airflow/example_dags/example_time_delta_sensor_async.py
[2025-04-01T17:04:59.599-0500] {logging_mixin.py:190} INFO - [2025-04-01T17:04:59.598-0500] {dag.py:3239} INFO - Sync 1 DAGs
[2025-04-01T17:04:59.608-0500] {logging_mixin.py:190} INFO - [2025-04-01T17:04:59.607-0500] {dag.py:4180} INFO - Setting next_dagrun for example_time_delta_sensor_async to None, run_after=None
[2025-04-01T17:04:59.719-0500] {processor.py:208} INFO - Processing /mnt/d/Universidad/ETL/Proyecto_airflow/venv/lib/python3.12/site-packages/airflow/example_dags/example_time_delta_sensor_async.py took 0.200 seconds
[2025-04-01T17:05:49.571-0500] {processor.py:186} INFO - Started process (PID=6312) to work on /mnt/d/Universidad/ETL/Proyecto_airflow/venv/lib/python3.12/site-packages/airflow/example_dags/example_time_delta_sensor_async.py
[2025-04-01T17:05:49.573-0500] {processor.py:914} INFO - Processing file /mnt/d/Universidad/ETL/Proyecto_airflow/venv/lib/python3.12/site-packages/airflow/example_dags/example_time_delta_sensor_async.py for tasks to queue
[2025-04-01T17:05:49.575-0500] {logging_mixin.py:190} INFO - [2025-04-01T17:05:49.574-0500] {dagbag.py:588} INFO - Filling up the DagBag from /mnt/d/Universidad/ETL/Proyecto_airflow/venv/lib/python3.12/site-packages/airflow/example_dags/example_time_delta_sensor_async.py
[2025-04-01T17:05:49.627-0500] {processor.py:925} INFO - DAG(s) 'example_time_delta_sensor_async' retrieved from /mnt/d/Universidad/ETL/Proyecto_airflow/venv/lib/python3.12/site-packages/airflow/example_dags/example_time_delta_sensor_async.py
[2025-04-01T17:05:49.644-0500] {logging_mixin.py:190} INFO - [2025-04-01T17:05:49.643-0500] {dag.py:3239} INFO - Sync 1 DAGs
[2025-04-01T17:05:49.653-0500] {logging_mixin.py:190} INFO - [2025-04-01T17:05:49.652-0500] {dag.py:4180} INFO - Setting next_dagrun for example_time_delta_sensor_async to None, run_after=None
[2025-04-01T17:05:49.755-0500] {processor.py:208} INFO - Processing /mnt/d/Universidad/ETL/Proyecto_airflow/venv/lib/python3.12/site-packages/airflow/example_dags/example_time_delta_sensor_async.py took 0.191 seconds
[2025-04-01T17:06:42.556-0500] {processor.py:186} INFO - Started process (PID=6349) to work on /mnt/d/Universidad/ETL/Proyecto_airflow/venv/lib/python3.12/site-packages/airflow/example_dags/example_time_delta_sensor_async.py
[2025-04-01T17:06:42.557-0500] {processor.py:914} INFO - Processing file /mnt/d/Universidad/ETL/Proyecto_airflow/venv/lib/python3.12/site-packages/airflow/example_dags/example_time_delta_sensor_async.py for tasks to queue
[2025-04-01T17:06:42.560-0500] {logging_mixin.py:190} INFO - [2025-04-01T17:06:42.559-0500] {dagbag.py:588} INFO - Filling up the DagBag from /mnt/d/Universidad/ETL/Proyecto_airflow/venv/lib/python3.12/site-packages/airflow/example_dags/example_time_delta_sensor_async.py
[2025-04-01T17:06:42.613-0500] {processor.py:925} INFO - DAG(s) 'example_time_delta_sensor_async' retrieved from /mnt/d/Universidad/ETL/Proyecto_airflow/venv/lib/python3.12/site-packages/airflow/example_dags/example_time_delta_sensor_async.py
[2025-04-01T17:06:42.632-0500] {logging_mixin.py:190} INFO - [2025-04-01T17:06:42.632-0500] {dag.py:3239} INFO - Sync 1 DAGs
[2025-04-01T17:06:42.643-0500] {logging_mixin.py:190} INFO - [2025-04-01T17:06:42.642-0500] {dag.py:4180} INFO - Setting next_dagrun for example_time_delta_sensor_async to None, run_after=None
[2025-04-01T17:06:42.743-0500] {processor.py:208} INFO - Processing /mnt/d/Universidad/ETL/Proyecto_airflow/venv/lib/python3.12/site-packages/airflow/example_dags/example_time_delta_sensor_async.py took 0.195 seconds
[2025-04-01T17:08:12.682-0500] {processor.py:186} INFO - Started process (PID=6421) to work on /mnt/d/Universidad/ETL/Proyecto_airflow/venv/lib/python3.12/site-packages/airflow/example_dags/example_time_delta_sensor_async.py
[2025-04-01T17:08:12.683-0500] {processor.py:914} INFO - Processing file /mnt/d/Universidad/ETL/Proyecto_airflow/venv/lib/python3.12/site-packages/airflow/example_dags/example_time_delta_sensor_async.py for tasks to queue
[2025-04-01T17:08:12.686-0500] {logging_mixin.py:190} INFO - [2025-04-01T17:08:12.685-0500] {dagbag.py:588} INFO - Filling up the DagBag from /mnt/d/Universidad/ETL/Proyecto_airflow/venv/lib/python3.12/site-packages/airflow/example_dags/example_time_delta_sensor_async.py
[2025-04-01T17:08:12.737-0500] {processor.py:925} INFO - DAG(s) 'example_time_delta_sensor_async' retrieved from /mnt/d/Universidad/ETL/Proyecto_airflow/venv/lib/python3.12/site-packages/airflow/example_dags/example_time_delta_sensor_async.py
[2025-04-01T17:08:12.754-0500] {logging_mixin.py:190} INFO - [2025-04-01T17:08:12.754-0500] {dag.py:3239} INFO - Sync 1 DAGs
[2025-04-01T17:08:12.764-0500] {logging_mixin.py:190} INFO - [2025-04-01T17:08:12.764-0500] {dag.py:4180} INFO - Setting next_dagrun for example_time_delta_sensor_async to None, run_after=None
[2025-04-01T17:08:12.869-0500] {processor.py:208} INFO - Processing /mnt/d/Universidad/ETL/Proyecto_airflow/venv/lib/python3.12/site-packages/airflow/example_dags/example_time_delta_sensor_async.py took 0.194 seconds
[2025-04-01T17:09:07.825-0500] {processor.py:186} INFO - Started process (PID=6459) to work on /mnt/d/Universidad/ETL/Proyecto_airflow/venv/lib/python3.12/site-packages/airflow/example_dags/example_time_delta_sensor_async.py
[2025-04-01T17:09:07.826-0500] {processor.py:914} INFO - Processing file /mnt/d/Universidad/ETL/Proyecto_airflow/venv/lib/python3.12/site-packages/airflow/example_dags/example_time_delta_sensor_async.py for tasks to queue
[2025-04-01T17:09:07.828-0500] {logging_mixin.py:190} INFO - [2025-04-01T17:09:07.828-0500] {dagbag.py:588} INFO - Filling up the DagBag from /mnt/d/Universidad/ETL/Proyecto_airflow/venv/lib/python3.12/site-packages/airflow/example_dags/example_time_delta_sensor_async.py
[2025-04-01T17:09:07.881-0500] {processor.py:925} INFO - DAG(s) 'example_time_delta_sensor_async' retrieved from /mnt/d/Universidad/ETL/Proyecto_airflow/venv/lib/python3.12/site-packages/airflow/example_dags/example_time_delta_sensor_async.py
[2025-04-01T17:09:07.898-0500] {logging_mixin.py:190} INFO - [2025-04-01T17:09:07.897-0500] {dag.py:3239} INFO - Sync 1 DAGs
[2025-04-01T17:09:07.907-0500] {logging_mixin.py:190} INFO - [2025-04-01T17:09:07.906-0500] {dag.py:4180} INFO - Setting next_dagrun for example_time_delta_sensor_async to None, run_after=None
[2025-04-01T17:09:08.002-0500] {processor.py:208} INFO - Processing /mnt/d/Universidad/ETL/Proyecto_airflow/venv/lib/python3.12/site-packages/airflow/example_dags/example_time_delta_sensor_async.py took 0.185 seconds
[2025-04-01T17:10:48.258-0500] {processor.py:186} INFO - Started process (PID=6531) to work on /mnt/d/Universidad/ETL/Proyecto_airflow/venv/lib/python3.12/site-packages/airflow/example_dags/example_time_delta_sensor_async.py
[2025-04-01T17:10:48.259-0500] {processor.py:914} INFO - Processing file /mnt/d/Universidad/ETL/Proyecto_airflow/venv/lib/python3.12/site-packages/airflow/example_dags/example_time_delta_sensor_async.py for tasks to queue
[2025-04-01T17:10:48.261-0500] {logging_mixin.py:190} INFO - [2025-04-01T17:10:48.261-0500] {dagbag.py:588} INFO - Filling up the DagBag from /mnt/d/Universidad/ETL/Proyecto_airflow/venv/lib/python3.12/site-packages/airflow/example_dags/example_time_delta_sensor_async.py
[2025-04-01T17:10:48.313-0500] {processor.py:925} INFO - DAG(s) 'example_time_delta_sensor_async' retrieved from /mnt/d/Universidad/ETL/Proyecto_airflow/venv/lib/python3.12/site-packages/airflow/example_dags/example_time_delta_sensor_async.py
[2025-04-01T17:10:48.330-0500] {logging_mixin.py:190} INFO - [2025-04-01T17:10:48.329-0500] {dag.py:3239} INFO - Sync 1 DAGs
[2025-04-01T17:10:48.339-0500] {logging_mixin.py:190} INFO - [2025-04-01T17:10:48.338-0500] {dag.py:4180} INFO - Setting next_dagrun for example_time_delta_sensor_async to None, run_after=None
[2025-04-01T17:10:48.445-0500] {processor.py:208} INFO - Processing /mnt/d/Universidad/ETL/Proyecto_airflow/venv/lib/python3.12/site-packages/airflow/example_dags/example_time_delta_sensor_async.py took 0.194 seconds
[2025-04-01T17:11:38.838-0500] {processor.py:186} INFO - Started process (PID=6568) to work on /mnt/d/Universidad/ETL/Proyecto_airflow/venv/lib/python3.12/site-packages/airflow/example_dags/example_time_delta_sensor_async.py
[2025-04-01T17:11:38.839-0500] {processor.py:914} INFO - Processing file /mnt/d/Universidad/ETL/Proyecto_airflow/venv/lib/python3.12/site-packages/airflow/example_dags/example_time_delta_sensor_async.py for tasks to queue
[2025-04-01T17:11:38.841-0500] {logging_mixin.py:190} INFO - [2025-04-01T17:11:38.840-0500] {dagbag.py:588} INFO - Filling up the DagBag from /mnt/d/Universidad/ETL/Proyecto_airflow/venv/lib/python3.12/site-packages/airflow/example_dags/example_time_delta_sensor_async.py
[2025-04-01T17:11:38.893-0500] {processor.py:925} INFO - DAG(s) 'example_time_delta_sensor_async' retrieved from /mnt/d/Universidad/ETL/Proyecto_airflow/venv/lib/python3.12/site-packages/airflow/example_dags/example_time_delta_sensor_async.py
[2025-04-01T17:11:38.910-0500] {logging_mixin.py:190} INFO - [2025-04-01T17:11:38.909-0500] {dag.py:3239} INFO - Sync 1 DAGs
[2025-04-01T17:11:38.919-0500] {logging_mixin.py:190} INFO - [2025-04-01T17:11:38.918-0500] {dag.py:4180} INFO - Setting next_dagrun for example_time_delta_sensor_async to None, run_after=None
[2025-04-01T17:11:39.024-0500] {processor.py:208} INFO - Processing /mnt/d/Universidad/ETL/Proyecto_airflow/venv/lib/python3.12/site-packages/airflow/example_dags/example_time_delta_sensor_async.py took 0.194 seconds
[2025-04-01T17:12:33.118-0500] {processor.py:186} INFO - Started process (PID=6606) to work on /mnt/d/Universidad/ETL/Proyecto_airflow/venv/lib/python3.12/site-packages/airflow/example_dags/example_time_delta_sensor_async.py
[2025-04-01T17:12:33.119-0500] {processor.py:914} INFO - Processing file /mnt/d/Universidad/ETL/Proyecto_airflow/venv/lib/python3.12/site-packages/airflow/example_dags/example_time_delta_sensor_async.py for tasks to queue
[2025-04-01T17:12:33.122-0500] {logging_mixin.py:190} INFO - [2025-04-01T17:12:33.121-0500] {dagbag.py:588} INFO - Filling up the DagBag from /mnt/d/Universidad/ETL/Proyecto_airflow/venv/lib/python3.12/site-packages/airflow/example_dags/example_time_delta_sensor_async.py
[2025-04-01T17:12:33.174-0500] {processor.py:925} INFO - DAG(s) 'example_time_delta_sensor_async' retrieved from /mnt/d/Universidad/ETL/Proyecto_airflow/venv/lib/python3.12/site-packages/airflow/example_dags/example_time_delta_sensor_async.py
[2025-04-01T17:12:33.192-0500] {logging_mixin.py:190} INFO - [2025-04-01T17:12:33.191-0500] {dag.py:3239} INFO - Sync 1 DAGs
[2025-04-01T17:12:33.201-0500] {logging_mixin.py:190} INFO - [2025-04-01T17:12:33.200-0500] {dag.py:4180} INFO - Setting next_dagrun for example_time_delta_sensor_async to None, run_after=None
[2025-04-01T17:12:33.314-0500] {processor.py:208} INFO - Processing /mnt/d/Universidad/ETL/Proyecto_airflow/venv/lib/python3.12/site-packages/airflow/example_dags/example_time_delta_sensor_async.py took 0.204 seconds
[2025-04-01T17:14:05.359-0500] {processor.py:186} INFO - Started process (PID=6678) to work on /mnt/d/Universidad/ETL/Proyecto_airflow/venv/lib/python3.12/site-packages/airflow/example_dags/example_time_delta_sensor_async.py
[2025-04-01T17:14:05.361-0500] {processor.py:914} INFO - Processing file /mnt/d/Universidad/ETL/Proyecto_airflow/venv/lib/python3.12/site-packages/airflow/example_dags/example_time_delta_sensor_async.py for tasks to queue
[2025-04-01T17:14:05.363-0500] {logging_mixin.py:190} INFO - [2025-04-01T17:14:05.362-0500] {dagbag.py:588} INFO - Filling up the DagBag from /mnt/d/Universidad/ETL/Proyecto_airflow/venv/lib/python3.12/site-packages/airflow/example_dags/example_time_delta_sensor_async.py
[2025-04-01T17:14:05.415-0500] {processor.py:925} INFO - DAG(s) 'example_time_delta_sensor_async' retrieved from /mnt/d/Universidad/ETL/Proyecto_airflow/venv/lib/python3.12/site-packages/airflow/example_dags/example_time_delta_sensor_async.py
[2025-04-01T17:14:05.433-0500] {logging_mixin.py:190} INFO - [2025-04-01T17:14:05.432-0500] {dag.py:3239} INFO - Sync 1 DAGs
[2025-04-01T17:14:05.442-0500] {logging_mixin.py:190} INFO - [2025-04-01T17:14:05.441-0500] {dag.py:4180} INFO - Setting next_dagrun for example_time_delta_sensor_async to None, run_after=None
[2025-04-01T17:14:05.549-0500] {processor.py:208} INFO - Processing /mnt/d/Universidad/ETL/Proyecto_airflow/venv/lib/python3.12/site-packages/airflow/example_dags/example_time_delta_sensor_async.py took 0.198 seconds
[2025-04-01T17:15:37.389-0500] {processor.py:186} INFO - Started process (PID=6748) to work on /mnt/d/Universidad/ETL/Proyecto_airflow/venv/lib/python3.12/site-packages/airflow/example_dags/example_time_delta_sensor_async.py
[2025-04-01T17:15:37.390-0500] {processor.py:914} INFO - Processing file /mnt/d/Universidad/ETL/Proyecto_airflow/venv/lib/python3.12/site-packages/airflow/example_dags/example_time_delta_sensor_async.py for tasks to queue
[2025-04-01T17:15:37.392-0500] {logging_mixin.py:190} INFO - [2025-04-01T17:15:37.391-0500] {dagbag.py:588} INFO - Filling up the DagBag from /mnt/d/Universidad/ETL/Proyecto_airflow/venv/lib/python3.12/site-packages/airflow/example_dags/example_time_delta_sensor_async.py
[2025-04-01T17:15:37.445-0500] {processor.py:925} INFO - DAG(s) 'example_time_delta_sensor_async' retrieved from /mnt/d/Universidad/ETL/Proyecto_airflow/venv/lib/python3.12/site-packages/airflow/example_dags/example_time_delta_sensor_async.py
[2025-04-01T17:15:37.462-0500] {logging_mixin.py:190} INFO - [2025-04-01T17:15:37.461-0500] {dag.py:3239} INFO - Sync 1 DAGs
[2025-04-01T17:15:37.471-0500] {logging_mixin.py:190} INFO - [2025-04-01T17:15:37.470-0500] {dag.py:4180} INFO - Setting next_dagrun for example_time_delta_sensor_async to None, run_after=None
[2025-04-01T17:15:37.571-0500] {processor.py:208} INFO - Processing /mnt/d/Universidad/ETL/Proyecto_airflow/venv/lib/python3.12/site-packages/airflow/example_dags/example_time_delta_sensor_async.py took 0.190 seconds
[2025-04-01T17:17:14.484-0500] {processor.py:186} INFO - Started process (PID=6823) to work on /mnt/d/Universidad/ETL/Proyecto_airflow/venv/lib/python3.12/site-packages/airflow/example_dags/example_time_delta_sensor_async.py
[2025-04-01T17:17:14.486-0500] {processor.py:914} INFO - Processing file /mnt/d/Universidad/ETL/Proyecto_airflow/venv/lib/python3.12/site-packages/airflow/example_dags/example_time_delta_sensor_async.py for tasks to queue
[2025-04-01T17:17:14.488-0500] {logging_mixin.py:190} INFO - [2025-04-01T17:17:14.487-0500] {dagbag.py:588} INFO - Filling up the DagBag from /mnt/d/Universidad/ETL/Proyecto_airflow/venv/lib/python3.12/site-packages/airflow/example_dags/example_time_delta_sensor_async.py
[2025-04-01T17:17:14.545-0500] {processor.py:925} INFO - DAG(s) 'example_time_delta_sensor_async' retrieved from /mnt/d/Universidad/ETL/Proyecto_airflow/venv/lib/python3.12/site-packages/airflow/example_dags/example_time_delta_sensor_async.py
[2025-04-01T17:17:14.564-0500] {logging_mixin.py:190} INFO - [2025-04-01T17:17:14.563-0500] {dag.py:3239} INFO - Sync 1 DAGs
[2025-04-01T17:17:14.574-0500] {logging_mixin.py:190} INFO - [2025-04-01T17:17:14.573-0500] {dag.py:4180} INFO - Setting next_dagrun for example_time_delta_sensor_async to None, run_after=None
[2025-04-01T17:17:14.688-0500] {processor.py:208} INFO - Processing /mnt/d/Universidad/ETL/Proyecto_airflow/venv/lib/python3.12/site-packages/airflow/example_dags/example_time_delta_sensor_async.py took 0.212 seconds
[2025-04-01T17:18:51.803-0500] {processor.py:186} INFO - Started process (PID=6896) to work on /mnt/d/Universidad/ETL/Proyecto_airflow/venv/lib/python3.12/site-packages/airflow/example_dags/example_time_delta_sensor_async.py
[2025-04-01T17:18:51.804-0500] {processor.py:914} INFO - Processing file /mnt/d/Universidad/ETL/Proyecto_airflow/venv/lib/python3.12/site-packages/airflow/example_dags/example_time_delta_sensor_async.py for tasks to queue
[2025-04-01T17:18:51.807-0500] {logging_mixin.py:190} INFO - [2025-04-01T17:18:51.806-0500] {dagbag.py:588} INFO - Filling up the DagBag from /mnt/d/Universidad/ETL/Proyecto_airflow/venv/lib/python3.12/site-packages/airflow/example_dags/example_time_delta_sensor_async.py
[2025-04-01T17:18:51.859-0500] {processor.py:925} INFO - DAG(s) 'example_time_delta_sensor_async' retrieved from /mnt/d/Universidad/ETL/Proyecto_airflow/venv/lib/python3.12/site-packages/airflow/example_dags/example_time_delta_sensor_async.py
[2025-04-01T17:18:51.876-0500] {logging_mixin.py:190} INFO - [2025-04-01T17:18:51.876-0500] {dag.py:3239} INFO - Sync 1 DAGs
[2025-04-01T17:18:51.886-0500] {logging_mixin.py:190} INFO - [2025-04-01T17:18:51.885-0500] {dag.py:4180} INFO - Setting next_dagrun for example_time_delta_sensor_async to None, run_after=None
[2025-04-01T17:18:51.988-0500] {processor.py:208} INFO - Processing /mnt/d/Universidad/ETL/Proyecto_airflow/venv/lib/python3.12/site-packages/airflow/example_dags/example_time_delta_sensor_async.py took 0.193 seconds
[2025-04-01T17:19:45.612-0500] {processor.py:186} INFO - Started process (PID=6933) to work on /mnt/d/Universidad/ETL/Proyecto_airflow/venv/lib/python3.12/site-packages/airflow/example_dags/example_time_delta_sensor_async.py
[2025-04-01T17:19:45.613-0500] {processor.py:914} INFO - Processing file /mnt/d/Universidad/ETL/Proyecto_airflow/venv/lib/python3.12/site-packages/airflow/example_dags/example_time_delta_sensor_async.py for tasks to queue
[2025-04-01T17:19:45.615-0500] {logging_mixin.py:190} INFO - [2025-04-01T17:19:45.614-0500] {dagbag.py:588} INFO - Filling up the DagBag from /mnt/d/Universidad/ETL/Proyecto_airflow/venv/lib/python3.12/site-packages/airflow/example_dags/example_time_delta_sensor_async.py
[2025-04-01T17:19:45.667-0500] {processor.py:925} INFO - DAG(s) 'example_time_delta_sensor_async' retrieved from /mnt/d/Universidad/ETL/Proyecto_airflow/venv/lib/python3.12/site-packages/airflow/example_dags/example_time_delta_sensor_async.py
[2025-04-01T17:19:45.684-0500] {logging_mixin.py:190} INFO - [2025-04-01T17:19:45.683-0500] {dag.py:3239} INFO - Sync 1 DAGs
[2025-04-01T17:19:45.693-0500] {logging_mixin.py:190} INFO - [2025-04-01T17:19:45.692-0500] {dag.py:4180} INFO - Setting next_dagrun for example_time_delta_sensor_async to None, run_after=None
[2025-04-01T17:19:45.802-0500] {processor.py:208} INFO - Processing /mnt/d/Universidad/ETL/Proyecto_airflow/venv/lib/python3.12/site-packages/airflow/example_dags/example_time_delta_sensor_async.py took 0.199 seconds
[2025-04-01T17:21:27.839-0500] {processor.py:186} INFO - Started process (PID=7006) to work on /mnt/d/Universidad/ETL/Proyecto_airflow/venv/lib/python3.12/site-packages/airflow/example_dags/example_time_delta_sensor_async.py
[2025-04-01T17:21:27.840-0500] {processor.py:914} INFO - Processing file /mnt/d/Universidad/ETL/Proyecto_airflow/venv/lib/python3.12/site-packages/airflow/example_dags/example_time_delta_sensor_async.py for tasks to queue
[2025-04-01T17:21:27.843-0500] {logging_mixin.py:190} INFO - [2025-04-01T17:21:27.842-0500] {dagbag.py:588} INFO - Filling up the DagBag from /mnt/d/Universidad/ETL/Proyecto_airflow/venv/lib/python3.12/site-packages/airflow/example_dags/example_time_delta_sensor_async.py
[2025-04-01T17:21:27.896-0500] {processor.py:925} INFO - DAG(s) 'example_time_delta_sensor_async' retrieved from /mnt/d/Universidad/ETL/Proyecto_airflow/venv/lib/python3.12/site-packages/airflow/example_dags/example_time_delta_sensor_async.py
[2025-04-01T17:21:27.913-0500] {logging_mixin.py:190} INFO - [2025-04-01T17:21:27.912-0500] {dag.py:3239} INFO - Sync 1 DAGs
[2025-04-01T17:21:27.922-0500] {logging_mixin.py:190} INFO - [2025-04-01T17:21:27.922-0500] {dag.py:4180} INFO - Setting next_dagrun for example_time_delta_sensor_async to None, run_after=None
[2025-04-01T17:21:28.035-0500] {processor.py:208} INFO - Processing /mnt/d/Universidad/ETL/Proyecto_airflow/venv/lib/python3.12/site-packages/airflow/example_dags/example_time_delta_sensor_async.py took 0.204 seconds
[2025-04-01T17:22:18.835-0500] {processor.py:186} INFO - Started process (PID=7044) to work on /mnt/d/Universidad/ETL/Proyecto_airflow/venv/lib/python3.12/site-packages/airflow/example_dags/example_time_delta_sensor_async.py
[2025-04-01T17:22:18.836-0500] {processor.py:914} INFO - Processing file /mnt/d/Universidad/ETL/Proyecto_airflow/venv/lib/python3.12/site-packages/airflow/example_dags/example_time_delta_sensor_async.py for tasks to queue
[2025-04-01T17:22:18.838-0500] {logging_mixin.py:190} INFO - [2025-04-01T17:22:18.838-0500] {dagbag.py:588} INFO - Filling up the DagBag from /mnt/d/Universidad/ETL/Proyecto_airflow/venv/lib/python3.12/site-packages/airflow/example_dags/example_time_delta_sensor_async.py
[2025-04-01T17:22:18.892-0500] {processor.py:925} INFO - DAG(s) 'example_time_delta_sensor_async' retrieved from /mnt/d/Universidad/ETL/Proyecto_airflow/venv/lib/python3.12/site-packages/airflow/example_dags/example_time_delta_sensor_async.py
[2025-04-01T17:22:18.911-0500] {logging_mixin.py:190} INFO - [2025-04-01T17:22:18.910-0500] {dag.py:3239} INFO - Sync 1 DAGs
[2025-04-01T17:22:18.921-0500] {logging_mixin.py:190} INFO - [2025-04-01T17:22:18.920-0500] {dag.py:4180} INFO - Setting next_dagrun for example_time_delta_sensor_async to None, run_after=None
[2025-04-01T17:22:19.022-0500] {processor.py:208} INFO - Processing /mnt/d/Universidad/ETL/Proyecto_airflow/venv/lib/python3.12/site-packages/airflow/example_dags/example_time_delta_sensor_async.py took 0.195 seconds
[2025-04-01T17:23:52.557-0500] {processor.py:186} INFO - Started process (PID=7114) to work on /mnt/d/Universidad/ETL/Proyecto_airflow/venv/lib/python3.12/site-packages/airflow/example_dags/example_time_delta_sensor_async.py
[2025-04-01T17:23:52.558-0500] {processor.py:914} INFO - Processing file /mnt/d/Universidad/ETL/Proyecto_airflow/venv/lib/python3.12/site-packages/airflow/example_dags/example_time_delta_sensor_async.py for tasks to queue
[2025-04-01T17:23:52.561-0500] {logging_mixin.py:190} INFO - [2025-04-01T17:23:52.560-0500] {dagbag.py:588} INFO - Filling up the DagBag from /mnt/d/Universidad/ETL/Proyecto_airflow/venv/lib/python3.12/site-packages/airflow/example_dags/example_time_delta_sensor_async.py
[2025-04-01T17:23:52.613-0500] {processor.py:925} INFO - DAG(s) 'example_time_delta_sensor_async' retrieved from /mnt/d/Universidad/ETL/Proyecto_airflow/venv/lib/python3.12/site-packages/airflow/example_dags/example_time_delta_sensor_async.py
[2025-04-01T17:23:52.630-0500] {logging_mixin.py:190} INFO - [2025-04-01T17:23:52.630-0500] {dag.py:3239} INFO - Sync 1 DAGs
[2025-04-01T17:23:52.640-0500] {logging_mixin.py:190} INFO - [2025-04-01T17:23:52.639-0500] {dag.py:4180} INFO - Setting next_dagrun for example_time_delta_sensor_async to None, run_after=None
[2025-04-01T17:23:52.767-0500] {processor.py:208} INFO - Processing /mnt/d/Universidad/ETL/Proyecto_airflow/venv/lib/python3.12/site-packages/airflow/example_dags/example_time_delta_sensor_async.py took 0.218 seconds
[2025-04-01T17:25:28.982-0500] {processor.py:186} INFO - Started process (PID=7186) to work on /mnt/d/Universidad/ETL/Proyecto_airflow/venv/lib/python3.12/site-packages/airflow/example_dags/example_time_delta_sensor_async.py
[2025-04-01T17:25:28.983-0500] {processor.py:914} INFO - Processing file /mnt/d/Universidad/ETL/Proyecto_airflow/venv/lib/python3.12/site-packages/airflow/example_dags/example_time_delta_sensor_async.py for tasks to queue
[2025-04-01T17:25:28.985-0500] {logging_mixin.py:190} INFO - [2025-04-01T17:25:28.984-0500] {dagbag.py:588} INFO - Filling up the DagBag from /mnt/d/Universidad/ETL/Proyecto_airflow/venv/lib/python3.12/site-packages/airflow/example_dags/example_time_delta_sensor_async.py
[2025-04-01T17:25:29.038-0500] {processor.py:925} INFO - DAG(s) 'example_time_delta_sensor_async' retrieved from /mnt/d/Universidad/ETL/Proyecto_airflow/venv/lib/python3.12/site-packages/airflow/example_dags/example_time_delta_sensor_async.py
[2025-04-01T17:25:29.055-0500] {logging_mixin.py:190} INFO - [2025-04-01T17:25:29.054-0500] {dag.py:3239} INFO - Sync 1 DAGs
[2025-04-01T17:25:29.063-0500] {logging_mixin.py:190} INFO - [2025-04-01T17:25:29.063-0500] {dag.py:4180} INFO - Setting next_dagrun for example_time_delta_sensor_async to None, run_after=None
[2025-04-01T17:25:29.170-0500] {processor.py:208} INFO - Processing /mnt/d/Universidad/ETL/Proyecto_airflow/venv/lib/python3.12/site-packages/airflow/example_dags/example_time_delta_sensor_async.py took 0.196 seconds
[2025-04-01T17:27:05.362-0500] {processor.py:186} INFO - Started process (PID=7257) to work on /mnt/d/Universidad/ETL/Proyecto_airflow/venv/lib/python3.12/site-packages/airflow/example_dags/example_time_delta_sensor_async.py
[2025-04-01T17:27:05.363-0500] {processor.py:914} INFO - Processing file /mnt/d/Universidad/ETL/Proyecto_airflow/venv/lib/python3.12/site-packages/airflow/example_dags/example_time_delta_sensor_async.py for tasks to queue
[2025-04-01T17:27:05.366-0500] {logging_mixin.py:190} INFO - [2025-04-01T17:27:05.365-0500] {dagbag.py:588} INFO - Filling up the DagBag from /mnt/d/Universidad/ETL/Proyecto_airflow/venv/lib/python3.12/site-packages/airflow/example_dags/example_time_delta_sensor_async.py
[2025-04-01T17:27:05.418-0500] {processor.py:925} INFO - DAG(s) 'example_time_delta_sensor_async' retrieved from /mnt/d/Universidad/ETL/Proyecto_airflow/venv/lib/python3.12/site-packages/airflow/example_dags/example_time_delta_sensor_async.py
[2025-04-01T17:27:05.435-0500] {logging_mixin.py:190} INFO - [2025-04-01T17:27:05.434-0500] {dag.py:3239} INFO - Sync 1 DAGs
[2025-04-01T17:27:05.444-0500] {logging_mixin.py:190} INFO - [2025-04-01T17:27:05.444-0500] {dag.py:4180} INFO - Setting next_dagrun for example_time_delta_sensor_async to None, run_after=None
[2025-04-01T17:27:05.551-0500] {processor.py:208} INFO - Processing /mnt/d/Universidad/ETL/Proyecto_airflow/venv/lib/python3.12/site-packages/airflow/example_dags/example_time_delta_sensor_async.py took 0.197 seconds
[2025-04-01T17:28:34.684-0500] {processor.py:186} INFO - Started process (PID=7325) to work on /mnt/d/Universidad/ETL/Proyecto_airflow/venv/lib/python3.12/site-packages/airflow/example_dags/example_time_delta_sensor_async.py
[2025-04-01T17:28:34.685-0500] {processor.py:914} INFO - Processing file /mnt/d/Universidad/ETL/Proyecto_airflow/venv/lib/python3.12/site-packages/airflow/example_dags/example_time_delta_sensor_async.py for tasks to queue
[2025-04-01T17:28:34.687-0500] {logging_mixin.py:190} INFO - [2025-04-01T17:28:34.686-0500] {dagbag.py:588} INFO - Filling up the DagBag from /mnt/d/Universidad/ETL/Proyecto_airflow/venv/lib/python3.12/site-packages/airflow/example_dags/example_time_delta_sensor_async.py
[2025-04-01T17:28:34.740-0500] {processor.py:925} INFO - DAG(s) 'example_time_delta_sensor_async' retrieved from /mnt/d/Universidad/ETL/Proyecto_airflow/venv/lib/python3.12/site-packages/airflow/example_dags/example_time_delta_sensor_async.py
[2025-04-01T17:28:34.757-0500] {logging_mixin.py:190} INFO - [2025-04-01T17:28:34.757-0500] {dag.py:3239} INFO - Sync 1 DAGs
[2025-04-01T17:28:34.766-0500] {logging_mixin.py:190} INFO - [2025-04-01T17:28:34.766-0500] {dag.py:4180} INFO - Setting next_dagrun for example_time_delta_sensor_async to None, run_after=None
[2025-04-01T17:28:34.871-0500] {processor.py:208} INFO - Processing /mnt/d/Universidad/ETL/Proyecto_airflow/venv/lib/python3.12/site-packages/airflow/example_dags/example_time_delta_sensor_async.py took 0.195 seconds
[2025-04-01T17:30:09.007-0500] {processor.py:186} INFO - Started process (PID=7396) to work on /mnt/d/Universidad/ETL/Proyecto_airflow/venv/lib/python3.12/site-packages/airflow/example_dags/example_time_delta_sensor_async.py
[2025-04-01T17:30:09.009-0500] {processor.py:914} INFO - Processing file /mnt/d/Universidad/ETL/Proyecto_airflow/venv/lib/python3.12/site-packages/airflow/example_dags/example_time_delta_sensor_async.py for tasks to queue
[2025-04-01T17:30:09.011-0500] {logging_mixin.py:190} INFO - [2025-04-01T17:30:09.010-0500] {dagbag.py:588} INFO - Filling up the DagBag from /mnt/d/Universidad/ETL/Proyecto_airflow/venv/lib/python3.12/site-packages/airflow/example_dags/example_time_delta_sensor_async.py
[2025-04-01T17:30:09.064-0500] {processor.py:925} INFO - DAG(s) 'example_time_delta_sensor_async' retrieved from /mnt/d/Universidad/ETL/Proyecto_airflow/venv/lib/python3.12/site-packages/airflow/example_dags/example_time_delta_sensor_async.py
[2025-04-01T17:30:09.082-0500] {logging_mixin.py:190} INFO - [2025-04-01T17:30:09.081-0500] {dag.py:3239} INFO - Sync 1 DAGs
[2025-04-01T17:30:09.091-0500] {logging_mixin.py:190} INFO - [2025-04-01T17:30:09.090-0500] {dag.py:4180} INFO - Setting next_dagrun for example_time_delta_sensor_async to None, run_after=None
[2025-04-01T17:30:09.209-0500] {processor.py:208} INFO - Processing /mnt/d/Universidad/ETL/Proyecto_airflow/venv/lib/python3.12/site-packages/airflow/example_dags/example_time_delta_sensor_async.py took 0.209 seconds
