[2025-04-01T16:17:00.162-0500] {processor.py:186} INFO - Started process (PID=4089) to work on /mnt/d/Universidad/ETL/Proyecto_airflow/venv/lib/python3.12/site-packages/airflow/example_dags/example_external_task_marker_dag.py
[2025-04-01T16:17:00.164-0500] {processor.py:914} INFO - Processing file /mnt/d/Universidad/ETL/Proyecto_airflow/venv/lib/python3.12/site-packages/airflow/example_dags/example_external_task_marker_dag.py for tasks to queue
[2025-04-01T16:17:00.166-0500] {logging_mixin.py:190} INFO - [2025-04-01T16:17:00.165-0500] {dagbag.py:588} INFO - Filling up the DagBag from /mnt/d/Universidad/ETL/Proyecto_airflow/venv/lib/python3.12/site-packages/airflow/example_dags/example_external_task_marker_dag.py
[2025-04-01T16:17:00.226-0500] {processor.py:925} INFO - DAG(s) 'example_external_task_marker_child', 'example_external_task_marker_parent' retrieved from /mnt/d/Universidad/ETL/Proyecto_airflow/venv/lib/python3.12/site-packages/airflow/example_dags/example_external_task_marker_dag.py
[2025-04-01T16:17:01.343-0500] {logging_mixin.py:190} INFO - [2025-04-01T16:17:01.342-0500] {override.py:1930} INFO - Created Permission View: can read on DAG:example_external_task_marker_child
[2025-04-01T16:17:01.418-0500] {logging_mixin.py:190} INFO - [2025-04-01T16:17:01.417-0500] {override.py:1930} INFO - Created Permission View: can edit on DAG:example_external_task_marker_child
[2025-04-01T16:17:01.511-0500] {logging_mixin.py:190} INFO - [2025-04-01T16:17:01.510-0500] {override.py:1930} INFO - Created Permission View: can delete on DAG:example_external_task_marker_child
[2025-04-01T16:17:01.668-0500] {logging_mixin.py:190} INFO - [2025-04-01T16:17:01.667-0500] {override.py:1930} INFO - Created Permission View: can create on DAG Run:example_external_task_marker_child
[2025-04-01T16:17:01.762-0500] {logging_mixin.py:190} INFO - [2025-04-01T16:17:01.761-0500] {override.py:1930} INFO - Created Permission View: menu access on DAG Run:example_external_task_marker_child
[2025-04-01T16:17:01.818-0500] {logging_mixin.py:190} INFO - [2025-04-01T16:17:01.817-0500] {override.py:1930} INFO - Created Permission View: can read on DAG Run:example_external_task_marker_child
[2025-04-01T16:17:01.910-0500] {logging_mixin.py:190} INFO - [2025-04-01T16:17:01.909-0500] {override.py:1930} INFO - Created Permission View: can delete on DAG Run:example_external_task_marker_child
[2025-04-01T16:17:02.100-0500] {logging_mixin.py:190} INFO - [2025-04-01T16:17:02.099-0500] {override.py:1930} INFO - Created Permission View: can read on DAG:example_external_task_marker_parent
[2025-04-01T16:17:02.187-0500] {logging_mixin.py:190} INFO - [2025-04-01T16:17:02.186-0500] {override.py:1930} INFO - Created Permission View: can edit on DAG:example_external_task_marker_parent
[2025-04-01T16:17:02.276-0500] {logging_mixin.py:190} INFO - [2025-04-01T16:17:02.275-0500] {override.py:1930} INFO - Created Permission View: can delete on DAG:example_external_task_marker_parent
[2025-04-01T16:17:02.421-0500] {logging_mixin.py:190} INFO - [2025-04-01T16:17:02.420-0500] {override.py:1930} INFO - Created Permission View: can create on DAG Run:example_external_task_marker_parent
[2025-04-01T16:17:02.490-0500] {logging_mixin.py:190} INFO - [2025-04-01T16:17:02.489-0500] {override.py:1930} INFO - Created Permission View: menu access on DAG Run:example_external_task_marker_parent
[2025-04-01T16:17:02.577-0500] {logging_mixin.py:190} INFO - [2025-04-01T16:17:02.576-0500] {override.py:1930} INFO - Created Permission View: can read on DAG Run:example_external_task_marker_parent
[2025-04-01T16:17:02.658-0500] {logging_mixin.py:190} INFO - [2025-04-01T16:17:02.657-0500] {override.py:1930} INFO - Created Permission View: can delete on DAG Run:example_external_task_marker_parent
[2025-04-01T16:17:02.660-0500] {logging_mixin.py:190} INFO - [2025-04-01T16:17:02.659-0500] {dag.py:3239} INFO - Sync 2 DAGs
[2025-04-01T16:17:02.673-0500] {logging_mixin.py:190} INFO - [2025-04-01T16:17:02.673-0500] {dag.py:3262} INFO - Creating ORM DAG for example_external_task_marker_child
[2025-04-01T16:17:02.675-0500] {logging_mixin.py:190} INFO - [2025-04-01T16:17:02.674-0500] {dag.py:3262} INFO - Creating ORM DAG for example_external_task_marker_parent
[2025-04-01T16:17:02.677-0500] {logging_mixin.py:190} INFO - [2025-04-01T16:17:02.676-0500] {dag.py:4180} INFO - Setting next_dagrun for example_external_task_marker_child to None, run_after=None
[2025-04-01T16:17:02.679-0500] {logging_mixin.py:190} INFO - [2025-04-01T16:17:02.678-0500] {dag.py:4180} INFO - Setting next_dagrun for example_external_task_marker_parent to None, run_after=None
[2025-04-01T16:17:02.768-0500] {processor.py:208} INFO - Processing /mnt/d/Universidad/ETL/Proyecto_airflow/venv/lib/python3.12/site-packages/airflow/example_dags/example_external_task_marker_dag.py took 2.614 seconds
[2025-04-01T16:18:49.795-0500] {processor.py:186} INFO - Started process (PID=4161) to work on /mnt/d/Universidad/ETL/Proyecto_airflow/venv/lib/python3.12/site-packages/airflow/example_dags/example_external_task_marker_dag.py
[2025-04-01T16:18:49.796-0500] {processor.py:914} INFO - Processing file /mnt/d/Universidad/ETL/Proyecto_airflow/venv/lib/python3.12/site-packages/airflow/example_dags/example_external_task_marker_dag.py for tasks to queue
[2025-04-01T16:18:49.798-0500] {logging_mixin.py:190} INFO - [2025-04-01T16:18:49.797-0500] {dagbag.py:588} INFO - Filling up the DagBag from /mnt/d/Universidad/ETL/Proyecto_airflow/venv/lib/python3.12/site-packages/airflow/example_dags/example_external_task_marker_dag.py
[2025-04-01T16:18:49.852-0500] {processor.py:925} INFO - DAG(s) 'example_external_task_marker_parent', 'example_external_task_marker_child' retrieved from /mnt/d/Universidad/ETL/Proyecto_airflow/venv/lib/python3.12/site-packages/airflow/example_dags/example_external_task_marker_dag.py
[2025-04-01T16:18:49.875-0500] {logging_mixin.py:190} INFO - [2025-04-01T16:18:49.874-0500] {dag.py:3239} INFO - Sync 2 DAGs
[2025-04-01T16:18:49.884-0500] {logging_mixin.py:190} INFO - [2025-04-01T16:18:49.884-0500] {dag.py:4180} INFO - Setting next_dagrun for example_external_task_marker_child to None, run_after=None
[2025-04-01T16:18:49.888-0500] {logging_mixin.py:190} INFO - [2025-04-01T16:18:49.888-0500] {dag.py:4180} INFO - Setting next_dagrun for example_external_task_marker_parent to None, run_after=None
[2025-04-01T16:18:49.965-0500] {processor.py:208} INFO - Processing /mnt/d/Universidad/ETL/Proyecto_airflow/venv/lib/python3.12/site-packages/airflow/example_dags/example_external_task_marker_dag.py took 0.179 seconds
[2025-04-01T16:20:17.413-0500] {processor.py:186} INFO - Started process (PID=4232) to work on /mnt/d/Universidad/ETL/Proyecto_airflow/venv/lib/python3.12/site-packages/airflow/example_dags/example_external_task_marker_dag.py
[2025-04-01T16:20:17.414-0500] {processor.py:914} INFO - Processing file /mnt/d/Universidad/ETL/Proyecto_airflow/venv/lib/python3.12/site-packages/airflow/example_dags/example_external_task_marker_dag.py for tasks to queue
[2025-04-01T16:20:17.416-0500] {logging_mixin.py:190} INFO - [2025-04-01T16:20:17.416-0500] {dagbag.py:588} INFO - Filling up the DagBag from /mnt/d/Universidad/ETL/Proyecto_airflow/venv/lib/python3.12/site-packages/airflow/example_dags/example_external_task_marker_dag.py
[2025-04-01T16:20:17.469-0500] {processor.py:925} INFO - DAG(s) 'example_external_task_marker_child', 'example_external_task_marker_parent' retrieved from /mnt/d/Universidad/ETL/Proyecto_airflow/venv/lib/python3.12/site-packages/airflow/example_dags/example_external_task_marker_dag.py
[2025-04-01T16:20:17.490-0500] {logging_mixin.py:190} INFO - [2025-04-01T16:20:17.489-0500] {dag.py:3239} INFO - Sync 2 DAGs
[2025-04-01T16:20:17.499-0500] {logging_mixin.py:190} INFO - [2025-04-01T16:20:17.498-0500] {dag.py:4180} INFO - Setting next_dagrun for example_external_task_marker_child to None, run_after=None
[2025-04-01T16:20:17.502-0500] {logging_mixin.py:190} INFO - [2025-04-01T16:20:17.502-0500] {dag.py:4180} INFO - Setting next_dagrun for example_external_task_marker_parent to None, run_after=None
[2025-04-01T16:20:17.598-0500] {processor.py:208} INFO - Processing /mnt/d/Universidad/ETL/Proyecto_airflow/venv/lib/python3.12/site-packages/airflow/example_dags/example_external_task_marker_dag.py took 0.192 seconds
[2025-04-01T16:21:45.991-0500] {processor.py:186} INFO - Started process (PID=4305) to work on /mnt/d/Universidad/ETL/Proyecto_airflow/venv/lib/python3.12/site-packages/airflow/example_dags/example_external_task_marker_dag.py
[2025-04-01T16:21:45.992-0500] {processor.py:914} INFO - Processing file /mnt/d/Universidad/ETL/Proyecto_airflow/venv/lib/python3.12/site-packages/airflow/example_dags/example_external_task_marker_dag.py for tasks to queue
[2025-04-01T16:21:45.994-0500] {logging_mixin.py:190} INFO - [2025-04-01T16:21:45.993-0500] {dagbag.py:588} INFO - Filling up the DagBag from /mnt/d/Universidad/ETL/Proyecto_airflow/venv/lib/python3.12/site-packages/airflow/example_dags/example_external_task_marker_dag.py
[2025-04-01T16:21:46.047-0500] {processor.py:925} INFO - DAG(s) 'example_external_task_marker_child', 'example_external_task_marker_parent' retrieved from /mnt/d/Universidad/ETL/Proyecto_airflow/venv/lib/python3.12/site-packages/airflow/example_dags/example_external_task_marker_dag.py
[2025-04-01T16:21:46.067-0500] {logging_mixin.py:190} INFO - [2025-04-01T16:21:46.067-0500] {dag.py:3239} INFO - Sync 2 DAGs
[2025-04-01T16:21:46.077-0500] {logging_mixin.py:190} INFO - [2025-04-01T16:21:46.076-0500] {dag.py:4180} INFO - Setting next_dagrun for example_external_task_marker_child to None, run_after=None
[2025-04-01T16:21:46.080-0500] {logging_mixin.py:190} INFO - [2025-04-01T16:21:46.080-0500] {dag.py:4180} INFO - Setting next_dagrun for example_external_task_marker_parent to None, run_after=None
[2025-04-01T16:21:46.184-0500] {processor.py:208} INFO - Processing /mnt/d/Universidad/ETL/Proyecto_airflow/venv/lib/python3.12/site-packages/airflow/example_dags/example_external_task_marker_dag.py took 0.201 seconds
[2025-04-01T16:23:09.695-0500] {processor.py:186} INFO - Started process (PID=4371) to work on /mnt/d/Universidad/ETL/Proyecto_airflow/venv/lib/python3.12/site-packages/airflow/example_dags/example_external_task_marker_dag.py
[2025-04-01T16:23:09.696-0500] {processor.py:914} INFO - Processing file /mnt/d/Universidad/ETL/Proyecto_airflow/venv/lib/python3.12/site-packages/airflow/example_dags/example_external_task_marker_dag.py for tasks to queue
[2025-04-01T16:23:09.698-0500] {logging_mixin.py:190} INFO - [2025-04-01T16:23:09.698-0500] {dagbag.py:588} INFO - Filling up the DagBag from /mnt/d/Universidad/ETL/Proyecto_airflow/venv/lib/python3.12/site-packages/airflow/example_dags/example_external_task_marker_dag.py
[2025-04-01T16:23:09.752-0500] {processor.py:925} INFO - DAG(s) 'example_external_task_marker_child', 'example_external_task_marker_parent' retrieved from /mnt/d/Universidad/ETL/Proyecto_airflow/venv/lib/python3.12/site-packages/airflow/example_dags/example_external_task_marker_dag.py
[2025-04-01T16:23:09.772-0500] {logging_mixin.py:190} INFO - [2025-04-01T16:23:09.772-0500] {dag.py:3239} INFO - Sync 2 DAGs
[2025-04-01T16:23:09.782-0500] {logging_mixin.py:190} INFO - [2025-04-01T16:23:09.781-0500] {dag.py:4180} INFO - Setting next_dagrun for example_external_task_marker_child to None, run_after=None
[2025-04-01T16:23:09.786-0500] {logging_mixin.py:190} INFO - [2025-04-01T16:23:09.785-0500] {dag.py:4180} INFO - Setting next_dagrun for example_external_task_marker_parent to None, run_after=None
[2025-04-01T16:23:09.863-0500] {processor.py:208} INFO - Processing /mnt/d/Universidad/ETL/Proyecto_airflow/venv/lib/python3.12/site-packages/airflow/example_dags/example_external_task_marker_dag.py took 0.175 seconds
[2025-04-01T16:24:44.074-0500] {processor.py:186} INFO - Started process (PID=4443) to work on /mnt/d/Universidad/ETL/Proyecto_airflow/venv/lib/python3.12/site-packages/airflow/example_dags/example_external_task_marker_dag.py
[2025-04-01T16:24:44.075-0500] {processor.py:914} INFO - Processing file /mnt/d/Universidad/ETL/Proyecto_airflow/venv/lib/python3.12/site-packages/airflow/example_dags/example_external_task_marker_dag.py for tasks to queue
[2025-04-01T16:24:44.077-0500] {logging_mixin.py:190} INFO - [2025-04-01T16:24:44.076-0500] {dagbag.py:588} INFO - Filling up the DagBag from /mnt/d/Universidad/ETL/Proyecto_airflow/venv/lib/python3.12/site-packages/airflow/example_dags/example_external_task_marker_dag.py
[2025-04-01T16:24:44.131-0500] {processor.py:925} INFO - DAG(s) 'example_external_task_marker_child', 'example_external_task_marker_parent' retrieved from /mnt/d/Universidad/ETL/Proyecto_airflow/venv/lib/python3.12/site-packages/airflow/example_dags/example_external_task_marker_dag.py
[2025-04-01T16:24:44.154-0500] {logging_mixin.py:190} INFO - [2025-04-01T16:24:44.153-0500] {dag.py:3239} INFO - Sync 2 DAGs
[2025-04-01T16:24:44.164-0500] {logging_mixin.py:190} INFO - [2025-04-01T16:24:44.163-0500] {dag.py:4180} INFO - Setting next_dagrun for example_external_task_marker_child to None, run_after=None
[2025-04-01T16:24:44.167-0500] {logging_mixin.py:190} INFO - [2025-04-01T16:24:44.167-0500] {dag.py:4180} INFO - Setting next_dagrun for example_external_task_marker_parent to None, run_after=None
[2025-04-01T16:24:44.232-0500] {processor.py:208} INFO - Processing /mnt/d/Universidad/ETL/Proyecto_airflow/venv/lib/python3.12/site-packages/airflow/example_dags/example_external_task_marker_dag.py took 0.166 seconds
[2025-04-01T16:26:19.678-0500] {processor.py:186} INFO - Started process (PID=4514) to work on /mnt/d/Universidad/ETL/Proyecto_airflow/venv/lib/python3.12/site-packages/airflow/example_dags/example_external_task_marker_dag.py
[2025-04-01T16:26:19.679-0500] {processor.py:914} INFO - Processing file /mnt/d/Universidad/ETL/Proyecto_airflow/venv/lib/python3.12/site-packages/airflow/example_dags/example_external_task_marker_dag.py for tasks to queue
[2025-04-01T16:26:19.681-0500] {logging_mixin.py:190} INFO - [2025-04-01T16:26:19.680-0500] {dagbag.py:588} INFO - Filling up the DagBag from /mnt/d/Universidad/ETL/Proyecto_airflow/venv/lib/python3.12/site-packages/airflow/example_dags/example_external_task_marker_dag.py
[2025-04-01T16:26:19.735-0500] {processor.py:925} INFO - DAG(s) 'example_external_task_marker_parent', 'example_external_task_marker_child' retrieved from /mnt/d/Universidad/ETL/Proyecto_airflow/venv/lib/python3.12/site-packages/airflow/example_dags/example_external_task_marker_dag.py
[2025-04-01T16:26:19.816-0500] {logging_mixin.py:190} INFO - [2025-04-01T16:26:19.815-0500] {dag.py:3239} INFO - Sync 2 DAGs
[2025-04-01T16:26:19.825-0500] {logging_mixin.py:190} INFO - [2025-04-01T16:26:19.824-0500] {dag.py:4180} INFO - Setting next_dagrun for example_external_task_marker_child to None, run_after=None
[2025-04-01T16:26:19.829-0500] {logging_mixin.py:190} INFO - [2025-04-01T16:26:19.828-0500] {dag.py:4180} INFO - Setting next_dagrun for example_external_task_marker_parent to None, run_after=None
[2025-04-01T16:26:19.920-0500] {processor.py:208} INFO - Processing /mnt/d/Universidad/ETL/Proyecto_airflow/venv/lib/python3.12/site-packages/airflow/example_dags/example_external_task_marker_dag.py took 0.250 seconds
[2025-04-01T16:27:50.204-0500] {processor.py:186} INFO - Started process (PID=4585) to work on /mnt/d/Universidad/ETL/Proyecto_airflow/venv/lib/python3.12/site-packages/airflow/example_dags/example_external_task_marker_dag.py
[2025-04-01T16:27:50.205-0500] {processor.py:914} INFO - Processing file /mnt/d/Universidad/ETL/Proyecto_airflow/venv/lib/python3.12/site-packages/airflow/example_dags/example_external_task_marker_dag.py for tasks to queue
[2025-04-01T16:27:50.208-0500] {logging_mixin.py:190} INFO - [2025-04-01T16:27:50.207-0500] {dagbag.py:588} INFO - Filling up the DagBag from /mnt/d/Universidad/ETL/Proyecto_airflow/venv/lib/python3.12/site-packages/airflow/example_dags/example_external_task_marker_dag.py
[2025-04-01T16:27:50.261-0500] {processor.py:925} INFO - DAG(s) 'example_external_task_marker_parent', 'example_external_task_marker_child' retrieved from /mnt/d/Universidad/ETL/Proyecto_airflow/venv/lib/python3.12/site-packages/airflow/example_dags/example_external_task_marker_dag.py
[2025-04-01T16:27:50.281-0500] {logging_mixin.py:190} INFO - [2025-04-01T16:27:50.281-0500] {dag.py:3239} INFO - Sync 2 DAGs
[2025-04-01T16:27:50.291-0500] {logging_mixin.py:190} INFO - [2025-04-01T16:27:50.291-0500] {dag.py:4180} INFO - Setting next_dagrun for example_external_task_marker_child to None, run_after=None
[2025-04-01T16:27:50.295-0500] {logging_mixin.py:190} INFO - [2025-04-01T16:27:50.295-0500] {dag.py:4180} INFO - Setting next_dagrun for example_external_task_marker_parent to None, run_after=None
[2025-04-01T16:27:50.375-0500] {processor.py:208} INFO - Processing /mnt/d/Universidad/ETL/Proyecto_airflow/venv/lib/python3.12/site-packages/airflow/example_dags/example_external_task_marker_dag.py took 0.179 seconds
[2025-04-01T16:29:21.030-0500] {processor.py:186} INFO - Started process (PID=4655) to work on /mnt/d/Universidad/ETL/Proyecto_airflow/venv/lib/python3.12/site-packages/airflow/example_dags/example_external_task_marker_dag.py
[2025-04-01T16:29:21.031-0500] {processor.py:914} INFO - Processing file /mnt/d/Universidad/ETL/Proyecto_airflow/venv/lib/python3.12/site-packages/airflow/example_dags/example_external_task_marker_dag.py for tasks to queue
[2025-04-01T16:29:21.033-0500] {logging_mixin.py:190} INFO - [2025-04-01T16:29:21.032-0500] {dagbag.py:588} INFO - Filling up the DagBag from /mnt/d/Universidad/ETL/Proyecto_airflow/venv/lib/python3.12/site-packages/airflow/example_dags/example_external_task_marker_dag.py
[2025-04-01T16:29:21.087-0500] {processor.py:925} INFO - DAG(s) 'example_external_task_marker_parent', 'example_external_task_marker_child' retrieved from /mnt/d/Universidad/ETL/Proyecto_airflow/venv/lib/python3.12/site-packages/airflow/example_dags/example_external_task_marker_dag.py
[2025-04-01T16:29:21.108-0500] {logging_mixin.py:190} INFO - [2025-04-01T16:29:21.108-0500] {dag.py:3239} INFO - Sync 2 DAGs
[2025-04-01T16:29:21.118-0500] {logging_mixin.py:190} INFO - [2025-04-01T16:29:21.117-0500] {dag.py:4180} INFO - Setting next_dagrun for example_external_task_marker_child to None, run_after=None
[2025-04-01T16:29:21.122-0500] {logging_mixin.py:190} INFO - [2025-04-01T16:29:21.122-0500] {dag.py:4180} INFO - Setting next_dagrun for example_external_task_marker_parent to None, run_after=None
[2025-04-01T16:29:21.205-0500] {processor.py:208} INFO - Processing /mnt/d/Universidad/ETL/Proyecto_airflow/venv/lib/python3.12/site-packages/airflow/example_dags/example_external_task_marker_dag.py took 0.182 seconds
[2025-04-01T16:30:53.358-0500] {processor.py:186} INFO - Started process (PID=4727) to work on /mnt/d/Universidad/ETL/Proyecto_airflow/venv/lib/python3.12/site-packages/airflow/example_dags/example_external_task_marker_dag.py
[2025-04-01T16:30:53.359-0500] {processor.py:914} INFO - Processing file /mnt/d/Universidad/ETL/Proyecto_airflow/venv/lib/python3.12/site-packages/airflow/example_dags/example_external_task_marker_dag.py for tasks to queue
[2025-04-01T16:30:53.362-0500] {logging_mixin.py:190} INFO - [2025-04-01T16:30:53.361-0500] {dagbag.py:588} INFO - Filling up the DagBag from /mnt/d/Universidad/ETL/Proyecto_airflow/venv/lib/python3.12/site-packages/airflow/example_dags/example_external_task_marker_dag.py
[2025-04-01T16:30:53.417-0500] {processor.py:925} INFO - DAG(s) 'example_external_task_marker_child', 'example_external_task_marker_parent' retrieved from /mnt/d/Universidad/ETL/Proyecto_airflow/venv/lib/python3.12/site-packages/airflow/example_dags/example_external_task_marker_dag.py
[2025-04-01T16:30:53.440-0500] {logging_mixin.py:190} INFO - [2025-04-01T16:30:53.439-0500] {dag.py:3239} INFO - Sync 2 DAGs
[2025-04-01T16:30:53.450-0500] {logging_mixin.py:190} INFO - [2025-04-01T16:30:53.449-0500] {dag.py:4180} INFO - Setting next_dagrun for example_external_task_marker_child to None, run_after=None
[2025-04-01T16:30:53.454-0500] {logging_mixin.py:190} INFO - [2025-04-01T16:30:53.454-0500] {dag.py:4180} INFO - Setting next_dagrun for example_external_task_marker_parent to None, run_after=None
[2025-04-01T16:30:53.534-0500] {processor.py:208} INFO - Processing /mnt/d/Universidad/ETL/Proyecto_airflow/venv/lib/python3.12/site-packages/airflow/example_dags/example_external_task_marker_dag.py took 0.184 seconds
[2025-04-01T16:32:29.599-0500] {processor.py:186} INFO - Started process (PID=4800) to work on /mnt/d/Universidad/ETL/Proyecto_airflow/venv/lib/python3.12/site-packages/airflow/example_dags/example_external_task_marker_dag.py
[2025-04-01T16:32:29.600-0500] {processor.py:914} INFO - Processing file /mnt/d/Universidad/ETL/Proyecto_airflow/venv/lib/python3.12/site-packages/airflow/example_dags/example_external_task_marker_dag.py for tasks to queue
[2025-04-01T16:32:29.602-0500] {logging_mixin.py:190} INFO - [2025-04-01T16:32:29.602-0500] {dagbag.py:588} INFO - Filling up the DagBag from /mnt/d/Universidad/ETL/Proyecto_airflow/venv/lib/python3.12/site-packages/airflow/example_dags/example_external_task_marker_dag.py
[2025-04-01T16:32:29.659-0500] {processor.py:925} INFO - DAG(s) 'example_external_task_marker_child', 'example_external_task_marker_parent' retrieved from /mnt/d/Universidad/ETL/Proyecto_airflow/venv/lib/python3.12/site-packages/airflow/example_dags/example_external_task_marker_dag.py
[2025-04-01T16:32:29.682-0500] {logging_mixin.py:190} INFO - [2025-04-01T16:32:29.681-0500] {dag.py:3239} INFO - Sync 2 DAGs
[2025-04-01T16:32:29.692-0500] {logging_mixin.py:190} INFO - [2025-04-01T16:32:29.691-0500] {dag.py:4180} INFO - Setting next_dagrun for example_external_task_marker_child to None, run_after=None
[2025-04-01T16:32:29.696-0500] {logging_mixin.py:190} INFO - [2025-04-01T16:32:29.695-0500] {dag.py:4180} INFO - Setting next_dagrun for example_external_task_marker_parent to None, run_after=None
[2025-04-01T16:32:29.813-0500] {processor.py:208} INFO - Processing /mnt/d/Universidad/ETL/Proyecto_airflow/venv/lib/python3.12/site-packages/airflow/example_dags/example_external_task_marker_dag.py took 0.222 seconds
[2025-04-01T16:33:59.930-0500] {processor.py:186} INFO - Started process (PID=4870) to work on /mnt/d/Universidad/ETL/Proyecto_airflow/venv/lib/python3.12/site-packages/airflow/example_dags/example_external_task_marker_dag.py
[2025-04-01T16:33:59.931-0500] {processor.py:914} INFO - Processing file /mnt/d/Universidad/ETL/Proyecto_airflow/venv/lib/python3.12/site-packages/airflow/example_dags/example_external_task_marker_dag.py for tasks to queue
[2025-04-01T16:33:59.933-0500] {logging_mixin.py:190} INFO - [2025-04-01T16:33:59.932-0500] {dagbag.py:588} INFO - Filling up the DagBag from /mnt/d/Universidad/ETL/Proyecto_airflow/venv/lib/python3.12/site-packages/airflow/example_dags/example_external_task_marker_dag.py
[2025-04-01T16:33:59.987-0500] {processor.py:925} INFO - DAG(s) 'example_external_task_marker_child', 'example_external_task_marker_parent' retrieved from /mnt/d/Universidad/ETL/Proyecto_airflow/venv/lib/python3.12/site-packages/airflow/example_dags/example_external_task_marker_dag.py
[2025-04-01T16:34:00.009-0500] {logging_mixin.py:190} INFO - [2025-04-01T16:34:00.009-0500] {dag.py:3239} INFO - Sync 2 DAGs
[2025-04-01T16:34:00.020-0500] {logging_mixin.py:190} INFO - [2025-04-01T16:34:00.019-0500] {dag.py:4180} INFO - Setting next_dagrun for example_external_task_marker_child to None, run_after=None
[2025-04-01T16:34:00.024-0500] {logging_mixin.py:190} INFO - [2025-04-01T16:34:00.023-0500] {dag.py:4180} INFO - Setting next_dagrun for example_external_task_marker_parent to None, run_after=None
[2025-04-01T16:34:00.130-0500] {processor.py:208} INFO - Processing /mnt/d/Universidad/ETL/Proyecto_airflow/venv/lib/python3.12/site-packages/airflow/example_dags/example_external_task_marker_dag.py took 0.208 seconds
[2025-04-01T16:35:25.319-0500] {processor.py:186} INFO - Started process (PID=4939) to work on /mnt/d/Universidad/ETL/Proyecto_airflow/venv/lib/python3.12/site-packages/airflow/example_dags/example_external_task_marker_dag.py
[2025-04-01T16:35:25.320-0500] {processor.py:914} INFO - Processing file /mnt/d/Universidad/ETL/Proyecto_airflow/venv/lib/python3.12/site-packages/airflow/example_dags/example_external_task_marker_dag.py for tasks to queue
[2025-04-01T16:35:25.322-0500] {logging_mixin.py:190} INFO - [2025-04-01T16:35:25.322-0500] {dagbag.py:588} INFO - Filling up the DagBag from /mnt/d/Universidad/ETL/Proyecto_airflow/venv/lib/python3.12/site-packages/airflow/example_dags/example_external_task_marker_dag.py
[2025-04-01T16:35:25.378-0500] {processor.py:925} INFO - DAG(s) 'example_external_task_marker_child', 'example_external_task_marker_parent' retrieved from /mnt/d/Universidad/ETL/Proyecto_airflow/venv/lib/python3.12/site-packages/airflow/example_dags/example_external_task_marker_dag.py
[2025-04-01T16:35:25.402-0500] {logging_mixin.py:190} INFO - [2025-04-01T16:35:25.401-0500] {dag.py:3239} INFO - Sync 2 DAGs
[2025-04-01T16:35:25.413-0500] {logging_mixin.py:190} INFO - [2025-04-01T16:35:25.412-0500] {dag.py:4180} INFO - Setting next_dagrun for example_external_task_marker_child to None, run_after=None
[2025-04-01T16:35:25.416-0500] {logging_mixin.py:190} INFO - [2025-04-01T16:35:25.416-0500] {dag.py:4180} INFO - Setting next_dagrun for example_external_task_marker_parent to None, run_after=None
[2025-04-01T16:35:25.518-0500] {processor.py:208} INFO - Processing /mnt/d/Universidad/ETL/Proyecto_airflow/venv/lib/python3.12/site-packages/airflow/example_dags/example_external_task_marker_dag.py took 0.207 seconds
[2025-04-01T16:37:00.170-0500] {processor.py:186} INFO - Started process (PID=5010) to work on /mnt/d/Universidad/ETL/Proyecto_airflow/venv/lib/python3.12/site-packages/airflow/example_dags/example_external_task_marker_dag.py
[2025-04-01T16:37:00.171-0500] {processor.py:914} INFO - Processing file /mnt/d/Universidad/ETL/Proyecto_airflow/venv/lib/python3.12/site-packages/airflow/example_dags/example_external_task_marker_dag.py for tasks to queue
[2025-04-01T16:37:00.173-0500] {logging_mixin.py:190} INFO - [2025-04-01T16:37:00.172-0500] {dagbag.py:588} INFO - Filling up the DagBag from /mnt/d/Universidad/ETL/Proyecto_airflow/venv/lib/python3.12/site-packages/airflow/example_dags/example_external_task_marker_dag.py
[2025-04-01T16:37:00.228-0500] {processor.py:925} INFO - DAG(s) 'example_external_task_marker_child', 'example_external_task_marker_parent' retrieved from /mnt/d/Universidad/ETL/Proyecto_airflow/venv/lib/python3.12/site-packages/airflow/example_dags/example_external_task_marker_dag.py
[2025-04-01T16:37:00.251-0500] {logging_mixin.py:190} INFO - [2025-04-01T16:37:00.251-0500] {dag.py:3239} INFO - Sync 2 DAGs
[2025-04-01T16:37:00.262-0500] {logging_mixin.py:190} INFO - [2025-04-01T16:37:00.261-0500] {dag.py:4180} INFO - Setting next_dagrun for example_external_task_marker_child to None, run_after=None
[2025-04-01T16:37:00.266-0500] {logging_mixin.py:190} INFO - [2025-04-01T16:37:00.265-0500] {dag.py:4180} INFO - Setting next_dagrun for example_external_task_marker_parent to None, run_after=None
[2025-04-01T16:37:00.375-0500] {processor.py:208} INFO - Processing /mnt/d/Universidad/ETL/Proyecto_airflow/venv/lib/python3.12/site-packages/airflow/example_dags/example_external_task_marker_dag.py took 0.213 seconds
[2025-04-01T16:38:33.929-0500] {processor.py:186} INFO - Started process (PID=5079) to work on /mnt/d/Universidad/ETL/Proyecto_airflow/venv/lib/python3.12/site-packages/airflow/example_dags/example_external_task_marker_dag.py
[2025-04-01T16:38:33.930-0500] {processor.py:914} INFO - Processing file /mnt/d/Universidad/ETL/Proyecto_airflow/venv/lib/python3.12/site-packages/airflow/example_dags/example_external_task_marker_dag.py for tasks to queue
[2025-04-01T16:38:33.933-0500] {logging_mixin.py:190} INFO - [2025-04-01T16:38:33.932-0500] {dagbag.py:588} INFO - Filling up the DagBag from /mnt/d/Universidad/ETL/Proyecto_airflow/venv/lib/python3.12/site-packages/airflow/example_dags/example_external_task_marker_dag.py
[2025-04-01T16:38:33.988-0500] {processor.py:925} INFO - DAG(s) 'example_external_task_marker_parent', 'example_external_task_marker_child' retrieved from /mnt/d/Universidad/ETL/Proyecto_airflow/venv/lib/python3.12/site-packages/airflow/example_dags/example_external_task_marker_dag.py
[2025-04-01T16:38:34.009-0500] {logging_mixin.py:190} INFO - [2025-04-01T16:38:34.009-0500] {dag.py:3239} INFO - Sync 2 DAGs
[2025-04-01T16:38:34.019-0500] {logging_mixin.py:190} INFO - [2025-04-01T16:38:34.018-0500] {dag.py:4180} INFO - Setting next_dagrun for example_external_task_marker_child to None, run_after=None
[2025-04-01T16:38:34.023-0500] {logging_mixin.py:190} INFO - [2025-04-01T16:38:34.022-0500] {dag.py:4180} INFO - Setting next_dagrun for example_external_task_marker_parent to None, run_after=None
[2025-04-01T16:38:34.100-0500] {processor.py:208} INFO - Processing /mnt/d/Universidad/ETL/Proyecto_airflow/venv/lib/python3.12/site-packages/airflow/example_dags/example_external_task_marker_dag.py took 0.179 seconds
[2025-04-01T16:40:03.787-0500] {processor.py:186} INFO - Started process (PID=5150) to work on /mnt/d/Universidad/ETL/Proyecto_airflow/venv/lib/python3.12/site-packages/airflow/example_dags/example_external_task_marker_dag.py
[2025-04-01T16:40:03.788-0500] {processor.py:914} INFO - Processing file /mnt/d/Universidad/ETL/Proyecto_airflow/venv/lib/python3.12/site-packages/airflow/example_dags/example_external_task_marker_dag.py for tasks to queue
[2025-04-01T16:40:03.791-0500] {logging_mixin.py:190} INFO - [2025-04-01T16:40:03.790-0500] {dagbag.py:588} INFO - Filling up the DagBag from /mnt/d/Universidad/ETL/Proyecto_airflow/venv/lib/python3.12/site-packages/airflow/example_dags/example_external_task_marker_dag.py
[2025-04-01T16:40:03.846-0500] {processor.py:925} INFO - DAG(s) 'example_external_task_marker_parent', 'example_external_task_marker_child' retrieved from /mnt/d/Universidad/ETL/Proyecto_airflow/venv/lib/python3.12/site-packages/airflow/example_dags/example_external_task_marker_dag.py
[2025-04-01T16:40:03.867-0500] {logging_mixin.py:190} INFO - [2025-04-01T16:40:03.866-0500] {dag.py:3239} INFO - Sync 2 DAGs
[2025-04-01T16:40:03.876-0500] {logging_mixin.py:190} INFO - [2025-04-01T16:40:03.875-0500] {dag.py:4180} INFO - Setting next_dagrun for example_external_task_marker_child to None, run_after=None
[2025-04-01T16:40:03.880-0500] {logging_mixin.py:190} INFO - [2025-04-01T16:40:03.879-0500] {dag.py:4180} INFO - Setting next_dagrun for example_external_task_marker_parent to None, run_after=None
[2025-04-01T16:40:03.984-0500] {processor.py:208} INFO - Processing /mnt/d/Universidad/ETL/Proyecto_airflow/venv/lib/python3.12/site-packages/airflow/example_dags/example_external_task_marker_dag.py took 0.205 seconds
[2025-04-01T16:41:43.219-0500] {processor.py:186} INFO - Started process (PID=5224) to work on /mnt/d/Universidad/ETL/Proyecto_airflow/venv/lib/python3.12/site-packages/airflow/example_dags/example_external_task_marker_dag.py
[2025-04-01T16:41:43.220-0500] {processor.py:914} INFO - Processing file /mnt/d/Universidad/ETL/Proyecto_airflow/venv/lib/python3.12/site-packages/airflow/example_dags/example_external_task_marker_dag.py for tasks to queue
[2025-04-01T16:41:43.222-0500] {logging_mixin.py:190} INFO - [2025-04-01T16:41:43.221-0500] {dagbag.py:588} INFO - Filling up the DagBag from /mnt/d/Universidad/ETL/Proyecto_airflow/venv/lib/python3.12/site-packages/airflow/example_dags/example_external_task_marker_dag.py
[2025-04-01T16:41:43.277-0500] {processor.py:925} INFO - DAG(s) 'example_external_task_marker_child', 'example_external_task_marker_parent' retrieved from /mnt/d/Universidad/ETL/Proyecto_airflow/venv/lib/python3.12/site-packages/airflow/example_dags/example_external_task_marker_dag.py
[2025-04-01T16:41:43.299-0500] {logging_mixin.py:190} INFO - [2025-04-01T16:41:43.298-0500] {dag.py:3239} INFO - Sync 2 DAGs
[2025-04-01T16:41:43.308-0500] {logging_mixin.py:190} INFO - [2025-04-01T16:41:43.307-0500] {dag.py:4180} INFO - Setting next_dagrun for example_external_task_marker_child to None, run_after=None
[2025-04-01T16:41:43.312-0500] {logging_mixin.py:190} INFO - [2025-04-01T16:41:43.311-0500] {dag.py:4180} INFO - Setting next_dagrun for example_external_task_marker_parent to None, run_after=None
[2025-04-01T16:41:43.399-0500] {processor.py:208} INFO - Processing /mnt/d/Universidad/ETL/Proyecto_airflow/venv/lib/python3.12/site-packages/airflow/example_dags/example_external_task_marker_dag.py took 0.188 seconds
[2025-04-01T16:43:16.165-0500] {processor.py:186} INFO - Started process (PID=5294) to work on /mnt/d/Universidad/ETL/Proyecto_airflow/venv/lib/python3.12/site-packages/airflow/example_dags/example_external_task_marker_dag.py
[2025-04-01T16:43:16.167-0500] {processor.py:914} INFO - Processing file /mnt/d/Universidad/ETL/Proyecto_airflow/venv/lib/python3.12/site-packages/airflow/example_dags/example_external_task_marker_dag.py for tasks to queue
[2025-04-01T16:43:16.169-0500] {logging_mixin.py:190} INFO - [2025-04-01T16:43:16.168-0500] {dagbag.py:588} INFO - Filling up the DagBag from /mnt/d/Universidad/ETL/Proyecto_airflow/venv/lib/python3.12/site-packages/airflow/example_dags/example_external_task_marker_dag.py
[2025-04-01T16:43:16.225-0500] {processor.py:925} INFO - DAG(s) 'example_external_task_marker_child', 'example_external_task_marker_parent' retrieved from /mnt/d/Universidad/ETL/Proyecto_airflow/venv/lib/python3.12/site-packages/airflow/example_dags/example_external_task_marker_dag.py
[2025-04-01T16:43:16.248-0500] {logging_mixin.py:190} INFO - [2025-04-01T16:43:16.247-0500] {dag.py:3239} INFO - Sync 2 DAGs
[2025-04-01T16:43:16.258-0500] {logging_mixin.py:190} INFO - [2025-04-01T16:43:16.257-0500] {dag.py:4180} INFO - Setting next_dagrun for example_external_task_marker_child to None, run_after=None
[2025-04-01T16:43:16.262-0500] {logging_mixin.py:190} INFO - [2025-04-01T16:43:16.261-0500] {dag.py:4180} INFO - Setting next_dagrun for example_external_task_marker_parent to None, run_after=None
[2025-04-01T16:43:16.331-0500] {processor.py:208} INFO - Processing /mnt/d/Universidad/ETL/Proyecto_airflow/venv/lib/python3.12/site-packages/airflow/example_dags/example_external_task_marker_dag.py took 0.174 seconds
[2025-04-01T16:44:52.015-0500] {processor.py:186} INFO - Started process (PID=5365) to work on /mnt/d/Universidad/ETL/Proyecto_airflow/venv/lib/python3.12/site-packages/airflow/example_dags/example_external_task_marker_dag.py
[2025-04-01T16:44:52.016-0500] {processor.py:914} INFO - Processing file /mnt/d/Universidad/ETL/Proyecto_airflow/venv/lib/python3.12/site-packages/airflow/example_dags/example_external_task_marker_dag.py for tasks to queue
[2025-04-01T16:44:52.018-0500] {logging_mixin.py:190} INFO - [2025-04-01T16:44:52.017-0500] {dagbag.py:588} INFO - Filling up the DagBag from /mnt/d/Universidad/ETL/Proyecto_airflow/venv/lib/python3.12/site-packages/airflow/example_dags/example_external_task_marker_dag.py
[2025-04-01T16:44:52.072-0500] {processor.py:925} INFO - DAG(s) 'example_external_task_marker_child', 'example_external_task_marker_parent' retrieved from /mnt/d/Universidad/ETL/Proyecto_airflow/venv/lib/python3.12/site-packages/airflow/example_dags/example_external_task_marker_dag.py
[2025-04-01T16:44:52.094-0500] {logging_mixin.py:190} INFO - [2025-04-01T16:44:52.094-0500] {dag.py:3239} INFO - Sync 2 DAGs
[2025-04-01T16:44:52.104-0500] {logging_mixin.py:190} INFO - [2025-04-01T16:44:52.104-0500] {dag.py:4180} INFO - Setting next_dagrun for example_external_task_marker_child to None, run_after=None
[2025-04-01T16:44:52.108-0500] {logging_mixin.py:190} INFO - [2025-04-01T16:44:52.108-0500] {dag.py:4180} INFO - Setting next_dagrun for example_external_task_marker_parent to None, run_after=None
[2025-04-01T16:44:52.191-0500] {processor.py:208} INFO - Processing /mnt/d/Universidad/ETL/Proyecto_airflow/venv/lib/python3.12/site-packages/airflow/example_dags/example_external_task_marker_dag.py took 0.184 seconds
[2025-04-01T16:46:27.621-0500] {processor.py:186} INFO - Started process (PID=5438) to work on /mnt/d/Universidad/ETL/Proyecto_airflow/venv/lib/python3.12/site-packages/airflow/example_dags/example_external_task_marker_dag.py
[2025-04-01T16:46:27.622-0500] {processor.py:914} INFO - Processing file /mnt/d/Universidad/ETL/Proyecto_airflow/venv/lib/python3.12/site-packages/airflow/example_dags/example_external_task_marker_dag.py for tasks to queue
[2025-04-01T16:46:27.624-0500] {logging_mixin.py:190} INFO - [2025-04-01T16:46:27.623-0500] {dagbag.py:588} INFO - Filling up the DagBag from /mnt/d/Universidad/ETL/Proyecto_airflow/venv/lib/python3.12/site-packages/airflow/example_dags/example_external_task_marker_dag.py
[2025-04-01T16:46:27.677-0500] {processor.py:925} INFO - DAG(s) 'example_external_task_marker_parent', 'example_external_task_marker_child' retrieved from /mnt/d/Universidad/ETL/Proyecto_airflow/venv/lib/python3.12/site-packages/airflow/example_dags/example_external_task_marker_dag.py
[2025-04-01T16:46:27.698-0500] {logging_mixin.py:190} INFO - [2025-04-01T16:46:27.697-0500] {dag.py:3239} INFO - Sync 2 DAGs
[2025-04-01T16:46:27.707-0500] {logging_mixin.py:190} INFO - [2025-04-01T16:46:27.706-0500] {dag.py:4180} INFO - Setting next_dagrun for example_external_task_marker_child to None, run_after=None
[2025-04-01T16:46:27.711-0500] {logging_mixin.py:190} INFO - [2025-04-01T16:46:27.710-0500] {dag.py:4180} INFO - Setting next_dagrun for example_external_task_marker_parent to None, run_after=None
[2025-04-01T16:46:27.810-0500] {processor.py:208} INFO - Processing /mnt/d/Universidad/ETL/Proyecto_airflow/venv/lib/python3.12/site-packages/airflow/example_dags/example_external_task_marker_dag.py took 0.197 seconds
[2025-04-01T16:48:04.033-0500] {processor.py:186} INFO - Started process (PID=5510) to work on /mnt/d/Universidad/ETL/Proyecto_airflow/venv/lib/python3.12/site-packages/airflow/example_dags/example_external_task_marker_dag.py
[2025-04-01T16:48:04.034-0500] {processor.py:914} INFO - Processing file /mnt/d/Universidad/ETL/Proyecto_airflow/venv/lib/python3.12/site-packages/airflow/example_dags/example_external_task_marker_dag.py for tasks to queue
[2025-04-01T16:48:04.036-0500] {logging_mixin.py:190} INFO - [2025-04-01T16:48:04.035-0500] {dagbag.py:588} INFO - Filling up the DagBag from /mnt/d/Universidad/ETL/Proyecto_airflow/venv/lib/python3.12/site-packages/airflow/example_dags/example_external_task_marker_dag.py
[2025-04-01T16:48:04.088-0500] {processor.py:925} INFO - DAG(s) 'example_external_task_marker_child', 'example_external_task_marker_parent' retrieved from /mnt/d/Universidad/ETL/Proyecto_airflow/venv/lib/python3.12/site-packages/airflow/example_dags/example_external_task_marker_dag.py
[2025-04-01T16:48:04.109-0500] {logging_mixin.py:190} INFO - [2025-04-01T16:48:04.108-0500] {dag.py:3239} INFO - Sync 2 DAGs
[2025-04-01T16:48:04.118-0500] {logging_mixin.py:190} INFO - [2025-04-01T16:48:04.117-0500] {dag.py:4180} INFO - Setting next_dagrun for example_external_task_marker_child to None, run_after=None
[2025-04-01T16:48:04.122-0500] {logging_mixin.py:190} INFO - [2025-04-01T16:48:04.121-0500] {dag.py:4180} INFO - Setting next_dagrun for example_external_task_marker_parent to None, run_after=None
[2025-04-01T16:48:04.186-0500] {processor.py:208} INFO - Processing /mnt/d/Universidad/ETL/Proyecto_airflow/venv/lib/python3.12/site-packages/airflow/example_dags/example_external_task_marker_dag.py took 0.161 seconds
[2025-04-01T16:49:34.315-0500] {processor.py:186} INFO - Started process (PID=5579) to work on /mnt/d/Universidad/ETL/Proyecto_airflow/venv/lib/python3.12/site-packages/airflow/example_dags/example_external_task_marker_dag.py
[2025-04-01T16:49:34.316-0500] {processor.py:914} INFO - Processing file /mnt/d/Universidad/ETL/Proyecto_airflow/venv/lib/python3.12/site-packages/airflow/example_dags/example_external_task_marker_dag.py for tasks to queue
[2025-04-01T16:49:34.318-0500] {logging_mixin.py:190} INFO - [2025-04-01T16:49:34.317-0500] {dagbag.py:588} INFO - Filling up the DagBag from /mnt/d/Universidad/ETL/Proyecto_airflow/venv/lib/python3.12/site-packages/airflow/example_dags/example_external_task_marker_dag.py
[2025-04-01T16:49:34.371-0500] {processor.py:925} INFO - DAG(s) 'example_external_task_marker_child', 'example_external_task_marker_parent' retrieved from /mnt/d/Universidad/ETL/Proyecto_airflow/venv/lib/python3.12/site-packages/airflow/example_dags/example_external_task_marker_dag.py
[2025-04-01T16:49:34.391-0500] {logging_mixin.py:190} INFO - [2025-04-01T16:49:34.391-0500] {dag.py:3239} INFO - Sync 2 DAGs
[2025-04-01T16:49:34.401-0500] {logging_mixin.py:190} INFO - [2025-04-01T16:49:34.400-0500] {dag.py:4180} INFO - Setting next_dagrun for example_external_task_marker_child to None, run_after=None
[2025-04-01T16:49:34.405-0500] {logging_mixin.py:190} INFO - [2025-04-01T16:49:34.404-0500] {dag.py:4180} INFO - Setting next_dagrun for example_external_task_marker_parent to None, run_after=None
[2025-04-01T16:49:34.511-0500] {processor.py:208} INFO - Processing /mnt/d/Universidad/ETL/Proyecto_airflow/venv/lib/python3.12/site-packages/airflow/example_dags/example_external_task_marker_dag.py took 0.204 seconds
[2025-04-01T16:51:02.804-0500] {processor.py:186} INFO - Started process (PID=5648) to work on /mnt/d/Universidad/ETL/Proyecto_airflow/venv/lib/python3.12/site-packages/airflow/example_dags/example_external_task_marker_dag.py
[2025-04-01T16:51:02.805-0500] {processor.py:914} INFO - Processing file /mnt/d/Universidad/ETL/Proyecto_airflow/venv/lib/python3.12/site-packages/airflow/example_dags/example_external_task_marker_dag.py for tasks to queue
[2025-04-01T16:51:02.807-0500] {logging_mixin.py:190} INFO - [2025-04-01T16:51:02.806-0500] {dagbag.py:588} INFO - Filling up the DagBag from /mnt/d/Universidad/ETL/Proyecto_airflow/venv/lib/python3.12/site-packages/airflow/example_dags/example_external_task_marker_dag.py
[2025-04-01T16:51:02.860-0500] {processor.py:925} INFO - DAG(s) 'example_external_task_marker_child', 'example_external_task_marker_parent' retrieved from /mnt/d/Universidad/ETL/Proyecto_airflow/venv/lib/python3.12/site-packages/airflow/example_dags/example_external_task_marker_dag.py
[2025-04-01T16:51:02.882-0500] {logging_mixin.py:190} INFO - [2025-04-01T16:51:02.881-0500] {dag.py:3239} INFO - Sync 2 DAGs
[2025-04-01T16:51:02.891-0500] {logging_mixin.py:190} INFO - [2025-04-01T16:51:02.891-0500] {dag.py:4180} INFO - Setting next_dagrun for example_external_task_marker_child to None, run_after=None
[2025-04-01T16:51:02.895-0500] {logging_mixin.py:190} INFO - [2025-04-01T16:51:02.895-0500] {dag.py:4180} INFO - Setting next_dagrun for example_external_task_marker_parent to None, run_after=None
[2025-04-01T16:51:02.992-0500] {processor.py:208} INFO - Processing /mnt/d/Universidad/ETL/Proyecto_airflow/venv/lib/python3.12/site-packages/airflow/example_dags/example_external_task_marker_dag.py took 0.196 seconds
[2025-04-01T16:52:44.298-0500] {processor.py:186} INFO - Started process (PID=5722) to work on /mnt/d/Universidad/ETL/Proyecto_airflow/venv/lib/python3.12/site-packages/airflow/example_dags/example_external_task_marker_dag.py
[2025-04-01T16:52:44.299-0500] {processor.py:914} INFO - Processing file /mnt/d/Universidad/ETL/Proyecto_airflow/venv/lib/python3.12/site-packages/airflow/example_dags/example_external_task_marker_dag.py for tasks to queue
[2025-04-01T16:52:44.301-0500] {logging_mixin.py:190} INFO - [2025-04-01T16:52:44.300-0500] {dagbag.py:588} INFO - Filling up the DagBag from /mnt/d/Universidad/ETL/Proyecto_airflow/venv/lib/python3.12/site-packages/airflow/example_dags/example_external_task_marker_dag.py
[2025-04-01T16:52:44.353-0500] {processor.py:925} INFO - DAG(s) 'example_external_task_marker_child', 'example_external_task_marker_parent' retrieved from /mnt/d/Universidad/ETL/Proyecto_airflow/venv/lib/python3.12/site-packages/airflow/example_dags/example_external_task_marker_dag.py
[2025-04-01T16:52:44.374-0500] {logging_mixin.py:190} INFO - [2025-04-01T16:52:44.373-0500] {dag.py:3239} INFO - Sync 2 DAGs
[2025-04-01T16:52:44.382-0500] {logging_mixin.py:190} INFO - [2025-04-01T16:52:44.382-0500] {dag.py:4180} INFO - Setting next_dagrun for example_external_task_marker_child to None, run_after=None
[2025-04-01T16:52:44.386-0500] {logging_mixin.py:190} INFO - [2025-04-01T16:52:44.385-0500] {dag.py:4180} INFO - Setting next_dagrun for example_external_task_marker_parent to None, run_after=None
[2025-04-01T16:52:44.488-0500] {processor.py:208} INFO - Processing /mnt/d/Universidad/ETL/Proyecto_airflow/venv/lib/python3.12/site-packages/airflow/example_dags/example_external_task_marker_dag.py took 0.198 seconds
[2025-04-01T16:54:19.769-0500] {processor.py:186} INFO - Started process (PID=5794) to work on /mnt/d/Universidad/ETL/Proyecto_airflow/venv/lib/python3.12/site-packages/airflow/example_dags/example_external_task_marker_dag.py
[2025-04-01T16:54:19.770-0500] {processor.py:914} INFO - Processing file /mnt/d/Universidad/ETL/Proyecto_airflow/venv/lib/python3.12/site-packages/airflow/example_dags/example_external_task_marker_dag.py for tasks to queue
[2025-04-01T16:54:19.773-0500] {logging_mixin.py:190} INFO - [2025-04-01T16:54:19.772-0500] {dagbag.py:588} INFO - Filling up the DagBag from /mnt/d/Universidad/ETL/Proyecto_airflow/venv/lib/python3.12/site-packages/airflow/example_dags/example_external_task_marker_dag.py
[2025-04-01T16:54:19.827-0500] {processor.py:925} INFO - DAG(s) 'example_external_task_marker_parent', 'example_external_task_marker_child' retrieved from /mnt/d/Universidad/ETL/Proyecto_airflow/venv/lib/python3.12/site-packages/airflow/example_dags/example_external_task_marker_dag.py
[2025-04-01T16:54:19.848-0500] {logging_mixin.py:190} INFO - [2025-04-01T16:54:19.848-0500] {dag.py:3239} INFO - Sync 2 DAGs
[2025-04-01T16:54:19.858-0500] {logging_mixin.py:190} INFO - [2025-04-01T16:54:19.857-0500] {dag.py:4180} INFO - Setting next_dagrun for example_external_task_marker_child to None, run_after=None
[2025-04-01T16:54:19.861-0500] {logging_mixin.py:190} INFO - [2025-04-01T16:54:19.861-0500] {dag.py:4180} INFO - Setting next_dagrun for example_external_task_marker_parent to None, run_after=None
[2025-04-01T16:54:19.964-0500] {processor.py:208} INFO - Processing /mnt/d/Universidad/ETL/Proyecto_airflow/venv/lib/python3.12/site-packages/airflow/example_dags/example_external_task_marker_dag.py took 0.203 seconds
[2025-04-01T16:55:51.395-0500] {processor.py:186} INFO - Started process (PID=5865) to work on /mnt/d/Universidad/ETL/Proyecto_airflow/venv/lib/python3.12/site-packages/airflow/example_dags/example_external_task_marker_dag.py
[2025-04-01T16:55:51.396-0500] {processor.py:914} INFO - Processing file /mnt/d/Universidad/ETL/Proyecto_airflow/venv/lib/python3.12/site-packages/airflow/example_dags/example_external_task_marker_dag.py for tasks to queue
[2025-04-01T16:55:51.398-0500] {logging_mixin.py:190} INFO - [2025-04-01T16:55:51.397-0500] {dagbag.py:588} INFO - Filling up the DagBag from /mnt/d/Universidad/ETL/Proyecto_airflow/venv/lib/python3.12/site-packages/airflow/example_dags/example_external_task_marker_dag.py
[2025-04-01T16:55:51.452-0500] {processor.py:925} INFO - DAG(s) 'example_external_task_marker_child', 'example_external_task_marker_parent' retrieved from /mnt/d/Universidad/ETL/Proyecto_airflow/venv/lib/python3.12/site-packages/airflow/example_dags/example_external_task_marker_dag.py
[2025-04-01T16:55:51.473-0500] {logging_mixin.py:190} INFO - [2025-04-01T16:55:51.472-0500] {dag.py:3239} INFO - Sync 2 DAGs
[2025-04-01T16:55:51.482-0500] {logging_mixin.py:190} INFO - [2025-04-01T16:55:51.481-0500] {dag.py:4180} INFO - Setting next_dagrun for example_external_task_marker_child to None, run_after=None
[2025-04-01T16:55:51.485-0500] {logging_mixin.py:190} INFO - [2025-04-01T16:55:51.485-0500] {dag.py:4180} INFO - Setting next_dagrun for example_external_task_marker_parent to None, run_after=None
[2025-04-01T16:55:51.585-0500] {processor.py:208} INFO - Processing /mnt/d/Universidad/ETL/Proyecto_airflow/venv/lib/python3.12/site-packages/airflow/example_dags/example_external_task_marker_dag.py took 0.199 seconds
[2025-04-01T16:57:25.505-0500] {processor.py:186} INFO - Started process (PID=5937) to work on /mnt/d/Universidad/ETL/Proyecto_airflow/venv/lib/python3.12/site-packages/airflow/example_dags/example_external_task_marker_dag.py
[2025-04-01T16:57:25.506-0500] {processor.py:914} INFO - Processing file /mnt/d/Universidad/ETL/Proyecto_airflow/venv/lib/python3.12/site-packages/airflow/example_dags/example_external_task_marker_dag.py for tasks to queue
[2025-04-01T16:57:25.509-0500] {logging_mixin.py:190} INFO - [2025-04-01T16:57:25.508-0500] {dagbag.py:588} INFO - Filling up the DagBag from /mnt/d/Universidad/ETL/Proyecto_airflow/venv/lib/python3.12/site-packages/airflow/example_dags/example_external_task_marker_dag.py
[2025-04-01T16:57:25.562-0500] {processor.py:925} INFO - DAG(s) 'example_external_task_marker_parent', 'example_external_task_marker_child' retrieved from /mnt/d/Universidad/ETL/Proyecto_airflow/venv/lib/python3.12/site-packages/airflow/example_dags/example_external_task_marker_dag.py
[2025-04-01T16:57:25.583-0500] {logging_mixin.py:190} INFO - [2025-04-01T16:57:25.582-0500] {dag.py:3239} INFO - Sync 2 DAGs
[2025-04-01T16:57:25.593-0500] {logging_mixin.py:190} INFO - [2025-04-01T16:57:25.592-0500] {dag.py:4180} INFO - Setting next_dagrun for example_external_task_marker_child to None, run_after=None
[2025-04-01T16:57:25.597-0500] {logging_mixin.py:190} INFO - [2025-04-01T16:57:25.596-0500] {dag.py:4180} INFO - Setting next_dagrun for example_external_task_marker_parent to None, run_after=None
[2025-04-01T16:57:25.699-0500] {processor.py:208} INFO - Processing /mnt/d/Universidad/ETL/Proyecto_airflow/venv/lib/python3.12/site-packages/airflow/example_dags/example_external_task_marker_dag.py took 0.201 seconds
[2025-04-01T16:58:59.486-0500] {processor.py:186} INFO - Started process (PID=6007) to work on /mnt/d/Universidad/ETL/Proyecto_airflow/venv/lib/python3.12/site-packages/airflow/example_dags/example_external_task_marker_dag.py
[2025-04-01T16:58:59.487-0500] {processor.py:914} INFO - Processing file /mnt/d/Universidad/ETL/Proyecto_airflow/venv/lib/python3.12/site-packages/airflow/example_dags/example_external_task_marker_dag.py for tasks to queue
[2025-04-01T16:58:59.489-0500] {logging_mixin.py:190} INFO - [2025-04-01T16:58:59.488-0500] {dagbag.py:588} INFO - Filling up the DagBag from /mnt/d/Universidad/ETL/Proyecto_airflow/venv/lib/python3.12/site-packages/airflow/example_dags/example_external_task_marker_dag.py
[2025-04-01T16:58:59.543-0500] {processor.py:925} INFO - DAG(s) 'example_external_task_marker_child', 'example_external_task_marker_parent' retrieved from /mnt/d/Universidad/ETL/Proyecto_airflow/venv/lib/python3.12/site-packages/airflow/example_dags/example_external_task_marker_dag.py
[2025-04-01T16:58:59.564-0500] {logging_mixin.py:190} INFO - [2025-04-01T16:58:59.563-0500] {dag.py:3239} INFO - Sync 2 DAGs
[2025-04-01T16:58:59.573-0500] {logging_mixin.py:190} INFO - [2025-04-01T16:58:59.572-0500] {dag.py:4180} INFO - Setting next_dagrun for example_external_task_marker_child to None, run_after=None
[2025-04-01T16:58:59.577-0500] {logging_mixin.py:190} INFO - [2025-04-01T16:58:59.576-0500] {dag.py:4180} INFO - Setting next_dagrun for example_external_task_marker_parent to None, run_after=None
[2025-04-01T16:58:59.680-0500] {processor.py:208} INFO - Processing /mnt/d/Universidad/ETL/Proyecto_airflow/venv/lib/python3.12/site-packages/airflow/example_dags/example_external_task_marker_dag.py took 0.202 seconds
[2025-04-01T17:00:34.574-0500] {processor.py:186} INFO - Started process (PID=6078) to work on /mnt/d/Universidad/ETL/Proyecto_airflow/venv/lib/python3.12/site-packages/airflow/example_dags/example_external_task_marker_dag.py
[2025-04-01T17:00:34.575-0500] {processor.py:914} INFO - Processing file /mnt/d/Universidad/ETL/Proyecto_airflow/venv/lib/python3.12/site-packages/airflow/example_dags/example_external_task_marker_dag.py for tasks to queue
[2025-04-01T17:00:34.577-0500] {logging_mixin.py:190} INFO - [2025-04-01T17:00:34.577-0500] {dagbag.py:588} INFO - Filling up the DagBag from /mnt/d/Universidad/ETL/Proyecto_airflow/venv/lib/python3.12/site-packages/airflow/example_dags/example_external_task_marker_dag.py
[2025-04-01T17:00:34.631-0500] {processor.py:925} INFO - DAG(s) 'example_external_task_marker_child', 'example_external_task_marker_parent' retrieved from /mnt/d/Universidad/ETL/Proyecto_airflow/venv/lib/python3.12/site-packages/airflow/example_dags/example_external_task_marker_dag.py
[2025-04-01T17:00:34.652-0500] {logging_mixin.py:190} INFO - [2025-04-01T17:00:34.652-0500] {dag.py:3239} INFO - Sync 2 DAGs
[2025-04-01T17:00:34.662-0500] {logging_mixin.py:190} INFO - [2025-04-01T17:00:34.661-0500] {dag.py:4180} INFO - Setting next_dagrun for example_external_task_marker_child to None, run_after=None
[2025-04-01T17:00:34.666-0500] {logging_mixin.py:190} INFO - [2025-04-01T17:00:34.665-0500] {dag.py:4180} INFO - Setting next_dagrun for example_external_task_marker_parent to None, run_after=None
[2025-04-01T17:00:34.760-0500] {processor.py:208} INFO - Processing /mnt/d/Universidad/ETL/Proyecto_airflow/venv/lib/python3.12/site-packages/airflow/example_dags/example_external_task_marker_dag.py took 0.194 seconds
[2025-04-01T17:02:09.150-0500] {processor.py:186} INFO - Started process (PID=6150) to work on /mnt/d/Universidad/ETL/Proyecto_airflow/venv/lib/python3.12/site-packages/airflow/example_dags/example_external_task_marker_dag.py
[2025-04-01T17:02:09.151-0500] {processor.py:914} INFO - Processing file /mnt/d/Universidad/ETL/Proyecto_airflow/venv/lib/python3.12/site-packages/airflow/example_dags/example_external_task_marker_dag.py for tasks to queue
[2025-04-01T17:02:09.153-0500] {logging_mixin.py:190} INFO - [2025-04-01T17:02:09.153-0500] {dagbag.py:588} INFO - Filling up the DagBag from /mnt/d/Universidad/ETL/Proyecto_airflow/venv/lib/python3.12/site-packages/airflow/example_dags/example_external_task_marker_dag.py
[2025-04-01T17:02:09.206-0500] {processor.py:925} INFO - DAG(s) 'example_external_task_marker_parent', 'example_external_task_marker_child' retrieved from /mnt/d/Universidad/ETL/Proyecto_airflow/venv/lib/python3.12/site-packages/airflow/example_dags/example_external_task_marker_dag.py
[2025-04-01T17:02:09.229-0500] {logging_mixin.py:190} INFO - [2025-04-01T17:02:09.228-0500] {dag.py:3239} INFO - Sync 2 DAGs
[2025-04-01T17:02:09.239-0500] {logging_mixin.py:190} INFO - [2025-04-01T17:02:09.238-0500] {dag.py:4180} INFO - Setting next_dagrun for example_external_task_marker_child to None, run_after=None
[2025-04-01T17:02:09.242-0500] {logging_mixin.py:190} INFO - [2025-04-01T17:02:09.242-0500] {dag.py:4180} INFO - Setting next_dagrun for example_external_task_marker_parent to None, run_after=None
[2025-04-01T17:02:09.339-0500] {processor.py:208} INFO - Processing /mnt/d/Universidad/ETL/Proyecto_airflow/venv/lib/python3.12/site-packages/airflow/example_dags/example_external_task_marker_dag.py took 0.197 seconds
[2025-04-01T17:03:48.056-0500] {processor.py:186} INFO - Started process (PID=6221) to work on /mnt/d/Universidad/ETL/Proyecto_airflow/venv/lib/python3.12/site-packages/airflow/example_dags/example_external_task_marker_dag.py
[2025-04-01T17:03:48.057-0500] {processor.py:914} INFO - Processing file /mnt/d/Universidad/ETL/Proyecto_airflow/venv/lib/python3.12/site-packages/airflow/example_dags/example_external_task_marker_dag.py for tasks to queue
[2025-04-01T17:03:48.060-0500] {logging_mixin.py:190} INFO - [2025-04-01T17:03:48.059-0500] {dagbag.py:588} INFO - Filling up the DagBag from /mnt/d/Universidad/ETL/Proyecto_airflow/venv/lib/python3.12/site-packages/airflow/example_dags/example_external_task_marker_dag.py
[2025-04-01T17:03:48.114-0500] {processor.py:925} INFO - DAG(s) 'example_external_task_marker_parent', 'example_external_task_marker_child' retrieved from /mnt/d/Universidad/ETL/Proyecto_airflow/venv/lib/python3.12/site-packages/airflow/example_dags/example_external_task_marker_dag.py
[2025-04-01T17:03:48.137-0500] {logging_mixin.py:190} INFO - [2025-04-01T17:03:48.136-0500] {dag.py:3239} INFO - Sync 2 DAGs
[2025-04-01T17:03:48.147-0500] {logging_mixin.py:190} INFO - [2025-04-01T17:03:48.146-0500] {dag.py:4180} INFO - Setting next_dagrun for example_external_task_marker_child to None, run_after=None
[2025-04-01T17:03:48.151-0500] {logging_mixin.py:190} INFO - [2025-04-01T17:03:48.150-0500] {dag.py:4180} INFO - Setting next_dagrun for example_external_task_marker_parent to None, run_after=None
[2025-04-01T17:03:48.249-0500] {processor.py:208} INFO - Processing /mnt/d/Universidad/ETL/Proyecto_airflow/venv/lib/python3.12/site-packages/airflow/example_dags/example_external_task_marker_dag.py took 0.201 seconds
[2025-04-01T17:05:18.921-0500] {processor.py:186} INFO - Started process (PID=6290) to work on /mnt/d/Universidad/ETL/Proyecto_airflow/venv/lib/python3.12/site-packages/airflow/example_dags/example_external_task_marker_dag.py
[2025-04-01T17:05:18.922-0500] {processor.py:914} INFO - Processing file /mnt/d/Universidad/ETL/Proyecto_airflow/venv/lib/python3.12/site-packages/airflow/example_dags/example_external_task_marker_dag.py for tasks to queue
[2025-04-01T17:05:18.924-0500] {logging_mixin.py:190} INFO - [2025-04-01T17:05:18.923-0500] {dagbag.py:588} INFO - Filling up the DagBag from /mnt/d/Universidad/ETL/Proyecto_airflow/venv/lib/python3.12/site-packages/airflow/example_dags/example_external_task_marker_dag.py
[2025-04-01T17:05:18.977-0500] {processor.py:925} INFO - DAG(s) 'example_external_task_marker_parent', 'example_external_task_marker_child' retrieved from /mnt/d/Universidad/ETL/Proyecto_airflow/venv/lib/python3.12/site-packages/airflow/example_dags/example_external_task_marker_dag.py
[2025-04-01T17:05:18.999-0500] {logging_mixin.py:190} INFO - [2025-04-01T17:05:18.998-0500] {dag.py:3239} INFO - Sync 2 DAGs
[2025-04-01T17:05:19.009-0500] {logging_mixin.py:190} INFO - [2025-04-01T17:05:19.008-0500] {dag.py:4180} INFO - Setting next_dagrun for example_external_task_marker_child to None, run_after=None
[2025-04-01T17:05:19.013-0500] {logging_mixin.py:190} INFO - [2025-04-01T17:05:19.012-0500] {dag.py:4180} INFO - Setting next_dagrun for example_external_task_marker_parent to None, run_after=None
[2025-04-01T17:05:19.174-0500] {processor.py:208} INFO - Processing /mnt/d/Universidad/ETL/Proyecto_airflow/venv/lib/python3.12/site-packages/airflow/example_dags/example_external_task_marker_dag.py took 0.260 seconds
[2025-04-01T17:07:01.276-0500] {processor.py:186} INFO - Started process (PID=6365) to work on /mnt/d/Universidad/ETL/Proyecto_airflow/venv/lib/python3.12/site-packages/airflow/example_dags/example_external_task_marker_dag.py
[2025-04-01T17:07:01.277-0500] {processor.py:914} INFO - Processing file /mnt/d/Universidad/ETL/Proyecto_airflow/venv/lib/python3.12/site-packages/airflow/example_dags/example_external_task_marker_dag.py for tasks to queue
[2025-04-01T17:07:01.279-0500] {logging_mixin.py:190} INFO - [2025-04-01T17:07:01.278-0500] {dagbag.py:588} INFO - Filling up the DagBag from /mnt/d/Universidad/ETL/Proyecto_airflow/venv/lib/python3.12/site-packages/airflow/example_dags/example_external_task_marker_dag.py
[2025-04-01T17:07:01.332-0500] {processor.py:925} INFO - DAG(s) 'example_external_task_marker_parent', 'example_external_task_marker_child' retrieved from /mnt/d/Universidad/ETL/Proyecto_airflow/venv/lib/python3.12/site-packages/airflow/example_dags/example_external_task_marker_dag.py
[2025-04-01T17:07:01.354-0500] {logging_mixin.py:190} INFO - [2025-04-01T17:07:01.353-0500] {dag.py:3239} INFO - Sync 2 DAGs
[2025-04-01T17:07:01.364-0500] {logging_mixin.py:190} INFO - [2025-04-01T17:07:01.363-0500] {dag.py:4180} INFO - Setting next_dagrun for example_external_task_marker_child to None, run_after=None
[2025-04-01T17:07:01.368-0500] {logging_mixin.py:190} INFO - [2025-04-01T17:07:01.367-0500] {dag.py:4180} INFO - Setting next_dagrun for example_external_task_marker_parent to None, run_after=None
[2025-04-01T17:07:01.464-0500] {processor.py:208} INFO - Processing /mnt/d/Universidad/ETL/Proyecto_airflow/venv/lib/python3.12/site-packages/airflow/example_dags/example_external_task_marker_dag.py took 0.196 seconds
[2025-04-01T17:08:35.979-0500] {processor.py:186} INFO - Started process (PID=6437) to work on /mnt/d/Universidad/ETL/Proyecto_airflow/venv/lib/python3.12/site-packages/airflow/example_dags/example_external_task_marker_dag.py
[2025-04-01T17:08:35.981-0500] {processor.py:914} INFO - Processing file /mnt/d/Universidad/ETL/Proyecto_airflow/venv/lib/python3.12/site-packages/airflow/example_dags/example_external_task_marker_dag.py for tasks to queue
[2025-04-01T17:08:35.983-0500] {logging_mixin.py:190} INFO - [2025-04-01T17:08:35.982-0500] {dagbag.py:588} INFO - Filling up the DagBag from /mnt/d/Universidad/ETL/Proyecto_airflow/venv/lib/python3.12/site-packages/airflow/example_dags/example_external_task_marker_dag.py
[2025-04-01T17:08:36.036-0500] {processor.py:925} INFO - DAG(s) 'example_external_task_marker_parent', 'example_external_task_marker_child' retrieved from /mnt/d/Universidad/ETL/Proyecto_airflow/venv/lib/python3.12/site-packages/airflow/example_dags/example_external_task_marker_dag.py
[2025-04-01T17:08:36.057-0500] {logging_mixin.py:190} INFO - [2025-04-01T17:08:36.056-0500] {dag.py:3239} INFO - Sync 2 DAGs
[2025-04-01T17:08:36.067-0500] {logging_mixin.py:190} INFO - [2025-04-01T17:08:36.067-0500] {dag.py:4180} INFO - Setting next_dagrun for example_external_task_marker_child to None, run_after=None
[2025-04-01T17:08:36.071-0500] {logging_mixin.py:190} INFO - [2025-04-01T17:08:36.071-0500] {dag.py:4180} INFO - Setting next_dagrun for example_external_task_marker_parent to None, run_after=None
[2025-04-01T17:08:36.176-0500] {processor.py:208} INFO - Processing /mnt/d/Universidad/ETL/Proyecto_airflow/venv/lib/python3.12/site-packages/airflow/example_dags/example_external_task_marker_dag.py took 0.204 seconds
[2025-04-01T17:10:18.100-0500] {processor.py:186} INFO - Started process (PID=6509) to work on /mnt/d/Universidad/ETL/Proyecto_airflow/venv/lib/python3.12/site-packages/airflow/example_dags/example_external_task_marker_dag.py
[2025-04-01T17:10:18.101-0500] {processor.py:914} INFO - Processing file /mnt/d/Universidad/ETL/Proyecto_airflow/venv/lib/python3.12/site-packages/airflow/example_dags/example_external_task_marker_dag.py for tasks to queue
[2025-04-01T17:10:18.103-0500] {logging_mixin.py:190} INFO - [2025-04-01T17:10:18.102-0500] {dagbag.py:588} INFO - Filling up the DagBag from /mnt/d/Universidad/ETL/Proyecto_airflow/venv/lib/python3.12/site-packages/airflow/example_dags/example_external_task_marker_dag.py
[2025-04-01T17:10:18.157-0500] {processor.py:925} INFO - DAG(s) 'example_external_task_marker_child', 'example_external_task_marker_parent' retrieved from /mnt/d/Universidad/ETL/Proyecto_airflow/venv/lib/python3.12/site-packages/airflow/example_dags/example_external_task_marker_dag.py
[2025-04-01T17:10:18.177-0500] {logging_mixin.py:190} INFO - [2025-04-01T17:10:18.177-0500] {dag.py:3239} INFO - Sync 2 DAGs
[2025-04-01T17:10:18.187-0500] {logging_mixin.py:190} INFO - [2025-04-01T17:10:18.186-0500] {dag.py:4180} INFO - Setting next_dagrun for example_external_task_marker_child to None, run_after=None
[2025-04-01T17:10:18.191-0500] {logging_mixin.py:190} INFO - [2025-04-01T17:10:18.190-0500] {dag.py:4180} INFO - Setting next_dagrun for example_external_task_marker_parent to None, run_after=None
[2025-04-01T17:10:18.294-0500] {processor.py:208} INFO - Processing /mnt/d/Universidad/ETL/Proyecto_airflow/venv/lib/python3.12/site-packages/airflow/example_dags/example_external_task_marker_dag.py took 0.202 seconds
[2025-04-01T17:12:02.900-0500] {processor.py:186} INFO - Started process (PID=6584) to work on /mnt/d/Universidad/ETL/Proyecto_airflow/venv/lib/python3.12/site-packages/airflow/example_dags/example_external_task_marker_dag.py
[2025-04-01T17:12:02.901-0500] {processor.py:914} INFO - Processing file /mnt/d/Universidad/ETL/Proyecto_airflow/venv/lib/python3.12/site-packages/airflow/example_dags/example_external_task_marker_dag.py for tasks to queue
[2025-04-01T17:12:02.903-0500] {logging_mixin.py:190} INFO - [2025-04-01T17:12:02.902-0500] {dagbag.py:588} INFO - Filling up the DagBag from /mnt/d/Universidad/ETL/Proyecto_airflow/venv/lib/python3.12/site-packages/airflow/example_dags/example_external_task_marker_dag.py
[2025-04-01T17:12:02.956-0500] {processor.py:925} INFO - DAG(s) 'example_external_task_marker_child', 'example_external_task_marker_parent' retrieved from /mnt/d/Universidad/ETL/Proyecto_airflow/venv/lib/python3.12/site-packages/airflow/example_dags/example_external_task_marker_dag.py
[2025-04-01T17:12:02.979-0500] {logging_mixin.py:190} INFO - [2025-04-01T17:12:02.978-0500] {dag.py:3239} INFO - Sync 2 DAGs
[2025-04-01T17:12:02.989-0500] {logging_mixin.py:190} INFO - [2025-04-01T17:12:02.988-0500] {dag.py:4180} INFO - Setting next_dagrun for example_external_task_marker_child to None, run_after=None
[2025-04-01T17:12:02.993-0500] {logging_mixin.py:190} INFO - [2025-04-01T17:12:02.992-0500] {dag.py:4180} INFO - Setting next_dagrun for example_external_task_marker_parent to None, run_after=None
[2025-04-01T17:12:03.093-0500] {processor.py:208} INFO - Processing /mnt/d/Universidad/ETL/Proyecto_airflow/venv/lib/python3.12/site-packages/airflow/example_dags/example_external_task_marker_dag.py took 0.201 seconds
[2025-04-01T17:13:37.222-0500] {processor.py:186} INFO - Started process (PID=6657) to work on /mnt/d/Universidad/ETL/Proyecto_airflow/venv/lib/python3.12/site-packages/airflow/example_dags/example_external_task_marker_dag.py
[2025-04-01T17:13:37.223-0500] {processor.py:914} INFO - Processing file /mnt/d/Universidad/ETL/Proyecto_airflow/venv/lib/python3.12/site-packages/airflow/example_dags/example_external_task_marker_dag.py for tasks to queue
[2025-04-01T17:13:37.225-0500] {logging_mixin.py:190} INFO - [2025-04-01T17:13:37.224-0500] {dagbag.py:588} INFO - Filling up the DagBag from /mnt/d/Universidad/ETL/Proyecto_airflow/venv/lib/python3.12/site-packages/airflow/example_dags/example_external_task_marker_dag.py
[2025-04-01T17:13:37.279-0500] {processor.py:925} INFO - DAG(s) 'example_external_task_marker_child', 'example_external_task_marker_parent' retrieved from /mnt/d/Universidad/ETL/Proyecto_airflow/venv/lib/python3.12/site-packages/airflow/example_dags/example_external_task_marker_dag.py
[2025-04-01T17:13:37.300-0500] {logging_mixin.py:190} INFO - [2025-04-01T17:13:37.299-0500] {dag.py:3239} INFO - Sync 2 DAGs
[2025-04-01T17:13:37.309-0500] {logging_mixin.py:190} INFO - [2025-04-01T17:13:37.308-0500] {dag.py:4180} INFO - Setting next_dagrun for example_external_task_marker_child to None, run_after=None
[2025-04-01T17:13:37.313-0500] {logging_mixin.py:190} INFO - [2025-04-01T17:13:37.312-0500] {dag.py:4180} INFO - Setting next_dagrun for example_external_task_marker_parent to None, run_after=None
[2025-04-01T17:13:37.416-0500] {processor.py:208} INFO - Processing /mnt/d/Universidad/ETL/Proyecto_airflow/venv/lib/python3.12/site-packages/airflow/example_dags/example_external_task_marker_dag.py took 0.202 seconds
[2025-04-01T17:15:11.258-0500] {processor.py:186} INFO - Started process (PID=6728) to work on /mnt/d/Universidad/ETL/Proyecto_airflow/venv/lib/python3.12/site-packages/airflow/example_dags/example_external_task_marker_dag.py
[2025-04-01T17:15:11.259-0500] {processor.py:914} INFO - Processing file /mnt/d/Universidad/ETL/Proyecto_airflow/venv/lib/python3.12/site-packages/airflow/example_dags/example_external_task_marker_dag.py for tasks to queue
[2025-04-01T17:15:11.261-0500] {logging_mixin.py:190} INFO - [2025-04-01T17:15:11.260-0500] {dagbag.py:588} INFO - Filling up the DagBag from /mnt/d/Universidad/ETL/Proyecto_airflow/venv/lib/python3.12/site-packages/airflow/example_dags/example_external_task_marker_dag.py
[2025-04-01T17:15:11.315-0500] {processor.py:925} INFO - DAG(s) 'example_external_task_marker_child', 'example_external_task_marker_parent' retrieved from /mnt/d/Universidad/ETL/Proyecto_airflow/venv/lib/python3.12/site-packages/airflow/example_dags/example_external_task_marker_dag.py
[2025-04-01T17:15:11.338-0500] {logging_mixin.py:190} INFO - [2025-04-01T17:15:11.337-0500] {dag.py:3239} INFO - Sync 2 DAGs
[2025-04-01T17:15:11.347-0500] {logging_mixin.py:190} INFO - [2025-04-01T17:15:11.347-0500] {dag.py:4180} INFO - Setting next_dagrun for example_external_task_marker_child to None, run_after=None
[2025-04-01T17:15:11.351-0500] {logging_mixin.py:190} INFO - [2025-04-01T17:15:11.351-0500] {dag.py:4180} INFO - Setting next_dagrun for example_external_task_marker_parent to None, run_after=None
[2025-04-01T17:15:11.459-0500] {processor.py:208} INFO - Processing /mnt/d/Universidad/ETL/Proyecto_airflow/venv/lib/python3.12/site-packages/airflow/example_dags/example_external_task_marker_dag.py took 0.209 seconds
[2025-04-01T17:16:46.022-0500] {processor.py:186} INFO - Started process (PID=6799) to work on /mnt/d/Universidad/ETL/Proyecto_airflow/venv/lib/python3.12/site-packages/airflow/example_dags/example_external_task_marker_dag.py
[2025-04-01T17:16:46.023-0500] {processor.py:914} INFO - Processing file /mnt/d/Universidad/ETL/Proyecto_airflow/venv/lib/python3.12/site-packages/airflow/example_dags/example_external_task_marker_dag.py for tasks to queue
[2025-04-01T17:16:46.025-0500] {logging_mixin.py:190} INFO - [2025-04-01T17:16:46.024-0500] {dagbag.py:588} INFO - Filling up the DagBag from /mnt/d/Universidad/ETL/Proyecto_airflow/venv/lib/python3.12/site-packages/airflow/example_dags/example_external_task_marker_dag.py
[2025-04-01T17:16:46.079-0500] {processor.py:925} INFO - DAG(s) 'example_external_task_marker_child', 'example_external_task_marker_parent' retrieved from /mnt/d/Universidad/ETL/Proyecto_airflow/venv/lib/python3.12/site-packages/airflow/example_dags/example_external_task_marker_dag.py
[2025-04-01T17:16:46.099-0500] {logging_mixin.py:190} INFO - [2025-04-01T17:16:46.099-0500] {dag.py:3239} INFO - Sync 2 DAGs
[2025-04-01T17:16:46.109-0500] {logging_mixin.py:190} INFO - [2025-04-01T17:16:46.108-0500] {dag.py:4180} INFO - Setting next_dagrun for example_external_task_marker_child to None, run_after=None
[2025-04-01T17:16:46.112-0500] {logging_mixin.py:190} INFO - [2025-04-01T17:16:46.112-0500] {dag.py:4180} INFO - Setting next_dagrun for example_external_task_marker_parent to None, run_after=None
[2025-04-01T17:16:46.216-0500] {processor.py:208} INFO - Processing /mnt/d/Universidad/ETL/Proyecto_airflow/venv/lib/python3.12/site-packages/airflow/example_dags/example_external_task_marker_dag.py took 0.202 seconds
[2025-04-01T17:18:25.290-0500] {processor.py:186} INFO - Started process (PID=6873) to work on /mnt/d/Universidad/ETL/Proyecto_airflow/venv/lib/python3.12/site-packages/airflow/example_dags/example_external_task_marker_dag.py
[2025-04-01T17:18:25.291-0500] {processor.py:914} INFO - Processing file /mnt/d/Universidad/ETL/Proyecto_airflow/venv/lib/python3.12/site-packages/airflow/example_dags/example_external_task_marker_dag.py for tasks to queue
[2025-04-01T17:18:25.294-0500] {logging_mixin.py:190} INFO - [2025-04-01T17:18:25.293-0500] {dagbag.py:588} INFO - Filling up the DagBag from /mnt/d/Universidad/ETL/Proyecto_airflow/venv/lib/python3.12/site-packages/airflow/example_dags/example_external_task_marker_dag.py
[2025-04-01T17:18:25.352-0500] {processor.py:925} INFO - DAG(s) 'example_external_task_marker_parent', 'example_external_task_marker_child' retrieved from /mnt/d/Universidad/ETL/Proyecto_airflow/venv/lib/python3.12/site-packages/airflow/example_dags/example_external_task_marker_dag.py
[2025-04-01T17:18:25.375-0500] {logging_mixin.py:190} INFO - [2025-04-01T17:18:25.374-0500] {dag.py:3239} INFO - Sync 2 DAGs
[2025-04-01T17:18:25.385-0500] {logging_mixin.py:190} INFO - [2025-04-01T17:18:25.384-0500] {dag.py:4180} INFO - Setting next_dagrun for example_external_task_marker_child to None, run_after=None
[2025-04-01T17:18:25.389-0500] {logging_mixin.py:190} INFO - [2025-04-01T17:18:25.388-0500] {dag.py:4180} INFO - Setting next_dagrun for example_external_task_marker_parent to None, run_after=None
[2025-04-01T17:18:25.513-0500] {processor.py:208} INFO - Processing /mnt/d/Universidad/ETL/Proyecto_airflow/venv/lib/python3.12/site-packages/airflow/example_dags/example_external_task_marker_dag.py took 0.232 seconds
[2025-04-01T17:20:04.726-0500] {processor.py:186} INFO - Started process (PID=6948) to work on /mnt/d/Universidad/ETL/Proyecto_airflow/venv/lib/python3.12/site-packages/airflow/example_dags/example_external_task_marker_dag.py
[2025-04-01T17:20:04.727-0500] {processor.py:914} INFO - Processing file /mnt/d/Universidad/ETL/Proyecto_airflow/venv/lib/python3.12/site-packages/airflow/example_dags/example_external_task_marker_dag.py for tasks to queue
[2025-04-01T17:20:04.729-0500] {logging_mixin.py:190} INFO - [2025-04-01T17:20:04.729-0500] {dagbag.py:588} INFO - Filling up the DagBag from /mnt/d/Universidad/ETL/Proyecto_airflow/venv/lib/python3.12/site-packages/airflow/example_dags/example_external_task_marker_dag.py
[2025-04-01T17:20:04.782-0500] {processor.py:925} INFO - DAG(s) 'example_external_task_marker_parent', 'example_external_task_marker_child' retrieved from /mnt/d/Universidad/ETL/Proyecto_airflow/venv/lib/python3.12/site-packages/airflow/example_dags/example_external_task_marker_dag.py
[2025-04-01T17:20:04.802-0500] {logging_mixin.py:190} INFO - [2025-04-01T17:20:04.802-0500] {dag.py:3239} INFO - Sync 2 DAGs
[2025-04-01T17:20:04.811-0500] {logging_mixin.py:190} INFO - [2025-04-01T17:20:04.811-0500] {dag.py:4180} INFO - Setting next_dagrun for example_external_task_marker_child to None, run_after=None
[2025-04-01T17:20:04.815-0500] {logging_mixin.py:190} INFO - [2025-04-01T17:20:04.815-0500] {dag.py:4180} INFO - Setting next_dagrun for example_external_task_marker_parent to None, run_after=None
[2025-04-01T17:20:04.915-0500] {processor.py:208} INFO - Processing /mnt/d/Universidad/ETL/Proyecto_airflow/venv/lib/python3.12/site-packages/airflow/example_dags/example_external_task_marker_dag.py took 0.196 seconds
[2025-04-01T17:21:47.926-0500] {processor.py:186} INFO - Started process (PID=7022) to work on /mnt/d/Universidad/ETL/Proyecto_airflow/venv/lib/python3.12/site-packages/airflow/example_dags/example_external_task_marker_dag.py
[2025-04-01T17:21:47.927-0500] {processor.py:914} INFO - Processing file /mnt/d/Universidad/ETL/Proyecto_airflow/venv/lib/python3.12/site-packages/airflow/example_dags/example_external_task_marker_dag.py for tasks to queue
[2025-04-01T17:21:47.929-0500] {logging_mixin.py:190} INFO - [2025-04-01T17:21:47.928-0500] {dagbag.py:588} INFO - Filling up the DagBag from /mnt/d/Universidad/ETL/Proyecto_airflow/venv/lib/python3.12/site-packages/airflow/example_dags/example_external_task_marker_dag.py
[2025-04-01T17:21:47.982-0500] {processor.py:925} INFO - DAG(s) 'example_external_task_marker_parent', 'example_external_task_marker_child' retrieved from /mnt/d/Universidad/ETL/Proyecto_airflow/venv/lib/python3.12/site-packages/airflow/example_dags/example_external_task_marker_dag.py
[2025-04-01T17:21:48.003-0500] {logging_mixin.py:190} INFO - [2025-04-01T17:21:48.002-0500] {dag.py:3239} INFO - Sync 2 DAGs
[2025-04-01T17:21:48.013-0500] {logging_mixin.py:190} INFO - [2025-04-01T17:21:48.013-0500] {dag.py:4180} INFO - Setting next_dagrun for example_external_task_marker_child to None, run_after=None
[2025-04-01T17:21:48.017-0500] {logging_mixin.py:190} INFO - [2025-04-01T17:21:48.017-0500] {dag.py:4180} INFO - Setting next_dagrun for example_external_task_marker_parent to None, run_after=None
[2025-04-01T17:21:48.138-0500] {processor.py:208} INFO - Processing /mnt/d/Universidad/ETL/Proyecto_airflow/venv/lib/python3.12/site-packages/airflow/example_dags/example_external_task_marker_dag.py took 0.220 seconds
[2025-04-01T17:23:24.858-0500] {processor.py:186} INFO - Started process (PID=7093) to work on /mnt/d/Universidad/ETL/Proyecto_airflow/venv/lib/python3.12/site-packages/airflow/example_dags/example_external_task_marker_dag.py
[2025-04-01T17:23:24.859-0500] {processor.py:914} INFO - Processing file /mnt/d/Universidad/ETL/Proyecto_airflow/venv/lib/python3.12/site-packages/airflow/example_dags/example_external_task_marker_dag.py for tasks to queue
[2025-04-01T17:23:24.861-0500] {logging_mixin.py:190} INFO - [2025-04-01T17:23:24.860-0500] {dagbag.py:588} INFO - Filling up the DagBag from /mnt/d/Universidad/ETL/Proyecto_airflow/venv/lib/python3.12/site-packages/airflow/example_dags/example_external_task_marker_dag.py
[2025-04-01T17:23:24.914-0500] {processor.py:925} INFO - DAG(s) 'example_external_task_marker_child', 'example_external_task_marker_parent' retrieved from /mnt/d/Universidad/ETL/Proyecto_airflow/venv/lib/python3.12/site-packages/airflow/example_dags/example_external_task_marker_dag.py
[2025-04-01T17:23:24.934-0500] {logging_mixin.py:190} INFO - [2025-04-01T17:23:24.934-0500] {dag.py:3239} INFO - Sync 2 DAGs
[2025-04-01T17:23:24.943-0500] {logging_mixin.py:190} INFO - [2025-04-01T17:23:24.943-0500] {dag.py:4180} INFO - Setting next_dagrun for example_external_task_marker_child to None, run_after=None
[2025-04-01T17:23:24.947-0500] {logging_mixin.py:190} INFO - [2025-04-01T17:23:24.947-0500] {dag.py:4180} INFO - Setting next_dagrun for example_external_task_marker_parent to None, run_after=None
[2025-04-01T17:23:25.046-0500] {processor.py:208} INFO - Processing /mnt/d/Universidad/ETL/Proyecto_airflow/venv/lib/python3.12/site-packages/airflow/example_dags/example_external_task_marker_dag.py took 0.196 seconds
[2025-04-01T17:25:01.597-0500] {processor.py:186} INFO - Started process (PID=7165) to work on /mnt/d/Universidad/ETL/Proyecto_airflow/venv/lib/python3.12/site-packages/airflow/example_dags/example_external_task_marker_dag.py
[2025-04-01T17:25:01.598-0500] {processor.py:914} INFO - Processing file /mnt/d/Universidad/ETL/Proyecto_airflow/venv/lib/python3.12/site-packages/airflow/example_dags/example_external_task_marker_dag.py for tasks to queue
[2025-04-01T17:25:01.600-0500] {logging_mixin.py:190} INFO - [2025-04-01T17:25:01.599-0500] {dagbag.py:588} INFO - Filling up the DagBag from /mnt/d/Universidad/ETL/Proyecto_airflow/venv/lib/python3.12/site-packages/airflow/example_dags/example_external_task_marker_dag.py
[2025-04-01T17:25:01.654-0500] {processor.py:925} INFO - DAG(s) 'example_external_task_marker_child', 'example_external_task_marker_parent' retrieved from /mnt/d/Universidad/ETL/Proyecto_airflow/venv/lib/python3.12/site-packages/airflow/example_dags/example_external_task_marker_dag.py
[2025-04-01T17:25:01.675-0500] {logging_mixin.py:190} INFO - [2025-04-01T17:25:01.674-0500] {dag.py:3239} INFO - Sync 2 DAGs
[2025-04-01T17:25:01.685-0500] {logging_mixin.py:190} INFO - [2025-04-01T17:25:01.684-0500] {dag.py:4180} INFO - Setting next_dagrun for example_external_task_marker_child to None, run_after=None
[2025-04-01T17:25:01.689-0500] {logging_mixin.py:190} INFO - [2025-04-01T17:25:01.688-0500] {dag.py:4180} INFO - Setting next_dagrun for example_external_task_marker_parent to None, run_after=None
[2025-04-01T17:25:01.800-0500] {processor.py:208} INFO - Processing /mnt/d/Universidad/ETL/Proyecto_airflow/venv/lib/python3.12/site-packages/airflow/example_dags/example_external_task_marker_dag.py took 0.211 seconds
[2025-04-01T17:26:38.401-0500] {processor.py:186} INFO - Started process (PID=7235) to work on /mnt/d/Universidad/ETL/Proyecto_airflow/venv/lib/python3.12/site-packages/airflow/example_dags/example_external_task_marker_dag.py
[2025-04-01T17:26:38.402-0500] {processor.py:914} INFO - Processing file /mnt/d/Universidad/ETL/Proyecto_airflow/venv/lib/python3.12/site-packages/airflow/example_dags/example_external_task_marker_dag.py for tasks to queue
[2025-04-01T17:26:38.405-0500] {logging_mixin.py:190} INFO - [2025-04-01T17:26:38.404-0500] {dagbag.py:588} INFO - Filling up the DagBag from /mnt/d/Universidad/ETL/Proyecto_airflow/venv/lib/python3.12/site-packages/airflow/example_dags/example_external_task_marker_dag.py
[2025-04-01T17:26:38.461-0500] {processor.py:925} INFO - DAG(s) 'example_external_task_marker_parent', 'example_external_task_marker_child' retrieved from /mnt/d/Universidad/ETL/Proyecto_airflow/venv/lib/python3.12/site-packages/airflow/example_dags/example_external_task_marker_dag.py
[2025-04-01T17:26:38.482-0500] {logging_mixin.py:190} INFO - [2025-04-01T17:26:38.481-0500] {dag.py:3239} INFO - Sync 2 DAGs
[2025-04-01T17:26:38.491-0500] {logging_mixin.py:190} INFO - [2025-04-01T17:26:38.490-0500] {dag.py:4180} INFO - Setting next_dagrun for example_external_task_marker_child to None, run_after=None
[2025-04-01T17:26:38.495-0500] {logging_mixin.py:190} INFO - [2025-04-01T17:26:38.494-0500] {dag.py:4180} INFO - Setting next_dagrun for example_external_task_marker_parent to None, run_after=None
[2025-04-01T17:26:38.603-0500] {processor.py:208} INFO - Processing /mnt/d/Universidad/ETL/Proyecto_airflow/venv/lib/python3.12/site-packages/airflow/example_dags/example_external_task_marker_dag.py took 0.210 seconds
[2025-04-01T17:28:10.486-0500] {processor.py:186} INFO - Started process (PID=7307) to work on /mnt/d/Universidad/ETL/Proyecto_airflow/venv/lib/python3.12/site-packages/airflow/example_dags/example_external_task_marker_dag.py
[2025-04-01T17:28:10.487-0500] {processor.py:914} INFO - Processing file /mnt/d/Universidad/ETL/Proyecto_airflow/venv/lib/python3.12/site-packages/airflow/example_dags/example_external_task_marker_dag.py for tasks to queue
[2025-04-01T17:28:10.489-0500] {logging_mixin.py:190} INFO - [2025-04-01T17:28:10.488-0500] {dagbag.py:588} INFO - Filling up the DagBag from /mnt/d/Universidad/ETL/Proyecto_airflow/venv/lib/python3.12/site-packages/airflow/example_dags/example_external_task_marker_dag.py
[2025-04-01T17:28:10.541-0500] {processor.py:925} INFO - DAG(s) 'example_external_task_marker_parent', 'example_external_task_marker_child' retrieved from /mnt/d/Universidad/ETL/Proyecto_airflow/venv/lib/python3.12/site-packages/airflow/example_dags/example_external_task_marker_dag.py
[2025-04-01T17:28:10.562-0500] {logging_mixin.py:190} INFO - [2025-04-01T17:28:10.561-0500] {dag.py:3239} INFO - Sync 2 DAGs
[2025-04-01T17:28:10.572-0500] {logging_mixin.py:190} INFO - [2025-04-01T17:28:10.571-0500] {dag.py:4180} INFO - Setting next_dagrun for example_external_task_marker_child to None, run_after=None
[2025-04-01T17:28:10.576-0500] {logging_mixin.py:190} INFO - [2025-04-01T17:28:10.575-0500] {dag.py:4180} INFO - Setting next_dagrun for example_external_task_marker_parent to None, run_after=None
[2025-04-01T17:28:10.704-0500] {processor.py:208} INFO - Processing /mnt/d/Universidad/ETL/Proyecto_airflow/venv/lib/python3.12/site-packages/airflow/example_dags/example_external_task_marker_dag.py took 0.226 seconds
[2025-04-01T17:29:39.860-0500] {processor.py:186} INFO - Started process (PID=7375) to work on /mnt/d/Universidad/ETL/Proyecto_airflow/venv/lib/python3.12/site-packages/airflow/example_dags/example_external_task_marker_dag.py
[2025-04-01T17:29:39.861-0500] {processor.py:914} INFO - Processing file /mnt/d/Universidad/ETL/Proyecto_airflow/venv/lib/python3.12/site-packages/airflow/example_dags/example_external_task_marker_dag.py for tasks to queue
[2025-04-01T17:29:39.863-0500] {logging_mixin.py:190} INFO - [2025-04-01T17:29:39.863-0500] {dagbag.py:588} INFO - Filling up the DagBag from /mnt/d/Universidad/ETL/Proyecto_airflow/venv/lib/python3.12/site-packages/airflow/example_dags/example_external_task_marker_dag.py
[2025-04-01T17:29:39.916-0500] {processor.py:925} INFO - DAG(s) 'example_external_task_marker_parent', 'example_external_task_marker_child' retrieved from /mnt/d/Universidad/ETL/Proyecto_airflow/venv/lib/python3.12/site-packages/airflow/example_dags/example_external_task_marker_dag.py
[2025-04-01T17:29:39.938-0500] {logging_mixin.py:190} INFO - [2025-04-01T17:29:39.937-0500] {dag.py:3239} INFO - Sync 2 DAGs
[2025-04-01T17:29:39.947-0500] {logging_mixin.py:190} INFO - [2025-04-01T17:29:39.947-0500] {dag.py:4180} INFO - Setting next_dagrun for example_external_task_marker_child to None, run_after=None
[2025-04-01T17:29:39.951-0500] {logging_mixin.py:190} INFO - [2025-04-01T17:29:39.951-0500] {dag.py:4180} INFO - Setting next_dagrun for example_external_task_marker_parent to None, run_after=None
[2025-04-01T17:29:40.057-0500] {processor.py:208} INFO - Processing /mnt/d/Universidad/ETL/Proyecto_airflow/venv/lib/python3.12/site-packages/airflow/example_dags/example_external_task_marker_dag.py took 0.205 seconds
