[2025-04-01T16:14:20.017-0500] {processor.py:186} INFO - Started process (PID=4007) to work on /mnt/d/Universidad/ETL/Proyecto_airflow/venv/lib/python3.12/site-packages/airflow/example_dags/example_sla_dag.py
[2025-04-01T16:14:20.018-0500] {processor.py:914} INFO - Processing file /mnt/d/Universidad/ETL/Proyecto_airflow/venv/lib/python3.12/site-packages/airflow/example_dags/example_sla_dag.py for tasks to queue
[2025-04-01T16:14:20.020-0500] {logging_mixin.py:190} INFO - [2025-04-01T16:14:20.019-0500] {dagbag.py:588} INFO - Filling up the DagBag from /mnt/d/Universidad/ETL/Proyecto_airflow/venv/lib/python3.12/site-packages/airflow/example_dags/example_sla_dag.py
[2025-04-01T16:14:20.078-0500] {processor.py:925} INFO - DAG(s) 'example_sla_dag' retrieved from /mnt/d/Universidad/ETL/Proyecto_airflow/venv/lib/python3.12/site-packages/airflow/example_dags/example_sla_dag.py
[2025-04-01T16:14:21.162-0500] {logging_mixin.py:190} INFO - [2025-04-01T16:14:21.161-0500] {override.py:1930} INFO - Created Permission View: can delete on DAG:example_sla_dag
[2025-04-01T16:14:21.255-0500] {logging_mixin.py:190} INFO - [2025-04-01T16:14:21.254-0500] {override.py:1930} INFO - Created Permission View: can edit on DAG:example_sla_dag
[2025-04-01T16:14:21.338-0500] {logging_mixin.py:190} INFO - [2025-04-01T16:14:21.337-0500] {override.py:1930} INFO - Created Permission View: can read on DAG:example_sla_dag
[2025-04-01T16:14:21.506-0500] {logging_mixin.py:190} INFO - [2025-04-01T16:14:21.505-0500] {override.py:1930} INFO - Created Permission View: can create on DAG Run:example_sla_dag
[2025-04-01T16:14:21.592-0500] {logging_mixin.py:190} INFO - [2025-04-01T16:14:21.591-0500] {override.py:1930} INFO - Created Permission View: can delete on DAG Run:example_sla_dag
[2025-04-01T16:14:21.660-0500] {logging_mixin.py:190} INFO - [2025-04-01T16:14:21.660-0500] {override.py:1930} INFO - Created Permission View: menu access on DAG Run:example_sla_dag
[2025-04-01T16:14:21.729-0500] {logging_mixin.py:190} INFO - [2025-04-01T16:14:21.728-0500] {override.py:1930} INFO - Created Permission View: can read on DAG Run:example_sla_dag
[2025-04-01T16:14:21.731-0500] {logging_mixin.py:190} INFO - [2025-04-01T16:14:21.730-0500] {dag.py:3239} INFO - Sync 1 DAGs
[2025-04-01T16:14:21.745-0500] {logging_mixin.py:190} INFO - [2025-04-01T16:14:21.744-0500] {dag.py:3262} INFO - Creating ORM DAG for example_sla_dag
[2025-04-01T16:14:21.762-0500] {logging_mixin.py:190} INFO - [2025-04-01T16:14:21.761-0500] {dag.py:4180} INFO - Setting next_dagrun for example_sla_dag to 2025-04-01 21:12:00+00:00, run_after=2025-04-01 21:14:00+00:00
[2025-04-01T16:14:21.851-0500] {processor.py:208} INFO - Processing /mnt/d/Universidad/ETL/Proyecto_airflow/venv/lib/python3.12/site-packages/airflow/example_dags/example_sla_dag.py took 1.842 seconds
[2025-04-01T16:16:23.552-0500] {processor.py:186} INFO - Started process (PID=4069) to work on /mnt/d/Universidad/ETL/Proyecto_airflow/venv/lib/python3.12/site-packages/airflow/example_dags/example_sla_dag.py
[2025-04-01T16:16:23.553-0500] {processor.py:914} INFO - Processing file /mnt/d/Universidad/ETL/Proyecto_airflow/venv/lib/python3.12/site-packages/airflow/example_dags/example_sla_dag.py for tasks to queue
[2025-04-01T16:16:23.555-0500] {logging_mixin.py:190} INFO - [2025-04-01T16:16:23.554-0500] {dagbag.py:588} INFO - Filling up the DagBag from /mnt/d/Universidad/ETL/Proyecto_airflow/venv/lib/python3.12/site-packages/airflow/example_dags/example_sla_dag.py
[2025-04-01T16:16:23.616-0500] {processor.py:925} INFO - DAG(s) 'example_sla_dag' retrieved from /mnt/d/Universidad/ETL/Proyecto_airflow/venv/lib/python3.12/site-packages/airflow/example_dags/example_sla_dag.py
[2025-04-01T16:16:23.643-0500] {logging_mixin.py:190} INFO - [2025-04-01T16:16:23.642-0500] {dag.py:3239} INFO - Sync 1 DAGs
[2025-04-01T16:16:23.671-0500] {logging_mixin.py:190} INFO - [2025-04-01T16:16:23.670-0500] {dag.py:4180} INFO - Setting next_dagrun for example_sla_dag to 2025-04-01 21:14:00+00:00, run_after=2025-04-01 21:16:00+00:00
[2025-04-01T16:16:23.788-0500] {processor.py:208} INFO - Processing /mnt/d/Universidad/ETL/Proyecto_airflow/venv/lib/python3.12/site-packages/airflow/example_dags/example_sla_dag.py took 0.244 seconds
[2025-04-01T16:18:22.251-0500] {processor.py:186} INFO - Started process (PID=4139) to work on /mnt/d/Universidad/ETL/Proyecto_airflow/venv/lib/python3.12/site-packages/airflow/example_dags/example_sla_dag.py
[2025-04-01T16:18:22.252-0500] {processor.py:914} INFO - Processing file /mnt/d/Universidad/ETL/Proyecto_airflow/venv/lib/python3.12/site-packages/airflow/example_dags/example_sla_dag.py for tasks to queue
[2025-04-01T16:18:22.254-0500] {logging_mixin.py:190} INFO - [2025-04-01T16:18:22.254-0500] {dagbag.py:588} INFO - Filling up the DagBag from /mnt/d/Universidad/ETL/Proyecto_airflow/venv/lib/python3.12/site-packages/airflow/example_dags/example_sla_dag.py
[2025-04-01T16:18:22.315-0500] {processor.py:925} INFO - DAG(s) 'example_sla_dag' retrieved from /mnt/d/Universidad/ETL/Proyecto_airflow/venv/lib/python3.12/site-packages/airflow/example_dags/example_sla_dag.py
[2025-04-01T16:18:22.335-0500] {logging_mixin.py:190} INFO - [2025-04-01T16:18:22.334-0500] {dag.py:3239} INFO - Sync 1 DAGs
[2025-04-01T16:18:22.360-0500] {logging_mixin.py:190} INFO - [2025-04-01T16:18:22.360-0500] {dag.py:4180} INFO - Setting next_dagrun for example_sla_dag to 2025-04-01 21:16:00+00:00, run_after=2025-04-01 21:18:00+00:00
[2025-04-01T16:18:22.467-0500] {processor.py:208} INFO - Processing /mnt/d/Universidad/ETL/Proyecto_airflow/venv/lib/python3.12/site-packages/airflow/example_dags/example_sla_dag.py took 0.225 seconds
[2025-04-01T16:19:23.887-0500] {processor.py:186} INFO - Started process (PID=4187) to work on /mnt/d/Universidad/ETL/Proyecto_airflow/venv/lib/python3.12/site-packages/airflow/example_dags/example_sla_dag.py
[2025-04-01T16:19:23.888-0500] {processor.py:914} INFO - Processing file /mnt/d/Universidad/ETL/Proyecto_airflow/venv/lib/python3.12/site-packages/airflow/example_dags/example_sla_dag.py for tasks to queue
[2025-04-01T16:19:23.891-0500] {logging_mixin.py:190} INFO - [2025-04-01T16:19:23.890-0500] {dagbag.py:588} INFO - Filling up the DagBag from /mnt/d/Universidad/ETL/Proyecto_airflow/venv/lib/python3.12/site-packages/airflow/example_dags/example_sla_dag.py
[2025-04-01T16:19:23.951-0500] {processor.py:925} INFO - DAG(s) 'example_sla_dag' retrieved from /mnt/d/Universidad/ETL/Proyecto_airflow/venv/lib/python3.12/site-packages/airflow/example_dags/example_sla_dag.py
[2025-04-01T16:19:23.969-0500] {logging_mixin.py:190} INFO - [2025-04-01T16:19:23.968-0500] {dag.py:3239} INFO - Sync 1 DAGs
[2025-04-01T16:19:23.995-0500] {logging_mixin.py:190} INFO - [2025-04-01T16:19:23.994-0500] {dag.py:4180} INFO - Setting next_dagrun for example_sla_dag to 2025-04-01 21:16:00+00:00, run_after=2025-04-01 21:18:00+00:00
[2025-04-01T16:19:24.178-0500] {processor.py:208} INFO - Processing /mnt/d/Universidad/ETL/Proyecto_airflow/venv/lib/python3.12/site-packages/airflow/example_dags/example_sla_dag.py took 0.299 seconds
[2025-04-01T16:20:48.867-0500] {processor.py:186} INFO - Started process (PID=4259) to work on /mnt/d/Universidad/ETL/Proyecto_airflow/venv/lib/python3.12/site-packages/airflow/example_dags/example_sla_dag.py
[2025-04-01T16:20:48.868-0500] {processor.py:914} INFO - Processing file /mnt/d/Universidad/ETL/Proyecto_airflow/venv/lib/python3.12/site-packages/airflow/example_dags/example_sla_dag.py for tasks to queue
[2025-04-01T16:20:48.870-0500] {logging_mixin.py:190} INFO - [2025-04-01T16:20:48.870-0500] {dagbag.py:588} INFO - Filling up the DagBag from /mnt/d/Universidad/ETL/Proyecto_airflow/venv/lib/python3.12/site-packages/airflow/example_dags/example_sla_dag.py
[2025-04-01T16:20:48.932-0500] {processor.py:925} INFO - DAG(s) 'example_sla_dag' retrieved from /mnt/d/Universidad/ETL/Proyecto_airflow/venv/lib/python3.12/site-packages/airflow/example_dags/example_sla_dag.py
[2025-04-01T16:20:48.951-0500] {logging_mixin.py:190} INFO - [2025-04-01T16:20:48.950-0500] {dag.py:3239} INFO - Sync 1 DAGs
[2025-04-01T16:20:48.978-0500] {logging_mixin.py:190} INFO - [2025-04-01T16:20:48.977-0500] {dag.py:4180} INFO - Setting next_dagrun for example_sla_dag to 2025-04-01 21:18:00+00:00, run_after=2025-04-01 21:20:00+00:00
[2025-04-01T16:20:49.068-0500] {processor.py:208} INFO - Processing /mnt/d/Universidad/ETL/Proyecto_airflow/venv/lib/python3.12/site-packages/airflow/example_dags/example_sla_dag.py took 0.209 seconds
[2025-04-01T16:22:16.842-0500] {processor.py:186} INFO - Started process (PID=4328) to work on /mnt/d/Universidad/ETL/Proyecto_airflow/venv/lib/python3.12/site-packages/airflow/example_dags/example_sla_dag.py
[2025-04-01T16:22:16.843-0500] {processor.py:914} INFO - Processing file /mnt/d/Universidad/ETL/Proyecto_airflow/venv/lib/python3.12/site-packages/airflow/example_dags/example_sla_dag.py for tasks to queue
[2025-04-01T16:22:16.846-0500] {logging_mixin.py:190} INFO - [2025-04-01T16:22:16.845-0500] {dagbag.py:588} INFO - Filling up the DagBag from /mnt/d/Universidad/ETL/Proyecto_airflow/venv/lib/python3.12/site-packages/airflow/example_dags/example_sla_dag.py
[2025-04-01T16:22:16.903-0500] {processor.py:925} INFO - DAG(s) 'example_sla_dag' retrieved from /mnt/d/Universidad/ETL/Proyecto_airflow/venv/lib/python3.12/site-packages/airflow/example_dags/example_sla_dag.py
[2025-04-01T16:22:16.920-0500] {logging_mixin.py:190} INFO - [2025-04-01T16:22:16.919-0500] {dag.py:3239} INFO - Sync 1 DAGs
[2025-04-01T16:22:16.943-0500] {logging_mixin.py:190} INFO - [2025-04-01T16:22:16.943-0500] {dag.py:4180} INFO - Setting next_dagrun for example_sla_dag to 2025-04-01 21:20:00+00:00, run_after=2025-04-01 21:22:00+00:00
[2025-04-01T16:22:17.058-0500] {processor.py:208} INFO - Processing /mnt/d/Universidad/ETL/Proyecto_airflow/venv/lib/python3.12/site-packages/airflow/example_dags/example_sla_dag.py took 0.223 seconds
[2025-04-01T16:23:42.425-0500] {processor.py:186} INFO - Started process (PID=4397) to work on /mnt/d/Universidad/ETL/Proyecto_airflow/venv/lib/python3.12/site-packages/airflow/example_dags/example_sla_dag.py
[2025-04-01T16:23:42.426-0500] {processor.py:914} INFO - Processing file /mnt/d/Universidad/ETL/Proyecto_airflow/venv/lib/python3.12/site-packages/airflow/example_dags/example_sla_dag.py for tasks to queue
[2025-04-01T16:23:42.428-0500] {logging_mixin.py:190} INFO - [2025-04-01T16:23:42.427-0500] {dagbag.py:588} INFO - Filling up the DagBag from /mnt/d/Universidad/ETL/Proyecto_airflow/venv/lib/python3.12/site-packages/airflow/example_dags/example_sla_dag.py
[2025-04-01T16:23:42.486-0500] {processor.py:925} INFO - DAG(s) 'example_sla_dag' retrieved from /mnt/d/Universidad/ETL/Proyecto_airflow/venv/lib/python3.12/site-packages/airflow/example_dags/example_sla_dag.py
[2025-04-01T16:23:42.505-0500] {logging_mixin.py:190} INFO - [2025-04-01T16:23:42.505-0500] {dag.py:3239} INFO - Sync 1 DAGs
[2025-04-01T16:23:42.530-0500] {logging_mixin.py:190} INFO - [2025-04-01T16:23:42.529-0500] {dag.py:4180} INFO - Setting next_dagrun for example_sla_dag to 2025-04-01 21:20:00+00:00, run_after=2025-04-01 21:22:00+00:00
[2025-04-01T16:23:42.635-0500] {processor.py:208} INFO - Processing /mnt/d/Universidad/ETL/Proyecto_airflow/venv/lib/python3.12/site-packages/airflow/example_dags/example_sla_dag.py took 0.219 seconds
[2025-04-01T16:25:16.867-0500] {processor.py:186} INFO - Started process (PID=4468) to work on /mnt/d/Universidad/ETL/Proyecto_airflow/venv/lib/python3.12/site-packages/airflow/example_dags/example_sla_dag.py
[2025-04-01T16:25:16.868-0500] {processor.py:914} INFO - Processing file /mnt/d/Universidad/ETL/Proyecto_airflow/venv/lib/python3.12/site-packages/airflow/example_dags/example_sla_dag.py for tasks to queue
[2025-04-01T16:25:16.870-0500] {logging_mixin.py:190} INFO - [2025-04-01T16:25:16.870-0500] {dagbag.py:588} INFO - Filling up the DagBag from /mnt/d/Universidad/ETL/Proyecto_airflow/venv/lib/python3.12/site-packages/airflow/example_dags/example_sla_dag.py
[2025-04-01T16:25:16.928-0500] {processor.py:925} INFO - DAG(s) 'example_sla_dag' retrieved from /mnt/d/Universidad/ETL/Proyecto_airflow/venv/lib/python3.12/site-packages/airflow/example_dags/example_sla_dag.py
[2025-04-01T16:25:16.945-0500] {logging_mixin.py:190} INFO - [2025-04-01T16:25:16.944-0500] {dag.py:3239} INFO - Sync 1 DAGs
[2025-04-01T16:25:16.970-0500] {logging_mixin.py:190} INFO - [2025-04-01T16:25:16.969-0500] {dag.py:4180} INFO - Setting next_dagrun for example_sla_dag to 2025-04-01 21:22:00+00:00, run_after=2025-04-01 21:24:00+00:00
[2025-04-01T16:25:17.072-0500] {processor.py:208} INFO - Processing /mnt/d/Universidad/ETL/Proyecto_airflow/venv/lib/python3.12/site-packages/airflow/example_dags/example_sla_dag.py took 0.213 seconds
[2025-04-01T16:26:51.659-0500] {processor.py:186} INFO - Started process (PID=4540) to work on /mnt/d/Universidad/ETL/Proyecto_airflow/venv/lib/python3.12/site-packages/airflow/example_dags/example_sla_dag.py
[2025-04-01T16:26:51.661-0500] {processor.py:914} INFO - Processing file /mnt/d/Universidad/ETL/Proyecto_airflow/venv/lib/python3.12/site-packages/airflow/example_dags/example_sla_dag.py for tasks to queue
[2025-04-01T16:26:51.663-0500] {logging_mixin.py:190} INFO - [2025-04-01T16:26:51.662-0500] {dagbag.py:588} INFO - Filling up the DagBag from /mnt/d/Universidad/ETL/Proyecto_airflow/venv/lib/python3.12/site-packages/airflow/example_dags/example_sla_dag.py
[2025-04-01T16:26:51.721-0500] {processor.py:925} INFO - DAG(s) 'example_sla_dag' retrieved from /mnt/d/Universidad/ETL/Proyecto_airflow/venv/lib/python3.12/site-packages/airflow/example_dags/example_sla_dag.py
[2025-04-01T16:26:51.740-0500] {logging_mixin.py:190} INFO - [2025-04-01T16:26:51.740-0500] {dag.py:3239} INFO - Sync 1 DAGs
[2025-04-01T16:26:51.766-0500] {logging_mixin.py:190} INFO - [2025-04-01T16:26:51.765-0500] {dag.py:4180} INFO - Setting next_dagrun for example_sla_dag to 2025-04-01 21:24:00+00:00, run_after=2025-04-01 21:26:00+00:00
[2025-04-01T16:26:51.834-0500] {processor.py:208} INFO - Processing /mnt/d/Universidad/ETL/Proyecto_airflow/venv/lib/python3.12/site-packages/airflow/example_dags/example_sla_dag.py took 0.183 seconds
[2025-04-01T16:28:23.063-0500] {processor.py:186} INFO - Started process (PID=4611) to work on /mnt/d/Universidad/ETL/Proyecto_airflow/venv/lib/python3.12/site-packages/airflow/example_dags/example_sla_dag.py
[2025-04-01T16:28:23.064-0500] {processor.py:914} INFO - Processing file /mnt/d/Universidad/ETL/Proyecto_airflow/venv/lib/python3.12/site-packages/airflow/example_dags/example_sla_dag.py for tasks to queue
[2025-04-01T16:28:23.067-0500] {logging_mixin.py:190} INFO - [2025-04-01T16:28:23.066-0500] {dagbag.py:588} INFO - Filling up the DagBag from /mnt/d/Universidad/ETL/Proyecto_airflow/venv/lib/python3.12/site-packages/airflow/example_dags/example_sla_dag.py
[2025-04-01T16:28:23.124-0500] {processor.py:925} INFO - DAG(s) 'example_sla_dag' retrieved from /mnt/d/Universidad/ETL/Proyecto_airflow/venv/lib/python3.12/site-packages/airflow/example_dags/example_sla_dag.py
[2025-04-01T16:28:23.141-0500] {logging_mixin.py:190} INFO - [2025-04-01T16:28:23.140-0500] {dag.py:3239} INFO - Sync 1 DAGs
[2025-04-01T16:28:23.165-0500] {logging_mixin.py:190} INFO - [2025-04-01T16:28:23.164-0500] {dag.py:4180} INFO - Setting next_dagrun for example_sla_dag to 2025-04-01 21:26:00+00:00, run_after=2025-04-01 21:28:00+00:00
[2025-04-01T16:28:23.247-0500] {processor.py:208} INFO - Processing /mnt/d/Universidad/ETL/Proyecto_airflow/venv/lib/python3.12/site-packages/airflow/example_dags/example_sla_dag.py took 0.192 seconds
[2025-04-01T16:29:56.025-0500] {processor.py:186} INFO - Started process (PID=4682) to work on /mnt/d/Universidad/ETL/Proyecto_airflow/venv/lib/python3.12/site-packages/airflow/example_dags/example_sla_dag.py
[2025-04-01T16:29:56.026-0500] {processor.py:914} INFO - Processing file /mnt/d/Universidad/ETL/Proyecto_airflow/venv/lib/python3.12/site-packages/airflow/example_dags/example_sla_dag.py for tasks to queue
[2025-04-01T16:29:56.028-0500] {logging_mixin.py:190} INFO - [2025-04-01T16:29:56.028-0500] {dagbag.py:588} INFO - Filling up the DagBag from /mnt/d/Universidad/ETL/Proyecto_airflow/venv/lib/python3.12/site-packages/airflow/example_dags/example_sla_dag.py
[2025-04-01T16:29:56.086-0500] {processor.py:925} INFO - DAG(s) 'example_sla_dag' retrieved from /mnt/d/Universidad/ETL/Proyecto_airflow/venv/lib/python3.12/site-packages/airflow/example_dags/example_sla_dag.py
[2025-04-01T16:29:56.103-0500] {logging_mixin.py:190} INFO - [2025-04-01T16:29:56.102-0500] {dag.py:3239} INFO - Sync 1 DAGs
[2025-04-01T16:29:56.127-0500] {logging_mixin.py:190} INFO - [2025-04-01T16:29:56.126-0500] {dag.py:4180} INFO - Setting next_dagrun for example_sla_dag to 2025-04-01 21:26:00+00:00, run_after=2025-04-01 21:28:00+00:00
[2025-04-01T16:29:56.198-0500] {processor.py:208} INFO - Processing /mnt/d/Universidad/ETL/Proyecto_airflow/venv/lib/python3.12/site-packages/airflow/example_dags/example_sla_dag.py took 0.182 seconds
[2025-04-01T16:31:26.762-0500] {processor.py:186} INFO - Started process (PID=4752) to work on /mnt/d/Universidad/ETL/Proyecto_airflow/venv/lib/python3.12/site-packages/airflow/example_dags/example_sla_dag.py
[2025-04-01T16:31:26.763-0500] {processor.py:914} INFO - Processing file /mnt/d/Universidad/ETL/Proyecto_airflow/venv/lib/python3.12/site-packages/airflow/example_dags/example_sla_dag.py for tasks to queue
[2025-04-01T16:31:26.766-0500] {logging_mixin.py:190} INFO - [2025-04-01T16:31:26.765-0500] {dagbag.py:588} INFO - Filling up the DagBag from /mnt/d/Universidad/ETL/Proyecto_airflow/venv/lib/python3.12/site-packages/airflow/example_dags/example_sla_dag.py
[2025-04-01T16:31:26.829-0500] {processor.py:925} INFO - DAG(s) 'example_sla_dag' retrieved from /mnt/d/Universidad/ETL/Proyecto_airflow/venv/lib/python3.12/site-packages/airflow/example_dags/example_sla_dag.py
[2025-04-01T16:31:26.847-0500] {logging_mixin.py:190} INFO - [2025-04-01T16:31:26.846-0500] {dag.py:3239} INFO - Sync 1 DAGs
[2025-04-01T16:31:26.873-0500] {logging_mixin.py:190} INFO - [2025-04-01T16:31:26.872-0500] {dag.py:4180} INFO - Setting next_dagrun for example_sla_dag to 2025-04-01 21:28:00+00:00, run_after=2025-04-01 21:30:00+00:00
[2025-04-01T16:31:26.979-0500] {processor.py:208} INFO - Processing /mnt/d/Universidad/ETL/Proyecto_airflow/venv/lib/python3.12/site-packages/airflow/example_dags/example_sla_dag.py took 0.226 seconds
[2025-04-01T16:33:03.266-0500] {processor.py:186} INFO - Started process (PID=4826) to work on /mnt/d/Universidad/ETL/Proyecto_airflow/venv/lib/python3.12/site-packages/airflow/example_dags/example_sla_dag.py
[2025-04-01T16:33:03.267-0500] {processor.py:914} INFO - Processing file /mnt/d/Universidad/ETL/Proyecto_airflow/venv/lib/python3.12/site-packages/airflow/example_dags/example_sla_dag.py for tasks to queue
[2025-04-01T16:33:03.269-0500] {logging_mixin.py:190} INFO - [2025-04-01T16:33:03.268-0500] {dagbag.py:588} INFO - Filling up the DagBag from /mnt/d/Universidad/ETL/Proyecto_airflow/venv/lib/python3.12/site-packages/airflow/example_dags/example_sla_dag.py
[2025-04-01T16:33:03.326-0500] {processor.py:925} INFO - DAG(s) 'example_sla_dag' retrieved from /mnt/d/Universidad/ETL/Proyecto_airflow/venv/lib/python3.12/site-packages/airflow/example_dags/example_sla_dag.py
[2025-04-01T16:33:03.343-0500] {logging_mixin.py:190} INFO - [2025-04-01T16:33:03.342-0500] {dag.py:3239} INFO - Sync 1 DAGs
[2025-04-01T16:33:03.367-0500] {logging_mixin.py:190} INFO - [2025-04-01T16:33:03.366-0500] {dag.py:4180} INFO - Setting next_dagrun for example_sla_dag to 2025-04-01 21:30:00+00:00, run_after=2025-04-01 21:32:00+00:00
[2025-04-01T16:33:03.443-0500] {processor.py:208} INFO - Processing /mnt/d/Universidad/ETL/Proyecto_airflow/venv/lib/python3.12/site-packages/airflow/example_dags/example_sla_dag.py took 0.185 seconds
[2025-04-01T16:34:29.764-0500] {processor.py:186} INFO - Started process (PID=4894) to work on /mnt/d/Universidad/ETL/Proyecto_airflow/venv/lib/python3.12/site-packages/airflow/example_dags/example_sla_dag.py
[2025-04-01T16:34:29.765-0500] {processor.py:914} INFO - Processing file /mnt/d/Universidad/ETL/Proyecto_airflow/venv/lib/python3.12/site-packages/airflow/example_dags/example_sla_dag.py for tasks to queue
[2025-04-01T16:34:29.768-0500] {logging_mixin.py:190} INFO - [2025-04-01T16:34:29.767-0500] {dagbag.py:588} INFO - Filling up the DagBag from /mnt/d/Universidad/ETL/Proyecto_airflow/venv/lib/python3.12/site-packages/airflow/example_dags/example_sla_dag.py
[2025-04-01T16:34:29.825-0500] {processor.py:925} INFO - DAG(s) 'example_sla_dag' retrieved from /mnt/d/Universidad/ETL/Proyecto_airflow/venv/lib/python3.12/site-packages/airflow/example_dags/example_sla_dag.py
[2025-04-01T16:34:29.842-0500] {logging_mixin.py:190} INFO - [2025-04-01T16:34:29.842-0500] {dag.py:3239} INFO - Sync 1 DAGs
[2025-04-01T16:34:29.866-0500] {logging_mixin.py:190} INFO - [2025-04-01T16:34:29.866-0500] {dag.py:4180} INFO - Setting next_dagrun for example_sla_dag to 2025-04-01 21:32:00+00:00, run_after=2025-04-01 21:34:00+00:00
[2025-04-01T16:34:29.962-0500] {processor.py:208} INFO - Processing /mnt/d/Universidad/ETL/Proyecto_airflow/venv/lib/python3.12/site-packages/airflow/example_dags/example_sla_dag.py took 0.205 seconds
[2025-04-01T16:35:55.818-0500] {processor.py:186} INFO - Started process (PID=4963) to work on /mnt/d/Universidad/ETL/Proyecto_airflow/venv/lib/python3.12/site-packages/airflow/example_dags/example_sla_dag.py
[2025-04-01T16:35:55.819-0500] {processor.py:914} INFO - Processing file /mnt/d/Universidad/ETL/Proyecto_airflow/venv/lib/python3.12/site-packages/airflow/example_dags/example_sla_dag.py for tasks to queue
[2025-04-01T16:35:55.822-0500] {logging_mixin.py:190} INFO - [2025-04-01T16:35:55.821-0500] {dagbag.py:588} INFO - Filling up the DagBag from /mnt/d/Universidad/ETL/Proyecto_airflow/venv/lib/python3.12/site-packages/airflow/example_dags/example_sla_dag.py
[2025-04-01T16:35:55.883-0500] {processor.py:925} INFO - DAG(s) 'example_sla_dag' retrieved from /mnt/d/Universidad/ETL/Proyecto_airflow/venv/lib/python3.12/site-packages/airflow/example_dags/example_sla_dag.py
[2025-04-01T16:35:55.902-0500] {logging_mixin.py:190} INFO - [2025-04-01T16:35:55.902-0500] {dag.py:3239} INFO - Sync 1 DAGs
[2025-04-01T16:35:55.928-0500] {logging_mixin.py:190} INFO - [2025-04-01T16:35:55.927-0500] {dag.py:4180} INFO - Setting next_dagrun for example_sla_dag to 2025-04-01 21:32:00+00:00, run_after=2025-04-01 21:34:00+00:00
[2025-04-01T16:35:56.025-0500] {processor.py:208} INFO - Processing /mnt/d/Universidad/ETL/Proyecto_airflow/venv/lib/python3.12/site-packages/airflow/example_dags/example_sla_dag.py took 0.215 seconds
[2025-04-01T16:37:30.336-0500] {processor.py:186} INFO - Started process (PID=5033) to work on /mnt/d/Universidad/ETL/Proyecto_airflow/venv/lib/python3.12/site-packages/airflow/example_dags/example_sla_dag.py
[2025-04-01T16:37:30.337-0500] {processor.py:914} INFO - Processing file /mnt/d/Universidad/ETL/Proyecto_airflow/venv/lib/python3.12/site-packages/airflow/example_dags/example_sla_dag.py for tasks to queue
[2025-04-01T16:37:30.339-0500] {logging_mixin.py:190} INFO - [2025-04-01T16:37:30.339-0500] {dagbag.py:588} INFO - Filling up the DagBag from /mnt/d/Universidad/ETL/Proyecto_airflow/venv/lib/python3.12/site-packages/airflow/example_dags/example_sla_dag.py
[2025-04-01T16:37:30.397-0500] {processor.py:925} INFO - DAG(s) 'example_sla_dag' retrieved from /mnt/d/Universidad/ETL/Proyecto_airflow/venv/lib/python3.12/site-packages/airflow/example_dags/example_sla_dag.py
[2025-04-01T16:37:30.414-0500] {logging_mixin.py:190} INFO - [2025-04-01T16:37:30.414-0500] {dag.py:3239} INFO - Sync 1 DAGs
[2025-04-01T16:37:30.438-0500] {logging_mixin.py:190} INFO - [2025-04-01T16:37:30.438-0500] {dag.py:4180} INFO - Setting next_dagrun for example_sla_dag to 2025-04-01 21:34:00+00:00, run_after=2025-04-01 21:36:00+00:00
[2025-04-01T16:37:30.532-0500] {processor.py:208} INFO - Processing /mnt/d/Universidad/ETL/Proyecto_airflow/venv/lib/python3.12/site-packages/airflow/example_dags/example_sla_dag.py took 0.204 seconds
[2025-04-01T16:39:03.032-0500] {processor.py:186} INFO - Started process (PID=5103) to work on /mnt/d/Universidad/ETL/Proyecto_airflow/venv/lib/python3.12/site-packages/airflow/example_dags/example_sla_dag.py
[2025-04-01T16:39:03.033-0500] {processor.py:914} INFO - Processing file /mnt/d/Universidad/ETL/Proyecto_airflow/venv/lib/python3.12/site-packages/airflow/example_dags/example_sla_dag.py for tasks to queue
[2025-04-01T16:39:03.035-0500] {logging_mixin.py:190} INFO - [2025-04-01T16:39:03.035-0500] {dagbag.py:588} INFO - Filling up the DagBag from /mnt/d/Universidad/ETL/Proyecto_airflow/venv/lib/python3.12/site-packages/airflow/example_dags/example_sla_dag.py
[2025-04-01T16:39:03.095-0500] {processor.py:925} INFO - DAG(s) 'example_sla_dag' retrieved from /mnt/d/Universidad/ETL/Proyecto_airflow/venv/lib/python3.12/site-packages/airflow/example_dags/example_sla_dag.py
[2025-04-01T16:39:03.112-0500] {logging_mixin.py:190} INFO - [2025-04-01T16:39:03.112-0500] {dag.py:3239} INFO - Sync 1 DAGs
[2025-04-01T16:39:03.137-0500] {logging_mixin.py:190} INFO - [2025-04-01T16:39:03.136-0500] {dag.py:4180} INFO - Setting next_dagrun for example_sla_dag to 2025-04-01 21:36:00+00:00, run_after=2025-04-01 21:38:00+00:00
[2025-04-01T16:39:03.243-0500] {processor.py:208} INFO - Processing /mnt/d/Universidad/ETL/Proyecto_airflow/venv/lib/python3.12/site-packages/airflow/example_dags/example_sla_dag.py took 0.220 seconds
[2025-04-01T16:40:37.012-0500] {processor.py:186} INFO - Started process (PID=5176) to work on /mnt/d/Universidad/ETL/Proyecto_airflow/venv/lib/python3.12/site-packages/airflow/example_dags/example_sla_dag.py
[2025-04-01T16:40:37.013-0500] {processor.py:914} INFO - Processing file /mnt/d/Universidad/ETL/Proyecto_airflow/venv/lib/python3.12/site-packages/airflow/example_dags/example_sla_dag.py for tasks to queue
[2025-04-01T16:40:37.015-0500] {logging_mixin.py:190} INFO - [2025-04-01T16:40:37.015-0500] {dagbag.py:588} INFO - Filling up the DagBag from /mnt/d/Universidad/ETL/Proyecto_airflow/venv/lib/python3.12/site-packages/airflow/example_dags/example_sla_dag.py
[2025-04-01T16:40:37.074-0500] {processor.py:925} INFO - DAG(s) 'example_sla_dag' retrieved from /mnt/d/Universidad/ETL/Proyecto_airflow/venv/lib/python3.12/site-packages/airflow/example_dags/example_sla_dag.py
[2025-04-01T16:40:37.091-0500] {logging_mixin.py:190} INFO - [2025-04-01T16:40:37.090-0500] {dag.py:3239} INFO - Sync 1 DAGs
[2025-04-01T16:40:37.115-0500] {logging_mixin.py:190} INFO - [2025-04-01T16:40:37.115-0500] {dag.py:4180} INFO - Setting next_dagrun for example_sla_dag to 2025-04-01 21:38:00+00:00, run_after=2025-04-01 21:40:00+00:00
[2025-04-01T16:40:37.209-0500] {processor.py:208} INFO - Processing /mnt/d/Universidad/ETL/Proyecto_airflow/venv/lib/python3.12/site-packages/airflow/example_dags/example_sla_dag.py took 0.205 seconds
[2025-04-01T16:42:15.992-0500] {processor.py:186} INFO - Started process (PID=5249) to work on /mnt/d/Universidad/ETL/Proyecto_airflow/venv/lib/python3.12/site-packages/airflow/example_dags/example_sla_dag.py
[2025-04-01T16:42:15.993-0500] {processor.py:914} INFO - Processing file /mnt/d/Universidad/ETL/Proyecto_airflow/venv/lib/python3.12/site-packages/airflow/example_dags/example_sla_dag.py for tasks to queue
[2025-04-01T16:42:15.996-0500] {logging_mixin.py:190} INFO - [2025-04-01T16:42:15.995-0500] {dagbag.py:588} INFO - Filling up the DagBag from /mnt/d/Universidad/ETL/Proyecto_airflow/venv/lib/python3.12/site-packages/airflow/example_dags/example_sla_dag.py
[2025-04-01T16:42:16.053-0500] {processor.py:925} INFO - DAG(s) 'example_sla_dag' retrieved from /mnt/d/Universidad/ETL/Proyecto_airflow/venv/lib/python3.12/site-packages/airflow/example_dags/example_sla_dag.py
[2025-04-01T16:42:16.070-0500] {logging_mixin.py:190} INFO - [2025-04-01T16:42:16.070-0500] {dag.py:3239} INFO - Sync 1 DAGs
[2025-04-01T16:42:16.095-0500] {logging_mixin.py:190} INFO - [2025-04-01T16:42:16.094-0500] {dag.py:4180} INFO - Setting next_dagrun for example_sla_dag to 2025-04-01 21:40:00+00:00, run_after=2025-04-01 21:42:00+00:00
[2025-04-01T16:42:16.177-0500] {processor.py:208} INFO - Processing /mnt/d/Universidad/ETL/Proyecto_airflow/venv/lib/python3.12/site-packages/airflow/example_dags/example_sla_dag.py took 0.192 seconds
[2025-04-01T16:43:49.779-0500] {processor.py:186} INFO - Started process (PID=5319) to work on /mnt/d/Universidad/ETL/Proyecto_airflow/venv/lib/python3.12/site-packages/airflow/example_dags/example_sla_dag.py
[2025-04-01T16:43:49.780-0500] {processor.py:914} INFO - Processing file /mnt/d/Universidad/ETL/Proyecto_airflow/venv/lib/python3.12/site-packages/airflow/example_dags/example_sla_dag.py for tasks to queue
[2025-04-01T16:43:49.783-0500] {logging_mixin.py:190} INFO - [2025-04-01T16:43:49.782-0500] {dagbag.py:588} INFO - Filling up the DagBag from /mnt/d/Universidad/ETL/Proyecto_airflow/venv/lib/python3.12/site-packages/airflow/example_dags/example_sla_dag.py
[2025-04-01T16:43:49.841-0500] {processor.py:925} INFO - DAG(s) 'example_sla_dag' retrieved from /mnt/d/Universidad/ETL/Proyecto_airflow/venv/lib/python3.12/site-packages/airflow/example_dags/example_sla_dag.py
[2025-04-01T16:43:49.859-0500] {logging_mixin.py:190} INFO - [2025-04-01T16:43:49.858-0500] {dag.py:3239} INFO - Sync 1 DAGs
[2025-04-01T16:43:49.882-0500] {logging_mixin.py:190} INFO - [2025-04-01T16:43:49.882-0500] {dag.py:4180} INFO - Setting next_dagrun for example_sla_dag to 2025-04-01 21:40:00+00:00, run_after=2025-04-01 21:42:00+00:00
[2025-04-01T16:43:49.988-0500] {processor.py:208} INFO - Processing /mnt/d/Universidad/ETL/Proyecto_airflow/venv/lib/python3.12/site-packages/airflow/example_dags/example_sla_dag.py took 0.217 seconds
[2025-04-01T16:45:23.406-0500] {processor.py:186} INFO - Started process (PID=5390) to work on /mnt/d/Universidad/ETL/Proyecto_airflow/venv/lib/python3.12/site-packages/airflow/example_dags/example_sla_dag.py
[2025-04-01T16:45:23.407-0500] {processor.py:914} INFO - Processing file /mnt/d/Universidad/ETL/Proyecto_airflow/venv/lib/python3.12/site-packages/airflow/example_dags/example_sla_dag.py for tasks to queue
[2025-04-01T16:45:23.409-0500] {logging_mixin.py:190} INFO - [2025-04-01T16:45:23.409-0500] {dagbag.py:588} INFO - Filling up the DagBag from /mnt/d/Universidad/ETL/Proyecto_airflow/venv/lib/python3.12/site-packages/airflow/example_dags/example_sla_dag.py
[2025-04-01T16:45:23.467-0500] {processor.py:925} INFO - DAG(s) 'example_sla_dag' retrieved from /mnt/d/Universidad/ETL/Proyecto_airflow/venv/lib/python3.12/site-packages/airflow/example_dags/example_sla_dag.py
[2025-04-01T16:45:23.485-0500] {logging_mixin.py:190} INFO - [2025-04-01T16:45:23.484-0500] {dag.py:3239} INFO - Sync 1 DAGs
[2025-04-01T16:45:23.509-0500] {logging_mixin.py:190} INFO - [2025-04-01T16:45:23.508-0500] {dag.py:4180} INFO - Setting next_dagrun for example_sla_dag to 2025-04-01 21:42:00+00:00, run_after=2025-04-01 21:44:00+00:00
[2025-04-01T16:45:23.587-0500] {processor.py:208} INFO - Processing /mnt/d/Universidad/ETL/Proyecto_airflow/venv/lib/python3.12/site-packages/airflow/example_dags/example_sla_dag.py took 0.189 seconds
[2025-04-01T16:47:01.683-0500] {processor.py:186} INFO - Started process (PID=5464) to work on /mnt/d/Universidad/ETL/Proyecto_airflow/venv/lib/python3.12/site-packages/airflow/example_dags/example_sla_dag.py
[2025-04-01T16:47:01.684-0500] {processor.py:914} INFO - Processing file /mnt/d/Universidad/ETL/Proyecto_airflow/venv/lib/python3.12/site-packages/airflow/example_dags/example_sla_dag.py for tasks to queue
[2025-04-01T16:47:01.686-0500] {logging_mixin.py:190} INFO - [2025-04-01T16:47:01.686-0500] {dagbag.py:588} INFO - Filling up the DagBag from /mnt/d/Universidad/ETL/Proyecto_airflow/venv/lib/python3.12/site-packages/airflow/example_dags/example_sla_dag.py
[2025-04-01T16:47:01.743-0500] {processor.py:925} INFO - DAG(s) 'example_sla_dag' retrieved from /mnt/d/Universidad/ETL/Proyecto_airflow/venv/lib/python3.12/site-packages/airflow/example_dags/example_sla_dag.py
[2025-04-01T16:47:01.760-0500] {logging_mixin.py:190} INFO - [2025-04-01T16:47:01.759-0500] {dag.py:3239} INFO - Sync 1 DAGs
[2025-04-01T16:47:01.783-0500] {logging_mixin.py:190} INFO - [2025-04-01T16:47:01.783-0500] {dag.py:4180} INFO - Setting next_dagrun for example_sla_dag to 2025-04-01 21:44:00+00:00, run_after=2025-04-01 21:46:00+00:00
[2025-04-01T16:47:01.856-0500] {processor.py:208} INFO - Processing /mnt/d/Universidad/ETL/Proyecto_airflow/venv/lib/python3.12/site-packages/airflow/example_dags/example_sla_dag.py took 0.181 seconds
[2025-04-01T16:48:33.044-0500] {processor.py:186} INFO - Started process (PID=5533) to work on /mnt/d/Universidad/ETL/Proyecto_airflow/venv/lib/python3.12/site-packages/airflow/example_dags/example_sla_dag.py
[2025-04-01T16:48:33.045-0500] {processor.py:914} INFO - Processing file /mnt/d/Universidad/ETL/Proyecto_airflow/venv/lib/python3.12/site-packages/airflow/example_dags/example_sla_dag.py for tasks to queue
[2025-04-01T16:48:33.047-0500] {logging_mixin.py:190} INFO - [2025-04-01T16:48:33.047-0500] {dagbag.py:588} INFO - Filling up the DagBag from /mnt/d/Universidad/ETL/Proyecto_airflow/venv/lib/python3.12/site-packages/airflow/example_dags/example_sla_dag.py
[2025-04-01T16:48:33.103-0500] {processor.py:925} INFO - DAG(s) 'example_sla_dag' retrieved from /mnt/d/Universidad/ETL/Proyecto_airflow/venv/lib/python3.12/site-packages/airflow/example_dags/example_sla_dag.py
[2025-04-01T16:48:33.120-0500] {logging_mixin.py:190} INFO - [2025-04-01T16:48:33.120-0500] {dag.py:3239} INFO - Sync 1 DAGs
[2025-04-01T16:48:33.144-0500] {logging_mixin.py:190} INFO - [2025-04-01T16:48:33.143-0500] {dag.py:4180} INFO - Setting next_dagrun for example_sla_dag to 2025-04-01 21:46:00+00:00, run_after=2025-04-01 21:48:00+00:00
[2025-04-01T16:48:33.241-0500] {processor.py:208} INFO - Processing /mnt/d/Universidad/ETL/Proyecto_airflow/venv/lib/python3.12/site-packages/airflow/example_dags/example_sla_dag.py took 0.205 seconds
[2025-04-01T16:49:59.548-0500] {processor.py:186} INFO - Started process (PID=5602) to work on /mnt/d/Universidad/ETL/Proyecto_airflow/venv/lib/python3.12/site-packages/airflow/example_dags/example_sla_dag.py
[2025-04-01T16:49:59.549-0500] {processor.py:914} INFO - Processing file /mnt/d/Universidad/ETL/Proyecto_airflow/venv/lib/python3.12/site-packages/airflow/example_dags/example_sla_dag.py for tasks to queue
[2025-04-01T16:49:59.552-0500] {logging_mixin.py:190} INFO - [2025-04-01T16:49:59.551-0500] {dagbag.py:588} INFO - Filling up the DagBag from /mnt/d/Universidad/ETL/Proyecto_airflow/venv/lib/python3.12/site-packages/airflow/example_dags/example_sla_dag.py
[2025-04-01T16:49:59.614-0500] {processor.py:925} INFO - DAG(s) 'example_sla_dag' retrieved from /mnt/d/Universidad/ETL/Proyecto_airflow/venv/lib/python3.12/site-packages/airflow/example_dags/example_sla_dag.py
[2025-04-01T16:49:59.632-0500] {logging_mixin.py:190} INFO - [2025-04-01T16:49:59.632-0500] {dag.py:3239} INFO - Sync 1 DAGs
[2025-04-01T16:49:59.658-0500] {logging_mixin.py:190} INFO - [2025-04-01T16:49:59.657-0500] {dag.py:4180} INFO - Setting next_dagrun for example_sla_dag to 2025-04-01 21:46:00+00:00, run_after=2025-04-01 21:48:00+00:00
[2025-04-01T16:50:03.277-0500] {processor.py:208} INFO - Processing /mnt/d/Universidad/ETL/Proyecto_airflow/venv/lib/python3.12/site-packages/airflow/example_dags/example_sla_dag.py took 0.230 seconds
[2025-04-01T16:51:39.597-0500] {processor.py:186} INFO - Started process (PID=5675) to work on /mnt/d/Universidad/ETL/Proyecto_airflow/venv/lib/python3.12/site-packages/airflow/example_dags/example_sla_dag.py
[2025-04-01T16:51:39.598-0500] {processor.py:914} INFO - Processing file /mnt/d/Universidad/ETL/Proyecto_airflow/venv/lib/python3.12/site-packages/airflow/example_dags/example_sla_dag.py for tasks to queue
[2025-04-01T16:51:39.601-0500] {logging_mixin.py:190} INFO - [2025-04-01T16:51:39.600-0500] {dagbag.py:588} INFO - Filling up the DagBag from /mnt/d/Universidad/ETL/Proyecto_airflow/venv/lib/python3.12/site-packages/airflow/example_dags/example_sla_dag.py
[2025-04-01T16:51:39.657-0500] {processor.py:925} INFO - DAG(s) 'example_sla_dag' retrieved from /mnt/d/Universidad/ETL/Proyecto_airflow/venv/lib/python3.12/site-packages/airflow/example_dags/example_sla_dag.py
[2025-04-01T16:51:39.674-0500] {logging_mixin.py:190} INFO - [2025-04-01T16:51:39.674-0500] {dag.py:3239} INFO - Sync 1 DAGs
[2025-04-01T16:51:39.698-0500] {logging_mixin.py:190} INFO - [2025-04-01T16:51:39.697-0500] {dag.py:4180} INFO - Setting next_dagrun for example_sla_dag to 2025-04-01 21:48:00+00:00, run_after=2025-04-01 21:50:00+00:00
[2025-04-01T16:51:39.802-0500] {processor.py:208} INFO - Processing /mnt/d/Universidad/ETL/Proyecto_airflow/venv/lib/python3.12/site-packages/airflow/example_dags/example_sla_dag.py took 0.213 seconds
[2025-04-01T16:53:17.466-0500] {processor.py:186} INFO - Started process (PID=5747) to work on /mnt/d/Universidad/ETL/Proyecto_airflow/venv/lib/python3.12/site-packages/airflow/example_dags/example_sla_dag.py
[2025-04-01T16:53:17.467-0500] {processor.py:914} INFO - Processing file /mnt/d/Universidad/ETL/Proyecto_airflow/venv/lib/python3.12/site-packages/airflow/example_dags/example_sla_dag.py for tasks to queue
[2025-04-01T16:53:17.470-0500] {logging_mixin.py:190} INFO - [2025-04-01T16:53:17.469-0500] {dagbag.py:588} INFO - Filling up the DagBag from /mnt/d/Universidad/ETL/Proyecto_airflow/venv/lib/python3.12/site-packages/airflow/example_dags/example_sla_dag.py
[2025-04-01T16:53:17.527-0500] {processor.py:925} INFO - DAG(s) 'example_sla_dag' retrieved from /mnt/d/Universidad/ETL/Proyecto_airflow/venv/lib/python3.12/site-packages/airflow/example_dags/example_sla_dag.py
[2025-04-01T16:53:17.544-0500] {logging_mixin.py:190} INFO - [2025-04-01T16:53:17.543-0500] {dag.py:3239} INFO - Sync 1 DAGs
[2025-04-01T16:53:17.568-0500] {logging_mixin.py:190} INFO - [2025-04-01T16:53:17.567-0500] {dag.py:4180} INFO - Setting next_dagrun for example_sla_dag to 2025-04-01 21:50:00+00:00, run_after=2025-04-01 21:52:00+00:00
[2025-04-01T16:53:17.672-0500] {processor.py:208} INFO - Processing /mnt/d/Universidad/ETL/Proyecto_airflow/venv/lib/python3.12/site-packages/airflow/example_dags/example_sla_dag.py took 0.214 seconds
[2025-04-01T16:54:52.564-0500] {processor.py:186} INFO - Started process (PID=5819) to work on /mnt/d/Universidad/ETL/Proyecto_airflow/venv/lib/python3.12/site-packages/airflow/example_dags/example_sla_dag.py
[2025-04-01T16:54:52.565-0500] {processor.py:914} INFO - Processing file /mnt/d/Universidad/ETL/Proyecto_airflow/venv/lib/python3.12/site-packages/airflow/example_dags/example_sla_dag.py for tasks to queue
[2025-04-01T16:54:52.567-0500] {logging_mixin.py:190} INFO - [2025-04-01T16:54:52.567-0500] {dagbag.py:588} INFO - Filling up the DagBag from /mnt/d/Universidad/ETL/Proyecto_airflow/venv/lib/python3.12/site-packages/airflow/example_dags/example_sla_dag.py
[2025-04-01T16:54:52.625-0500] {processor.py:925} INFO - DAG(s) 'example_sla_dag' retrieved from /mnt/d/Universidad/ETL/Proyecto_airflow/venv/lib/python3.12/site-packages/airflow/example_dags/example_sla_dag.py
[2025-04-01T16:54:52.642-0500] {logging_mixin.py:190} INFO - [2025-04-01T16:54:52.641-0500] {dag.py:3239} INFO - Sync 1 DAGs
[2025-04-01T16:54:52.666-0500] {logging_mixin.py:190} INFO - [2025-04-01T16:54:52.665-0500] {dag.py:4180} INFO - Setting next_dagrun for example_sla_dag to 2025-04-01 21:52:00+00:00, run_after=2025-04-01 21:54:00+00:00
[2025-04-01T16:54:52.772-0500] {processor.py:208} INFO - Processing /mnt/d/Universidad/ETL/Proyecto_airflow/venv/lib/python3.12/site-packages/airflow/example_dags/example_sla_dag.py took 0.216 seconds
[2025-04-01T16:56:24.558-0500] {processor.py:186} INFO - Started process (PID=5890) to work on /mnt/d/Universidad/ETL/Proyecto_airflow/venv/lib/python3.12/site-packages/airflow/example_dags/example_sla_dag.py
[2025-04-01T16:56:24.559-0500] {processor.py:914} INFO - Processing file /mnt/d/Universidad/ETL/Proyecto_airflow/venv/lib/python3.12/site-packages/airflow/example_dags/example_sla_dag.py for tasks to queue
[2025-04-01T16:56:24.561-0500] {logging_mixin.py:190} INFO - [2025-04-01T16:56:24.560-0500] {dagbag.py:588} INFO - Filling up the DagBag from /mnt/d/Universidad/ETL/Proyecto_airflow/venv/lib/python3.12/site-packages/airflow/example_dags/example_sla_dag.py
[2025-04-01T16:56:24.618-0500] {processor.py:925} INFO - DAG(s) 'example_sla_dag' retrieved from /mnt/d/Universidad/ETL/Proyecto_airflow/venv/lib/python3.12/site-packages/airflow/example_dags/example_sla_dag.py
[2025-04-01T16:56:24.635-0500] {logging_mixin.py:190} INFO - [2025-04-01T16:56:24.634-0500] {dag.py:3239} INFO - Sync 1 DAGs
[2025-04-01T16:56:24.659-0500] {logging_mixin.py:190} INFO - [2025-04-01T16:56:24.658-0500] {dag.py:4180} INFO - Setting next_dagrun for example_sla_dag to 2025-04-01 21:54:00+00:00, run_after=2025-04-01 21:56:00+00:00
[2025-04-01T16:56:24.757-0500] {processor.py:208} INFO - Processing /mnt/d/Universidad/ETL/Proyecto_airflow/venv/lib/python3.12/site-packages/airflow/example_dags/example_sla_dag.py took 0.207 seconds
[2025-04-01T16:57:56.564-0500] {processor.py:186} INFO - Started process (PID=5960) to work on /mnt/d/Universidad/ETL/Proyecto_airflow/venv/lib/python3.12/site-packages/airflow/example_dags/example_sla_dag.py
[2025-04-01T16:57:56.565-0500] {processor.py:914} INFO - Processing file /mnt/d/Universidad/ETL/Proyecto_airflow/venv/lib/python3.12/site-packages/airflow/example_dags/example_sla_dag.py for tasks to queue
[2025-04-01T16:57:56.568-0500] {logging_mixin.py:190} INFO - [2025-04-01T16:57:56.567-0500] {dagbag.py:588} INFO - Filling up the DagBag from /mnt/d/Universidad/ETL/Proyecto_airflow/venv/lib/python3.12/site-packages/airflow/example_dags/example_sla_dag.py
[2025-04-01T16:57:56.625-0500] {processor.py:925} INFO - DAG(s) 'example_sla_dag' retrieved from /mnt/d/Universidad/ETL/Proyecto_airflow/venv/lib/python3.12/site-packages/airflow/example_dags/example_sla_dag.py
[2025-04-01T16:57:56.642-0500] {logging_mixin.py:190} INFO - [2025-04-01T16:57:56.641-0500] {dag.py:3239} INFO - Sync 1 DAGs
[2025-04-01T16:57:56.665-0500] {logging_mixin.py:190} INFO - [2025-04-01T16:57:56.665-0500] {dag.py:4180} INFO - Setting next_dagrun for example_sla_dag to 2025-04-01 21:54:00+00:00, run_after=2025-04-01 21:56:00+00:00
[2025-04-01T16:57:56.766-0500] {processor.py:208} INFO - Processing /mnt/d/Universidad/ETL/Proyecto_airflow/venv/lib/python3.12/site-packages/airflow/example_dags/example_sla_dag.py took 0.210 seconds
[2025-04-01T16:59:31.822-0500] {processor.py:186} INFO - Started process (PID=6031) to work on /mnt/d/Universidad/ETL/Proyecto_airflow/venv/lib/python3.12/site-packages/airflow/example_dags/example_sla_dag.py
[2025-04-01T16:59:31.823-0500] {processor.py:914} INFO - Processing file /mnt/d/Universidad/ETL/Proyecto_airflow/venv/lib/python3.12/site-packages/airflow/example_dags/example_sla_dag.py for tasks to queue
[2025-04-01T16:59:31.826-0500] {logging_mixin.py:190} INFO - [2025-04-01T16:59:31.825-0500] {dagbag.py:588} INFO - Filling up the DagBag from /mnt/d/Universidad/ETL/Proyecto_airflow/venv/lib/python3.12/site-packages/airflow/example_dags/example_sla_dag.py
[2025-04-01T16:59:31.883-0500] {processor.py:925} INFO - DAG(s) 'example_sla_dag' retrieved from /mnt/d/Universidad/ETL/Proyecto_airflow/venv/lib/python3.12/site-packages/airflow/example_dags/example_sla_dag.py
[2025-04-01T16:59:31.902-0500] {logging_mixin.py:190} INFO - [2025-04-01T16:59:31.902-0500] {dag.py:3239} INFO - Sync 1 DAGs
[2025-04-01T16:59:31.927-0500] {logging_mixin.py:190} INFO - [2025-04-01T16:59:31.927-0500] {dag.py:4180} INFO - Setting next_dagrun for example_sla_dag to 2025-04-01 21:56:00+00:00, run_after=2025-04-01 21:58:00+00:00
[2025-04-01T16:59:32.050-0500] {processor.py:208} INFO - Processing /mnt/d/Universidad/ETL/Proyecto_airflow/venv/lib/python3.12/site-packages/airflow/example_dags/example_sla_dag.py took 0.236 seconds
[2025-04-01T17:01:08.017-0500] {processor.py:186} INFO - Started process (PID=6103) to work on /mnt/d/Universidad/ETL/Proyecto_airflow/venv/lib/python3.12/site-packages/airflow/example_dags/example_sla_dag.py
[2025-04-01T17:01:08.018-0500] {processor.py:914} INFO - Processing file /mnt/d/Universidad/ETL/Proyecto_airflow/venv/lib/python3.12/site-packages/airflow/example_dags/example_sla_dag.py for tasks to queue
[2025-04-01T17:01:08.020-0500] {logging_mixin.py:190} INFO - [2025-04-01T17:01:08.019-0500] {dagbag.py:588} INFO - Filling up the DagBag from /mnt/d/Universidad/ETL/Proyecto_airflow/venv/lib/python3.12/site-packages/airflow/example_dags/example_sla_dag.py
[2025-04-01T17:01:08.079-0500] {processor.py:925} INFO - DAG(s) 'example_sla_dag' retrieved from /mnt/d/Universidad/ETL/Proyecto_airflow/venv/lib/python3.12/site-packages/airflow/example_dags/example_sla_dag.py
[2025-04-01T17:01:08.099-0500] {logging_mixin.py:190} INFO - [2025-04-01T17:01:08.098-0500] {dag.py:3239} INFO - Sync 1 DAGs
[2025-04-01T17:01:08.124-0500] {logging_mixin.py:190} INFO - [2025-04-01T17:01:08.124-0500] {dag.py:4180} INFO - Setting next_dagrun for example_sla_dag to 2025-04-01 21:58:00+00:00, run_after=2025-04-01 22:00:00+00:00
[2025-04-01T17:01:08.238-0500] {processor.py:208} INFO - Processing /mnt/d/Universidad/ETL/Proyecto_airflow/venv/lib/python3.12/site-packages/airflow/example_dags/example_sla_dag.py took 0.229 seconds
[2025-04-01T17:02:41.593-0500] {processor.py:186} INFO - Started process (PID=6173) to work on /mnt/d/Universidad/ETL/Proyecto_airflow/venv/lib/python3.12/site-packages/airflow/example_dags/example_sla_dag.py
[2025-04-01T17:02:41.594-0500] {processor.py:914} INFO - Processing file /mnt/d/Universidad/ETL/Proyecto_airflow/venv/lib/python3.12/site-packages/airflow/example_dags/example_sla_dag.py for tasks to queue
[2025-04-01T17:02:41.596-0500] {logging_mixin.py:190} INFO - [2025-04-01T17:02:41.596-0500] {dagbag.py:588} INFO - Filling up the DagBag from /mnt/d/Universidad/ETL/Proyecto_airflow/venv/lib/python3.12/site-packages/airflow/example_dags/example_sla_dag.py
[2025-04-01T17:02:41.653-0500] {processor.py:925} INFO - DAG(s) 'example_sla_dag' retrieved from /mnt/d/Universidad/ETL/Proyecto_airflow/venv/lib/python3.12/site-packages/airflow/example_dags/example_sla_dag.py
[2025-04-01T17:02:41.670-0500] {logging_mixin.py:190} INFO - [2025-04-01T17:02:41.670-0500] {dag.py:3239} INFO - Sync 1 DAGs
[2025-04-01T17:02:41.694-0500] {logging_mixin.py:190} INFO - [2025-04-01T17:02:41.693-0500] {dag.py:4180} INFO - Setting next_dagrun for example_sla_dag to 2025-04-01 22:00:00+00:00, run_after=2025-04-01 22:02:00+00:00
[2025-04-01T17:02:41.792-0500] {processor.py:208} INFO - Processing /mnt/d/Universidad/ETL/Proyecto_airflow/venv/lib/python3.12/site-packages/airflow/example_dags/example_sla_dag.py took 0.207 seconds
[2025-04-01T17:04:19.487-0500] {processor.py:186} INFO - Started process (PID=6245) to work on /mnt/d/Universidad/ETL/Proyecto_airflow/venv/lib/python3.12/site-packages/airflow/example_dags/example_sla_dag.py
[2025-04-01T17:04:19.488-0500] {processor.py:914} INFO - Processing file /mnt/d/Universidad/ETL/Proyecto_airflow/venv/lib/python3.12/site-packages/airflow/example_dags/example_sla_dag.py for tasks to queue
[2025-04-01T17:04:19.490-0500] {logging_mixin.py:190} INFO - [2025-04-01T17:04:19.490-0500] {dagbag.py:588} INFO - Filling up the DagBag from /mnt/d/Universidad/ETL/Proyecto_airflow/venv/lib/python3.12/site-packages/airflow/example_dags/example_sla_dag.py
[2025-04-01T17:04:19.547-0500] {processor.py:925} INFO - DAG(s) 'example_sla_dag' retrieved from /mnt/d/Universidad/ETL/Proyecto_airflow/venv/lib/python3.12/site-packages/airflow/example_dags/example_sla_dag.py
[2025-04-01T17:04:19.564-0500] {logging_mixin.py:190} INFO - [2025-04-01T17:04:19.564-0500] {dag.py:3239} INFO - Sync 1 DAGs
[2025-04-01T17:04:19.589-0500] {logging_mixin.py:190} INFO - [2025-04-01T17:04:19.588-0500] {dag.py:4180} INFO - Setting next_dagrun for example_sla_dag to 2025-04-01 22:02:00+00:00, run_after=2025-04-01 22:04:00+00:00
[2025-04-01T17:04:19.689-0500] {processor.py:208} INFO - Processing /mnt/d/Universidad/ETL/Proyecto_airflow/venv/lib/python3.12/site-packages/airflow/example_dags/example_sla_dag.py took 0.210 seconds
[2025-04-01T17:05:54.507-0500] {processor.py:186} INFO - Started process (PID=6316) to work on /mnt/d/Universidad/ETL/Proyecto_airflow/venv/lib/python3.12/site-packages/airflow/example_dags/example_sla_dag.py
[2025-04-01T17:05:54.508-0500] {processor.py:914} INFO - Processing file /mnt/d/Universidad/ETL/Proyecto_airflow/venv/lib/python3.12/site-packages/airflow/example_dags/example_sla_dag.py for tasks to queue
[2025-04-01T17:05:54.510-0500] {logging_mixin.py:190} INFO - [2025-04-01T17:05:54.510-0500] {dagbag.py:588} INFO - Filling up the DagBag from /mnt/d/Universidad/ETL/Proyecto_airflow/venv/lib/python3.12/site-packages/airflow/example_dags/example_sla_dag.py
[2025-04-01T17:05:54.567-0500] {processor.py:925} INFO - DAG(s) 'example_sla_dag' retrieved from /mnt/d/Universidad/ETL/Proyecto_airflow/venv/lib/python3.12/site-packages/airflow/example_dags/example_sla_dag.py
[2025-04-01T17:05:54.584-0500] {logging_mixin.py:190} INFO - [2025-04-01T17:05:54.583-0500] {dag.py:3239} INFO - Sync 1 DAGs
[2025-04-01T17:05:54.607-0500] {logging_mixin.py:190} INFO - [2025-04-01T17:05:54.607-0500] {dag.py:4180} INFO - Setting next_dagrun for example_sla_dag to 2025-04-01 22:02:00+00:00, run_after=2025-04-01 22:04:00+00:00
[2025-04-01T17:05:54.714-0500] {processor.py:208} INFO - Processing /mnt/d/Universidad/ETL/Proyecto_airflow/venv/lib/python3.12/site-packages/airflow/example_dags/example_sla_dag.py took 0.215 seconds
[2025-04-01T17:07:32.919-0500] {processor.py:186} INFO - Started process (PID=6389) to work on /mnt/d/Universidad/ETL/Proyecto_airflow/venv/lib/python3.12/site-packages/airflow/example_dags/example_sla_dag.py
[2025-04-01T17:07:32.920-0500] {processor.py:914} INFO - Processing file /mnt/d/Universidad/ETL/Proyecto_airflow/venv/lib/python3.12/site-packages/airflow/example_dags/example_sla_dag.py for tasks to queue
[2025-04-01T17:07:32.922-0500] {logging_mixin.py:190} INFO - [2025-04-01T17:07:32.921-0500] {dagbag.py:588} INFO - Filling up the DagBag from /mnt/d/Universidad/ETL/Proyecto_airflow/venv/lib/python3.12/site-packages/airflow/example_dags/example_sla_dag.py
[2025-04-01T17:07:32.979-0500] {processor.py:925} INFO - DAG(s) 'example_sla_dag' retrieved from /mnt/d/Universidad/ETL/Proyecto_airflow/venv/lib/python3.12/site-packages/airflow/example_dags/example_sla_dag.py
[2025-04-01T17:07:32.996-0500] {logging_mixin.py:190} INFO - [2025-04-01T17:07:32.995-0500] {dag.py:3239} INFO - Sync 1 DAGs
[2025-04-01T17:07:33.020-0500] {logging_mixin.py:190} INFO - [2025-04-01T17:07:33.019-0500] {dag.py:4180} INFO - Setting next_dagrun for example_sla_dag to 2025-04-01 22:04:00+00:00, run_after=2025-04-01 22:06:00+00:00
[2025-04-01T17:07:33.120-0500] {processor.py:208} INFO - Processing /mnt/d/Universidad/ETL/Proyecto_airflow/venv/lib/python3.12/site-packages/airflow/example_dags/example_sla_dag.py took 0.209 seconds
[2025-04-01T17:09:11.564-0500] {processor.py:186} INFO - Started process (PID=6462) to work on /mnt/d/Universidad/ETL/Proyecto_airflow/venv/lib/python3.12/site-packages/airflow/example_dags/example_sla_dag.py
[2025-04-01T17:09:11.565-0500] {processor.py:914} INFO - Processing file /mnt/d/Universidad/ETL/Proyecto_airflow/venv/lib/python3.12/site-packages/airflow/example_dags/example_sla_dag.py for tasks to queue
[2025-04-01T17:09:11.568-0500] {logging_mixin.py:190} INFO - [2025-04-01T17:09:11.567-0500] {dagbag.py:588} INFO - Filling up the DagBag from /mnt/d/Universidad/ETL/Proyecto_airflow/venv/lib/python3.12/site-packages/airflow/example_dags/example_sla_dag.py
[2025-04-01T17:09:11.625-0500] {processor.py:925} INFO - DAG(s) 'example_sla_dag' retrieved from /mnt/d/Universidad/ETL/Proyecto_airflow/venv/lib/python3.12/site-packages/airflow/example_dags/example_sla_dag.py
[2025-04-01T17:09:11.643-0500] {logging_mixin.py:190} INFO - [2025-04-01T17:09:11.642-0500] {dag.py:3239} INFO - Sync 1 DAGs
[2025-04-01T17:09:11.666-0500] {logging_mixin.py:190} INFO - [2025-04-01T17:09:11.666-0500] {dag.py:4180} INFO - Setting next_dagrun for example_sla_dag to 2025-04-01 22:06:00+00:00, run_after=2025-04-01 22:08:00+00:00
[2025-04-01T17:09:11.762-0500] {processor.py:208} INFO - Processing /mnt/d/Universidad/ETL/Proyecto_airflow/venv/lib/python3.12/site-packages/airflow/example_dags/example_sla_dag.py took 0.205 seconds
[2025-04-01T17:10:53.478-0500] {processor.py:186} INFO - Started process (PID=6535) to work on /mnt/d/Universidad/ETL/Proyecto_airflow/venv/lib/python3.12/site-packages/airflow/example_dags/example_sla_dag.py
[2025-04-01T17:10:53.479-0500] {processor.py:914} INFO - Processing file /mnt/d/Universidad/ETL/Proyecto_airflow/venv/lib/python3.12/site-packages/airflow/example_dags/example_sla_dag.py for tasks to queue
[2025-04-01T17:10:53.481-0500] {logging_mixin.py:190} INFO - [2025-04-01T17:10:53.481-0500] {dagbag.py:588} INFO - Filling up the DagBag from /mnt/d/Universidad/ETL/Proyecto_airflow/venv/lib/python3.12/site-packages/airflow/example_dags/example_sla_dag.py
[2025-04-01T17:10:53.538-0500] {processor.py:925} INFO - DAG(s) 'example_sla_dag' retrieved from /mnt/d/Universidad/ETL/Proyecto_airflow/venv/lib/python3.12/site-packages/airflow/example_dags/example_sla_dag.py
[2025-04-01T17:10:53.557-0500] {logging_mixin.py:190} INFO - [2025-04-01T17:10:53.556-0500] {dag.py:3239} INFO - Sync 1 DAGs
[2025-04-01T17:10:53.582-0500] {logging_mixin.py:190} INFO - [2025-04-01T17:10:53.582-0500] {dag.py:4180} INFO - Setting next_dagrun for example_sla_dag to 2025-04-01 22:08:00+00:00, run_after=2025-04-01 22:10:00+00:00
[2025-04-01T17:10:53.681-0500] {processor.py:208} INFO - Processing /mnt/d/Universidad/ETL/Proyecto_airflow/venv/lib/python3.12/site-packages/airflow/example_dags/example_sla_dag.py took 0.211 seconds
[2025-04-01T17:12:37.825-0500] {processor.py:186} INFO - Started process (PID=6610) to work on /mnt/d/Universidad/ETL/Proyecto_airflow/venv/lib/python3.12/site-packages/airflow/example_dags/example_sla_dag.py
[2025-04-01T17:12:37.826-0500] {processor.py:914} INFO - Processing file /mnt/d/Universidad/ETL/Proyecto_airflow/venv/lib/python3.12/site-packages/airflow/example_dags/example_sla_dag.py for tasks to queue
[2025-04-01T17:12:37.828-0500] {logging_mixin.py:190} INFO - [2025-04-01T17:12:37.827-0500] {dagbag.py:588} INFO - Filling up the DagBag from /mnt/d/Universidad/ETL/Proyecto_airflow/venv/lib/python3.12/site-packages/airflow/example_dags/example_sla_dag.py
[2025-04-01T17:12:37.885-0500] {processor.py:925} INFO - DAG(s) 'example_sla_dag' retrieved from /mnt/d/Universidad/ETL/Proyecto_airflow/venv/lib/python3.12/site-packages/airflow/example_dags/example_sla_dag.py
[2025-04-01T17:12:37.903-0500] {logging_mixin.py:190} INFO - [2025-04-01T17:12:37.902-0500] {dag.py:3239} INFO - Sync 1 DAGs
[2025-04-01T17:12:37.927-0500] {logging_mixin.py:190} INFO - [2025-04-01T17:12:37.927-0500] {dag.py:4180} INFO - Setting next_dagrun for example_sla_dag to 2025-04-01 22:10:00+00:00, run_after=2025-04-01 22:12:00+00:00
[2025-04-01T17:12:38.031-0500] {processor.py:208} INFO - Processing /mnt/d/Universidad/ETL/Proyecto_airflow/venv/lib/python3.12/site-packages/airflow/example_dags/example_sla_dag.py took 0.214 seconds
[2025-04-01T17:14:09.494-0500] {processor.py:186} INFO - Started process (PID=6682) to work on /mnt/d/Universidad/ETL/Proyecto_airflow/venv/lib/python3.12/site-packages/airflow/example_dags/example_sla_dag.py
[2025-04-01T17:14:09.495-0500] {processor.py:914} INFO - Processing file /mnt/d/Universidad/ETL/Proyecto_airflow/venv/lib/python3.12/site-packages/airflow/example_dags/example_sla_dag.py for tasks to queue
[2025-04-01T17:14:09.497-0500] {logging_mixin.py:190} INFO - [2025-04-01T17:14:09.496-0500] {dagbag.py:588} INFO - Filling up the DagBag from /mnt/d/Universidad/ETL/Proyecto_airflow/venv/lib/python3.12/site-packages/airflow/example_dags/example_sla_dag.py
[2025-04-01T17:14:09.554-0500] {processor.py:925} INFO - DAG(s) 'example_sla_dag' retrieved from /mnt/d/Universidad/ETL/Proyecto_airflow/venv/lib/python3.12/site-packages/airflow/example_dags/example_sla_dag.py
[2025-04-01T17:14:09.572-0500] {logging_mixin.py:190} INFO - [2025-04-01T17:14:09.571-0500] {dag.py:3239} INFO - Sync 1 DAGs
[2025-04-01T17:14:09.596-0500] {logging_mixin.py:190} INFO - [2025-04-01T17:14:09.595-0500] {dag.py:4180} INFO - Setting next_dagrun for example_sla_dag to 2025-04-01 22:12:00+00:00, run_after=2025-04-01 22:14:00+00:00
[2025-04-01T17:14:09.696-0500] {processor.py:208} INFO - Processing /mnt/d/Universidad/ETL/Proyecto_airflow/venv/lib/python3.12/site-packages/airflow/example_dags/example_sla_dag.py took 0.210 seconds
[2025-04-01T17:15:42.867-0500] {processor.py:186} INFO - Started process (PID=6752) to work on /mnt/d/Universidad/ETL/Proyecto_airflow/venv/lib/python3.12/site-packages/airflow/example_dags/example_sla_dag.py
[2025-04-01T17:15:42.868-0500] {processor.py:914} INFO - Processing file /mnt/d/Universidad/ETL/Proyecto_airflow/venv/lib/python3.12/site-packages/airflow/example_dags/example_sla_dag.py for tasks to queue
[2025-04-01T17:15:42.871-0500] {logging_mixin.py:190} INFO - [2025-04-01T17:15:42.870-0500] {dagbag.py:588} INFO - Filling up the DagBag from /mnt/d/Universidad/ETL/Proyecto_airflow/venv/lib/python3.12/site-packages/airflow/example_dags/example_sla_dag.py
[2025-04-01T17:15:42.927-0500] {processor.py:925} INFO - DAG(s) 'example_sla_dag' retrieved from /mnt/d/Universidad/ETL/Proyecto_airflow/venv/lib/python3.12/site-packages/airflow/example_dags/example_sla_dag.py
[2025-04-01T17:15:42.944-0500] {logging_mixin.py:190} INFO - [2025-04-01T17:15:42.943-0500] {dag.py:3239} INFO - Sync 1 DAGs
[2025-04-01T17:15:42.968-0500] {logging_mixin.py:190} INFO - [2025-04-01T17:15:42.967-0500] {dag.py:4180} INFO - Setting next_dagrun for example_sla_dag to 2025-04-01 22:12:00+00:00, run_after=2025-04-01 22:14:00+00:00
[2025-04-01T17:15:43.076-0500] {processor.py:208} INFO - Processing /mnt/d/Universidad/ETL/Proyecto_airflow/venv/lib/python3.12/site-packages/airflow/example_dags/example_sla_dag.py took 0.216 seconds
[2025-04-01T17:17:19.874-0500] {processor.py:186} INFO - Started process (PID=6827) to work on /mnt/d/Universidad/ETL/Proyecto_airflow/venv/lib/python3.12/site-packages/airflow/example_dags/example_sla_dag.py
[2025-04-01T17:17:19.876-0500] {processor.py:914} INFO - Processing file /mnt/d/Universidad/ETL/Proyecto_airflow/venv/lib/python3.12/site-packages/airflow/example_dags/example_sla_dag.py for tasks to queue
[2025-04-01T17:17:19.878-0500] {logging_mixin.py:190} INFO - [2025-04-01T17:17:19.877-0500] {dagbag.py:588} INFO - Filling up the DagBag from /mnt/d/Universidad/ETL/Proyecto_airflow/venv/lib/python3.12/site-packages/airflow/example_dags/example_sla_dag.py
[2025-04-01T17:17:19.936-0500] {processor.py:925} INFO - DAG(s) 'example_sla_dag' retrieved from /mnt/d/Universidad/ETL/Proyecto_airflow/venv/lib/python3.12/site-packages/airflow/example_dags/example_sla_dag.py
[2025-04-01T17:17:19.954-0500] {logging_mixin.py:190} INFO - [2025-04-01T17:17:19.953-0500] {dag.py:3239} INFO - Sync 1 DAGs
[2025-04-01T17:17:19.979-0500] {logging_mixin.py:190} INFO - [2025-04-01T17:17:19.978-0500] {dag.py:4180} INFO - Setting next_dagrun for example_sla_dag to 2025-04-01 22:14:00+00:00, run_after=2025-04-01 22:16:00+00:00
[2025-04-01T17:17:20.091-0500] {processor.py:208} INFO - Processing /mnt/d/Universidad/ETL/Proyecto_airflow/venv/lib/python3.12/site-packages/airflow/example_dags/example_sla_dag.py took 0.225 seconds
[2025-04-01T17:19:00.054-0500] {processor.py:186} INFO - Started process (PID=6900) to work on /mnt/d/Universidad/ETL/Proyecto_airflow/venv/lib/python3.12/site-packages/airflow/example_dags/example_sla_dag.py
[2025-04-01T17:19:00.055-0500] {processor.py:914} INFO - Processing file /mnt/d/Universidad/ETL/Proyecto_airflow/venv/lib/python3.12/site-packages/airflow/example_dags/example_sla_dag.py for tasks to queue
[2025-04-01T17:19:00.058-0500] {logging_mixin.py:190} INFO - [2025-04-01T17:19:00.057-0500] {dagbag.py:588} INFO - Filling up the DagBag from /mnt/d/Universidad/ETL/Proyecto_airflow/venv/lib/python3.12/site-packages/airflow/example_dags/example_sla_dag.py
[2025-04-01T17:19:00.117-0500] {processor.py:925} INFO - DAG(s) 'example_sla_dag' retrieved from /mnt/d/Universidad/ETL/Proyecto_airflow/venv/lib/python3.12/site-packages/airflow/example_dags/example_sla_dag.py
[2025-04-01T17:19:00.135-0500] {logging_mixin.py:190} INFO - [2025-04-01T17:19:00.135-0500] {dag.py:3239} INFO - Sync 1 DAGs
[2025-04-01T17:19:00.160-0500] {logging_mixin.py:190} INFO - [2025-04-01T17:19:00.160-0500] {dag.py:4180} INFO - Setting next_dagrun for example_sla_dag to 2025-04-01 22:16:00+00:00, run_after=2025-04-01 22:18:00+00:00
[2025-04-01T17:19:00.257-0500] {processor.py:208} INFO - Processing /mnt/d/Universidad/ETL/Proyecto_airflow/venv/lib/python3.12/site-packages/airflow/example_dags/example_sla_dag.py took 0.213 seconds
[2025-04-01T17:20:38.353-0500] {processor.py:186} INFO - Started process (PID=6973) to work on /mnt/d/Universidad/ETL/Proyecto_airflow/venv/lib/python3.12/site-packages/airflow/example_dags/example_sla_dag.py
[2025-04-01T17:20:38.354-0500] {processor.py:914} INFO - Processing file /mnt/d/Universidad/ETL/Proyecto_airflow/venv/lib/python3.12/site-packages/airflow/example_dags/example_sla_dag.py for tasks to queue
[2025-04-01T17:20:38.357-0500] {logging_mixin.py:190} INFO - [2025-04-01T17:20:38.356-0500] {dagbag.py:588} INFO - Filling up the DagBag from /mnt/d/Universidad/ETL/Proyecto_airflow/venv/lib/python3.12/site-packages/airflow/example_dags/example_sla_dag.py
[2025-04-01T17:20:38.414-0500] {processor.py:925} INFO - DAG(s) 'example_sla_dag' retrieved from /mnt/d/Universidad/ETL/Proyecto_airflow/venv/lib/python3.12/site-packages/airflow/example_dags/example_sla_dag.py
[2025-04-01T17:20:38.431-0500] {logging_mixin.py:190} INFO - [2025-04-01T17:20:38.430-0500] {dag.py:3239} INFO - Sync 1 DAGs
[2025-04-01T17:20:38.455-0500] {logging_mixin.py:190} INFO - [2025-04-01T17:20:38.454-0500] {dag.py:4180} INFO - Setting next_dagrun for example_sla_dag to 2025-04-01 22:18:00+00:00, run_after=2025-04-01 22:20:00+00:00
[2025-04-01T17:20:38.559-0500] {processor.py:208} INFO - Processing /mnt/d/Universidad/ETL/Proyecto_airflow/venv/lib/python3.12/site-packages/airflow/example_dags/example_sla_dag.py took 0.213 seconds
[2025-04-01T17:22:22.348-0500] {processor.py:186} INFO - Started process (PID=7047) to work on /mnt/d/Universidad/ETL/Proyecto_airflow/venv/lib/python3.12/site-packages/airflow/example_dags/example_sla_dag.py
[2025-04-01T17:22:22.349-0500] {processor.py:914} INFO - Processing file /mnt/d/Universidad/ETL/Proyecto_airflow/venv/lib/python3.12/site-packages/airflow/example_dags/example_sla_dag.py for tasks to queue
[2025-04-01T17:22:22.352-0500] {logging_mixin.py:190} INFO - [2025-04-01T17:22:22.351-0500] {dagbag.py:588} INFO - Filling up the DagBag from /mnt/d/Universidad/ETL/Proyecto_airflow/venv/lib/python3.12/site-packages/airflow/example_dags/example_sla_dag.py
[2025-04-01T17:22:22.409-0500] {processor.py:925} INFO - DAG(s) 'example_sla_dag' retrieved from /mnt/d/Universidad/ETL/Proyecto_airflow/venv/lib/python3.12/site-packages/airflow/example_dags/example_sla_dag.py
[2025-04-01T17:22:22.426-0500] {logging_mixin.py:190} INFO - [2025-04-01T17:22:22.425-0500] {dag.py:3239} INFO - Sync 1 DAGs
[2025-04-01T17:22:22.449-0500] {logging_mixin.py:190} INFO - [2025-04-01T17:22:22.449-0500] {dag.py:4180} INFO - Setting next_dagrun for example_sla_dag to 2025-04-01 22:20:00+00:00, run_after=2025-04-01 22:22:00+00:00
[2025-04-01T17:22:22.582-0500] {processor.py:208} INFO - Processing /mnt/d/Universidad/ETL/Proyecto_airflow/venv/lib/python3.12/site-packages/airflow/example_dags/example_sla_dag.py took 0.242 seconds
[2025-04-01T17:23:55.710-0500] {processor.py:186} INFO - Started process (PID=7117) to work on /mnt/d/Universidad/ETL/Proyecto_airflow/venv/lib/python3.12/site-packages/airflow/example_dags/example_sla_dag.py
[2025-04-01T17:23:55.711-0500] {processor.py:914} INFO - Processing file /mnt/d/Universidad/ETL/Proyecto_airflow/venv/lib/python3.12/site-packages/airflow/example_dags/example_sla_dag.py for tasks to queue
[2025-04-01T17:23:55.713-0500] {logging_mixin.py:190} INFO - [2025-04-01T17:23:55.713-0500] {dagbag.py:588} INFO - Filling up the DagBag from /mnt/d/Universidad/ETL/Proyecto_airflow/venv/lib/python3.12/site-packages/airflow/example_dags/example_sla_dag.py
[2025-04-01T17:23:55.770-0500] {processor.py:925} INFO - DAG(s) 'example_sla_dag' retrieved from /mnt/d/Universidad/ETL/Proyecto_airflow/venv/lib/python3.12/site-packages/airflow/example_dags/example_sla_dag.py
[2025-04-01T17:23:55.787-0500] {logging_mixin.py:190} INFO - [2025-04-01T17:23:55.787-0500] {dag.py:3239} INFO - Sync 1 DAGs
[2025-04-01T17:23:55.811-0500] {logging_mixin.py:190} INFO - [2025-04-01T17:23:55.811-0500] {dag.py:4180} INFO - Setting next_dagrun for example_sla_dag to 2025-04-01 22:20:00+00:00, run_after=2025-04-01 22:22:00+00:00
[2025-04-01T17:23:55.910-0500] {processor.py:208} INFO - Processing /mnt/d/Universidad/ETL/Proyecto_airflow/venv/lib/python3.12/site-packages/airflow/example_dags/example_sla_dag.py took 0.208 seconds
[2025-04-01T17:25:32.441-0500] {processor.py:186} INFO - Started process (PID=7189) to work on /mnt/d/Universidad/ETL/Proyecto_airflow/venv/lib/python3.12/site-packages/airflow/example_dags/example_sla_dag.py
[2025-04-01T17:25:32.442-0500] {processor.py:914} INFO - Processing file /mnt/d/Universidad/ETL/Proyecto_airflow/venv/lib/python3.12/site-packages/airflow/example_dags/example_sla_dag.py for tasks to queue
[2025-04-01T17:25:32.445-0500] {logging_mixin.py:190} INFO - [2025-04-01T17:25:32.444-0500] {dagbag.py:588} INFO - Filling up the DagBag from /mnt/d/Universidad/ETL/Proyecto_airflow/venv/lib/python3.12/site-packages/airflow/example_dags/example_sla_dag.py
[2025-04-01T17:25:32.502-0500] {processor.py:925} INFO - DAG(s) 'example_sla_dag' retrieved from /mnt/d/Universidad/ETL/Proyecto_airflow/venv/lib/python3.12/site-packages/airflow/example_dags/example_sla_dag.py
[2025-04-01T17:25:32.522-0500] {logging_mixin.py:190} INFO - [2025-04-01T17:25:32.521-0500] {dag.py:3239} INFO - Sync 1 DAGs
[2025-04-01T17:25:32.547-0500] {logging_mixin.py:190} INFO - [2025-04-01T17:25:32.547-0500] {dag.py:4180} INFO - Setting next_dagrun for example_sla_dag to 2025-04-01 22:22:00+00:00, run_after=2025-04-01 22:24:00+00:00
[2025-04-01T17:25:32.655-0500] {processor.py:208} INFO - Processing /mnt/d/Universidad/ETL/Proyecto_airflow/venv/lib/python3.12/site-packages/airflow/example_dags/example_sla_dag.py took 0.221 seconds
[2025-04-01T17:27:09.030-0500] {processor.py:186} INFO - Started process (PID=7260) to work on /mnt/d/Universidad/ETL/Proyecto_airflow/venv/lib/python3.12/site-packages/airflow/example_dags/example_sla_dag.py
[2025-04-01T17:27:09.031-0500] {processor.py:914} INFO - Processing file /mnt/d/Universidad/ETL/Proyecto_airflow/venv/lib/python3.12/site-packages/airflow/example_dags/example_sla_dag.py for tasks to queue
[2025-04-01T17:27:09.033-0500] {logging_mixin.py:190} INFO - [2025-04-01T17:27:09.032-0500] {dagbag.py:588} INFO - Filling up the DagBag from /mnt/d/Universidad/ETL/Proyecto_airflow/venv/lib/python3.12/site-packages/airflow/example_dags/example_sla_dag.py
[2025-04-01T17:27:09.091-0500] {processor.py:925} INFO - DAG(s) 'example_sla_dag' retrieved from /mnt/d/Universidad/ETL/Proyecto_airflow/venv/lib/python3.12/site-packages/airflow/example_dags/example_sla_dag.py
[2025-04-01T17:27:09.108-0500] {logging_mixin.py:190} INFO - [2025-04-01T17:27:09.107-0500] {dag.py:3239} INFO - Sync 1 DAGs
[2025-04-01T17:27:09.132-0500] {logging_mixin.py:190} INFO - [2025-04-01T17:27:09.131-0500] {dag.py:4180} INFO - Setting next_dagrun for example_sla_dag to 2025-04-01 22:24:00+00:00, run_after=2025-04-01 22:26:00+00:00
[2025-04-01T17:27:09.228-0500] {processor.py:208} INFO - Processing /mnt/d/Universidad/ETL/Proyecto_airflow/venv/lib/python3.12/site-packages/airflow/example_dags/example_sla_dag.py took 0.207 seconds
[2025-04-01T17:28:38.335-0500] {processor.py:186} INFO - Started process (PID=7328) to work on /mnt/d/Universidad/ETL/Proyecto_airflow/venv/lib/python3.12/site-packages/airflow/example_dags/example_sla_dag.py
[2025-04-01T17:28:38.336-0500] {processor.py:914} INFO - Processing file /mnt/d/Universidad/ETL/Proyecto_airflow/venv/lib/python3.12/site-packages/airflow/example_dags/example_sla_dag.py for tasks to queue
[2025-04-01T17:28:38.338-0500] {logging_mixin.py:190} INFO - [2025-04-01T17:28:38.337-0500] {dagbag.py:588} INFO - Filling up the DagBag from /mnt/d/Universidad/ETL/Proyecto_airflow/venv/lib/python3.12/site-packages/airflow/example_dags/example_sla_dag.py
[2025-04-01T17:28:38.396-0500] {processor.py:925} INFO - DAG(s) 'example_sla_dag' retrieved from /mnt/d/Universidad/ETL/Proyecto_airflow/venv/lib/python3.12/site-packages/airflow/example_dags/example_sla_dag.py
[2025-04-01T17:28:38.414-0500] {logging_mixin.py:190} INFO - [2025-04-01T17:28:38.413-0500] {dag.py:3239} INFO - Sync 1 DAGs
[2025-04-01T17:28:38.439-0500] {logging_mixin.py:190} INFO - [2025-04-01T17:28:38.438-0500] {dag.py:4180} INFO - Setting next_dagrun for example_sla_dag to 2025-04-01 22:26:00+00:00, run_after=2025-04-01 22:28:00+00:00
[2025-04-01T17:28:38.514-0500] {processor.py:208} INFO - Processing /mnt/d/Universidad/ETL/Proyecto_airflow/venv/lib/python3.12/site-packages/airflow/example_dags/example_sla_dag.py took 0.187 seconds
[2025-04-01T17:30:12.592-0500] {processor.py:186} INFO - Started process (PID=7399) to work on /mnt/d/Universidad/ETL/Proyecto_airflow/venv/lib/python3.12/site-packages/airflow/example_dags/example_sla_dag.py
[2025-04-01T17:30:12.594-0500] {processor.py:914} INFO - Processing file /mnt/d/Universidad/ETL/Proyecto_airflow/venv/lib/python3.12/site-packages/airflow/example_dags/example_sla_dag.py for tasks to queue
[2025-04-01T17:30:12.597-0500] {logging_mixin.py:190} INFO - [2025-04-01T17:30:12.596-0500] {dagbag.py:588} INFO - Filling up the DagBag from /mnt/d/Universidad/ETL/Proyecto_airflow/venv/lib/python3.12/site-packages/airflow/example_dags/example_sla_dag.py
[2025-04-01T17:30:12.661-0500] {processor.py:925} INFO - DAG(s) 'example_sla_dag' retrieved from /mnt/d/Universidad/ETL/Proyecto_airflow/venv/lib/python3.12/site-packages/airflow/example_dags/example_sla_dag.py
[2025-04-01T17:30:12.682-0500] {logging_mixin.py:190} INFO - [2025-04-01T17:30:12.682-0500] {dag.py:3239} INFO - Sync 1 DAGs
[2025-04-01T17:30:12.710-0500] {logging_mixin.py:190} INFO - [2025-04-01T17:30:12.710-0500] {dag.py:4180} INFO - Setting next_dagrun for example_sla_dag to 2025-04-01 22:28:00+00:00, run_after=2025-04-01 22:30:00+00:00
[2025-04-01T17:30:12.799-0500] {processor.py:208} INFO - Processing /mnt/d/Universidad/ETL/Proyecto_airflow/venv/lib/python3.12/site-packages/airflow/example_dags/example_sla_dag.py took 0.216 seconds
