[2025-04-01T16:14:23.022-0500] {processor.py:186} INFO - Started process (PID=4008) to work on /mnt/d/Universidad/ETL/Proyecto_airflow/venv/lib/python3.12/site-packages/airflow/example_dags/example_skip_dag.py
[2025-04-01T16:14:23.023-0500] {processor.py:914} INFO - Processing file /mnt/d/Universidad/ETL/Proyecto_airflow/venv/lib/python3.12/site-packages/airflow/example_dags/example_skip_dag.py for tasks to queue
[2025-04-01T16:14:23.025-0500] {logging_mixin.py:190} INFO - [2025-04-01T16:14:23.024-0500] {dagbag.py:588} INFO - Filling up the DagBag from /mnt/d/Universidad/ETL/Proyecto_airflow/venv/lib/python3.12/site-packages/airflow/example_dags/example_skip_dag.py
[2025-04-01T16:14:23.079-0500] {processor.py:925} INFO - DAG(s) 'example_skip_dag' retrieved from /mnt/d/Universidad/ETL/Proyecto_airflow/venv/lib/python3.12/site-packages/airflow/example_dags/example_skip_dag.py
[2025-04-01T16:14:24.143-0500] {logging_mixin.py:190} INFO - [2025-04-01T16:14:24.142-0500] {override.py:1930} INFO - Created Permission View: can delete on DAG:example_skip_dag
[2025-04-01T16:14:24.236-0500] {logging_mixin.py:190} INFO - [2025-04-01T16:14:24.235-0500] {override.py:1930} INFO - Created Permission View: can edit on DAG:example_skip_dag
[2025-04-01T16:14:24.296-0500] {logging_mixin.py:190} INFO - [2025-04-01T16:14:24.295-0500] {override.py:1930} INFO - Created Permission View: can read on DAG:example_skip_dag
[2025-04-01T16:14:24.450-0500] {logging_mixin.py:190} INFO - [2025-04-01T16:14:24.450-0500] {override.py:1930} INFO - Created Permission View: can create on DAG Run:example_skip_dag
[2025-04-01T16:14:24.533-0500] {logging_mixin.py:190} INFO - [2025-04-01T16:14:24.532-0500] {override.py:1930} INFO - Created Permission View: can delete on DAG Run:example_skip_dag
[2025-04-01T16:14:24.619-0500] {logging_mixin.py:190} INFO - [2025-04-01T16:14:24.618-0500] {override.py:1930} INFO - Created Permission View: menu access on DAG Run:example_skip_dag
[2025-04-01T16:14:24.709-0500] {logging_mixin.py:190} INFO - [2025-04-01T16:14:24.708-0500] {override.py:1930} INFO - Created Permission View: can read on DAG Run:example_skip_dag
[2025-04-01T16:14:24.710-0500] {logging_mixin.py:190} INFO - [2025-04-01T16:14:24.710-0500] {dag.py:3239} INFO - Sync 1 DAGs
[2025-04-01T16:14:24.724-0500] {logging_mixin.py:190} INFO - [2025-04-01T16:14:24.723-0500] {dag.py:3262} INFO - Creating ORM DAG for example_skip_dag
[2025-04-01T16:14:24.736-0500] {logging_mixin.py:190} INFO - [2025-04-01T16:14:24.735-0500] {dag.py:4180} INFO - Setting next_dagrun for example_skip_dag to 2025-03-31 00:00:00+00:00, run_after=2025-04-01 00:00:00+00:00
[2025-04-01T16:14:24.873-0500] {processor.py:208} INFO - Processing /mnt/d/Universidad/ETL/Proyecto_airflow/venv/lib/python3.12/site-packages/airflow/example_dags/example_skip_dag.py took 1.859 seconds
[2025-04-01T16:16:24.890-0500] {processor.py:186} INFO - Started process (PID=4070) to work on /mnt/d/Universidad/ETL/Proyecto_airflow/venv/lib/python3.12/site-packages/airflow/example_dags/example_skip_dag.py
[2025-04-01T16:16:24.891-0500] {processor.py:914} INFO - Processing file /mnt/d/Universidad/ETL/Proyecto_airflow/venv/lib/python3.12/site-packages/airflow/example_dags/example_skip_dag.py for tasks to queue
[2025-04-01T16:16:24.894-0500] {logging_mixin.py:190} INFO - [2025-04-01T16:16:24.893-0500] {dagbag.py:588} INFO - Filling up the DagBag from /mnt/d/Universidad/ETL/Proyecto_airflow/venv/lib/python3.12/site-packages/airflow/example_dags/example_skip_dag.py
[2025-04-01T16:16:24.953-0500] {processor.py:925} INFO - DAG(s) 'example_skip_dag' retrieved from /mnt/d/Universidad/ETL/Proyecto_airflow/venv/lib/python3.12/site-packages/airflow/example_dags/example_skip_dag.py
[2025-04-01T16:16:24.987-0500] {logging_mixin.py:190} INFO - [2025-04-01T16:16:24.986-0500] {dag.py:3239} INFO - Sync 1 DAGs
[2025-04-01T16:16:25.009-0500] {logging_mixin.py:190} INFO - [2025-04-01T16:16:25.009-0500] {dag.py:4180} INFO - Setting next_dagrun for example_skip_dag to 2025-03-31 00:00:00+00:00, run_after=2025-04-01 00:00:00+00:00
[2025-04-01T16:16:25.091-0500] {processor.py:208} INFO - Processing /mnt/d/Universidad/ETL/Proyecto_airflow/venv/lib/python3.12/site-packages/airflow/example_dags/example_skip_dag.py took 0.209 seconds
[2025-04-01T16:18:23.628-0500] {processor.py:186} INFO - Started process (PID=4141) to work on /mnt/d/Universidad/ETL/Proyecto_airflow/venv/lib/python3.12/site-packages/airflow/example_dags/example_skip_dag.py
[2025-04-01T16:18:23.629-0500] {processor.py:914} INFO - Processing file /mnt/d/Universidad/ETL/Proyecto_airflow/venv/lib/python3.12/site-packages/airflow/example_dags/example_skip_dag.py for tasks to queue
[2025-04-01T16:18:23.632-0500] {logging_mixin.py:190} INFO - [2025-04-01T16:18:23.631-0500] {dagbag.py:588} INFO - Filling up the DagBag from /mnt/d/Universidad/ETL/Proyecto_airflow/venv/lib/python3.12/site-packages/airflow/example_dags/example_skip_dag.py
[2025-04-01T16:18:23.686-0500] {processor.py:925} INFO - DAG(s) 'example_skip_dag' retrieved from /mnt/d/Universidad/ETL/Proyecto_airflow/venv/lib/python3.12/site-packages/airflow/example_dags/example_skip_dag.py
[2025-04-01T16:18:23.705-0500] {logging_mixin.py:190} INFO - [2025-04-01T16:18:23.704-0500] {dag.py:3239} INFO - Sync 1 DAGs
[2025-04-01T16:18:23.725-0500] {logging_mixin.py:190} INFO - [2025-04-01T16:18:23.724-0500] {dag.py:4180} INFO - Setting next_dagrun for example_skip_dag to 2025-03-31 00:00:00+00:00, run_after=2025-04-01 00:00:00+00:00
[2025-04-01T16:18:23.810-0500] {processor.py:208} INFO - Processing /mnt/d/Universidad/ETL/Proyecto_airflow/venv/lib/python3.12/site-packages/airflow/example_dags/example_skip_dag.py took 0.189 seconds
[2025-04-01T16:19:25.385-0500] {processor.py:186} INFO - Started process (PID=4188) to work on /mnt/d/Universidad/ETL/Proyecto_airflow/venv/lib/python3.12/site-packages/airflow/example_dags/example_skip_dag.py
[2025-04-01T16:19:25.386-0500] {processor.py:914} INFO - Processing file /mnt/d/Universidad/ETL/Proyecto_airflow/venv/lib/python3.12/site-packages/airflow/example_dags/example_skip_dag.py for tasks to queue
[2025-04-01T16:19:25.388-0500] {logging_mixin.py:190} INFO - [2025-04-01T16:19:25.388-0500] {dagbag.py:588} INFO - Filling up the DagBag from /mnt/d/Universidad/ETL/Proyecto_airflow/venv/lib/python3.12/site-packages/airflow/example_dags/example_skip_dag.py
[2025-04-01T16:19:25.444-0500] {processor.py:925} INFO - DAG(s) 'example_skip_dag' retrieved from /mnt/d/Universidad/ETL/Proyecto_airflow/venv/lib/python3.12/site-packages/airflow/example_dags/example_skip_dag.py
[2025-04-01T16:19:25.463-0500] {logging_mixin.py:190} INFO - [2025-04-01T16:19:25.462-0500] {dag.py:3239} INFO - Sync 1 DAGs
[2025-04-01T16:19:25.483-0500] {logging_mixin.py:190} INFO - [2025-04-01T16:19:25.482-0500] {dag.py:4180} INFO - Setting next_dagrun for example_skip_dag to 2025-03-31 00:00:00+00:00, run_after=2025-04-01 00:00:00+00:00
[2025-04-01T16:19:25.563-0500] {processor.py:208} INFO - Processing /mnt/d/Universidad/ETL/Proyecto_airflow/venv/lib/python3.12/site-packages/airflow/example_dags/example_skip_dag.py took 0.186 seconds
[2025-04-01T16:20:50.322-0500] {processor.py:186} INFO - Started process (PID=4260) to work on /mnt/d/Universidad/ETL/Proyecto_airflow/venv/lib/python3.12/site-packages/airflow/example_dags/example_skip_dag.py
[2025-04-01T16:20:50.323-0500] {processor.py:914} INFO - Processing file /mnt/d/Universidad/ETL/Proyecto_airflow/venv/lib/python3.12/site-packages/airflow/example_dags/example_skip_dag.py for tasks to queue
[2025-04-01T16:20:50.325-0500] {logging_mixin.py:190} INFO - [2025-04-01T16:20:50.325-0500] {dagbag.py:588} INFO - Filling up the DagBag from /mnt/d/Universidad/ETL/Proyecto_airflow/venv/lib/python3.12/site-packages/airflow/example_dags/example_skip_dag.py
[2025-04-01T16:20:50.385-0500] {processor.py:925} INFO - DAG(s) 'example_skip_dag' retrieved from /mnt/d/Universidad/ETL/Proyecto_airflow/venv/lib/python3.12/site-packages/airflow/example_dags/example_skip_dag.py
[2025-04-01T16:20:50.405-0500] {logging_mixin.py:190} INFO - [2025-04-01T16:20:50.405-0500] {dag.py:3239} INFO - Sync 1 DAGs
[2025-04-01T16:20:50.426-0500] {logging_mixin.py:190} INFO - [2025-04-01T16:20:50.425-0500] {dag.py:4180} INFO - Setting next_dagrun for example_skip_dag to 2025-03-31 00:00:00+00:00, run_after=2025-04-01 00:00:00+00:00
[2025-04-01T16:20:50.518-0500] {processor.py:208} INFO - Processing /mnt/d/Universidad/ETL/Proyecto_airflow/venv/lib/python3.12/site-packages/airflow/example_dags/example_skip_dag.py took 0.204 seconds
[2025-04-01T16:22:17.625-0500] {processor.py:186} INFO - Started process (PID=4329) to work on /mnt/d/Universidad/ETL/Proyecto_airflow/venv/lib/python3.12/site-packages/airflow/example_dags/example_skip_dag.py
[2025-04-01T16:22:17.626-0500] {processor.py:914} INFO - Processing file /mnt/d/Universidad/ETL/Proyecto_airflow/venv/lib/python3.12/site-packages/airflow/example_dags/example_skip_dag.py for tasks to queue
[2025-04-01T16:22:17.628-0500] {logging_mixin.py:190} INFO - [2025-04-01T16:22:17.628-0500] {dagbag.py:588} INFO - Filling up the DagBag from /mnt/d/Universidad/ETL/Proyecto_airflow/venv/lib/python3.12/site-packages/airflow/example_dags/example_skip_dag.py
[2025-04-01T16:22:17.682-0500] {processor.py:925} INFO - DAG(s) 'example_skip_dag' retrieved from /mnt/d/Universidad/ETL/Proyecto_airflow/venv/lib/python3.12/site-packages/airflow/example_dags/example_skip_dag.py
[2025-04-01T16:22:17.700-0500] {logging_mixin.py:190} INFO - [2025-04-01T16:22:17.699-0500] {dag.py:3239} INFO - Sync 1 DAGs
[2025-04-01T16:22:17.719-0500] {logging_mixin.py:190} INFO - [2025-04-01T16:22:17.718-0500] {dag.py:4180} INFO - Setting next_dagrun for example_skip_dag to 2025-03-31 00:00:00+00:00, run_after=2025-04-01 00:00:00+00:00
[2025-04-01T16:22:17.800-0500] {processor.py:208} INFO - Processing /mnt/d/Universidad/ETL/Proyecto_airflow/venv/lib/python3.12/site-packages/airflow/example_dags/example_skip_dag.py took 0.182 seconds
[2025-04-01T16:23:43.301-0500] {processor.py:186} INFO - Started process (PID=4398) to work on /mnt/d/Universidad/ETL/Proyecto_airflow/venv/lib/python3.12/site-packages/airflow/example_dags/example_skip_dag.py
[2025-04-01T16:23:43.302-0500] {processor.py:914} INFO - Processing file /mnt/d/Universidad/ETL/Proyecto_airflow/venv/lib/python3.12/site-packages/airflow/example_dags/example_skip_dag.py for tasks to queue
[2025-04-01T16:23:43.304-0500] {logging_mixin.py:190} INFO - [2025-04-01T16:23:43.304-0500] {dagbag.py:588} INFO - Filling up the DagBag from /mnt/d/Universidad/ETL/Proyecto_airflow/venv/lib/python3.12/site-packages/airflow/example_dags/example_skip_dag.py
[2025-04-01T16:23:43.358-0500] {processor.py:925} INFO - DAG(s) 'example_skip_dag' retrieved from /mnt/d/Universidad/ETL/Proyecto_airflow/venv/lib/python3.12/site-packages/airflow/example_dags/example_skip_dag.py
[2025-04-01T16:23:43.376-0500] {logging_mixin.py:190} INFO - [2025-04-01T16:23:43.375-0500] {dag.py:3239} INFO - Sync 1 DAGs
[2025-04-01T16:23:43.395-0500] {logging_mixin.py:190} INFO - [2025-04-01T16:23:43.394-0500] {dag.py:4180} INFO - Setting next_dagrun for example_skip_dag to 2025-03-31 00:00:00+00:00, run_after=2025-04-01 00:00:00+00:00
[2025-04-01T16:23:43.499-0500] {processor.py:208} INFO - Processing /mnt/d/Universidad/ETL/Proyecto_airflow/venv/lib/python3.12/site-packages/airflow/example_dags/example_skip_dag.py took 0.206 seconds
[2025-04-01T16:25:18.245-0500] {processor.py:186} INFO - Started process (PID=4469) to work on /mnt/d/Universidad/ETL/Proyecto_airflow/venv/lib/python3.12/site-packages/airflow/example_dags/example_skip_dag.py
[2025-04-01T16:25:18.246-0500] {processor.py:914} INFO - Processing file /mnt/d/Universidad/ETL/Proyecto_airflow/venv/lib/python3.12/site-packages/airflow/example_dags/example_skip_dag.py for tasks to queue
[2025-04-01T16:25:18.248-0500] {logging_mixin.py:190} INFO - [2025-04-01T16:25:18.247-0500] {dagbag.py:588} INFO - Filling up the DagBag from /mnt/d/Universidad/ETL/Proyecto_airflow/venv/lib/python3.12/site-packages/airflow/example_dags/example_skip_dag.py
[2025-04-01T16:25:18.301-0500] {processor.py:925} INFO - DAG(s) 'example_skip_dag' retrieved from /mnt/d/Universidad/ETL/Proyecto_airflow/venv/lib/python3.12/site-packages/airflow/example_dags/example_skip_dag.py
[2025-04-01T16:25:18.319-0500] {logging_mixin.py:190} INFO - [2025-04-01T16:25:18.318-0500] {dag.py:3239} INFO - Sync 1 DAGs
[2025-04-01T16:25:18.337-0500] {logging_mixin.py:190} INFO - [2025-04-01T16:25:18.336-0500] {dag.py:4180} INFO - Setting next_dagrun for example_skip_dag to 2025-03-31 00:00:00+00:00, run_after=2025-04-01 00:00:00+00:00
[2025-04-01T16:25:18.408-0500] {processor.py:208} INFO - Processing /mnt/d/Universidad/ETL/Proyecto_airflow/venv/lib/python3.12/site-packages/airflow/example_dags/example_skip_dag.py took 0.171 seconds
[2025-04-01T16:26:52.937-0500] {processor.py:186} INFO - Started process (PID=4541) to work on /mnt/d/Universidad/ETL/Proyecto_airflow/venv/lib/python3.12/site-packages/airflow/example_dags/example_skip_dag.py
[2025-04-01T16:26:52.938-0500] {processor.py:914} INFO - Processing file /mnt/d/Universidad/ETL/Proyecto_airflow/venv/lib/python3.12/site-packages/airflow/example_dags/example_skip_dag.py for tasks to queue
[2025-04-01T16:26:52.940-0500] {logging_mixin.py:190} INFO - [2025-04-01T16:26:52.939-0500] {dagbag.py:588} INFO - Filling up the DagBag from /mnt/d/Universidad/ETL/Proyecto_airflow/venv/lib/python3.12/site-packages/airflow/example_dags/example_skip_dag.py
[2025-04-01T16:26:52.994-0500] {processor.py:925} INFO - DAG(s) 'example_skip_dag' retrieved from /mnt/d/Universidad/ETL/Proyecto_airflow/venv/lib/python3.12/site-packages/airflow/example_dags/example_skip_dag.py
[2025-04-01T16:26:53.013-0500] {logging_mixin.py:190} INFO - [2025-04-01T16:26:53.012-0500] {dag.py:3239} INFO - Sync 1 DAGs
[2025-04-01T16:26:53.033-0500] {logging_mixin.py:190} INFO - [2025-04-01T16:26:53.032-0500] {dag.py:4180} INFO - Setting next_dagrun for example_skip_dag to 2025-03-31 00:00:00+00:00, run_after=2025-04-01 00:00:00+00:00
[2025-04-01T16:26:53.113-0500] {processor.py:208} INFO - Processing /mnt/d/Universidad/ETL/Proyecto_airflow/venv/lib/python3.12/site-packages/airflow/example_dags/example_skip_dag.py took 0.184 seconds
[2025-04-01T16:28:23.844-0500] {processor.py:186} INFO - Started process (PID=4612) to work on /mnt/d/Universidad/ETL/Proyecto_airflow/venv/lib/python3.12/site-packages/airflow/example_dags/example_skip_dag.py
[2025-04-01T16:28:23.845-0500] {processor.py:914} INFO - Processing file /mnt/d/Universidad/ETL/Proyecto_airflow/venv/lib/python3.12/site-packages/airflow/example_dags/example_skip_dag.py for tasks to queue
[2025-04-01T16:28:23.847-0500] {logging_mixin.py:190} INFO - [2025-04-01T16:28:23.846-0500] {dagbag.py:588} INFO - Filling up the DagBag from /mnt/d/Universidad/ETL/Proyecto_airflow/venv/lib/python3.12/site-packages/airflow/example_dags/example_skip_dag.py
[2025-04-01T16:28:23.900-0500] {processor.py:925} INFO - DAG(s) 'example_skip_dag' retrieved from /mnt/d/Universidad/ETL/Proyecto_airflow/venv/lib/python3.12/site-packages/airflow/example_dags/example_skip_dag.py
[2025-04-01T16:28:23.919-0500] {logging_mixin.py:190} INFO - [2025-04-01T16:28:23.918-0500] {dag.py:3239} INFO - Sync 1 DAGs
[2025-04-01T16:28:23.938-0500] {logging_mixin.py:190} INFO - [2025-04-01T16:28:23.937-0500] {dag.py:4180} INFO - Setting next_dagrun for example_skip_dag to 2025-03-31 00:00:00+00:00, run_after=2025-04-01 00:00:00+00:00
[2025-04-01T16:28:24.018-0500] {processor.py:208} INFO - Processing /mnt/d/Universidad/ETL/Proyecto_airflow/venv/lib/python3.12/site-packages/airflow/example_dags/example_skip_dag.py took 0.182 seconds
[2025-04-01T16:29:57.305-0500] {processor.py:186} INFO - Started process (PID=4683) to work on /mnt/d/Universidad/ETL/Proyecto_airflow/venv/lib/python3.12/site-packages/airflow/example_dags/example_skip_dag.py
[2025-04-01T16:29:57.306-0500] {processor.py:914} INFO - Processing file /mnt/d/Universidad/ETL/Proyecto_airflow/venv/lib/python3.12/site-packages/airflow/example_dags/example_skip_dag.py for tasks to queue
[2025-04-01T16:29:57.308-0500] {logging_mixin.py:190} INFO - [2025-04-01T16:29:57.307-0500] {dagbag.py:588} INFO - Filling up the DagBag from /mnt/d/Universidad/ETL/Proyecto_airflow/venv/lib/python3.12/site-packages/airflow/example_dags/example_skip_dag.py
[2025-04-01T16:29:57.362-0500] {processor.py:925} INFO - DAG(s) 'example_skip_dag' retrieved from /mnt/d/Universidad/ETL/Proyecto_airflow/venv/lib/python3.12/site-packages/airflow/example_dags/example_skip_dag.py
[2025-04-01T16:29:57.380-0500] {logging_mixin.py:190} INFO - [2025-04-01T16:29:57.380-0500] {dag.py:3239} INFO - Sync 1 DAGs
[2025-04-01T16:29:57.399-0500] {logging_mixin.py:190} INFO - [2025-04-01T16:29:57.399-0500] {dag.py:4180} INFO - Setting next_dagrun for example_skip_dag to 2025-03-31 00:00:00+00:00, run_after=2025-04-01 00:00:00+00:00
[2025-04-01T16:29:57.480-0500] {processor.py:208} INFO - Processing /mnt/d/Universidad/ETL/Proyecto_airflow/venv/lib/python3.12/site-packages/airflow/example_dags/example_skip_dag.py took 0.184 seconds
[2025-04-01T16:31:28.154-0500] {processor.py:186} INFO - Started process (PID=4753) to work on /mnt/d/Universidad/ETL/Proyecto_airflow/venv/lib/python3.12/site-packages/airflow/example_dags/example_skip_dag.py
[2025-04-01T16:31:28.155-0500] {processor.py:914} INFO - Processing file /mnt/d/Universidad/ETL/Proyecto_airflow/venv/lib/python3.12/site-packages/airflow/example_dags/example_skip_dag.py for tasks to queue
[2025-04-01T16:31:28.157-0500] {logging_mixin.py:190} INFO - [2025-04-01T16:31:28.157-0500] {dagbag.py:588} INFO - Filling up the DagBag from /mnt/d/Universidad/ETL/Proyecto_airflow/venv/lib/python3.12/site-packages/airflow/example_dags/example_skip_dag.py
[2025-04-01T16:31:28.214-0500] {processor.py:925} INFO - DAG(s) 'example_skip_dag' retrieved from /mnt/d/Universidad/ETL/Proyecto_airflow/venv/lib/python3.12/site-packages/airflow/example_dags/example_skip_dag.py
[2025-04-01T16:31:28.234-0500] {logging_mixin.py:190} INFO - [2025-04-01T16:31:28.233-0500] {dag.py:3239} INFO - Sync 1 DAGs
[2025-04-01T16:31:28.254-0500] {logging_mixin.py:190} INFO - [2025-04-01T16:31:28.254-0500] {dag.py:4180} INFO - Setting next_dagrun for example_skip_dag to 2025-03-31 00:00:00+00:00, run_after=2025-04-01 00:00:00+00:00
[2025-04-01T16:31:28.364-0500] {processor.py:208} INFO - Processing /mnt/d/Universidad/ETL/Proyecto_airflow/venv/lib/python3.12/site-packages/airflow/example_dags/example_skip_dag.py took 0.218 seconds
[2025-04-01T16:33:04.039-0500] {processor.py:186} INFO - Started process (PID=4827) to work on /mnt/d/Universidad/ETL/Proyecto_airflow/venv/lib/python3.12/site-packages/airflow/example_dags/example_skip_dag.py
[2025-04-01T16:33:04.040-0500] {processor.py:914} INFO - Processing file /mnt/d/Universidad/ETL/Proyecto_airflow/venv/lib/python3.12/site-packages/airflow/example_dags/example_skip_dag.py for tasks to queue
[2025-04-01T16:33:04.043-0500] {logging_mixin.py:190} INFO - [2025-04-01T16:33:04.042-0500] {dagbag.py:588} INFO - Filling up the DagBag from /mnt/d/Universidad/ETL/Proyecto_airflow/venv/lib/python3.12/site-packages/airflow/example_dags/example_skip_dag.py
[2025-04-01T16:33:04.097-0500] {processor.py:925} INFO - DAG(s) 'example_skip_dag' retrieved from /mnt/d/Universidad/ETL/Proyecto_airflow/venv/lib/python3.12/site-packages/airflow/example_dags/example_skip_dag.py
[2025-04-01T16:33:04.115-0500] {logging_mixin.py:190} INFO - [2025-04-01T16:33:04.114-0500] {dag.py:3239} INFO - Sync 1 DAGs
[2025-04-01T16:33:04.134-0500] {logging_mixin.py:190} INFO - [2025-04-01T16:33:04.134-0500] {dag.py:4180} INFO - Setting next_dagrun for example_skip_dag to 2025-03-31 00:00:00+00:00, run_after=2025-04-01 00:00:00+00:00
[2025-04-01T16:33:04.207-0500] {processor.py:208} INFO - Processing /mnt/d/Universidad/ETL/Proyecto_airflow/venv/lib/python3.12/site-packages/airflow/example_dags/example_skip_dag.py took 0.176 seconds
[2025-04-01T16:34:31.142-0500] {processor.py:186} INFO - Started process (PID=4895) to work on /mnt/d/Universidad/ETL/Proyecto_airflow/venv/lib/python3.12/site-packages/airflow/example_dags/example_skip_dag.py
[2025-04-01T16:34:31.143-0500] {processor.py:914} INFO - Processing file /mnt/d/Universidad/ETL/Proyecto_airflow/venv/lib/python3.12/site-packages/airflow/example_dags/example_skip_dag.py for tasks to queue
[2025-04-01T16:34:31.146-0500] {logging_mixin.py:190} INFO - [2025-04-01T16:34:31.145-0500] {dagbag.py:588} INFO - Filling up the DagBag from /mnt/d/Universidad/ETL/Proyecto_airflow/venv/lib/python3.12/site-packages/airflow/example_dags/example_skip_dag.py
[2025-04-01T16:34:31.199-0500] {processor.py:925} INFO - DAG(s) 'example_skip_dag' retrieved from /mnt/d/Universidad/ETL/Proyecto_airflow/venv/lib/python3.12/site-packages/airflow/example_dags/example_skip_dag.py
[2025-04-01T16:34:31.217-0500] {logging_mixin.py:190} INFO - [2025-04-01T16:34:31.217-0500] {dag.py:3239} INFO - Sync 1 DAGs
[2025-04-01T16:34:31.238-0500] {logging_mixin.py:190} INFO - [2025-04-01T16:34:31.237-0500] {dag.py:4180} INFO - Setting next_dagrun for example_skip_dag to 2025-03-31 00:00:00+00:00, run_after=2025-04-01 00:00:00+00:00
[2025-04-01T16:34:31.307-0500] {processor.py:208} INFO - Processing /mnt/d/Universidad/ETL/Proyecto_airflow/venv/lib/python3.12/site-packages/airflow/example_dags/example_skip_dag.py took 0.173 seconds
[2025-04-01T16:35:57.247-0500] {processor.py:186} INFO - Started process (PID=4964) to work on /mnt/d/Universidad/ETL/Proyecto_airflow/venv/lib/python3.12/site-packages/airflow/example_dags/example_skip_dag.py
[2025-04-01T16:35:57.248-0500] {processor.py:914} INFO - Processing file /mnt/d/Universidad/ETL/Proyecto_airflow/venv/lib/python3.12/site-packages/airflow/example_dags/example_skip_dag.py for tasks to queue
[2025-04-01T16:35:57.251-0500] {logging_mixin.py:190} INFO - [2025-04-01T16:35:57.250-0500] {dagbag.py:588} INFO - Filling up the DagBag from /mnt/d/Universidad/ETL/Proyecto_airflow/venv/lib/python3.12/site-packages/airflow/example_dags/example_skip_dag.py
[2025-04-01T16:35:57.305-0500] {processor.py:925} INFO - DAG(s) 'example_skip_dag' retrieved from /mnt/d/Universidad/ETL/Proyecto_airflow/venv/lib/python3.12/site-packages/airflow/example_dags/example_skip_dag.py
[2025-04-01T16:35:57.323-0500] {logging_mixin.py:190} INFO - [2025-04-01T16:35:57.323-0500] {dag.py:3239} INFO - Sync 1 DAGs
[2025-04-01T16:35:57.343-0500] {logging_mixin.py:190} INFO - [2025-04-01T16:35:57.342-0500] {dag.py:4180} INFO - Setting next_dagrun for example_skip_dag to 2025-03-31 00:00:00+00:00, run_after=2025-04-01 00:00:00+00:00
[2025-04-01T16:35:57.422-0500] {processor.py:208} INFO - Processing /mnt/d/Universidad/ETL/Proyecto_airflow/venv/lib/python3.12/site-packages/airflow/example_dags/example_skip_dag.py took 0.183 seconds
[2025-04-01T16:37:31.722-0500] {processor.py:186} INFO - Started process (PID=5034) to work on /mnt/d/Universidad/ETL/Proyecto_airflow/venv/lib/python3.12/site-packages/airflow/example_dags/example_skip_dag.py
[2025-04-01T16:37:31.723-0500] {processor.py:914} INFO - Processing file /mnt/d/Universidad/ETL/Proyecto_airflow/venv/lib/python3.12/site-packages/airflow/example_dags/example_skip_dag.py for tasks to queue
[2025-04-01T16:37:31.726-0500] {logging_mixin.py:190} INFO - [2025-04-01T16:37:31.725-0500] {dagbag.py:588} INFO - Filling up the DagBag from /mnt/d/Universidad/ETL/Proyecto_airflow/venv/lib/python3.12/site-packages/airflow/example_dags/example_skip_dag.py
[2025-04-01T16:37:31.779-0500] {processor.py:925} INFO - DAG(s) 'example_skip_dag' retrieved from /mnt/d/Universidad/ETL/Proyecto_airflow/venv/lib/python3.12/site-packages/airflow/example_dags/example_skip_dag.py
[2025-04-01T16:37:31.799-0500] {logging_mixin.py:190} INFO - [2025-04-01T16:37:31.798-0500] {dag.py:3239} INFO - Sync 1 DAGs
[2025-04-01T16:37:31.819-0500] {logging_mixin.py:190} INFO - [2025-04-01T16:37:31.819-0500] {dag.py:4180} INFO - Setting next_dagrun for example_skip_dag to 2025-03-31 00:00:00+00:00, run_after=2025-04-01 00:00:00+00:00
[2025-04-01T16:37:31.930-0500] {processor.py:208} INFO - Processing /mnt/d/Universidad/ETL/Proyecto_airflow/venv/lib/python3.12/site-packages/airflow/example_dags/example_skip_dag.py took 0.216 seconds
[2025-04-01T16:39:04.506-0500] {processor.py:186} INFO - Started process (PID=5104) to work on /mnt/d/Universidad/ETL/Proyecto_airflow/venv/lib/python3.12/site-packages/airflow/example_dags/example_skip_dag.py
[2025-04-01T16:39:04.507-0500] {processor.py:914} INFO - Processing file /mnt/d/Universidad/ETL/Proyecto_airflow/venv/lib/python3.12/site-packages/airflow/example_dags/example_skip_dag.py for tasks to queue
[2025-04-01T16:39:04.509-0500] {logging_mixin.py:190} INFO - [2025-04-01T16:39:04.509-0500] {dagbag.py:588} INFO - Filling up the DagBag from /mnt/d/Universidad/ETL/Proyecto_airflow/venv/lib/python3.12/site-packages/airflow/example_dags/example_skip_dag.py
[2025-04-01T16:39:04.564-0500] {processor.py:925} INFO - DAG(s) 'example_skip_dag' retrieved from /mnt/d/Universidad/ETL/Proyecto_airflow/venv/lib/python3.12/site-packages/airflow/example_dags/example_skip_dag.py
[2025-04-01T16:39:04.583-0500] {logging_mixin.py:190} INFO - [2025-04-01T16:39:04.582-0500] {dag.py:3239} INFO - Sync 1 DAGs
[2025-04-01T16:39:04.602-0500] {logging_mixin.py:190} INFO - [2025-04-01T16:39:04.601-0500] {dag.py:4180} INFO - Setting next_dagrun for example_skip_dag to 2025-03-31 00:00:00+00:00, run_after=2025-04-01 00:00:00+00:00
[2025-04-01T16:39:04.708-0500] {processor.py:208} INFO - Processing /mnt/d/Universidad/ETL/Proyecto_airflow/venv/lib/python3.12/site-packages/airflow/example_dags/example_skip_dag.py took 0.210 seconds
[2025-04-01T16:40:38.391-0500] {processor.py:186} INFO - Started process (PID=5177) to work on /mnt/d/Universidad/ETL/Proyecto_airflow/venv/lib/python3.12/site-packages/airflow/example_dags/example_skip_dag.py
[2025-04-01T16:40:38.413-0500] {processor.py:914} INFO - Processing file /mnt/d/Universidad/ETL/Proyecto_airflow/venv/lib/python3.12/site-packages/airflow/example_dags/example_skip_dag.py for tasks to queue
[2025-04-01T16:40:38.416-0500] {logging_mixin.py:190} INFO - [2025-04-01T16:40:38.415-0500] {dagbag.py:588} INFO - Filling up the DagBag from /mnt/d/Universidad/ETL/Proyecto_airflow/venv/lib/python3.12/site-packages/airflow/example_dags/example_skip_dag.py
[2025-04-01T16:40:38.471-0500] {processor.py:925} INFO - DAG(s) 'example_skip_dag' retrieved from /mnt/d/Universidad/ETL/Proyecto_airflow/venv/lib/python3.12/site-packages/airflow/example_dags/example_skip_dag.py
[2025-04-01T16:40:38.490-0500] {logging_mixin.py:190} INFO - [2025-04-01T16:40:38.489-0500] {dag.py:3239} INFO - Sync 1 DAGs
[2025-04-01T16:40:38.512-0500] {logging_mixin.py:190} INFO - [2025-04-01T16:40:38.511-0500] {dag.py:4180} INFO - Setting next_dagrun for example_skip_dag to 2025-03-31 00:00:00+00:00, run_after=2025-04-01 00:00:00+00:00
[2025-04-01T16:40:38.620-0500] {processor.py:208} INFO - Processing /mnt/d/Universidad/ETL/Proyecto_airflow/venv/lib/python3.12/site-packages/airflow/example_dags/example_skip_dag.py took 0.237 seconds
[2025-04-01T16:42:17.370-0500] {processor.py:186} INFO - Started process (PID=5250) to work on /mnt/d/Universidad/ETL/Proyecto_airflow/venv/lib/python3.12/site-packages/airflow/example_dags/example_skip_dag.py
[2025-04-01T16:42:17.371-0500] {processor.py:914} INFO - Processing file /mnt/d/Universidad/ETL/Proyecto_airflow/venv/lib/python3.12/site-packages/airflow/example_dags/example_skip_dag.py for tasks to queue
[2025-04-01T16:42:17.374-0500] {logging_mixin.py:190} INFO - [2025-04-01T16:42:17.373-0500] {dagbag.py:588} INFO - Filling up the DagBag from /mnt/d/Universidad/ETL/Proyecto_airflow/venv/lib/python3.12/site-packages/airflow/example_dags/example_skip_dag.py
[2025-04-01T16:42:17.427-0500] {processor.py:925} INFO - DAG(s) 'example_skip_dag' retrieved from /mnt/d/Universidad/ETL/Proyecto_airflow/venv/lib/python3.12/site-packages/airflow/example_dags/example_skip_dag.py
[2025-04-01T16:42:17.445-0500] {logging_mixin.py:190} INFO - [2025-04-01T16:42:17.445-0500] {dag.py:3239} INFO - Sync 1 DAGs
[2025-04-01T16:42:17.465-0500] {logging_mixin.py:190} INFO - [2025-04-01T16:42:17.464-0500] {dag.py:4180} INFO - Setting next_dagrun for example_skip_dag to 2025-03-31 00:00:00+00:00, run_after=2025-04-01 00:00:00+00:00
[2025-04-01T16:42:17.544-0500] {processor.py:208} INFO - Processing /mnt/d/Universidad/ETL/Proyecto_airflow/venv/lib/python3.12/site-packages/airflow/example_dags/example_skip_dag.py took 0.181 seconds
[2025-04-01T16:43:51.173-0500] {processor.py:186} INFO - Started process (PID=5320) to work on /mnt/d/Universidad/ETL/Proyecto_airflow/venv/lib/python3.12/site-packages/airflow/example_dags/example_skip_dag.py
[2025-04-01T16:43:51.174-0500] {processor.py:914} INFO - Processing file /mnt/d/Universidad/ETL/Proyecto_airflow/venv/lib/python3.12/site-packages/airflow/example_dags/example_skip_dag.py for tasks to queue
[2025-04-01T16:43:51.177-0500] {logging_mixin.py:190} INFO - [2025-04-01T16:43:51.176-0500] {dagbag.py:588} INFO - Filling up the DagBag from /mnt/d/Universidad/ETL/Proyecto_airflow/venv/lib/python3.12/site-packages/airflow/example_dags/example_skip_dag.py
[2025-04-01T16:43:51.230-0500] {processor.py:925} INFO - DAG(s) 'example_skip_dag' retrieved from /mnt/d/Universidad/ETL/Proyecto_airflow/venv/lib/python3.12/site-packages/airflow/example_dags/example_skip_dag.py
[2025-04-01T16:43:51.248-0500] {logging_mixin.py:190} INFO - [2025-04-01T16:43:51.247-0500] {dag.py:3239} INFO - Sync 1 DAGs
[2025-04-01T16:43:51.266-0500] {logging_mixin.py:190} INFO - [2025-04-01T16:43:51.266-0500] {dag.py:4180} INFO - Setting next_dagrun for example_skip_dag to 2025-03-31 00:00:00+00:00, run_after=2025-04-01 00:00:00+00:00
[2025-04-01T16:43:51.347-0500] {processor.py:208} INFO - Processing /mnt/d/Universidad/ETL/Proyecto_airflow/venv/lib/python3.12/site-packages/airflow/example_dags/example_skip_dag.py took 0.182 seconds
[2025-04-01T16:45:24.861-0500] {processor.py:186} INFO - Started process (PID=5391) to work on /mnt/d/Universidad/ETL/Proyecto_airflow/venv/lib/python3.12/site-packages/airflow/example_dags/example_skip_dag.py
[2025-04-01T16:45:24.863-0500] {processor.py:914} INFO - Processing file /mnt/d/Universidad/ETL/Proyecto_airflow/venv/lib/python3.12/site-packages/airflow/example_dags/example_skip_dag.py for tasks to queue
[2025-04-01T16:45:24.865-0500] {logging_mixin.py:190} INFO - [2025-04-01T16:45:24.864-0500] {dagbag.py:588} INFO - Filling up the DagBag from /mnt/d/Universidad/ETL/Proyecto_airflow/venv/lib/python3.12/site-packages/airflow/example_dags/example_skip_dag.py
[2025-04-01T16:45:24.919-0500] {processor.py:925} INFO - DAG(s) 'example_skip_dag' retrieved from /mnt/d/Universidad/ETL/Proyecto_airflow/venv/lib/python3.12/site-packages/airflow/example_dags/example_skip_dag.py
[2025-04-01T16:45:24.938-0500] {logging_mixin.py:190} INFO - [2025-04-01T16:45:24.937-0500] {dag.py:3239} INFO - Sync 1 DAGs
[2025-04-01T16:45:24.957-0500] {logging_mixin.py:190} INFO - [2025-04-01T16:45:24.956-0500] {dag.py:4180} INFO - Setting next_dagrun for example_skip_dag to 2025-03-31 00:00:00+00:00, run_after=2025-04-01 00:00:00+00:00
[2025-04-01T16:45:25.053-0500] {processor.py:208} INFO - Processing /mnt/d/Universidad/ETL/Proyecto_airflow/venv/lib/python3.12/site-packages/airflow/example_dags/example_skip_dag.py took 0.200 seconds
[2025-04-01T16:47:02.959-0500] {processor.py:186} INFO - Started process (PID=5465) to work on /mnt/d/Universidad/ETL/Proyecto_airflow/venv/lib/python3.12/site-packages/airflow/example_dags/example_skip_dag.py
[2025-04-01T16:47:02.960-0500] {processor.py:914} INFO - Processing file /mnt/d/Universidad/ETL/Proyecto_airflow/venv/lib/python3.12/site-packages/airflow/example_dags/example_skip_dag.py for tasks to queue
[2025-04-01T16:47:02.962-0500] {logging_mixin.py:190} INFO - [2025-04-01T16:47:02.961-0500] {dagbag.py:588} INFO - Filling up the DagBag from /mnt/d/Universidad/ETL/Proyecto_airflow/venv/lib/python3.12/site-packages/airflow/example_dags/example_skip_dag.py
[2025-04-01T16:47:03.014-0500] {processor.py:925} INFO - DAG(s) 'example_skip_dag' retrieved from /mnt/d/Universidad/ETL/Proyecto_airflow/venv/lib/python3.12/site-packages/airflow/example_dags/example_skip_dag.py
[2025-04-01T16:47:03.032-0500] {logging_mixin.py:190} INFO - [2025-04-01T16:47:03.032-0500] {dag.py:3239} INFO - Sync 1 DAGs
[2025-04-01T16:47:03.051-0500] {logging_mixin.py:190} INFO - [2025-04-01T16:47:03.050-0500] {dag.py:4180} INFO - Setting next_dagrun for example_skip_dag to 2025-03-31 00:00:00+00:00, run_after=2025-04-01 00:00:00+00:00
[2025-04-01T16:47:03.154-0500] {processor.py:208} INFO - Processing /mnt/d/Universidad/ETL/Proyecto_airflow/venv/lib/python3.12/site-packages/airflow/example_dags/example_skip_dag.py took 0.203 seconds
[2025-04-01T16:48:34.277-0500] {processor.py:186} INFO - Started process (PID=5534) to work on /mnt/d/Universidad/ETL/Proyecto_airflow/venv/lib/python3.12/site-packages/airflow/example_dags/example_skip_dag.py
[2025-04-01T16:48:34.278-0500] {processor.py:914} INFO - Processing file /mnt/d/Universidad/ETL/Proyecto_airflow/venv/lib/python3.12/site-packages/airflow/example_dags/example_skip_dag.py for tasks to queue
[2025-04-01T16:48:34.280-0500] {logging_mixin.py:190} INFO - [2025-04-01T16:48:34.280-0500] {dagbag.py:588} INFO - Filling up the DagBag from /mnt/d/Universidad/ETL/Proyecto_airflow/venv/lib/python3.12/site-packages/airflow/example_dags/example_skip_dag.py
[2025-04-01T16:48:34.332-0500] {processor.py:925} INFO - DAG(s) 'example_skip_dag' retrieved from /mnt/d/Universidad/ETL/Proyecto_airflow/venv/lib/python3.12/site-packages/airflow/example_dags/example_skip_dag.py
[2025-04-01T16:48:34.351-0500] {logging_mixin.py:190} INFO - [2025-04-01T16:48:34.350-0500] {dag.py:3239} INFO - Sync 1 DAGs
[2025-04-01T16:48:34.369-0500] {logging_mixin.py:190} INFO - [2025-04-01T16:48:34.368-0500] {dag.py:4180} INFO - Setting next_dagrun for example_skip_dag to 2025-03-31 00:00:00+00:00, run_after=2025-04-01 00:00:00+00:00
[2025-04-01T16:48:34.470-0500] {processor.py:208} INFO - Processing /mnt/d/Universidad/ETL/Proyecto_airflow/venv/lib/python3.12/site-packages/airflow/example_dags/example_skip_dag.py took 0.201 seconds
[2025-04-01T16:50:03.845-0500] {processor.py:186} INFO - Started process (PID=5603) to work on /mnt/d/Universidad/ETL/Proyecto_airflow/venv/lib/python3.12/site-packages/airflow/example_dags/example_skip_dag.py
[2025-04-01T16:50:03.846-0500] {processor.py:914} INFO - Processing file /mnt/d/Universidad/ETL/Proyecto_airflow/venv/lib/python3.12/site-packages/airflow/example_dags/example_skip_dag.py for tasks to queue
[2025-04-01T16:50:03.849-0500] {logging_mixin.py:190} INFO - [2025-04-01T16:50:03.848-0500] {dagbag.py:588} INFO - Filling up the DagBag from /mnt/d/Universidad/ETL/Proyecto_airflow/venv/lib/python3.12/site-packages/airflow/example_dags/example_skip_dag.py
[2025-04-01T16:50:03.906-0500] {processor.py:925} INFO - DAG(s) 'example_skip_dag' retrieved from /mnt/d/Universidad/ETL/Proyecto_airflow/venv/lib/python3.12/site-packages/airflow/example_dags/example_skip_dag.py
[2025-04-01T16:50:03.926-0500] {logging_mixin.py:190} INFO - [2025-04-01T16:50:03.925-0500] {dag.py:3239} INFO - Sync 1 DAGs
[2025-04-01T16:50:03.946-0500] {logging_mixin.py:190} INFO - [2025-04-01T16:50:03.945-0500] {dag.py:4180} INFO - Setting next_dagrun for example_skip_dag to 2025-03-31 00:00:00+00:00, run_after=2025-04-01 00:00:00+00:00
[2025-04-01T16:50:04.050-0500] {processor.py:208} INFO - Processing /mnt/d/Universidad/ETL/Proyecto_airflow/venv/lib/python3.12/site-packages/airflow/example_dags/example_skip_dag.py took 0.213 seconds
[2025-04-01T16:51:40.982-0500] {processor.py:186} INFO - Started process (PID=5676) to work on /mnt/d/Universidad/ETL/Proyecto_airflow/venv/lib/python3.12/site-packages/airflow/example_dags/example_skip_dag.py
[2025-04-01T16:51:40.984-0500] {processor.py:914} INFO - Processing file /mnt/d/Universidad/ETL/Proyecto_airflow/venv/lib/python3.12/site-packages/airflow/example_dags/example_skip_dag.py for tasks to queue
[2025-04-01T16:51:40.986-0500] {logging_mixin.py:190} INFO - [2025-04-01T16:51:40.985-0500] {dagbag.py:588} INFO - Filling up the DagBag from /mnt/d/Universidad/ETL/Proyecto_airflow/venv/lib/python3.12/site-packages/airflow/example_dags/example_skip_dag.py
[2025-04-01T16:51:41.038-0500] {processor.py:925} INFO - DAG(s) 'example_skip_dag' retrieved from /mnt/d/Universidad/ETL/Proyecto_airflow/venv/lib/python3.12/site-packages/airflow/example_dags/example_skip_dag.py
[2025-04-01T16:51:41.058-0500] {logging_mixin.py:190} INFO - [2025-04-01T16:51:41.057-0500] {dag.py:3239} INFO - Sync 1 DAGs
[2025-04-01T16:51:41.078-0500] {logging_mixin.py:190} INFO - [2025-04-01T16:51:41.077-0500] {dag.py:4180} INFO - Setting next_dagrun for example_skip_dag to 2025-03-31 00:00:00+00:00, run_after=2025-04-01 00:00:00+00:00
[2025-04-01T16:51:41.199-0500] {processor.py:208} INFO - Processing /mnt/d/Universidad/ETL/Proyecto_airflow/venv/lib/python3.12/site-packages/airflow/example_dags/example_skip_dag.py took 0.225 seconds
[2025-04-01T16:53:17.990-0500] {processor.py:186} INFO - Started process (PID=5748) to work on /mnt/d/Universidad/ETL/Proyecto_airflow/venv/lib/python3.12/site-packages/airflow/example_dags/example_skip_dag.py
[2025-04-01T16:53:17.992-0500] {processor.py:914} INFO - Processing file /mnt/d/Universidad/ETL/Proyecto_airflow/venv/lib/python3.12/site-packages/airflow/example_dags/example_skip_dag.py for tasks to queue
[2025-04-01T16:53:17.994-0500] {logging_mixin.py:190} INFO - [2025-04-01T16:53:17.993-0500] {dagbag.py:588} INFO - Filling up the DagBag from /mnt/d/Universidad/ETL/Proyecto_airflow/venv/lib/python3.12/site-packages/airflow/example_dags/example_skip_dag.py
[2025-04-01T16:53:18.047-0500] {processor.py:925} INFO - DAG(s) 'example_skip_dag' retrieved from /mnt/d/Universidad/ETL/Proyecto_airflow/venv/lib/python3.12/site-packages/airflow/example_dags/example_skip_dag.py
[2025-04-01T16:53:18.066-0500] {logging_mixin.py:190} INFO - [2025-04-01T16:53:18.065-0500] {dag.py:3239} INFO - Sync 1 DAGs
[2025-04-01T16:53:18.085-0500] {logging_mixin.py:190} INFO - [2025-04-01T16:53:18.084-0500] {dag.py:4180} INFO - Setting next_dagrun for example_skip_dag to 2025-03-31 00:00:00+00:00, run_after=2025-04-01 00:00:00+00:00
[2025-04-01T16:53:18.253-0500] {processor.py:208} INFO - Processing /mnt/d/Universidad/ETL/Proyecto_airflow/venv/lib/python3.12/site-packages/airflow/example_dags/example_skip_dag.py took 0.271 seconds
[2025-04-01T16:54:54.042-0500] {processor.py:186} INFO - Started process (PID=5820) to work on /mnt/d/Universidad/ETL/Proyecto_airflow/venv/lib/python3.12/site-packages/airflow/example_dags/example_skip_dag.py
[2025-04-01T16:54:54.043-0500] {processor.py:914} INFO - Processing file /mnt/d/Universidad/ETL/Proyecto_airflow/venv/lib/python3.12/site-packages/airflow/example_dags/example_skip_dag.py for tasks to queue
[2025-04-01T16:54:54.046-0500] {logging_mixin.py:190} INFO - [2025-04-01T16:54:54.045-0500] {dagbag.py:588} INFO - Filling up the DagBag from /mnt/d/Universidad/ETL/Proyecto_airflow/venv/lib/python3.12/site-packages/airflow/example_dags/example_skip_dag.py
[2025-04-01T16:54:54.099-0500] {processor.py:925} INFO - DAG(s) 'example_skip_dag' retrieved from /mnt/d/Universidad/ETL/Proyecto_airflow/venv/lib/python3.12/site-packages/airflow/example_dags/example_skip_dag.py
[2025-04-01T16:54:54.117-0500] {logging_mixin.py:190} INFO - [2025-04-01T16:54:54.116-0500] {dag.py:3239} INFO - Sync 1 DAGs
[2025-04-01T16:54:54.136-0500] {logging_mixin.py:190} INFO - [2025-04-01T16:54:54.135-0500] {dag.py:4180} INFO - Setting next_dagrun for example_skip_dag to 2025-03-31 00:00:00+00:00, run_after=2025-04-01 00:00:00+00:00
[2025-04-01T16:54:54.232-0500] {processor.py:208} INFO - Processing /mnt/d/Universidad/ETL/Proyecto_airflow/venv/lib/python3.12/site-packages/airflow/example_dags/example_skip_dag.py took 0.198 seconds
[2025-04-01T16:56:25.206-0500] {processor.py:186} INFO - Started process (PID=5891) to work on /mnt/d/Universidad/ETL/Proyecto_airflow/venv/lib/python3.12/site-packages/airflow/example_dags/example_skip_dag.py
[2025-04-01T16:56:25.207-0500] {processor.py:914} INFO - Processing file /mnt/d/Universidad/ETL/Proyecto_airflow/venv/lib/python3.12/site-packages/airflow/example_dags/example_skip_dag.py for tasks to queue
[2025-04-01T16:56:25.209-0500] {logging_mixin.py:190} INFO - [2025-04-01T16:56:25.208-0500] {dagbag.py:588} INFO - Filling up the DagBag from /mnt/d/Universidad/ETL/Proyecto_airflow/venv/lib/python3.12/site-packages/airflow/example_dags/example_skip_dag.py
[2025-04-01T16:56:25.263-0500] {processor.py:925} INFO - DAG(s) 'example_skip_dag' retrieved from /mnt/d/Universidad/ETL/Proyecto_airflow/venv/lib/python3.12/site-packages/airflow/example_dags/example_skip_dag.py
[2025-04-01T16:56:25.283-0500] {logging_mixin.py:190} INFO - [2025-04-01T16:56:25.283-0500] {dag.py:3239} INFO - Sync 1 DAGs
[2025-04-01T16:56:25.304-0500] {logging_mixin.py:190} INFO - [2025-04-01T16:56:25.303-0500] {dag.py:4180} INFO - Setting next_dagrun for example_skip_dag to 2025-03-31 00:00:00+00:00, run_after=2025-04-01 00:00:00+00:00
[2025-04-01T16:56:25.421-0500] {processor.py:208} INFO - Processing /mnt/d/Universidad/ETL/Proyecto_airflow/venv/lib/python3.12/site-packages/airflow/example_dags/example_skip_dag.py took 0.223 seconds
[2025-04-01T16:57:57.949-0500] {processor.py:186} INFO - Started process (PID=5961) to work on /mnt/d/Universidad/ETL/Proyecto_airflow/venv/lib/python3.12/site-packages/airflow/example_dags/example_skip_dag.py
[2025-04-01T16:57:57.950-0500] {processor.py:914} INFO - Processing file /mnt/d/Universidad/ETL/Proyecto_airflow/venv/lib/python3.12/site-packages/airflow/example_dags/example_skip_dag.py for tasks to queue
[2025-04-01T16:57:57.953-0500] {logging_mixin.py:190} INFO - [2025-04-01T16:57:57.952-0500] {dagbag.py:588} INFO - Filling up the DagBag from /mnt/d/Universidad/ETL/Proyecto_airflow/venv/lib/python3.12/site-packages/airflow/example_dags/example_skip_dag.py
[2025-04-01T16:57:58.005-0500] {processor.py:925} INFO - DAG(s) 'example_skip_dag' retrieved from /mnt/d/Universidad/ETL/Proyecto_airflow/venv/lib/python3.12/site-packages/airflow/example_dags/example_skip_dag.py
[2025-04-01T16:57:58.024-0500] {logging_mixin.py:190} INFO - [2025-04-01T16:57:58.023-0500] {dag.py:3239} INFO - Sync 1 DAGs
[2025-04-01T16:57:58.043-0500] {logging_mixin.py:190} INFO - [2025-04-01T16:57:58.042-0500] {dag.py:4180} INFO - Setting next_dagrun for example_skip_dag to 2025-03-31 00:00:00+00:00, run_after=2025-04-01 00:00:00+00:00
[2025-04-01T16:57:58.147-0500] {processor.py:208} INFO - Processing /mnt/d/Universidad/ETL/Proyecto_airflow/venv/lib/python3.12/site-packages/airflow/example_dags/example_skip_dag.py took 0.206 seconds
[2025-04-01T16:59:33.199-0500] {processor.py:186} INFO - Started process (PID=6032) to work on /mnt/d/Universidad/ETL/Proyecto_airflow/venv/lib/python3.12/site-packages/airflow/example_dags/example_skip_dag.py
[2025-04-01T16:59:33.200-0500] {processor.py:914} INFO - Processing file /mnt/d/Universidad/ETL/Proyecto_airflow/venv/lib/python3.12/site-packages/airflow/example_dags/example_skip_dag.py for tasks to queue
[2025-04-01T16:59:33.203-0500] {logging_mixin.py:190} INFO - [2025-04-01T16:59:33.202-0500] {dagbag.py:588} INFO - Filling up the DagBag from /mnt/d/Universidad/ETL/Proyecto_airflow/venv/lib/python3.12/site-packages/airflow/example_dags/example_skip_dag.py
[2025-04-01T16:59:33.257-0500] {processor.py:925} INFO - DAG(s) 'example_skip_dag' retrieved from /mnt/d/Universidad/ETL/Proyecto_airflow/venv/lib/python3.12/site-packages/airflow/example_dags/example_skip_dag.py
[2025-04-01T16:59:33.275-0500] {logging_mixin.py:190} INFO - [2025-04-01T16:59:33.275-0500] {dag.py:3239} INFO - Sync 1 DAGs
[2025-04-01T16:59:33.294-0500] {logging_mixin.py:190} INFO - [2025-04-01T16:59:33.293-0500] {dag.py:4180} INFO - Setting next_dagrun for example_skip_dag to 2025-03-31 00:00:00+00:00, run_after=2025-04-01 00:00:00+00:00
[2025-04-01T16:59:33.390-0500] {processor.py:208} INFO - Processing /mnt/d/Universidad/ETL/Proyecto_airflow/venv/lib/python3.12/site-packages/airflow/example_dags/example_skip_dag.py took 0.198 seconds
[2025-04-01T17:01:09.500-0500] {processor.py:186} INFO - Started process (PID=6104) to work on /mnt/d/Universidad/ETL/Proyecto_airflow/venv/lib/python3.12/site-packages/airflow/example_dags/example_skip_dag.py
[2025-04-01T17:01:09.501-0500] {processor.py:914} INFO - Processing file /mnt/d/Universidad/ETL/Proyecto_airflow/venv/lib/python3.12/site-packages/airflow/example_dags/example_skip_dag.py for tasks to queue
[2025-04-01T17:01:09.504-0500] {logging_mixin.py:190} INFO - [2025-04-01T17:01:09.503-0500] {dagbag.py:588} INFO - Filling up the DagBag from /mnt/d/Universidad/ETL/Proyecto_airflow/venv/lib/python3.12/site-packages/airflow/example_dags/example_skip_dag.py
[2025-04-01T17:01:09.559-0500] {processor.py:925} INFO - DAG(s) 'example_skip_dag' retrieved from /mnt/d/Universidad/ETL/Proyecto_airflow/venv/lib/python3.12/site-packages/airflow/example_dags/example_skip_dag.py
[2025-04-01T17:01:09.578-0500] {logging_mixin.py:190} INFO - [2025-04-01T17:01:09.577-0500] {dag.py:3239} INFO - Sync 1 DAGs
[2025-04-01T17:01:09.597-0500] {logging_mixin.py:190} INFO - [2025-04-01T17:01:09.596-0500] {dag.py:4180} INFO - Setting next_dagrun for example_skip_dag to 2025-03-31 00:00:00+00:00, run_after=2025-04-01 00:00:00+00:00
[2025-04-01T17:01:09.699-0500] {processor.py:208} INFO - Processing /mnt/d/Universidad/ETL/Proyecto_airflow/venv/lib/python3.12/site-packages/airflow/example_dags/example_skip_dag.py took 0.206 seconds
[2025-04-01T17:02:42.931-0500] {processor.py:186} INFO - Started process (PID=6174) to work on /mnt/d/Universidad/ETL/Proyecto_airflow/venv/lib/python3.12/site-packages/airflow/example_dags/example_skip_dag.py
[2025-04-01T17:02:42.932-0500] {processor.py:914} INFO - Processing file /mnt/d/Universidad/ETL/Proyecto_airflow/venv/lib/python3.12/site-packages/airflow/example_dags/example_skip_dag.py for tasks to queue
[2025-04-01T17:02:42.934-0500] {logging_mixin.py:190} INFO - [2025-04-01T17:02:42.933-0500] {dagbag.py:588} INFO - Filling up the DagBag from /mnt/d/Universidad/ETL/Proyecto_airflow/venv/lib/python3.12/site-packages/airflow/example_dags/example_skip_dag.py
[2025-04-01T17:02:42.987-0500] {processor.py:925} INFO - DAG(s) 'example_skip_dag' retrieved from /mnt/d/Universidad/ETL/Proyecto_airflow/venv/lib/python3.12/site-packages/airflow/example_dags/example_skip_dag.py
[2025-04-01T17:02:43.007-0500] {logging_mixin.py:190} INFO - [2025-04-01T17:02:43.006-0500] {dag.py:3239} INFO - Sync 1 DAGs
[2025-04-01T17:02:43.027-0500] {logging_mixin.py:190} INFO - [2025-04-01T17:02:43.026-0500] {dag.py:4180} INFO - Setting next_dagrun for example_skip_dag to 2025-03-31 00:00:00+00:00, run_after=2025-04-01 00:00:00+00:00
[2025-04-01T17:02:43.134-0500] {processor.py:208} INFO - Processing /mnt/d/Universidad/ETL/Proyecto_airflow/venv/lib/python3.12/site-packages/airflow/example_dags/example_skip_dag.py took 0.211 seconds
[2025-04-01T17:04:20.865-0500] {processor.py:186} INFO - Started process (PID=6246) to work on /mnt/d/Universidad/ETL/Proyecto_airflow/venv/lib/python3.12/site-packages/airflow/example_dags/example_skip_dag.py
[2025-04-01T17:04:20.866-0500] {processor.py:914} INFO - Processing file /mnt/d/Universidad/ETL/Proyecto_airflow/venv/lib/python3.12/site-packages/airflow/example_dags/example_skip_dag.py for tasks to queue
[2025-04-01T17:04:20.868-0500] {logging_mixin.py:190} INFO - [2025-04-01T17:04:20.868-0500] {dagbag.py:588} INFO - Filling up the DagBag from /mnt/d/Universidad/ETL/Proyecto_airflow/venv/lib/python3.12/site-packages/airflow/example_dags/example_skip_dag.py
[2025-04-01T17:04:20.922-0500] {processor.py:925} INFO - DAG(s) 'example_skip_dag' retrieved from /mnt/d/Universidad/ETL/Proyecto_airflow/venv/lib/python3.12/site-packages/airflow/example_dags/example_skip_dag.py
[2025-04-01T17:04:20.940-0500] {logging_mixin.py:190} INFO - [2025-04-01T17:04:20.940-0500] {dag.py:3239} INFO - Sync 1 DAGs
[2025-04-01T17:04:20.959-0500] {logging_mixin.py:190} INFO - [2025-04-01T17:04:20.959-0500] {dag.py:4180} INFO - Setting next_dagrun for example_skip_dag to 2025-03-31 00:00:00+00:00, run_after=2025-04-01 00:00:00+00:00
[2025-04-01T17:04:21.057-0500] {processor.py:208} INFO - Processing /mnt/d/Universidad/ETL/Proyecto_airflow/venv/lib/python3.12/site-packages/airflow/example_dags/example_skip_dag.py took 0.201 seconds
[2025-04-01T17:05:59.039-0500] {processor.py:186} INFO - Started process (PID=6317) to work on /mnt/d/Universidad/ETL/Proyecto_airflow/venv/lib/python3.12/site-packages/airflow/example_dags/example_skip_dag.py
[2025-04-01T17:05:59.040-0500] {processor.py:914} INFO - Processing file /mnt/d/Universidad/ETL/Proyecto_airflow/venv/lib/python3.12/site-packages/airflow/example_dags/example_skip_dag.py for tasks to queue
[2025-04-01T17:05:59.042-0500] {logging_mixin.py:190} INFO - [2025-04-01T17:05:59.041-0500] {dagbag.py:588} INFO - Filling up the DagBag from /mnt/d/Universidad/ETL/Proyecto_airflow/venv/lib/python3.12/site-packages/airflow/example_dags/example_skip_dag.py
[2025-04-01T17:05:59.094-0500] {processor.py:925} INFO - DAG(s) 'example_skip_dag' retrieved from /mnt/d/Universidad/ETL/Proyecto_airflow/venv/lib/python3.12/site-packages/airflow/example_dags/example_skip_dag.py
[2025-04-01T17:05:59.112-0500] {logging_mixin.py:190} INFO - [2025-04-01T17:05:59.111-0500] {dag.py:3239} INFO - Sync 1 DAGs
[2025-04-01T17:05:59.131-0500] {logging_mixin.py:190} INFO - [2025-04-01T17:05:59.130-0500] {dag.py:4180} INFO - Setting next_dagrun for example_skip_dag to 2025-03-31 00:00:00+00:00, run_after=2025-04-01 00:00:00+00:00
[2025-04-01T17:05:59.237-0500] {processor.py:208} INFO - Processing /mnt/d/Universidad/ETL/Proyecto_airflow/venv/lib/python3.12/site-packages/airflow/example_dags/example_skip_dag.py took 0.206 seconds
[2025-04-01T17:07:34.294-0500] {processor.py:186} INFO - Started process (PID=6390) to work on /mnt/d/Universidad/ETL/Proyecto_airflow/venv/lib/python3.12/site-packages/airflow/example_dags/example_skip_dag.py
[2025-04-01T17:07:34.295-0500] {processor.py:914} INFO - Processing file /mnt/d/Universidad/ETL/Proyecto_airflow/venv/lib/python3.12/site-packages/airflow/example_dags/example_skip_dag.py for tasks to queue
[2025-04-01T17:07:34.298-0500] {logging_mixin.py:190} INFO - [2025-04-01T17:07:34.297-0500] {dagbag.py:588} INFO - Filling up the DagBag from /mnt/d/Universidad/ETL/Proyecto_airflow/venv/lib/python3.12/site-packages/airflow/example_dags/example_skip_dag.py
[2025-04-01T17:07:34.351-0500] {processor.py:925} INFO - DAG(s) 'example_skip_dag' retrieved from /mnt/d/Universidad/ETL/Proyecto_airflow/venv/lib/python3.12/site-packages/airflow/example_dags/example_skip_dag.py
[2025-04-01T17:07:34.371-0500] {logging_mixin.py:190} INFO - [2025-04-01T17:07:34.370-0500] {dag.py:3239} INFO - Sync 1 DAGs
[2025-04-01T17:07:34.391-0500] {logging_mixin.py:190} INFO - [2025-04-01T17:07:34.390-0500] {dag.py:4180} INFO - Setting next_dagrun for example_skip_dag to 2025-03-31 00:00:00+00:00, run_after=2025-04-01 00:00:00+00:00
[2025-04-01T17:07:34.485-0500] {processor.py:208} INFO - Processing /mnt/d/Universidad/ETL/Proyecto_airflow/venv/lib/python3.12/site-packages/airflow/example_dags/example_skip_dag.py took 0.199 seconds
[2025-04-01T17:09:12.941-0500] {processor.py:186} INFO - Started process (PID=6463) to work on /mnt/d/Universidad/ETL/Proyecto_airflow/venv/lib/python3.12/site-packages/airflow/example_dags/example_skip_dag.py
[2025-04-01T17:09:12.943-0500] {processor.py:914} INFO - Processing file /mnt/d/Universidad/ETL/Proyecto_airflow/venv/lib/python3.12/site-packages/airflow/example_dags/example_skip_dag.py for tasks to queue
[2025-04-01T17:09:12.945-0500] {logging_mixin.py:190} INFO - [2025-04-01T17:09:12.944-0500] {dagbag.py:588} INFO - Filling up the DagBag from /mnt/d/Universidad/ETL/Proyecto_airflow/venv/lib/python3.12/site-packages/airflow/example_dags/example_skip_dag.py
[2025-04-01T17:09:12.997-0500] {processor.py:925} INFO - DAG(s) 'example_skip_dag' retrieved from /mnt/d/Universidad/ETL/Proyecto_airflow/venv/lib/python3.12/site-packages/airflow/example_dags/example_skip_dag.py
[2025-04-01T17:09:13.016-0500] {logging_mixin.py:190} INFO - [2025-04-01T17:09:13.015-0500] {dag.py:3239} INFO - Sync 1 DAGs
[2025-04-01T17:09:13.034-0500] {logging_mixin.py:190} INFO - [2025-04-01T17:09:13.033-0500] {dag.py:4180} INFO - Setting next_dagrun for example_skip_dag to 2025-03-31 00:00:00+00:00, run_after=2025-04-01 00:00:00+00:00
[2025-04-01T17:09:13.132-0500] {processor.py:208} INFO - Processing /mnt/d/Universidad/ETL/Proyecto_airflow/venv/lib/python3.12/site-packages/airflow/example_dags/example_skip_dag.py took 0.198 seconds
[2025-04-01T17:10:54.862-0500] {processor.py:186} INFO - Started process (PID=6536) to work on /mnt/d/Universidad/ETL/Proyecto_airflow/venv/lib/python3.12/site-packages/airflow/example_dags/example_skip_dag.py
[2025-04-01T17:10:54.863-0500] {processor.py:914} INFO - Processing file /mnt/d/Universidad/ETL/Proyecto_airflow/venv/lib/python3.12/site-packages/airflow/example_dags/example_skip_dag.py for tasks to queue
[2025-04-01T17:10:54.866-0500] {logging_mixin.py:190} INFO - [2025-04-01T17:10:54.865-0500] {dagbag.py:588} INFO - Filling up the DagBag from /mnt/d/Universidad/ETL/Proyecto_airflow/venv/lib/python3.12/site-packages/airflow/example_dags/example_skip_dag.py
[2025-04-01T17:10:54.918-0500] {processor.py:925} INFO - DAG(s) 'example_skip_dag' retrieved from /mnt/d/Universidad/ETL/Proyecto_airflow/venv/lib/python3.12/site-packages/airflow/example_dags/example_skip_dag.py
[2025-04-01T17:10:54.936-0500] {logging_mixin.py:190} INFO - [2025-04-01T17:10:54.936-0500] {dag.py:3239} INFO - Sync 1 DAGs
[2025-04-01T17:10:54.955-0500] {logging_mixin.py:190} INFO - [2025-04-01T17:10:54.954-0500] {dag.py:4180} INFO - Setting next_dagrun for example_skip_dag to 2025-03-31 00:00:00+00:00, run_after=2025-04-01 00:00:00+00:00
[2025-04-01T17:10:55.062-0500] {processor.py:208} INFO - Processing /mnt/d/Universidad/ETL/Proyecto_airflow/venv/lib/python3.12/site-packages/airflow/example_dags/example_skip_dag.py took 0.208 seconds
[2025-04-01T17:12:39.262-0500] {processor.py:186} INFO - Started process (PID=6611) to work on /mnt/d/Universidad/ETL/Proyecto_airflow/venv/lib/python3.12/site-packages/airflow/example_dags/example_skip_dag.py
[2025-04-01T17:12:39.263-0500] {processor.py:914} INFO - Processing file /mnt/d/Universidad/ETL/Proyecto_airflow/venv/lib/python3.12/site-packages/airflow/example_dags/example_skip_dag.py for tasks to queue
[2025-04-01T17:12:39.266-0500] {logging_mixin.py:190} INFO - [2025-04-01T17:12:39.265-0500] {dagbag.py:588} INFO - Filling up the DagBag from /mnt/d/Universidad/ETL/Proyecto_airflow/venv/lib/python3.12/site-packages/airflow/example_dags/example_skip_dag.py
[2025-04-01T17:12:39.318-0500] {processor.py:925} INFO - DAG(s) 'example_skip_dag' retrieved from /mnt/d/Universidad/ETL/Proyecto_airflow/venv/lib/python3.12/site-packages/airflow/example_dags/example_skip_dag.py
[2025-04-01T17:12:39.337-0500] {logging_mixin.py:190} INFO - [2025-04-01T17:12:39.336-0500] {dag.py:3239} INFO - Sync 1 DAGs
[2025-04-01T17:12:39.355-0500] {logging_mixin.py:190} INFO - [2025-04-01T17:12:39.355-0500] {dag.py:4180} INFO - Setting next_dagrun for example_skip_dag to 2025-03-31 00:00:00+00:00, run_after=2025-04-01 00:00:00+00:00
[2025-04-01T17:12:39.461-0500] {processor.py:208} INFO - Processing /mnt/d/Universidad/ETL/Proyecto_airflow/venv/lib/python3.12/site-packages/airflow/example_dags/example_skip_dag.py took 0.207 seconds
[2025-04-01T17:14:10.957-0500] {processor.py:186} INFO - Started process (PID=6683) to work on /mnt/d/Universidad/ETL/Proyecto_airflow/venv/lib/python3.12/site-packages/airflow/example_dags/example_skip_dag.py
[2025-04-01T17:14:10.958-0500] {processor.py:914} INFO - Processing file /mnt/d/Universidad/ETL/Proyecto_airflow/venv/lib/python3.12/site-packages/airflow/example_dags/example_skip_dag.py for tasks to queue
[2025-04-01T17:14:10.961-0500] {logging_mixin.py:190} INFO - [2025-04-01T17:14:10.960-0500] {dagbag.py:588} INFO - Filling up the DagBag from /mnt/d/Universidad/ETL/Proyecto_airflow/venv/lib/python3.12/site-packages/airflow/example_dags/example_skip_dag.py
[2025-04-01T17:14:11.014-0500] {processor.py:925} INFO - DAG(s) 'example_skip_dag' retrieved from /mnt/d/Universidad/ETL/Proyecto_airflow/venv/lib/python3.12/site-packages/airflow/example_dags/example_skip_dag.py
[2025-04-01T17:14:11.032-0500] {logging_mixin.py:190} INFO - [2025-04-01T17:14:11.032-0500] {dag.py:3239} INFO - Sync 1 DAGs
[2025-04-01T17:14:11.051-0500] {logging_mixin.py:190} INFO - [2025-04-01T17:14:11.051-0500] {dag.py:4180} INFO - Setting next_dagrun for example_skip_dag to 2025-03-31 00:00:00+00:00, run_after=2025-04-01 00:00:00+00:00
[2025-04-01T17:14:11.160-0500] {processor.py:208} INFO - Processing /mnt/d/Universidad/ETL/Proyecto_airflow/venv/lib/python3.12/site-packages/airflow/example_dags/example_skip_dag.py took 0.211 seconds
[2025-04-01T17:15:44.110-0500] {processor.py:186} INFO - Started process (PID=6753) to work on /mnt/d/Universidad/ETL/Proyecto_airflow/venv/lib/python3.12/site-packages/airflow/example_dags/example_skip_dag.py
[2025-04-01T17:15:44.111-0500] {processor.py:914} INFO - Processing file /mnt/d/Universidad/ETL/Proyecto_airflow/venv/lib/python3.12/site-packages/airflow/example_dags/example_skip_dag.py for tasks to queue
[2025-04-01T17:15:44.113-0500] {logging_mixin.py:190} INFO - [2025-04-01T17:15:44.113-0500] {dagbag.py:588} INFO - Filling up the DagBag from /mnt/d/Universidad/ETL/Proyecto_airflow/venv/lib/python3.12/site-packages/airflow/example_dags/example_skip_dag.py
[2025-04-01T17:15:44.166-0500] {processor.py:925} INFO - DAG(s) 'example_skip_dag' retrieved from /mnt/d/Universidad/ETL/Proyecto_airflow/venv/lib/python3.12/site-packages/airflow/example_dags/example_skip_dag.py
[2025-04-01T17:15:44.184-0500] {logging_mixin.py:190} INFO - [2025-04-01T17:15:44.183-0500] {dag.py:3239} INFO - Sync 1 DAGs
[2025-04-01T17:15:44.203-0500] {logging_mixin.py:190} INFO - [2025-04-01T17:15:44.202-0500] {dag.py:4180} INFO - Setting next_dagrun for example_skip_dag to 2025-03-31 00:00:00+00:00, run_after=2025-04-01 00:00:00+00:00
[2025-04-01T17:15:44.316-0500] {processor.py:208} INFO - Processing /mnt/d/Universidad/ETL/Proyecto_airflow/venv/lib/python3.12/site-packages/airflow/example_dags/example_skip_dag.py took 0.214 seconds
[2025-04-01T17:17:21.252-0500] {processor.py:186} INFO - Started process (PID=6828) to work on /mnt/d/Universidad/ETL/Proyecto_airflow/venv/lib/python3.12/site-packages/airflow/example_dags/example_skip_dag.py
[2025-04-01T17:17:21.253-0500] {processor.py:914} INFO - Processing file /mnt/d/Universidad/ETL/Proyecto_airflow/venv/lib/python3.12/site-packages/airflow/example_dags/example_skip_dag.py for tasks to queue
[2025-04-01T17:17:21.256-0500] {logging_mixin.py:190} INFO - [2025-04-01T17:17:21.255-0500] {dagbag.py:588} INFO - Filling up the DagBag from /mnt/d/Universidad/ETL/Proyecto_airflow/venv/lib/python3.12/site-packages/airflow/example_dags/example_skip_dag.py
[2025-04-01T17:17:21.310-0500] {processor.py:925} INFO - DAG(s) 'example_skip_dag' retrieved from /mnt/d/Universidad/ETL/Proyecto_airflow/venv/lib/python3.12/site-packages/airflow/example_dags/example_skip_dag.py
[2025-04-01T17:17:21.331-0500] {logging_mixin.py:190} INFO - [2025-04-01T17:17:21.330-0500] {dag.py:3239} INFO - Sync 1 DAGs
[2025-04-01T17:17:21.351-0500] {logging_mixin.py:190} INFO - [2025-04-01T17:17:21.350-0500] {dag.py:4180} INFO - Setting next_dagrun for example_skip_dag to 2025-03-31 00:00:00+00:00, run_after=2025-04-01 00:00:00+00:00
[2025-04-01T17:17:21.455-0500] {processor.py:208} INFO - Processing /mnt/d/Universidad/ETL/Proyecto_airflow/venv/lib/python3.12/site-packages/airflow/example_dags/example_skip_dag.py took 0.211 seconds
[2025-04-01T17:19:01.212-0500] {processor.py:186} INFO - Started process (PID=6901) to work on /mnt/d/Universidad/ETL/Proyecto_airflow/venv/lib/python3.12/site-packages/airflow/example_dags/example_skip_dag.py
[2025-04-01T17:19:01.214-0500] {processor.py:914} INFO - Processing file /mnt/d/Universidad/ETL/Proyecto_airflow/venv/lib/python3.12/site-packages/airflow/example_dags/example_skip_dag.py for tasks to queue
[2025-04-01T17:19:01.216-0500] {logging_mixin.py:190} INFO - [2025-04-01T17:19:01.215-0500] {dagbag.py:588} INFO - Filling up the DagBag from /mnt/d/Universidad/ETL/Proyecto_airflow/venv/lib/python3.12/site-packages/airflow/example_dags/example_skip_dag.py
[2025-04-01T17:19:01.269-0500] {processor.py:925} INFO - DAG(s) 'example_skip_dag' retrieved from /mnt/d/Universidad/ETL/Proyecto_airflow/venv/lib/python3.12/site-packages/airflow/example_dags/example_skip_dag.py
[2025-04-01T17:19:01.287-0500] {logging_mixin.py:190} INFO - [2025-04-01T17:19:01.287-0500] {dag.py:3239} INFO - Sync 1 DAGs
[2025-04-01T17:19:01.307-0500] {logging_mixin.py:190} INFO - [2025-04-01T17:19:01.306-0500] {dag.py:4180} INFO - Setting next_dagrun for example_skip_dag to 2025-03-31 00:00:00+00:00, run_after=2025-04-01 00:00:00+00:00
[2025-04-01T17:19:01.418-0500] {processor.py:208} INFO - Processing /mnt/d/Universidad/ETL/Proyecto_airflow/venv/lib/python3.12/site-packages/airflow/example_dags/example_skip_dag.py took 0.213 seconds
[2025-04-01T17:20:39.730-0500] {processor.py:186} INFO - Started process (PID=6974) to work on /mnt/d/Universidad/ETL/Proyecto_airflow/venv/lib/python3.12/site-packages/airflow/example_dags/example_skip_dag.py
[2025-04-01T17:20:39.731-0500] {processor.py:914} INFO - Processing file /mnt/d/Universidad/ETL/Proyecto_airflow/venv/lib/python3.12/site-packages/airflow/example_dags/example_skip_dag.py for tasks to queue
[2025-04-01T17:20:39.733-0500] {logging_mixin.py:190} INFO - [2025-04-01T17:20:39.733-0500] {dagbag.py:588} INFO - Filling up the DagBag from /mnt/d/Universidad/ETL/Proyecto_airflow/venv/lib/python3.12/site-packages/airflow/example_dags/example_skip_dag.py
[2025-04-01T17:20:39.787-0500] {processor.py:925} INFO - DAG(s) 'example_skip_dag' retrieved from /mnt/d/Universidad/ETL/Proyecto_airflow/venv/lib/python3.12/site-packages/airflow/example_dags/example_skip_dag.py
[2025-04-01T17:20:39.805-0500] {logging_mixin.py:190} INFO - [2025-04-01T17:20:39.804-0500] {dag.py:3239} INFO - Sync 1 DAGs
[2025-04-01T17:20:39.824-0500] {logging_mixin.py:190} INFO - [2025-04-01T17:20:39.823-0500] {dag.py:4180} INFO - Setting next_dagrun for example_skip_dag to 2025-03-31 00:00:00+00:00, run_after=2025-04-01 00:00:00+00:00
[2025-04-01T17:20:39.923-0500] {processor.py:208} INFO - Processing /mnt/d/Universidad/ETL/Proyecto_airflow/venv/lib/python3.12/site-packages/airflow/example_dags/example_skip_dag.py took 0.201 seconds
[2025-04-01T17:22:22.835-0500] {processor.py:186} INFO - Started process (PID=7048) to work on /mnt/d/Universidad/ETL/Proyecto_airflow/venv/lib/python3.12/site-packages/airflow/example_dags/example_skip_dag.py
[2025-04-01T17:22:22.836-0500] {processor.py:914} INFO - Processing file /mnt/d/Universidad/ETL/Proyecto_airflow/venv/lib/python3.12/site-packages/airflow/example_dags/example_skip_dag.py for tasks to queue
[2025-04-01T17:22:22.838-0500] {logging_mixin.py:190} INFO - [2025-04-01T17:22:22.837-0500] {dagbag.py:588} INFO - Filling up the DagBag from /mnt/d/Universidad/ETL/Proyecto_airflow/venv/lib/python3.12/site-packages/airflow/example_dags/example_skip_dag.py
[2025-04-01T17:22:22.891-0500] {processor.py:925} INFO - DAG(s) 'example_skip_dag' retrieved from /mnt/d/Universidad/ETL/Proyecto_airflow/venv/lib/python3.12/site-packages/airflow/example_dags/example_skip_dag.py
[2025-04-01T17:22:22.910-0500] {logging_mixin.py:190} INFO - [2025-04-01T17:22:22.909-0500] {dag.py:3239} INFO - Sync 1 DAGs
[2025-04-01T17:22:22.928-0500] {logging_mixin.py:190} INFO - [2025-04-01T17:22:22.928-0500] {dag.py:4180} INFO - Setting next_dagrun for example_skip_dag to 2025-03-31 00:00:00+00:00, run_after=2025-04-01 00:00:00+00:00
[2025-04-01T17:22:23.039-0500] {processor.py:208} INFO - Processing /mnt/d/Universidad/ETL/Proyecto_airflow/venv/lib/python3.12/site-packages/airflow/example_dags/example_skip_dag.py took 0.212 seconds
[2025-04-01T17:23:57.097-0500] {processor.py:186} INFO - Started process (PID=7118) to work on /mnt/d/Universidad/ETL/Proyecto_airflow/venv/lib/python3.12/site-packages/airflow/example_dags/example_skip_dag.py
[2025-04-01T17:23:57.098-0500] {processor.py:914} INFO - Processing file /mnt/d/Universidad/ETL/Proyecto_airflow/venv/lib/python3.12/site-packages/airflow/example_dags/example_skip_dag.py for tasks to queue
[2025-04-01T17:23:57.100-0500] {logging_mixin.py:190} INFO - [2025-04-01T17:23:57.100-0500] {dagbag.py:588} INFO - Filling up the DagBag from /mnt/d/Universidad/ETL/Proyecto_airflow/venv/lib/python3.12/site-packages/airflow/example_dags/example_skip_dag.py
[2025-04-01T17:23:57.153-0500] {processor.py:925} INFO - DAG(s) 'example_skip_dag' retrieved from /mnt/d/Universidad/ETL/Proyecto_airflow/venv/lib/python3.12/site-packages/airflow/example_dags/example_skip_dag.py
[2025-04-01T17:23:57.171-0500] {logging_mixin.py:190} INFO - [2025-04-01T17:23:57.171-0500] {dag.py:3239} INFO - Sync 1 DAGs
[2025-04-01T17:23:57.190-0500] {logging_mixin.py:190} INFO - [2025-04-01T17:23:57.189-0500] {dag.py:4180} INFO - Setting next_dagrun for example_skip_dag to 2025-03-31 00:00:00+00:00, run_after=2025-04-01 00:00:00+00:00
[2025-04-01T17:23:57.299-0500] {processor.py:208} INFO - Processing /mnt/d/Universidad/ETL/Proyecto_airflow/venv/lib/python3.12/site-packages/airflow/example_dags/example_skip_dag.py took 0.210 seconds
[2025-04-01T17:25:33.909-0500] {processor.py:186} INFO - Started process (PID=7190) to work on /mnt/d/Universidad/ETL/Proyecto_airflow/venv/lib/python3.12/site-packages/airflow/example_dags/example_skip_dag.py
[2025-04-01T17:25:33.910-0500] {processor.py:914} INFO - Processing file /mnt/d/Universidad/ETL/Proyecto_airflow/venv/lib/python3.12/site-packages/airflow/example_dags/example_skip_dag.py for tasks to queue
[2025-04-01T17:25:33.912-0500] {logging_mixin.py:190} INFO - [2025-04-01T17:25:33.912-0500] {dagbag.py:588} INFO - Filling up the DagBag from /mnt/d/Universidad/ETL/Proyecto_airflow/venv/lib/python3.12/site-packages/airflow/example_dags/example_skip_dag.py
[2025-04-01T17:25:33.965-0500] {processor.py:925} INFO - DAG(s) 'example_skip_dag' retrieved from /mnt/d/Universidad/ETL/Proyecto_airflow/venv/lib/python3.12/site-packages/airflow/example_dags/example_skip_dag.py
[2025-04-01T17:25:33.982-0500] {logging_mixin.py:190} INFO - [2025-04-01T17:25:33.982-0500] {dag.py:3239} INFO - Sync 1 DAGs
[2025-04-01T17:25:34.001-0500] {logging_mixin.py:190} INFO - [2025-04-01T17:25:34.001-0500] {dag.py:4180} INFO - Setting next_dagrun for example_skip_dag to 2025-03-31 00:00:00+00:00, run_after=2025-04-01 00:00:00+00:00
[2025-04-01T17:25:34.109-0500] {processor.py:208} INFO - Processing /mnt/d/Universidad/ETL/Proyecto_airflow/venv/lib/python3.12/site-packages/airflow/example_dags/example_skip_dag.py took 0.208 seconds
[2025-04-01T17:27:13.469-0500] {processor.py:186} INFO - Started process (PID=7261) to work on /mnt/d/Universidad/ETL/Proyecto_airflow/venv/lib/python3.12/site-packages/airflow/example_dags/example_skip_dag.py
[2025-04-01T17:27:13.470-0500] {processor.py:914} INFO - Processing file /mnt/d/Universidad/ETL/Proyecto_airflow/venv/lib/python3.12/site-packages/airflow/example_dags/example_skip_dag.py for tasks to queue
[2025-04-01T17:27:13.473-0500] {logging_mixin.py:190} INFO - [2025-04-01T17:27:13.472-0500] {dagbag.py:588} INFO - Filling up the DagBag from /mnt/d/Universidad/ETL/Proyecto_airflow/venv/lib/python3.12/site-packages/airflow/example_dags/example_skip_dag.py
[2025-04-01T17:27:13.531-0500] {processor.py:925} INFO - DAG(s) 'example_skip_dag' retrieved from /mnt/d/Universidad/ETL/Proyecto_airflow/venv/lib/python3.12/site-packages/airflow/example_dags/example_skip_dag.py
[2025-04-01T17:27:13.552-0500] {logging_mixin.py:190} INFO - [2025-04-01T17:27:13.552-0500] {dag.py:3239} INFO - Sync 1 DAGs
[2025-04-01T17:27:13.572-0500] {logging_mixin.py:190} INFO - [2025-04-01T17:27:13.571-0500] {dag.py:4180} INFO - Setting next_dagrun for example_skip_dag to 2025-03-31 00:00:00+00:00, run_after=2025-04-01 00:00:00+00:00
[2025-04-01T17:27:13.676-0500] {processor.py:208} INFO - Processing /mnt/d/Universidad/ETL/Proyecto_airflow/venv/lib/python3.12/site-packages/airflow/example_dags/example_skip_dag.py took 0.216 seconds
[2025-04-01T17:28:39.622-0500] {processor.py:186} INFO - Started process (PID=7329) to work on /mnt/d/Universidad/ETL/Proyecto_airflow/venv/lib/python3.12/site-packages/airflow/example_dags/example_skip_dag.py
[2025-04-01T17:28:39.623-0500] {processor.py:914} INFO - Processing file /mnt/d/Universidad/ETL/Proyecto_airflow/venv/lib/python3.12/site-packages/airflow/example_dags/example_skip_dag.py for tasks to queue
[2025-04-01T17:28:39.625-0500] {logging_mixin.py:190} INFO - [2025-04-01T17:28:39.625-0500] {dagbag.py:588} INFO - Filling up the DagBag from /mnt/d/Universidad/ETL/Proyecto_airflow/venv/lib/python3.12/site-packages/airflow/example_dags/example_skip_dag.py
[2025-04-01T17:28:39.679-0500] {processor.py:925} INFO - DAG(s) 'example_skip_dag' retrieved from /mnt/d/Universidad/ETL/Proyecto_airflow/venv/lib/python3.12/site-packages/airflow/example_dags/example_skip_dag.py
[2025-04-01T17:28:39.699-0500] {logging_mixin.py:190} INFO - [2025-04-01T17:28:39.698-0500] {dag.py:3239} INFO - Sync 1 DAGs
[2025-04-01T17:28:39.719-0500] {logging_mixin.py:190} INFO - [2025-04-01T17:28:39.718-0500] {dag.py:4180} INFO - Setting next_dagrun for example_skip_dag to 2025-03-31 00:00:00+00:00, run_after=2025-04-01 00:00:00+00:00
[2025-04-01T17:28:39.837-0500] {processor.py:208} INFO - Processing /mnt/d/Universidad/ETL/Proyecto_airflow/venv/lib/python3.12/site-packages/airflow/example_dags/example_skip_dag.py took 0.222 seconds
[2025-04-01T17:30:13.974-0500] {processor.py:186} INFO - Started process (PID=7400) to work on /mnt/d/Universidad/ETL/Proyecto_airflow/venv/lib/python3.12/site-packages/airflow/example_dags/example_skip_dag.py
[2025-04-01T17:30:13.975-0500] {processor.py:914} INFO - Processing file /mnt/d/Universidad/ETL/Proyecto_airflow/venv/lib/python3.12/site-packages/airflow/example_dags/example_skip_dag.py for tasks to queue
[2025-04-01T17:30:13.978-0500] {logging_mixin.py:190} INFO - [2025-04-01T17:30:13.977-0500] {dagbag.py:588} INFO - Filling up the DagBag from /mnt/d/Universidad/ETL/Proyecto_airflow/venv/lib/python3.12/site-packages/airflow/example_dags/example_skip_dag.py
[2025-04-01T17:30:14.037-0500] {processor.py:925} INFO - DAG(s) 'example_skip_dag' retrieved from /mnt/d/Universidad/ETL/Proyecto_airflow/venv/lib/python3.12/site-packages/airflow/example_dags/example_skip_dag.py
[2025-04-01T17:30:14.059-0500] {logging_mixin.py:190} INFO - [2025-04-01T17:30:14.058-0500] {dag.py:3239} INFO - Sync 1 DAGs
[2025-04-01T17:30:14.081-0500] {logging_mixin.py:190} INFO - [2025-04-01T17:30:14.080-0500] {dag.py:4180} INFO - Setting next_dagrun for example_skip_dag to 2025-03-31 00:00:00+00:00, run_after=2025-04-01 00:00:00+00:00
[2025-04-01T17:30:14.197-0500] {processor.py:208} INFO - Processing /mnt/d/Universidad/ETL/Proyecto_airflow/venv/lib/python3.12/site-packages/airflow/example_dags/example_skip_dag.py took 0.232 seconds
