[2025-04-01T16:17:43.799-0500] {processor.py:186} INFO - Started process (PID=4110) to work on /mnt/d/Universidad/ETL/Proyecto_airflow/venv/lib/python3.12/site-packages/airflow/example_dags/example_branch_labels.py
[2025-04-01T16:17:43.800-0500] {processor.py:914} INFO - Processing file /mnt/d/Universidad/ETL/Proyecto_airflow/venv/lib/python3.12/site-packages/airflow/example_dags/example_branch_labels.py for tasks to queue
[2025-04-01T16:17:43.803-0500] {logging_mixin.py:190} INFO - [2025-04-01T16:17:43.802-0500] {dagbag.py:588} INFO - Filling up the DagBag from /mnt/d/Universidad/ETL/Proyecto_airflow/venv/lib/python3.12/site-packages/airflow/example_dags/example_branch_labels.py
[2025-04-01T16:17:43.864-0500] {processor.py:925} INFO - DAG(s) 'example_branch_labels' retrieved from /mnt/d/Universidad/ETL/Proyecto_airflow/venv/lib/python3.12/site-packages/airflow/example_dags/example_branch_labels.py
[2025-04-01T16:17:44.884-0500] {logging_mixin.py:190} INFO - [2025-04-01T16:17:44.883-0500] {override.py:1930} INFO - Created Permission View: can read on DAG:example_branch_labels
[2025-04-01T16:17:44.930-0500] {logging_mixin.py:190} INFO - [2025-04-01T16:17:44.929-0500] {override.py:1930} INFO - Created Permission View: can edit on DAG:example_branch_labels
[2025-04-01T16:17:44.969-0500] {logging_mixin.py:190} INFO - [2025-04-01T16:17:44.968-0500] {override.py:1930} INFO - Created Permission View: can delete on DAG:example_branch_labels
[2025-04-01T16:17:45.130-0500] {logging_mixin.py:190} INFO - [2025-04-01T16:17:45.129-0500] {override.py:1930} INFO - Created Permission View: can create on DAG Run:example_branch_labels
[2025-04-01T16:17:45.198-0500] {logging_mixin.py:190} INFO - [2025-04-01T16:17:45.198-0500] {override.py:1930} INFO - Created Permission View: menu access on DAG Run:example_branch_labels
[2025-04-01T16:17:45.237-0500] {logging_mixin.py:190} INFO - [2025-04-01T16:17:45.236-0500] {override.py:1930} INFO - Created Permission View: can read on DAG Run:example_branch_labels
[2025-04-01T16:17:45.298-0500] {logging_mixin.py:190} INFO - [2025-04-01T16:17:45.297-0500] {override.py:1930} INFO - Created Permission View: can delete on DAG Run:example_branch_labels
[2025-04-01T16:17:45.300-0500] {logging_mixin.py:190} INFO - [2025-04-01T16:17:45.299-0500] {dag.py:3239} INFO - Sync 1 DAGs
[2025-04-01T16:17:45.313-0500] {logging_mixin.py:190} INFO - [2025-04-01T16:17:45.313-0500] {dag.py:3262} INFO - Creating ORM DAG for example_branch_labels
[2025-04-01T16:17:45.322-0500] {logging_mixin.py:190} INFO - [2025-04-01T16:17:45.322-0500] {dag.py:4180} INFO - Setting next_dagrun for example_branch_labels to 2025-03-31 00:00:00+00:00, run_after=2025-04-01 00:00:00+00:00
[2025-04-01T16:17:45.421-0500] {processor.py:208} INFO - Processing /mnt/d/Universidad/ETL/Proyecto_airflow/venv/lib/python3.12/site-packages/airflow/example_dags/example_branch_labels.py took 1.629 seconds
[2025-04-01T16:19:36.658-0500] {processor.py:186} INFO - Started process (PID=4197) to work on /mnt/d/Universidad/ETL/Proyecto_airflow/venv/lib/python3.12/site-packages/airflow/example_dags/example_branch_labels.py
[2025-04-01T16:19:36.660-0500] {processor.py:914} INFO - Processing file /mnt/d/Universidad/ETL/Proyecto_airflow/venv/lib/python3.12/site-packages/airflow/example_dags/example_branch_labels.py for tasks to queue
[2025-04-01T16:19:36.662-0500] {logging_mixin.py:190} INFO - [2025-04-01T16:19:36.661-0500] {dagbag.py:588} INFO - Filling up the DagBag from /mnt/d/Universidad/ETL/Proyecto_airflow/venv/lib/python3.12/site-packages/airflow/example_dags/example_branch_labels.py
[2025-04-01T16:19:36.728-0500] {processor.py:925} INFO - DAG(s) 'example_branch_labels' retrieved from /mnt/d/Universidad/ETL/Proyecto_airflow/venv/lib/python3.12/site-packages/airflow/example_dags/example_branch_labels.py
[2025-04-01T16:19:36.748-0500] {logging_mixin.py:190} INFO - [2025-04-01T16:19:36.747-0500] {dag.py:3239} INFO - Sync 1 DAGs
[2025-04-01T16:19:36.764-0500] {logging_mixin.py:190} INFO - [2025-04-01T16:19:36.763-0500] {dag.py:4180} INFO - Setting next_dagrun for example_branch_labels to 2025-03-31 00:00:00+00:00, run_after=2025-04-01 00:00:00+00:00
[2025-04-01T16:19:36.869-0500] {processor.py:208} INFO - Processing /mnt/d/Universidad/ETL/Proyecto_airflow/venv/lib/python3.12/site-packages/airflow/example_dags/example_branch_labels.py took 0.219 seconds
[2025-04-01T16:21:05.060-0500] {processor.py:186} INFO - Started process (PID=4269) to work on /mnt/d/Universidad/ETL/Proyecto_airflow/venv/lib/python3.12/site-packages/airflow/example_dags/example_branch_labels.py
[2025-04-01T16:21:05.061-0500] {processor.py:914} INFO - Processing file /mnt/d/Universidad/ETL/Proyecto_airflow/venv/lib/python3.12/site-packages/airflow/example_dags/example_branch_labels.py for tasks to queue
[2025-04-01T16:21:05.064-0500] {logging_mixin.py:190} INFO - [2025-04-01T16:21:05.063-0500] {dagbag.py:588} INFO - Filling up the DagBag from /mnt/d/Universidad/ETL/Proyecto_airflow/venv/lib/python3.12/site-packages/airflow/example_dags/example_branch_labels.py
[2025-04-01T16:21:05.130-0500] {processor.py:925} INFO - DAG(s) 'example_branch_labels' retrieved from /mnt/d/Universidad/ETL/Proyecto_airflow/venv/lib/python3.12/site-packages/airflow/example_dags/example_branch_labels.py
[2025-04-01T16:21:05.149-0500] {logging_mixin.py:190} INFO - [2025-04-01T16:21:05.149-0500] {dag.py:3239} INFO - Sync 1 DAGs
[2025-04-01T16:21:05.167-0500] {logging_mixin.py:190} INFO - [2025-04-01T16:21:05.166-0500] {dag.py:4180} INFO - Setting next_dagrun for example_branch_labels to 2025-03-31 00:00:00+00:00, run_after=2025-04-01 00:00:00+00:00
[2025-04-01T16:21:05.249-0500] {processor.py:208} INFO - Processing /mnt/d/Universidad/ETL/Proyecto_airflow/venv/lib/python3.12/site-packages/airflow/example_dags/example_branch_labels.py took 0.198 seconds
[2025-04-01T16:22:28.540-0500] {processor.py:186} INFO - Started process (PID=4338) to work on /mnt/d/Universidad/ETL/Proyecto_airflow/venv/lib/python3.12/site-packages/airflow/example_dags/example_branch_labels.py
[2025-04-01T16:22:28.541-0500] {processor.py:914} INFO - Processing file /mnt/d/Universidad/ETL/Proyecto_airflow/venv/lib/python3.12/site-packages/airflow/example_dags/example_branch_labels.py for tasks to queue
[2025-04-01T16:22:28.543-0500] {logging_mixin.py:190} INFO - [2025-04-01T16:22:28.543-0500] {dagbag.py:588} INFO - Filling up the DagBag from /mnt/d/Universidad/ETL/Proyecto_airflow/venv/lib/python3.12/site-packages/airflow/example_dags/example_branch_labels.py
[2025-04-01T16:22:28.604-0500] {processor.py:925} INFO - DAG(s) 'example_branch_labels' retrieved from /mnt/d/Universidad/ETL/Proyecto_airflow/venv/lib/python3.12/site-packages/airflow/example_dags/example_branch_labels.py
[2025-04-01T16:22:28.621-0500] {logging_mixin.py:190} INFO - [2025-04-01T16:22:28.621-0500] {dag.py:3239} INFO - Sync 1 DAGs
[2025-04-01T16:22:28.636-0500] {logging_mixin.py:190} INFO - [2025-04-01T16:22:28.636-0500] {dag.py:4180} INFO - Setting next_dagrun for example_branch_labels to 2025-03-31 00:00:00+00:00, run_after=2025-04-01 00:00:00+00:00
[2025-04-01T16:22:28.723-0500] {processor.py:208} INFO - Processing /mnt/d/Universidad/ETL/Proyecto_airflow/venv/lib/python3.12/site-packages/airflow/example_dags/example_branch_labels.py took 0.190 seconds
[2025-04-01T16:23:57.605-0500] {processor.py:186} INFO - Started process (PID=4407) to work on /mnt/d/Universidad/ETL/Proyecto_airflow/venv/lib/python3.12/site-packages/airflow/example_dags/example_branch_labels.py
[2025-04-01T16:23:57.606-0500] {processor.py:914} INFO - Processing file /mnt/d/Universidad/ETL/Proyecto_airflow/venv/lib/python3.12/site-packages/airflow/example_dags/example_branch_labels.py for tasks to queue
[2025-04-01T16:23:57.608-0500] {logging_mixin.py:190} INFO - [2025-04-01T16:23:57.608-0500] {dagbag.py:588} INFO - Filling up the DagBag from /mnt/d/Universidad/ETL/Proyecto_airflow/venv/lib/python3.12/site-packages/airflow/example_dags/example_branch_labels.py
[2025-04-01T16:23:57.669-0500] {processor.py:925} INFO - DAG(s) 'example_branch_labels' retrieved from /mnt/d/Universidad/ETL/Proyecto_airflow/venv/lib/python3.12/site-packages/airflow/example_dags/example_branch_labels.py
[2025-04-01T16:23:57.689-0500] {logging_mixin.py:190} INFO - [2025-04-01T16:23:57.688-0500] {dag.py:3239} INFO - Sync 1 DAGs
[2025-04-01T16:23:57.705-0500] {logging_mixin.py:190} INFO - [2025-04-01T16:23:57.704-0500] {dag.py:4180} INFO - Setting next_dagrun for example_branch_labels to 2025-03-31 00:00:00+00:00, run_after=2025-04-01 00:00:00+00:00
[2025-04-01T16:23:57.783-0500] {processor.py:208} INFO - Processing /mnt/d/Universidad/ETL/Proyecto_airflow/venv/lib/python3.12/site-packages/airflow/example_dags/example_branch_labels.py took 0.186 seconds
[2025-04-01T16:25:34.271-0500] {processor.py:186} INFO - Started process (PID=4478) to work on /mnt/d/Universidad/ETL/Proyecto_airflow/venv/lib/python3.12/site-packages/airflow/example_dags/example_branch_labels.py
[2025-04-01T16:25:34.272-0500] {processor.py:914} INFO - Processing file /mnt/d/Universidad/ETL/Proyecto_airflow/venv/lib/python3.12/site-packages/airflow/example_dags/example_branch_labels.py for tasks to queue
[2025-04-01T16:25:34.274-0500] {logging_mixin.py:190} INFO - [2025-04-01T16:25:34.273-0500] {dagbag.py:588} INFO - Filling up the DagBag from /mnt/d/Universidad/ETL/Proyecto_airflow/venv/lib/python3.12/site-packages/airflow/example_dags/example_branch_labels.py
[2025-04-01T16:25:34.339-0500] {processor.py:925} INFO - DAG(s) 'example_branch_labels' retrieved from /mnt/d/Universidad/ETL/Proyecto_airflow/venv/lib/python3.12/site-packages/airflow/example_dags/example_branch_labels.py
[2025-04-01T16:25:34.359-0500] {logging_mixin.py:190} INFO - [2025-04-01T16:25:34.358-0500] {dag.py:3239} INFO - Sync 1 DAGs
[2025-04-01T16:25:34.375-0500] {logging_mixin.py:190} INFO - [2025-04-01T16:25:34.374-0500] {dag.py:4180} INFO - Setting next_dagrun for example_branch_labels to 2025-03-31 00:00:00+00:00, run_after=2025-04-01 00:00:00+00:00
[2025-04-01T16:25:34.559-0500] {processor.py:208} INFO - Processing /mnt/d/Universidad/ETL/Proyecto_airflow/venv/lib/python3.12/site-packages/airflow/example_dags/example_branch_labels.py took 0.297 seconds
[2025-04-01T16:27:04.712-0500] {processor.py:186} INFO - Started process (PID=4550) to work on /mnt/d/Universidad/ETL/Proyecto_airflow/venv/lib/python3.12/site-packages/airflow/example_dags/example_branch_labels.py
[2025-04-01T16:27:04.713-0500] {processor.py:914} INFO - Processing file /mnt/d/Universidad/ETL/Proyecto_airflow/venv/lib/python3.12/site-packages/airflow/example_dags/example_branch_labels.py for tasks to queue
[2025-04-01T16:27:04.715-0500] {logging_mixin.py:190} INFO - [2025-04-01T16:27:04.715-0500] {dagbag.py:588} INFO - Filling up the DagBag from /mnt/d/Universidad/ETL/Proyecto_airflow/venv/lib/python3.12/site-packages/airflow/example_dags/example_branch_labels.py
[2025-04-01T16:27:04.777-0500] {processor.py:925} INFO - DAG(s) 'example_branch_labels' retrieved from /mnt/d/Universidad/ETL/Proyecto_airflow/venv/lib/python3.12/site-packages/airflow/example_dags/example_branch_labels.py
[2025-04-01T16:27:04.795-0500] {logging_mixin.py:190} INFO - [2025-04-01T16:27:04.794-0500] {dag.py:3239} INFO - Sync 1 DAGs
[2025-04-01T16:27:04.810-0500] {logging_mixin.py:190} INFO - [2025-04-01T16:27:04.810-0500] {dag.py:4180} INFO - Setting next_dagrun for example_branch_labels to 2025-03-31 00:00:00+00:00, run_after=2025-04-01 00:00:00+00:00
[2025-04-01T16:27:04.892-0500] {processor.py:208} INFO - Processing /mnt/d/Universidad/ETL/Proyecto_airflow/venv/lib/python3.12/site-packages/airflow/example_dags/example_branch_labels.py took 0.188 seconds
[2025-04-01T16:28:37.563-0500] {processor.py:186} INFO - Started process (PID=4621) to work on /mnt/d/Universidad/ETL/Proyecto_airflow/venv/lib/python3.12/site-packages/airflow/example_dags/example_branch_labels.py
[2025-04-01T16:28:37.564-0500] {processor.py:914} INFO - Processing file /mnt/d/Universidad/ETL/Proyecto_airflow/venv/lib/python3.12/site-packages/airflow/example_dags/example_branch_labels.py for tasks to queue
[2025-04-01T16:28:37.566-0500] {logging_mixin.py:190} INFO - [2025-04-01T16:28:37.566-0500] {dagbag.py:588} INFO - Filling up the DagBag from /mnt/d/Universidad/ETL/Proyecto_airflow/venv/lib/python3.12/site-packages/airflow/example_dags/example_branch_labels.py
[2025-04-01T16:28:37.627-0500] {processor.py:925} INFO - DAG(s) 'example_branch_labels' retrieved from /mnt/d/Universidad/ETL/Proyecto_airflow/venv/lib/python3.12/site-packages/airflow/example_dags/example_branch_labels.py
[2025-04-01T16:28:37.645-0500] {logging_mixin.py:190} INFO - [2025-04-01T16:28:37.644-0500] {dag.py:3239} INFO - Sync 1 DAGs
[2025-04-01T16:28:37.660-0500] {logging_mixin.py:190} INFO - [2025-04-01T16:28:37.660-0500] {dag.py:4180} INFO - Setting next_dagrun for example_branch_labels to 2025-03-31 00:00:00+00:00, run_after=2025-04-01 00:00:00+00:00
[2025-04-01T16:28:37.751-0500] {processor.py:208} INFO - Processing /mnt/d/Universidad/ETL/Proyecto_airflow/venv/lib/python3.12/site-packages/airflow/example_dags/example_branch_labels.py took 0.196 seconds
[2025-04-01T16:30:08.176-0500] {processor.py:186} INFO - Started process (PID=4693) to work on /mnt/d/Universidad/ETL/Proyecto_airflow/venv/lib/python3.12/site-packages/airflow/example_dags/example_branch_labels.py
[2025-04-01T16:30:08.177-0500] {processor.py:914} INFO - Processing file /mnt/d/Universidad/ETL/Proyecto_airflow/venv/lib/python3.12/site-packages/airflow/example_dags/example_branch_labels.py for tasks to queue
[2025-04-01T16:30:08.179-0500] {logging_mixin.py:190} INFO - [2025-04-01T16:30:08.178-0500] {dagbag.py:588} INFO - Filling up the DagBag from /mnt/d/Universidad/ETL/Proyecto_airflow/venv/lib/python3.12/site-packages/airflow/example_dags/example_branch_labels.py
[2025-04-01T16:30:08.240-0500] {processor.py:925} INFO - DAG(s) 'example_branch_labels' retrieved from /mnt/d/Universidad/ETL/Proyecto_airflow/venv/lib/python3.12/site-packages/airflow/example_dags/example_branch_labels.py
[2025-04-01T16:30:08.258-0500] {logging_mixin.py:190} INFO - [2025-04-01T16:30:08.257-0500] {dag.py:3239} INFO - Sync 1 DAGs
[2025-04-01T16:30:08.273-0500] {logging_mixin.py:190} INFO - [2025-04-01T16:30:08.273-0500] {dag.py:4180} INFO - Setting next_dagrun for example_branch_labels to 2025-03-31 00:00:00+00:00, run_after=2025-04-01 00:00:00+00:00
[2025-04-01T16:30:08.384-0500] {processor.py:208} INFO - Processing /mnt/d/Universidad/ETL/Proyecto_airflow/venv/lib/python3.12/site-packages/airflow/example_dags/example_branch_labels.py took 0.216 seconds
[2025-04-01T16:31:42.153-0500] {processor.py:186} INFO - Started process (PID=4763) to work on /mnt/d/Universidad/ETL/Proyecto_airflow/venv/lib/python3.12/site-packages/airflow/example_dags/example_branch_labels.py
[2025-04-01T16:31:42.155-0500] {processor.py:914} INFO - Processing file /mnt/d/Universidad/ETL/Proyecto_airflow/venv/lib/python3.12/site-packages/airflow/example_dags/example_branch_labels.py for tasks to queue
[2025-04-01T16:31:42.157-0500] {logging_mixin.py:190} INFO - [2025-04-01T16:31:42.156-0500] {dagbag.py:588} INFO - Filling up the DagBag from /mnt/d/Universidad/ETL/Proyecto_airflow/venv/lib/python3.12/site-packages/airflow/example_dags/example_branch_labels.py
[2025-04-01T16:31:42.217-0500] {processor.py:925} INFO - DAG(s) 'example_branch_labels' retrieved from /mnt/d/Universidad/ETL/Proyecto_airflow/venv/lib/python3.12/site-packages/airflow/example_dags/example_branch_labels.py
[2025-04-01T16:31:42.235-0500] {logging_mixin.py:190} INFO - [2025-04-01T16:31:42.235-0500] {dag.py:3239} INFO - Sync 1 DAGs
[2025-04-01T16:31:42.250-0500] {logging_mixin.py:190} INFO - [2025-04-01T16:31:42.250-0500] {dag.py:4180} INFO - Setting next_dagrun for example_branch_labels to 2025-03-31 00:00:00+00:00, run_after=2025-04-01 00:00:00+00:00
[2025-04-01T16:31:42.325-0500] {processor.py:208} INFO - Processing /mnt/d/Universidad/ETL/Proyecto_airflow/venv/lib/python3.12/site-packages/airflow/example_dags/example_branch_labels.py took 0.180 seconds
[2025-04-01T16:33:18.306-0500] {processor.py:186} INFO - Started process (PID=4837) to work on /mnt/d/Universidad/ETL/Proyecto_airflow/venv/lib/python3.12/site-packages/airflow/example_dags/example_branch_labels.py
[2025-04-01T16:33:18.307-0500] {processor.py:914} INFO - Processing file /mnt/d/Universidad/ETL/Proyecto_airflow/venv/lib/python3.12/site-packages/airflow/example_dags/example_branch_labels.py for tasks to queue
[2025-04-01T16:33:18.309-0500] {logging_mixin.py:190} INFO - [2025-04-01T16:33:18.308-0500] {dagbag.py:588} INFO - Filling up the DagBag from /mnt/d/Universidad/ETL/Proyecto_airflow/venv/lib/python3.12/site-packages/airflow/example_dags/example_branch_labels.py
[2025-04-01T16:33:18.370-0500] {processor.py:925} INFO - DAG(s) 'example_branch_labels' retrieved from /mnt/d/Universidad/ETL/Proyecto_airflow/venv/lib/python3.12/site-packages/airflow/example_dags/example_branch_labels.py
[2025-04-01T16:33:18.388-0500] {logging_mixin.py:190} INFO - [2025-04-01T16:33:18.387-0500] {dag.py:3239} INFO - Sync 1 DAGs
[2025-04-01T16:33:18.403-0500] {logging_mixin.py:190} INFO - [2025-04-01T16:33:18.402-0500] {dag.py:4180} INFO - Setting next_dagrun for example_branch_labels to 2025-03-31 00:00:00+00:00, run_after=2025-04-01 00:00:00+00:00
[2025-04-01T16:33:18.486-0500] {processor.py:208} INFO - Processing /mnt/d/Universidad/ETL/Proyecto_airflow/venv/lib/python3.12/site-packages/airflow/example_dags/example_branch_labels.py took 0.188 seconds
[2025-04-01T16:34:43.764-0500] {processor.py:186} INFO - Started process (PID=4905) to work on /mnt/d/Universidad/ETL/Proyecto_airflow/venv/lib/python3.12/site-packages/airflow/example_dags/example_branch_labels.py
[2025-04-01T16:34:43.765-0500] {processor.py:914} INFO - Processing file /mnt/d/Universidad/ETL/Proyecto_airflow/venv/lib/python3.12/site-packages/airflow/example_dags/example_branch_labels.py for tasks to queue
[2025-04-01T16:34:43.767-0500] {logging_mixin.py:190} INFO - [2025-04-01T16:34:43.766-0500] {dagbag.py:588} INFO - Filling up the DagBag from /mnt/d/Universidad/ETL/Proyecto_airflow/venv/lib/python3.12/site-packages/airflow/example_dags/example_branch_labels.py
[2025-04-01T16:34:43.828-0500] {processor.py:925} INFO - DAG(s) 'example_branch_labels' retrieved from /mnt/d/Universidad/ETL/Proyecto_airflow/venv/lib/python3.12/site-packages/airflow/example_dags/example_branch_labels.py
[2025-04-01T16:34:43.846-0500] {logging_mixin.py:190} INFO - [2025-04-01T16:34:43.846-0500] {dag.py:3239} INFO - Sync 1 DAGs
[2025-04-01T16:34:43.862-0500] {logging_mixin.py:190} INFO - [2025-04-01T16:34:43.861-0500] {dag.py:4180} INFO - Setting next_dagrun for example_branch_labels to 2025-03-31 00:00:00+00:00, run_after=2025-04-01 00:00:00+00:00
[2025-04-01T16:34:43.968-0500] {processor.py:208} INFO - Processing /mnt/d/Universidad/ETL/Proyecto_airflow/venv/lib/python3.12/site-packages/airflow/example_dags/example_branch_labels.py took 0.212 seconds
[2025-04-01T16:36:13.721-0500] {processor.py:186} INFO - Started process (PID=4974) to work on /mnt/d/Universidad/ETL/Proyecto_airflow/venv/lib/python3.12/site-packages/airflow/example_dags/example_branch_labels.py
[2025-04-01T16:36:13.722-0500] {processor.py:914} INFO - Processing file /mnt/d/Universidad/ETL/Proyecto_airflow/venv/lib/python3.12/site-packages/airflow/example_dags/example_branch_labels.py for tasks to queue
[2025-04-01T16:36:13.724-0500] {logging_mixin.py:190} INFO - [2025-04-01T16:36:13.723-0500] {dagbag.py:588} INFO - Filling up the DagBag from /mnt/d/Universidad/ETL/Proyecto_airflow/venv/lib/python3.12/site-packages/airflow/example_dags/example_branch_labels.py
[2025-04-01T16:36:13.785-0500] {processor.py:925} INFO - DAG(s) 'example_branch_labels' retrieved from /mnt/d/Universidad/ETL/Proyecto_airflow/venv/lib/python3.12/site-packages/airflow/example_dags/example_branch_labels.py
[2025-04-01T16:36:13.804-0500] {logging_mixin.py:190} INFO - [2025-04-01T16:36:13.803-0500] {dag.py:3239} INFO - Sync 1 DAGs
[2025-04-01T16:36:13.819-0500] {logging_mixin.py:190} INFO - [2025-04-01T16:36:13.818-0500] {dag.py:4180} INFO - Setting next_dagrun for example_branch_labels to 2025-03-31 00:00:00+00:00, run_after=2025-04-01 00:00:00+00:00
[2025-04-01T16:36:13.925-0500] {processor.py:208} INFO - Processing /mnt/d/Universidad/ETL/Proyecto_airflow/venv/lib/python3.12/site-packages/airflow/example_dags/example_branch_labels.py took 0.212 seconds
[2025-04-01T16:37:45.010-0500] {processor.py:186} INFO - Started process (PID=5044) to work on /mnt/d/Universidad/ETL/Proyecto_airflow/venv/lib/python3.12/site-packages/airflow/example_dags/example_branch_labels.py
[2025-04-01T16:37:45.011-0500] {processor.py:914} INFO - Processing file /mnt/d/Universidad/ETL/Proyecto_airflow/venv/lib/python3.12/site-packages/airflow/example_dags/example_branch_labels.py for tasks to queue
[2025-04-01T16:37:45.013-0500] {logging_mixin.py:190} INFO - [2025-04-01T16:37:45.013-0500] {dagbag.py:588} INFO - Filling up the DagBag from /mnt/d/Universidad/ETL/Proyecto_airflow/venv/lib/python3.12/site-packages/airflow/example_dags/example_branch_labels.py
[2025-04-01T16:37:45.075-0500] {processor.py:925} INFO - DAG(s) 'example_branch_labels' retrieved from /mnt/d/Universidad/ETL/Proyecto_airflow/venv/lib/python3.12/site-packages/airflow/example_dags/example_branch_labels.py
[2025-04-01T16:37:45.094-0500] {logging_mixin.py:190} INFO - [2025-04-01T16:37:45.094-0500] {dag.py:3239} INFO - Sync 1 DAGs
[2025-04-01T16:37:45.110-0500] {logging_mixin.py:190} INFO - [2025-04-01T16:37:45.109-0500] {dag.py:4180} INFO - Setting next_dagrun for example_branch_labels to 2025-03-31 00:00:00+00:00, run_after=2025-04-01 00:00:00+00:00
[2025-04-01T16:37:45.210-0500] {processor.py:208} INFO - Processing /mnt/d/Universidad/ETL/Proyecto_airflow/venv/lib/python3.12/site-packages/airflow/example_dags/example_branch_labels.py took 0.208 seconds
[2025-04-01T16:39:18.204-0500] {processor.py:186} INFO - Started process (PID=5114) to work on /mnt/d/Universidad/ETL/Proyecto_airflow/venv/lib/python3.12/site-packages/airflow/example_dags/example_branch_labels.py
[2025-04-01T16:39:18.205-0500] {processor.py:914} INFO - Processing file /mnt/d/Universidad/ETL/Proyecto_airflow/venv/lib/python3.12/site-packages/airflow/example_dags/example_branch_labels.py for tasks to queue
[2025-04-01T16:39:18.207-0500] {logging_mixin.py:190} INFO - [2025-04-01T16:39:18.206-0500] {dagbag.py:588} INFO - Filling up the DagBag from /mnt/d/Universidad/ETL/Proyecto_airflow/venv/lib/python3.12/site-packages/airflow/example_dags/example_branch_labels.py
[2025-04-01T16:39:18.268-0500] {processor.py:925} INFO - DAG(s) 'example_branch_labels' retrieved from /mnt/d/Universidad/ETL/Proyecto_airflow/venv/lib/python3.12/site-packages/airflow/example_dags/example_branch_labels.py
[2025-04-01T16:39:18.286-0500] {logging_mixin.py:190} INFO - [2025-04-01T16:39:18.285-0500] {dag.py:3239} INFO - Sync 1 DAGs
[2025-04-01T16:39:18.300-0500] {logging_mixin.py:190} INFO - [2025-04-01T16:39:18.300-0500] {dag.py:4180} INFO - Setting next_dagrun for example_branch_labels to 2025-03-31 00:00:00+00:00, run_after=2025-04-01 00:00:00+00:00
[2025-04-01T16:39:18.380-0500] {processor.py:208} INFO - Processing /mnt/d/Universidad/ETL/Proyecto_airflow/venv/lib/python3.12/site-packages/airflow/example_dags/example_branch_labels.py took 0.184 seconds
[2025-04-01T16:40:54.238-0500] {processor.py:186} INFO - Started process (PID=5187) to work on /mnt/d/Universidad/ETL/Proyecto_airflow/venv/lib/python3.12/site-packages/airflow/example_dags/example_branch_labels.py
[2025-04-01T16:40:54.239-0500] {processor.py:914} INFO - Processing file /mnt/d/Universidad/ETL/Proyecto_airflow/venv/lib/python3.12/site-packages/airflow/example_dags/example_branch_labels.py for tasks to queue
[2025-04-01T16:40:54.241-0500] {logging_mixin.py:190} INFO - [2025-04-01T16:40:54.240-0500] {dagbag.py:588} INFO - Filling up the DagBag from /mnt/d/Universidad/ETL/Proyecto_airflow/venv/lib/python3.12/site-packages/airflow/example_dags/example_branch_labels.py
[2025-04-01T16:40:54.303-0500] {processor.py:925} INFO - DAG(s) 'example_branch_labels' retrieved from /mnt/d/Universidad/ETL/Proyecto_airflow/venv/lib/python3.12/site-packages/airflow/example_dags/example_branch_labels.py
[2025-04-01T16:40:54.321-0500] {logging_mixin.py:190} INFO - [2025-04-01T16:40:54.320-0500] {dag.py:3239} INFO - Sync 1 DAGs
[2025-04-01T16:40:54.336-0500] {logging_mixin.py:190} INFO - [2025-04-01T16:40:54.335-0500] {dag.py:4180} INFO - Setting next_dagrun for example_branch_labels to 2025-03-31 00:00:00+00:00, run_after=2025-04-01 00:00:00+00:00
[2025-04-01T16:40:54.448-0500] {processor.py:208} INFO - Processing /mnt/d/Universidad/ETL/Proyecto_airflow/venv/lib/python3.12/site-packages/airflow/example_dags/example_branch_labels.py took 0.218 seconds
[2025-04-01T16:42:32.054-0500] {processor.py:186} INFO - Started process (PID=5260) to work on /mnt/d/Universidad/ETL/Proyecto_airflow/venv/lib/python3.12/site-packages/airflow/example_dags/example_branch_labels.py
[2025-04-01T16:42:32.055-0500] {processor.py:914} INFO - Processing file /mnt/d/Universidad/ETL/Proyecto_airflow/venv/lib/python3.12/site-packages/airflow/example_dags/example_branch_labels.py for tasks to queue
[2025-04-01T16:42:32.057-0500] {logging_mixin.py:190} INFO - [2025-04-01T16:42:32.056-0500] {dagbag.py:588} INFO - Filling up the DagBag from /mnt/d/Universidad/ETL/Proyecto_airflow/venv/lib/python3.12/site-packages/airflow/example_dags/example_branch_labels.py
[2025-04-01T16:42:32.119-0500] {processor.py:925} INFO - DAG(s) 'example_branch_labels' retrieved from /mnt/d/Universidad/ETL/Proyecto_airflow/venv/lib/python3.12/site-packages/airflow/example_dags/example_branch_labels.py
[2025-04-01T16:42:32.138-0500] {logging_mixin.py:190} INFO - [2025-04-01T16:42:32.137-0500] {dag.py:3239} INFO - Sync 1 DAGs
[2025-04-01T16:42:32.154-0500] {logging_mixin.py:190} INFO - [2025-04-01T16:42:32.153-0500] {dag.py:4180} INFO - Setting next_dagrun for example_branch_labels to 2025-03-31 00:00:00+00:00, run_after=2025-04-01 00:00:00+00:00
[2025-04-01T16:42:32.247-0500] {processor.py:208} INFO - Processing /mnt/d/Universidad/ETL/Proyecto_airflow/venv/lib/python3.12/site-packages/airflow/example_dags/example_branch_labels.py took 0.201 seconds
[2025-04-01T16:44:03.947-0500] {processor.py:186} INFO - Started process (PID=5330) to work on /mnt/d/Universidad/ETL/Proyecto_airflow/venv/lib/python3.12/site-packages/airflow/example_dags/example_branch_labels.py
[2025-04-01T16:44:03.948-0500] {processor.py:914} INFO - Processing file /mnt/d/Universidad/ETL/Proyecto_airflow/venv/lib/python3.12/site-packages/airflow/example_dags/example_branch_labels.py for tasks to queue
[2025-04-01T16:44:03.951-0500] {logging_mixin.py:190} INFO - [2025-04-01T16:44:03.950-0500] {dagbag.py:588} INFO - Filling up the DagBag from /mnt/d/Universidad/ETL/Proyecto_airflow/venv/lib/python3.12/site-packages/airflow/example_dags/example_branch_labels.py
[2025-04-01T16:44:04.012-0500] {processor.py:925} INFO - DAG(s) 'example_branch_labels' retrieved from /mnt/d/Universidad/ETL/Proyecto_airflow/venv/lib/python3.12/site-packages/airflow/example_dags/example_branch_labels.py
[2025-04-01T16:44:04.030-0500] {logging_mixin.py:190} INFO - [2025-04-01T16:44:04.029-0500] {dag.py:3239} INFO - Sync 1 DAGs
[2025-04-01T16:44:04.045-0500] {logging_mixin.py:190} INFO - [2025-04-01T16:44:04.045-0500] {dag.py:4180} INFO - Setting next_dagrun for example_branch_labels to 2025-03-31 00:00:00+00:00, run_after=2025-04-01 00:00:00+00:00
[2025-04-01T16:44:04.153-0500] {processor.py:208} INFO - Processing /mnt/d/Universidad/ETL/Proyecto_airflow/venv/lib/python3.12/site-packages/airflow/example_dags/example_branch_labels.py took 0.214 seconds
[2025-04-01T16:45:38.100-0500] {processor.py:186} INFO - Started process (PID=5401) to work on /mnt/d/Universidad/ETL/Proyecto_airflow/venv/lib/python3.12/site-packages/airflow/example_dags/example_branch_labels.py
[2025-04-01T16:45:38.101-0500] {processor.py:914} INFO - Processing file /mnt/d/Universidad/ETL/Proyecto_airflow/venv/lib/python3.12/site-packages/airflow/example_dags/example_branch_labels.py for tasks to queue
[2025-04-01T16:45:38.103-0500] {logging_mixin.py:190} INFO - [2025-04-01T16:45:38.103-0500] {dagbag.py:588} INFO - Filling up the DagBag from /mnt/d/Universidad/ETL/Proyecto_airflow/venv/lib/python3.12/site-packages/airflow/example_dags/example_branch_labels.py
[2025-04-01T16:45:38.165-0500] {processor.py:925} INFO - DAG(s) 'example_branch_labels' retrieved from /mnt/d/Universidad/ETL/Proyecto_airflow/venv/lib/python3.12/site-packages/airflow/example_dags/example_branch_labels.py
[2025-04-01T16:45:38.185-0500] {logging_mixin.py:190} INFO - [2025-04-01T16:45:38.184-0500] {dag.py:3239} INFO - Sync 1 DAGs
[2025-04-01T16:45:38.200-0500] {logging_mixin.py:190} INFO - [2025-04-01T16:45:38.200-0500] {dag.py:4180} INFO - Setting next_dagrun for example_branch_labels to 2025-03-31 00:00:00+00:00, run_after=2025-04-01 00:00:00+00:00
[2025-04-01T16:45:38.278-0500] {processor.py:208} INFO - Processing /mnt/d/Universidad/ETL/Proyecto_airflow/venv/lib/python3.12/site-packages/airflow/example_dags/example_branch_labels.py took 0.186 seconds
[2025-04-01T16:47:19.798-0500] {processor.py:186} INFO - Started process (PID=5475) to work on /mnt/d/Universidad/ETL/Proyecto_airflow/venv/lib/python3.12/site-packages/airflow/example_dags/example_branch_labels.py
[2025-04-01T16:47:19.799-0500] {processor.py:914} INFO - Processing file /mnt/d/Universidad/ETL/Proyecto_airflow/venv/lib/python3.12/site-packages/airflow/example_dags/example_branch_labels.py for tasks to queue
[2025-04-01T16:47:19.801-0500] {logging_mixin.py:190} INFO - [2025-04-01T16:47:19.801-0500] {dagbag.py:588} INFO - Filling up the DagBag from /mnt/d/Universidad/ETL/Proyecto_airflow/venv/lib/python3.12/site-packages/airflow/example_dags/example_branch_labels.py
[2025-04-01T16:47:19.862-0500] {processor.py:925} INFO - DAG(s) 'example_branch_labels' retrieved from /mnt/d/Universidad/ETL/Proyecto_airflow/venv/lib/python3.12/site-packages/airflow/example_dags/example_branch_labels.py
[2025-04-01T16:47:19.889-0500] {logging_mixin.py:190} INFO - [2025-04-01T16:47:19.888-0500] {dag.py:3239} INFO - Sync 1 DAGs
[2025-04-01T16:47:19.904-0500] {logging_mixin.py:190} INFO - [2025-04-01T16:47:19.903-0500] {dag.py:4180} INFO - Setting next_dagrun for example_branch_labels to 2025-03-31 00:00:00+00:00, run_after=2025-04-01 00:00:00+00:00
[2025-04-01T16:47:20.000-0500] {processor.py:208} INFO - Processing /mnt/d/Universidad/ETL/Proyecto_airflow/venv/lib/python3.12/site-packages/airflow/example_dags/example_branch_labels.py took 0.210 seconds
[2025-04-01T16:48:48.428-0500] {processor.py:186} INFO - Started process (PID=5544) to work on /mnt/d/Universidad/ETL/Proyecto_airflow/venv/lib/python3.12/site-packages/airflow/example_dags/example_branch_labels.py
[2025-04-01T16:48:48.429-0500] {processor.py:914} INFO - Processing file /mnt/d/Universidad/ETL/Proyecto_airflow/venv/lib/python3.12/site-packages/airflow/example_dags/example_branch_labels.py for tasks to queue
[2025-04-01T16:48:48.431-0500] {logging_mixin.py:190} INFO - [2025-04-01T16:48:48.430-0500] {dagbag.py:588} INFO - Filling up the DagBag from /mnt/d/Universidad/ETL/Proyecto_airflow/venv/lib/python3.12/site-packages/airflow/example_dags/example_branch_labels.py
[2025-04-01T16:48:48.491-0500] {processor.py:925} INFO - DAG(s) 'example_branch_labels' retrieved from /mnt/d/Universidad/ETL/Proyecto_airflow/venv/lib/python3.12/site-packages/airflow/example_dags/example_branch_labels.py
[2025-04-01T16:48:48.510-0500] {logging_mixin.py:190} INFO - [2025-04-01T16:48:48.509-0500] {dag.py:3239} INFO - Sync 1 DAGs
[2025-04-01T16:48:48.526-0500] {logging_mixin.py:190} INFO - [2025-04-01T16:48:48.525-0500] {dag.py:4180} INFO - Setting next_dagrun for example_branch_labels to 2025-03-31 00:00:00+00:00, run_after=2025-04-01 00:00:00+00:00
[2025-04-01T16:48:48.641-0500] {processor.py:208} INFO - Processing /mnt/d/Universidad/ETL/Proyecto_airflow/venv/lib/python3.12/site-packages/airflow/example_dags/example_branch_labels.py took 0.221 seconds
[2025-04-01T16:50:17.236-0500] {processor.py:186} INFO - Started process (PID=5613) to work on /mnt/d/Universidad/ETL/Proyecto_airflow/venv/lib/python3.12/site-packages/airflow/example_dags/example_branch_labels.py
[2025-04-01T16:50:17.237-0500] {processor.py:914} INFO - Processing file /mnt/d/Universidad/ETL/Proyecto_airflow/venv/lib/python3.12/site-packages/airflow/example_dags/example_branch_labels.py for tasks to queue
[2025-04-01T16:50:17.240-0500] {logging_mixin.py:190} INFO - [2025-04-01T16:50:17.239-0500] {dagbag.py:588} INFO - Filling up the DagBag from /mnt/d/Universidad/ETL/Proyecto_airflow/venv/lib/python3.12/site-packages/airflow/example_dags/example_branch_labels.py
[2025-04-01T16:50:17.300-0500] {processor.py:925} INFO - DAG(s) 'example_branch_labels' retrieved from /mnt/d/Universidad/ETL/Proyecto_airflow/venv/lib/python3.12/site-packages/airflow/example_dags/example_branch_labels.py
[2025-04-01T16:50:17.318-0500] {logging_mixin.py:190} INFO - [2025-04-01T16:50:17.318-0500] {dag.py:3239} INFO - Sync 1 DAGs
[2025-04-01T16:50:17.333-0500] {logging_mixin.py:190} INFO - [2025-04-01T16:50:17.333-0500] {dag.py:4180} INFO - Setting next_dagrun for example_branch_labels to 2025-03-31 00:00:00+00:00, run_after=2025-04-01 00:00:00+00:00
[2025-04-01T16:50:17.421-0500] {processor.py:208} INFO - Processing /mnt/d/Universidad/ETL/Proyecto_airflow/venv/lib/python3.12/site-packages/airflow/example_dags/example_branch_labels.py took 0.193 seconds
[2025-04-01T16:51:57.076-0500] {processor.py:186} INFO - Started process (PID=5687) to work on /mnt/d/Universidad/ETL/Proyecto_airflow/venv/lib/python3.12/site-packages/airflow/example_dags/example_branch_labels.py
[2025-04-01T16:51:57.077-0500] {processor.py:914} INFO - Processing file /mnt/d/Universidad/ETL/Proyecto_airflow/venv/lib/python3.12/site-packages/airflow/example_dags/example_branch_labels.py for tasks to queue
[2025-04-01T16:51:57.079-0500] {logging_mixin.py:190} INFO - [2025-04-01T16:51:57.078-0500] {dagbag.py:588} INFO - Filling up the DagBag from /mnt/d/Universidad/ETL/Proyecto_airflow/venv/lib/python3.12/site-packages/airflow/example_dags/example_branch_labels.py
[2025-04-01T16:51:57.138-0500] {processor.py:925} INFO - DAG(s) 'example_branch_labels' retrieved from /mnt/d/Universidad/ETL/Proyecto_airflow/venv/lib/python3.12/site-packages/airflow/example_dags/example_branch_labels.py
[2025-04-01T16:51:57.156-0500] {logging_mixin.py:190} INFO - [2025-04-01T16:51:57.156-0500] {dag.py:3239} INFO - Sync 1 DAGs
[2025-04-01T16:51:57.171-0500] {logging_mixin.py:190} INFO - [2025-04-01T16:51:57.170-0500] {dag.py:4180} INFO - Setting next_dagrun for example_branch_labels to 2025-03-31 00:00:00+00:00, run_after=2025-04-01 00:00:00+00:00
[2025-04-01T16:51:57.280-0500] {processor.py:208} INFO - Processing /mnt/d/Universidad/ETL/Proyecto_airflow/venv/lib/python3.12/site-packages/airflow/example_dags/example_branch_labels.py took 0.212 seconds
[2025-04-01T16:53:32.275-0500] {processor.py:186} INFO - Started process (PID=5759) to work on /mnt/d/Universidad/ETL/Proyecto_airflow/venv/lib/python3.12/site-packages/airflow/example_dags/example_branch_labels.py
[2025-04-01T16:53:32.276-0500] {processor.py:914} INFO - Processing file /mnt/d/Universidad/ETL/Proyecto_airflow/venv/lib/python3.12/site-packages/airflow/example_dags/example_branch_labels.py for tasks to queue
[2025-04-01T16:53:32.278-0500] {logging_mixin.py:190} INFO - [2025-04-01T16:53:32.278-0500] {dagbag.py:588} INFO - Filling up the DagBag from /mnt/d/Universidad/ETL/Proyecto_airflow/venv/lib/python3.12/site-packages/airflow/example_dags/example_branch_labels.py
[2025-04-01T16:53:32.339-0500] {processor.py:925} INFO - DAG(s) 'example_branch_labels' retrieved from /mnt/d/Universidad/ETL/Proyecto_airflow/venv/lib/python3.12/site-packages/airflow/example_dags/example_branch_labels.py
[2025-04-01T16:53:32.359-0500] {logging_mixin.py:190} INFO - [2025-04-01T16:53:32.358-0500] {dag.py:3239} INFO - Sync 1 DAGs
[2025-04-01T16:53:32.375-0500] {logging_mixin.py:190} INFO - [2025-04-01T16:53:32.375-0500] {dag.py:4180} INFO - Setting next_dagrun for example_branch_labels to 2025-03-31 00:00:00+00:00, run_after=2025-04-01 00:00:00+00:00
[2025-04-01T16:53:35.559-0500] {processor.py:208} INFO - Processing /mnt/d/Universidad/ETL/Proyecto_airflow/venv/lib/python3.12/site-packages/airflow/example_dags/example_branch_labels.py took 0.218 seconds
[2025-04-01T16:55:06.373-0500] {processor.py:186} INFO - Started process (PID=5831) to work on /mnt/d/Universidad/ETL/Proyecto_airflow/venv/lib/python3.12/site-packages/airflow/example_dags/example_branch_labels.py
[2025-04-01T16:55:06.374-0500] {processor.py:914} INFO - Processing file /mnt/d/Universidad/ETL/Proyecto_airflow/venv/lib/python3.12/site-packages/airflow/example_dags/example_branch_labels.py for tasks to queue
[2025-04-01T16:55:06.376-0500] {logging_mixin.py:190} INFO - [2025-04-01T16:55:06.375-0500] {dagbag.py:588} INFO - Filling up the DagBag from /mnt/d/Universidad/ETL/Proyecto_airflow/venv/lib/python3.12/site-packages/airflow/example_dags/example_branch_labels.py
[2025-04-01T16:55:06.437-0500] {processor.py:925} INFO - DAG(s) 'example_branch_labels' retrieved from /mnt/d/Universidad/ETL/Proyecto_airflow/venv/lib/python3.12/site-packages/airflow/example_dags/example_branch_labels.py
[2025-04-01T16:55:06.456-0500] {logging_mixin.py:190} INFO - [2025-04-01T16:55:06.455-0500] {dag.py:3239} INFO - Sync 1 DAGs
[2025-04-01T16:55:06.471-0500] {logging_mixin.py:190} INFO - [2025-04-01T16:55:06.470-0500] {dag.py:4180} INFO - Setting next_dagrun for example_branch_labels to 2025-03-31 00:00:00+00:00, run_after=2025-04-01 00:00:00+00:00
[2025-04-01T16:55:06.596-0500] {processor.py:208} INFO - Processing /mnt/d/Universidad/ETL/Proyecto_airflow/venv/lib/python3.12/site-packages/airflow/example_dags/example_branch_labels.py took 0.231 seconds
[2025-04-01T16:56:41.390-0500] {processor.py:186} INFO - Started process (PID=5903) to work on /mnt/d/Universidad/ETL/Proyecto_airflow/venv/lib/python3.12/site-packages/airflow/example_dags/example_branch_labels.py
[2025-04-01T16:56:41.391-0500] {processor.py:914} INFO - Processing file /mnt/d/Universidad/ETL/Proyecto_airflow/venv/lib/python3.12/site-packages/airflow/example_dags/example_branch_labels.py for tasks to queue
[2025-04-01T16:56:41.393-0500] {logging_mixin.py:190} INFO - [2025-04-01T16:56:41.392-0500] {dagbag.py:588} INFO - Filling up the DagBag from /mnt/d/Universidad/ETL/Proyecto_airflow/venv/lib/python3.12/site-packages/airflow/example_dags/example_branch_labels.py
[2025-04-01T16:56:41.454-0500] {processor.py:925} INFO - DAG(s) 'example_branch_labels' retrieved from /mnt/d/Universidad/ETL/Proyecto_airflow/venv/lib/python3.12/site-packages/airflow/example_dags/example_branch_labels.py
[2025-04-01T16:56:41.472-0500] {logging_mixin.py:190} INFO - [2025-04-01T16:56:41.471-0500] {dag.py:3239} INFO - Sync 1 DAGs
[2025-04-01T16:56:41.488-0500] {logging_mixin.py:190} INFO - [2025-04-01T16:56:41.487-0500] {dag.py:4180} INFO - Setting next_dagrun for example_branch_labels to 2025-03-31 00:00:00+00:00, run_after=2025-04-01 00:00:00+00:00
[2025-04-01T16:56:41.596-0500] {processor.py:208} INFO - Processing /mnt/d/Universidad/ETL/Proyecto_airflow/venv/lib/python3.12/site-packages/airflow/example_dags/example_branch_labels.py took 0.215 seconds
[2025-04-01T16:58:12.238-0500] {processor.py:186} INFO - Started process (PID=5972) to work on /mnt/d/Universidad/ETL/Proyecto_airflow/venv/lib/python3.12/site-packages/airflow/example_dags/example_branch_labels.py
[2025-04-01T16:58:12.239-0500] {processor.py:914} INFO - Processing file /mnt/d/Universidad/ETL/Proyecto_airflow/venv/lib/python3.12/site-packages/airflow/example_dags/example_branch_labels.py for tasks to queue
[2025-04-01T16:58:12.241-0500] {logging_mixin.py:190} INFO - [2025-04-01T16:58:12.241-0500] {dagbag.py:588} INFO - Filling up the DagBag from /mnt/d/Universidad/ETL/Proyecto_airflow/venv/lib/python3.12/site-packages/airflow/example_dags/example_branch_labels.py
[2025-04-01T16:58:12.302-0500] {processor.py:925} INFO - DAG(s) 'example_branch_labels' retrieved from /mnt/d/Universidad/ETL/Proyecto_airflow/venv/lib/python3.12/site-packages/airflow/example_dags/example_branch_labels.py
[2025-04-01T16:58:12.322-0500] {logging_mixin.py:190} INFO - [2025-04-01T16:58:12.321-0500] {dag.py:3239} INFO - Sync 1 DAGs
[2025-04-01T16:58:12.338-0500] {logging_mixin.py:190} INFO - [2025-04-01T16:58:12.338-0500] {dag.py:4180} INFO - Setting next_dagrun for example_branch_labels to 2025-03-31 00:00:00+00:00, run_after=2025-04-01 00:00:00+00:00
[2025-04-01T16:58:12.448-0500] {processor.py:208} INFO - Processing /mnt/d/Universidad/ETL/Proyecto_airflow/venv/lib/python3.12/site-packages/airflow/example_dags/example_branch_labels.py took 0.218 seconds
[2025-04-01T16:59:47.675-0500] {processor.py:186} INFO - Started process (PID=6043) to work on /mnt/d/Universidad/ETL/Proyecto_airflow/venv/lib/python3.12/site-packages/airflow/example_dags/example_branch_labels.py
[2025-04-01T16:59:47.676-0500] {processor.py:914} INFO - Processing file /mnt/d/Universidad/ETL/Proyecto_airflow/venv/lib/python3.12/site-packages/airflow/example_dags/example_branch_labels.py for tasks to queue
[2025-04-01T16:59:47.678-0500] {logging_mixin.py:190} INFO - [2025-04-01T16:59:47.677-0500] {dagbag.py:588} INFO - Filling up the DagBag from /mnt/d/Universidad/ETL/Proyecto_airflow/venv/lib/python3.12/site-packages/airflow/example_dags/example_branch_labels.py
[2025-04-01T16:59:47.739-0500] {processor.py:925} INFO - DAG(s) 'example_branch_labels' retrieved from /mnt/d/Universidad/ETL/Proyecto_airflow/venv/lib/python3.12/site-packages/airflow/example_dags/example_branch_labels.py
[2025-04-01T16:59:47.758-0500] {logging_mixin.py:190} INFO - [2025-04-01T16:59:47.757-0500] {dag.py:3239} INFO - Sync 1 DAGs
[2025-04-01T16:59:47.773-0500] {logging_mixin.py:190} INFO - [2025-04-01T16:59:47.772-0500] {dag.py:4180} INFO - Setting next_dagrun for example_branch_labels to 2025-03-31 00:00:00+00:00, run_after=2025-04-01 00:00:00+00:00
[2025-04-01T16:59:47.881-0500] {processor.py:208} INFO - Processing /mnt/d/Universidad/ETL/Proyecto_airflow/venv/lib/python3.12/site-packages/airflow/example_dags/example_branch_labels.py took 0.214 seconds
[2025-04-01T17:01:27.177-0500] {processor.py:186} INFO - Started process (PID=6115) to work on /mnt/d/Universidad/ETL/Proyecto_airflow/venv/lib/python3.12/site-packages/airflow/example_dags/example_branch_labels.py
[2025-04-01T17:01:27.178-0500] {processor.py:914} INFO - Processing file /mnt/d/Universidad/ETL/Proyecto_airflow/venv/lib/python3.12/site-packages/airflow/example_dags/example_branch_labels.py for tasks to queue
[2025-04-01T17:01:27.180-0500] {logging_mixin.py:190} INFO - [2025-04-01T17:01:27.179-0500] {dagbag.py:588} INFO - Filling up the DagBag from /mnt/d/Universidad/ETL/Proyecto_airflow/venv/lib/python3.12/site-packages/airflow/example_dags/example_branch_labels.py
[2025-04-01T17:01:27.239-0500] {processor.py:925} INFO - DAG(s) 'example_branch_labels' retrieved from /mnt/d/Universidad/ETL/Proyecto_airflow/venv/lib/python3.12/site-packages/airflow/example_dags/example_branch_labels.py
[2025-04-01T17:01:27.257-0500] {logging_mixin.py:190} INFO - [2025-04-01T17:01:27.257-0500] {dag.py:3239} INFO - Sync 1 DAGs
[2025-04-01T17:01:27.272-0500] {logging_mixin.py:190} INFO - [2025-04-01T17:01:27.271-0500] {dag.py:4180} INFO - Setting next_dagrun for example_branch_labels to 2025-03-31 00:00:00+00:00, run_after=2025-04-01 00:00:00+00:00
[2025-04-01T17:01:27.367-0500] {processor.py:208} INFO - Processing /mnt/d/Universidad/ETL/Proyecto_airflow/venv/lib/python3.12/site-packages/airflow/example_dags/example_branch_labels.py took 0.198 seconds
[2025-04-01T17:03:00.990-0500] {processor.py:186} INFO - Started process (PID=6185) to work on /mnt/d/Universidad/ETL/Proyecto_airflow/venv/lib/python3.12/site-packages/airflow/example_dags/example_branch_labels.py
[2025-04-01T17:03:00.991-0500] {processor.py:914} INFO - Processing file /mnt/d/Universidad/ETL/Proyecto_airflow/venv/lib/python3.12/site-packages/airflow/example_dags/example_branch_labels.py for tasks to queue
[2025-04-01T17:03:00.993-0500] {logging_mixin.py:190} INFO - [2025-04-01T17:03:00.993-0500] {dagbag.py:588} INFO - Filling up the DagBag from /mnt/d/Universidad/ETL/Proyecto_airflow/venv/lib/python3.12/site-packages/airflow/example_dags/example_branch_labels.py
[2025-04-01T17:03:01.054-0500] {processor.py:925} INFO - DAG(s) 'example_branch_labels' retrieved from /mnt/d/Universidad/ETL/Proyecto_airflow/venv/lib/python3.12/site-packages/airflow/example_dags/example_branch_labels.py
[2025-04-01T17:03:01.072-0500] {logging_mixin.py:190} INFO - [2025-04-01T17:03:01.071-0500] {dag.py:3239} INFO - Sync 1 DAGs
[2025-04-01T17:03:01.087-0500] {logging_mixin.py:190} INFO - [2025-04-01T17:03:01.086-0500] {dag.py:4180} INFO - Setting next_dagrun for example_branch_labels to 2025-03-31 00:00:00+00:00, run_after=2025-04-01 00:00:00+00:00
[2025-04-01T17:03:01.181-0500] {processor.py:208} INFO - Processing /mnt/d/Universidad/ETL/Proyecto_airflow/venv/lib/python3.12/site-packages/airflow/example_dags/example_branch_labels.py took 0.198 seconds
[2025-04-01T17:04:35.928-0500] {processor.py:186} INFO - Started process (PID=6257) to work on /mnt/d/Universidad/ETL/Proyecto_airflow/venv/lib/python3.12/site-packages/airflow/example_dags/example_branch_labels.py
[2025-04-01T17:04:35.929-0500] {processor.py:914} INFO - Processing file /mnt/d/Universidad/ETL/Proyecto_airflow/venv/lib/python3.12/site-packages/airflow/example_dags/example_branch_labels.py for tasks to queue
[2025-04-01T17:04:35.931-0500] {logging_mixin.py:190} INFO - [2025-04-01T17:04:35.930-0500] {dagbag.py:588} INFO - Filling up the DagBag from /mnt/d/Universidad/ETL/Proyecto_airflow/venv/lib/python3.12/site-packages/airflow/example_dags/example_branch_labels.py
[2025-04-01T17:04:35.991-0500] {processor.py:925} INFO - DAG(s) 'example_branch_labels' retrieved from /mnt/d/Universidad/ETL/Proyecto_airflow/venv/lib/python3.12/site-packages/airflow/example_dags/example_branch_labels.py
[2025-04-01T17:04:36.011-0500] {logging_mixin.py:190} INFO - [2025-04-01T17:04:36.010-0500] {dag.py:3239} INFO - Sync 1 DAGs
[2025-04-01T17:04:36.028-0500] {logging_mixin.py:190} INFO - [2025-04-01T17:04:36.027-0500] {dag.py:4180} INFO - Setting next_dagrun for example_branch_labels to 2025-03-31 00:00:00+00:00, run_after=2025-04-01 00:00:00+00:00
[2025-04-01T17:04:36.130-0500] {processor.py:208} INFO - Processing /mnt/d/Universidad/ETL/Proyecto_airflow/venv/lib/python3.12/site-packages/airflow/example_dags/example_branch_labels.py took 0.210 seconds
[2025-04-01T17:06:14.908-0500] {processor.py:186} INFO - Started process (PID=6328) to work on /mnt/d/Universidad/ETL/Proyecto_airflow/venv/lib/python3.12/site-packages/airflow/example_dags/example_branch_labels.py
[2025-04-01T17:06:14.909-0500] {processor.py:914} INFO - Processing file /mnt/d/Universidad/ETL/Proyecto_airflow/venv/lib/python3.12/site-packages/airflow/example_dags/example_branch_labels.py for tasks to queue
[2025-04-01T17:06:14.912-0500] {logging_mixin.py:190} INFO - [2025-04-01T17:06:14.911-0500] {dagbag.py:588} INFO - Filling up the DagBag from /mnt/d/Universidad/ETL/Proyecto_airflow/venv/lib/python3.12/site-packages/airflow/example_dags/example_branch_labels.py
[2025-04-01T17:06:14.972-0500] {processor.py:925} INFO - DAG(s) 'example_branch_labels' retrieved from /mnt/d/Universidad/ETL/Proyecto_airflow/venv/lib/python3.12/site-packages/airflow/example_dags/example_branch_labels.py
[2025-04-01T17:06:14.989-0500] {logging_mixin.py:190} INFO - [2025-04-01T17:06:14.989-0500] {dag.py:3239} INFO - Sync 1 DAGs
[2025-04-01T17:06:15.005-0500] {logging_mixin.py:190} INFO - [2025-04-01T17:06:15.004-0500] {dag.py:4180} INFO - Setting next_dagrun for example_branch_labels to 2025-03-31 00:00:00+00:00, run_after=2025-04-01 00:00:00+00:00
[2025-04-01T17:06:15.101-0500] {processor.py:208} INFO - Processing /mnt/d/Universidad/ETL/Proyecto_airflow/venv/lib/python3.12/site-packages/airflow/example_dags/example_branch_labels.py took 0.200 seconds
[2025-04-01T17:07:50.966-0500] {processor.py:186} INFO - Started process (PID=6402) to work on /mnt/d/Universidad/ETL/Proyecto_airflow/venv/lib/python3.12/site-packages/airflow/example_dags/example_branch_labels.py
[2025-04-01T17:07:50.967-0500] {processor.py:914} INFO - Processing file /mnt/d/Universidad/ETL/Proyecto_airflow/venv/lib/python3.12/site-packages/airflow/example_dags/example_branch_labels.py for tasks to queue
[2025-04-01T17:07:50.969-0500] {logging_mixin.py:190} INFO - [2025-04-01T17:07:50.969-0500] {dagbag.py:588} INFO - Filling up the DagBag from /mnt/d/Universidad/ETL/Proyecto_airflow/venv/lib/python3.12/site-packages/airflow/example_dags/example_branch_labels.py
[2025-04-01T17:07:51.030-0500] {processor.py:925} INFO - DAG(s) 'example_branch_labels' retrieved from /mnt/d/Universidad/ETL/Proyecto_airflow/venv/lib/python3.12/site-packages/airflow/example_dags/example_branch_labels.py
[2025-04-01T17:07:51.048-0500] {logging_mixin.py:190} INFO - [2025-04-01T17:07:51.047-0500] {dag.py:3239} INFO - Sync 1 DAGs
[2025-04-01T17:07:51.063-0500] {logging_mixin.py:190} INFO - [2025-04-01T17:07:51.062-0500] {dag.py:4180} INFO - Setting next_dagrun for example_branch_labels to 2025-03-31 00:00:00+00:00, run_after=2025-04-01 00:00:00+00:00
[2025-04-01T17:07:51.172-0500] {processor.py:208} INFO - Processing /mnt/d/Universidad/ETL/Proyecto_airflow/venv/lib/python3.12/site-packages/airflow/example_dags/example_branch_labels.py took 0.214 seconds
[2025-04-01T17:09:25.997-0500] {processor.py:186} INFO - Started process (PID=6474) to work on /mnt/d/Universidad/ETL/Proyecto_airflow/venv/lib/python3.12/site-packages/airflow/example_dags/example_branch_labels.py
[2025-04-01T17:09:25.998-0500] {processor.py:914} INFO - Processing file /mnt/d/Universidad/ETL/Proyecto_airflow/venv/lib/python3.12/site-packages/airflow/example_dags/example_branch_labels.py for tasks to queue
[2025-04-01T17:09:26.000-0500] {logging_mixin.py:190} INFO - [2025-04-01T17:09:26.000-0500] {dagbag.py:588} INFO - Filling up the DagBag from /mnt/d/Universidad/ETL/Proyecto_airflow/venv/lib/python3.12/site-packages/airflow/example_dags/example_branch_labels.py
[2025-04-01T17:09:26.060-0500] {processor.py:925} INFO - DAG(s) 'example_branch_labels' retrieved from /mnt/d/Universidad/ETL/Proyecto_airflow/venv/lib/python3.12/site-packages/airflow/example_dags/example_branch_labels.py
[2025-04-01T17:09:26.078-0500] {logging_mixin.py:190} INFO - [2025-04-01T17:09:26.077-0500] {dag.py:3239} INFO - Sync 1 DAGs
[2025-04-01T17:09:26.092-0500] {logging_mixin.py:190} INFO - [2025-04-01T17:09:26.092-0500] {dag.py:4180} INFO - Setting next_dagrun for example_branch_labels to 2025-03-31 00:00:00+00:00, run_after=2025-04-01 00:00:00+00:00
[2025-04-01T17:09:26.193-0500] {processor.py:208} INFO - Processing /mnt/d/Universidad/ETL/Proyecto_airflow/venv/lib/python3.12/site-packages/airflow/example_dags/example_branch_labels.py took 0.203 seconds
[2025-04-01T17:11:10.961-0500] {processor.py:186} INFO - Started process (PID=6547) to work on /mnt/d/Universidad/ETL/Proyecto_airflow/venv/lib/python3.12/site-packages/airflow/example_dags/example_branch_labels.py
[2025-04-01T17:11:10.962-0500] {processor.py:914} INFO - Processing file /mnt/d/Universidad/ETL/Proyecto_airflow/venv/lib/python3.12/site-packages/airflow/example_dags/example_branch_labels.py for tasks to queue
[2025-04-01T17:11:10.964-0500] {logging_mixin.py:190} INFO - [2025-04-01T17:11:10.964-0500] {dagbag.py:588} INFO - Filling up the DagBag from /mnt/d/Universidad/ETL/Proyecto_airflow/venv/lib/python3.12/site-packages/airflow/example_dags/example_branch_labels.py
[2025-04-01T17:11:11.024-0500] {processor.py:925} INFO - DAG(s) 'example_branch_labels' retrieved from /mnt/d/Universidad/ETL/Proyecto_airflow/venv/lib/python3.12/site-packages/airflow/example_dags/example_branch_labels.py
[2025-04-01T17:11:11.042-0500] {logging_mixin.py:190} INFO - [2025-04-01T17:11:11.042-0500] {dag.py:3239} INFO - Sync 1 DAGs
[2025-04-01T17:11:11.058-0500] {logging_mixin.py:190} INFO - [2025-04-01T17:11:11.058-0500] {dag.py:4180} INFO - Setting next_dagrun for example_branch_labels to 2025-03-31 00:00:00+00:00, run_after=2025-04-01 00:00:00+00:00
[2025-04-01T17:11:11.400-0500] {processor.py:208} INFO - Processing /mnt/d/Universidad/ETL/Proyecto_airflow/venv/lib/python3.12/site-packages/airflow/example_dags/example_branch_labels.py took 0.446 seconds
[2025-04-01T17:12:52.807-0500] {processor.py:186} INFO - Started process (PID=6622) to work on /mnt/d/Universidad/ETL/Proyecto_airflow/venv/lib/python3.12/site-packages/airflow/example_dags/example_branch_labels.py
[2025-04-01T17:12:52.808-0500] {processor.py:914} INFO - Processing file /mnt/d/Universidad/ETL/Proyecto_airflow/venv/lib/python3.12/site-packages/airflow/example_dags/example_branch_labels.py for tasks to queue
[2025-04-01T17:12:52.810-0500] {logging_mixin.py:190} INFO - [2025-04-01T17:12:52.809-0500] {dagbag.py:588} INFO - Filling up the DagBag from /mnt/d/Universidad/ETL/Proyecto_airflow/venv/lib/python3.12/site-packages/airflow/example_dags/example_branch_labels.py
[2025-04-01T17:12:52.870-0500] {processor.py:925} INFO - DAG(s) 'example_branch_labels' retrieved from /mnt/d/Universidad/ETL/Proyecto_airflow/venv/lib/python3.12/site-packages/airflow/example_dags/example_branch_labels.py
[2025-04-01T17:12:52.887-0500] {logging_mixin.py:190} INFO - [2025-04-01T17:12:52.887-0500] {dag.py:3239} INFO - Sync 1 DAGs
[2025-04-01T17:12:52.902-0500] {logging_mixin.py:190} INFO - [2025-04-01T17:12:52.902-0500] {dag.py:4180} INFO - Setting next_dagrun for example_branch_labels to 2025-03-31 00:00:00+00:00, run_after=2025-04-01 00:00:00+00:00
[2025-04-01T17:12:53.006-0500] {processor.py:208} INFO - Processing /mnt/d/Universidad/ETL/Proyecto_airflow/venv/lib/python3.12/site-packages/airflow/example_dags/example_branch_labels.py took 0.207 seconds
[2025-04-01T17:14:28.236-0500] {processor.py:186} INFO - Started process (PID=6694) to work on /mnt/d/Universidad/ETL/Proyecto_airflow/venv/lib/python3.12/site-packages/airflow/example_dags/example_branch_labels.py
[2025-04-01T17:14:28.237-0500] {processor.py:914} INFO - Processing file /mnt/d/Universidad/ETL/Proyecto_airflow/venv/lib/python3.12/site-packages/airflow/example_dags/example_branch_labels.py for tasks to queue
[2025-04-01T17:14:28.239-0500] {logging_mixin.py:190} INFO - [2025-04-01T17:14:28.238-0500] {dagbag.py:588} INFO - Filling up the DagBag from /mnt/d/Universidad/ETL/Proyecto_airflow/venv/lib/python3.12/site-packages/airflow/example_dags/example_branch_labels.py
[2025-04-01T17:14:28.301-0500] {processor.py:925} INFO - DAG(s) 'example_branch_labels' retrieved from /mnt/d/Universidad/ETL/Proyecto_airflow/venv/lib/python3.12/site-packages/airflow/example_dags/example_branch_labels.py
[2025-04-01T17:14:28.352-0500] {logging_mixin.py:190} INFO - [2025-04-01T17:14:28.351-0500] {dag.py:3239} INFO - Sync 1 DAGs
[2025-04-01T17:14:28.367-0500] {logging_mixin.py:190} INFO - [2025-04-01T17:14:28.367-0500] {dag.py:4180} INFO - Setting next_dagrun for example_branch_labels to 2025-03-31 00:00:00+00:00, run_after=2025-04-01 00:00:00+00:00
[2025-04-01T17:14:28.480-0500] {processor.py:208} INFO - Processing /mnt/d/Universidad/ETL/Proyecto_airflow/venv/lib/python3.12/site-packages/airflow/example_dags/example_branch_labels.py took 0.253 seconds
[2025-04-01T17:15:58.158-0500] {processor.py:186} INFO - Started process (PID=6764) to work on /mnt/d/Universidad/ETL/Proyecto_airflow/venv/lib/python3.12/site-packages/airflow/example_dags/example_branch_labels.py
[2025-04-01T17:15:58.159-0500] {processor.py:914} INFO - Processing file /mnt/d/Universidad/ETL/Proyecto_airflow/venv/lib/python3.12/site-packages/airflow/example_dags/example_branch_labels.py for tasks to queue
[2025-04-01T17:15:58.161-0500] {logging_mixin.py:190} INFO - [2025-04-01T17:15:58.161-0500] {dagbag.py:588} INFO - Filling up the DagBag from /mnt/d/Universidad/ETL/Proyecto_airflow/venv/lib/python3.12/site-packages/airflow/example_dags/example_branch_labels.py
[2025-04-01T17:15:58.221-0500] {processor.py:925} INFO - DAG(s) 'example_branch_labels' retrieved from /mnt/d/Universidad/ETL/Proyecto_airflow/venv/lib/python3.12/site-packages/airflow/example_dags/example_branch_labels.py
[2025-04-01T17:15:58.239-0500] {logging_mixin.py:190} INFO - [2025-04-01T17:15:58.238-0500] {dag.py:3239} INFO - Sync 1 DAGs
[2025-04-01T17:15:58.254-0500] {logging_mixin.py:190} INFO - [2025-04-01T17:15:58.254-0500] {dag.py:4180} INFO - Setting next_dagrun for example_branch_labels to 2025-03-31 00:00:00+00:00, run_after=2025-04-01 00:00:00+00:00
[2025-04-01T17:15:58.359-0500] {processor.py:208} INFO - Processing /mnt/d/Universidad/ETL/Proyecto_airflow/venv/lib/python3.12/site-packages/airflow/example_dags/example_branch_labels.py took 0.209 seconds
[2025-04-01T17:17:36.473-0500] {processor.py:186} INFO - Started process (PID=6839) to work on /mnt/d/Universidad/ETL/Proyecto_airflow/venv/lib/python3.12/site-packages/airflow/example_dags/example_branch_labels.py
[2025-04-01T17:17:36.474-0500] {processor.py:914} INFO - Processing file /mnt/d/Universidad/ETL/Proyecto_airflow/venv/lib/python3.12/site-packages/airflow/example_dags/example_branch_labels.py for tasks to queue
[2025-04-01T17:17:36.476-0500] {logging_mixin.py:190} INFO - [2025-04-01T17:17:36.475-0500] {dagbag.py:588} INFO - Filling up the DagBag from /mnt/d/Universidad/ETL/Proyecto_airflow/venv/lib/python3.12/site-packages/airflow/example_dags/example_branch_labels.py
[2025-04-01T17:17:36.536-0500] {processor.py:925} INFO - DAG(s) 'example_branch_labels' retrieved from /mnt/d/Universidad/ETL/Proyecto_airflow/venv/lib/python3.12/site-packages/airflow/example_dags/example_branch_labels.py
[2025-04-01T17:17:36.556-0500] {logging_mixin.py:190} INFO - [2025-04-01T17:17:36.555-0500] {dag.py:3239} INFO - Sync 1 DAGs
[2025-04-01T17:17:36.572-0500] {logging_mixin.py:190} INFO - [2025-04-01T17:17:36.571-0500] {dag.py:4180} INFO - Setting next_dagrun for example_branch_labels to 2025-03-31 00:00:00+00:00, run_after=2025-04-01 00:00:00+00:00
[2025-04-01T17:17:36.690-0500] {processor.py:208} INFO - Processing /mnt/d/Universidad/ETL/Proyecto_airflow/venv/lib/python3.12/site-packages/airflow/example_dags/example_branch_labels.py took 0.225 seconds
[2025-04-01T17:19:16.046-0500] {processor.py:186} INFO - Started process (PID=6912) to work on /mnt/d/Universidad/ETL/Proyecto_airflow/venv/lib/python3.12/site-packages/airflow/example_dags/example_branch_labels.py
[2025-04-01T17:19:16.047-0500] {processor.py:914} INFO - Processing file /mnt/d/Universidad/ETL/Proyecto_airflow/venv/lib/python3.12/site-packages/airflow/example_dags/example_branch_labels.py for tasks to queue
[2025-04-01T17:19:16.050-0500] {logging_mixin.py:190} INFO - [2025-04-01T17:19:16.049-0500] {dagbag.py:588} INFO - Filling up the DagBag from /mnt/d/Universidad/ETL/Proyecto_airflow/venv/lib/python3.12/site-packages/airflow/example_dags/example_branch_labels.py
[2025-04-01T17:19:16.111-0500] {processor.py:925} INFO - DAG(s) 'example_branch_labels' retrieved from /mnt/d/Universidad/ETL/Proyecto_airflow/venv/lib/python3.12/site-packages/airflow/example_dags/example_branch_labels.py
[2025-04-01T17:19:16.131-0500] {logging_mixin.py:190} INFO - [2025-04-01T17:19:16.130-0500] {dag.py:3239} INFO - Sync 1 DAGs
[2025-04-01T17:19:16.147-0500] {logging_mixin.py:190} INFO - [2025-04-01T17:19:16.146-0500] {dag.py:4180} INFO - Setting next_dagrun for example_branch_labels to 2025-03-31 00:00:00+00:00, run_after=2025-04-01 00:00:00+00:00
[2025-04-01T17:19:16.247-0500] {processor.py:208} INFO - Processing /mnt/d/Universidad/ETL/Proyecto_airflow/venv/lib/python3.12/site-packages/airflow/example_dags/example_branch_labels.py took 0.210 seconds
[2025-04-01T17:20:58.458-0500] {processor.py:186} INFO - Started process (PID=6985) to work on /mnt/d/Universidad/ETL/Proyecto_airflow/venv/lib/python3.12/site-packages/airflow/example_dags/example_branch_labels.py
[2025-04-01T17:20:58.460-0500] {processor.py:914} INFO - Processing file /mnt/d/Universidad/ETL/Proyecto_airflow/venv/lib/python3.12/site-packages/airflow/example_dags/example_branch_labels.py for tasks to queue
[2025-04-01T17:20:58.462-0500] {logging_mixin.py:190} INFO - [2025-04-01T17:20:58.461-0500] {dagbag.py:588} INFO - Filling up the DagBag from /mnt/d/Universidad/ETL/Proyecto_airflow/venv/lib/python3.12/site-packages/airflow/example_dags/example_branch_labels.py
[2025-04-01T17:20:58.522-0500] {processor.py:925} INFO - DAG(s) 'example_branch_labels' retrieved from /mnt/d/Universidad/ETL/Proyecto_airflow/venv/lib/python3.12/site-packages/airflow/example_dags/example_branch_labels.py
[2025-04-01T17:20:58.540-0500] {logging_mixin.py:190} INFO - [2025-04-01T17:20:58.539-0500] {dag.py:3239} INFO - Sync 1 DAGs
[2025-04-01T17:20:58.555-0500] {logging_mixin.py:190} INFO - [2025-04-01T17:20:58.554-0500] {dag.py:4180} INFO - Setting next_dagrun for example_branch_labels to 2025-03-31 00:00:00+00:00, run_after=2025-04-01 00:00:00+00:00
[2025-04-01T17:20:58.663-0500] {processor.py:208} INFO - Processing /mnt/d/Universidad/ETL/Proyecto_airflow/venv/lib/python3.12/site-packages/airflow/example_dags/example_branch_labels.py took 0.212 seconds
[2025-04-01T17:22:40.423-0500] {processor.py:186} INFO - Started process (PID=7059) to work on /mnt/d/Universidad/ETL/Proyecto_airflow/venv/lib/python3.12/site-packages/airflow/example_dags/example_branch_labels.py
[2025-04-01T17:22:40.424-0500] {processor.py:914} INFO - Processing file /mnt/d/Universidad/ETL/Proyecto_airflow/venv/lib/python3.12/site-packages/airflow/example_dags/example_branch_labels.py for tasks to queue
[2025-04-01T17:22:40.426-0500] {logging_mixin.py:190} INFO - [2025-04-01T17:22:40.426-0500] {dagbag.py:588} INFO - Filling up the DagBag from /mnt/d/Universidad/ETL/Proyecto_airflow/venv/lib/python3.12/site-packages/airflow/example_dags/example_branch_labels.py
[2025-04-01T17:22:40.487-0500] {processor.py:925} INFO - DAG(s) 'example_branch_labels' retrieved from /mnt/d/Universidad/ETL/Proyecto_airflow/venv/lib/python3.12/site-packages/airflow/example_dags/example_branch_labels.py
[2025-04-01T17:22:40.506-0500] {logging_mixin.py:190} INFO - [2025-04-01T17:22:40.505-0500] {dag.py:3239} INFO - Sync 1 DAGs
[2025-04-01T17:22:40.521-0500] {logging_mixin.py:190} INFO - [2025-04-01T17:22:40.520-0500] {dag.py:4180} INFO - Setting next_dagrun for example_branch_labels to 2025-03-31 00:00:00+00:00, run_after=2025-04-01 00:00:00+00:00
[2025-04-01T17:22:40.626-0500] {processor.py:208} INFO - Processing /mnt/d/Universidad/ETL/Proyecto_airflow/venv/lib/python3.12/site-packages/airflow/example_dags/example_branch_labels.py took 0.211 seconds
[2025-04-01T17:24:11.775-0500] {processor.py:186} INFO - Started process (PID=7130) to work on /mnt/d/Universidad/ETL/Proyecto_airflow/venv/lib/python3.12/site-packages/airflow/example_dags/example_branch_labels.py
[2025-04-01T17:24:11.776-0500] {processor.py:914} INFO - Processing file /mnt/d/Universidad/ETL/Proyecto_airflow/venv/lib/python3.12/site-packages/airflow/example_dags/example_branch_labels.py for tasks to queue
[2025-04-01T17:24:11.778-0500] {logging_mixin.py:190} INFO - [2025-04-01T17:24:11.777-0500] {dagbag.py:588} INFO - Filling up the DagBag from /mnt/d/Universidad/ETL/Proyecto_airflow/venv/lib/python3.12/site-packages/airflow/example_dags/example_branch_labels.py
[2025-04-01T17:24:11.838-0500] {processor.py:925} INFO - DAG(s) 'example_branch_labels' retrieved from /mnt/d/Universidad/ETL/Proyecto_airflow/venv/lib/python3.12/site-packages/airflow/example_dags/example_branch_labels.py
[2025-04-01T17:24:11.858-0500] {logging_mixin.py:190} INFO - [2025-04-01T17:24:11.857-0500] {dag.py:3239} INFO - Sync 1 DAGs
[2025-04-01T17:24:11.874-0500] {logging_mixin.py:190} INFO - [2025-04-01T17:24:11.873-0500] {dag.py:4180} INFO - Setting next_dagrun for example_branch_labels to 2025-03-31 00:00:00+00:00, run_after=2025-04-01 00:00:00+00:00
[2025-04-01T17:24:11.979-0500] {processor.py:208} INFO - Processing /mnt/d/Universidad/ETL/Proyecto_airflow/venv/lib/python3.12/site-packages/airflow/example_dags/example_branch_labels.py took 0.212 seconds
[2025-04-01T17:25:48.830-0500] {processor.py:186} INFO - Started process (PID=7201) to work on /mnt/d/Universidad/ETL/Proyecto_airflow/venv/lib/python3.12/site-packages/airflow/example_dags/example_branch_labels.py
[2025-04-01T17:25:48.831-0500] {processor.py:914} INFO - Processing file /mnt/d/Universidad/ETL/Proyecto_airflow/venv/lib/python3.12/site-packages/airflow/example_dags/example_branch_labels.py for tasks to queue
[2025-04-01T17:25:48.833-0500] {logging_mixin.py:190} INFO - [2025-04-01T17:25:48.832-0500] {dagbag.py:588} INFO - Filling up the DagBag from /mnt/d/Universidad/ETL/Proyecto_airflow/venv/lib/python3.12/site-packages/airflow/example_dags/example_branch_labels.py
[2025-04-01T17:25:48.893-0500] {processor.py:925} INFO - DAG(s) 'example_branch_labels' retrieved from /mnt/d/Universidad/ETL/Proyecto_airflow/venv/lib/python3.12/site-packages/airflow/example_dags/example_branch_labels.py
[2025-04-01T17:25:48.910-0500] {logging_mixin.py:190} INFO - [2025-04-01T17:25:48.910-0500] {dag.py:3239} INFO - Sync 1 DAGs
[2025-04-01T17:25:48.925-0500] {logging_mixin.py:190} INFO - [2025-04-01T17:25:48.925-0500] {dag.py:4180} INFO - Setting next_dagrun for example_branch_labels to 2025-03-31 00:00:00+00:00, run_after=2025-04-01 00:00:00+00:00
[2025-04-01T17:25:49.035-0500] {processor.py:208} INFO - Processing /mnt/d/Universidad/ETL/Proyecto_airflow/venv/lib/python3.12/site-packages/airflow/example_dags/example_branch_labels.py took 0.213 seconds
[2025-04-01T17:27:28.270-0500] {processor.py:186} INFO - Started process (PID=7272) to work on /mnt/d/Universidad/ETL/Proyecto_airflow/venv/lib/python3.12/site-packages/airflow/example_dags/example_branch_labels.py
[2025-04-01T17:27:28.271-0500] {processor.py:914} INFO - Processing file /mnt/d/Universidad/ETL/Proyecto_airflow/venv/lib/python3.12/site-packages/airflow/example_dags/example_branch_labels.py for tasks to queue
[2025-04-01T17:27:28.273-0500] {logging_mixin.py:190} INFO - [2025-04-01T17:27:28.272-0500] {dagbag.py:588} INFO - Filling up the DagBag from /mnt/d/Universidad/ETL/Proyecto_airflow/venv/lib/python3.12/site-packages/airflow/example_dags/example_branch_labels.py
[2025-04-01T17:27:28.333-0500] {processor.py:925} INFO - DAG(s) 'example_branch_labels' retrieved from /mnt/d/Universidad/ETL/Proyecto_airflow/venv/lib/python3.12/site-packages/airflow/example_dags/example_branch_labels.py
[2025-04-01T17:27:28.351-0500] {logging_mixin.py:190} INFO - [2025-04-01T17:27:28.350-0500] {dag.py:3239} INFO - Sync 1 DAGs
[2025-04-01T17:27:28.366-0500] {logging_mixin.py:190} INFO - [2025-04-01T17:27:28.365-0500] {dag.py:4180} INFO - Setting next_dagrun for example_branch_labels to 2025-03-31 00:00:00+00:00, run_after=2025-04-01 00:00:00+00:00
[2025-04-01T17:27:28.465-0500] {processor.py:208} INFO - Processing /mnt/d/Universidad/ETL/Proyecto_airflow/venv/lib/python3.12/site-packages/airflow/example_dags/example_branch_labels.py took 0.203 seconds
[2025-04-01T17:28:52.829-0500] {processor.py:186} INFO - Started process (PID=7340) to work on /mnt/d/Universidad/ETL/Proyecto_airflow/venv/lib/python3.12/site-packages/airflow/example_dags/example_branch_labels.py
[2025-04-01T17:28:52.830-0500] {processor.py:914} INFO - Processing file /mnt/d/Universidad/ETL/Proyecto_airflow/venv/lib/python3.12/site-packages/airflow/example_dags/example_branch_labels.py for tasks to queue
[2025-04-01T17:28:52.832-0500] {logging_mixin.py:190} INFO - [2025-04-01T17:28:52.832-0500] {dagbag.py:588} INFO - Filling up the DagBag from /mnt/d/Universidad/ETL/Proyecto_airflow/venv/lib/python3.12/site-packages/airflow/example_dags/example_branch_labels.py
[2025-04-01T17:28:52.892-0500] {processor.py:925} INFO - DAG(s) 'example_branch_labels' retrieved from /mnt/d/Universidad/ETL/Proyecto_airflow/venv/lib/python3.12/site-packages/airflow/example_dags/example_branch_labels.py
[2025-04-01T17:28:52.910-0500] {logging_mixin.py:190} INFO - [2025-04-01T17:28:52.909-0500] {dag.py:3239} INFO - Sync 1 DAGs
[2025-04-01T17:28:52.925-0500] {logging_mixin.py:190} INFO - [2025-04-01T17:28:52.924-0500] {dag.py:4180} INFO - Setting next_dagrun for example_branch_labels to 2025-03-31 00:00:00+00:00, run_after=2025-04-01 00:00:00+00:00
[2025-04-01T17:28:53.017-0500] {processor.py:208} INFO - Processing /mnt/d/Universidad/ETL/Proyecto_airflow/venv/lib/python3.12/site-packages/airflow/example_dags/example_branch_labels.py took 0.196 seconds
