[2025-04-01T16:14:26.170-0500] {processor.py:186} INFO - Started process (PID=4009) to work on /mnt/d/Universidad/ETL/Proyecto_airflow/venv/lib/python3.12/site-packages/airflow/example_dags/example_short_circuit_operator.py
[2025-04-01T16:14:26.171-0500] {processor.py:914} INFO - Processing file /mnt/d/Universidad/ETL/Proyecto_airflow/venv/lib/python3.12/site-packages/airflow/example_dags/example_short_circuit_operator.py for tasks to queue
[2025-04-01T16:14:26.174-0500] {logging_mixin.py:190} INFO - [2025-04-01T16:14:26.173-0500] {dagbag.py:588} INFO - Filling up the DagBag from /mnt/d/Universidad/ETL/Proyecto_airflow/venv/lib/python3.12/site-packages/airflow/example_dags/example_short_circuit_operator.py
[2025-04-01T16:14:26.241-0500] {processor.py:925} INFO - DAG(s) 'example_short_circuit_operator' retrieved from /mnt/d/Universidad/ETL/Proyecto_airflow/venv/lib/python3.12/site-packages/airflow/example_dags/example_short_circuit_operator.py
[2025-04-01T16:14:27.406-0500] {logging_mixin.py:190} INFO - [2025-04-01T16:14:27.405-0500] {override.py:1930} INFO - Created Permission View: can delete on DAG:example_short_circuit_operator
[2025-04-01T16:14:27.482-0500] {logging_mixin.py:190} INFO - [2025-04-01T16:14:27.481-0500] {override.py:1930} INFO - Created Permission View: can edit on DAG:example_short_circuit_operator
[2025-04-01T16:14:27.559-0500] {logging_mixin.py:190} INFO - [2025-04-01T16:14:27.558-0500] {override.py:1930} INFO - Created Permission View: can read on DAG:example_short_circuit_operator
[2025-04-01T16:14:27.731-0500] {logging_mixin.py:190} INFO - [2025-04-01T16:14:27.730-0500] {override.py:1930} INFO - Created Permission View: can create on DAG Run:example_short_circuit_operator
[2025-04-01T16:14:27.796-0500] {logging_mixin.py:190} INFO - [2025-04-01T16:14:27.795-0500] {override.py:1930} INFO - Created Permission View: can delete on DAG Run:example_short_circuit_operator
[2025-04-01T16:14:27.864-0500] {logging_mixin.py:190} INFO - [2025-04-01T16:14:27.863-0500] {override.py:1930} INFO - Created Permission View: menu access on DAG Run:example_short_circuit_operator
[2025-04-01T16:14:27.941-0500] {logging_mixin.py:190} INFO - [2025-04-01T16:14:27.940-0500] {override.py:1930} INFO - Created Permission View: can read on DAG Run:example_short_circuit_operator
[2025-04-01T16:14:27.942-0500] {logging_mixin.py:190} INFO - [2025-04-01T16:14:27.942-0500] {dag.py:3239} INFO - Sync 1 DAGs
[2025-04-01T16:14:27.957-0500] {logging_mixin.py:190} INFO - [2025-04-01T16:14:27.956-0500] {dag.py:3262} INFO - Creating ORM DAG for example_short_circuit_operator
[2025-04-01T16:14:27.959-0500] {logging_mixin.py:190} INFO - [2025-04-01T16:14:27.958-0500] {dag.py:4180} INFO - Setting next_dagrun for example_short_circuit_operator to None, run_after=None
[2025-04-01T16:14:28.044-0500] {processor.py:208} INFO - Processing /mnt/d/Universidad/ETL/Proyecto_airflow/venv/lib/python3.12/site-packages/airflow/example_dags/example_short_circuit_operator.py took 1.883 seconds
[2025-04-01T16:16:26.283-0500] {processor.py:186} INFO - Started process (PID=4071) to work on /mnt/d/Universidad/ETL/Proyecto_airflow/venv/lib/python3.12/site-packages/airflow/example_dags/example_short_circuit_operator.py
[2025-04-01T16:16:26.284-0500] {processor.py:914} INFO - Processing file /mnt/d/Universidad/ETL/Proyecto_airflow/venv/lib/python3.12/site-packages/airflow/example_dags/example_short_circuit_operator.py for tasks to queue
[2025-04-01T16:16:26.287-0500] {logging_mixin.py:190} INFO - [2025-04-01T16:16:26.286-0500] {dagbag.py:588} INFO - Filling up the DagBag from /mnt/d/Universidad/ETL/Proyecto_airflow/venv/lib/python3.12/site-packages/airflow/example_dags/example_short_circuit_operator.py
[2025-04-01T16:16:26.345-0500] {processor.py:925} INFO - DAG(s) 'example_short_circuit_operator' retrieved from /mnt/d/Universidad/ETL/Proyecto_airflow/venv/lib/python3.12/site-packages/airflow/example_dags/example_short_circuit_operator.py
[2025-04-01T16:16:26.374-0500] {logging_mixin.py:190} INFO - [2025-04-01T16:16:26.373-0500] {dag.py:3239} INFO - Sync 1 DAGs
[2025-04-01T16:16:26.385-0500] {logging_mixin.py:190} INFO - [2025-04-01T16:16:26.384-0500] {dag.py:4180} INFO - Setting next_dagrun for example_short_circuit_operator to None, run_after=None
[2025-04-01T16:16:26.499-0500] {processor.py:208} INFO - Processing /mnt/d/Universidad/ETL/Proyecto_airflow/venv/lib/python3.12/site-packages/airflow/example_dags/example_short_circuit_operator.py took 0.225 seconds
[2025-04-01T16:18:25.008-0500] {processor.py:186} INFO - Started process (PID=4142) to work on /mnt/d/Universidad/ETL/Proyecto_airflow/venv/lib/python3.12/site-packages/airflow/example_dags/example_short_circuit_operator.py
[2025-04-01T16:18:25.010-0500] {processor.py:914} INFO - Processing file /mnt/d/Universidad/ETL/Proyecto_airflow/venv/lib/python3.12/site-packages/airflow/example_dags/example_short_circuit_operator.py for tasks to queue
[2025-04-01T16:18:25.012-0500] {logging_mixin.py:190} INFO - [2025-04-01T16:18:25.011-0500] {dagbag.py:588} INFO - Filling up the DagBag from /mnt/d/Universidad/ETL/Proyecto_airflow/venv/lib/python3.12/site-packages/airflow/example_dags/example_short_circuit_operator.py
[2025-04-01T16:18:25.070-0500] {processor.py:925} INFO - DAG(s) 'example_short_circuit_operator' retrieved from /mnt/d/Universidad/ETL/Proyecto_airflow/venv/lib/python3.12/site-packages/airflow/example_dags/example_short_circuit_operator.py
[2025-04-01T16:18:25.091-0500] {logging_mixin.py:190} INFO - [2025-04-01T16:18:25.090-0500] {dag.py:3239} INFO - Sync 1 DAGs
[2025-04-01T16:18:25.101-0500] {logging_mixin.py:190} INFO - [2025-04-01T16:18:25.100-0500] {dag.py:4180} INFO - Setting next_dagrun for example_short_circuit_operator to None, run_after=None
[2025-04-01T16:18:25.176-0500] {processor.py:208} INFO - Processing /mnt/d/Universidad/ETL/Proyecto_airflow/venv/lib/python3.12/site-packages/airflow/example_dags/example_short_circuit_operator.py took 0.175 seconds
[2025-04-01T16:19:26.668-0500] {processor.py:186} INFO - Started process (PID=4189) to work on /mnt/d/Universidad/ETL/Proyecto_airflow/venv/lib/python3.12/site-packages/airflow/example_dags/example_short_circuit_operator.py
[2025-04-01T16:19:26.669-0500] {processor.py:914} INFO - Processing file /mnt/d/Universidad/ETL/Proyecto_airflow/venv/lib/python3.12/site-packages/airflow/example_dags/example_short_circuit_operator.py for tasks to queue
[2025-04-01T16:19:26.671-0500] {logging_mixin.py:190} INFO - [2025-04-01T16:19:26.671-0500] {dagbag.py:588} INFO - Filling up the DagBag from /mnt/d/Universidad/ETL/Proyecto_airflow/venv/lib/python3.12/site-packages/airflow/example_dags/example_short_circuit_operator.py
[2025-04-01T16:19:26.727-0500] {processor.py:925} INFO - DAG(s) 'example_short_circuit_operator' retrieved from /mnt/d/Universidad/ETL/Proyecto_airflow/venv/lib/python3.12/site-packages/airflow/example_dags/example_short_circuit_operator.py
[2025-04-01T16:19:26.747-0500] {logging_mixin.py:190} INFO - [2025-04-01T16:19:26.746-0500] {dag.py:3239} INFO - Sync 1 DAGs
[2025-04-01T16:19:26.756-0500] {logging_mixin.py:190} INFO - [2025-04-01T16:19:26.755-0500] {dag.py:4180} INFO - Setting next_dagrun for example_short_circuit_operator to None, run_after=None
[2025-04-01T16:19:26.857-0500] {processor.py:208} INFO - Processing /mnt/d/Universidad/ETL/Proyecto_airflow/venv/lib/python3.12/site-packages/airflow/example_dags/example_short_circuit_operator.py took 0.197 seconds
[2025-04-01T16:20:51.706-0500] {processor.py:186} INFO - Started process (PID=4261) to work on /mnt/d/Universidad/ETL/Proyecto_airflow/venv/lib/python3.12/site-packages/airflow/example_dags/example_short_circuit_operator.py
[2025-04-01T16:20:51.707-0500] {processor.py:914} INFO - Processing file /mnt/d/Universidad/ETL/Proyecto_airflow/venv/lib/python3.12/site-packages/airflow/example_dags/example_short_circuit_operator.py for tasks to queue
[2025-04-01T16:20:51.710-0500] {logging_mixin.py:190} INFO - [2025-04-01T16:20:51.709-0500] {dagbag.py:588} INFO - Filling up the DagBag from /mnt/d/Universidad/ETL/Proyecto_airflow/venv/lib/python3.12/site-packages/airflow/example_dags/example_short_circuit_operator.py
[2025-04-01T16:20:51.768-0500] {processor.py:925} INFO - DAG(s) 'example_short_circuit_operator' retrieved from /mnt/d/Universidad/ETL/Proyecto_airflow/venv/lib/python3.12/site-packages/airflow/example_dags/example_short_circuit_operator.py
[2025-04-01T16:20:51.788-0500] {logging_mixin.py:190} INFO - [2025-04-01T16:20:51.788-0500] {dag.py:3239} INFO - Sync 1 DAGs
[2025-04-01T16:20:51.798-0500] {logging_mixin.py:190} INFO - [2025-04-01T16:20:51.797-0500] {dag.py:4180} INFO - Setting next_dagrun for example_short_circuit_operator to None, run_after=None
[2025-04-01T16:20:51.885-0500] {processor.py:208} INFO - Processing /mnt/d/Universidad/ETL/Proyecto_airflow/venv/lib/python3.12/site-packages/airflow/example_dags/example_short_circuit_operator.py took 0.187 seconds
[2025-04-01T16:22:18.916-0500] {processor.py:186} INFO - Started process (PID=4330) to work on /mnt/d/Universidad/ETL/Proyecto_airflow/venv/lib/python3.12/site-packages/airflow/example_dags/example_short_circuit_operator.py
[2025-04-01T16:22:18.918-0500] {processor.py:914} INFO - Processing file /mnt/d/Universidad/ETL/Proyecto_airflow/venv/lib/python3.12/site-packages/airflow/example_dags/example_short_circuit_operator.py for tasks to queue
[2025-04-01T16:22:18.920-0500] {logging_mixin.py:190} INFO - [2025-04-01T16:22:18.919-0500] {dagbag.py:588} INFO - Filling up the DagBag from /mnt/d/Universidad/ETL/Proyecto_airflow/venv/lib/python3.12/site-packages/airflow/example_dags/example_short_circuit_operator.py
[2025-04-01T16:22:18.973-0500] {processor.py:925} INFO - DAG(s) 'example_short_circuit_operator' retrieved from /mnt/d/Universidad/ETL/Proyecto_airflow/venv/lib/python3.12/site-packages/airflow/example_dags/example_short_circuit_operator.py
[2025-04-01T16:22:18.993-0500] {logging_mixin.py:190} INFO - [2025-04-01T16:22:18.992-0500] {dag.py:3239} INFO - Sync 1 DAGs
[2025-04-01T16:22:19.002-0500] {logging_mixin.py:190} INFO - [2025-04-01T16:22:19.001-0500] {dag.py:4180} INFO - Setting next_dagrun for example_short_circuit_operator to None, run_after=None
[2025-04-01T16:22:19.082-0500] {processor.py:208} INFO - Processing /mnt/d/Universidad/ETL/Proyecto_airflow/venv/lib/python3.12/site-packages/airflow/example_dags/example_short_circuit_operator.py took 0.173 seconds
[2025-04-01T16:23:44.687-0500] {processor.py:186} INFO - Started process (PID=4399) to work on /mnt/d/Universidad/ETL/Proyecto_airflow/venv/lib/python3.12/site-packages/airflow/example_dags/example_short_circuit_operator.py
[2025-04-01T16:23:44.688-0500] {processor.py:914} INFO - Processing file /mnt/d/Universidad/ETL/Proyecto_airflow/venv/lib/python3.12/site-packages/airflow/example_dags/example_short_circuit_operator.py for tasks to queue
[2025-04-01T16:23:44.690-0500] {logging_mixin.py:190} INFO - [2025-04-01T16:23:44.689-0500] {dagbag.py:588} INFO - Filling up the DagBag from /mnt/d/Universidad/ETL/Proyecto_airflow/venv/lib/python3.12/site-packages/airflow/example_dags/example_short_circuit_operator.py
[2025-04-01T16:23:44.745-0500] {processor.py:925} INFO - DAG(s) 'example_short_circuit_operator' retrieved from /mnt/d/Universidad/ETL/Proyecto_airflow/venv/lib/python3.12/site-packages/airflow/example_dags/example_short_circuit_operator.py
[2025-04-01T16:23:44.764-0500] {logging_mixin.py:190} INFO - [2025-04-01T16:23:44.764-0500] {dag.py:3239} INFO - Sync 1 DAGs
[2025-04-01T16:23:44.774-0500] {logging_mixin.py:190} INFO - [2025-04-01T16:23:44.773-0500] {dag.py:4180} INFO - Setting next_dagrun for example_short_circuit_operator to None, run_after=None
[2025-04-01T16:23:44.842-0500] {processor.py:208} INFO - Processing /mnt/d/Universidad/ETL/Proyecto_airflow/venv/lib/python3.12/site-packages/airflow/example_dags/example_short_circuit_operator.py took 0.163 seconds
[2025-04-01T16:25:19.489-0500] {processor.py:186} INFO - Started process (PID=4470) to work on /mnt/d/Universidad/ETL/Proyecto_airflow/venv/lib/python3.12/site-packages/airflow/example_dags/example_short_circuit_operator.py
[2025-04-01T16:25:19.490-0500] {processor.py:914} INFO - Processing file /mnt/d/Universidad/ETL/Proyecto_airflow/venv/lib/python3.12/site-packages/airflow/example_dags/example_short_circuit_operator.py for tasks to queue
[2025-04-01T16:25:19.492-0500] {logging_mixin.py:190} INFO - [2025-04-01T16:25:19.491-0500] {dagbag.py:588} INFO - Filling up the DagBag from /mnt/d/Universidad/ETL/Proyecto_airflow/venv/lib/python3.12/site-packages/airflow/example_dags/example_short_circuit_operator.py
[2025-04-01T16:25:19.546-0500] {processor.py:925} INFO - DAG(s) 'example_short_circuit_operator' retrieved from /mnt/d/Universidad/ETL/Proyecto_airflow/venv/lib/python3.12/site-packages/airflow/example_dags/example_short_circuit_operator.py
[2025-04-01T16:25:19.567-0500] {logging_mixin.py:190} INFO - [2025-04-01T16:25:19.566-0500] {dag.py:3239} INFO - Sync 1 DAGs
[2025-04-01T16:25:19.577-0500] {logging_mixin.py:190} INFO - [2025-04-01T16:25:19.576-0500] {dag.py:4180} INFO - Setting next_dagrun for example_short_circuit_operator to None, run_after=None
[2025-04-01T16:25:19.657-0500] {processor.py:208} INFO - Processing /mnt/d/Universidad/ETL/Proyecto_airflow/venv/lib/python3.12/site-packages/airflow/example_dags/example_short_circuit_operator.py took 0.176 seconds
[2025-04-01T16:26:54.225-0500] {processor.py:186} INFO - Started process (PID=4542) to work on /mnt/d/Universidad/ETL/Proyecto_airflow/venv/lib/python3.12/site-packages/airflow/example_dags/example_short_circuit_operator.py
[2025-04-01T16:26:54.227-0500] {processor.py:914} INFO - Processing file /mnt/d/Universidad/ETL/Proyecto_airflow/venv/lib/python3.12/site-packages/airflow/example_dags/example_short_circuit_operator.py for tasks to queue
[2025-04-01T16:26:54.229-0500] {logging_mixin.py:190} INFO - [2025-04-01T16:26:54.228-0500] {dagbag.py:588} INFO - Filling up the DagBag from /mnt/d/Universidad/ETL/Proyecto_airflow/venv/lib/python3.12/site-packages/airflow/example_dags/example_short_circuit_operator.py
[2025-04-01T16:26:54.282-0500] {processor.py:925} INFO - DAG(s) 'example_short_circuit_operator' retrieved from /mnt/d/Universidad/ETL/Proyecto_airflow/venv/lib/python3.12/site-packages/airflow/example_dags/example_short_circuit_operator.py
[2025-04-01T16:26:54.302-0500] {logging_mixin.py:190} INFO - [2025-04-01T16:26:54.301-0500] {dag.py:3239} INFO - Sync 1 DAGs
[2025-04-01T16:26:54.311-0500] {logging_mixin.py:190} INFO - [2025-04-01T16:26:54.310-0500] {dag.py:4180} INFO - Setting next_dagrun for example_short_circuit_operator to None, run_after=None
[2025-04-01T16:26:54.426-0500] {processor.py:208} INFO - Processing /mnt/d/Universidad/ETL/Proyecto_airflow/venv/lib/python3.12/site-packages/airflow/example_dags/example_short_circuit_operator.py took 0.209 seconds
[2025-04-01T16:28:25.207-0500] {processor.py:186} INFO - Started process (PID=4613) to work on /mnt/d/Universidad/ETL/Proyecto_airflow/venv/lib/python3.12/site-packages/airflow/example_dags/example_short_circuit_operator.py
[2025-04-01T16:28:25.208-0500] {processor.py:914} INFO - Processing file /mnt/d/Universidad/ETL/Proyecto_airflow/venv/lib/python3.12/site-packages/airflow/example_dags/example_short_circuit_operator.py for tasks to queue
[2025-04-01T16:28:25.210-0500] {logging_mixin.py:190} INFO - [2025-04-01T16:28:25.209-0500] {dagbag.py:588} INFO - Filling up the DagBag from /mnt/d/Universidad/ETL/Proyecto_airflow/venv/lib/python3.12/site-packages/airflow/example_dags/example_short_circuit_operator.py
[2025-04-01T16:28:25.264-0500] {processor.py:925} INFO - DAG(s) 'example_short_circuit_operator' retrieved from /mnt/d/Universidad/ETL/Proyecto_airflow/venv/lib/python3.12/site-packages/airflow/example_dags/example_short_circuit_operator.py
[2025-04-01T16:28:25.283-0500] {logging_mixin.py:190} INFO - [2025-04-01T16:28:25.283-0500] {dag.py:3239} INFO - Sync 1 DAGs
[2025-04-01T16:28:25.292-0500] {logging_mixin.py:190} INFO - [2025-04-01T16:28:25.292-0500] {dag.py:4180} INFO - Setting next_dagrun for example_short_circuit_operator to None, run_after=None
[2025-04-01T16:28:25.391-0500] {processor.py:208} INFO - Processing /mnt/d/Universidad/ETL/Proyecto_airflow/venv/lib/python3.12/site-packages/airflow/example_dags/example_short_circuit_operator.py took 0.193 seconds
[2025-04-01T16:29:58.189-0500] {processor.py:186} INFO - Started process (PID=4684) to work on /mnt/d/Universidad/ETL/Proyecto_airflow/venv/lib/python3.12/site-packages/airflow/example_dags/example_short_circuit_operator.py
[2025-04-01T16:29:58.190-0500] {processor.py:914} INFO - Processing file /mnt/d/Universidad/ETL/Proyecto_airflow/venv/lib/python3.12/site-packages/airflow/example_dags/example_short_circuit_operator.py for tasks to queue
[2025-04-01T16:29:58.192-0500] {logging_mixin.py:190} INFO - [2025-04-01T16:29:58.191-0500] {dagbag.py:588} INFO - Filling up the DagBag from /mnt/d/Universidad/ETL/Proyecto_airflow/venv/lib/python3.12/site-packages/airflow/example_dags/example_short_circuit_operator.py
[2025-04-01T16:29:58.246-0500] {processor.py:925} INFO - DAG(s) 'example_short_circuit_operator' retrieved from /mnt/d/Universidad/ETL/Proyecto_airflow/venv/lib/python3.12/site-packages/airflow/example_dags/example_short_circuit_operator.py
[2025-04-01T16:29:58.266-0500] {logging_mixin.py:190} INFO - [2025-04-01T16:29:58.265-0500] {dag.py:3239} INFO - Sync 1 DAGs
[2025-04-01T16:29:58.275-0500] {logging_mixin.py:190} INFO - [2025-04-01T16:29:58.274-0500] {dag.py:4180} INFO - Setting next_dagrun for example_short_circuit_operator to None, run_after=None
[2025-04-01T16:29:58.380-0500] {processor.py:208} INFO - Processing /mnt/d/Universidad/ETL/Proyecto_airflow/venv/lib/python3.12/site-packages/airflow/example_dags/example_short_circuit_operator.py took 0.198 seconds
[2025-04-01T16:31:29.538-0500] {processor.py:186} INFO - Started process (PID=4754) to work on /mnt/d/Universidad/ETL/Proyecto_airflow/venv/lib/python3.12/site-packages/airflow/example_dags/example_short_circuit_operator.py
[2025-04-01T16:31:29.539-0500] {processor.py:914} INFO - Processing file /mnt/d/Universidad/ETL/Proyecto_airflow/venv/lib/python3.12/site-packages/airflow/example_dags/example_short_circuit_operator.py for tasks to queue
[2025-04-01T16:31:29.541-0500] {logging_mixin.py:190} INFO - [2025-04-01T16:31:29.540-0500] {dagbag.py:588} INFO - Filling up the DagBag from /mnt/d/Universidad/ETL/Proyecto_airflow/venv/lib/python3.12/site-packages/airflow/example_dags/example_short_circuit_operator.py
[2025-04-01T16:31:29.601-0500] {processor.py:925} INFO - DAG(s) 'example_short_circuit_operator' retrieved from /mnt/d/Universidad/ETL/Proyecto_airflow/venv/lib/python3.12/site-packages/airflow/example_dags/example_short_circuit_operator.py
[2025-04-01T16:31:29.622-0500] {logging_mixin.py:190} INFO - [2025-04-01T16:31:29.621-0500] {dag.py:3239} INFO - Sync 1 DAGs
[2025-04-01T16:31:29.633-0500] {logging_mixin.py:190} INFO - [2025-04-01T16:31:29.633-0500] {dag.py:4180} INFO - Setting next_dagrun for example_short_circuit_operator to None, run_after=None
[2025-04-01T16:31:29.718-0500] {processor.py:208} INFO - Processing /mnt/d/Universidad/ETL/Proyecto_airflow/venv/lib/python3.12/site-packages/airflow/example_dags/example_short_circuit_operator.py took 0.189 seconds
[2025-04-01T16:33:05.326-0500] {processor.py:186} INFO - Started process (PID=4828) to work on /mnt/d/Universidad/ETL/Proyecto_airflow/venv/lib/python3.12/site-packages/airflow/example_dags/example_short_circuit_operator.py
[2025-04-01T16:33:05.327-0500] {processor.py:914} INFO - Processing file /mnt/d/Universidad/ETL/Proyecto_airflow/venv/lib/python3.12/site-packages/airflow/example_dags/example_short_circuit_operator.py for tasks to queue
[2025-04-01T16:33:05.330-0500] {logging_mixin.py:190} INFO - [2025-04-01T16:33:05.329-0500] {dagbag.py:588} INFO - Filling up the DagBag from /mnt/d/Universidad/ETL/Proyecto_airflow/venv/lib/python3.12/site-packages/airflow/example_dags/example_short_circuit_operator.py
[2025-04-01T16:33:05.387-0500] {processor.py:925} INFO - DAG(s) 'example_short_circuit_operator' retrieved from /mnt/d/Universidad/ETL/Proyecto_airflow/venv/lib/python3.12/site-packages/airflow/example_dags/example_short_circuit_operator.py
[2025-04-01T16:33:05.407-0500] {logging_mixin.py:190} INFO - [2025-04-01T16:33:05.406-0500] {dag.py:3239} INFO - Sync 1 DAGs
[2025-04-01T16:33:05.417-0500] {logging_mixin.py:190} INFO - [2025-04-01T16:33:05.416-0500] {dag.py:4180} INFO - Setting next_dagrun for example_short_circuit_operator to None, run_after=None
[2025-04-01T16:33:05.498-0500] {processor.py:208} INFO - Processing /mnt/d/Universidad/ETL/Proyecto_airflow/venv/lib/python3.12/site-packages/airflow/example_dags/example_short_circuit_operator.py took 0.180 seconds
[2025-04-01T16:34:32.509-0500] {processor.py:186} INFO - Started process (PID=4896) to work on /mnt/d/Universidad/ETL/Proyecto_airflow/venv/lib/python3.12/site-packages/airflow/example_dags/example_short_circuit_operator.py
[2025-04-01T16:34:32.510-0500] {processor.py:914} INFO - Processing file /mnt/d/Universidad/ETL/Proyecto_airflow/venv/lib/python3.12/site-packages/airflow/example_dags/example_short_circuit_operator.py for tasks to queue
[2025-04-01T16:34:32.513-0500] {logging_mixin.py:190} INFO - [2025-04-01T16:34:32.512-0500] {dagbag.py:588} INFO - Filling up the DagBag from /mnt/d/Universidad/ETL/Proyecto_airflow/venv/lib/python3.12/site-packages/airflow/example_dags/example_short_circuit_operator.py
[2025-04-01T16:34:32.566-0500] {processor.py:925} INFO - DAG(s) 'example_short_circuit_operator' retrieved from /mnt/d/Universidad/ETL/Proyecto_airflow/venv/lib/python3.12/site-packages/airflow/example_dags/example_short_circuit_operator.py
[2025-04-01T16:34:32.585-0500] {logging_mixin.py:190} INFO - [2025-04-01T16:34:32.584-0500] {dag.py:3239} INFO - Sync 1 DAGs
[2025-04-01T16:34:32.594-0500] {logging_mixin.py:190} INFO - [2025-04-01T16:34:32.593-0500] {dag.py:4180} INFO - Setting next_dagrun for example_short_circuit_operator to None, run_after=None
[2025-04-01T16:34:32.674-0500] {processor.py:208} INFO - Processing /mnt/d/Universidad/ETL/Proyecto_airflow/venv/lib/python3.12/site-packages/airflow/example_dags/example_short_circuit_operator.py took 0.172 seconds
[2025-04-01T16:35:59.374-0500] {processor.py:186} INFO - Started process (PID=4965) to work on /mnt/d/Universidad/ETL/Proyecto_airflow/venv/lib/python3.12/site-packages/airflow/example_dags/example_short_circuit_operator.py
[2025-04-01T16:35:59.375-0500] {processor.py:914} INFO - Processing file /mnt/d/Universidad/ETL/Proyecto_airflow/venv/lib/python3.12/site-packages/airflow/example_dags/example_short_circuit_operator.py for tasks to queue
[2025-04-01T16:35:59.377-0500] {logging_mixin.py:190} INFO - [2025-04-01T16:35:59.376-0500] {dagbag.py:588} INFO - Filling up the DagBag from /mnt/d/Universidad/ETL/Proyecto_airflow/venv/lib/python3.12/site-packages/airflow/example_dags/example_short_circuit_operator.py
[2025-04-01T16:35:59.431-0500] {processor.py:925} INFO - DAG(s) 'example_short_circuit_operator' retrieved from /mnt/d/Universidad/ETL/Proyecto_airflow/venv/lib/python3.12/site-packages/airflow/example_dags/example_short_circuit_operator.py
[2025-04-01T16:35:59.451-0500] {logging_mixin.py:190} INFO - [2025-04-01T16:35:59.450-0500] {dag.py:3239} INFO - Sync 1 DAGs
[2025-04-01T16:35:59.460-0500] {logging_mixin.py:190} INFO - [2025-04-01T16:35:59.459-0500] {dag.py:4180} INFO - Setting next_dagrun for example_short_circuit_operator to None, run_after=None
[2025-04-01T16:35:59.544-0500] {processor.py:208} INFO - Processing /mnt/d/Universidad/ETL/Proyecto_airflow/venv/lib/python3.12/site-packages/airflow/example_dags/example_short_circuit_operator.py took 0.178 seconds
[2025-04-01T16:37:33.056-0500] {processor.py:186} INFO - Started process (PID=5035) to work on /mnt/d/Universidad/ETL/Proyecto_airflow/venv/lib/python3.12/site-packages/airflow/example_dags/example_short_circuit_operator.py
[2025-04-01T16:37:33.057-0500] {processor.py:914} INFO - Processing file /mnt/d/Universidad/ETL/Proyecto_airflow/venv/lib/python3.12/site-packages/airflow/example_dags/example_short_circuit_operator.py for tasks to queue
[2025-04-01T16:37:33.060-0500] {logging_mixin.py:190} INFO - [2025-04-01T16:37:33.059-0500] {dagbag.py:588} INFO - Filling up the DagBag from /mnt/d/Universidad/ETL/Proyecto_airflow/venv/lib/python3.12/site-packages/airflow/example_dags/example_short_circuit_operator.py
[2025-04-01T16:37:33.113-0500] {processor.py:925} INFO - DAG(s) 'example_short_circuit_operator' retrieved from /mnt/d/Universidad/ETL/Proyecto_airflow/venv/lib/python3.12/site-packages/airflow/example_dags/example_short_circuit_operator.py
[2025-04-01T16:37:33.132-0500] {logging_mixin.py:190} INFO - [2025-04-01T16:37:33.132-0500] {dag.py:3239} INFO - Sync 1 DAGs
[2025-04-01T16:37:33.141-0500] {logging_mixin.py:190} INFO - [2025-04-01T16:37:33.141-0500] {dag.py:4180} INFO - Setting next_dagrun for example_short_circuit_operator to None, run_after=None
[2025-04-01T16:37:33.248-0500] {processor.py:208} INFO - Processing /mnt/d/Universidad/ETL/Proyecto_airflow/venv/lib/python3.12/site-packages/airflow/example_dags/example_short_circuit_operator.py took 0.200 seconds
[2025-04-01T16:39:05.644-0500] {processor.py:186} INFO - Started process (PID=5105) to work on /mnt/d/Universidad/ETL/Proyecto_airflow/venv/lib/python3.12/site-packages/airflow/example_dags/example_short_circuit_operator.py
[2025-04-01T16:39:05.645-0500] {processor.py:914} INFO - Processing file /mnt/d/Universidad/ETL/Proyecto_airflow/venv/lib/python3.12/site-packages/airflow/example_dags/example_short_circuit_operator.py for tasks to queue
[2025-04-01T16:39:05.648-0500] {logging_mixin.py:190} INFO - [2025-04-01T16:39:05.647-0500] {dagbag.py:588} INFO - Filling up the DagBag from /mnt/d/Universidad/ETL/Proyecto_airflow/venv/lib/python3.12/site-packages/airflow/example_dags/example_short_circuit_operator.py
[2025-04-01T16:39:05.704-0500] {processor.py:925} INFO - DAG(s) 'example_short_circuit_operator' retrieved from /mnt/d/Universidad/ETL/Proyecto_airflow/venv/lib/python3.12/site-packages/airflow/example_dags/example_short_circuit_operator.py
[2025-04-01T16:39:05.724-0500] {logging_mixin.py:190} INFO - [2025-04-01T16:39:05.723-0500] {dag.py:3239} INFO - Sync 1 DAGs
[2025-04-01T16:39:05.733-0500] {logging_mixin.py:190} INFO - [2025-04-01T16:39:05.732-0500] {dag.py:4180} INFO - Setting next_dagrun for example_short_circuit_operator to None, run_after=None
[2025-04-01T16:39:05.823-0500] {processor.py:208} INFO - Processing /mnt/d/Universidad/ETL/Proyecto_airflow/venv/lib/python3.12/site-packages/airflow/example_dags/example_short_circuit_operator.py took 0.186 seconds
[2025-04-01T16:40:39.309-0500] {processor.py:186} INFO - Started process (PID=5178) to work on /mnt/d/Universidad/ETL/Proyecto_airflow/venv/lib/python3.12/site-packages/airflow/example_dags/example_short_circuit_operator.py
[2025-04-01T16:40:39.310-0500] {processor.py:914} INFO - Processing file /mnt/d/Universidad/ETL/Proyecto_airflow/venv/lib/python3.12/site-packages/airflow/example_dags/example_short_circuit_operator.py for tasks to queue
[2025-04-01T16:40:39.312-0500] {logging_mixin.py:190} INFO - [2025-04-01T16:40:39.311-0500] {dagbag.py:588} INFO - Filling up the DagBag from /mnt/d/Universidad/ETL/Proyecto_airflow/venv/lib/python3.12/site-packages/airflow/example_dags/example_short_circuit_operator.py
[2025-04-01T16:40:39.367-0500] {processor.py:925} INFO - DAG(s) 'example_short_circuit_operator' retrieved from /mnt/d/Universidad/ETL/Proyecto_airflow/venv/lib/python3.12/site-packages/airflow/example_dags/example_short_circuit_operator.py
[2025-04-01T16:40:39.387-0500] {logging_mixin.py:190} INFO - [2025-04-01T16:40:39.386-0500] {dag.py:3239} INFO - Sync 1 DAGs
[2025-04-01T16:40:39.398-0500] {logging_mixin.py:190} INFO - [2025-04-01T16:40:39.397-0500] {dag.py:4180} INFO - Setting next_dagrun for example_short_circuit_operator to None, run_after=None
[2025-04-01T16:40:42.064-0500] {processor.py:208} INFO - Processing /mnt/d/Universidad/ETL/Proyecto_airflow/venv/lib/python3.12/site-packages/airflow/example_dags/example_short_circuit_operator.py took 0.203 seconds
[2025-04-01T16:42:18.624-0500] {processor.py:186} INFO - Started process (PID=5251) to work on /mnt/d/Universidad/ETL/Proyecto_airflow/venv/lib/python3.12/site-packages/airflow/example_dags/example_short_circuit_operator.py
[2025-04-01T16:42:18.625-0500] {processor.py:914} INFO - Processing file /mnt/d/Universidad/ETL/Proyecto_airflow/venv/lib/python3.12/site-packages/airflow/example_dags/example_short_circuit_operator.py for tasks to queue
[2025-04-01T16:42:18.627-0500] {logging_mixin.py:190} INFO - [2025-04-01T16:42:18.626-0500] {dagbag.py:588} INFO - Filling up the DagBag from /mnt/d/Universidad/ETL/Proyecto_airflow/venv/lib/python3.12/site-packages/airflow/example_dags/example_short_circuit_operator.py
[2025-04-01T16:42:18.681-0500] {processor.py:925} INFO - DAG(s) 'example_short_circuit_operator' retrieved from /mnt/d/Universidad/ETL/Proyecto_airflow/venv/lib/python3.12/site-packages/airflow/example_dags/example_short_circuit_operator.py
[2025-04-01T16:42:18.700-0500] {logging_mixin.py:190} INFO - [2025-04-01T16:42:18.700-0500] {dag.py:3239} INFO - Sync 1 DAGs
[2025-04-01T16:42:18.710-0500] {logging_mixin.py:190} INFO - [2025-04-01T16:42:18.709-0500] {dag.py:4180} INFO - Setting next_dagrun for example_short_circuit_operator to None, run_after=None
[2025-04-01T16:42:18.814-0500] {processor.py:208} INFO - Processing /mnt/d/Universidad/ETL/Proyecto_airflow/venv/lib/python3.12/site-packages/airflow/example_dags/example_short_circuit_operator.py took 0.199 seconds
[2025-04-01T16:43:52.452-0500] {processor.py:186} INFO - Started process (PID=5321) to work on /mnt/d/Universidad/ETL/Proyecto_airflow/venv/lib/python3.12/site-packages/airflow/example_dags/example_short_circuit_operator.py
[2025-04-01T16:43:52.453-0500] {processor.py:914} INFO - Processing file /mnt/d/Universidad/ETL/Proyecto_airflow/venv/lib/python3.12/site-packages/airflow/example_dags/example_short_circuit_operator.py for tasks to queue
[2025-04-01T16:43:52.455-0500] {logging_mixin.py:190} INFO - [2025-04-01T16:43:52.455-0500] {dagbag.py:588} INFO - Filling up the DagBag from /mnt/d/Universidad/ETL/Proyecto_airflow/venv/lib/python3.12/site-packages/airflow/example_dags/example_short_circuit_operator.py
[2025-04-01T16:43:52.510-0500] {processor.py:925} INFO - DAG(s) 'example_short_circuit_operator' retrieved from /mnt/d/Universidad/ETL/Proyecto_airflow/venv/lib/python3.12/site-packages/airflow/example_dags/example_short_circuit_operator.py
[2025-04-01T16:43:52.529-0500] {logging_mixin.py:190} INFO - [2025-04-01T16:43:52.528-0500] {dag.py:3239} INFO - Sync 1 DAGs
[2025-04-01T16:43:52.538-0500] {logging_mixin.py:190} INFO - [2025-04-01T16:43:52.537-0500] {dag.py:4180} INFO - Setting next_dagrun for example_short_circuit_operator to None, run_after=None
[2025-04-01T16:43:52.639-0500] {processor.py:208} INFO - Processing /mnt/d/Universidad/ETL/Proyecto_airflow/venv/lib/python3.12/site-packages/airflow/example_dags/example_short_circuit_operator.py took 0.195 seconds
[2025-04-01T16:45:26.240-0500] {processor.py:186} INFO - Started process (PID=5392) to work on /mnt/d/Universidad/ETL/Proyecto_airflow/venv/lib/python3.12/site-packages/airflow/example_dags/example_short_circuit_operator.py
[2025-04-01T16:45:26.241-0500] {processor.py:914} INFO - Processing file /mnt/d/Universidad/ETL/Proyecto_airflow/venv/lib/python3.12/site-packages/airflow/example_dags/example_short_circuit_operator.py for tasks to queue
[2025-04-01T16:45:26.243-0500] {logging_mixin.py:190} INFO - [2025-04-01T16:45:26.242-0500] {dagbag.py:588} INFO - Filling up the DagBag from /mnt/d/Universidad/ETL/Proyecto_airflow/venv/lib/python3.12/site-packages/airflow/example_dags/example_short_circuit_operator.py
[2025-04-01T16:45:26.296-0500] {processor.py:925} INFO - DAG(s) 'example_short_circuit_operator' retrieved from /mnt/d/Universidad/ETL/Proyecto_airflow/venv/lib/python3.12/site-packages/airflow/example_dags/example_short_circuit_operator.py
[2025-04-01T16:45:26.315-0500] {logging_mixin.py:190} INFO - [2025-04-01T16:45:26.315-0500] {dag.py:3239} INFO - Sync 1 DAGs
[2025-04-01T16:45:26.324-0500] {logging_mixin.py:190} INFO - [2025-04-01T16:45:26.324-0500] {dag.py:4180} INFO - Setting next_dagrun for example_short_circuit_operator to None, run_after=None
[2025-04-01T16:45:26.406-0500] {processor.py:208} INFO - Processing /mnt/d/Universidad/ETL/Proyecto_airflow/venv/lib/python3.12/site-packages/airflow/example_dags/example_short_circuit_operator.py took 0.174 seconds
[2025-04-01T16:47:06.757-0500] {processor.py:186} INFO - Started process (PID=5466) to work on /mnt/d/Universidad/ETL/Proyecto_airflow/venv/lib/python3.12/site-packages/airflow/example_dags/example_short_circuit_operator.py
[2025-04-01T16:47:06.758-0500] {processor.py:914} INFO - Processing file /mnt/d/Universidad/ETL/Proyecto_airflow/venv/lib/python3.12/site-packages/airflow/example_dags/example_short_circuit_operator.py for tasks to queue
[2025-04-01T16:47:06.760-0500] {logging_mixin.py:190} INFO - [2025-04-01T16:47:06.759-0500] {dagbag.py:588} INFO - Filling up the DagBag from /mnt/d/Universidad/ETL/Proyecto_airflow/venv/lib/python3.12/site-packages/airflow/example_dags/example_short_circuit_operator.py
[2025-04-01T16:47:06.813-0500] {processor.py:925} INFO - DAG(s) 'example_short_circuit_operator' retrieved from /mnt/d/Universidad/ETL/Proyecto_airflow/venv/lib/python3.12/site-packages/airflow/example_dags/example_short_circuit_operator.py
[2025-04-01T16:47:06.831-0500] {logging_mixin.py:190} INFO - [2025-04-01T16:47:06.831-0500] {dag.py:3239} INFO - Sync 1 DAGs
[2025-04-01T16:47:06.840-0500] {logging_mixin.py:190} INFO - [2025-04-01T16:47:06.840-0500] {dag.py:4180} INFO - Setting next_dagrun for example_short_circuit_operator to None, run_after=None
[2025-04-01T16:47:06.921-0500] {processor.py:208} INFO - Processing /mnt/d/Universidad/ETL/Proyecto_airflow/venv/lib/python3.12/site-packages/airflow/example_dags/example_short_circuit_operator.py took 0.171 seconds
[2025-04-01T16:48:35.767-0500] {processor.py:186} INFO - Started process (PID=5535) to work on /mnt/d/Universidad/ETL/Proyecto_airflow/venv/lib/python3.12/site-packages/airflow/example_dags/example_short_circuit_operator.py
[2025-04-01T16:48:35.768-0500] {processor.py:914} INFO - Processing file /mnt/d/Universidad/ETL/Proyecto_airflow/venv/lib/python3.12/site-packages/airflow/example_dags/example_short_circuit_operator.py for tasks to queue
[2025-04-01T16:48:35.771-0500] {logging_mixin.py:190} INFO - [2025-04-01T16:48:35.770-0500] {dagbag.py:588} INFO - Filling up the DagBag from /mnt/d/Universidad/ETL/Proyecto_airflow/venv/lib/python3.12/site-packages/airflow/example_dags/example_short_circuit_operator.py
[2025-04-01T16:48:35.823-0500] {processor.py:925} INFO - DAG(s) 'example_short_circuit_operator' retrieved from /mnt/d/Universidad/ETL/Proyecto_airflow/venv/lib/python3.12/site-packages/airflow/example_dags/example_short_circuit_operator.py
[2025-04-01T16:48:35.842-0500] {logging_mixin.py:190} INFO - [2025-04-01T16:48:35.841-0500] {dag.py:3239} INFO - Sync 1 DAGs
[2025-04-01T16:48:35.851-0500] {logging_mixin.py:190} INFO - [2025-04-01T16:48:35.850-0500] {dag.py:4180} INFO - Setting next_dagrun for example_short_circuit_operator to None, run_after=None
[2025-04-01T16:48:35.919-0500] {processor.py:208} INFO - Processing /mnt/d/Universidad/ETL/Proyecto_airflow/venv/lib/python3.12/site-packages/airflow/example_dags/example_short_circuit_operator.py took 0.160 seconds
[2025-04-01T16:50:05.245-0500] {processor.py:186} INFO - Started process (PID=5604) to work on /mnt/d/Universidad/ETL/Proyecto_airflow/venv/lib/python3.12/site-packages/airflow/example_dags/example_short_circuit_operator.py
[2025-04-01T16:50:05.246-0500] {processor.py:914} INFO - Processing file /mnt/d/Universidad/ETL/Proyecto_airflow/venv/lib/python3.12/site-packages/airflow/example_dags/example_short_circuit_operator.py for tasks to queue
[2025-04-01T16:50:05.249-0500] {logging_mixin.py:190} INFO - [2025-04-01T16:50:05.248-0500] {dagbag.py:588} INFO - Filling up the DagBag from /mnt/d/Universidad/ETL/Proyecto_airflow/venv/lib/python3.12/site-packages/airflow/example_dags/example_short_circuit_operator.py
[2025-04-01T16:50:05.306-0500] {processor.py:925} INFO - DAG(s) 'example_short_circuit_operator' retrieved from /mnt/d/Universidad/ETL/Proyecto_airflow/venv/lib/python3.12/site-packages/airflow/example_dags/example_short_circuit_operator.py
[2025-04-01T16:50:05.327-0500] {logging_mixin.py:190} INFO - [2025-04-01T16:50:05.326-0500] {dag.py:3239} INFO - Sync 1 DAGs
[2025-04-01T16:50:05.337-0500] {logging_mixin.py:190} INFO - [2025-04-01T16:50:05.336-0500] {dag.py:4180} INFO - Setting next_dagrun for example_short_circuit_operator to None, run_after=None
[2025-04-01T16:50:05.442-0500] {processor.py:208} INFO - Processing /mnt/d/Universidad/ETL/Proyecto_airflow/venv/lib/python3.12/site-packages/airflow/example_dags/example_short_circuit_operator.py took 0.206 seconds
[2025-04-01T16:51:42.221-0500] {processor.py:186} INFO - Started process (PID=5677) to work on /mnt/d/Universidad/ETL/Proyecto_airflow/venv/lib/python3.12/site-packages/airflow/example_dags/example_short_circuit_operator.py
[2025-04-01T16:51:42.222-0500] {processor.py:914} INFO - Processing file /mnt/d/Universidad/ETL/Proyecto_airflow/venv/lib/python3.12/site-packages/airflow/example_dags/example_short_circuit_operator.py for tasks to queue
[2025-04-01T16:51:42.224-0500] {logging_mixin.py:190} INFO - [2025-04-01T16:51:42.224-0500] {dagbag.py:588} INFO - Filling up the DagBag from /mnt/d/Universidad/ETL/Proyecto_airflow/venv/lib/python3.12/site-packages/airflow/example_dags/example_short_circuit_operator.py
[2025-04-01T16:51:42.277-0500] {processor.py:925} INFO - DAG(s) 'example_short_circuit_operator' retrieved from /mnt/d/Universidad/ETL/Proyecto_airflow/venv/lib/python3.12/site-packages/airflow/example_dags/example_short_circuit_operator.py
[2025-04-01T16:51:42.296-0500] {logging_mixin.py:190} INFO - [2025-04-01T16:51:42.295-0500] {dag.py:3239} INFO - Sync 1 DAGs
[2025-04-01T16:51:42.305-0500] {logging_mixin.py:190} INFO - [2025-04-01T16:51:42.305-0500] {dag.py:4180} INFO - Setting next_dagrun for example_short_circuit_operator to None, run_after=None
[2025-04-01T16:51:42.428-0500] {processor.py:208} INFO - Processing /mnt/d/Universidad/ETL/Proyecto_airflow/venv/lib/python3.12/site-packages/airflow/example_dags/example_short_circuit_operator.py took 0.215 seconds
[2025-04-01T16:53:19.377-0500] {processor.py:186} INFO - Started process (PID=5749) to work on /mnt/d/Universidad/ETL/Proyecto_airflow/venv/lib/python3.12/site-packages/airflow/example_dags/example_short_circuit_operator.py
[2025-04-01T16:53:19.378-0500] {processor.py:914} INFO - Processing file /mnt/d/Universidad/ETL/Proyecto_airflow/venv/lib/python3.12/site-packages/airflow/example_dags/example_short_circuit_operator.py for tasks to queue
[2025-04-01T16:53:19.380-0500] {logging_mixin.py:190} INFO - [2025-04-01T16:53:19.379-0500] {dagbag.py:588} INFO - Filling up the DagBag from /mnt/d/Universidad/ETL/Proyecto_airflow/venv/lib/python3.12/site-packages/airflow/example_dags/example_short_circuit_operator.py
[2025-04-01T16:53:19.434-0500] {processor.py:925} INFO - DAG(s) 'example_short_circuit_operator' retrieved from /mnt/d/Universidad/ETL/Proyecto_airflow/venv/lib/python3.12/site-packages/airflow/example_dags/example_short_circuit_operator.py
[2025-04-01T16:53:19.454-0500] {logging_mixin.py:190} INFO - [2025-04-01T16:53:19.453-0500] {dag.py:3239} INFO - Sync 1 DAGs
[2025-04-01T16:53:19.463-0500] {logging_mixin.py:190} INFO - [2025-04-01T16:53:19.463-0500] {dag.py:4180} INFO - Setting next_dagrun for example_short_circuit_operator to None, run_after=None
[2025-04-01T16:53:19.566-0500] {processor.py:208} INFO - Processing /mnt/d/Universidad/ETL/Proyecto_airflow/venv/lib/python3.12/site-packages/airflow/example_dags/example_short_circuit_operator.py took 0.197 seconds
[2025-04-01T16:54:55.422-0500] {processor.py:186} INFO - Started process (PID=5821) to work on /mnt/d/Universidad/ETL/Proyecto_airflow/venv/lib/python3.12/site-packages/airflow/example_dags/example_short_circuit_operator.py
[2025-04-01T16:54:55.423-0500] {processor.py:914} INFO - Processing file /mnt/d/Universidad/ETL/Proyecto_airflow/venv/lib/python3.12/site-packages/airflow/example_dags/example_short_circuit_operator.py for tasks to queue
[2025-04-01T16:54:55.425-0500] {logging_mixin.py:190} INFO - [2025-04-01T16:54:55.424-0500] {dagbag.py:588} INFO - Filling up the DagBag from /mnt/d/Universidad/ETL/Proyecto_airflow/venv/lib/python3.12/site-packages/airflow/example_dags/example_short_circuit_operator.py
[2025-04-01T16:54:55.480-0500] {processor.py:925} INFO - DAG(s) 'example_short_circuit_operator' retrieved from /mnt/d/Universidad/ETL/Proyecto_airflow/venv/lib/python3.12/site-packages/airflow/example_dags/example_short_circuit_operator.py
[2025-04-01T16:54:55.499-0500] {logging_mixin.py:190} INFO - [2025-04-01T16:54:55.498-0500] {dag.py:3239} INFO - Sync 1 DAGs
[2025-04-01T16:54:55.508-0500] {logging_mixin.py:190} INFO - [2025-04-01T16:54:55.508-0500] {dag.py:4180} INFO - Setting next_dagrun for example_short_circuit_operator to None, run_after=None
[2025-04-01T16:54:55.607-0500] {processor.py:208} INFO - Processing /mnt/d/Universidad/ETL/Proyecto_airflow/venv/lib/python3.12/site-packages/airflow/example_dags/example_short_circuit_operator.py took 0.194 seconds
[2025-04-01T16:56:25.973-0500] {processor.py:186} INFO - Started process (PID=5892) to work on /mnt/d/Universidad/ETL/Proyecto_airflow/venv/lib/python3.12/site-packages/airflow/example_dags/example_short_circuit_operator.py
[2025-04-01T16:56:25.974-0500] {processor.py:914} INFO - Processing file /mnt/d/Universidad/ETL/Proyecto_airflow/venv/lib/python3.12/site-packages/airflow/example_dags/example_short_circuit_operator.py for tasks to queue
[2025-04-01T16:56:25.976-0500] {logging_mixin.py:190} INFO - [2025-04-01T16:56:25.975-0500] {dagbag.py:588} INFO - Filling up the DagBag from /mnt/d/Universidad/ETL/Proyecto_airflow/venv/lib/python3.12/site-packages/airflow/example_dags/example_short_circuit_operator.py
[2025-04-01T16:56:26.030-0500] {processor.py:925} INFO - DAG(s) 'example_short_circuit_operator' retrieved from /mnt/d/Universidad/ETL/Proyecto_airflow/venv/lib/python3.12/site-packages/airflow/example_dags/example_short_circuit_operator.py
[2025-04-01T16:56:26.049-0500] {logging_mixin.py:190} INFO - [2025-04-01T16:56:26.048-0500] {dag.py:3239} INFO - Sync 1 DAGs
[2025-04-01T16:56:26.058-0500] {logging_mixin.py:190} INFO - [2025-04-01T16:56:26.057-0500] {dag.py:4180} INFO - Setting next_dagrun for example_short_circuit_operator to None, run_after=None
[2025-04-01T16:56:26.166-0500] {processor.py:208} INFO - Processing /mnt/d/Universidad/ETL/Proyecto_airflow/venv/lib/python3.12/site-packages/airflow/example_dags/example_short_circuit_operator.py took 0.201 seconds
[2025-04-01T16:57:59.309-0500] {processor.py:186} INFO - Started process (PID=5962) to work on /mnt/d/Universidad/ETL/Proyecto_airflow/venv/lib/python3.12/site-packages/airflow/example_dags/example_short_circuit_operator.py
[2025-04-01T16:57:59.310-0500] {processor.py:914} INFO - Processing file /mnt/d/Universidad/ETL/Proyecto_airflow/venv/lib/python3.12/site-packages/airflow/example_dags/example_short_circuit_operator.py for tasks to queue
[2025-04-01T16:57:59.313-0500] {logging_mixin.py:190} INFO - [2025-04-01T16:57:59.312-0500] {dagbag.py:588} INFO - Filling up the DagBag from /mnt/d/Universidad/ETL/Proyecto_airflow/venv/lib/python3.12/site-packages/airflow/example_dags/example_short_circuit_operator.py
[2025-04-01T16:57:59.366-0500] {processor.py:925} INFO - DAG(s) 'example_short_circuit_operator' retrieved from /mnt/d/Universidad/ETL/Proyecto_airflow/venv/lib/python3.12/site-packages/airflow/example_dags/example_short_circuit_operator.py
[2025-04-01T16:57:59.385-0500] {logging_mixin.py:190} INFO - [2025-04-01T16:57:59.385-0500] {dag.py:3239} INFO - Sync 1 DAGs
[2025-04-01T16:57:59.394-0500] {logging_mixin.py:190} INFO - [2025-04-01T16:57:59.394-0500] {dag.py:4180} INFO - Setting next_dagrun for example_short_circuit_operator to None, run_after=None
[2025-04-01T16:57:59.504-0500] {processor.py:208} INFO - Processing /mnt/d/Universidad/ETL/Proyecto_airflow/venv/lib/python3.12/site-packages/airflow/example_dags/example_short_circuit_operator.py took 0.202 seconds
[2025-04-01T16:59:34.442-0500] {processor.py:186} INFO - Started process (PID=6033) to work on /mnt/d/Universidad/ETL/Proyecto_airflow/venv/lib/python3.12/site-packages/airflow/example_dags/example_short_circuit_operator.py
[2025-04-01T16:59:34.443-0500] {processor.py:914} INFO - Processing file /mnt/d/Universidad/ETL/Proyecto_airflow/venv/lib/python3.12/site-packages/airflow/example_dags/example_short_circuit_operator.py for tasks to queue
[2025-04-01T16:59:34.445-0500] {logging_mixin.py:190} INFO - [2025-04-01T16:59:34.444-0500] {dagbag.py:588} INFO - Filling up the DagBag from /mnt/d/Universidad/ETL/Proyecto_airflow/venv/lib/python3.12/site-packages/airflow/example_dags/example_short_circuit_operator.py
[2025-04-01T16:59:34.499-0500] {processor.py:925} INFO - DAG(s) 'example_short_circuit_operator' retrieved from /mnt/d/Universidad/ETL/Proyecto_airflow/venv/lib/python3.12/site-packages/airflow/example_dags/example_short_circuit_operator.py
[2025-04-01T16:59:34.519-0500] {logging_mixin.py:190} INFO - [2025-04-01T16:59:34.518-0500] {dag.py:3239} INFO - Sync 1 DAGs
[2025-04-01T16:59:34.528-0500] {logging_mixin.py:190} INFO - [2025-04-01T16:59:34.527-0500] {dag.py:4180} INFO - Setting next_dagrun for example_short_circuit_operator to None, run_after=None
[2025-04-01T16:59:34.632-0500] {processor.py:208} INFO - Processing /mnt/d/Universidad/ETL/Proyecto_airflow/venv/lib/python3.12/site-packages/airflow/example_dags/example_short_circuit_operator.py took 0.198 seconds
[2025-04-01T17:01:10.880-0500] {processor.py:186} INFO - Started process (PID=6105) to work on /mnt/d/Universidad/ETL/Proyecto_airflow/venv/lib/python3.12/site-packages/airflow/example_dags/example_short_circuit_operator.py
[2025-04-01T17:01:10.881-0500] {processor.py:914} INFO - Processing file /mnt/d/Universidad/ETL/Proyecto_airflow/venv/lib/python3.12/site-packages/airflow/example_dags/example_short_circuit_operator.py for tasks to queue
[2025-04-01T17:01:10.883-0500] {logging_mixin.py:190} INFO - [2025-04-01T17:01:10.883-0500] {dagbag.py:588} INFO - Filling up the DagBag from /mnt/d/Universidad/ETL/Proyecto_airflow/venv/lib/python3.12/site-packages/airflow/example_dags/example_short_circuit_operator.py
[2025-04-01T17:01:10.938-0500] {processor.py:925} INFO - DAG(s) 'example_short_circuit_operator' retrieved from /mnt/d/Universidad/ETL/Proyecto_airflow/venv/lib/python3.12/site-packages/airflow/example_dags/example_short_circuit_operator.py
[2025-04-01T17:01:10.958-0500] {logging_mixin.py:190} INFO - [2025-04-01T17:01:10.957-0500] {dag.py:3239} INFO - Sync 1 DAGs
[2025-04-01T17:01:10.967-0500] {logging_mixin.py:190} INFO - [2025-04-01T17:01:10.967-0500] {dag.py:4180} INFO - Setting next_dagrun for example_short_circuit_operator to None, run_after=None
[2025-04-01T17:01:14.180-0500] {processor.py:208} INFO - Processing /mnt/d/Universidad/ETL/Proyecto_airflow/venv/lib/python3.12/site-packages/airflow/example_dags/example_short_circuit_operator.py took 0.197 seconds
[2025-04-01T17:02:44.401-0500] {processor.py:186} INFO - Started process (PID=6175) to work on /mnt/d/Universidad/ETL/Proyecto_airflow/venv/lib/python3.12/site-packages/airflow/example_dags/example_short_circuit_operator.py
[2025-04-01T17:02:44.402-0500] {processor.py:914} INFO - Processing file /mnt/d/Universidad/ETL/Proyecto_airflow/venv/lib/python3.12/site-packages/airflow/example_dags/example_short_circuit_operator.py for tasks to queue
[2025-04-01T17:02:44.405-0500] {logging_mixin.py:190} INFO - [2025-04-01T17:02:44.404-0500] {dagbag.py:588} INFO - Filling up the DagBag from /mnt/d/Universidad/ETL/Proyecto_airflow/venv/lib/python3.12/site-packages/airflow/example_dags/example_short_circuit_operator.py
[2025-04-01T17:02:44.458-0500] {processor.py:925} INFO - DAG(s) 'example_short_circuit_operator' retrieved from /mnt/d/Universidad/ETL/Proyecto_airflow/venv/lib/python3.12/site-packages/airflow/example_dags/example_short_circuit_operator.py
[2025-04-01T17:02:44.477-0500] {logging_mixin.py:190} INFO - [2025-04-01T17:02:44.476-0500] {dag.py:3239} INFO - Sync 1 DAGs
[2025-04-01T17:02:44.487-0500] {logging_mixin.py:190} INFO - [2025-04-01T17:02:44.487-0500] {dag.py:4180} INFO - Setting next_dagrun for example_short_circuit_operator to None, run_after=None
[2025-04-01T17:02:44.594-0500] {processor.py:208} INFO - Processing /mnt/d/Universidad/ETL/Proyecto_airflow/venv/lib/python3.12/site-packages/airflow/example_dags/example_short_circuit_operator.py took 0.201 seconds
[2025-04-01T17:04:22.242-0500] {processor.py:186} INFO - Started process (PID=6247) to work on /mnt/d/Universidad/ETL/Proyecto_airflow/venv/lib/python3.12/site-packages/airflow/example_dags/example_short_circuit_operator.py
[2025-04-01T17:04:22.243-0500] {processor.py:914} INFO - Processing file /mnt/d/Universidad/ETL/Proyecto_airflow/venv/lib/python3.12/site-packages/airflow/example_dags/example_short_circuit_operator.py for tasks to queue
[2025-04-01T17:04:22.245-0500] {logging_mixin.py:190} INFO - [2025-04-01T17:04:22.244-0500] {dagbag.py:588} INFO - Filling up the DagBag from /mnt/d/Universidad/ETL/Proyecto_airflow/venv/lib/python3.12/site-packages/airflow/example_dags/example_short_circuit_operator.py
[2025-04-01T17:04:22.298-0500] {processor.py:925} INFO - DAG(s) 'example_short_circuit_operator' retrieved from /mnt/d/Universidad/ETL/Proyecto_airflow/venv/lib/python3.12/site-packages/airflow/example_dags/example_short_circuit_operator.py
[2025-04-01T17:04:22.317-0500] {logging_mixin.py:190} INFO - [2025-04-01T17:04:22.317-0500] {dag.py:3239} INFO - Sync 1 DAGs
[2025-04-01T17:04:22.327-0500] {logging_mixin.py:190} INFO - [2025-04-01T17:04:22.326-0500] {dag.py:4180} INFO - Setting next_dagrun for example_short_circuit_operator to None, run_after=None
[2025-04-01T17:04:22.436-0500] {processor.py:208} INFO - Processing /mnt/d/Universidad/ETL/Proyecto_airflow/venv/lib/python3.12/site-packages/airflow/example_dags/example_short_circuit_operator.py took 0.202 seconds
[2025-04-01T17:06:00.576-0500] {processor.py:186} INFO - Started process (PID=6318) to work on /mnt/d/Universidad/ETL/Proyecto_airflow/venv/lib/python3.12/site-packages/airflow/example_dags/example_short_circuit_operator.py
[2025-04-01T17:06:00.577-0500] {processor.py:914} INFO - Processing file /mnt/d/Universidad/ETL/Proyecto_airflow/venv/lib/python3.12/site-packages/airflow/example_dags/example_short_circuit_operator.py for tasks to queue
[2025-04-01T17:06:00.579-0500] {logging_mixin.py:190} INFO - [2025-04-01T17:06:00.578-0500] {dagbag.py:588} INFO - Filling up the DagBag from /mnt/d/Universidad/ETL/Proyecto_airflow/venv/lib/python3.12/site-packages/airflow/example_dags/example_short_circuit_operator.py
[2025-04-01T17:06:00.633-0500] {processor.py:925} INFO - DAG(s) 'example_short_circuit_operator' retrieved from /mnt/d/Universidad/ETL/Proyecto_airflow/venv/lib/python3.12/site-packages/airflow/example_dags/example_short_circuit_operator.py
[2025-04-01T17:06:00.652-0500] {logging_mixin.py:190} INFO - [2025-04-01T17:06:00.651-0500] {dag.py:3239} INFO - Sync 1 DAGs
[2025-04-01T17:06:00.661-0500] {logging_mixin.py:190} INFO - [2025-04-01T17:06:00.660-0500] {dag.py:4180} INFO - Setting next_dagrun for example_short_circuit_operator to None, run_after=None
[2025-04-01T17:06:00.765-0500] {processor.py:208} INFO - Processing /mnt/d/Universidad/ETL/Proyecto_airflow/venv/lib/python3.12/site-packages/airflow/example_dags/example_short_circuit_operator.py took 0.197 seconds
[2025-04-01T17:07:35.675-0500] {processor.py:186} INFO - Started process (PID=6391) to work on /mnt/d/Universidad/ETL/Proyecto_airflow/venv/lib/python3.12/site-packages/airflow/example_dags/example_short_circuit_operator.py
[2025-04-01T17:07:35.676-0500] {processor.py:914} INFO - Processing file /mnt/d/Universidad/ETL/Proyecto_airflow/venv/lib/python3.12/site-packages/airflow/example_dags/example_short_circuit_operator.py for tasks to queue
[2025-04-01T17:07:35.678-0500] {logging_mixin.py:190} INFO - [2025-04-01T17:07:35.677-0500] {dagbag.py:588} INFO - Filling up the DagBag from /mnt/d/Universidad/ETL/Proyecto_airflow/venv/lib/python3.12/site-packages/airflow/example_dags/example_short_circuit_operator.py
[2025-04-01T17:07:35.731-0500] {processor.py:925} INFO - DAG(s) 'example_short_circuit_operator' retrieved from /mnt/d/Universidad/ETL/Proyecto_airflow/venv/lib/python3.12/site-packages/airflow/example_dags/example_short_circuit_operator.py
[2025-04-01T17:07:35.750-0500] {logging_mixin.py:190} INFO - [2025-04-01T17:07:35.750-0500] {dag.py:3239} INFO - Sync 1 DAGs
[2025-04-01T17:07:35.759-0500] {logging_mixin.py:190} INFO - [2025-04-01T17:07:35.759-0500] {dag.py:4180} INFO - Setting next_dagrun for example_short_circuit_operator to None, run_after=None
[2025-04-01T17:07:35.858-0500] {processor.py:208} INFO - Processing /mnt/d/Universidad/ETL/Proyecto_airflow/venv/lib/python3.12/site-packages/airflow/example_dags/example_short_circuit_operator.py took 0.191 seconds
[2025-04-01T17:09:14.429-0500] {processor.py:186} INFO - Started process (PID=6464) to work on /mnt/d/Universidad/ETL/Proyecto_airflow/venv/lib/python3.12/site-packages/airflow/example_dags/example_short_circuit_operator.py
[2025-04-01T17:09:14.431-0500] {processor.py:914} INFO - Processing file /mnt/d/Universidad/ETL/Proyecto_airflow/venv/lib/python3.12/site-packages/airflow/example_dags/example_short_circuit_operator.py for tasks to queue
[2025-04-01T17:09:14.433-0500] {logging_mixin.py:190} INFO - [2025-04-01T17:09:14.432-0500] {dagbag.py:588} INFO - Filling up the DagBag from /mnt/d/Universidad/ETL/Proyecto_airflow/venv/lib/python3.12/site-packages/airflow/example_dags/example_short_circuit_operator.py
[2025-04-01T17:09:14.486-0500] {processor.py:925} INFO - DAG(s) 'example_short_circuit_operator' retrieved from /mnt/d/Universidad/ETL/Proyecto_airflow/venv/lib/python3.12/site-packages/airflow/example_dags/example_short_circuit_operator.py
[2025-04-01T17:09:14.507-0500] {logging_mixin.py:190} INFO - [2025-04-01T17:09:14.506-0500] {dag.py:3239} INFO - Sync 1 DAGs
[2025-04-01T17:09:14.517-0500] {logging_mixin.py:190} INFO - [2025-04-01T17:09:14.516-0500] {dag.py:4180} INFO - Setting next_dagrun for example_short_circuit_operator to None, run_after=None
[2025-04-01T17:09:14.626-0500] {processor.py:208} INFO - Processing /mnt/d/Universidad/ETL/Proyecto_airflow/venv/lib/python3.12/site-packages/airflow/example_dags/example_short_circuit_operator.py took 0.204 seconds
[2025-04-01T17:10:56.328-0500] {processor.py:186} INFO - Started process (PID=6537) to work on /mnt/d/Universidad/ETL/Proyecto_airflow/venv/lib/python3.12/site-packages/airflow/example_dags/example_short_circuit_operator.py
[2025-04-01T17:10:56.329-0500] {processor.py:914} INFO - Processing file /mnt/d/Universidad/ETL/Proyecto_airflow/venv/lib/python3.12/site-packages/airflow/example_dags/example_short_circuit_operator.py for tasks to queue
[2025-04-01T17:10:56.331-0500] {logging_mixin.py:190} INFO - [2025-04-01T17:10:56.330-0500] {dagbag.py:588} INFO - Filling up the DagBag from /mnt/d/Universidad/ETL/Proyecto_airflow/venv/lib/python3.12/site-packages/airflow/example_dags/example_short_circuit_operator.py
[2025-04-01T17:10:56.385-0500] {processor.py:925} INFO - DAG(s) 'example_short_circuit_operator' retrieved from /mnt/d/Universidad/ETL/Proyecto_airflow/venv/lib/python3.12/site-packages/airflow/example_dags/example_short_circuit_operator.py
[2025-04-01T17:10:56.404-0500] {logging_mixin.py:190} INFO - [2025-04-01T17:10:56.403-0500] {dag.py:3239} INFO - Sync 1 DAGs
[2025-04-01T17:10:56.413-0500] {logging_mixin.py:190} INFO - [2025-04-01T17:10:56.412-0500] {dag.py:4180} INFO - Setting next_dagrun for example_short_circuit_operator to None, run_after=None
[2025-04-01T17:10:56.517-0500] {processor.py:208} INFO - Processing /mnt/d/Universidad/ETL/Proyecto_airflow/venv/lib/python3.12/site-packages/airflow/example_dags/example_short_circuit_operator.py took 0.197 seconds
[2025-04-01T17:12:39.664-0500] {processor.py:186} INFO - Started process (PID=6612) to work on /mnt/d/Universidad/ETL/Proyecto_airflow/venv/lib/python3.12/site-packages/airflow/example_dags/example_short_circuit_operator.py
[2025-04-01T17:12:39.665-0500] {processor.py:914} INFO - Processing file /mnt/d/Universidad/ETL/Proyecto_airflow/venv/lib/python3.12/site-packages/airflow/example_dags/example_short_circuit_operator.py for tasks to queue
[2025-04-01T17:12:39.668-0500] {logging_mixin.py:190} INFO - [2025-04-01T17:12:39.667-0500] {dagbag.py:588} INFO - Filling up the DagBag from /mnt/d/Universidad/ETL/Proyecto_airflow/venv/lib/python3.12/site-packages/airflow/example_dags/example_short_circuit_operator.py
[2025-04-01T17:12:39.721-0500] {processor.py:925} INFO - DAG(s) 'example_short_circuit_operator' retrieved from /mnt/d/Universidad/ETL/Proyecto_airflow/venv/lib/python3.12/site-packages/airflow/example_dags/example_short_circuit_operator.py
[2025-04-01T17:12:39.740-0500] {logging_mixin.py:190} INFO - [2025-04-01T17:12:39.739-0500] {dag.py:3239} INFO - Sync 1 DAGs
[2025-04-01T17:12:39.749-0500] {logging_mixin.py:190} INFO - [2025-04-01T17:12:39.748-0500] {dag.py:4180} INFO - Setting next_dagrun for example_short_circuit_operator to None, run_after=None
[2025-04-01T17:12:39.857-0500] {processor.py:208} INFO - Processing /mnt/d/Universidad/ETL/Proyecto_airflow/venv/lib/python3.12/site-packages/airflow/example_dags/example_short_circuit_operator.py took 0.200 seconds
[2025-04-01T17:14:12.351-0500] {processor.py:186} INFO - Started process (PID=6684) to work on /mnt/d/Universidad/ETL/Proyecto_airflow/venv/lib/python3.12/site-packages/airflow/example_dags/example_short_circuit_operator.py
[2025-04-01T17:14:12.352-0500] {processor.py:914} INFO - Processing file /mnt/d/Universidad/ETL/Proyecto_airflow/venv/lib/python3.12/site-packages/airflow/example_dags/example_short_circuit_operator.py for tasks to queue
[2025-04-01T17:14:12.355-0500] {logging_mixin.py:190} INFO - [2025-04-01T17:14:12.354-0500] {dagbag.py:588} INFO - Filling up the DagBag from /mnt/d/Universidad/ETL/Proyecto_airflow/venv/lib/python3.12/site-packages/airflow/example_dags/example_short_circuit_operator.py
[2025-04-01T17:14:12.420-0500] {processor.py:925} INFO - DAG(s) 'example_short_circuit_operator' retrieved from /mnt/d/Universidad/ETL/Proyecto_airflow/venv/lib/python3.12/site-packages/airflow/example_dags/example_short_circuit_operator.py
[2025-04-01T17:14:12.442-0500] {logging_mixin.py:190} INFO - [2025-04-01T17:14:12.442-0500] {dag.py:3239} INFO - Sync 1 DAGs
[2025-04-01T17:14:12.453-0500] {logging_mixin.py:190} INFO - [2025-04-01T17:14:12.452-0500] {dag.py:4180} INFO - Setting next_dagrun for example_short_circuit_operator to None, run_after=None
[2025-04-01T17:14:12.574-0500] {processor.py:208} INFO - Processing /mnt/d/Universidad/ETL/Proyecto_airflow/venv/lib/python3.12/site-packages/airflow/example_dags/example_short_circuit_operator.py took 0.232 seconds
[2025-04-01T17:15:45.049-0500] {processor.py:186} INFO - Started process (PID=6754) to work on /mnt/d/Universidad/ETL/Proyecto_airflow/venv/lib/python3.12/site-packages/airflow/example_dags/example_short_circuit_operator.py
[2025-04-01T17:15:45.050-0500] {processor.py:914} INFO - Processing file /mnt/d/Universidad/ETL/Proyecto_airflow/venv/lib/python3.12/site-packages/airflow/example_dags/example_short_circuit_operator.py for tasks to queue
[2025-04-01T17:15:45.052-0500] {logging_mixin.py:190} INFO - [2025-04-01T17:15:45.051-0500] {dagbag.py:588} INFO - Filling up the DagBag from /mnt/d/Universidad/ETL/Proyecto_airflow/venv/lib/python3.12/site-packages/airflow/example_dags/example_short_circuit_operator.py
[2025-04-01T17:15:45.105-0500] {processor.py:925} INFO - DAG(s) 'example_short_circuit_operator' retrieved from /mnt/d/Universidad/ETL/Proyecto_airflow/venv/lib/python3.12/site-packages/airflow/example_dags/example_short_circuit_operator.py
[2025-04-01T17:15:45.124-0500] {logging_mixin.py:190} INFO - [2025-04-01T17:15:45.124-0500] {dag.py:3239} INFO - Sync 1 DAGs
[2025-04-01T17:15:45.133-0500] {logging_mixin.py:190} INFO - [2025-04-01T17:15:45.133-0500] {dag.py:4180} INFO - Setting next_dagrun for example_short_circuit_operator to None, run_after=None
[2025-04-01T17:15:45.242-0500] {processor.py:208} INFO - Processing /mnt/d/Universidad/ETL/Proyecto_airflow/venv/lib/python3.12/site-packages/airflow/example_dags/example_short_circuit_operator.py took 0.202 seconds
[2025-04-01T17:17:22.628-0500] {processor.py:186} INFO - Started process (PID=6829) to work on /mnt/d/Universidad/ETL/Proyecto_airflow/venv/lib/python3.12/site-packages/airflow/example_dags/example_short_circuit_operator.py
[2025-04-01T17:17:22.629-0500] {processor.py:914} INFO - Processing file /mnt/d/Universidad/ETL/Proyecto_airflow/venv/lib/python3.12/site-packages/airflow/example_dags/example_short_circuit_operator.py for tasks to queue
[2025-04-01T17:17:22.631-0500] {logging_mixin.py:190} INFO - [2025-04-01T17:17:22.631-0500] {dagbag.py:588} INFO - Filling up the DagBag from /mnt/d/Universidad/ETL/Proyecto_airflow/venv/lib/python3.12/site-packages/airflow/example_dags/example_short_circuit_operator.py
[2025-04-01T17:17:22.685-0500] {processor.py:925} INFO - DAG(s) 'example_short_circuit_operator' retrieved from /mnt/d/Universidad/ETL/Proyecto_airflow/venv/lib/python3.12/site-packages/airflow/example_dags/example_short_circuit_operator.py
[2025-04-01T17:17:22.704-0500] {logging_mixin.py:190} INFO - [2025-04-01T17:17:22.703-0500] {dag.py:3239} INFO - Sync 1 DAGs
[2025-04-01T17:17:22.713-0500] {logging_mixin.py:190} INFO - [2025-04-01T17:17:22.712-0500] {dag.py:4180} INFO - Setting next_dagrun for example_short_circuit_operator to None, run_after=None
[2025-04-01T17:17:22.812-0500] {processor.py:208} INFO - Processing /mnt/d/Universidad/ETL/Proyecto_airflow/venv/lib/python3.12/site-packages/airflow/example_dags/example_short_circuit_operator.py took 0.191 seconds
[2025-04-01T17:19:02.597-0500] {processor.py:186} INFO - Started process (PID=6902) to work on /mnt/d/Universidad/ETL/Proyecto_airflow/venv/lib/python3.12/site-packages/airflow/example_dags/example_short_circuit_operator.py
[2025-04-01T17:19:02.598-0500] {processor.py:914} INFO - Processing file /mnt/d/Universidad/ETL/Proyecto_airflow/venv/lib/python3.12/site-packages/airflow/example_dags/example_short_circuit_operator.py for tasks to queue
[2025-04-01T17:19:02.601-0500] {logging_mixin.py:190} INFO - [2025-04-01T17:19:02.600-0500] {dagbag.py:588} INFO - Filling up the DagBag from /mnt/d/Universidad/ETL/Proyecto_airflow/venv/lib/python3.12/site-packages/airflow/example_dags/example_short_circuit_operator.py
[2025-04-01T17:19:02.655-0500] {processor.py:925} INFO - DAG(s) 'example_short_circuit_operator' retrieved from /mnt/d/Universidad/ETL/Proyecto_airflow/venv/lib/python3.12/site-packages/airflow/example_dags/example_short_circuit_operator.py
[2025-04-01T17:19:02.674-0500] {logging_mixin.py:190} INFO - [2025-04-01T17:19:02.673-0500] {dag.py:3239} INFO - Sync 1 DAGs
[2025-04-01T17:19:02.683-0500] {logging_mixin.py:190} INFO - [2025-04-01T17:19:02.682-0500] {dag.py:4180} INFO - Setting next_dagrun for example_short_circuit_operator to None, run_after=None
[2025-04-01T17:19:02.787-0500] {processor.py:208} INFO - Processing /mnt/d/Universidad/ETL/Proyecto_airflow/venv/lib/python3.12/site-packages/airflow/example_dags/example_short_circuit_operator.py took 0.197 seconds
[2025-04-01T17:20:44.243-0500] {processor.py:186} INFO - Started process (PID=6975) to work on /mnt/d/Universidad/ETL/Proyecto_airflow/venv/lib/python3.12/site-packages/airflow/example_dags/example_short_circuit_operator.py
[2025-04-01T17:20:44.244-0500] {processor.py:914} INFO - Processing file /mnt/d/Universidad/ETL/Proyecto_airflow/venv/lib/python3.12/site-packages/airflow/example_dags/example_short_circuit_operator.py for tasks to queue
[2025-04-01T17:20:44.247-0500] {logging_mixin.py:190} INFO - [2025-04-01T17:20:44.246-0500] {dagbag.py:588} INFO - Filling up the DagBag from /mnt/d/Universidad/ETL/Proyecto_airflow/venv/lib/python3.12/site-packages/airflow/example_dags/example_short_circuit_operator.py
[2025-04-01T17:20:44.300-0500] {processor.py:925} INFO - DAG(s) 'example_short_circuit_operator' retrieved from /mnt/d/Universidad/ETL/Proyecto_airflow/venv/lib/python3.12/site-packages/airflow/example_dags/example_short_circuit_operator.py
[2025-04-01T17:20:44.319-0500] {logging_mixin.py:190} INFO - [2025-04-01T17:20:44.318-0500] {dag.py:3239} INFO - Sync 1 DAGs
[2025-04-01T17:20:44.328-0500] {logging_mixin.py:190} INFO - [2025-04-01T17:20:44.327-0500] {dag.py:4180} INFO - Setting next_dagrun for example_short_circuit_operator to None, run_after=None
[2025-04-01T17:20:44.463-0500] {processor.py:208} INFO - Processing /mnt/d/Universidad/ETL/Proyecto_airflow/venv/lib/python3.12/site-packages/airflow/example_dags/example_short_circuit_operator.py took 0.228 seconds
[2025-04-01T17:22:24.309-0500] {processor.py:186} INFO - Started process (PID=7049) to work on /mnt/d/Universidad/ETL/Proyecto_airflow/venv/lib/python3.12/site-packages/airflow/example_dags/example_short_circuit_operator.py
[2025-04-01T17:22:24.310-0500] {processor.py:914} INFO - Processing file /mnt/d/Universidad/ETL/Proyecto_airflow/venv/lib/python3.12/site-packages/airflow/example_dags/example_short_circuit_operator.py for tasks to queue
[2025-04-01T17:22:24.312-0500] {logging_mixin.py:190} INFO - [2025-04-01T17:22:24.311-0500] {dagbag.py:588} INFO - Filling up the DagBag from /mnt/d/Universidad/ETL/Proyecto_airflow/venv/lib/python3.12/site-packages/airflow/example_dags/example_short_circuit_operator.py
[2025-04-01T17:22:24.367-0500] {processor.py:925} INFO - DAG(s) 'example_short_circuit_operator' retrieved from /mnt/d/Universidad/ETL/Proyecto_airflow/venv/lib/python3.12/site-packages/airflow/example_dags/example_short_circuit_operator.py
[2025-04-01T17:22:24.389-0500] {logging_mixin.py:190} INFO - [2025-04-01T17:22:24.389-0500] {dag.py:3239} INFO - Sync 1 DAGs
[2025-04-01T17:22:24.400-0500] {logging_mixin.py:190} INFO - [2025-04-01T17:22:24.399-0500] {dag.py:4180} INFO - Setting next_dagrun for example_short_circuit_operator to None, run_after=None
[2025-04-01T17:22:24.503-0500] {processor.py:208} INFO - Processing /mnt/d/Universidad/ETL/Proyecto_airflow/venv/lib/python3.12/site-packages/airflow/example_dags/example_short_circuit_operator.py took 0.202 seconds
[2025-04-01T17:23:58.570-0500] {processor.py:186} INFO - Started process (PID=7119) to work on /mnt/d/Universidad/ETL/Proyecto_airflow/venv/lib/python3.12/site-packages/airflow/example_dags/example_short_circuit_operator.py
[2025-04-01T17:23:58.571-0500] {processor.py:914} INFO - Processing file /mnt/d/Universidad/ETL/Proyecto_airflow/venv/lib/python3.12/site-packages/airflow/example_dags/example_short_circuit_operator.py for tasks to queue
[2025-04-01T17:23:58.573-0500] {logging_mixin.py:190} INFO - [2025-04-01T17:23:58.573-0500] {dagbag.py:588} INFO - Filling up the DagBag from /mnt/d/Universidad/ETL/Proyecto_airflow/venv/lib/python3.12/site-packages/airflow/example_dags/example_short_circuit_operator.py
[2025-04-01T17:23:58.627-0500] {processor.py:925} INFO - DAG(s) 'example_short_circuit_operator' retrieved from /mnt/d/Universidad/ETL/Proyecto_airflow/venv/lib/python3.12/site-packages/airflow/example_dags/example_short_circuit_operator.py
[2025-04-01T17:23:58.646-0500] {logging_mixin.py:190} INFO - [2025-04-01T17:23:58.645-0500] {dag.py:3239} INFO - Sync 1 DAGs
[2025-04-01T17:23:58.655-0500] {logging_mixin.py:190} INFO - [2025-04-01T17:23:58.654-0500] {dag.py:4180} INFO - Setting next_dagrun for example_short_circuit_operator to None, run_after=None
[2025-04-01T17:23:58.783-0500] {processor.py:208} INFO - Processing /mnt/d/Universidad/ETL/Proyecto_airflow/venv/lib/python3.12/site-packages/airflow/example_dags/example_short_circuit_operator.py took 0.221 seconds
[2025-04-01T17:25:35.299-0500] {processor.py:186} INFO - Started process (PID=7191) to work on /mnt/d/Universidad/ETL/Proyecto_airflow/venv/lib/python3.12/site-packages/airflow/example_dags/example_short_circuit_operator.py
[2025-04-01T17:25:35.300-0500] {processor.py:914} INFO - Processing file /mnt/d/Universidad/ETL/Proyecto_airflow/venv/lib/python3.12/site-packages/airflow/example_dags/example_short_circuit_operator.py for tasks to queue
[2025-04-01T17:25:35.303-0500] {logging_mixin.py:190} INFO - [2025-04-01T17:25:35.302-0500] {dagbag.py:588} INFO - Filling up the DagBag from /mnt/d/Universidad/ETL/Proyecto_airflow/venv/lib/python3.12/site-packages/airflow/example_dags/example_short_circuit_operator.py
[2025-04-01T17:25:35.356-0500] {processor.py:925} INFO - DAG(s) 'example_short_circuit_operator' retrieved from /mnt/d/Universidad/ETL/Proyecto_airflow/venv/lib/python3.12/site-packages/airflow/example_dags/example_short_circuit_operator.py
[2025-04-01T17:25:35.378-0500] {logging_mixin.py:190} INFO - [2025-04-01T17:25:35.377-0500] {dag.py:3239} INFO - Sync 1 DAGs
[2025-04-01T17:25:35.388-0500] {logging_mixin.py:190} INFO - [2025-04-01T17:25:35.387-0500] {dag.py:4180} INFO - Setting next_dagrun for example_short_circuit_operator to None, run_after=None
[2025-04-01T17:25:35.489-0500] {processor.py:208} INFO - Processing /mnt/d/Universidad/ETL/Proyecto_airflow/venv/lib/python3.12/site-packages/airflow/example_dags/example_short_circuit_operator.py took 0.198 seconds
[2025-04-01T17:27:14.896-0500] {processor.py:186} INFO - Started process (PID=7262) to work on /mnt/d/Universidad/ETL/Proyecto_airflow/venv/lib/python3.12/site-packages/airflow/example_dags/example_short_circuit_operator.py
[2025-04-01T17:27:14.897-0500] {processor.py:914} INFO - Processing file /mnt/d/Universidad/ETL/Proyecto_airflow/venv/lib/python3.12/site-packages/airflow/example_dags/example_short_circuit_operator.py for tasks to queue
[2025-04-01T17:27:14.899-0500] {logging_mixin.py:190} INFO - [2025-04-01T17:27:14.898-0500] {dagbag.py:588} INFO - Filling up the DagBag from /mnt/d/Universidad/ETL/Proyecto_airflow/venv/lib/python3.12/site-packages/airflow/example_dags/example_short_circuit_operator.py
[2025-04-01T17:27:14.953-0500] {processor.py:925} INFO - DAG(s) 'example_short_circuit_operator' retrieved from /mnt/d/Universidad/ETL/Proyecto_airflow/venv/lib/python3.12/site-packages/airflow/example_dags/example_short_circuit_operator.py
[2025-04-01T17:27:14.973-0500] {logging_mixin.py:190} INFO - [2025-04-01T17:27:14.972-0500] {dag.py:3239} INFO - Sync 1 DAGs
[2025-04-01T17:27:14.982-0500] {logging_mixin.py:190} INFO - [2025-04-01T17:27:14.981-0500] {dag.py:4180} INFO - Setting next_dagrun for example_short_circuit_operator to None, run_after=None
[2025-04-01T17:27:15.087-0500] {processor.py:208} INFO - Processing /mnt/d/Universidad/ETL/Proyecto_airflow/venv/lib/python3.12/site-packages/airflow/example_dags/example_short_circuit_operator.py took 0.199 seconds
[2025-04-01T17:28:40.164-0500] {processor.py:186} INFO - Started process (PID=7330) to work on /mnt/d/Universidad/ETL/Proyecto_airflow/venv/lib/python3.12/site-packages/airflow/example_dags/example_short_circuit_operator.py
[2025-04-01T17:28:40.165-0500] {processor.py:914} INFO - Processing file /mnt/d/Universidad/ETL/Proyecto_airflow/venv/lib/python3.12/site-packages/airflow/example_dags/example_short_circuit_operator.py for tasks to queue
[2025-04-01T17:28:40.167-0500] {logging_mixin.py:190} INFO - [2025-04-01T17:28:40.166-0500] {dagbag.py:588} INFO - Filling up the DagBag from /mnt/d/Universidad/ETL/Proyecto_airflow/venv/lib/python3.12/site-packages/airflow/example_dags/example_short_circuit_operator.py
[2025-04-01T17:28:40.221-0500] {processor.py:925} INFO - DAG(s) 'example_short_circuit_operator' retrieved from /mnt/d/Universidad/ETL/Proyecto_airflow/venv/lib/python3.12/site-packages/airflow/example_dags/example_short_circuit_operator.py
[2025-04-01T17:28:40.240-0500] {logging_mixin.py:190} INFO - [2025-04-01T17:28:40.239-0500] {dag.py:3239} INFO - Sync 1 DAGs
[2025-04-01T17:28:40.249-0500] {logging_mixin.py:190} INFO - [2025-04-01T17:28:40.248-0500] {dag.py:4180} INFO - Setting next_dagrun for example_short_circuit_operator to None, run_after=None
[2025-04-01T17:28:40.370-0500] {processor.py:208} INFO - Processing /mnt/d/Universidad/ETL/Proyecto_airflow/venv/lib/python3.12/site-packages/airflow/example_dags/example_short_circuit_operator.py took 0.214 seconds
[2025-04-01T17:30:14.524-0500] {processor.py:186} INFO - Started process (PID=7401) to work on /mnt/d/Universidad/ETL/Proyecto_airflow/venv/lib/python3.12/site-packages/airflow/example_dags/example_short_circuit_operator.py
[2025-04-01T17:30:14.525-0500] {processor.py:914} INFO - Processing file /mnt/d/Universidad/ETL/Proyecto_airflow/venv/lib/python3.12/site-packages/airflow/example_dags/example_short_circuit_operator.py for tasks to queue
[2025-04-01T17:30:14.528-0500] {logging_mixin.py:190} INFO - [2025-04-01T17:30:14.527-0500] {dagbag.py:588} INFO - Filling up the DagBag from /mnt/d/Universidad/ETL/Proyecto_airflow/venv/lib/python3.12/site-packages/airflow/example_dags/example_short_circuit_operator.py
[2025-04-01T17:30:14.590-0500] {processor.py:925} INFO - DAG(s) 'example_short_circuit_operator' retrieved from /mnt/d/Universidad/ETL/Proyecto_airflow/venv/lib/python3.12/site-packages/airflow/example_dags/example_short_circuit_operator.py
[2025-04-01T17:30:14.614-0500] {logging_mixin.py:190} INFO - [2025-04-01T17:30:14.613-0500] {dag.py:3239} INFO - Sync 1 DAGs
[2025-04-01T17:30:14.624-0500] {logging_mixin.py:190} INFO - [2025-04-01T17:30:14.623-0500] {dag.py:4180} INFO - Setting next_dagrun for example_short_circuit_operator to None, run_after=None
[2025-04-01T17:30:14.741-0500] {processor.py:208} INFO - Processing /mnt/d/Universidad/ETL/Proyecto_airflow/venv/lib/python3.12/site-packages/airflow/example_dags/example_short_circuit_operator.py took 0.226 seconds
