[2025-04-01T16:14:04.922-0500] {processor.py:186} INFO - Started process (PID=4002) to work on /mnt/d/Universidad/ETL/Proyecto_airflow/venv/lib/python3.12/site-packages/airflow/example_dags/example_trigger_controller_dag.py
[2025-04-01T16:14:04.923-0500] {processor.py:914} INFO - Processing file /mnt/d/Universidad/ETL/Proyecto_airflow/venv/lib/python3.12/site-packages/airflow/example_dags/example_trigger_controller_dag.py for tasks to queue
[2025-04-01T16:14:04.926-0500] {logging_mixin.py:190} INFO - [2025-04-01T16:14:04.925-0500] {dagbag.py:588} INFO - Filling up the DagBag from /mnt/d/Universidad/ETL/Proyecto_airflow/venv/lib/python3.12/site-packages/airflow/example_dags/example_trigger_controller_dag.py
[2025-04-01T16:14:04.983-0500] {processor.py:925} INFO - DAG(s) 'example_trigger_controller_dag' retrieved from /mnt/d/Universidad/ETL/Proyecto_airflow/venv/lib/python3.12/site-packages/airflow/example_dags/example_trigger_controller_dag.py
[2025-04-01T16:14:06.108-0500] {logging_mixin.py:190} INFO - [2025-04-01T16:14:06.107-0500] {override.py:1930} INFO - Created Permission View: can delete on DAG:example_trigger_controller_dag
[2025-04-01T16:14:06.204-0500] {logging_mixin.py:190} INFO - [2025-04-01T16:14:06.203-0500] {override.py:1930} INFO - Created Permission View: can edit on DAG:example_trigger_controller_dag
[2025-04-01T16:14:06.299-0500] {logging_mixin.py:190} INFO - [2025-04-01T16:14:06.298-0500] {override.py:1930} INFO - Created Permission View: can read on DAG:example_trigger_controller_dag
[2025-04-01T16:14:06.483-0500] {logging_mixin.py:190} INFO - [2025-04-01T16:14:06.482-0500] {override.py:1930} INFO - Created Permission View: can create on DAG Run:example_trigger_controller_dag
[2025-04-01T16:14:06.572-0500] {logging_mixin.py:190} INFO - [2025-04-01T16:14:06.571-0500] {override.py:1930} INFO - Created Permission View: can delete on DAG Run:example_trigger_controller_dag
[2025-04-01T16:14:06.666-0500] {logging_mixin.py:190} INFO - [2025-04-01T16:14:06.666-0500] {override.py:1930} INFO - Created Permission View: menu access on DAG Run:example_trigger_controller_dag
[2025-04-01T16:14:06.756-0500] {logging_mixin.py:190} INFO - [2025-04-01T16:14:06.755-0500] {override.py:1930} INFO - Created Permission View: can read on DAG Run:example_trigger_controller_dag
[2025-04-01T16:14:06.757-0500] {logging_mixin.py:190} INFO - [2025-04-01T16:14:06.757-0500] {dag.py:3239} INFO - Sync 1 DAGs
[2025-04-01T16:14:06.774-0500] {logging_mixin.py:190} INFO - [2025-04-01T16:14:06.773-0500] {dag.py:3262} INFO - Creating ORM DAG for example_trigger_controller_dag
[2025-04-01T16:14:06.782-0500] {logging_mixin.py:190} INFO - [2025-04-01T16:14:06.781-0500] {dag.py:4180} INFO - Setting next_dagrun for example_trigger_controller_dag to 2021-01-01 00:00:00+00:00, run_after=2021-01-01 00:00:00+00:00
[2025-04-01T16:14:06.903-0500] {processor.py:208} INFO - Processing /mnt/d/Universidad/ETL/Proyecto_airflow/venv/lib/python3.12/site-packages/airflow/example_dags/example_trigger_controller_dag.py took 1.990 seconds
[2025-04-01T16:16:15.939-0500] {processor.py:186} INFO - Started process (PID=4064) to work on /mnt/d/Universidad/ETL/Proyecto_airflow/venv/lib/python3.12/site-packages/airflow/example_dags/example_trigger_controller_dag.py
[2025-04-01T16:16:15.940-0500] {processor.py:914} INFO - Processing file /mnt/d/Universidad/ETL/Proyecto_airflow/venv/lib/python3.12/site-packages/airflow/example_dags/example_trigger_controller_dag.py for tasks to queue
[2025-04-01T16:16:15.942-0500] {logging_mixin.py:190} INFO - [2025-04-01T16:16:15.941-0500] {dagbag.py:588} INFO - Filling up the DagBag from /mnt/d/Universidad/ETL/Proyecto_airflow/venv/lib/python3.12/site-packages/airflow/example_dags/example_trigger_controller_dag.py
[2025-04-01T16:16:15.997-0500] {processor.py:925} INFO - DAG(s) 'example_trigger_controller_dag' retrieved from /mnt/d/Universidad/ETL/Proyecto_airflow/venv/lib/python3.12/site-packages/airflow/example_dags/example_trigger_controller_dag.py
[2025-04-01T16:16:16.024-0500] {logging_mixin.py:190} INFO - [2025-04-01T16:16:16.024-0500] {dag.py:3239} INFO - Sync 1 DAGs
[2025-04-01T16:16:16.042-0500] {logging_mixin.py:190} INFO - [2025-04-01T16:16:16.042-0500] {dag.py:4180} INFO - Setting next_dagrun for example_trigger_controller_dag to 2021-01-01 00:00:00+00:00, run_after=2021-01-01 00:00:00+00:00
[2025-04-01T16:16:16.110-0500] {processor.py:208} INFO - Processing /mnt/d/Universidad/ETL/Proyecto_airflow/venv/lib/python3.12/site-packages/airflow/example_dags/example_trigger_controller_dag.py took 0.179 seconds
[2025-04-01T16:18:16.858-0500] {processor.py:186} INFO - Started process (PID=4134) to work on /mnt/d/Universidad/ETL/Proyecto_airflow/venv/lib/python3.12/site-packages/airflow/example_dags/example_trigger_controller_dag.py
[2025-04-01T16:18:16.859-0500] {processor.py:914} INFO - Processing file /mnt/d/Universidad/ETL/Proyecto_airflow/venv/lib/python3.12/site-packages/airflow/example_dags/example_trigger_controller_dag.py for tasks to queue
[2025-04-01T16:18:16.862-0500] {logging_mixin.py:190} INFO - [2025-04-01T16:18:16.861-0500] {dagbag.py:588} INFO - Filling up the DagBag from /mnt/d/Universidad/ETL/Proyecto_airflow/venv/lib/python3.12/site-packages/airflow/example_dags/example_trigger_controller_dag.py
[2025-04-01T16:18:16.915-0500] {processor.py:925} INFO - DAG(s) 'example_trigger_controller_dag' retrieved from /mnt/d/Universidad/ETL/Proyecto_airflow/venv/lib/python3.12/site-packages/airflow/example_dags/example_trigger_controller_dag.py
[2025-04-01T16:18:16.932-0500] {logging_mixin.py:190} INFO - [2025-04-01T16:18:16.931-0500] {dag.py:3239} INFO - Sync 1 DAGs
[2025-04-01T16:18:16.947-0500] {logging_mixin.py:190} INFO - [2025-04-01T16:18:16.946-0500] {dag.py:4180} INFO - Setting next_dagrun for example_trigger_controller_dag to 2021-01-01 00:00:00+00:00, run_after=2021-01-01 00:00:00+00:00
[2025-04-01T16:18:17.024-0500] {processor.py:208} INFO - Processing /mnt/d/Universidad/ETL/Proyecto_airflow/venv/lib/python3.12/site-packages/airflow/example_dags/example_trigger_controller_dag.py took 0.173 seconds
[2025-04-01T16:19:17.770-0500] {processor.py:186} INFO - Started process (PID=4182) to work on /mnt/d/Universidad/ETL/Proyecto_airflow/venv/lib/python3.12/site-packages/airflow/example_dags/example_trigger_controller_dag.py
[2025-04-01T16:19:17.772-0500] {processor.py:914} INFO - Processing file /mnt/d/Universidad/ETL/Proyecto_airflow/venv/lib/python3.12/site-packages/airflow/example_dags/example_trigger_controller_dag.py for tasks to queue
[2025-04-01T16:19:17.774-0500] {logging_mixin.py:190} INFO - [2025-04-01T16:19:17.773-0500] {dagbag.py:588} INFO - Filling up the DagBag from /mnt/d/Universidad/ETL/Proyecto_airflow/venv/lib/python3.12/site-packages/airflow/example_dags/example_trigger_controller_dag.py
[2025-04-01T16:19:17.832-0500] {processor.py:925} INFO - DAG(s) 'example_trigger_controller_dag' retrieved from /mnt/d/Universidad/ETL/Proyecto_airflow/venv/lib/python3.12/site-packages/airflow/example_dags/example_trigger_controller_dag.py
[2025-04-01T16:19:17.852-0500] {logging_mixin.py:190} INFO - [2025-04-01T16:19:17.852-0500] {dag.py:3239} INFO - Sync 1 DAGs
[2025-04-01T16:19:17.869-0500] {logging_mixin.py:190} INFO - [2025-04-01T16:19:17.868-0500] {dag.py:4180} INFO - Setting next_dagrun for example_trigger_controller_dag to 2021-01-01 00:00:00+00:00, run_after=2021-01-01 00:00:00+00:00
[2025-04-01T16:19:17.950-0500] {processor.py:208} INFO - Processing /mnt/d/Universidad/ETL/Proyecto_airflow/venv/lib/python3.12/site-packages/airflow/example_dags/example_trigger_controller_dag.py took 0.188 seconds
[2025-04-01T16:20:42.609-0500] {processor.py:186} INFO - Started process (PID=4254) to work on /mnt/d/Universidad/ETL/Proyecto_airflow/venv/lib/python3.12/site-packages/airflow/example_dags/example_trigger_controller_dag.py
[2025-04-01T16:20:42.611-0500] {processor.py:914} INFO - Processing file /mnt/d/Universidad/ETL/Proyecto_airflow/venv/lib/python3.12/site-packages/airflow/example_dags/example_trigger_controller_dag.py for tasks to queue
[2025-04-01T16:20:42.613-0500] {logging_mixin.py:190} INFO - [2025-04-01T16:20:42.612-0500] {dagbag.py:588} INFO - Filling up the DagBag from /mnt/d/Universidad/ETL/Proyecto_airflow/venv/lib/python3.12/site-packages/airflow/example_dags/example_trigger_controller_dag.py
[2025-04-01T16:20:42.671-0500] {processor.py:925} INFO - DAG(s) 'example_trigger_controller_dag' retrieved from /mnt/d/Universidad/ETL/Proyecto_airflow/venv/lib/python3.12/site-packages/airflow/example_dags/example_trigger_controller_dag.py
[2025-04-01T16:20:42.692-0500] {logging_mixin.py:190} INFO - [2025-04-01T16:20:42.691-0500] {dag.py:3239} INFO - Sync 1 DAGs
[2025-04-01T16:20:42.710-0500] {logging_mixin.py:190} INFO - [2025-04-01T16:20:42.709-0500] {dag.py:4180} INFO - Setting next_dagrun for example_trigger_controller_dag to 2021-01-01 00:00:00+00:00, run_after=2021-01-01 00:00:00+00:00
[2025-04-01T16:20:42.802-0500] {processor.py:208} INFO - Processing /mnt/d/Universidad/ETL/Proyecto_airflow/venv/lib/python3.12/site-packages/airflow/example_dags/example_trigger_controller_dag.py took 0.201 seconds
[2025-04-01T16:22:10.406-0500] {processor.py:186} INFO - Started process (PID=4323) to work on /mnt/d/Universidad/ETL/Proyecto_airflow/venv/lib/python3.12/site-packages/airflow/example_dags/example_trigger_controller_dag.py
[2025-04-01T16:22:10.407-0500] {processor.py:914} INFO - Processing file /mnt/d/Universidad/ETL/Proyecto_airflow/venv/lib/python3.12/site-packages/airflow/example_dags/example_trigger_controller_dag.py for tasks to queue
[2025-04-01T16:22:10.409-0500] {logging_mixin.py:190} INFO - [2025-04-01T16:22:10.408-0500] {dagbag.py:588} INFO - Filling up the DagBag from /mnt/d/Universidad/ETL/Proyecto_airflow/venv/lib/python3.12/site-packages/airflow/example_dags/example_trigger_controller_dag.py
[2025-04-01T16:22:10.461-0500] {processor.py:925} INFO - DAG(s) 'example_trigger_controller_dag' retrieved from /mnt/d/Universidad/ETL/Proyecto_airflow/venv/lib/python3.12/site-packages/airflow/example_dags/example_trigger_controller_dag.py
[2025-04-01T16:22:10.477-0500] {logging_mixin.py:190} INFO - [2025-04-01T16:22:10.477-0500] {dag.py:3239} INFO - Sync 1 DAGs
[2025-04-01T16:22:10.492-0500] {logging_mixin.py:190} INFO - [2025-04-01T16:22:10.491-0500] {dag.py:4180} INFO - Setting next_dagrun for example_trigger_controller_dag to 2021-01-01 00:00:00+00:00, run_after=2021-01-01 00:00:00+00:00
[2025-04-01T16:22:10.572-0500] {processor.py:208} INFO - Processing /mnt/d/Universidad/ETL/Proyecto_airflow/venv/lib/python3.12/site-packages/airflow/example_dags/example_trigger_controller_dag.py took 0.174 seconds
[2025-04-01T16:23:35.577-0500] {processor.py:186} INFO - Started process (PID=4392) to work on /mnt/d/Universidad/ETL/Proyecto_airflow/venv/lib/python3.12/site-packages/airflow/example_dags/example_trigger_controller_dag.py
[2025-04-01T16:23:35.578-0500] {processor.py:914} INFO - Processing file /mnt/d/Universidad/ETL/Proyecto_airflow/venv/lib/python3.12/site-packages/airflow/example_dags/example_trigger_controller_dag.py for tasks to queue
[2025-04-01T16:23:35.581-0500] {logging_mixin.py:190} INFO - [2025-04-01T16:23:35.580-0500] {dagbag.py:588} INFO - Filling up the DagBag from /mnt/d/Universidad/ETL/Proyecto_airflow/venv/lib/python3.12/site-packages/airflow/example_dags/example_trigger_controller_dag.py
[2025-04-01T16:23:35.633-0500] {processor.py:925} INFO - DAG(s) 'example_trigger_controller_dag' retrieved from /mnt/d/Universidad/ETL/Proyecto_airflow/venv/lib/python3.12/site-packages/airflow/example_dags/example_trigger_controller_dag.py
[2025-04-01T16:23:35.650-0500] {logging_mixin.py:190} INFO - [2025-04-01T16:23:35.649-0500] {dag.py:3239} INFO - Sync 1 DAGs
[2025-04-01T16:23:35.664-0500] {logging_mixin.py:190} INFO - [2025-04-01T16:23:35.663-0500] {dag.py:4180} INFO - Setting next_dagrun for example_trigger_controller_dag to 2021-01-01 00:00:00+00:00, run_after=2021-01-01 00:00:00+00:00
[2025-04-01T16:23:35.804-0500] {processor.py:208} INFO - Processing /mnt/d/Universidad/ETL/Proyecto_airflow/venv/lib/python3.12/site-packages/airflow/example_dags/example_trigger_controller_dag.py took 0.234 seconds
[2025-04-01T16:25:10.368-0500] {processor.py:186} INFO - Started process (PID=4463) to work on /mnt/d/Universidad/ETL/Proyecto_airflow/venv/lib/python3.12/site-packages/airflow/example_dags/example_trigger_controller_dag.py
[2025-04-01T16:25:10.369-0500] {processor.py:914} INFO - Processing file /mnt/d/Universidad/ETL/Proyecto_airflow/venv/lib/python3.12/site-packages/airflow/example_dags/example_trigger_controller_dag.py for tasks to queue
[2025-04-01T16:25:10.371-0500] {logging_mixin.py:190} INFO - [2025-04-01T16:25:10.371-0500] {dagbag.py:588} INFO - Filling up the DagBag from /mnt/d/Universidad/ETL/Proyecto_airflow/venv/lib/python3.12/site-packages/airflow/example_dags/example_trigger_controller_dag.py
[2025-04-01T16:25:10.424-0500] {processor.py:925} INFO - DAG(s) 'example_trigger_controller_dag' retrieved from /mnt/d/Universidad/ETL/Proyecto_airflow/venv/lib/python3.12/site-packages/airflow/example_dags/example_trigger_controller_dag.py
[2025-04-01T16:25:10.441-0500] {logging_mixin.py:190} INFO - [2025-04-01T16:25:10.440-0500] {dag.py:3239} INFO - Sync 1 DAGs
[2025-04-01T16:25:10.455-0500] {logging_mixin.py:190} INFO - [2025-04-01T16:25:10.455-0500] {dag.py:4180} INFO - Setting next_dagrun for example_trigger_controller_dag to 2021-01-01 00:00:00+00:00, run_after=2021-01-01 00:00:00+00:00
[2025-04-01T16:25:10.527-0500] {processor.py:208} INFO - Processing /mnt/d/Universidad/ETL/Proyecto_airflow/venv/lib/python3.12/site-packages/airflow/example_dags/example_trigger_controller_dag.py took 0.166 seconds
[2025-04-01T16:26:45.133-0500] {processor.py:186} INFO - Started process (PID=4535) to work on /mnt/d/Universidad/ETL/Proyecto_airflow/venv/lib/python3.12/site-packages/airflow/example_dags/example_trigger_controller_dag.py
[2025-04-01T16:26:45.134-0500] {processor.py:914} INFO - Processing file /mnt/d/Universidad/ETL/Proyecto_airflow/venv/lib/python3.12/site-packages/airflow/example_dags/example_trigger_controller_dag.py for tasks to queue
[2025-04-01T16:26:45.136-0500] {logging_mixin.py:190} INFO - [2025-04-01T16:26:45.135-0500] {dagbag.py:588} INFO - Filling up the DagBag from /mnt/d/Universidad/ETL/Proyecto_airflow/venv/lib/python3.12/site-packages/airflow/example_dags/example_trigger_controller_dag.py
[2025-04-01T16:26:45.189-0500] {processor.py:925} INFO - DAG(s) 'example_trigger_controller_dag' retrieved from /mnt/d/Universidad/ETL/Proyecto_airflow/venv/lib/python3.12/site-packages/airflow/example_dags/example_trigger_controller_dag.py
[2025-04-01T16:26:45.206-0500] {logging_mixin.py:190} INFO - [2025-04-01T16:26:45.206-0500] {dag.py:3239} INFO - Sync 1 DAGs
[2025-04-01T16:26:45.221-0500] {logging_mixin.py:190} INFO - [2025-04-01T16:26:45.221-0500] {dag.py:4180} INFO - Setting next_dagrun for example_trigger_controller_dag to 2021-01-01 00:00:00+00:00, run_after=2021-01-01 00:00:00+00:00
[2025-04-01T16:26:45.333-0500] {processor.py:208} INFO - Processing /mnt/d/Universidad/ETL/Proyecto_airflow/venv/lib/python3.12/site-packages/airflow/example_dags/example_trigger_controller_dag.py took 0.208 seconds
[2025-04-01T16:28:17.516-0500] {processor.py:186} INFO - Started process (PID=4606) to work on /mnt/d/Universidad/ETL/Proyecto_airflow/venv/lib/python3.12/site-packages/airflow/example_dags/example_trigger_controller_dag.py
[2025-04-01T16:28:17.517-0500] {processor.py:914} INFO - Processing file /mnt/d/Universidad/ETL/Proyecto_airflow/venv/lib/python3.12/site-packages/airflow/example_dags/example_trigger_controller_dag.py for tasks to queue
[2025-04-01T16:28:17.519-0500] {logging_mixin.py:190} INFO - [2025-04-01T16:28:17.519-0500] {dagbag.py:588} INFO - Filling up the DagBag from /mnt/d/Universidad/ETL/Proyecto_airflow/venv/lib/python3.12/site-packages/airflow/example_dags/example_trigger_controller_dag.py
[2025-04-01T16:28:17.572-0500] {processor.py:925} INFO - DAG(s) 'example_trigger_controller_dag' retrieved from /mnt/d/Universidad/ETL/Proyecto_airflow/venv/lib/python3.12/site-packages/airflow/example_dags/example_trigger_controller_dag.py
[2025-04-01T16:28:17.590-0500] {logging_mixin.py:190} INFO - [2025-04-01T16:28:17.589-0500] {dag.py:3239} INFO - Sync 1 DAGs
[2025-04-01T16:28:17.605-0500] {logging_mixin.py:190} INFO - [2025-04-01T16:28:17.604-0500] {dag.py:4180} INFO - Setting next_dagrun for example_trigger_controller_dag to 2021-01-01 00:00:00+00:00, run_after=2021-01-01 00:00:00+00:00
[2025-04-01T16:28:17.712-0500] {processor.py:208} INFO - Processing /mnt/d/Universidad/ETL/Proyecto_airflow/venv/lib/python3.12/site-packages/airflow/example_dags/example_trigger_controller_dag.py took 0.204 seconds
[2025-04-01T16:29:49.439-0500] {processor.py:186} INFO - Started process (PID=4677) to work on /mnt/d/Universidad/ETL/Proyecto_airflow/venv/lib/python3.12/site-packages/airflow/example_dags/example_trigger_controller_dag.py
[2025-04-01T16:29:49.441-0500] {processor.py:914} INFO - Processing file /mnt/d/Universidad/ETL/Proyecto_airflow/venv/lib/python3.12/site-packages/airflow/example_dags/example_trigger_controller_dag.py for tasks to queue
[2025-04-01T16:29:49.443-0500] {logging_mixin.py:190} INFO - [2025-04-01T16:29:49.442-0500] {dagbag.py:588} INFO - Filling up the DagBag from /mnt/d/Universidad/ETL/Proyecto_airflow/venv/lib/python3.12/site-packages/airflow/example_dags/example_trigger_controller_dag.py
[2025-04-01T16:29:49.496-0500] {processor.py:925} INFO - DAG(s) 'example_trigger_controller_dag' retrieved from /mnt/d/Universidad/ETL/Proyecto_airflow/venv/lib/python3.12/site-packages/airflow/example_dags/example_trigger_controller_dag.py
[2025-04-01T16:29:49.513-0500] {logging_mixin.py:190} INFO - [2025-04-01T16:29:49.513-0500] {dag.py:3239} INFO - Sync 1 DAGs
[2025-04-01T16:29:49.528-0500] {logging_mixin.py:190} INFO - [2025-04-01T16:29:49.527-0500] {dag.py:4180} INFO - Setting next_dagrun for example_trigger_controller_dag to 2021-01-01 00:00:00+00:00, run_after=2021-01-01 00:00:00+00:00
[2025-04-01T16:29:49.639-0500] {processor.py:208} INFO - Processing /mnt/d/Universidad/ETL/Proyecto_airflow/venv/lib/python3.12/site-packages/airflow/example_dags/example_trigger_controller_dag.py took 0.208 seconds
[2025-04-01T16:31:17.382-0500] {processor.py:186} INFO - Started process (PID=4747) to work on /mnt/d/Universidad/ETL/Proyecto_airflow/venv/lib/python3.12/site-packages/airflow/example_dags/example_trigger_controller_dag.py
[2025-04-01T16:31:17.383-0500] {processor.py:914} INFO - Processing file /mnt/d/Universidad/ETL/Proyecto_airflow/venv/lib/python3.12/site-packages/airflow/example_dags/example_trigger_controller_dag.py for tasks to queue
[2025-04-01T16:31:17.386-0500] {logging_mixin.py:190} INFO - [2025-04-01T16:31:17.385-0500] {dagbag.py:588} INFO - Filling up the DagBag from /mnt/d/Universidad/ETL/Proyecto_airflow/venv/lib/python3.12/site-packages/airflow/example_dags/example_trigger_controller_dag.py
[2025-04-01T16:31:17.439-0500] {processor.py:925} INFO - DAG(s) 'example_trigger_controller_dag' retrieved from /mnt/d/Universidad/ETL/Proyecto_airflow/venv/lib/python3.12/site-packages/airflow/example_dags/example_trigger_controller_dag.py
[2025-04-01T16:31:17.456-0500] {logging_mixin.py:190} INFO - [2025-04-01T16:31:17.455-0500] {dag.py:3239} INFO - Sync 1 DAGs
[2025-04-01T16:31:17.471-0500] {logging_mixin.py:190} INFO - [2025-04-01T16:31:17.470-0500] {dag.py:4180} INFO - Setting next_dagrun for example_trigger_controller_dag to 2021-01-01 00:00:00+00:00, run_after=2021-01-01 00:00:00+00:00
[2025-04-01T16:31:17.551-0500] {processor.py:208} INFO - Processing /mnt/d/Universidad/ETL/Proyecto_airflow/venv/lib/python3.12/site-packages/airflow/example_dags/example_trigger_controller_dag.py took 0.176 seconds
[2025-04-01T16:32:08.442-0500] {processor.py:186} INFO - Started process (PID=4783) to work on /mnt/d/Universidad/ETL/Proyecto_airflow/venv/lib/python3.12/site-packages/airflow/example_dags/example_trigger_controller_dag.py
[2025-04-01T16:32:08.443-0500] {processor.py:914} INFO - Processing file /mnt/d/Universidad/ETL/Proyecto_airflow/venv/lib/python3.12/site-packages/airflow/example_dags/example_trigger_controller_dag.py for tasks to queue
[2025-04-01T16:32:08.445-0500] {logging_mixin.py:190} INFO - [2025-04-01T16:32:08.445-0500] {dagbag.py:588} INFO - Filling up the DagBag from /mnt/d/Universidad/ETL/Proyecto_airflow/venv/lib/python3.12/site-packages/airflow/example_dags/example_trigger_controller_dag.py
[2025-04-01T16:32:08.499-0500] {processor.py:925} INFO - DAG(s) 'example_trigger_controller_dag' retrieved from /mnt/d/Universidad/ETL/Proyecto_airflow/venv/lib/python3.12/site-packages/airflow/example_dags/example_trigger_controller_dag.py
[2025-04-01T16:32:08.516-0500] {logging_mixin.py:190} INFO - [2025-04-01T16:32:08.515-0500] {dag.py:3239} INFO - Sync 1 DAGs
[2025-04-01T16:32:08.531-0500] {logging_mixin.py:190} INFO - [2025-04-01T16:32:08.530-0500] {dag.py:4180} INFO - Setting next_dagrun for example_trigger_controller_dag to 2021-01-01 00:00:00+00:00, run_after=2021-01-01 00:00:00+00:00
[2025-04-01T16:32:08.605-0500] {processor.py:208} INFO - Processing /mnt/d/Universidad/ETL/Proyecto_airflow/venv/lib/python3.12/site-packages/airflow/example_dags/example_trigger_controller_dag.py took 0.171 seconds
[2025-04-01T16:32:56.893-0500] {processor.py:186} INFO - Started process (PID=4821) to work on /mnt/d/Universidad/ETL/Proyecto_airflow/venv/lib/python3.12/site-packages/airflow/example_dags/example_trigger_controller_dag.py
[2025-04-01T16:32:56.894-0500] {processor.py:914} INFO - Processing file /mnt/d/Universidad/ETL/Proyecto_airflow/venv/lib/python3.12/site-packages/airflow/example_dags/example_trigger_controller_dag.py for tasks to queue
[2025-04-01T16:32:56.896-0500] {logging_mixin.py:190} INFO - [2025-04-01T16:32:56.895-0500] {dagbag.py:588} INFO - Filling up the DagBag from /mnt/d/Universidad/ETL/Proyecto_airflow/venv/lib/python3.12/site-packages/airflow/example_dags/example_trigger_controller_dag.py
[2025-04-01T16:32:56.949-0500] {processor.py:925} INFO - DAG(s) 'example_trigger_controller_dag' retrieved from /mnt/d/Universidad/ETL/Proyecto_airflow/venv/lib/python3.12/site-packages/airflow/example_dags/example_trigger_controller_dag.py
[2025-04-01T16:32:56.966-0500] {logging_mixin.py:190} INFO - [2025-04-01T16:32:56.965-0500] {dag.py:3239} INFO - Sync 1 DAGs
[2025-04-01T16:32:56.981-0500] {logging_mixin.py:190} INFO - [2025-04-01T16:32:56.980-0500] {dag.py:4180} INFO - Setting next_dagrun for example_trigger_controller_dag to 2021-01-01 00:00:00+00:00, run_after=2021-01-01 00:00:00+00:00
[2025-04-01T16:32:57.064-0500] {processor.py:208} INFO - Processing /mnt/d/Universidad/ETL/Proyecto_airflow/venv/lib/python3.12/site-packages/airflow/example_dags/example_trigger_controller_dag.py took 0.179 seconds
[2025-04-01T16:34:24.096-0500] {processor.py:186} INFO - Started process (PID=4889) to work on /mnt/d/Universidad/ETL/Proyecto_airflow/venv/lib/python3.12/site-packages/airflow/example_dags/example_trigger_controller_dag.py
[2025-04-01T16:34:24.097-0500] {processor.py:914} INFO - Processing file /mnt/d/Universidad/ETL/Proyecto_airflow/venv/lib/python3.12/site-packages/airflow/example_dags/example_trigger_controller_dag.py for tasks to queue
[2025-04-01T16:34:24.100-0500] {logging_mixin.py:190} INFO - [2025-04-01T16:34:24.099-0500] {dagbag.py:588} INFO - Filling up the DagBag from /mnt/d/Universidad/ETL/Proyecto_airflow/venv/lib/python3.12/site-packages/airflow/example_dags/example_trigger_controller_dag.py
[2025-04-01T16:34:24.154-0500] {processor.py:925} INFO - DAG(s) 'example_trigger_controller_dag' retrieved from /mnt/d/Universidad/ETL/Proyecto_airflow/venv/lib/python3.12/site-packages/airflow/example_dags/example_trigger_controller_dag.py
[2025-04-01T16:34:24.173-0500] {logging_mixin.py:190} INFO - [2025-04-01T16:34:24.172-0500] {dag.py:3239} INFO - Sync 1 DAGs
[2025-04-01T16:34:24.189-0500] {logging_mixin.py:190} INFO - [2025-04-01T16:34:24.188-0500] {dag.py:4180} INFO - Setting next_dagrun for example_trigger_controller_dag to 2021-01-01 00:00:00+00:00, run_after=2021-01-01 00:00:00+00:00
[2025-04-01T16:34:24.318-0500] {processor.py:208} INFO - Processing /mnt/d/Universidad/ETL/Proyecto_airflow/venv/lib/python3.12/site-packages/airflow/example_dags/example_trigger_controller_dag.py took 0.230 seconds
[2025-04-01T16:35:49.332-0500] {processor.py:186} INFO - Started process (PID=4958) to work on /mnt/d/Universidad/ETL/Proyecto_airflow/venv/lib/python3.12/site-packages/airflow/example_dags/example_trigger_controller_dag.py
[2025-04-01T16:35:49.333-0500] {processor.py:914} INFO - Processing file /mnt/d/Universidad/ETL/Proyecto_airflow/venv/lib/python3.12/site-packages/airflow/example_dags/example_trigger_controller_dag.py for tasks to queue
[2025-04-01T16:35:49.335-0500] {logging_mixin.py:190} INFO - [2025-04-01T16:35:49.334-0500] {dagbag.py:588} INFO - Filling up the DagBag from /mnt/d/Universidad/ETL/Proyecto_airflow/venv/lib/python3.12/site-packages/airflow/example_dags/example_trigger_controller_dag.py
[2025-04-01T16:35:49.388-0500] {processor.py:925} INFO - DAG(s) 'example_trigger_controller_dag' retrieved from /mnt/d/Universidad/ETL/Proyecto_airflow/venv/lib/python3.12/site-packages/airflow/example_dags/example_trigger_controller_dag.py
[2025-04-01T16:35:49.405-0500] {logging_mixin.py:190} INFO - [2025-04-01T16:35:49.404-0500] {dag.py:3239} INFO - Sync 1 DAGs
[2025-04-01T16:35:49.419-0500] {logging_mixin.py:190} INFO - [2025-04-01T16:35:49.419-0500] {dag.py:4180} INFO - Setting next_dagrun for example_trigger_controller_dag to 2021-01-01 00:00:00+00:00, run_after=2021-01-01 00:00:00+00:00
[2025-04-01T16:35:49.485-0500] {processor.py:208} INFO - Processing /mnt/d/Universidad/ETL/Proyecto_airflow/venv/lib/python3.12/site-packages/airflow/example_dags/example_trigger_controller_dag.py took 0.161 seconds
[2025-04-01T16:36:41.331-0500] {processor.py:186} INFO - Started process (PID=4994) to work on /mnt/d/Universidad/ETL/Proyecto_airflow/venv/lib/python3.12/site-packages/airflow/example_dags/example_trigger_controller_dag.py
[2025-04-01T16:36:41.332-0500] {processor.py:914} INFO - Processing file /mnt/d/Universidad/ETL/Proyecto_airflow/venv/lib/python3.12/site-packages/airflow/example_dags/example_trigger_controller_dag.py for tasks to queue
[2025-04-01T16:36:41.334-0500] {logging_mixin.py:190} INFO - [2025-04-01T16:36:41.333-0500] {dagbag.py:588} INFO - Filling up the DagBag from /mnt/d/Universidad/ETL/Proyecto_airflow/venv/lib/python3.12/site-packages/airflow/example_dags/example_trigger_controller_dag.py
[2025-04-01T16:36:41.389-0500] {processor.py:925} INFO - DAG(s) 'example_trigger_controller_dag' retrieved from /mnt/d/Universidad/ETL/Proyecto_airflow/venv/lib/python3.12/site-packages/airflow/example_dags/example_trigger_controller_dag.py
[2025-04-01T16:36:41.406-0500] {logging_mixin.py:190} INFO - [2025-04-01T16:36:41.405-0500] {dag.py:3239} INFO - Sync 1 DAGs
[2025-04-01T16:36:41.421-0500] {logging_mixin.py:190} INFO - [2025-04-01T16:36:41.420-0500] {dag.py:4180} INFO - Setting next_dagrun for example_trigger_controller_dag to 2021-01-01 00:00:00+00:00, run_after=2021-01-01 00:00:00+00:00
[2025-04-01T16:36:41.494-0500] {processor.py:208} INFO - Processing /mnt/d/Universidad/ETL/Proyecto_airflow/venv/lib/python3.12/site-packages/airflow/example_dags/example_trigger_controller_dag.py took 0.172 seconds
[2025-04-01T16:38:11.362-0500] {processor.py:186} INFO - Started process (PID=5063) to work on /mnt/d/Universidad/ETL/Proyecto_airflow/venv/lib/python3.12/site-packages/airflow/example_dags/example_trigger_controller_dag.py
[2025-04-01T16:38:11.363-0500] {processor.py:914} INFO - Processing file /mnt/d/Universidad/ETL/Proyecto_airflow/venv/lib/python3.12/site-packages/airflow/example_dags/example_trigger_controller_dag.py for tasks to queue
[2025-04-01T16:38:11.365-0500] {logging_mixin.py:190} INFO - [2025-04-01T16:38:11.364-0500] {dagbag.py:588} INFO - Filling up the DagBag from /mnt/d/Universidad/ETL/Proyecto_airflow/venv/lib/python3.12/site-packages/airflow/example_dags/example_trigger_controller_dag.py
[2025-04-01T16:38:11.420-0500] {processor.py:925} INFO - DAG(s) 'example_trigger_controller_dag' retrieved from /mnt/d/Universidad/ETL/Proyecto_airflow/venv/lib/python3.12/site-packages/airflow/example_dags/example_trigger_controller_dag.py
[2025-04-01T16:38:11.440-0500] {logging_mixin.py:190} INFO - [2025-04-01T16:38:11.440-0500] {dag.py:3239} INFO - Sync 1 DAGs
[2025-04-01T16:38:11.457-0500] {logging_mixin.py:190} INFO - [2025-04-01T16:38:11.456-0500] {dag.py:4180} INFO - Setting next_dagrun for example_trigger_controller_dag to 2021-01-01 00:00:00+00:00, run_after=2021-01-01 00:00:00+00:00
[2025-04-01T16:38:11.558-0500] {processor.py:208} INFO - Processing /mnt/d/Universidad/ETL/Proyecto_airflow/venv/lib/python3.12/site-packages/airflow/example_dags/example_trigger_controller_dag.py took 0.204 seconds
[2025-04-01T16:39:44.485-0500] {processor.py:186} INFO - Started process (PID=5134) to work on /mnt/d/Universidad/ETL/Proyecto_airflow/venv/lib/python3.12/site-packages/airflow/example_dags/example_trigger_controller_dag.py
[2025-04-01T16:39:44.486-0500] {processor.py:914} INFO - Processing file /mnt/d/Universidad/ETL/Proyecto_airflow/venv/lib/python3.12/site-packages/airflow/example_dags/example_trigger_controller_dag.py for tasks to queue
[2025-04-01T16:39:44.489-0500] {logging_mixin.py:190} INFO - [2025-04-01T16:39:44.488-0500] {dagbag.py:588} INFO - Filling up the DagBag from /mnt/d/Universidad/ETL/Proyecto_airflow/venv/lib/python3.12/site-packages/airflow/example_dags/example_trigger_controller_dag.py
[2025-04-01T16:39:44.542-0500] {processor.py:925} INFO - DAG(s) 'example_trigger_controller_dag' retrieved from /mnt/d/Universidad/ETL/Proyecto_airflow/venv/lib/python3.12/site-packages/airflow/example_dags/example_trigger_controller_dag.py
[2025-04-01T16:39:44.561-0500] {logging_mixin.py:190} INFO - [2025-04-01T16:39:44.560-0500] {dag.py:3239} INFO - Sync 1 DAGs
[2025-04-01T16:39:44.576-0500] {logging_mixin.py:190} INFO - [2025-04-01T16:39:44.576-0500] {dag.py:4180} INFO - Setting next_dagrun for example_trigger_controller_dag to 2021-01-01 00:00:00+00:00, run_after=2021-01-01 00:00:00+00:00
[2025-04-01T16:39:44.679-0500] {processor.py:208} INFO - Processing /mnt/d/Universidad/ETL/Proyecto_airflow/venv/lib/python3.12/site-packages/airflow/example_dags/example_trigger_controller_dag.py took 0.202 seconds
[2025-04-01T16:41:21.892-0500] {processor.py:186} INFO - Started process (PID=5207) to work on /mnt/d/Universidad/ETL/Proyecto_airflow/venv/lib/python3.12/site-packages/airflow/example_dags/example_trigger_controller_dag.py
[2025-04-01T16:41:21.893-0500] {processor.py:914} INFO - Processing file /mnt/d/Universidad/ETL/Proyecto_airflow/venv/lib/python3.12/site-packages/airflow/example_dags/example_trigger_controller_dag.py for tasks to queue
[2025-04-01T16:41:21.895-0500] {logging_mixin.py:190} INFO - [2025-04-01T16:41:21.895-0500] {dagbag.py:588} INFO - Filling up the DagBag from /mnt/d/Universidad/ETL/Proyecto_airflow/venv/lib/python3.12/site-packages/airflow/example_dags/example_trigger_controller_dag.py
[2025-04-01T16:41:21.950-0500] {processor.py:925} INFO - DAG(s) 'example_trigger_controller_dag' retrieved from /mnt/d/Universidad/ETL/Proyecto_airflow/venv/lib/python3.12/site-packages/airflow/example_dags/example_trigger_controller_dag.py
[2025-04-01T16:41:21.970-0500] {logging_mixin.py:190} INFO - [2025-04-01T16:41:21.969-0500] {dag.py:3239} INFO - Sync 1 DAGs
[2025-04-01T16:41:21.986-0500] {logging_mixin.py:190} INFO - [2025-04-01T16:41:21.985-0500] {dag.py:4180} INFO - Setting next_dagrun for example_trigger_controller_dag to 2021-01-01 00:00:00+00:00, run_after=2021-01-01 00:00:00+00:00
[2025-04-01T16:41:22.072-0500] {processor.py:208} INFO - Processing /mnt/d/Universidad/ETL/Proyecto_airflow/venv/lib/python3.12/site-packages/airflow/example_dags/example_trigger_controller_dag.py took 0.189 seconds
[2025-04-01T16:42:11.145-0500] {processor.py:186} INFO - Started process (PID=5245) to work on /mnt/d/Universidad/ETL/Proyecto_airflow/venv/lib/python3.12/site-packages/airflow/example_dags/example_trigger_controller_dag.py
[2025-04-01T16:42:11.146-0500] {processor.py:914} INFO - Processing file /mnt/d/Universidad/ETL/Proyecto_airflow/venv/lib/python3.12/site-packages/airflow/example_dags/example_trigger_controller_dag.py for tasks to queue
[2025-04-01T16:42:11.148-0500] {logging_mixin.py:190} INFO - [2025-04-01T16:42:11.147-0500] {dagbag.py:588} INFO - Filling up the DagBag from /mnt/d/Universidad/ETL/Proyecto_airflow/venv/lib/python3.12/site-packages/airflow/example_dags/example_trigger_controller_dag.py
[2025-04-01T16:42:11.201-0500] {processor.py:925} INFO - DAG(s) 'example_trigger_controller_dag' retrieved from /mnt/d/Universidad/ETL/Proyecto_airflow/venv/lib/python3.12/site-packages/airflow/example_dags/example_trigger_controller_dag.py
[2025-04-01T16:42:11.218-0500] {logging_mixin.py:190} INFO - [2025-04-01T16:42:11.218-0500] {dag.py:3239} INFO - Sync 1 DAGs
[2025-04-01T16:42:11.233-0500] {logging_mixin.py:190} INFO - [2025-04-01T16:42:11.233-0500] {dag.py:4180} INFO - Setting next_dagrun for example_trigger_controller_dag to 2021-01-01 00:00:00+00:00, run_after=2021-01-01 00:00:00+00:00
[2025-04-01T16:42:11.329-0500] {processor.py:208} INFO - Processing /mnt/d/Universidad/ETL/Proyecto_airflow/venv/lib/python3.12/site-packages/airflow/example_dags/example_trigger_controller_dag.py took 0.192 seconds
[2025-04-01T16:43:45.297-0500] {processor.py:186} INFO - Started process (PID=5315) to work on /mnt/d/Universidad/ETL/Proyecto_airflow/venv/lib/python3.12/site-packages/airflow/example_dags/example_trigger_controller_dag.py
[2025-04-01T16:43:45.298-0500] {processor.py:914} INFO - Processing file /mnt/d/Universidad/ETL/Proyecto_airflow/venv/lib/python3.12/site-packages/airflow/example_dags/example_trigger_controller_dag.py for tasks to queue
[2025-04-01T16:43:45.300-0500] {logging_mixin.py:190} INFO - [2025-04-01T16:43:45.299-0500] {dagbag.py:588} INFO - Filling up the DagBag from /mnt/d/Universidad/ETL/Proyecto_airflow/venv/lib/python3.12/site-packages/airflow/example_dags/example_trigger_controller_dag.py
[2025-04-01T16:43:45.355-0500] {processor.py:925} INFO - DAG(s) 'example_trigger_controller_dag' retrieved from /mnt/d/Universidad/ETL/Proyecto_airflow/venv/lib/python3.12/site-packages/airflow/example_dags/example_trigger_controller_dag.py
[2025-04-01T16:43:45.373-0500] {logging_mixin.py:190} INFO - [2025-04-01T16:43:45.372-0500] {dag.py:3239} INFO - Sync 1 DAGs
[2025-04-01T16:43:45.388-0500] {logging_mixin.py:190} INFO - [2025-04-01T16:43:45.387-0500] {dag.py:4180} INFO - Setting next_dagrun for example_trigger_controller_dag to 2021-01-01 00:00:00+00:00, run_after=2021-01-01 00:00:00+00:00
[2025-04-01T16:43:45.471-0500] {processor.py:208} INFO - Processing /mnt/d/Universidad/ETL/Proyecto_airflow/venv/lib/python3.12/site-packages/airflow/example_dags/example_trigger_controller_dag.py took 0.182 seconds
[2025-04-01T16:45:14.989-0500] {processor.py:186} INFO - Started process (PID=5386) to work on /mnt/d/Universidad/ETL/Proyecto_airflow/venv/lib/python3.12/site-packages/airflow/example_dags/example_trigger_controller_dag.py
[2025-04-01T16:45:14.991-0500] {processor.py:914} INFO - Processing file /mnt/d/Universidad/ETL/Proyecto_airflow/venv/lib/python3.12/site-packages/airflow/example_dags/example_trigger_controller_dag.py for tasks to queue
[2025-04-01T16:45:14.993-0500] {logging_mixin.py:190} INFO - [2025-04-01T16:45:14.992-0500] {dagbag.py:588} INFO - Filling up the DagBag from /mnt/d/Universidad/ETL/Proyecto_airflow/venv/lib/python3.12/site-packages/airflow/example_dags/example_trigger_controller_dag.py
[2025-04-01T16:45:15.046-0500] {processor.py:925} INFO - DAG(s) 'example_trigger_controller_dag' retrieved from /mnt/d/Universidad/ETL/Proyecto_airflow/venv/lib/python3.12/site-packages/airflow/example_dags/example_trigger_controller_dag.py
[2025-04-01T16:45:15.063-0500] {logging_mixin.py:190} INFO - [2025-04-01T16:45:15.062-0500] {dag.py:3239} INFO - Sync 1 DAGs
[2025-04-01T16:45:15.078-0500] {logging_mixin.py:190} INFO - [2025-04-01T16:45:15.077-0500] {dag.py:4180} INFO - Setting next_dagrun for example_trigger_controller_dag to 2021-01-01 00:00:00+00:00, run_after=2021-01-01 00:00:00+00:00
[2025-04-01T16:45:15.184-0500] {processor.py:208} INFO - Processing /mnt/d/Universidad/ETL/Proyecto_airflow/venv/lib/python3.12/site-packages/airflow/example_dags/example_trigger_controller_dag.py took 0.203 seconds
[2025-04-01T16:46:56.031-0500] {processor.py:186} INFO - Started process (PID=5459) to work on /mnt/d/Universidad/ETL/Proyecto_airflow/venv/lib/python3.12/site-packages/airflow/example_dags/example_trigger_controller_dag.py
[2025-04-01T16:46:56.032-0500] {processor.py:914} INFO - Processing file /mnt/d/Universidad/ETL/Proyecto_airflow/venv/lib/python3.12/site-packages/airflow/example_dags/example_trigger_controller_dag.py for tasks to queue
[2025-04-01T16:46:56.035-0500] {logging_mixin.py:190} INFO - [2025-04-01T16:46:56.034-0500] {dagbag.py:588} INFO - Filling up the DagBag from /mnt/d/Universidad/ETL/Proyecto_airflow/venv/lib/python3.12/site-packages/airflow/example_dags/example_trigger_controller_dag.py
[2025-04-01T16:46:56.087-0500] {processor.py:925} INFO - DAG(s) 'example_trigger_controller_dag' retrieved from /mnt/d/Universidad/ETL/Proyecto_airflow/venv/lib/python3.12/site-packages/airflow/example_dags/example_trigger_controller_dag.py
[2025-04-01T16:46:56.104-0500] {logging_mixin.py:190} INFO - [2025-04-01T16:46:56.103-0500] {dag.py:3239} INFO - Sync 1 DAGs
[2025-04-01T16:46:56.118-0500] {logging_mixin.py:190} INFO - [2025-04-01T16:46:56.118-0500] {dag.py:4180} INFO - Setting next_dagrun for example_trigger_controller_dag to 2021-01-01 00:00:00+00:00, run_after=2021-01-01 00:00:00+00:00
[2025-04-01T16:46:56.193-0500] {processor.py:208} INFO - Processing /mnt/d/Universidad/ETL/Proyecto_airflow/venv/lib/python3.12/site-packages/airflow/example_dags/example_trigger_controller_dag.py took 0.170 seconds
[2025-04-01T16:48:27.564-0500] {processor.py:186} INFO - Started process (PID=5528) to work on /mnt/d/Universidad/ETL/Proyecto_airflow/venv/lib/python3.12/site-packages/airflow/example_dags/example_trigger_controller_dag.py
[2025-04-01T16:48:27.566-0500] {processor.py:914} INFO - Processing file /mnt/d/Universidad/ETL/Proyecto_airflow/venv/lib/python3.12/site-packages/airflow/example_dags/example_trigger_controller_dag.py for tasks to queue
[2025-04-01T16:48:27.568-0500] {logging_mixin.py:190} INFO - [2025-04-01T16:48:27.567-0500] {dagbag.py:588} INFO - Filling up the DagBag from /mnt/d/Universidad/ETL/Proyecto_airflow/venv/lib/python3.12/site-packages/airflow/example_dags/example_trigger_controller_dag.py
[2025-04-01T16:48:27.622-0500] {processor.py:925} INFO - DAG(s) 'example_trigger_controller_dag' retrieved from /mnt/d/Universidad/ETL/Proyecto_airflow/venv/lib/python3.12/site-packages/airflow/example_dags/example_trigger_controller_dag.py
[2025-04-01T16:48:27.641-0500] {logging_mixin.py:190} INFO - [2025-04-01T16:48:27.640-0500] {dag.py:3239} INFO - Sync 1 DAGs
[2025-04-01T16:48:27.656-0500] {logging_mixin.py:190} INFO - [2025-04-01T16:48:27.655-0500] {dag.py:4180} INFO - Setting next_dagrun for example_trigger_controller_dag to 2021-01-01 00:00:00+00:00, run_after=2021-01-01 00:00:00+00:00
[2025-04-01T16:48:27.736-0500] {processor.py:208} INFO - Processing /mnt/d/Universidad/ETL/Proyecto_airflow/venv/lib/python3.12/site-packages/airflow/example_dags/example_trigger_controller_dag.py took 0.181 seconds
[2025-04-01T16:49:54.352-0500] {processor.py:186} INFO - Started process (PID=5597) to work on /mnt/d/Universidad/ETL/Proyecto_airflow/venv/lib/python3.12/site-packages/airflow/example_dags/example_trigger_controller_dag.py
[2025-04-01T16:49:54.353-0500] {processor.py:914} INFO - Processing file /mnt/d/Universidad/ETL/Proyecto_airflow/venv/lib/python3.12/site-packages/airflow/example_dags/example_trigger_controller_dag.py for tasks to queue
[2025-04-01T16:49:54.355-0500] {logging_mixin.py:190} INFO - [2025-04-01T16:49:54.354-0500] {dagbag.py:588} INFO - Filling up the DagBag from /mnt/d/Universidad/ETL/Proyecto_airflow/venv/lib/python3.12/site-packages/airflow/example_dags/example_trigger_controller_dag.py
[2025-04-01T16:49:54.407-0500] {processor.py:925} INFO - DAG(s) 'example_trigger_controller_dag' retrieved from /mnt/d/Universidad/ETL/Proyecto_airflow/venv/lib/python3.12/site-packages/airflow/example_dags/example_trigger_controller_dag.py
[2025-04-01T16:49:54.425-0500] {logging_mixin.py:190} INFO - [2025-04-01T16:49:54.424-0500] {dag.py:3239} INFO - Sync 1 DAGs
[2025-04-01T16:49:54.440-0500] {logging_mixin.py:190} INFO - [2025-04-01T16:49:54.439-0500] {dag.py:4180} INFO - Setting next_dagrun for example_trigger_controller_dag to 2021-01-01 00:00:00+00:00, run_after=2021-01-01 00:00:00+00:00
[2025-04-01T16:49:54.541-0500] {processor.py:208} INFO - Processing /mnt/d/Universidad/ETL/Proyecto_airflow/venv/lib/python3.12/site-packages/airflow/example_dags/example_trigger_controller_dag.py took 0.197 seconds
[2025-04-01T16:51:32.654-0500] {processor.py:186} INFO - Started process (PID=5670) to work on /mnt/d/Universidad/ETL/Proyecto_airflow/venv/lib/python3.12/site-packages/airflow/example_dags/example_trigger_controller_dag.py
[2025-04-01T16:51:32.655-0500] {processor.py:914} INFO - Processing file /mnt/d/Universidad/ETL/Proyecto_airflow/venv/lib/python3.12/site-packages/airflow/example_dags/example_trigger_controller_dag.py for tasks to queue
[2025-04-01T16:51:32.657-0500] {logging_mixin.py:190} INFO - [2025-04-01T16:51:32.656-0500] {dagbag.py:588} INFO - Filling up the DagBag from /mnt/d/Universidad/ETL/Proyecto_airflow/venv/lib/python3.12/site-packages/airflow/example_dags/example_trigger_controller_dag.py
[2025-04-01T16:51:32.709-0500] {processor.py:925} INFO - DAG(s) 'example_trigger_controller_dag' retrieved from /mnt/d/Universidad/ETL/Proyecto_airflow/venv/lib/python3.12/site-packages/airflow/example_dags/example_trigger_controller_dag.py
[2025-04-01T16:51:32.725-0500] {logging_mixin.py:190} INFO - [2025-04-01T16:51:32.725-0500] {dag.py:3239} INFO - Sync 1 DAGs
[2025-04-01T16:51:32.740-0500] {logging_mixin.py:190} INFO - [2025-04-01T16:51:32.739-0500] {dag.py:4180} INFO - Setting next_dagrun for example_trigger_controller_dag to 2021-01-01 00:00:00+00:00, run_after=2021-01-01 00:00:00+00:00
[2025-04-01T16:51:32.834-0500] {processor.py:208} INFO - Processing /mnt/d/Universidad/ETL/Proyecto_airflow/venv/lib/python3.12/site-packages/airflow/example_dags/example_trigger_controller_dag.py took 0.188 seconds
[2025-04-01T16:52:25.678-0500] {processor.py:186} INFO - Started process (PID=5707) to work on /mnt/d/Universidad/ETL/Proyecto_airflow/venv/lib/python3.12/site-packages/airflow/example_dags/example_trigger_controller_dag.py
[2025-04-01T16:52:25.679-0500] {processor.py:914} INFO - Processing file /mnt/d/Universidad/ETL/Proyecto_airflow/venv/lib/python3.12/site-packages/airflow/example_dags/example_trigger_controller_dag.py for tasks to queue
[2025-04-01T16:52:25.682-0500] {logging_mixin.py:190} INFO - [2025-04-01T16:52:25.681-0500] {dagbag.py:588} INFO - Filling up the DagBag from /mnt/d/Universidad/ETL/Proyecto_airflow/venv/lib/python3.12/site-packages/airflow/example_dags/example_trigger_controller_dag.py
[2025-04-01T16:52:25.736-0500] {processor.py:925} INFO - DAG(s) 'example_trigger_controller_dag' retrieved from /mnt/d/Universidad/ETL/Proyecto_airflow/venv/lib/python3.12/site-packages/airflow/example_dags/example_trigger_controller_dag.py
[2025-04-01T16:52:25.755-0500] {logging_mixin.py:190} INFO - [2025-04-01T16:52:25.755-0500] {dag.py:3239} INFO - Sync 1 DAGs
[2025-04-01T16:52:25.772-0500] {logging_mixin.py:190} INFO - [2025-04-01T16:52:25.771-0500] {dag.py:4180} INFO - Setting next_dagrun for example_trigger_controller_dag to 2021-01-01 00:00:00+00:00, run_after=2021-01-01 00:00:00+00:00
[2025-04-01T16:52:25.874-0500] {processor.py:208} INFO - Processing /mnt/d/Universidad/ETL/Proyecto_airflow/venv/lib/python3.12/site-packages/airflow/example_dags/example_trigger_controller_dag.py took 0.204 seconds
[2025-04-01T16:53:57.644-0500] {processor.py:186} INFO - Started process (PID=5779) to work on /mnt/d/Universidad/ETL/Proyecto_airflow/venv/lib/python3.12/site-packages/airflow/example_dags/example_trigger_controller_dag.py
[2025-04-01T16:53:57.645-0500] {processor.py:914} INFO - Processing file /mnt/d/Universidad/ETL/Proyecto_airflow/venv/lib/python3.12/site-packages/airflow/example_dags/example_trigger_controller_dag.py for tasks to queue
[2025-04-01T16:53:57.647-0500] {logging_mixin.py:190} INFO - [2025-04-01T16:53:57.646-0500] {dagbag.py:588} INFO - Filling up the DagBag from /mnt/d/Universidad/ETL/Proyecto_airflow/venv/lib/python3.12/site-packages/airflow/example_dags/example_trigger_controller_dag.py
[2025-04-01T16:53:57.701-0500] {processor.py:925} INFO - DAG(s) 'example_trigger_controller_dag' retrieved from /mnt/d/Universidad/ETL/Proyecto_airflow/venv/lib/python3.12/site-packages/airflow/example_dags/example_trigger_controller_dag.py
[2025-04-01T16:53:57.718-0500] {logging_mixin.py:190} INFO - [2025-04-01T16:53:57.717-0500] {dag.py:3239} INFO - Sync 1 DAGs
[2025-04-01T16:53:57.732-0500] {logging_mixin.py:190} INFO - [2025-04-01T16:53:57.732-0500] {dag.py:4180} INFO - Setting next_dagrun for example_trigger_controller_dag to 2021-01-01 00:00:00+00:00, run_after=2021-01-01 00:00:00+00:00
[2025-04-01T16:53:57.839-0500] {processor.py:208} INFO - Processing /mnt/d/Universidad/ETL/Proyecto_airflow/venv/lib/python3.12/site-packages/airflow/example_dags/example_trigger_controller_dag.py took 0.203 seconds
[2025-04-01T16:55:32.652-0500] {processor.py:186} INFO - Started process (PID=5850) to work on /mnt/d/Universidad/ETL/Proyecto_airflow/venv/lib/python3.12/site-packages/airflow/example_dags/example_trigger_controller_dag.py
[2025-04-01T16:55:32.653-0500] {processor.py:914} INFO - Processing file /mnt/d/Universidad/ETL/Proyecto_airflow/venv/lib/python3.12/site-packages/airflow/example_dags/example_trigger_controller_dag.py for tasks to queue
[2025-04-01T16:55:32.655-0500] {logging_mixin.py:190} INFO - [2025-04-01T16:55:32.655-0500] {dagbag.py:588} INFO - Filling up the DagBag from /mnt/d/Universidad/ETL/Proyecto_airflow/venv/lib/python3.12/site-packages/airflow/example_dags/example_trigger_controller_dag.py
[2025-04-01T16:55:32.708-0500] {processor.py:925} INFO - DAG(s) 'example_trigger_controller_dag' retrieved from /mnt/d/Universidad/ETL/Proyecto_airflow/venv/lib/python3.12/site-packages/airflow/example_dags/example_trigger_controller_dag.py
[2025-04-01T16:55:32.726-0500] {logging_mixin.py:190} INFO - [2025-04-01T16:55:32.725-0500] {dag.py:3239} INFO - Sync 1 DAGs
[2025-04-01T16:55:32.740-0500] {logging_mixin.py:190} INFO - [2025-04-01T16:55:32.739-0500] {dag.py:4180} INFO - Setting next_dagrun for example_trigger_controller_dag to 2021-01-01 00:00:00+00:00, run_after=2021-01-01 00:00:00+00:00
[2025-04-01T16:55:32.871-0500] {processor.py:208} INFO - Processing /mnt/d/Universidad/ETL/Proyecto_airflow/venv/lib/python3.12/site-packages/airflow/example_dags/example_trigger_controller_dag.py took 0.226 seconds
[2025-04-01T16:57:09.249-0500] {processor.py:186} INFO - Started process (PID=5922) to work on /mnt/d/Universidad/ETL/Proyecto_airflow/venv/lib/python3.12/site-packages/airflow/example_dags/example_trigger_controller_dag.py
[2025-04-01T16:57:09.250-0500] {processor.py:914} INFO - Processing file /mnt/d/Universidad/ETL/Proyecto_airflow/venv/lib/python3.12/site-packages/airflow/example_dags/example_trigger_controller_dag.py for tasks to queue
[2025-04-01T16:57:09.252-0500] {logging_mixin.py:190} INFO - [2025-04-01T16:57:09.251-0500] {dagbag.py:588} INFO - Filling up the DagBag from /mnt/d/Universidad/ETL/Proyecto_airflow/venv/lib/python3.12/site-packages/airflow/example_dags/example_trigger_controller_dag.py
[2025-04-01T16:57:09.305-0500] {processor.py:925} INFO - DAG(s) 'example_trigger_controller_dag' retrieved from /mnt/d/Universidad/ETL/Proyecto_airflow/venv/lib/python3.12/site-packages/airflow/example_dags/example_trigger_controller_dag.py
[2025-04-01T16:57:09.321-0500] {logging_mixin.py:190} INFO - [2025-04-01T16:57:09.321-0500] {dag.py:3239} INFO - Sync 1 DAGs
[2025-04-01T16:57:09.336-0500] {logging_mixin.py:190} INFO - [2025-04-01T16:57:09.335-0500] {dag.py:4180} INFO - Setting next_dagrun for example_trigger_controller_dag to 2021-01-01 00:00:00+00:00, run_after=2021-01-01 00:00:00+00:00
[2025-04-01T16:57:09.444-0500] {processor.py:208} INFO - Processing /mnt/d/Universidad/ETL/Proyecto_airflow/venv/lib/python3.12/site-packages/airflow/example_dags/example_trigger_controller_dag.py took 0.203 seconds
[2025-04-01T16:58:38.995-0500] {processor.py:186} INFO - Started process (PID=5992) to work on /mnt/d/Universidad/ETL/Proyecto_airflow/venv/lib/python3.12/site-packages/airflow/example_dags/example_trigger_controller_dag.py
[2025-04-01T16:58:38.996-0500] {processor.py:914} INFO - Processing file /mnt/d/Universidad/ETL/Proyecto_airflow/venv/lib/python3.12/site-packages/airflow/example_dags/example_trigger_controller_dag.py for tasks to queue
[2025-04-01T16:58:38.999-0500] {logging_mixin.py:190} INFO - [2025-04-01T16:58:38.998-0500] {dagbag.py:588} INFO - Filling up the DagBag from /mnt/d/Universidad/ETL/Proyecto_airflow/venv/lib/python3.12/site-packages/airflow/example_dags/example_trigger_controller_dag.py
[2025-04-01T16:58:39.053-0500] {processor.py:925} INFO - DAG(s) 'example_trigger_controller_dag' retrieved from /mnt/d/Universidad/ETL/Proyecto_airflow/venv/lib/python3.12/site-packages/airflow/example_dags/example_trigger_controller_dag.py
[2025-04-01T16:58:39.070-0500] {logging_mixin.py:190} INFO - [2025-04-01T16:58:39.070-0500] {dag.py:3239} INFO - Sync 1 DAGs
[2025-04-01T16:58:39.085-0500] {logging_mixin.py:190} INFO - [2025-04-01T16:58:39.085-0500] {dag.py:4180} INFO - Setting next_dagrun for example_trigger_controller_dag to 2021-01-01 00:00:00+00:00, run_after=2021-01-01 00:00:00+00:00
[2025-04-01T16:58:39.196-0500] {processor.py:208} INFO - Processing /mnt/d/Universidad/ETL/Proyecto_airflow/venv/lib/python3.12/site-packages/airflow/example_dags/example_trigger_controller_dag.py took 0.209 seconds
[2025-04-01T17:00:16.536-0500] {processor.py:186} INFO - Started process (PID=6063) to work on /mnt/d/Universidad/ETL/Proyecto_airflow/venv/lib/python3.12/site-packages/airflow/example_dags/example_trigger_controller_dag.py
[2025-04-01T17:00:16.537-0500] {processor.py:914} INFO - Processing file /mnt/d/Universidad/ETL/Proyecto_airflow/venv/lib/python3.12/site-packages/airflow/example_dags/example_trigger_controller_dag.py for tasks to queue
[2025-04-01T17:00:16.539-0500] {logging_mixin.py:190} INFO - [2025-04-01T17:00:16.539-0500] {dagbag.py:588} INFO - Filling up the DagBag from /mnt/d/Universidad/ETL/Proyecto_airflow/venv/lib/python3.12/site-packages/airflow/example_dags/example_trigger_controller_dag.py
[2025-04-01T17:00:16.592-0500] {processor.py:925} INFO - DAG(s) 'example_trigger_controller_dag' retrieved from /mnt/d/Universidad/ETL/Proyecto_airflow/venv/lib/python3.12/site-packages/airflow/example_dags/example_trigger_controller_dag.py
[2025-04-01T17:00:16.612-0500] {logging_mixin.py:190} INFO - [2025-04-01T17:00:16.611-0500] {dag.py:3239} INFO - Sync 1 DAGs
[2025-04-01T17:00:16.628-0500] {logging_mixin.py:190} INFO - [2025-04-01T17:00:16.627-0500] {dag.py:4180} INFO - Setting next_dagrun for example_trigger_controller_dag to 2021-01-01 00:00:00+00:00, run_after=2021-01-01 00:00:00+00:00
[2025-04-01T17:00:16.737-0500] {processor.py:208} INFO - Processing /mnt/d/Universidad/ETL/Proyecto_airflow/venv/lib/python3.12/site-packages/airflow/example_dags/example_trigger_controller_dag.py took 0.209 seconds
[2025-04-01T17:01:51.791-0500] {processor.py:186} INFO - Started process (PID=6134) to work on /mnt/d/Universidad/ETL/Proyecto_airflow/venv/lib/python3.12/site-packages/airflow/example_dags/example_trigger_controller_dag.py
[2025-04-01T17:01:51.792-0500] {processor.py:914} INFO - Processing file /mnt/d/Universidad/ETL/Proyecto_airflow/venv/lib/python3.12/site-packages/airflow/example_dags/example_trigger_controller_dag.py for tasks to queue
[2025-04-01T17:01:51.795-0500] {logging_mixin.py:190} INFO - [2025-04-01T17:01:51.794-0500] {dagbag.py:588} INFO - Filling up the DagBag from /mnt/d/Universidad/ETL/Proyecto_airflow/venv/lib/python3.12/site-packages/airflow/example_dags/example_trigger_controller_dag.py
[2025-04-01T17:01:51.847-0500] {processor.py:925} INFO - DAG(s) 'example_trigger_controller_dag' retrieved from /mnt/d/Universidad/ETL/Proyecto_airflow/venv/lib/python3.12/site-packages/airflow/example_dags/example_trigger_controller_dag.py
[2025-04-01T17:01:51.864-0500] {logging_mixin.py:190} INFO - [2025-04-01T17:01:51.863-0500] {dag.py:3239} INFO - Sync 1 DAGs
[2025-04-01T17:01:51.879-0500] {logging_mixin.py:190} INFO - [2025-04-01T17:01:51.878-0500] {dag.py:4180} INFO - Setting next_dagrun for example_trigger_controller_dag to 2021-01-01 00:00:00+00:00, run_after=2021-01-01 00:00:00+00:00
[2025-04-01T17:01:51.978-0500] {processor.py:208} INFO - Processing /mnt/d/Universidad/ETL/Proyecto_airflow/venv/lib/python3.12/site-packages/airflow/example_dags/example_trigger_controller_dag.py took 0.195 seconds
[2025-04-01T17:03:24.878-0500] {processor.py:186} INFO - Started process (PID=6205) to work on /mnt/d/Universidad/ETL/Proyecto_airflow/venv/lib/python3.12/site-packages/airflow/example_dags/example_trigger_controller_dag.py
[2025-04-01T17:03:24.879-0500] {processor.py:914} INFO - Processing file /mnt/d/Universidad/ETL/Proyecto_airflow/venv/lib/python3.12/site-packages/airflow/example_dags/example_trigger_controller_dag.py for tasks to queue
[2025-04-01T17:03:24.881-0500] {logging_mixin.py:190} INFO - [2025-04-01T17:03:24.880-0500] {dagbag.py:588} INFO - Filling up the DagBag from /mnt/d/Universidad/ETL/Proyecto_airflow/venv/lib/python3.12/site-packages/airflow/example_dags/example_trigger_controller_dag.py
[2025-04-01T17:03:24.934-0500] {processor.py:925} INFO - DAG(s) 'example_trigger_controller_dag' retrieved from /mnt/d/Universidad/ETL/Proyecto_airflow/venv/lib/python3.12/site-packages/airflow/example_dags/example_trigger_controller_dag.py
[2025-04-01T17:03:24.951-0500] {logging_mixin.py:190} INFO - [2025-04-01T17:03:24.950-0500] {dag.py:3239} INFO - Sync 1 DAGs
[2025-04-01T17:03:24.966-0500] {logging_mixin.py:190} INFO - [2025-04-01T17:03:24.965-0500] {dag.py:4180} INFO - Setting next_dagrun for example_trigger_controller_dag to 2021-01-01 00:00:00+00:00, run_after=2021-01-01 00:00:00+00:00
[2025-04-01T17:03:25.067-0500] {processor.py:208} INFO - Processing /mnt/d/Universidad/ETL/Proyecto_airflow/venv/lib/python3.12/site-packages/airflow/example_dags/example_trigger_controller_dag.py took 0.197 seconds
[2025-04-01T17:04:59.068-0500] {processor.py:186} INFO - Started process (PID=6274) to work on /mnt/d/Universidad/ETL/Proyecto_airflow/venv/lib/python3.12/site-packages/airflow/example_dags/example_trigger_controller_dag.py
[2025-04-01T17:04:59.070-0500] {processor.py:914} INFO - Processing file /mnt/d/Universidad/ETL/Proyecto_airflow/venv/lib/python3.12/site-packages/airflow/example_dags/example_trigger_controller_dag.py for tasks to queue
[2025-04-01T17:04:59.072-0500] {logging_mixin.py:190} INFO - [2025-04-01T17:04:59.071-0500] {dagbag.py:588} INFO - Filling up the DagBag from /mnt/d/Universidad/ETL/Proyecto_airflow/venv/lib/python3.12/site-packages/airflow/example_dags/example_trigger_controller_dag.py
[2025-04-01T17:04:59.123-0500] {processor.py:925} INFO - DAG(s) 'example_trigger_controller_dag' retrieved from /mnt/d/Universidad/ETL/Proyecto_airflow/venv/lib/python3.12/site-packages/airflow/example_dags/example_trigger_controller_dag.py
[2025-04-01T17:04:59.141-0500] {logging_mixin.py:190} INFO - [2025-04-01T17:04:59.140-0500] {dag.py:3239} INFO - Sync 1 DAGs
[2025-04-01T17:04:59.155-0500] {logging_mixin.py:190} INFO - [2025-04-01T17:04:59.155-0500] {dag.py:4180} INFO - Setting next_dagrun for example_trigger_controller_dag to 2021-01-01 00:00:00+00:00, run_after=2021-01-01 00:00:00+00:00
[2025-04-01T17:04:59.269-0500] {processor.py:208} INFO - Processing /mnt/d/Universidad/ETL/Proyecto_airflow/venv/lib/python3.12/site-packages/airflow/example_dags/example_trigger_controller_dag.py took 0.209 seconds
[2025-04-01T17:05:48.118-0500] {processor.py:186} INFO - Started process (PID=6311) to work on /mnt/d/Universidad/ETL/Proyecto_airflow/venv/lib/python3.12/site-packages/airflow/example_dags/example_trigger_controller_dag.py
[2025-04-01T17:05:48.119-0500] {processor.py:914} INFO - Processing file /mnt/d/Universidad/ETL/Proyecto_airflow/venv/lib/python3.12/site-packages/airflow/example_dags/example_trigger_controller_dag.py for tasks to queue
[2025-04-01T17:05:48.121-0500] {logging_mixin.py:190} INFO - [2025-04-01T17:05:48.120-0500] {dagbag.py:588} INFO - Filling up the DagBag from /mnt/d/Universidad/ETL/Proyecto_airflow/venv/lib/python3.12/site-packages/airflow/example_dags/example_trigger_controller_dag.py
[2025-04-01T17:05:48.173-0500] {processor.py:925} INFO - DAG(s) 'example_trigger_controller_dag' retrieved from /mnt/d/Universidad/ETL/Proyecto_airflow/venv/lib/python3.12/site-packages/airflow/example_dags/example_trigger_controller_dag.py
[2025-04-01T17:05:48.190-0500] {logging_mixin.py:190} INFO - [2025-04-01T17:05:48.190-0500] {dag.py:3239} INFO - Sync 1 DAGs
[2025-04-01T17:05:48.205-0500] {logging_mixin.py:190} INFO - [2025-04-01T17:05:48.204-0500] {dag.py:4180} INFO - Setting next_dagrun for example_trigger_controller_dag to 2021-01-01 00:00:00+00:00, run_after=2021-01-01 00:00:00+00:00
[2025-04-01T17:05:48.308-0500] {processor.py:208} INFO - Processing /mnt/d/Universidad/ETL/Proyecto_airflow/venv/lib/python3.12/site-packages/airflow/example_dags/example_trigger_controller_dag.py took 0.198 seconds
[2025-04-01T17:06:41.173-0500] {processor.py:186} INFO - Started process (PID=6348) to work on /mnt/d/Universidad/ETL/Proyecto_airflow/venv/lib/python3.12/site-packages/airflow/example_dags/example_trigger_controller_dag.py
[2025-04-01T17:06:41.174-0500] {processor.py:914} INFO - Processing file /mnt/d/Universidad/ETL/Proyecto_airflow/venv/lib/python3.12/site-packages/airflow/example_dags/example_trigger_controller_dag.py for tasks to queue
[2025-04-01T17:06:41.177-0500] {logging_mixin.py:190} INFO - [2025-04-01T17:06:41.176-0500] {dagbag.py:588} INFO - Filling up the DagBag from /mnt/d/Universidad/ETL/Proyecto_airflow/venv/lib/python3.12/site-packages/airflow/example_dags/example_trigger_controller_dag.py
[2025-04-01T17:06:41.229-0500] {processor.py:925} INFO - DAG(s) 'example_trigger_controller_dag' retrieved from /mnt/d/Universidad/ETL/Proyecto_airflow/venv/lib/python3.12/site-packages/airflow/example_dags/example_trigger_controller_dag.py
[2025-04-01T17:06:41.246-0500] {logging_mixin.py:190} INFO - [2025-04-01T17:06:41.246-0500] {dag.py:3239} INFO - Sync 1 DAGs
[2025-04-01T17:06:41.260-0500] {logging_mixin.py:190} INFO - [2025-04-01T17:06:41.260-0500] {dag.py:4180} INFO - Setting next_dagrun for example_trigger_controller_dag to 2021-01-01 00:00:00+00:00, run_after=2021-01-01 00:00:00+00:00
[2025-04-01T17:06:41.362-0500] {processor.py:208} INFO - Processing /mnt/d/Universidad/ETL/Proyecto_airflow/venv/lib/python3.12/site-packages/airflow/example_dags/example_trigger_controller_dag.py took 0.197 seconds
[2025-04-01T17:07:28.824-0500] {processor.py:186} INFO - Started process (PID=6386) to work on /mnt/d/Universidad/ETL/Proyecto_airflow/venv/lib/python3.12/site-packages/airflow/example_dags/example_trigger_controller_dag.py
[2025-04-01T17:07:28.825-0500] {processor.py:914} INFO - Processing file /mnt/d/Universidad/ETL/Proyecto_airflow/venv/lib/python3.12/site-packages/airflow/example_dags/example_trigger_controller_dag.py for tasks to queue
[2025-04-01T17:07:28.827-0500] {logging_mixin.py:190} INFO - [2025-04-01T17:07:28.827-0500] {dagbag.py:588} INFO - Filling up the DagBag from /mnt/d/Universidad/ETL/Proyecto_airflow/venv/lib/python3.12/site-packages/airflow/example_dags/example_trigger_controller_dag.py
[2025-04-01T17:07:28.879-0500] {processor.py:925} INFO - DAG(s) 'example_trigger_controller_dag' retrieved from /mnt/d/Universidad/ETL/Proyecto_airflow/venv/lib/python3.12/site-packages/airflow/example_dags/example_trigger_controller_dag.py
[2025-04-01T17:07:28.896-0500] {logging_mixin.py:190} INFO - [2025-04-01T17:07:28.895-0500] {dag.py:3239} INFO - Sync 1 DAGs
[2025-04-01T17:07:28.911-0500] {logging_mixin.py:190} INFO - [2025-04-01T17:07:28.910-0500] {dag.py:4180} INFO - Setting next_dagrun for example_trigger_controller_dag to 2021-01-01 00:00:00+00:00, run_after=2021-01-01 00:00:00+00:00
[2025-04-01T17:07:29.016-0500] {processor.py:208} INFO - Processing /mnt/d/Universidad/ETL/Proyecto_airflow/venv/lib/python3.12/site-packages/airflow/example_dags/example_trigger_controller_dag.py took 0.200 seconds
[2025-04-01T17:09:06.580-0500] {processor.py:186} INFO - Started process (PID=6458) to work on /mnt/d/Universidad/ETL/Proyecto_airflow/venv/lib/python3.12/site-packages/airflow/example_dags/example_trigger_controller_dag.py
[2025-04-01T17:09:06.581-0500] {processor.py:914} INFO - Processing file /mnt/d/Universidad/ETL/Proyecto_airflow/venv/lib/python3.12/site-packages/airflow/example_dags/example_trigger_controller_dag.py for tasks to queue
[2025-04-01T17:09:06.584-0500] {logging_mixin.py:190} INFO - [2025-04-01T17:09:06.583-0500] {dagbag.py:588} INFO - Filling up the DagBag from /mnt/d/Universidad/ETL/Proyecto_airflow/venv/lib/python3.12/site-packages/airflow/example_dags/example_trigger_controller_dag.py
[2025-04-01T17:09:06.638-0500] {processor.py:925} INFO - DAG(s) 'example_trigger_controller_dag' retrieved from /mnt/d/Universidad/ETL/Proyecto_airflow/venv/lib/python3.12/site-packages/airflow/example_dags/example_trigger_controller_dag.py
[2025-04-01T17:09:06.657-0500] {logging_mixin.py:190} INFO - [2025-04-01T17:09:06.657-0500] {dag.py:3239} INFO - Sync 1 DAGs
[2025-04-01T17:09:06.674-0500] {logging_mixin.py:190} INFO - [2025-04-01T17:09:06.673-0500] {dag.py:4180} INFO - Setting next_dagrun for example_trigger_controller_dag to 2021-01-01 00:00:00+00:00, run_after=2021-01-01 00:00:00+00:00
[2025-04-01T17:09:06.773-0500] {processor.py:208} INFO - Processing /mnt/d/Universidad/ETL/Proyecto_airflow/venv/lib/python3.12/site-packages/airflow/example_dags/example_trigger_controller_dag.py took 0.201 seconds
[2025-04-01T17:10:47.112-0500] {processor.py:186} INFO - Started process (PID=6530) to work on /mnt/d/Universidad/ETL/Proyecto_airflow/venv/lib/python3.12/site-packages/airflow/example_dags/example_trigger_controller_dag.py
[2025-04-01T17:10:47.114-0500] {processor.py:914} INFO - Processing file /mnt/d/Universidad/ETL/Proyecto_airflow/venv/lib/python3.12/site-packages/airflow/example_dags/example_trigger_controller_dag.py for tasks to queue
[2025-04-01T17:10:47.116-0500] {logging_mixin.py:190} INFO - [2025-04-01T17:10:47.115-0500] {dagbag.py:588} INFO - Filling up the DagBag from /mnt/d/Universidad/ETL/Proyecto_airflow/venv/lib/python3.12/site-packages/airflow/example_dags/example_trigger_controller_dag.py
[2025-04-01T17:10:47.170-0500] {processor.py:925} INFO - DAG(s) 'example_trigger_controller_dag' retrieved from /mnt/d/Universidad/ETL/Proyecto_airflow/venv/lib/python3.12/site-packages/airflow/example_dags/example_trigger_controller_dag.py
[2025-04-01T17:10:47.187-0500] {logging_mixin.py:190} INFO - [2025-04-01T17:10:47.186-0500] {dag.py:3239} INFO - Sync 1 DAGs
[2025-04-01T17:10:47.201-0500] {logging_mixin.py:190} INFO - [2025-04-01T17:10:47.200-0500] {dag.py:4180} INFO - Setting next_dagrun for example_trigger_controller_dag to 2021-01-01 00:00:00+00:00, run_after=2021-01-01 00:00:00+00:00
[2025-04-01T17:10:47.305-0500] {processor.py:208} INFO - Processing /mnt/d/Universidad/ETL/Proyecto_airflow/venv/lib/python3.12/site-packages/airflow/example_dags/example_trigger_controller_dag.py took 0.200 seconds
[2025-04-01T17:11:38.432-0500] {processor.py:186} INFO - Started process (PID=6567) to work on /mnt/d/Universidad/ETL/Proyecto_airflow/venv/lib/python3.12/site-packages/airflow/example_dags/example_trigger_controller_dag.py
[2025-04-01T17:11:38.433-0500] {processor.py:914} INFO - Processing file /mnt/d/Universidad/ETL/Proyecto_airflow/venv/lib/python3.12/site-packages/airflow/example_dags/example_trigger_controller_dag.py for tasks to queue
[2025-04-01T17:11:38.435-0500] {logging_mixin.py:190} INFO - [2025-04-01T17:11:38.434-0500] {dagbag.py:588} INFO - Filling up the DagBag from /mnt/d/Universidad/ETL/Proyecto_airflow/venv/lib/python3.12/site-packages/airflow/example_dags/example_trigger_controller_dag.py
[2025-04-01T17:11:38.487-0500] {processor.py:925} INFO - DAG(s) 'example_trigger_controller_dag' retrieved from /mnt/d/Universidad/ETL/Proyecto_airflow/venv/lib/python3.12/site-packages/airflow/example_dags/example_trigger_controller_dag.py
[2025-04-01T17:11:38.505-0500] {logging_mixin.py:190} INFO - [2025-04-01T17:11:38.504-0500] {dag.py:3239} INFO - Sync 1 DAGs
[2025-04-01T17:11:38.521-0500] {logging_mixin.py:190} INFO - [2025-04-01T17:11:38.520-0500] {dag.py:4180} INFO - Setting next_dagrun for example_trigger_controller_dag to 2021-01-01 00:00:00+00:00, run_after=2021-01-01 00:00:00+00:00
[2025-04-01T17:11:38.619-0500] {processor.py:208} INFO - Processing /mnt/d/Universidad/ETL/Proyecto_airflow/venv/lib/python3.12/site-packages/airflow/example_dags/example_trigger_controller_dag.py took 0.196 seconds
[2025-04-01T17:12:31.658-0500] {processor.py:186} INFO - Started process (PID=6605) to work on /mnt/d/Universidad/ETL/Proyecto_airflow/venv/lib/python3.12/site-packages/airflow/example_dags/example_trigger_controller_dag.py
[2025-04-01T17:12:31.659-0500] {processor.py:914} INFO - Processing file /mnt/d/Universidad/ETL/Proyecto_airflow/venv/lib/python3.12/site-packages/airflow/example_dags/example_trigger_controller_dag.py for tasks to queue
[2025-04-01T17:12:31.662-0500] {logging_mixin.py:190} INFO - [2025-04-01T17:12:31.661-0500] {dagbag.py:588} INFO - Filling up the DagBag from /mnt/d/Universidad/ETL/Proyecto_airflow/venv/lib/python3.12/site-packages/airflow/example_dags/example_trigger_controller_dag.py
[2025-04-01T17:12:31.717-0500] {processor.py:925} INFO - DAG(s) 'example_trigger_controller_dag' retrieved from /mnt/d/Universidad/ETL/Proyecto_airflow/venv/lib/python3.12/site-packages/airflow/example_dags/example_trigger_controller_dag.py
[2025-04-01T17:12:31.735-0500] {logging_mixin.py:190} INFO - [2025-04-01T17:12:31.734-0500] {dag.py:3239} INFO - Sync 1 DAGs
[2025-04-01T17:12:31.751-0500] {logging_mixin.py:190} INFO - [2025-04-01T17:12:31.750-0500] {dag.py:4180} INFO - Setting next_dagrun for example_trigger_controller_dag to 2021-01-01 00:00:00+00:00, run_after=2021-01-01 00:00:00+00:00
[2025-04-01T17:12:31.856-0500] {processor.py:208} INFO - Processing /mnt/d/Universidad/ETL/Proyecto_airflow/venv/lib/python3.12/site-packages/airflow/example_dags/example_trigger_controller_dag.py took 0.206 seconds
[2025-04-01T17:14:04.708-0500] {processor.py:186} INFO - Started process (PID=6677) to work on /mnt/d/Universidad/ETL/Proyecto_airflow/venv/lib/python3.12/site-packages/airflow/example_dags/example_trigger_controller_dag.py
[2025-04-01T17:14:04.709-0500] {processor.py:914} INFO - Processing file /mnt/d/Universidad/ETL/Proyecto_airflow/venv/lib/python3.12/site-packages/airflow/example_dags/example_trigger_controller_dag.py for tasks to queue
[2025-04-01T17:14:04.711-0500] {logging_mixin.py:190} INFO - [2025-04-01T17:14:04.710-0500] {dagbag.py:588} INFO - Filling up the DagBag from /mnt/d/Universidad/ETL/Proyecto_airflow/venv/lib/python3.12/site-packages/airflow/example_dags/example_trigger_controller_dag.py
[2025-04-01T17:14:04.764-0500] {processor.py:925} INFO - DAG(s) 'example_trigger_controller_dag' retrieved from /mnt/d/Universidad/ETL/Proyecto_airflow/venv/lib/python3.12/site-packages/airflow/example_dags/example_trigger_controller_dag.py
[2025-04-01T17:14:04.781-0500] {logging_mixin.py:190} INFO - [2025-04-01T17:14:04.780-0500] {dag.py:3239} INFO - Sync 1 DAGs
[2025-04-01T17:14:04.795-0500] {logging_mixin.py:190} INFO - [2025-04-01T17:14:04.795-0500] {dag.py:4180} INFO - Setting next_dagrun for example_trigger_controller_dag to 2021-01-01 00:00:00+00:00, run_after=2021-01-01 00:00:00+00:00
[2025-04-01T17:14:04.893-0500] {processor.py:208} INFO - Processing /mnt/d/Universidad/ETL/Proyecto_airflow/venv/lib/python3.12/site-packages/airflow/example_dags/example_trigger_controller_dag.py took 0.193 seconds
[2025-04-01T17:15:36.013-0500] {processor.py:186} INFO - Started process (PID=6747) to work on /mnt/d/Universidad/ETL/Proyecto_airflow/venv/lib/python3.12/site-packages/airflow/example_dags/example_trigger_controller_dag.py
[2025-04-01T17:15:36.014-0500] {processor.py:914} INFO - Processing file /mnt/d/Universidad/ETL/Proyecto_airflow/venv/lib/python3.12/site-packages/airflow/example_dags/example_trigger_controller_dag.py for tasks to queue
[2025-04-01T17:15:36.016-0500] {logging_mixin.py:190} INFO - [2025-04-01T17:15:36.015-0500] {dagbag.py:588} INFO - Filling up the DagBag from /mnt/d/Universidad/ETL/Proyecto_airflow/venv/lib/python3.12/site-packages/airflow/example_dags/example_trigger_controller_dag.py
[2025-04-01T17:15:36.068-0500] {processor.py:925} INFO - DAG(s) 'example_trigger_controller_dag' retrieved from /mnt/d/Universidad/ETL/Proyecto_airflow/venv/lib/python3.12/site-packages/airflow/example_dags/example_trigger_controller_dag.py
[2025-04-01T17:15:36.085-0500] {logging_mixin.py:190} INFO - [2025-04-01T17:15:36.084-0500] {dag.py:3239} INFO - Sync 1 DAGs
[2025-04-01T17:15:36.099-0500] {logging_mixin.py:190} INFO - [2025-04-01T17:15:36.098-0500] {dag.py:4180} INFO - Setting next_dagrun for example_trigger_controller_dag to 2021-01-01 00:00:00+00:00, run_after=2021-01-01 00:00:00+00:00
[2025-04-01T17:15:36.217-0500] {processor.py:208} INFO - Processing /mnt/d/Universidad/ETL/Proyecto_airflow/venv/lib/python3.12/site-packages/airflow/example_dags/example_trigger_controller_dag.py took 0.213 seconds
[2025-04-01T17:16:23.888-0500] {processor.py:186} INFO - Started process (PID=6784) to work on /mnt/d/Universidad/ETL/Proyecto_airflow/venv/lib/python3.12/site-packages/airflow/example_dags/example_trigger_controller_dag.py
[2025-04-01T17:16:23.890-0500] {processor.py:914} INFO - Processing file /mnt/d/Universidad/ETL/Proyecto_airflow/venv/lib/python3.12/site-packages/airflow/example_dags/example_trigger_controller_dag.py for tasks to queue
[2025-04-01T17:16:23.892-0500] {logging_mixin.py:190} INFO - [2025-04-01T17:16:23.891-0500] {dagbag.py:588} INFO - Filling up the DagBag from /mnt/d/Universidad/ETL/Proyecto_airflow/venv/lib/python3.12/site-packages/airflow/example_dags/example_trigger_controller_dag.py
[2025-04-01T17:16:23.944-0500] {processor.py:925} INFO - DAG(s) 'example_trigger_controller_dag' retrieved from /mnt/d/Universidad/ETL/Proyecto_airflow/venv/lib/python3.12/site-packages/airflow/example_dags/example_trigger_controller_dag.py
[2025-04-01T17:16:23.961-0500] {logging_mixin.py:190} INFO - [2025-04-01T17:16:23.961-0500] {dag.py:3239} INFO - Sync 1 DAGs
[2025-04-01T17:16:23.976-0500] {logging_mixin.py:190} INFO - [2025-04-01T17:16:23.975-0500] {dag.py:4180} INFO - Setting next_dagrun for example_trigger_controller_dag to 2021-01-01 00:00:00+00:00, run_after=2021-01-01 00:00:00+00:00
[2025-04-01T17:16:24.082-0500] {processor.py:208} INFO - Processing /mnt/d/Universidad/ETL/Proyecto_airflow/venv/lib/python3.12/site-packages/airflow/example_dags/example_trigger_controller_dag.py took 0.201 seconds
[2025-04-01T17:18:02.633-0500] {processor.py:186} INFO - Started process (PID=6858) to work on /mnt/d/Universidad/ETL/Proyecto_airflow/venv/lib/python3.12/site-packages/airflow/example_dags/example_trigger_controller_dag.py
[2025-04-01T17:18:02.634-0500] {processor.py:914} INFO - Processing file /mnt/d/Universidad/ETL/Proyecto_airflow/venv/lib/python3.12/site-packages/airflow/example_dags/example_trigger_controller_dag.py for tasks to queue
[2025-04-01T17:18:02.637-0500] {logging_mixin.py:190} INFO - [2025-04-01T17:18:02.636-0500] {dagbag.py:588} INFO - Filling up the DagBag from /mnt/d/Universidad/ETL/Proyecto_airflow/venv/lib/python3.12/site-packages/airflow/example_dags/example_trigger_controller_dag.py
[2025-04-01T17:18:02.691-0500] {processor.py:925} INFO - DAG(s) 'example_trigger_controller_dag' retrieved from /mnt/d/Universidad/ETL/Proyecto_airflow/venv/lib/python3.12/site-packages/airflow/example_dags/example_trigger_controller_dag.py
[2025-04-01T17:18:02.708-0500] {logging_mixin.py:190} INFO - [2025-04-01T17:18:02.708-0500] {dag.py:3239} INFO - Sync 1 DAGs
[2025-04-01T17:18:02.723-0500] {logging_mixin.py:190} INFO - [2025-04-01T17:18:02.722-0500] {dag.py:4180} INFO - Setting next_dagrun for example_trigger_controller_dag to 2021-01-01 00:00:00+00:00, run_after=2021-01-01 00:00:00+00:00
[2025-04-01T17:18:02.825-0500] {processor.py:208} INFO - Processing /mnt/d/Universidad/ETL/Proyecto_airflow/venv/lib/python3.12/site-packages/airflow/example_dags/example_trigger_controller_dag.py took 0.201 seconds
[2025-04-01T17:18:50.329-0500] {processor.py:186} INFO - Started process (PID=6895) to work on /mnt/d/Universidad/ETL/Proyecto_airflow/venv/lib/python3.12/site-packages/airflow/example_dags/example_trigger_controller_dag.py
[2025-04-01T17:18:50.330-0500] {processor.py:914} INFO - Processing file /mnt/d/Universidad/ETL/Proyecto_airflow/venv/lib/python3.12/site-packages/airflow/example_dags/example_trigger_controller_dag.py for tasks to queue
[2025-04-01T17:18:50.332-0500] {logging_mixin.py:190} INFO - [2025-04-01T17:18:50.331-0500] {dagbag.py:588} INFO - Filling up the DagBag from /mnt/d/Universidad/ETL/Proyecto_airflow/venv/lib/python3.12/site-packages/airflow/example_dags/example_trigger_controller_dag.py
[2025-04-01T17:18:50.385-0500] {processor.py:925} INFO - DAG(s) 'example_trigger_controller_dag' retrieved from /mnt/d/Universidad/ETL/Proyecto_airflow/venv/lib/python3.12/site-packages/airflow/example_dags/example_trigger_controller_dag.py
[2025-04-01T17:18:50.402-0500] {logging_mixin.py:190} INFO - [2025-04-01T17:18:50.401-0500] {dag.py:3239} INFO - Sync 1 DAGs
[2025-04-01T17:18:50.416-0500] {logging_mixin.py:190} INFO - [2025-04-01T17:18:50.416-0500] {dag.py:4180} INFO - Setting next_dagrun for example_trigger_controller_dag to 2021-01-01 00:00:00+00:00, run_after=2021-01-01 00:00:00+00:00
[2025-04-01T17:18:50.518-0500] {processor.py:208} INFO - Processing /mnt/d/Universidad/ETL/Proyecto_airflow/venv/lib/python3.12/site-packages/airflow/example_dags/example_trigger_controller_dag.py took 0.197 seconds
[2025-04-01T17:19:44.767-0500] {processor.py:186} INFO - Started process (PID=6932) to work on /mnt/d/Universidad/ETL/Proyecto_airflow/venv/lib/python3.12/site-packages/airflow/example_dags/example_trigger_controller_dag.py
[2025-04-01T17:19:44.768-0500] {processor.py:914} INFO - Processing file /mnt/d/Universidad/ETL/Proyecto_airflow/venv/lib/python3.12/site-packages/airflow/example_dags/example_trigger_controller_dag.py for tasks to queue
[2025-04-01T17:19:44.771-0500] {logging_mixin.py:190} INFO - [2025-04-01T17:19:44.770-0500] {dagbag.py:588} INFO - Filling up the DagBag from /mnt/d/Universidad/ETL/Proyecto_airflow/venv/lib/python3.12/site-packages/airflow/example_dags/example_trigger_controller_dag.py
[2025-04-01T17:19:44.823-0500] {processor.py:925} INFO - DAG(s) 'example_trigger_controller_dag' retrieved from /mnt/d/Universidad/ETL/Proyecto_airflow/venv/lib/python3.12/site-packages/airflow/example_dags/example_trigger_controller_dag.py
[2025-04-01T17:19:44.840-0500] {logging_mixin.py:190} INFO - [2025-04-01T17:19:44.839-0500] {dag.py:3239} INFO - Sync 1 DAGs
[2025-04-01T17:19:44.855-0500] {logging_mixin.py:190} INFO - [2025-04-01T17:19:44.854-0500] {dag.py:4180} INFO - Setting next_dagrun for example_trigger_controller_dag to 2021-01-01 00:00:00+00:00, run_after=2021-01-01 00:00:00+00:00
[2025-04-01T17:19:44.951-0500] {processor.py:208} INFO - Processing /mnt/d/Universidad/ETL/Proyecto_airflow/venv/lib/python3.12/site-packages/airflow/example_dags/example_trigger_controller_dag.py took 0.191 seconds
[2025-04-01T17:20:32.873-0500] {processor.py:186} INFO - Started process (PID=6969) to work on /mnt/d/Universidad/ETL/Proyecto_airflow/venv/lib/python3.12/site-packages/airflow/example_dags/example_trigger_controller_dag.py
[2025-04-01T17:20:32.874-0500] {processor.py:914} INFO - Processing file /mnt/d/Universidad/ETL/Proyecto_airflow/venv/lib/python3.12/site-packages/airflow/example_dags/example_trigger_controller_dag.py for tasks to queue
[2025-04-01T17:20:32.877-0500] {logging_mixin.py:190} INFO - [2025-04-01T17:20:32.876-0500] {dagbag.py:588} INFO - Filling up the DagBag from /mnt/d/Universidad/ETL/Proyecto_airflow/venv/lib/python3.12/site-packages/airflow/example_dags/example_trigger_controller_dag.py
[2025-04-01T17:20:32.930-0500] {processor.py:925} INFO - DAG(s) 'example_trigger_controller_dag' retrieved from /mnt/d/Universidad/ETL/Proyecto_airflow/venv/lib/python3.12/site-packages/airflow/example_dags/example_trigger_controller_dag.py
[2025-04-01T17:20:32.949-0500] {logging_mixin.py:190} INFO - [2025-04-01T17:20:32.948-0500] {dag.py:3239} INFO - Sync 1 DAGs
[2025-04-01T17:20:32.965-0500] {logging_mixin.py:190} INFO - [2025-04-01T17:20:32.964-0500] {dag.py:4180} INFO - Setting next_dagrun for example_trigger_controller_dag to 2021-01-01 00:00:00+00:00, run_after=2021-01-01 00:00:00+00:00
[2025-04-01T17:20:33.064-0500] {processor.py:208} INFO - Processing /mnt/d/Universidad/ETL/Proyecto_airflow/venv/lib/python3.12/site-packages/airflow/example_dags/example_trigger_controller_dag.py took 0.198 seconds
[2025-04-01T17:21:26.453-0500] {processor.py:186} INFO - Started process (PID=7005) to work on /mnt/d/Universidad/ETL/Proyecto_airflow/venv/lib/python3.12/site-packages/airflow/example_dags/example_trigger_controller_dag.py
[2025-04-01T17:21:26.454-0500] {processor.py:914} INFO - Processing file /mnt/d/Universidad/ETL/Proyecto_airflow/venv/lib/python3.12/site-packages/airflow/example_dags/example_trigger_controller_dag.py for tasks to queue
[2025-04-01T17:21:26.457-0500] {logging_mixin.py:190} INFO - [2025-04-01T17:21:26.456-0500] {dagbag.py:588} INFO - Filling up the DagBag from /mnt/d/Universidad/ETL/Proyecto_airflow/venv/lib/python3.12/site-packages/airflow/example_dags/example_trigger_controller_dag.py
[2025-04-01T17:21:26.509-0500] {processor.py:925} INFO - DAG(s) 'example_trigger_controller_dag' retrieved from /mnt/d/Universidad/ETL/Proyecto_airflow/venv/lib/python3.12/site-packages/airflow/example_dags/example_trigger_controller_dag.py
[2025-04-01T17:21:26.526-0500] {logging_mixin.py:190} INFO - [2025-04-01T17:21:26.525-0500] {dag.py:3239} INFO - Sync 1 DAGs
[2025-04-01T17:21:26.540-0500] {logging_mixin.py:190} INFO - [2025-04-01T17:21:26.540-0500] {dag.py:4180} INFO - Setting next_dagrun for example_trigger_controller_dag to 2021-01-01 00:00:00+00:00, run_after=2021-01-01 00:00:00+00:00
[2025-04-01T17:21:26.648-0500] {processor.py:208} INFO - Processing /mnt/d/Universidad/ETL/Proyecto_airflow/venv/lib/python3.12/site-packages/airflow/example_dags/example_trigger_controller_dag.py took 0.203 seconds
[2025-04-01T17:22:17.364-0500] {processor.py:186} INFO - Started process (PID=7043) to work on /mnt/d/Universidad/ETL/Proyecto_airflow/venv/lib/python3.12/site-packages/airflow/example_dags/example_trigger_controller_dag.py
[2025-04-01T17:22:17.366-0500] {processor.py:914} INFO - Processing file /mnt/d/Universidad/ETL/Proyecto_airflow/venv/lib/python3.12/site-packages/airflow/example_dags/example_trigger_controller_dag.py for tasks to queue
[2025-04-01T17:22:17.368-0500] {logging_mixin.py:190} INFO - [2025-04-01T17:22:17.367-0500] {dagbag.py:588} INFO - Filling up the DagBag from /mnt/d/Universidad/ETL/Proyecto_airflow/venv/lib/python3.12/site-packages/airflow/example_dags/example_trigger_controller_dag.py
[2025-04-01T17:22:17.421-0500] {processor.py:925} INFO - DAG(s) 'example_trigger_controller_dag' retrieved from /mnt/d/Universidad/ETL/Proyecto_airflow/venv/lib/python3.12/site-packages/airflow/example_dags/example_trigger_controller_dag.py
[2025-04-01T17:22:17.440-0500] {logging_mixin.py:190} INFO - [2025-04-01T17:22:17.439-0500] {dag.py:3239} INFO - Sync 1 DAGs
[2025-04-01T17:22:17.455-0500] {logging_mixin.py:190} INFO - [2025-04-01T17:22:17.455-0500] {dag.py:4180} INFO - Setting next_dagrun for example_trigger_controller_dag to 2021-01-01 00:00:00+00:00, run_after=2021-01-01 00:00:00+00:00
[2025-04-01T17:22:17.559-0500] {processor.py:208} INFO - Processing /mnt/d/Universidad/ETL/Proyecto_airflow/venv/lib/python3.12/site-packages/airflow/example_dags/example_trigger_controller_dag.py took 0.202 seconds
[2025-04-01T17:23:51.924-0500] {processor.py:186} INFO - Started process (PID=7113) to work on /mnt/d/Universidad/ETL/Proyecto_airflow/venv/lib/python3.12/site-packages/airflow/example_dags/example_trigger_controller_dag.py
[2025-04-01T17:23:51.925-0500] {processor.py:914} INFO - Processing file /mnt/d/Universidad/ETL/Proyecto_airflow/venv/lib/python3.12/site-packages/airflow/example_dags/example_trigger_controller_dag.py for tasks to queue
[2025-04-01T17:23:51.928-0500] {logging_mixin.py:190} INFO - [2025-04-01T17:23:51.927-0500] {dagbag.py:588} INFO - Filling up the DagBag from /mnt/d/Universidad/ETL/Proyecto_airflow/venv/lib/python3.12/site-packages/airflow/example_dags/example_trigger_controller_dag.py
[2025-04-01T17:23:51.981-0500] {processor.py:925} INFO - DAG(s) 'example_trigger_controller_dag' retrieved from /mnt/d/Universidad/ETL/Proyecto_airflow/venv/lib/python3.12/site-packages/airflow/example_dags/example_trigger_controller_dag.py
[2025-04-01T17:23:52.000-0500] {logging_mixin.py:190} INFO - [2025-04-01T17:23:51.999-0500] {dag.py:3239} INFO - Sync 1 DAGs
[2025-04-01T17:23:52.016-0500] {logging_mixin.py:190} INFO - [2025-04-01T17:23:52.015-0500] {dag.py:4180} INFO - Setting next_dagrun for example_trigger_controller_dag to 2021-01-01 00:00:00+00:00, run_after=2021-01-01 00:00:00+00:00
[2025-04-01T17:23:52.121-0500] {processor.py:208} INFO - Processing /mnt/d/Universidad/ETL/Proyecto_airflow/venv/lib/python3.12/site-packages/airflow/example_dags/example_trigger_controller_dag.py took 0.206 seconds
[2025-04-01T17:25:27.494-0500] {processor.py:186} INFO - Started process (PID=7185) to work on /mnt/d/Universidad/ETL/Proyecto_airflow/venv/lib/python3.12/site-packages/airflow/example_dags/example_trigger_controller_dag.py
[2025-04-01T17:25:27.495-0500] {processor.py:914} INFO - Processing file /mnt/d/Universidad/ETL/Proyecto_airflow/venv/lib/python3.12/site-packages/airflow/example_dags/example_trigger_controller_dag.py for tasks to queue
[2025-04-01T17:25:27.498-0500] {logging_mixin.py:190} INFO - [2025-04-01T17:25:27.497-0500] {dagbag.py:588} INFO - Filling up the DagBag from /mnt/d/Universidad/ETL/Proyecto_airflow/venv/lib/python3.12/site-packages/airflow/example_dags/example_trigger_controller_dag.py
[2025-04-01T17:25:27.555-0500] {processor.py:925} INFO - DAG(s) 'example_trigger_controller_dag' retrieved from /mnt/d/Universidad/ETL/Proyecto_airflow/venv/lib/python3.12/site-packages/airflow/example_dags/example_trigger_controller_dag.py
[2025-04-01T17:25:27.573-0500] {logging_mixin.py:190} INFO - [2025-04-01T17:25:27.573-0500] {dag.py:3239} INFO - Sync 1 DAGs
[2025-04-01T17:25:27.589-0500] {logging_mixin.py:190} INFO - [2025-04-01T17:25:27.589-0500] {dag.py:4180} INFO - Setting next_dagrun for example_trigger_controller_dag to 2021-01-01 00:00:00+00:00, run_after=2021-01-01 00:00:00+00:00
[2025-04-01T17:25:27.788-0500] {processor.py:208} INFO - Processing /mnt/d/Universidad/ETL/Proyecto_airflow/venv/lib/python3.12/site-packages/airflow/example_dags/example_trigger_controller_dag.py took 0.303 seconds
[2025-04-01T17:27:04.114-0500] {processor.py:186} INFO - Started process (PID=7256) to work on /mnt/d/Universidad/ETL/Proyecto_airflow/venv/lib/python3.12/site-packages/airflow/example_dags/example_trigger_controller_dag.py
[2025-04-01T17:27:04.115-0500] {processor.py:914} INFO - Processing file /mnt/d/Universidad/ETL/Proyecto_airflow/venv/lib/python3.12/site-packages/airflow/example_dags/example_trigger_controller_dag.py for tasks to queue
[2025-04-01T17:27:04.117-0500] {logging_mixin.py:190} INFO - [2025-04-01T17:27:04.116-0500] {dagbag.py:588} INFO - Filling up the DagBag from /mnt/d/Universidad/ETL/Proyecto_airflow/venv/lib/python3.12/site-packages/airflow/example_dags/example_trigger_controller_dag.py
[2025-04-01T17:27:04.170-0500] {processor.py:925} INFO - DAG(s) 'example_trigger_controller_dag' retrieved from /mnt/d/Universidad/ETL/Proyecto_airflow/venv/lib/python3.12/site-packages/airflow/example_dags/example_trigger_controller_dag.py
[2025-04-01T17:27:04.189-0500] {logging_mixin.py:190} INFO - [2025-04-01T17:27:04.189-0500] {dag.py:3239} INFO - Sync 1 DAGs
[2025-04-01T17:27:04.205-0500] {logging_mixin.py:190} INFO - [2025-04-01T17:27:04.204-0500] {dag.py:4180} INFO - Setting next_dagrun for example_trigger_controller_dag to 2021-01-01 00:00:00+00:00, run_after=2021-01-01 00:00:00+00:00
[2025-04-01T17:27:04.301-0500] {processor.py:208} INFO - Processing /mnt/d/Universidad/ETL/Proyecto_airflow/venv/lib/python3.12/site-packages/airflow/example_dags/example_trigger_controller_dag.py took 0.195 seconds
[2025-04-01T17:28:33.441-0500] {processor.py:186} INFO - Started process (PID=7324) to work on /mnt/d/Universidad/ETL/Proyecto_airflow/venv/lib/python3.12/site-packages/airflow/example_dags/example_trigger_controller_dag.py
[2025-04-01T17:28:33.442-0500] {processor.py:914} INFO - Processing file /mnt/d/Universidad/ETL/Proyecto_airflow/venv/lib/python3.12/site-packages/airflow/example_dags/example_trigger_controller_dag.py for tasks to queue
[2025-04-01T17:28:33.444-0500] {logging_mixin.py:190} INFO - [2025-04-01T17:28:33.443-0500] {dagbag.py:588} INFO - Filling up the DagBag from /mnt/d/Universidad/ETL/Proyecto_airflow/venv/lib/python3.12/site-packages/airflow/example_dags/example_trigger_controller_dag.py
[2025-04-01T17:28:33.497-0500] {processor.py:925} INFO - DAG(s) 'example_trigger_controller_dag' retrieved from /mnt/d/Universidad/ETL/Proyecto_airflow/venv/lib/python3.12/site-packages/airflow/example_dags/example_trigger_controller_dag.py
[2025-04-01T17:28:33.515-0500] {logging_mixin.py:190} INFO - [2025-04-01T17:28:33.515-0500] {dag.py:3239} INFO - Sync 1 DAGs
[2025-04-01T17:28:33.531-0500] {logging_mixin.py:190} INFO - [2025-04-01T17:28:33.530-0500] {dag.py:4180} INFO - Setting next_dagrun for example_trigger_controller_dag to 2021-01-01 00:00:00+00:00, run_after=2021-01-01 00:00:00+00:00
[2025-04-01T17:28:33.636-0500] {processor.py:208} INFO - Processing /mnt/d/Universidad/ETL/Proyecto_airflow/venv/lib/python3.12/site-packages/airflow/example_dags/example_trigger_controller_dag.py took 0.203 seconds
[2025-04-01T17:30:04.598-0500] {processor.py:186} INFO - Started process (PID=7395) to work on /mnt/d/Universidad/ETL/Proyecto_airflow/venv/lib/python3.12/site-packages/airflow/example_dags/example_trigger_controller_dag.py
[2025-04-01T17:30:04.599-0500] {processor.py:914} INFO - Processing file /mnt/d/Universidad/ETL/Proyecto_airflow/venv/lib/python3.12/site-packages/airflow/example_dags/example_trigger_controller_dag.py for tasks to queue
[2025-04-01T17:30:04.601-0500] {logging_mixin.py:190} INFO - [2025-04-01T17:30:04.600-0500] {dagbag.py:588} INFO - Filling up the DagBag from /mnt/d/Universidad/ETL/Proyecto_airflow/venv/lib/python3.12/site-packages/airflow/example_dags/example_trigger_controller_dag.py
[2025-04-01T17:30:04.654-0500] {processor.py:925} INFO - DAG(s) 'example_trigger_controller_dag' retrieved from /mnt/d/Universidad/ETL/Proyecto_airflow/venv/lib/python3.12/site-packages/airflow/example_dags/example_trigger_controller_dag.py
[2025-04-01T17:30:04.671-0500] {logging_mixin.py:190} INFO - [2025-04-01T17:30:04.670-0500] {dag.py:3239} INFO - Sync 1 DAGs
[2025-04-01T17:30:04.685-0500] {logging_mixin.py:190} INFO - [2025-04-01T17:30:04.685-0500] {dag.py:4180} INFO - Setting next_dagrun for example_trigger_controller_dag to 2021-01-01 00:00:00+00:00, run_after=2021-01-01 00:00:00+00:00
[2025-04-01T17:30:04.773-0500] {processor.py:208} INFO - Processing /mnt/d/Universidad/ETL/Proyecto_airflow/venv/lib/python3.12/site-packages/airflow/example_dags/example_trigger_controller_dag.py took 0.183 seconds
