[2025-04-01T16:17:52.792-0500] {processor.py:186} INFO - Started process (PID=4113) to work on /mnt/d/Universidad/ETL/Proyecto_airflow/venv/lib/python3.12/site-packages/airflow/example_dags/example_bash_operator.py
[2025-04-01T16:17:52.793-0500] {processor.py:914} INFO - Processing file /mnt/d/Universidad/ETL/Proyecto_airflow/venv/lib/python3.12/site-packages/airflow/example_dags/example_bash_operator.py for tasks to queue
[2025-04-01T16:17:52.795-0500] {logging_mixin.py:190} INFO - [2025-04-01T16:17:52.794-0500] {dagbag.py:588} INFO - Filling up the DagBag from /mnt/d/Universidad/ETL/Proyecto_airflow/venv/lib/python3.12/site-packages/airflow/example_dags/example_bash_operator.py
[2025-04-01T16:17:52.855-0500] {processor.py:925} INFO - DAG(s) 'example_bash_operator' retrieved from /mnt/d/Universidad/ETL/Proyecto_airflow/venv/lib/python3.12/site-packages/airflow/example_dags/example_bash_operator.py
[2025-04-01T16:17:53.897-0500] {logging_mixin.py:190} INFO - [2025-04-01T16:17:53.896-0500] {override.py:1930} INFO - Created Permission View: can read on DAG:example_bash_operator
[2025-04-01T16:17:53.943-0500] {logging_mixin.py:190} INFO - [2025-04-01T16:17:53.942-0500] {override.py:1930} INFO - Created Permission View: can edit on DAG:example_bash_operator
[2025-04-01T16:17:53.982-0500] {logging_mixin.py:190} INFO - [2025-04-01T16:17:53.981-0500] {override.py:1930} INFO - Created Permission View: can delete on DAG:example_bash_operator
[2025-04-01T16:17:54.082-0500] {logging_mixin.py:190} INFO - [2025-04-01T16:17:54.081-0500] {override.py:1930} INFO - Created Permission View: can create on DAG Run:example_bash_operator
[2025-04-01T16:17:54.120-0500] {logging_mixin.py:190} INFO - [2025-04-01T16:17:54.119-0500] {override.py:1930} INFO - Created Permission View: menu access on DAG Run:example_bash_operator
[2025-04-01T16:17:54.158-0500] {logging_mixin.py:190} INFO - [2025-04-01T16:17:54.158-0500] {override.py:1930} INFO - Created Permission View: can read on DAG Run:example_bash_operator
[2025-04-01T16:17:54.197-0500] {logging_mixin.py:190} INFO - [2025-04-01T16:17:54.196-0500] {override.py:1930} INFO - Created Permission View: can delete on DAG Run:example_bash_operator
[2025-04-01T16:17:54.199-0500] {logging_mixin.py:190} INFO - [2025-04-01T16:17:54.198-0500] {dag.py:3239} INFO - Sync 1 DAGs
[2025-04-01T16:17:54.211-0500] {logging_mixin.py:190} INFO - [2025-04-01T16:17:54.211-0500] {dag.py:3262} INFO - Creating ORM DAG for example_bash_operator
[2025-04-01T16:17:54.220-0500] {logging_mixin.py:190} INFO - [2025-04-01T16:17:54.219-0500] {dag.py:4180} INFO - Setting next_dagrun for example_bash_operator to 2025-03-31 00:00:00+00:00, run_after=2025-04-01 00:00:00+00:00
[2025-04-01T16:17:54.314-0500] {processor.py:208} INFO - Processing /mnt/d/Universidad/ETL/Proyecto_airflow/venv/lib/python3.12/site-packages/airflow/example_dags/example_bash_operator.py took 1.531 seconds
[2025-04-01T16:19:40.156-0500] {processor.py:186} INFO - Started process (PID=4200) to work on /mnt/d/Universidad/ETL/Proyecto_airflow/venv/lib/python3.12/site-packages/airflow/example_dags/example_bash_operator.py
[2025-04-01T16:19:40.157-0500] {processor.py:914} INFO - Processing file /mnt/d/Universidad/ETL/Proyecto_airflow/venv/lib/python3.12/site-packages/airflow/example_dags/example_bash_operator.py for tasks to queue
[2025-04-01T16:19:40.159-0500] {logging_mixin.py:190} INFO - [2025-04-01T16:19:40.158-0500] {dagbag.py:588} INFO - Filling up the DagBag from /mnt/d/Universidad/ETL/Proyecto_airflow/venv/lib/python3.12/site-packages/airflow/example_dags/example_bash_operator.py
[2025-04-01T16:19:40.223-0500] {processor.py:925} INFO - DAG(s) 'example_bash_operator' retrieved from /mnt/d/Universidad/ETL/Proyecto_airflow/venv/lib/python3.12/site-packages/airflow/example_dags/example_bash_operator.py
[2025-04-01T16:19:40.246-0500] {logging_mixin.py:190} INFO - [2025-04-01T16:19:40.245-0500] {dag.py:3239} INFO - Sync 1 DAGs
[2025-04-01T16:19:40.262-0500] {logging_mixin.py:190} INFO - [2025-04-01T16:19:40.261-0500] {dag.py:4180} INFO - Setting next_dagrun for example_bash_operator to 2025-03-31 00:00:00+00:00, run_after=2025-04-01 00:00:00+00:00
[2025-04-01T16:19:40.377-0500] {processor.py:208} INFO - Processing /mnt/d/Universidad/ETL/Proyecto_airflow/venv/lib/python3.12/site-packages/airflow/example_dags/example_bash_operator.py took 0.230 seconds
[2025-04-01T16:21:09.269-0500] {processor.py:186} INFO - Started process (PID=4272) to work on /mnt/d/Universidad/ETL/Proyecto_airflow/venv/lib/python3.12/site-packages/airflow/example_dags/example_bash_operator.py
[2025-04-01T16:21:09.270-0500] {processor.py:914} INFO - Processing file /mnt/d/Universidad/ETL/Proyecto_airflow/venv/lib/python3.12/site-packages/airflow/example_dags/example_bash_operator.py for tasks to queue
[2025-04-01T16:21:09.272-0500] {logging_mixin.py:190} INFO - [2025-04-01T16:21:09.272-0500] {dagbag.py:588} INFO - Filling up the DagBag from /mnt/d/Universidad/ETL/Proyecto_airflow/venv/lib/python3.12/site-packages/airflow/example_dags/example_bash_operator.py
[2025-04-01T16:21:09.335-0500] {processor.py:925} INFO - DAG(s) 'example_bash_operator' retrieved from /mnt/d/Universidad/ETL/Proyecto_airflow/venv/lib/python3.12/site-packages/airflow/example_dags/example_bash_operator.py
[2025-04-01T16:21:09.357-0500] {logging_mixin.py:190} INFO - [2025-04-01T16:21:09.356-0500] {dag.py:3239} INFO - Sync 1 DAGs
[2025-04-01T16:21:09.373-0500] {logging_mixin.py:190} INFO - [2025-04-01T16:21:09.372-0500] {dag.py:4180} INFO - Setting next_dagrun for example_bash_operator to 2025-03-31 00:00:00+00:00, run_after=2025-04-01 00:00:00+00:00
[2025-04-01T16:21:09.453-0500] {processor.py:208} INFO - Processing /mnt/d/Universidad/ETL/Proyecto_airflow/venv/lib/python3.12/site-packages/airflow/example_dags/example_bash_operator.py took 0.192 seconds
[2025-04-01T16:22:32.668-0500] {processor.py:186} INFO - Started process (PID=4341) to work on /mnt/d/Universidad/ETL/Proyecto_airflow/venv/lib/python3.12/site-packages/airflow/example_dags/example_bash_operator.py
[2025-04-01T16:22:32.669-0500] {processor.py:914} INFO - Processing file /mnt/d/Universidad/ETL/Proyecto_airflow/venv/lib/python3.12/site-packages/airflow/example_dags/example_bash_operator.py for tasks to queue
[2025-04-01T16:22:32.671-0500] {logging_mixin.py:190} INFO - [2025-04-01T16:22:32.671-0500] {dagbag.py:588} INFO - Filling up the DagBag from /mnt/d/Universidad/ETL/Proyecto_airflow/venv/lib/python3.12/site-packages/airflow/example_dags/example_bash_operator.py
[2025-04-01T16:22:32.730-0500] {processor.py:925} INFO - DAG(s) 'example_bash_operator' retrieved from /mnt/d/Universidad/ETL/Proyecto_airflow/venv/lib/python3.12/site-packages/airflow/example_dags/example_bash_operator.py
[2025-04-01T16:22:32.751-0500] {logging_mixin.py:190} INFO - [2025-04-01T16:22:32.750-0500] {dag.py:3239} INFO - Sync 1 DAGs
[2025-04-01T16:22:32.765-0500] {logging_mixin.py:190} INFO - [2025-04-01T16:22:32.765-0500] {dag.py:4180} INFO - Setting next_dagrun for example_bash_operator to 2025-03-31 00:00:00+00:00, run_after=2025-04-01 00:00:00+00:00
[2025-04-01T16:22:32.891-0500] {processor.py:208} INFO - Processing /mnt/d/Universidad/ETL/Proyecto_airflow/venv/lib/python3.12/site-packages/airflow/example_dags/example_bash_operator.py took 0.230 seconds
[2025-04-01T16:24:01.331-0500] {processor.py:186} INFO - Started process (PID=4410) to work on /mnt/d/Universidad/ETL/Proyecto_airflow/venv/lib/python3.12/site-packages/airflow/example_dags/example_bash_operator.py
[2025-04-01T16:24:01.332-0500] {processor.py:914} INFO - Processing file /mnt/d/Universidad/ETL/Proyecto_airflow/venv/lib/python3.12/site-packages/airflow/example_dags/example_bash_operator.py for tasks to queue
[2025-04-01T16:24:01.334-0500] {logging_mixin.py:190} INFO - [2025-04-01T16:24:01.333-0500] {dagbag.py:588} INFO - Filling up the DagBag from /mnt/d/Universidad/ETL/Proyecto_airflow/venv/lib/python3.12/site-packages/airflow/example_dags/example_bash_operator.py
[2025-04-01T16:24:01.393-0500] {processor.py:925} INFO - DAG(s) 'example_bash_operator' retrieved from /mnt/d/Universidad/ETL/Proyecto_airflow/venv/lib/python3.12/site-packages/airflow/example_dags/example_bash_operator.py
[2025-04-01T16:24:01.414-0500] {logging_mixin.py:190} INFO - [2025-04-01T16:24:01.414-0500] {dag.py:3239} INFO - Sync 1 DAGs
[2025-04-01T16:24:01.429-0500] {logging_mixin.py:190} INFO - [2025-04-01T16:24:01.429-0500] {dag.py:4180} INFO - Setting next_dagrun for example_bash_operator to 2025-03-31 00:00:00+00:00, run_after=2025-04-01 00:00:00+00:00
[2025-04-01T16:24:01.502-0500] {processor.py:208} INFO - Processing /mnt/d/Universidad/ETL/Proyecto_airflow/venv/lib/python3.12/site-packages/airflow/example_dags/example_bash_operator.py took 0.179 seconds
[2025-04-01T16:25:37.762-0500] {processor.py:186} INFO - Started process (PID=4481) to work on /mnt/d/Universidad/ETL/Proyecto_airflow/venv/lib/python3.12/site-packages/airflow/example_dags/example_bash_operator.py
[2025-04-01T16:25:37.763-0500] {processor.py:914} INFO - Processing file /mnt/d/Universidad/ETL/Proyecto_airflow/venv/lib/python3.12/site-packages/airflow/example_dags/example_bash_operator.py for tasks to queue
[2025-04-01T16:25:37.766-0500] {logging_mixin.py:190} INFO - [2025-04-01T16:25:37.766-0500] {dagbag.py:588} INFO - Filling up the DagBag from /mnt/d/Universidad/ETL/Proyecto_airflow/venv/lib/python3.12/site-packages/airflow/example_dags/example_bash_operator.py
[2025-04-01T16:25:37.825-0500] {processor.py:925} INFO - DAG(s) 'example_bash_operator' retrieved from /mnt/d/Universidad/ETL/Proyecto_airflow/venv/lib/python3.12/site-packages/airflow/example_dags/example_bash_operator.py
[2025-04-01T16:25:37.846-0500] {logging_mixin.py:190} INFO - [2025-04-01T16:25:37.846-0500] {dag.py:3239} INFO - Sync 1 DAGs
[2025-04-01T16:25:37.861-0500] {logging_mixin.py:190} INFO - [2025-04-01T16:25:37.861-0500] {dag.py:4180} INFO - Setting next_dagrun for example_bash_operator to 2025-03-31 00:00:00+00:00, run_after=2025-04-01 00:00:00+00:00
[2025-04-01T16:25:37.990-0500] {processor.py:208} INFO - Processing /mnt/d/Universidad/ETL/Proyecto_airflow/venv/lib/python3.12/site-packages/airflow/example_dags/example_bash_operator.py took 0.236 seconds
[2025-04-01T16:27:08.807-0500] {processor.py:186} INFO - Started process (PID=4553) to work on /mnt/d/Universidad/ETL/Proyecto_airflow/venv/lib/python3.12/site-packages/airflow/example_dags/example_bash_operator.py
[2025-04-01T16:27:08.808-0500] {processor.py:914} INFO - Processing file /mnt/d/Universidad/ETL/Proyecto_airflow/venv/lib/python3.12/site-packages/airflow/example_dags/example_bash_operator.py for tasks to queue
[2025-04-01T16:27:08.810-0500] {logging_mixin.py:190} INFO - [2025-04-01T16:27:08.809-0500] {dagbag.py:588} INFO - Filling up the DagBag from /mnt/d/Universidad/ETL/Proyecto_airflow/venv/lib/python3.12/site-packages/airflow/example_dags/example_bash_operator.py
[2025-04-01T16:27:08.871-0500] {processor.py:925} INFO - DAG(s) 'example_bash_operator' retrieved from /mnt/d/Universidad/ETL/Proyecto_airflow/venv/lib/python3.12/site-packages/airflow/example_dags/example_bash_operator.py
[2025-04-01T16:27:08.892-0500] {logging_mixin.py:190} INFO - [2025-04-01T16:27:08.891-0500] {dag.py:3239} INFO - Sync 1 DAGs
[2025-04-01T16:27:08.907-0500] {logging_mixin.py:190} INFO - [2025-04-01T16:27:08.907-0500] {dag.py:4180} INFO - Setting next_dagrun for example_bash_operator to 2025-03-31 00:00:00+00:00, run_after=2025-04-01 00:00:00+00:00
[2025-04-01T16:27:09.010-0500] {processor.py:208} INFO - Processing /mnt/d/Universidad/ETL/Proyecto_airflow/venv/lib/python3.12/site-packages/airflow/example_dags/example_bash_operator.py took 0.211 seconds
[2025-04-01T16:28:41.412-0500] {processor.py:186} INFO - Started process (PID=4624) to work on /mnt/d/Universidad/ETL/Proyecto_airflow/venv/lib/python3.12/site-packages/airflow/example_dags/example_bash_operator.py
[2025-04-01T16:28:41.413-0500] {processor.py:914} INFO - Processing file /mnt/d/Universidad/ETL/Proyecto_airflow/venv/lib/python3.12/site-packages/airflow/example_dags/example_bash_operator.py for tasks to queue
[2025-04-01T16:28:41.415-0500] {logging_mixin.py:190} INFO - [2025-04-01T16:28:41.414-0500] {dagbag.py:588} INFO - Filling up the DagBag from /mnt/d/Universidad/ETL/Proyecto_airflow/venv/lib/python3.12/site-packages/airflow/example_dags/example_bash_operator.py
[2025-04-01T16:28:41.475-0500] {processor.py:925} INFO - DAG(s) 'example_bash_operator' retrieved from /mnt/d/Universidad/ETL/Proyecto_airflow/venv/lib/python3.12/site-packages/airflow/example_dags/example_bash_operator.py
[2025-04-01T16:28:41.495-0500] {logging_mixin.py:190} INFO - [2025-04-01T16:28:41.495-0500] {dag.py:3239} INFO - Sync 1 DAGs
[2025-04-01T16:28:41.511-0500] {logging_mixin.py:190} INFO - [2025-04-01T16:28:41.510-0500] {dag.py:4180} INFO - Setting next_dagrun for example_bash_operator to 2025-03-31 00:00:00+00:00, run_after=2025-04-01 00:00:00+00:00
[2025-04-01T16:28:41.617-0500] {processor.py:208} INFO - Processing /mnt/d/Universidad/ETL/Proyecto_airflow/venv/lib/python3.12/site-packages/airflow/example_dags/example_bash_operator.py took 0.212 seconds
[2025-04-01T16:30:15.163-0500] {processor.py:186} INFO - Started process (PID=4696) to work on /mnt/d/Universidad/ETL/Proyecto_airflow/venv/lib/python3.12/site-packages/airflow/example_dags/example_bash_operator.py
[2025-04-01T16:30:15.164-0500] {processor.py:914} INFO - Processing file /mnt/d/Universidad/ETL/Proyecto_airflow/venv/lib/python3.12/site-packages/airflow/example_dags/example_bash_operator.py for tasks to queue
[2025-04-01T16:30:15.166-0500] {logging_mixin.py:190} INFO - [2025-04-01T16:30:15.165-0500] {dagbag.py:588} INFO - Filling up the DagBag from /mnt/d/Universidad/ETL/Proyecto_airflow/venv/lib/python3.12/site-packages/airflow/example_dags/example_bash_operator.py
[2025-04-01T16:30:15.226-0500] {processor.py:925} INFO - DAG(s) 'example_bash_operator' retrieved from /mnt/d/Universidad/ETL/Proyecto_airflow/venv/lib/python3.12/site-packages/airflow/example_dags/example_bash_operator.py
[2025-04-01T16:30:15.247-0500] {logging_mixin.py:190} INFO - [2025-04-01T16:30:15.247-0500] {dag.py:3239} INFO - Sync 1 DAGs
[2025-04-01T16:30:15.263-0500] {logging_mixin.py:190} INFO - [2025-04-01T16:30:15.262-0500] {dag.py:4180} INFO - Setting next_dagrun for example_bash_operator to 2025-03-31 00:00:00+00:00, run_after=2025-04-01 00:00:00+00:00
[2025-04-01T16:30:15.359-0500] {processor.py:208} INFO - Processing /mnt/d/Universidad/ETL/Proyecto_airflow/venv/lib/python3.12/site-packages/airflow/example_dags/example_bash_operator.py took 0.204 seconds
[2025-04-01T16:31:46.095-0500] {processor.py:186} INFO - Started process (PID=4766) to work on /mnt/d/Universidad/ETL/Proyecto_airflow/venv/lib/python3.12/site-packages/airflow/example_dags/example_bash_operator.py
[2025-04-01T16:31:46.096-0500] {processor.py:914} INFO - Processing file /mnt/d/Universidad/ETL/Proyecto_airflow/venv/lib/python3.12/site-packages/airflow/example_dags/example_bash_operator.py for tasks to queue
[2025-04-01T16:31:46.099-0500] {logging_mixin.py:190} INFO - [2025-04-01T16:31:46.098-0500] {dagbag.py:588} INFO - Filling up the DagBag from /mnt/d/Universidad/ETL/Proyecto_airflow/venv/lib/python3.12/site-packages/airflow/example_dags/example_bash_operator.py
[2025-04-01T16:31:46.158-0500] {processor.py:925} INFO - DAG(s) 'example_bash_operator' retrieved from /mnt/d/Universidad/ETL/Proyecto_airflow/venv/lib/python3.12/site-packages/airflow/example_dags/example_bash_operator.py
[2025-04-01T16:31:46.179-0500] {logging_mixin.py:190} INFO - [2025-04-01T16:31:46.179-0500] {dag.py:3239} INFO - Sync 1 DAGs
[2025-04-01T16:31:46.196-0500] {logging_mixin.py:190} INFO - [2025-04-01T16:31:46.195-0500] {dag.py:4180} INFO - Setting next_dagrun for example_bash_operator to 2025-03-31 00:00:00+00:00, run_after=2025-04-01 00:00:00+00:00
[2025-04-01T16:31:46.302-0500] {processor.py:208} INFO - Processing /mnt/d/Universidad/ETL/Proyecto_airflow/venv/lib/python3.12/site-packages/airflow/example_dags/example_bash_operator.py took 0.214 seconds
[2025-04-01T16:33:21.716-0500] {processor.py:186} INFO - Started process (PID=4840) to work on /mnt/d/Universidad/ETL/Proyecto_airflow/venv/lib/python3.12/site-packages/airflow/example_dags/example_bash_operator.py
[2025-04-01T16:33:21.717-0500] {processor.py:914} INFO - Processing file /mnt/d/Universidad/ETL/Proyecto_airflow/venv/lib/python3.12/site-packages/airflow/example_dags/example_bash_operator.py for tasks to queue
[2025-04-01T16:33:21.719-0500] {logging_mixin.py:190} INFO - [2025-04-01T16:33:21.718-0500] {dagbag.py:588} INFO - Filling up the DagBag from /mnt/d/Universidad/ETL/Proyecto_airflow/venv/lib/python3.12/site-packages/airflow/example_dags/example_bash_operator.py
[2025-04-01T16:33:21.778-0500] {processor.py:925} INFO - DAG(s) 'example_bash_operator' retrieved from /mnt/d/Universidad/ETL/Proyecto_airflow/venv/lib/python3.12/site-packages/airflow/example_dags/example_bash_operator.py
[2025-04-01T16:33:21.799-0500] {logging_mixin.py:190} INFO - [2025-04-01T16:33:21.799-0500] {dag.py:3239} INFO - Sync 1 DAGs
[2025-04-01T16:33:21.815-0500] {logging_mixin.py:190} INFO - [2025-04-01T16:33:21.814-0500] {dag.py:4180} INFO - Setting next_dagrun for example_bash_operator to 2025-03-31 00:00:00+00:00, run_after=2025-04-01 00:00:00+00:00
[2025-04-01T16:33:21.899-0500] {processor.py:208} INFO - Processing /mnt/d/Universidad/ETL/Proyecto_airflow/venv/lib/python3.12/site-packages/airflow/example_dags/example_bash_operator.py took 0.191 seconds
[2025-04-01T16:34:47.892-0500] {processor.py:186} INFO - Started process (PID=4908) to work on /mnt/d/Universidad/ETL/Proyecto_airflow/venv/lib/python3.12/site-packages/airflow/example_dags/example_bash_operator.py
[2025-04-01T16:34:47.893-0500] {processor.py:914} INFO - Processing file /mnt/d/Universidad/ETL/Proyecto_airflow/venv/lib/python3.12/site-packages/airflow/example_dags/example_bash_operator.py for tasks to queue
[2025-04-01T16:34:47.895-0500] {logging_mixin.py:190} INFO - [2025-04-01T16:34:47.894-0500] {dagbag.py:588} INFO - Filling up the DagBag from /mnt/d/Universidad/ETL/Proyecto_airflow/venv/lib/python3.12/site-packages/airflow/example_dags/example_bash_operator.py
[2025-04-01T16:34:47.960-0500] {processor.py:925} INFO - DAG(s) 'example_bash_operator' retrieved from /mnt/d/Universidad/ETL/Proyecto_airflow/venv/lib/python3.12/site-packages/airflow/example_dags/example_bash_operator.py
[2025-04-01T16:34:47.985-0500] {logging_mixin.py:190} INFO - [2025-04-01T16:34:47.984-0500] {dag.py:3239} INFO - Sync 1 DAGs
[2025-04-01T16:34:48.003-0500] {logging_mixin.py:190} INFO - [2025-04-01T16:34:48.002-0500] {dag.py:4180} INFO - Setting next_dagrun for example_bash_operator to 2025-03-31 00:00:00+00:00, run_after=2025-04-01 00:00:00+00:00
[2025-04-01T16:34:48.114-0500] {processor.py:208} INFO - Processing /mnt/d/Universidad/ETL/Proyecto_airflow/venv/lib/python3.12/site-packages/airflow/example_dags/example_bash_operator.py took 0.231 seconds
[2025-04-01T16:36:17.954-0500] {processor.py:186} INFO - Started process (PID=4977) to work on /mnt/d/Universidad/ETL/Proyecto_airflow/venv/lib/python3.12/site-packages/airflow/example_dags/example_bash_operator.py
[2025-04-01T16:36:17.956-0500] {processor.py:914} INFO - Processing file /mnt/d/Universidad/ETL/Proyecto_airflow/venv/lib/python3.12/site-packages/airflow/example_dags/example_bash_operator.py for tasks to queue
[2025-04-01T16:36:17.958-0500] {logging_mixin.py:190} INFO - [2025-04-01T16:36:17.957-0500] {dagbag.py:588} INFO - Filling up the DagBag from /mnt/d/Universidad/ETL/Proyecto_airflow/venv/lib/python3.12/site-packages/airflow/example_dags/example_bash_operator.py
[2025-04-01T16:36:18.017-0500] {processor.py:925} INFO - DAG(s) 'example_bash_operator' retrieved from /mnt/d/Universidad/ETL/Proyecto_airflow/venv/lib/python3.12/site-packages/airflow/example_dags/example_bash_operator.py
[2025-04-01T16:36:18.040-0500] {logging_mixin.py:190} INFO - [2025-04-01T16:36:18.039-0500] {dag.py:3239} INFO - Sync 1 DAGs
[2025-04-01T16:36:18.057-0500] {logging_mixin.py:190} INFO - [2025-04-01T16:36:18.057-0500] {dag.py:4180} INFO - Setting next_dagrun for example_bash_operator to 2025-03-31 00:00:00+00:00, run_after=2025-04-01 00:00:00+00:00
[2025-04-01T16:36:18.208-0500] {processor.py:208} INFO - Processing /mnt/d/Universidad/ETL/Proyecto_airflow/venv/lib/python3.12/site-packages/airflow/example_dags/example_bash_operator.py took 0.262 seconds
[2025-04-01T16:37:51.795-0500] {processor.py:186} INFO - Started process (PID=5047) to work on /mnt/d/Universidad/ETL/Proyecto_airflow/venv/lib/python3.12/site-packages/airflow/example_dags/example_bash_operator.py
[2025-04-01T16:37:51.796-0500] {processor.py:914} INFO - Processing file /mnt/d/Universidad/ETL/Proyecto_airflow/venv/lib/python3.12/site-packages/airflow/example_dags/example_bash_operator.py for tasks to queue
[2025-04-01T16:37:51.798-0500] {logging_mixin.py:190} INFO - [2025-04-01T16:37:51.797-0500] {dagbag.py:588} INFO - Filling up the DagBag from /mnt/d/Universidad/ETL/Proyecto_airflow/venv/lib/python3.12/site-packages/airflow/example_dags/example_bash_operator.py
[2025-04-01T16:37:51.859-0500] {processor.py:925} INFO - DAG(s) 'example_bash_operator' retrieved from /mnt/d/Universidad/ETL/Proyecto_airflow/venv/lib/python3.12/site-packages/airflow/example_dags/example_bash_operator.py
[2025-04-01T16:37:51.880-0500] {logging_mixin.py:190} INFO - [2025-04-01T16:37:51.880-0500] {dag.py:3239} INFO - Sync 1 DAGs
[2025-04-01T16:37:51.896-0500] {logging_mixin.py:190} INFO - [2025-04-01T16:37:51.895-0500] {dag.py:4180} INFO - Setting next_dagrun for example_bash_operator to 2025-03-31 00:00:00+00:00, run_after=2025-04-01 00:00:00+00:00
[2025-04-01T16:37:51.967-0500] {processor.py:208} INFO - Processing /mnt/d/Universidad/ETL/Proyecto_airflow/venv/lib/python3.12/site-packages/airflow/example_dags/example_bash_operator.py took 0.180 seconds
[2025-04-01T16:39:21.999-0500] {processor.py:186} INFO - Started process (PID=5117) to work on /mnt/d/Universidad/ETL/Proyecto_airflow/venv/lib/python3.12/site-packages/airflow/example_dags/example_bash_operator.py
[2025-04-01T16:39:22.000-0500] {processor.py:914} INFO - Processing file /mnt/d/Universidad/ETL/Proyecto_airflow/venv/lib/python3.12/site-packages/airflow/example_dags/example_bash_operator.py for tasks to queue
[2025-04-01T16:39:22.003-0500] {logging_mixin.py:190} INFO - [2025-04-01T16:39:22.002-0500] {dagbag.py:588} INFO - Filling up the DagBag from /mnt/d/Universidad/ETL/Proyecto_airflow/venv/lib/python3.12/site-packages/airflow/example_dags/example_bash_operator.py
[2025-04-01T16:39:22.063-0500] {processor.py:925} INFO - DAG(s) 'example_bash_operator' retrieved from /mnt/d/Universidad/ETL/Proyecto_airflow/venv/lib/python3.12/site-packages/airflow/example_dags/example_bash_operator.py
[2025-04-01T16:39:22.084-0500] {logging_mixin.py:190} INFO - [2025-04-01T16:39:22.083-0500] {dag.py:3239} INFO - Sync 1 DAGs
[2025-04-01T16:39:22.099-0500] {logging_mixin.py:190} INFO - [2025-04-01T16:39:22.098-0500] {dag.py:4180} INFO - Setting next_dagrun for example_bash_operator to 2025-03-31 00:00:00+00:00, run_after=2025-04-01 00:00:00+00:00
[2025-04-01T16:39:22.238-0500] {processor.py:208} INFO - Processing /mnt/d/Universidad/ETL/Proyecto_airflow/venv/lib/python3.12/site-packages/airflow/example_dags/example_bash_operator.py took 0.246 seconds
[2025-04-01T16:40:59.392-0500] {processor.py:186} INFO - Started process (PID=5190) to work on /mnt/d/Universidad/ETL/Proyecto_airflow/venv/lib/python3.12/site-packages/airflow/example_dags/example_bash_operator.py
[2025-04-01T16:40:59.393-0500] {processor.py:914} INFO - Processing file /mnt/d/Universidad/ETL/Proyecto_airflow/venv/lib/python3.12/site-packages/airflow/example_dags/example_bash_operator.py for tasks to queue
[2025-04-01T16:40:59.395-0500] {logging_mixin.py:190} INFO - [2025-04-01T16:40:59.394-0500] {dagbag.py:588} INFO - Filling up the DagBag from /mnt/d/Universidad/ETL/Proyecto_airflow/venv/lib/python3.12/site-packages/airflow/example_dags/example_bash_operator.py
[2025-04-01T16:40:59.455-0500] {processor.py:925} INFO - DAG(s) 'example_bash_operator' retrieved from /mnt/d/Universidad/ETL/Proyecto_airflow/venv/lib/python3.12/site-packages/airflow/example_dags/example_bash_operator.py
[2025-04-01T16:40:59.476-0500] {logging_mixin.py:190} INFO - [2025-04-01T16:40:59.475-0500] {dag.py:3239} INFO - Sync 1 DAGs
[2025-04-01T16:40:59.491-0500] {logging_mixin.py:190} INFO - [2025-04-01T16:40:59.490-0500] {dag.py:4180} INFO - Setting next_dagrun for example_bash_operator to 2025-03-31 00:00:00+00:00, run_after=2025-04-01 00:00:00+00:00
[2025-04-01T16:40:59.590-0500] {processor.py:208} INFO - Processing /mnt/d/Universidad/ETL/Proyecto_airflow/venv/lib/python3.12/site-packages/airflow/example_dags/example_bash_operator.py took 0.206 seconds
[2025-04-01T16:42:36.302-0500] {processor.py:186} INFO - Started process (PID=5263) to work on /mnt/d/Universidad/ETL/Proyecto_airflow/venv/lib/python3.12/site-packages/airflow/example_dags/example_bash_operator.py
[2025-04-01T16:42:36.303-0500] {processor.py:914} INFO - Processing file /mnt/d/Universidad/ETL/Proyecto_airflow/venv/lib/python3.12/site-packages/airflow/example_dags/example_bash_operator.py for tasks to queue
[2025-04-01T16:42:36.306-0500] {logging_mixin.py:190} INFO - [2025-04-01T16:42:36.305-0500] {dagbag.py:588} INFO - Filling up the DagBag from /mnt/d/Universidad/ETL/Proyecto_airflow/venv/lib/python3.12/site-packages/airflow/example_dags/example_bash_operator.py
[2025-04-01T16:42:36.364-0500] {processor.py:925} INFO - DAG(s) 'example_bash_operator' retrieved from /mnt/d/Universidad/ETL/Proyecto_airflow/venv/lib/python3.12/site-packages/airflow/example_dags/example_bash_operator.py
[2025-04-01T16:42:36.385-0500] {logging_mixin.py:190} INFO - [2025-04-01T16:42:36.385-0500] {dag.py:3239} INFO - Sync 1 DAGs
[2025-04-01T16:42:36.401-0500] {logging_mixin.py:190} INFO - [2025-04-01T16:42:36.400-0500] {dag.py:4180} INFO - Setting next_dagrun for example_bash_operator to 2025-03-31 00:00:00+00:00, run_after=2025-04-01 00:00:00+00:00
[2025-04-01T16:42:36.471-0500] {processor.py:208} INFO - Processing /mnt/d/Universidad/ETL/Proyecto_airflow/venv/lib/python3.12/site-packages/airflow/example_dags/example_bash_operator.py took 0.177 seconds
[2025-04-01T16:44:07.929-0500] {processor.py:186} INFO - Started process (PID=5333) to work on /mnt/d/Universidad/ETL/Proyecto_airflow/venv/lib/python3.12/site-packages/airflow/example_dags/example_bash_operator.py
[2025-04-01T16:44:07.930-0500] {processor.py:914} INFO - Processing file /mnt/d/Universidad/ETL/Proyecto_airflow/venv/lib/python3.12/site-packages/airflow/example_dags/example_bash_operator.py for tasks to queue
[2025-04-01T16:44:07.932-0500] {logging_mixin.py:190} INFO - [2025-04-01T16:44:07.932-0500] {dagbag.py:588} INFO - Filling up the DagBag from /mnt/d/Universidad/ETL/Proyecto_airflow/venv/lib/python3.12/site-packages/airflow/example_dags/example_bash_operator.py
[2025-04-01T16:44:07.992-0500] {processor.py:925} INFO - DAG(s) 'example_bash_operator' retrieved from /mnt/d/Universidad/ETL/Proyecto_airflow/venv/lib/python3.12/site-packages/airflow/example_dags/example_bash_operator.py
[2025-04-01T16:44:08.014-0500] {logging_mixin.py:190} INFO - [2025-04-01T16:44:08.013-0500] {dag.py:3239} INFO - Sync 1 DAGs
[2025-04-01T16:44:08.030-0500] {logging_mixin.py:190} INFO - [2025-04-01T16:44:08.029-0500] {dag.py:4180} INFO - Setting next_dagrun for example_bash_operator to 2025-03-31 00:00:00+00:00, run_after=2025-04-01 00:00:00+00:00
[2025-04-01T16:44:08.124-0500] {processor.py:208} INFO - Processing /mnt/d/Universidad/ETL/Proyecto_airflow/venv/lib/python3.12/site-packages/airflow/example_dags/example_bash_operator.py took 0.202 seconds
[2025-04-01T16:45:42.231-0500] {processor.py:186} INFO - Started process (PID=5405) to work on /mnt/d/Universidad/ETL/Proyecto_airflow/venv/lib/python3.12/site-packages/airflow/example_dags/example_bash_operator.py
[2025-04-01T16:45:42.232-0500] {processor.py:914} INFO - Processing file /mnt/d/Universidad/ETL/Proyecto_airflow/venv/lib/python3.12/site-packages/airflow/example_dags/example_bash_operator.py for tasks to queue
[2025-04-01T16:45:42.234-0500] {logging_mixin.py:190} INFO - [2025-04-01T16:45:42.234-0500] {dagbag.py:588} INFO - Filling up the DagBag from /mnt/d/Universidad/ETL/Proyecto_airflow/venv/lib/python3.12/site-packages/airflow/example_dags/example_bash_operator.py
[2025-04-01T16:45:42.293-0500] {processor.py:925} INFO - DAG(s) 'example_bash_operator' retrieved from /mnt/d/Universidad/ETL/Proyecto_airflow/venv/lib/python3.12/site-packages/airflow/example_dags/example_bash_operator.py
[2025-04-01T16:45:42.315-0500] {logging_mixin.py:190} INFO - [2025-04-01T16:45:42.314-0500] {dag.py:3239} INFO - Sync 1 DAGs
[2025-04-01T16:45:42.330-0500] {logging_mixin.py:190} INFO - [2025-04-01T16:45:42.330-0500] {dag.py:4180} INFO - Setting next_dagrun for example_bash_operator to 2025-03-31 00:00:00+00:00, run_after=2025-04-01 00:00:00+00:00
[2025-04-01T16:45:42.418-0500] {processor.py:208} INFO - Processing /mnt/d/Universidad/ETL/Proyecto_airflow/venv/lib/python3.12/site-packages/airflow/example_dags/example_bash_operator.py took 0.195 seconds
[2025-04-01T16:47:23.032-0500] {processor.py:186} INFO - Started process (PID=5478) to work on /mnt/d/Universidad/ETL/Proyecto_airflow/venv/lib/python3.12/site-packages/airflow/example_dags/example_bash_operator.py
[2025-04-01T16:47:23.033-0500] {processor.py:914} INFO - Processing file /mnt/d/Universidad/ETL/Proyecto_airflow/venv/lib/python3.12/site-packages/airflow/example_dags/example_bash_operator.py for tasks to queue
[2025-04-01T16:47:23.035-0500] {logging_mixin.py:190} INFO - [2025-04-01T16:47:23.034-0500] {dagbag.py:588} INFO - Filling up the DagBag from /mnt/d/Universidad/ETL/Proyecto_airflow/venv/lib/python3.12/site-packages/airflow/example_dags/example_bash_operator.py
[2025-04-01T16:47:23.094-0500] {processor.py:925} INFO - DAG(s) 'example_bash_operator' retrieved from /mnt/d/Universidad/ETL/Proyecto_airflow/venv/lib/python3.12/site-packages/airflow/example_dags/example_bash_operator.py
[2025-04-01T16:47:23.116-0500] {logging_mixin.py:190} INFO - [2025-04-01T16:47:23.115-0500] {dag.py:3239} INFO - Sync 1 DAGs
[2025-04-01T16:47:23.132-0500] {logging_mixin.py:190} INFO - [2025-04-01T16:47:23.132-0500] {dag.py:4180} INFO - Setting next_dagrun for example_bash_operator to 2025-03-31 00:00:00+00:00, run_after=2025-04-01 00:00:00+00:00
[2025-04-01T16:47:23.225-0500] {processor.py:208} INFO - Processing /mnt/d/Universidad/ETL/Proyecto_airflow/venv/lib/python3.12/site-packages/airflow/example_dags/example_bash_operator.py took 0.201 seconds
[2025-04-01T16:48:55.581-0500] {processor.py:186} INFO - Started process (PID=5547) to work on /mnt/d/Universidad/ETL/Proyecto_airflow/venv/lib/python3.12/site-packages/airflow/example_dags/example_bash_operator.py
[2025-04-01T16:48:55.582-0500] {processor.py:914} INFO - Processing file /mnt/d/Universidad/ETL/Proyecto_airflow/venv/lib/python3.12/site-packages/airflow/example_dags/example_bash_operator.py for tasks to queue
[2025-04-01T16:48:55.584-0500] {logging_mixin.py:190} INFO - [2025-04-01T16:48:55.583-0500] {dagbag.py:588} INFO - Filling up the DagBag from /mnt/d/Universidad/ETL/Proyecto_airflow/venv/lib/python3.12/site-packages/airflow/example_dags/example_bash_operator.py
[2025-04-01T16:48:55.647-0500] {processor.py:925} INFO - DAG(s) 'example_bash_operator' retrieved from /mnt/d/Universidad/ETL/Proyecto_airflow/venv/lib/python3.12/site-packages/airflow/example_dags/example_bash_operator.py
[2025-04-01T16:48:55.669-0500] {logging_mixin.py:190} INFO - [2025-04-01T16:48:55.668-0500] {dag.py:3239} INFO - Sync 1 DAGs
[2025-04-01T16:48:55.685-0500] {logging_mixin.py:190} INFO - [2025-04-01T16:48:55.684-0500] {dag.py:4180} INFO - Setting next_dagrun for example_bash_operator to 2025-03-31 00:00:00+00:00, run_after=2025-04-01 00:00:00+00:00
[2025-04-01T16:48:55.785-0500] {processor.py:208} INFO - Processing /mnt/d/Universidad/ETL/Proyecto_airflow/venv/lib/python3.12/site-packages/airflow/example_dags/example_bash_operator.py took 0.213 seconds
[2025-04-01T16:50:21.453-0500] {processor.py:186} INFO - Started process (PID=5616) to work on /mnt/d/Universidad/ETL/Proyecto_airflow/venv/lib/python3.12/site-packages/airflow/example_dags/example_bash_operator.py
[2025-04-01T16:50:21.454-0500] {processor.py:914} INFO - Processing file /mnt/d/Universidad/ETL/Proyecto_airflow/venv/lib/python3.12/site-packages/airflow/example_dags/example_bash_operator.py for tasks to queue
[2025-04-01T16:50:21.456-0500] {logging_mixin.py:190} INFO - [2025-04-01T16:50:21.456-0500] {dagbag.py:588} INFO - Filling up the DagBag from /mnt/d/Universidad/ETL/Proyecto_airflow/venv/lib/python3.12/site-packages/airflow/example_dags/example_bash_operator.py
[2025-04-01T16:50:21.516-0500] {processor.py:925} INFO - DAG(s) 'example_bash_operator' retrieved from /mnt/d/Universidad/ETL/Proyecto_airflow/venv/lib/python3.12/site-packages/airflow/example_dags/example_bash_operator.py
[2025-04-01T16:50:21.537-0500] {logging_mixin.py:190} INFO - [2025-04-01T16:50:21.536-0500] {dag.py:3239} INFO - Sync 1 DAGs
[2025-04-01T16:50:21.552-0500] {logging_mixin.py:190} INFO - [2025-04-01T16:50:21.552-0500] {dag.py:4180} INFO - Setting next_dagrun for example_bash_operator to 2025-03-31 00:00:00+00:00, run_after=2025-04-01 00:00:00+00:00
[2025-04-01T16:50:21.659-0500] {processor.py:208} INFO - Processing /mnt/d/Universidad/ETL/Proyecto_airflow/venv/lib/python3.12/site-packages/airflow/example_dags/example_bash_operator.py took 0.214 seconds
[2025-04-01T16:52:01.296-0500] {processor.py:186} INFO - Started process (PID=5690) to work on /mnt/d/Universidad/ETL/Proyecto_airflow/venv/lib/python3.12/site-packages/airflow/example_dags/example_bash_operator.py
[2025-04-01T16:52:01.297-0500] {processor.py:914} INFO - Processing file /mnt/d/Universidad/ETL/Proyecto_airflow/venv/lib/python3.12/site-packages/airflow/example_dags/example_bash_operator.py for tasks to queue
[2025-04-01T16:52:01.299-0500] {logging_mixin.py:190} INFO - [2025-04-01T16:52:01.298-0500] {dagbag.py:588} INFO - Filling up the DagBag from /mnt/d/Universidad/ETL/Proyecto_airflow/venv/lib/python3.12/site-packages/airflow/example_dags/example_bash_operator.py
[2025-04-01T16:52:01.357-0500] {processor.py:925} INFO - DAG(s) 'example_bash_operator' retrieved from /mnt/d/Universidad/ETL/Proyecto_airflow/venv/lib/python3.12/site-packages/airflow/example_dags/example_bash_operator.py
[2025-04-01T16:52:01.377-0500] {logging_mixin.py:190} INFO - [2025-04-01T16:52:01.376-0500] {dag.py:3239} INFO - Sync 1 DAGs
[2025-04-01T16:52:01.392-0500] {logging_mixin.py:190} INFO - [2025-04-01T16:52:01.391-0500] {dag.py:4180} INFO - Setting next_dagrun for example_bash_operator to 2025-03-31 00:00:00+00:00, run_after=2025-04-01 00:00:00+00:00
[2025-04-01T16:52:01.515-0500] {processor.py:208} INFO - Processing /mnt/d/Universidad/ETL/Proyecto_airflow/venv/lib/python3.12/site-packages/airflow/example_dags/example_bash_operator.py took 0.227 seconds
[2025-04-01T16:53:38.383-0500] {processor.py:186} INFO - Started process (PID=5762) to work on /mnt/d/Universidad/ETL/Proyecto_airflow/venv/lib/python3.12/site-packages/airflow/example_dags/example_bash_operator.py
[2025-04-01T16:53:38.384-0500] {processor.py:914} INFO - Processing file /mnt/d/Universidad/ETL/Proyecto_airflow/venv/lib/python3.12/site-packages/airflow/example_dags/example_bash_operator.py for tasks to queue
[2025-04-01T16:53:38.386-0500] {logging_mixin.py:190} INFO - [2025-04-01T16:53:38.385-0500] {dagbag.py:588} INFO - Filling up the DagBag from /mnt/d/Universidad/ETL/Proyecto_airflow/venv/lib/python3.12/site-packages/airflow/example_dags/example_bash_operator.py
[2025-04-01T16:53:38.446-0500] {processor.py:925} INFO - DAG(s) 'example_bash_operator' retrieved from /mnt/d/Universidad/ETL/Proyecto_airflow/venv/lib/python3.12/site-packages/airflow/example_dags/example_bash_operator.py
[2025-04-01T16:53:38.467-0500] {logging_mixin.py:190} INFO - [2025-04-01T16:53:38.467-0500] {dag.py:3239} INFO - Sync 1 DAGs
[2025-04-01T16:53:38.483-0500] {logging_mixin.py:190} INFO - [2025-04-01T16:53:38.482-0500] {dag.py:4180} INFO - Setting next_dagrun for example_bash_operator to 2025-03-31 00:00:00+00:00, run_after=2025-04-01 00:00:00+00:00
[2025-04-01T16:53:38.580-0500] {processor.py:208} INFO - Processing /mnt/d/Universidad/ETL/Proyecto_airflow/venv/lib/python3.12/site-packages/airflow/example_dags/example_bash_operator.py took 0.205 seconds
[2025-04-01T16:55:10.468-0500] {processor.py:186} INFO - Started process (PID=5834) to work on /mnt/d/Universidad/ETL/Proyecto_airflow/venv/lib/python3.12/site-packages/airflow/example_dags/example_bash_operator.py
[2025-04-01T16:55:10.470-0500] {processor.py:914} INFO - Processing file /mnt/d/Universidad/ETL/Proyecto_airflow/venv/lib/python3.12/site-packages/airflow/example_dags/example_bash_operator.py for tasks to queue
[2025-04-01T16:55:10.472-0500] {logging_mixin.py:190} INFO - [2025-04-01T16:55:10.471-0500] {dagbag.py:588} INFO - Filling up the DagBag from /mnt/d/Universidad/ETL/Proyecto_airflow/venv/lib/python3.12/site-packages/airflow/example_dags/example_bash_operator.py
[2025-04-01T16:55:10.530-0500] {processor.py:925} INFO - DAG(s) 'example_bash_operator' retrieved from /mnt/d/Universidad/ETL/Proyecto_airflow/venv/lib/python3.12/site-packages/airflow/example_dags/example_bash_operator.py
[2025-04-01T16:55:10.551-0500] {logging_mixin.py:190} INFO - [2025-04-01T16:55:10.550-0500] {dag.py:3239} INFO - Sync 1 DAGs
[2025-04-01T16:55:10.566-0500] {logging_mixin.py:190} INFO - [2025-04-01T16:55:10.566-0500] {dag.py:4180} INFO - Setting next_dagrun for example_bash_operator to 2025-03-31 00:00:00+00:00, run_after=2025-04-01 00:00:00+00:00
[2025-04-01T16:55:10.667-0500] {processor.py:208} INFO - Processing /mnt/d/Universidad/ETL/Proyecto_airflow/venv/lib/python3.12/site-packages/airflow/example_dags/example_bash_operator.py took 0.207 seconds
[2025-04-01T16:56:45.618-0500] {processor.py:186} INFO - Started process (PID=5906) to work on /mnt/d/Universidad/ETL/Proyecto_airflow/venv/lib/python3.12/site-packages/airflow/example_dags/example_bash_operator.py
[2025-04-01T16:56:45.619-0500] {processor.py:914} INFO - Processing file /mnt/d/Universidad/ETL/Proyecto_airflow/venv/lib/python3.12/site-packages/airflow/example_dags/example_bash_operator.py for tasks to queue
[2025-04-01T16:56:45.621-0500] {logging_mixin.py:190} INFO - [2025-04-01T16:56:45.621-0500] {dagbag.py:588} INFO - Filling up the DagBag from /mnt/d/Universidad/ETL/Proyecto_airflow/venv/lib/python3.12/site-packages/airflow/example_dags/example_bash_operator.py
[2025-04-01T16:56:45.680-0500] {processor.py:925} INFO - DAG(s) 'example_bash_operator' retrieved from /mnt/d/Universidad/ETL/Proyecto_airflow/venv/lib/python3.12/site-packages/airflow/example_dags/example_bash_operator.py
[2025-04-01T16:56:45.701-0500] {logging_mixin.py:190} INFO - [2025-04-01T16:56:45.700-0500] {dag.py:3239} INFO - Sync 1 DAGs
[2025-04-01T16:56:45.716-0500] {logging_mixin.py:190} INFO - [2025-04-01T16:56:45.715-0500] {dag.py:4180} INFO - Setting next_dagrun for example_bash_operator to 2025-03-31 00:00:00+00:00, run_after=2025-04-01 00:00:00+00:00
[2025-04-01T16:56:45.817-0500] {processor.py:208} INFO - Processing /mnt/d/Universidad/ETL/Proyecto_airflow/venv/lib/python3.12/site-packages/airflow/example_dags/example_bash_operator.py took 0.207 seconds
[2025-04-01T16:58:19.279-0500] {processor.py:186} INFO - Started process (PID=5975) to work on /mnt/d/Universidad/ETL/Proyecto_airflow/venv/lib/python3.12/site-packages/airflow/example_dags/example_bash_operator.py
[2025-04-01T16:58:19.280-0500] {processor.py:914} INFO - Processing file /mnt/d/Universidad/ETL/Proyecto_airflow/venv/lib/python3.12/site-packages/airflow/example_dags/example_bash_operator.py for tasks to queue
[2025-04-01T16:58:19.283-0500] {logging_mixin.py:190} INFO - [2025-04-01T16:58:19.282-0500] {dagbag.py:588} INFO - Filling up the DagBag from /mnt/d/Universidad/ETL/Proyecto_airflow/venv/lib/python3.12/site-packages/airflow/example_dags/example_bash_operator.py
[2025-04-01T16:58:19.343-0500] {processor.py:925} INFO - DAG(s) 'example_bash_operator' retrieved from /mnt/d/Universidad/ETL/Proyecto_airflow/venv/lib/python3.12/site-packages/airflow/example_dags/example_bash_operator.py
[2025-04-01T16:58:19.364-0500] {logging_mixin.py:190} INFO - [2025-04-01T16:58:19.364-0500] {dag.py:3239} INFO - Sync 1 DAGs
[2025-04-01T16:58:19.380-0500] {logging_mixin.py:190} INFO - [2025-04-01T16:58:19.379-0500] {dag.py:4180} INFO - Setting next_dagrun for example_bash_operator to 2025-03-31 00:00:00+00:00, run_after=2025-04-01 00:00:00+00:00
[2025-04-01T16:58:19.488-0500] {processor.py:208} INFO - Processing /mnt/d/Universidad/ETL/Proyecto_airflow/venv/lib/python3.12/site-packages/airflow/example_dags/example_bash_operator.py took 0.218 seconds
[2025-04-01T16:59:52.060-0500] {processor.py:186} INFO - Started process (PID=6046) to work on /mnt/d/Universidad/ETL/Proyecto_airflow/venv/lib/python3.12/site-packages/airflow/example_dags/example_bash_operator.py
[2025-04-01T16:59:52.061-0500] {processor.py:914} INFO - Processing file /mnt/d/Universidad/ETL/Proyecto_airflow/venv/lib/python3.12/site-packages/airflow/example_dags/example_bash_operator.py for tasks to queue
[2025-04-01T16:59:52.064-0500] {logging_mixin.py:190} INFO - [2025-04-01T16:59:52.063-0500] {dagbag.py:588} INFO - Filling up the DagBag from /mnt/d/Universidad/ETL/Proyecto_airflow/venv/lib/python3.12/site-packages/airflow/example_dags/example_bash_operator.py
[2025-04-01T16:59:52.122-0500] {processor.py:925} INFO - DAG(s) 'example_bash_operator' retrieved from /mnt/d/Universidad/ETL/Proyecto_airflow/venv/lib/python3.12/site-packages/airflow/example_dags/example_bash_operator.py
[2025-04-01T16:59:52.143-0500] {logging_mixin.py:190} INFO - [2025-04-01T16:59:52.143-0500] {dag.py:3239} INFO - Sync 1 DAGs
[2025-04-01T16:59:52.158-0500] {logging_mixin.py:190} INFO - [2025-04-01T16:59:52.158-0500] {dag.py:4180} INFO - Setting next_dagrun for example_bash_operator to 2025-03-31 00:00:00+00:00, run_after=2025-04-01 00:00:00+00:00
[2025-04-01T16:59:52.252-0500] {processor.py:208} INFO - Processing /mnt/d/Universidad/ETL/Proyecto_airflow/venv/lib/python3.12/site-packages/airflow/example_dags/example_bash_operator.py took 0.200 seconds
[2025-04-01T17:01:31.314-0500] {processor.py:186} INFO - Started process (PID=6118) to work on /mnt/d/Universidad/ETL/Proyecto_airflow/venv/lib/python3.12/site-packages/airflow/example_dags/example_bash_operator.py
[2025-04-01T17:01:31.315-0500] {processor.py:914} INFO - Processing file /mnt/d/Universidad/ETL/Proyecto_airflow/venv/lib/python3.12/site-packages/airflow/example_dags/example_bash_operator.py for tasks to queue
[2025-04-01T17:01:31.317-0500] {logging_mixin.py:190} INFO - [2025-04-01T17:01:31.317-0500] {dagbag.py:588} INFO - Filling up the DagBag from /mnt/d/Universidad/ETL/Proyecto_airflow/venv/lib/python3.12/site-packages/airflow/example_dags/example_bash_operator.py
[2025-04-01T17:01:31.376-0500] {processor.py:925} INFO - DAG(s) 'example_bash_operator' retrieved from /mnt/d/Universidad/ETL/Proyecto_airflow/venv/lib/python3.12/site-packages/airflow/example_dags/example_bash_operator.py
[2025-04-01T17:01:31.397-0500] {logging_mixin.py:190} INFO - [2025-04-01T17:01:31.396-0500] {dag.py:3239} INFO - Sync 1 DAGs
[2025-04-01T17:01:31.412-0500] {logging_mixin.py:190} INFO - [2025-04-01T17:01:31.411-0500] {dag.py:4180} INFO - Setting next_dagrun for example_bash_operator to 2025-03-31 00:00:00+00:00, run_after=2025-04-01 00:00:00+00:00
[2025-04-01T17:01:31.508-0500] {processor.py:208} INFO - Processing /mnt/d/Universidad/ETL/Proyecto_airflow/venv/lib/python3.12/site-packages/airflow/example_dags/example_bash_operator.py took 0.201 seconds
[2025-04-01T17:03:05.214-0500] {processor.py:186} INFO - Started process (PID=6188) to work on /mnt/d/Universidad/ETL/Proyecto_airflow/venv/lib/python3.12/site-packages/airflow/example_dags/example_bash_operator.py
[2025-04-01T17:03:05.215-0500] {processor.py:914} INFO - Processing file /mnt/d/Universidad/ETL/Proyecto_airflow/venv/lib/python3.12/site-packages/airflow/example_dags/example_bash_operator.py for tasks to queue
[2025-04-01T17:03:05.218-0500] {logging_mixin.py:190} INFO - [2025-04-01T17:03:05.217-0500] {dagbag.py:588} INFO - Filling up the DagBag from /mnt/d/Universidad/ETL/Proyecto_airflow/venv/lib/python3.12/site-packages/airflow/example_dags/example_bash_operator.py
[2025-04-01T17:03:05.277-0500] {processor.py:925} INFO - DAG(s) 'example_bash_operator' retrieved from /mnt/d/Universidad/ETL/Proyecto_airflow/venv/lib/python3.12/site-packages/airflow/example_dags/example_bash_operator.py
[2025-04-01T17:03:05.298-0500] {logging_mixin.py:190} INFO - [2025-04-01T17:03:05.297-0500] {dag.py:3239} INFO - Sync 1 DAGs
[2025-04-01T17:03:05.313-0500] {logging_mixin.py:190} INFO - [2025-04-01T17:03:05.313-0500] {dag.py:4180} INFO - Setting next_dagrun for example_bash_operator to 2025-03-31 00:00:00+00:00, run_after=2025-04-01 00:00:00+00:00
[2025-04-01T17:03:05.424-0500] {processor.py:208} INFO - Processing /mnt/d/Universidad/ETL/Proyecto_airflow/venv/lib/python3.12/site-packages/airflow/example_dags/example_bash_operator.py took 0.217 seconds
[2025-04-01T17:04:39.928-0500] {processor.py:186} INFO - Started process (PID=6260) to work on /mnt/d/Universidad/ETL/Proyecto_airflow/venv/lib/python3.12/site-packages/airflow/example_dags/example_bash_operator.py
[2025-04-01T17:04:39.929-0500] {processor.py:914} INFO - Processing file /mnt/d/Universidad/ETL/Proyecto_airflow/venv/lib/python3.12/site-packages/airflow/example_dags/example_bash_operator.py for tasks to queue
[2025-04-01T17:04:39.931-0500] {logging_mixin.py:190} INFO - [2025-04-01T17:04:39.931-0500] {dagbag.py:588} INFO - Filling up the DagBag from /mnt/d/Universidad/ETL/Proyecto_airflow/venv/lib/python3.12/site-packages/airflow/example_dags/example_bash_operator.py
[2025-04-01T17:04:39.990-0500] {processor.py:925} INFO - DAG(s) 'example_bash_operator' retrieved from /mnt/d/Universidad/ETL/Proyecto_airflow/venv/lib/python3.12/site-packages/airflow/example_dags/example_bash_operator.py
[2025-04-01T17:04:40.011-0500] {logging_mixin.py:190} INFO - [2025-04-01T17:04:40.010-0500] {dag.py:3239} INFO - Sync 1 DAGs
[2025-04-01T17:04:40.026-0500] {logging_mixin.py:190} INFO - [2025-04-01T17:04:40.025-0500] {dag.py:4180} INFO - Setting next_dagrun for example_bash_operator to 2025-03-31 00:00:00+00:00, run_after=2025-04-01 00:00:00+00:00
[2025-04-01T17:04:40.151-0500] {processor.py:208} INFO - Processing /mnt/d/Universidad/ETL/Proyecto_airflow/venv/lib/python3.12/site-packages/airflow/example_dags/example_bash_operator.py took 0.231 seconds
[2025-04-01T17:06:18.722-0500] {processor.py:186} INFO - Started process (PID=6331) to work on /mnt/d/Universidad/ETL/Proyecto_airflow/venv/lib/python3.12/site-packages/airflow/example_dags/example_bash_operator.py
[2025-04-01T17:06:18.724-0500] {processor.py:914} INFO - Processing file /mnt/d/Universidad/ETL/Proyecto_airflow/venv/lib/python3.12/site-packages/airflow/example_dags/example_bash_operator.py for tasks to queue
[2025-04-01T17:06:18.726-0500] {logging_mixin.py:190} INFO - [2025-04-01T17:06:18.725-0500] {dagbag.py:588} INFO - Filling up the DagBag from /mnt/d/Universidad/ETL/Proyecto_airflow/venv/lib/python3.12/site-packages/airflow/example_dags/example_bash_operator.py
[2025-04-01T17:06:18.785-0500] {processor.py:925} INFO - DAG(s) 'example_bash_operator' retrieved from /mnt/d/Universidad/ETL/Proyecto_airflow/venv/lib/python3.12/site-packages/airflow/example_dags/example_bash_operator.py
[2025-04-01T17:06:18.808-0500] {logging_mixin.py:190} INFO - [2025-04-01T17:06:18.807-0500] {dag.py:3239} INFO - Sync 1 DAGs
[2025-04-01T17:06:18.824-0500] {logging_mixin.py:190} INFO - [2025-04-01T17:06:18.823-0500] {dag.py:4180} INFO - Setting next_dagrun for example_bash_operator to 2025-03-31 00:00:00+00:00, run_after=2025-04-01 00:00:00+00:00
[2025-04-01T17:06:18.927-0500] {processor.py:208} INFO - Processing /mnt/d/Universidad/ETL/Proyecto_airflow/venv/lib/python3.12/site-packages/airflow/example_dags/example_bash_operator.py took 0.212 seconds
[2025-04-01T17:07:54.394-0500] {processor.py:186} INFO - Started process (PID=6405) to work on /mnt/d/Universidad/ETL/Proyecto_airflow/venv/lib/python3.12/site-packages/airflow/example_dags/example_bash_operator.py
[2025-04-01T17:07:54.395-0500] {processor.py:914} INFO - Processing file /mnt/d/Universidad/ETL/Proyecto_airflow/venv/lib/python3.12/site-packages/airflow/example_dags/example_bash_operator.py for tasks to queue
[2025-04-01T17:07:54.397-0500] {logging_mixin.py:190} INFO - [2025-04-01T17:07:54.397-0500] {dagbag.py:588} INFO - Filling up the DagBag from /mnt/d/Universidad/ETL/Proyecto_airflow/venv/lib/python3.12/site-packages/airflow/example_dags/example_bash_operator.py
[2025-04-01T17:07:54.456-0500] {processor.py:925} INFO - DAG(s) 'example_bash_operator' retrieved from /mnt/d/Universidad/ETL/Proyecto_airflow/venv/lib/python3.12/site-packages/airflow/example_dags/example_bash_operator.py
[2025-04-01T17:07:54.479-0500] {logging_mixin.py:190} INFO - [2025-04-01T17:07:54.478-0500] {dag.py:3239} INFO - Sync 1 DAGs
[2025-04-01T17:07:54.496-0500] {logging_mixin.py:190} INFO - [2025-04-01T17:07:54.495-0500] {dag.py:4180} INFO - Setting next_dagrun for example_bash_operator to 2025-03-31 00:00:00+00:00, run_after=2025-04-01 00:00:00+00:00
[2025-04-01T17:07:54.598-0500] {processor.py:208} INFO - Processing /mnt/d/Universidad/ETL/Proyecto_airflow/venv/lib/python3.12/site-packages/airflow/example_dags/example_bash_operator.py took 0.212 seconds
[2025-04-01T17:09:33.606-0500] {processor.py:186} INFO - Started process (PID=6477) to work on /mnt/d/Universidad/ETL/Proyecto_airflow/venv/lib/python3.12/site-packages/airflow/example_dags/example_bash_operator.py
[2025-04-01T17:09:33.607-0500] {processor.py:914} INFO - Processing file /mnt/d/Universidad/ETL/Proyecto_airflow/venv/lib/python3.12/site-packages/airflow/example_dags/example_bash_operator.py for tasks to queue
[2025-04-01T17:09:33.609-0500] {logging_mixin.py:190} INFO - [2025-04-01T17:09:33.608-0500] {dagbag.py:588} INFO - Filling up the DagBag from /mnt/d/Universidad/ETL/Proyecto_airflow/venv/lib/python3.12/site-packages/airflow/example_dags/example_bash_operator.py
[2025-04-01T17:09:33.668-0500] {processor.py:925} INFO - DAG(s) 'example_bash_operator' retrieved from /mnt/d/Universidad/ETL/Proyecto_airflow/venv/lib/python3.12/site-packages/airflow/example_dags/example_bash_operator.py
[2025-04-01T17:09:33.688-0500] {logging_mixin.py:190} INFO - [2025-04-01T17:09:33.687-0500] {dag.py:3239} INFO - Sync 1 DAGs
[2025-04-01T17:09:33.703-0500] {logging_mixin.py:190} INFO - [2025-04-01T17:09:33.703-0500] {dag.py:4180} INFO - Setting next_dagrun for example_bash_operator to 2025-03-31 00:00:00+00:00, run_after=2025-04-01 00:00:00+00:00
[2025-04-01T17:09:33.807-0500] {processor.py:208} INFO - Processing /mnt/d/Universidad/ETL/Proyecto_airflow/venv/lib/python3.12/site-packages/airflow/example_dags/example_bash_operator.py took 0.209 seconds
[2025-04-01T17:11:14.770-0500] {processor.py:186} INFO - Started process (PID=6550) to work on /mnt/d/Universidad/ETL/Proyecto_airflow/venv/lib/python3.12/site-packages/airflow/example_dags/example_bash_operator.py
[2025-04-01T17:11:14.771-0500] {processor.py:914} INFO - Processing file /mnt/d/Universidad/ETL/Proyecto_airflow/venv/lib/python3.12/site-packages/airflow/example_dags/example_bash_operator.py for tasks to queue
[2025-04-01T17:11:14.773-0500] {logging_mixin.py:190} INFO - [2025-04-01T17:11:14.773-0500] {dagbag.py:588} INFO - Filling up the DagBag from /mnt/d/Universidad/ETL/Proyecto_airflow/venv/lib/python3.12/site-packages/airflow/example_dags/example_bash_operator.py
[2025-04-01T17:11:14.832-0500] {processor.py:925} INFO - DAG(s) 'example_bash_operator' retrieved from /mnt/d/Universidad/ETL/Proyecto_airflow/venv/lib/python3.12/site-packages/airflow/example_dags/example_bash_operator.py
[2025-04-01T17:11:14.855-0500] {logging_mixin.py:190} INFO - [2025-04-01T17:11:14.855-0500] {dag.py:3239} INFO - Sync 1 DAGs
[2025-04-01T17:11:14.872-0500] {logging_mixin.py:190} INFO - [2025-04-01T17:11:14.871-0500] {dag.py:4180} INFO - Setting next_dagrun for example_bash_operator to 2025-03-31 00:00:00+00:00, run_after=2025-04-01 00:00:00+00:00
[2025-04-01T17:11:14.976-0500] {processor.py:208} INFO - Processing /mnt/d/Universidad/ETL/Proyecto_airflow/venv/lib/python3.12/site-packages/airflow/example_dags/example_bash_operator.py took 0.213 seconds
[2025-04-01T17:12:57.013-0500] {processor.py:186} INFO - Started process (PID=6625) to work on /mnt/d/Universidad/ETL/Proyecto_airflow/venv/lib/python3.12/site-packages/airflow/example_dags/example_bash_operator.py
[2025-04-01T17:12:57.014-0500] {processor.py:914} INFO - Processing file /mnt/d/Universidad/ETL/Proyecto_airflow/venv/lib/python3.12/site-packages/airflow/example_dags/example_bash_operator.py for tasks to queue
[2025-04-01T17:12:57.017-0500] {logging_mixin.py:190} INFO - [2025-04-01T17:12:57.016-0500] {dagbag.py:588} INFO - Filling up the DagBag from /mnt/d/Universidad/ETL/Proyecto_airflow/venv/lib/python3.12/site-packages/airflow/example_dags/example_bash_operator.py
[2025-04-01T17:12:57.074-0500] {processor.py:925} INFO - DAG(s) 'example_bash_operator' retrieved from /mnt/d/Universidad/ETL/Proyecto_airflow/venv/lib/python3.12/site-packages/airflow/example_dags/example_bash_operator.py
[2025-04-01T17:12:57.095-0500] {logging_mixin.py:190} INFO - [2025-04-01T17:12:57.094-0500] {dag.py:3239} INFO - Sync 1 DAGs
[2025-04-01T17:12:57.110-0500] {logging_mixin.py:190} INFO - [2025-04-01T17:12:57.110-0500] {dag.py:4180} INFO - Setting next_dagrun for example_bash_operator to 2025-03-31 00:00:00+00:00, run_after=2025-04-01 00:00:00+00:00
[2025-04-01T17:12:57.214-0500] {processor.py:208} INFO - Processing /mnt/d/Universidad/ETL/Proyecto_airflow/venv/lib/python3.12/site-packages/airflow/example_dags/example_bash_operator.py took 0.209 seconds
[2025-04-01T17:14:31.637-0500] {processor.py:186} INFO - Started process (PID=6697) to work on /mnt/d/Universidad/ETL/Proyecto_airflow/venv/lib/python3.12/site-packages/airflow/example_dags/example_bash_operator.py
[2025-04-01T17:14:31.638-0500] {processor.py:914} INFO - Processing file /mnt/d/Universidad/ETL/Proyecto_airflow/venv/lib/python3.12/site-packages/airflow/example_dags/example_bash_operator.py for tasks to queue
[2025-04-01T17:14:31.640-0500] {logging_mixin.py:190} INFO - [2025-04-01T17:14:31.639-0500] {dagbag.py:588} INFO - Filling up the DagBag from /mnt/d/Universidad/ETL/Proyecto_airflow/venv/lib/python3.12/site-packages/airflow/example_dags/example_bash_operator.py
[2025-04-01T17:14:31.699-0500] {processor.py:925} INFO - DAG(s) 'example_bash_operator' retrieved from /mnt/d/Universidad/ETL/Proyecto_airflow/venv/lib/python3.12/site-packages/airflow/example_dags/example_bash_operator.py
[2025-04-01T17:14:31.719-0500] {logging_mixin.py:190} INFO - [2025-04-01T17:14:31.719-0500] {dag.py:3239} INFO - Sync 1 DAGs
[2025-04-01T17:14:31.734-0500] {logging_mixin.py:190} INFO - [2025-04-01T17:14:31.734-0500] {dag.py:4180} INFO - Setting next_dagrun for example_bash_operator to 2025-03-31 00:00:00+00:00, run_after=2025-04-01 00:00:00+00:00
[2025-04-01T17:14:31.827-0500] {processor.py:208} INFO - Processing /mnt/d/Universidad/ETL/Proyecto_airflow/venv/lib/python3.12/site-packages/airflow/example_dags/example_bash_operator.py took 0.198 seconds
[2025-04-01T17:16:05.177-0500] {processor.py:186} INFO - Started process (PID=6767) to work on /mnt/d/Universidad/ETL/Proyecto_airflow/venv/lib/python3.12/site-packages/airflow/example_dags/example_bash_operator.py
[2025-04-01T17:16:05.178-0500] {processor.py:914} INFO - Processing file /mnt/d/Universidad/ETL/Proyecto_airflow/venv/lib/python3.12/site-packages/airflow/example_dags/example_bash_operator.py for tasks to queue
[2025-04-01T17:16:05.181-0500] {logging_mixin.py:190} INFO - [2025-04-01T17:16:05.180-0500] {dagbag.py:588} INFO - Filling up the DagBag from /mnt/d/Universidad/ETL/Proyecto_airflow/venv/lib/python3.12/site-packages/airflow/example_dags/example_bash_operator.py
[2025-04-01T17:16:05.245-0500] {processor.py:925} INFO - DAG(s) 'example_bash_operator' retrieved from /mnt/d/Universidad/ETL/Proyecto_airflow/venv/lib/python3.12/site-packages/airflow/example_dags/example_bash_operator.py
[2025-04-01T17:16:05.267-0500] {logging_mixin.py:190} INFO - [2025-04-01T17:16:05.267-0500] {dag.py:3239} INFO - Sync 1 DAGs
[2025-04-01T17:16:05.284-0500] {logging_mixin.py:190} INFO - [2025-04-01T17:16:05.283-0500] {dag.py:4180} INFO - Setting next_dagrun for example_bash_operator to 2025-03-31 00:00:00+00:00, run_after=2025-04-01 00:00:00+00:00
[2025-04-01T17:16:05.403-0500] {processor.py:208} INFO - Processing /mnt/d/Universidad/ETL/Proyecto_airflow/venv/lib/python3.12/site-packages/airflow/example_dags/example_bash_operator.py took 0.235 seconds
[2025-04-01T17:17:40.261-0500] {processor.py:186} INFO - Started process (PID=6842) to work on /mnt/d/Universidad/ETL/Proyecto_airflow/venv/lib/python3.12/site-packages/airflow/example_dags/example_bash_operator.py
[2025-04-01T17:17:40.262-0500] {processor.py:914} INFO - Processing file /mnt/d/Universidad/ETL/Proyecto_airflow/venv/lib/python3.12/site-packages/airflow/example_dags/example_bash_operator.py for tasks to queue
[2025-04-01T17:17:40.265-0500] {logging_mixin.py:190} INFO - [2025-04-01T17:17:40.264-0500] {dagbag.py:588} INFO - Filling up the DagBag from /mnt/d/Universidad/ETL/Proyecto_airflow/venv/lib/python3.12/site-packages/airflow/example_dags/example_bash_operator.py
[2025-04-01T17:17:40.324-0500] {processor.py:925} INFO - DAG(s) 'example_bash_operator' retrieved from /mnt/d/Universidad/ETL/Proyecto_airflow/venv/lib/python3.12/site-packages/airflow/example_dags/example_bash_operator.py
[2025-04-01T17:17:40.345-0500] {logging_mixin.py:190} INFO - [2025-04-01T17:17:40.344-0500] {dag.py:3239} INFO - Sync 1 DAGs
[2025-04-01T17:17:40.361-0500] {logging_mixin.py:190} INFO - [2025-04-01T17:17:40.360-0500] {dag.py:4180} INFO - Setting next_dagrun for example_bash_operator to 2025-03-31 00:00:00+00:00, run_after=2025-04-01 00:00:00+00:00
[2025-04-01T17:17:40.478-0500] {processor.py:208} INFO - Processing /mnt/d/Universidad/ETL/Proyecto_airflow/venv/lib/python3.12/site-packages/airflow/example_dags/example_bash_operator.py took 0.224 seconds
[2025-04-01T17:19:20.403-0500] {processor.py:186} INFO - Started process (PID=6915) to work on /mnt/d/Universidad/ETL/Proyecto_airflow/venv/lib/python3.12/site-packages/airflow/example_dags/example_bash_operator.py
[2025-04-01T17:19:20.404-0500] {processor.py:914} INFO - Processing file /mnt/d/Universidad/ETL/Proyecto_airflow/venv/lib/python3.12/site-packages/airflow/example_dags/example_bash_operator.py for tasks to queue
[2025-04-01T17:19:20.407-0500] {logging_mixin.py:190} INFO - [2025-04-01T17:19:20.406-0500] {dagbag.py:588} INFO - Filling up the DagBag from /mnt/d/Universidad/ETL/Proyecto_airflow/venv/lib/python3.12/site-packages/airflow/example_dags/example_bash_operator.py
[2025-04-01T17:19:20.465-0500] {processor.py:925} INFO - DAG(s) 'example_bash_operator' retrieved from /mnt/d/Universidad/ETL/Proyecto_airflow/venv/lib/python3.12/site-packages/airflow/example_dags/example_bash_operator.py
[2025-04-01T17:19:20.486-0500] {logging_mixin.py:190} INFO - [2025-04-01T17:19:20.485-0500] {dag.py:3239} INFO - Sync 1 DAGs
[2025-04-01T17:19:20.501-0500] {logging_mixin.py:190} INFO - [2025-04-01T17:19:20.501-0500] {dag.py:4180} INFO - Setting next_dagrun for example_bash_operator to 2025-03-31 00:00:00+00:00, run_after=2025-04-01 00:00:00+00:00
[2025-04-01T17:19:20.613-0500] {processor.py:208} INFO - Processing /mnt/d/Universidad/ETL/Proyecto_airflow/venv/lib/python3.12/site-packages/airflow/example_dags/example_bash_operator.py took 0.217 seconds
[2025-04-01T17:21:02.458-0500] {processor.py:186} INFO - Started process (PID=6988) to work on /mnt/d/Universidad/ETL/Proyecto_airflow/venv/lib/python3.12/site-packages/airflow/example_dags/example_bash_operator.py
[2025-04-01T17:21:02.459-0500] {processor.py:914} INFO - Processing file /mnt/d/Universidad/ETL/Proyecto_airflow/venv/lib/python3.12/site-packages/airflow/example_dags/example_bash_operator.py for tasks to queue
[2025-04-01T17:21:02.461-0500] {logging_mixin.py:190} INFO - [2025-04-01T17:21:02.460-0500] {dagbag.py:588} INFO - Filling up the DagBag from /mnt/d/Universidad/ETL/Proyecto_airflow/venv/lib/python3.12/site-packages/airflow/example_dags/example_bash_operator.py
[2025-04-01T17:21:02.521-0500] {processor.py:925} INFO - DAG(s) 'example_bash_operator' retrieved from /mnt/d/Universidad/ETL/Proyecto_airflow/venv/lib/python3.12/site-packages/airflow/example_dags/example_bash_operator.py
[2025-04-01T17:21:02.544-0500] {logging_mixin.py:190} INFO - [2025-04-01T17:21:02.543-0500] {dag.py:3239} INFO - Sync 1 DAGs
[2025-04-01T17:21:02.560-0500] {logging_mixin.py:190} INFO - [2025-04-01T17:21:02.560-0500] {dag.py:4180} INFO - Setting next_dagrun for example_bash_operator to 2025-03-31 00:00:00+00:00, run_after=2025-04-01 00:00:00+00:00
[2025-04-01T17:21:02.664-0500] {processor.py:208} INFO - Processing /mnt/d/Universidad/ETL/Proyecto_airflow/venv/lib/python3.12/site-packages/airflow/example_dags/example_bash_operator.py took 0.214 seconds
[2025-04-01T17:22:43.452-0500] {processor.py:186} INFO - Started process (PID=7062) to work on /mnt/d/Universidad/ETL/Proyecto_airflow/venv/lib/python3.12/site-packages/airflow/example_dags/example_bash_operator.py
[2025-04-01T17:22:43.453-0500] {processor.py:914} INFO - Processing file /mnt/d/Universidad/ETL/Proyecto_airflow/venv/lib/python3.12/site-packages/airflow/example_dags/example_bash_operator.py for tasks to queue
[2025-04-01T17:22:43.455-0500] {logging_mixin.py:190} INFO - [2025-04-01T17:22:43.455-0500] {dagbag.py:588} INFO - Filling up the DagBag from /mnt/d/Universidad/ETL/Proyecto_airflow/venv/lib/python3.12/site-packages/airflow/example_dags/example_bash_operator.py
[2025-04-01T17:22:43.515-0500] {processor.py:925} INFO - DAG(s) 'example_bash_operator' retrieved from /mnt/d/Universidad/ETL/Proyecto_airflow/venv/lib/python3.12/site-packages/airflow/example_dags/example_bash_operator.py
[2025-04-01T17:22:43.535-0500] {logging_mixin.py:190} INFO - [2025-04-01T17:22:43.535-0500] {dag.py:3239} INFO - Sync 1 DAGs
[2025-04-01T17:22:43.550-0500] {logging_mixin.py:190} INFO - [2025-04-01T17:22:43.550-0500] {dag.py:4180} INFO - Setting next_dagrun for example_bash_operator to 2025-03-31 00:00:00+00:00, run_after=2025-04-01 00:00:00+00:00
[2025-04-01T17:22:43.655-0500] {processor.py:208} INFO - Processing /mnt/d/Universidad/ETL/Proyecto_airflow/venv/lib/python3.12/site-packages/airflow/example_dags/example_bash_operator.py took 0.211 seconds
[2025-04-01T17:24:19.135-0500] {processor.py:186} INFO - Started process (PID=7133) to work on /mnt/d/Universidad/ETL/Proyecto_airflow/venv/lib/python3.12/site-packages/airflow/example_dags/example_bash_operator.py
[2025-04-01T17:24:19.136-0500] {processor.py:914} INFO - Processing file /mnt/d/Universidad/ETL/Proyecto_airflow/venv/lib/python3.12/site-packages/airflow/example_dags/example_bash_operator.py for tasks to queue
[2025-04-01T17:24:19.138-0500] {logging_mixin.py:190} INFO - [2025-04-01T17:24:19.137-0500] {dagbag.py:588} INFO - Filling up the DagBag from /mnt/d/Universidad/ETL/Proyecto_airflow/venv/lib/python3.12/site-packages/airflow/example_dags/example_bash_operator.py
[2025-04-01T17:24:19.197-0500] {processor.py:925} INFO - DAG(s) 'example_bash_operator' retrieved from /mnt/d/Universidad/ETL/Proyecto_airflow/venv/lib/python3.12/site-packages/airflow/example_dags/example_bash_operator.py
[2025-04-01T17:24:19.218-0500] {logging_mixin.py:190} INFO - [2025-04-01T17:24:19.218-0500] {dag.py:3239} INFO - Sync 1 DAGs
[2025-04-01T17:24:19.233-0500] {logging_mixin.py:190} INFO - [2025-04-01T17:24:19.233-0500] {dag.py:4180} INFO - Setting next_dagrun for example_bash_operator to 2025-03-31 00:00:00+00:00, run_after=2025-04-01 00:00:00+00:00
[2025-04-01T17:24:19.340-0500] {processor.py:208} INFO - Processing /mnt/d/Universidad/ETL/Proyecto_airflow/venv/lib/python3.12/site-packages/airflow/example_dags/example_bash_operator.py took 0.214 seconds
[2025-04-01T17:25:53.072-0500] {processor.py:186} INFO - Started process (PID=7204) to work on /mnt/d/Universidad/ETL/Proyecto_airflow/venv/lib/python3.12/site-packages/airflow/example_dags/example_bash_operator.py
[2025-04-01T17:25:53.073-0500] {processor.py:914} INFO - Processing file /mnt/d/Universidad/ETL/Proyecto_airflow/venv/lib/python3.12/site-packages/airflow/example_dags/example_bash_operator.py for tasks to queue
[2025-04-01T17:25:53.075-0500] {logging_mixin.py:190} INFO - [2025-04-01T17:25:53.074-0500] {dagbag.py:588} INFO - Filling up the DagBag from /mnt/d/Universidad/ETL/Proyecto_airflow/venv/lib/python3.12/site-packages/airflow/example_dags/example_bash_operator.py
[2025-04-01T17:25:53.133-0500] {processor.py:925} INFO - DAG(s) 'example_bash_operator' retrieved from /mnt/d/Universidad/ETL/Proyecto_airflow/venv/lib/python3.12/site-packages/airflow/example_dags/example_bash_operator.py
[2025-04-01T17:25:53.154-0500] {logging_mixin.py:190} INFO - [2025-04-01T17:25:53.154-0500] {dag.py:3239} INFO - Sync 1 DAGs
[2025-04-01T17:25:53.170-0500] {logging_mixin.py:190} INFO - [2025-04-01T17:25:53.169-0500] {dag.py:4180} INFO - Setting next_dagrun for example_bash_operator to 2025-03-31 00:00:00+00:00, run_after=2025-04-01 00:00:00+00:00
[2025-04-01T17:25:53.287-0500] {processor.py:208} INFO - Processing /mnt/d/Universidad/ETL/Proyecto_airflow/venv/lib/python3.12/site-packages/airflow/example_dags/example_bash_operator.py took 0.223 seconds
[2025-04-01T17:27:31.586-0500] {processor.py:186} INFO - Started process (PID=7275) to work on /mnt/d/Universidad/ETL/Proyecto_airflow/venv/lib/python3.12/site-packages/airflow/example_dags/example_bash_operator.py
[2025-04-01T17:27:31.587-0500] {processor.py:914} INFO - Processing file /mnt/d/Universidad/ETL/Proyecto_airflow/venv/lib/python3.12/site-packages/airflow/example_dags/example_bash_operator.py for tasks to queue
[2025-04-01T17:27:31.589-0500] {logging_mixin.py:190} INFO - [2025-04-01T17:27:31.589-0500] {dagbag.py:588} INFO - Filling up the DagBag from /mnt/d/Universidad/ETL/Proyecto_airflow/venv/lib/python3.12/site-packages/airflow/example_dags/example_bash_operator.py
[2025-04-01T17:27:31.648-0500] {processor.py:925} INFO - DAG(s) 'example_bash_operator' retrieved from /mnt/d/Universidad/ETL/Proyecto_airflow/venv/lib/python3.12/site-packages/airflow/example_dags/example_bash_operator.py
[2025-04-01T17:27:31.669-0500] {logging_mixin.py:190} INFO - [2025-04-01T17:27:31.668-0500] {dag.py:3239} INFO - Sync 1 DAGs
[2025-04-01T17:27:31.684-0500] {logging_mixin.py:190} INFO - [2025-04-01T17:27:31.683-0500] {dag.py:4180} INFO - Setting next_dagrun for example_bash_operator to 2025-03-31 00:00:00+00:00, run_after=2025-04-01 00:00:00+00:00
[2025-04-01T17:27:31.784-0500] {processor.py:208} INFO - Processing /mnt/d/Universidad/ETL/Proyecto_airflow/venv/lib/python3.12/site-packages/airflow/example_dags/example_bash_operator.py took 0.206 seconds
[2025-04-01T17:28:59.544-0500] {processor.py:186} INFO - Started process (PID=7343) to work on /mnt/d/Universidad/ETL/Proyecto_airflow/venv/lib/python3.12/site-packages/airflow/example_dags/example_bash_operator.py
[2025-04-01T17:28:59.545-0500] {processor.py:914} INFO - Processing file /mnt/d/Universidad/ETL/Proyecto_airflow/venv/lib/python3.12/site-packages/airflow/example_dags/example_bash_operator.py for tasks to queue
[2025-04-01T17:28:59.547-0500] {logging_mixin.py:190} INFO - [2025-04-01T17:28:59.546-0500] {dagbag.py:588} INFO - Filling up the DagBag from /mnt/d/Universidad/ETL/Proyecto_airflow/venv/lib/python3.12/site-packages/airflow/example_dags/example_bash_operator.py
[2025-04-01T17:28:59.607-0500] {processor.py:925} INFO - DAG(s) 'example_bash_operator' retrieved from /mnt/d/Universidad/ETL/Proyecto_airflow/venv/lib/python3.12/site-packages/airflow/example_dags/example_bash_operator.py
[2025-04-01T17:28:59.629-0500] {logging_mixin.py:190} INFO - [2025-04-01T17:28:59.628-0500] {dag.py:3239} INFO - Sync 1 DAGs
[2025-04-01T17:28:59.644-0500] {logging_mixin.py:190} INFO - [2025-04-01T17:28:59.644-0500] {dag.py:4180} INFO - Setting next_dagrun for example_bash_operator to 2025-03-31 00:00:00+00:00, run_after=2025-04-01 00:00:00+00:00
[2025-04-01T17:28:59.752-0500] {processor.py:208} INFO - Processing /mnt/d/Universidad/ETL/Proyecto_airflow/venv/lib/python3.12/site-packages/airflow/example_dags/example_bash_operator.py took 0.216 seconds
