[2025-04-01T16:16:52.576-0500] {processor.py:186} INFO - Started process (PID=4087) to work on /mnt/d/Universidad/ETL/Proyecto_airflow/venv/lib/python3.12/site-packages/airflow/example_dags/example_kubernetes_executor.py
[2025-04-01T16:16:52.577-0500] {processor.py:914} INFO - Processing file /mnt/d/Universidad/ETL/Proyecto_airflow/venv/lib/python3.12/site-packages/airflow/example_dags/example_kubernetes_executor.py for tasks to queue
[2025-04-01T16:16:52.580-0500] {logging_mixin.py:190} INFO - [2025-04-01T16:16:52.579-0500] {dagbag.py:588} INFO - Filling up the DagBag from /mnt/d/Universidad/ETL/Proyecto_airflow/venv/lib/python3.12/site-packages/airflow/example_dags/example_kubernetes_executor.py
[2025-04-01T16:16:52.597-0500] {logging_mixin.py:190} INFO - [2025-04-01T16:16:52.596-0500] {example_kubernetes_executor.py:39} WARNING - The example_kubernetes_executor example DAG requires the kubernetes provider. Please install it with: pip install apache-airflow[cncf.kubernetes]
[2025-04-01T16:16:52.598-0500] {processor.py:927} WARNING - No viable dags retrieved from /mnt/d/Universidad/ETL/Proyecto_airflow/venv/lib/python3.12/site-packages/airflow/example_dags/example_kubernetes_executor.py
[2025-04-01T16:16:52.613-0500] {processor.py:208} INFO - Processing /mnt/d/Universidad/ETL/Proyecto_airflow/venv/lib/python3.12/site-packages/airflow/example_dags/example_kubernetes_executor.py took 0.045 seconds
[2025-04-01T16:18:47.150-0500] {processor.py:186} INFO - Started process (PID=4159) to work on /mnt/d/Universidad/ETL/Proyecto_airflow/venv/lib/python3.12/site-packages/airflow/example_dags/example_kubernetes_executor.py
[2025-04-01T16:18:47.151-0500] {processor.py:914} INFO - Processing file /mnt/d/Universidad/ETL/Proyecto_airflow/venv/lib/python3.12/site-packages/airflow/example_dags/example_kubernetes_executor.py for tasks to queue
[2025-04-01T16:18:47.153-0500] {logging_mixin.py:190} INFO - [2025-04-01T16:18:47.153-0500] {dagbag.py:588} INFO - Filling up the DagBag from /mnt/d/Universidad/ETL/Proyecto_airflow/venv/lib/python3.12/site-packages/airflow/example_dags/example_kubernetes_executor.py
[2025-04-01T16:18:47.170-0500] {logging_mixin.py:190} INFO - [2025-04-01T16:18:47.169-0500] {example_kubernetes_executor.py:39} WARNING - The example_kubernetes_executor example DAG requires the kubernetes provider. Please install it with: pip install apache-airflow[cncf.kubernetes]
[2025-04-01T16:18:47.170-0500] {processor.py:927} WARNING - No viable dags retrieved from /mnt/d/Universidad/ETL/Proyecto_airflow/venv/lib/python3.12/site-packages/airflow/example_dags/example_kubernetes_executor.py
[2025-04-01T16:18:47.183-0500] {processor.py:208} INFO - Processing /mnt/d/Universidad/ETL/Proyecto_airflow/venv/lib/python3.12/site-packages/airflow/example_dags/example_kubernetes_executor.py took 0.041 seconds
[2025-04-01T16:20:15.736-0500] {processor.py:186} INFO - Started process (PID=4230) to work on /mnt/d/Universidad/ETL/Proyecto_airflow/venv/lib/python3.12/site-packages/airflow/example_dags/example_kubernetes_executor.py
[2025-04-01T16:20:15.737-0500] {processor.py:914} INFO - Processing file /mnt/d/Universidad/ETL/Proyecto_airflow/venv/lib/python3.12/site-packages/airflow/example_dags/example_kubernetes_executor.py for tasks to queue
[2025-04-01T16:20:15.739-0500] {logging_mixin.py:190} INFO - [2025-04-01T16:20:15.738-0500] {dagbag.py:588} INFO - Filling up the DagBag from /mnt/d/Universidad/ETL/Proyecto_airflow/venv/lib/python3.12/site-packages/airflow/example_dags/example_kubernetes_executor.py
[2025-04-01T16:20:15.755-0500] {logging_mixin.py:190} INFO - [2025-04-01T16:20:15.755-0500] {example_kubernetes_executor.py:39} WARNING - The example_kubernetes_executor example DAG requires the kubernetes provider. Please install it with: pip install apache-airflow[cncf.kubernetes]
[2025-04-01T16:20:15.756-0500] {processor.py:927} WARNING - No viable dags retrieved from /mnt/d/Universidad/ETL/Proyecto_airflow/venv/lib/python3.12/site-packages/airflow/example_dags/example_kubernetes_executor.py
[2025-04-01T16:20:15.769-0500] {processor.py:208} INFO - Processing /mnt/d/Universidad/ETL/Proyecto_airflow/venv/lib/python3.12/site-packages/airflow/example_dags/example_kubernetes_executor.py took 0.041 seconds
[2025-04-01T16:21:44.239-0500] {processor.py:186} INFO - Started process (PID=4303) to work on /mnt/d/Universidad/ETL/Proyecto_airflow/venv/lib/python3.12/site-packages/airflow/example_dags/example_kubernetes_executor.py
[2025-04-01T16:21:44.240-0500] {processor.py:914} INFO - Processing file /mnt/d/Universidad/ETL/Proyecto_airflow/venv/lib/python3.12/site-packages/airflow/example_dags/example_kubernetes_executor.py for tasks to queue
[2025-04-01T16:21:44.242-0500] {logging_mixin.py:190} INFO - [2025-04-01T16:21:44.241-0500] {dagbag.py:588} INFO - Filling up the DagBag from /mnt/d/Universidad/ETL/Proyecto_airflow/venv/lib/python3.12/site-packages/airflow/example_dags/example_kubernetes_executor.py
[2025-04-01T16:21:44.258-0500] {logging_mixin.py:190} INFO - [2025-04-01T16:21:44.258-0500] {example_kubernetes_executor.py:39} WARNING - The example_kubernetes_executor example DAG requires the kubernetes provider. Please install it with: pip install apache-airflow[cncf.kubernetes]
[2025-04-01T16:21:44.259-0500] {processor.py:927} WARNING - No viable dags retrieved from /mnt/d/Universidad/ETL/Proyecto_airflow/venv/lib/python3.12/site-packages/airflow/example_dags/example_kubernetes_executor.py
[2025-04-01T16:21:44.272-0500] {processor.py:208} INFO - Processing /mnt/d/Universidad/ETL/Proyecto_airflow/venv/lib/python3.12/site-packages/airflow/example_dags/example_kubernetes_executor.py took 0.041 seconds
[2025-04-01T16:23:07.476-0500] {processor.py:186} INFO - Started process (PID=4369) to work on /mnt/d/Universidad/ETL/Proyecto_airflow/venv/lib/python3.12/site-packages/airflow/example_dags/example_kubernetes_executor.py
[2025-04-01T16:23:07.477-0500] {processor.py:914} INFO - Processing file /mnt/d/Universidad/ETL/Proyecto_airflow/venv/lib/python3.12/site-packages/airflow/example_dags/example_kubernetes_executor.py for tasks to queue
[2025-04-01T16:23:07.479-0500] {logging_mixin.py:190} INFO - [2025-04-01T16:23:07.479-0500] {dagbag.py:588} INFO - Filling up the DagBag from /mnt/d/Universidad/ETL/Proyecto_airflow/venv/lib/python3.12/site-packages/airflow/example_dags/example_kubernetes_executor.py
[2025-04-01T16:23:07.496-0500] {logging_mixin.py:190} INFO - [2025-04-01T16:23:07.495-0500] {example_kubernetes_executor.py:39} WARNING - The example_kubernetes_executor example DAG requires the kubernetes provider. Please install it with: pip install apache-airflow[cncf.kubernetes]
[2025-04-01T16:23:07.497-0500] {processor.py:927} WARNING - No viable dags retrieved from /mnt/d/Universidad/ETL/Proyecto_airflow/venv/lib/python3.12/site-packages/airflow/example_dags/example_kubernetes_executor.py
[2025-04-01T16:23:07.510-0500] {processor.py:208} INFO - Processing /mnt/d/Universidad/ETL/Proyecto_airflow/venv/lib/python3.12/site-packages/airflow/example_dags/example_kubernetes_executor.py took 0.041 seconds
[2025-04-01T16:24:41.520-0500] {processor.py:186} INFO - Started process (PID=4441) to work on /mnt/d/Universidad/ETL/Proyecto_airflow/venv/lib/python3.12/site-packages/airflow/example_dags/example_kubernetes_executor.py
[2025-04-01T16:24:41.521-0500] {processor.py:914} INFO - Processing file /mnt/d/Universidad/ETL/Proyecto_airflow/venv/lib/python3.12/site-packages/airflow/example_dags/example_kubernetes_executor.py for tasks to queue
[2025-04-01T16:24:41.523-0500] {logging_mixin.py:190} INFO - [2025-04-01T16:24:41.522-0500] {dagbag.py:588} INFO - Filling up the DagBag from /mnt/d/Universidad/ETL/Proyecto_airflow/venv/lib/python3.12/site-packages/airflow/example_dags/example_kubernetes_executor.py
[2025-04-01T16:24:41.540-0500] {logging_mixin.py:190} INFO - [2025-04-01T16:24:41.539-0500] {example_kubernetes_executor.py:39} WARNING - The example_kubernetes_executor example DAG requires the kubernetes provider. Please install it with: pip install apache-airflow[cncf.kubernetes]
[2025-04-01T16:24:41.541-0500] {processor.py:927} WARNING - No viable dags retrieved from /mnt/d/Universidad/ETL/Proyecto_airflow/venv/lib/python3.12/site-packages/airflow/example_dags/example_kubernetes_executor.py
[2025-04-01T16:24:41.554-0500] {processor.py:208} INFO - Processing /mnt/d/Universidad/ETL/Proyecto_airflow/venv/lib/python3.12/site-packages/airflow/example_dags/example_kubernetes_executor.py took 0.042 seconds
[2025-04-01T16:26:17.013-0500] {processor.py:186} INFO - Started process (PID=4512) to work on /mnt/d/Universidad/ETL/Proyecto_airflow/venv/lib/python3.12/site-packages/airflow/example_dags/example_kubernetes_executor.py
[2025-04-01T16:26:17.014-0500] {processor.py:914} INFO - Processing file /mnt/d/Universidad/ETL/Proyecto_airflow/venv/lib/python3.12/site-packages/airflow/example_dags/example_kubernetes_executor.py for tasks to queue
[2025-04-01T16:26:17.017-0500] {logging_mixin.py:190} INFO - [2025-04-01T16:26:17.016-0500] {dagbag.py:588} INFO - Filling up the DagBag from /mnt/d/Universidad/ETL/Proyecto_airflow/venv/lib/python3.12/site-packages/airflow/example_dags/example_kubernetes_executor.py
[2025-04-01T16:26:17.033-0500] {logging_mixin.py:190} INFO - [2025-04-01T16:26:17.032-0500] {example_kubernetes_executor.py:39} WARNING - The example_kubernetes_executor example DAG requires the kubernetes provider. Please install it with: pip install apache-airflow[cncf.kubernetes]
[2025-04-01T16:26:17.034-0500] {processor.py:927} WARNING - No viable dags retrieved from /mnt/d/Universidad/ETL/Proyecto_airflow/venv/lib/python3.12/site-packages/airflow/example_dags/example_kubernetes_executor.py
[2025-04-01T16:26:17.047-0500] {processor.py:208} INFO - Processing /mnt/d/Universidad/ETL/Proyecto_airflow/venv/lib/python3.12/site-packages/airflow/example_dags/example_kubernetes_executor.py took 0.041 seconds
[2025-04-01T16:27:48.569-0500] {processor.py:186} INFO - Started process (PID=4583) to work on /mnt/d/Universidad/ETL/Proyecto_airflow/venv/lib/python3.12/site-packages/airflow/example_dags/example_kubernetes_executor.py
[2025-04-01T16:27:48.570-0500] {processor.py:914} INFO - Processing file /mnt/d/Universidad/ETL/Proyecto_airflow/venv/lib/python3.12/site-packages/airflow/example_dags/example_kubernetes_executor.py for tasks to queue
[2025-04-01T16:27:48.572-0500] {logging_mixin.py:190} INFO - [2025-04-01T16:27:48.572-0500] {dagbag.py:588} INFO - Filling up the DagBag from /mnt/d/Universidad/ETL/Proyecto_airflow/venv/lib/python3.12/site-packages/airflow/example_dags/example_kubernetes_executor.py
[2025-04-01T16:27:48.589-0500] {logging_mixin.py:190} INFO - [2025-04-01T16:27:48.588-0500] {example_kubernetes_executor.py:39} WARNING - The example_kubernetes_executor example DAG requires the kubernetes provider. Please install it with: pip install apache-airflow[cncf.kubernetes]
[2025-04-01T16:27:48.590-0500] {processor.py:927} WARNING - No viable dags retrieved from /mnt/d/Universidad/ETL/Proyecto_airflow/venv/lib/python3.12/site-packages/airflow/example_dags/example_kubernetes_executor.py
[2025-04-01T16:27:48.603-0500] {processor.py:208} INFO - Processing /mnt/d/Universidad/ETL/Proyecto_airflow/venv/lib/python3.12/site-packages/airflow/example_dags/example_kubernetes_executor.py took 0.042 seconds
[2025-04-01T16:29:18.981-0500] {processor.py:186} INFO - Started process (PID=4653) to work on /mnt/d/Universidad/ETL/Proyecto_airflow/venv/lib/python3.12/site-packages/airflow/example_dags/example_kubernetes_executor.py
[2025-04-01T16:29:18.982-0500] {processor.py:914} INFO - Processing file /mnt/d/Universidad/ETL/Proyecto_airflow/venv/lib/python3.12/site-packages/airflow/example_dags/example_kubernetes_executor.py for tasks to queue
[2025-04-01T16:29:18.984-0500] {logging_mixin.py:190} INFO - [2025-04-01T16:29:18.983-0500] {dagbag.py:588} INFO - Filling up the DagBag from /mnt/d/Universidad/ETL/Proyecto_airflow/venv/lib/python3.12/site-packages/airflow/example_dags/example_kubernetes_executor.py
[2025-04-01T16:29:19.000-0500] {logging_mixin.py:190} INFO - [2025-04-01T16:29:19.000-0500] {example_kubernetes_executor.py:39} WARNING - The example_kubernetes_executor example DAG requires the kubernetes provider. Please install it with: pip install apache-airflow[cncf.kubernetes]
[2025-04-01T16:29:19.001-0500] {processor.py:927} WARNING - No viable dags retrieved from /mnt/d/Universidad/ETL/Proyecto_airflow/venv/lib/python3.12/site-packages/airflow/example_dags/example_kubernetes_executor.py
[2025-04-01T16:29:19.016-0500] {processor.py:208} INFO - Processing /mnt/d/Universidad/ETL/Proyecto_airflow/venv/lib/python3.12/site-packages/airflow/example_dags/example_kubernetes_executor.py took 0.043 seconds
[2025-04-01T16:30:51.626-0500] {processor.py:186} INFO - Started process (PID=4725) to work on /mnt/d/Universidad/ETL/Proyecto_airflow/venv/lib/python3.12/site-packages/airflow/example_dags/example_kubernetes_executor.py
[2025-04-01T16:30:51.627-0500] {processor.py:914} INFO - Processing file /mnt/d/Universidad/ETL/Proyecto_airflow/venv/lib/python3.12/site-packages/airflow/example_dags/example_kubernetes_executor.py for tasks to queue
[2025-04-01T16:30:51.629-0500] {logging_mixin.py:190} INFO - [2025-04-01T16:30:51.629-0500] {dagbag.py:588} INFO - Filling up the DagBag from /mnt/d/Universidad/ETL/Proyecto_airflow/venv/lib/python3.12/site-packages/airflow/example_dags/example_kubernetes_executor.py
[2025-04-01T16:30:51.646-0500] {logging_mixin.py:190} INFO - [2025-04-01T16:30:51.645-0500] {example_kubernetes_executor.py:39} WARNING - The example_kubernetes_executor example DAG requires the kubernetes provider. Please install it with: pip install apache-airflow[cncf.kubernetes]
[2025-04-01T16:30:51.646-0500] {processor.py:927} WARNING - No viable dags retrieved from /mnt/d/Universidad/ETL/Proyecto_airflow/venv/lib/python3.12/site-packages/airflow/example_dags/example_kubernetes_executor.py
[2025-04-01T16:30:51.659-0500] {processor.py:208} INFO - Processing /mnt/d/Universidad/ETL/Proyecto_airflow/venv/lib/python3.12/site-packages/airflow/example_dags/example_kubernetes_executor.py took 0.041 seconds
[2025-04-01T16:32:27.503-0500] {processor.py:186} INFO - Started process (PID=4798) to work on /mnt/d/Universidad/ETL/Proyecto_airflow/venv/lib/python3.12/site-packages/airflow/example_dags/example_kubernetes_executor.py
[2025-04-01T16:32:27.504-0500] {processor.py:914} INFO - Processing file /mnt/d/Universidad/ETL/Proyecto_airflow/venv/lib/python3.12/site-packages/airflow/example_dags/example_kubernetes_executor.py for tasks to queue
[2025-04-01T16:32:27.506-0500] {logging_mixin.py:190} INFO - [2025-04-01T16:32:27.505-0500] {dagbag.py:588} INFO - Filling up the DagBag from /mnt/d/Universidad/ETL/Proyecto_airflow/venv/lib/python3.12/site-packages/airflow/example_dags/example_kubernetes_executor.py
[2025-04-01T16:32:27.523-0500] {logging_mixin.py:190} INFO - [2025-04-01T16:32:27.522-0500] {example_kubernetes_executor.py:39} WARNING - The example_kubernetes_executor example DAG requires the kubernetes provider. Please install it with: pip install apache-airflow[cncf.kubernetes]
[2025-04-01T16:32:27.524-0500] {processor.py:927} WARNING - No viable dags retrieved from /mnt/d/Universidad/ETL/Proyecto_airflow/venv/lib/python3.12/site-packages/airflow/example_dags/example_kubernetes_executor.py
[2025-04-01T16:32:27.538-0500] {processor.py:208} INFO - Processing /mnt/d/Universidad/ETL/Proyecto_airflow/venv/lib/python3.12/site-packages/airflow/example_dags/example_kubernetes_executor.py took 0.043 seconds
[2025-04-01T16:33:58.074-0500] {processor.py:186} INFO - Started process (PID=4868) to work on /mnt/d/Universidad/ETL/Proyecto_airflow/venv/lib/python3.12/site-packages/airflow/example_dags/example_kubernetes_executor.py
[2025-04-01T16:33:58.076-0500] {processor.py:914} INFO - Processing file /mnt/d/Universidad/ETL/Proyecto_airflow/venv/lib/python3.12/site-packages/airflow/example_dags/example_kubernetes_executor.py for tasks to queue
[2025-04-01T16:33:58.078-0500] {logging_mixin.py:190} INFO - [2025-04-01T16:33:58.077-0500] {dagbag.py:588} INFO - Filling up the DagBag from /mnt/d/Universidad/ETL/Proyecto_airflow/venv/lib/python3.12/site-packages/airflow/example_dags/example_kubernetes_executor.py
[2025-04-01T16:33:58.094-0500] {logging_mixin.py:190} INFO - [2025-04-01T16:33:58.094-0500] {example_kubernetes_executor.py:39} WARNING - The example_kubernetes_executor example DAG requires the kubernetes provider. Please install it with: pip install apache-airflow[cncf.kubernetes]
[2025-04-01T16:33:58.095-0500] {processor.py:927} WARNING - No viable dags retrieved from /mnt/d/Universidad/ETL/Proyecto_airflow/venv/lib/python3.12/site-packages/airflow/example_dags/example_kubernetes_executor.py
[2025-04-01T16:33:58.108-0500] {processor.py:208} INFO - Processing /mnt/d/Universidad/ETL/Proyecto_airflow/venv/lib/python3.12/site-packages/airflow/example_dags/example_kubernetes_executor.py took 0.042 seconds
[2025-04-01T16:35:23.237-0500] {processor.py:186} INFO - Started process (PID=4937) to work on /mnt/d/Universidad/ETL/Proyecto_airflow/venv/lib/python3.12/site-packages/airflow/example_dags/example_kubernetes_executor.py
[2025-04-01T16:35:23.238-0500] {processor.py:914} INFO - Processing file /mnt/d/Universidad/ETL/Proyecto_airflow/venv/lib/python3.12/site-packages/airflow/example_dags/example_kubernetes_executor.py for tasks to queue
[2025-04-01T16:35:23.241-0500] {logging_mixin.py:190} INFO - [2025-04-01T16:35:23.240-0500] {dagbag.py:588} INFO - Filling up the DagBag from /mnt/d/Universidad/ETL/Proyecto_airflow/venv/lib/python3.12/site-packages/airflow/example_dags/example_kubernetes_executor.py
[2025-04-01T16:35:23.257-0500] {logging_mixin.py:190} INFO - [2025-04-01T16:35:23.256-0500] {example_kubernetes_executor.py:39} WARNING - The example_kubernetes_executor example DAG requires the kubernetes provider. Please install it with: pip install apache-airflow[cncf.kubernetes]
[2025-04-01T16:35:23.258-0500] {processor.py:927} WARNING - No viable dags retrieved from /mnt/d/Universidad/ETL/Proyecto_airflow/venv/lib/python3.12/site-packages/airflow/example_dags/example_kubernetes_executor.py
[2025-04-01T16:35:23.270-0500] {processor.py:208} INFO - Processing /mnt/d/Universidad/ETL/Proyecto_airflow/venv/lib/python3.12/site-packages/airflow/example_dags/example_kubernetes_executor.py took 0.041 seconds
[2025-04-01T16:36:58.363-0500] {processor.py:186} INFO - Started process (PID=5008) to work on /mnt/d/Universidad/ETL/Proyecto_airflow/venv/lib/python3.12/site-packages/airflow/example_dags/example_kubernetes_executor.py
[2025-04-01T16:36:58.364-0500] {processor.py:914} INFO - Processing file /mnt/d/Universidad/ETL/Proyecto_airflow/venv/lib/python3.12/site-packages/airflow/example_dags/example_kubernetes_executor.py for tasks to queue
[2025-04-01T16:36:58.366-0500] {logging_mixin.py:190} INFO - [2025-04-01T16:36:58.365-0500] {dagbag.py:588} INFO - Filling up the DagBag from /mnt/d/Universidad/ETL/Proyecto_airflow/venv/lib/python3.12/site-packages/airflow/example_dags/example_kubernetes_executor.py
[2025-04-01T16:36:58.383-0500] {logging_mixin.py:190} INFO - [2025-04-01T16:36:58.382-0500] {example_kubernetes_executor.py:39} WARNING - The example_kubernetes_executor example DAG requires the kubernetes provider. Please install it with: pip install apache-airflow[cncf.kubernetes]
[2025-04-01T16:36:58.384-0500] {processor.py:927} WARNING - No viable dags retrieved from /mnt/d/Universidad/ETL/Proyecto_airflow/venv/lib/python3.12/site-packages/airflow/example_dags/example_kubernetes_executor.py
[2025-04-01T16:36:58.398-0500] {processor.py:208} INFO - Processing /mnt/d/Universidad/ETL/Proyecto_airflow/venv/lib/python3.12/site-packages/airflow/example_dags/example_kubernetes_executor.py took 0.044 seconds
[2025-04-01T16:38:31.361-0500] {processor.py:186} INFO - Started process (PID=5077) to work on /mnt/d/Universidad/ETL/Proyecto_airflow/venv/lib/python3.12/site-packages/airflow/example_dags/example_kubernetes_executor.py
[2025-04-01T16:38:31.362-0500] {processor.py:914} INFO - Processing file /mnt/d/Universidad/ETL/Proyecto_airflow/venv/lib/python3.12/site-packages/airflow/example_dags/example_kubernetes_executor.py for tasks to queue
[2025-04-01T16:38:31.365-0500] {logging_mixin.py:190} INFO - [2025-04-01T16:38:31.364-0500] {dagbag.py:588} INFO - Filling up the DagBag from /mnt/d/Universidad/ETL/Proyecto_airflow/venv/lib/python3.12/site-packages/airflow/example_dags/example_kubernetes_executor.py
[2025-04-01T16:38:31.382-0500] {logging_mixin.py:190} INFO - [2025-04-01T16:38:31.381-0500] {example_kubernetes_executor.py:39} WARNING - The example_kubernetes_executor example DAG requires the kubernetes provider. Please install it with: pip install apache-airflow[cncf.kubernetes]
[2025-04-01T16:38:31.382-0500] {processor.py:927} WARNING - No viable dags retrieved from /mnt/d/Universidad/ETL/Proyecto_airflow/venv/lib/python3.12/site-packages/airflow/example_dags/example_kubernetes_executor.py
[2025-04-01T16:38:31.396-0500] {processor.py:208} INFO - Processing /mnt/d/Universidad/ETL/Proyecto_airflow/venv/lib/python3.12/site-packages/airflow/example_dags/example_kubernetes_executor.py took 0.042 seconds
[2025-04-01T16:40:01.221-0500] {processor.py:186} INFO - Started process (PID=5148) to work on /mnt/d/Universidad/ETL/Proyecto_airflow/venv/lib/python3.12/site-packages/airflow/example_dags/example_kubernetes_executor.py
[2025-04-01T16:40:01.222-0500] {processor.py:914} INFO - Processing file /mnt/d/Universidad/ETL/Proyecto_airflow/venv/lib/python3.12/site-packages/airflow/example_dags/example_kubernetes_executor.py for tasks to queue
[2025-04-01T16:40:01.224-0500] {logging_mixin.py:190} INFO - [2025-04-01T16:40:01.223-0500] {dagbag.py:588} INFO - Filling up the DagBag from /mnt/d/Universidad/ETL/Proyecto_airflow/venv/lib/python3.12/site-packages/airflow/example_dags/example_kubernetes_executor.py
[2025-04-01T16:40:01.241-0500] {logging_mixin.py:190} INFO - [2025-04-01T16:40:01.241-0500] {example_kubernetes_executor.py:39} WARNING - The example_kubernetes_executor example DAG requires the kubernetes provider. Please install it with: pip install apache-airflow[cncf.kubernetes]
[2025-04-01T16:40:01.242-0500] {processor.py:927} WARNING - No viable dags retrieved from /mnt/d/Universidad/ETL/Proyecto_airflow/venv/lib/python3.12/site-packages/airflow/example_dags/example_kubernetes_executor.py
[2025-04-01T16:40:01.256-0500] {processor.py:208} INFO - Processing /mnt/d/Universidad/ETL/Proyecto_airflow/venv/lib/python3.12/site-packages/airflow/example_dags/example_kubernetes_executor.py took 0.043 seconds
[2025-04-01T16:41:40.657-0500] {processor.py:186} INFO - Started process (PID=5222) to work on /mnt/d/Universidad/ETL/Proyecto_airflow/venv/lib/python3.12/site-packages/airflow/example_dags/example_kubernetes_executor.py
[2025-04-01T16:41:40.658-0500] {processor.py:914} INFO - Processing file /mnt/d/Universidad/ETL/Proyecto_airflow/venv/lib/python3.12/site-packages/airflow/example_dags/example_kubernetes_executor.py for tasks to queue
[2025-04-01T16:41:40.660-0500] {logging_mixin.py:190} INFO - [2025-04-01T16:41:40.659-0500] {dagbag.py:588} INFO - Filling up the DagBag from /mnt/d/Universidad/ETL/Proyecto_airflow/venv/lib/python3.12/site-packages/airflow/example_dags/example_kubernetes_executor.py
[2025-04-01T16:41:40.677-0500] {logging_mixin.py:190} INFO - [2025-04-01T16:41:40.676-0500] {example_kubernetes_executor.py:39} WARNING - The example_kubernetes_executor example DAG requires the kubernetes provider. Please install it with: pip install apache-airflow[cncf.kubernetes]
[2025-04-01T16:41:40.678-0500] {processor.py:927} WARNING - No viable dags retrieved from /mnt/d/Universidad/ETL/Proyecto_airflow/venv/lib/python3.12/site-packages/airflow/example_dags/example_kubernetes_executor.py
[2025-04-01T16:41:40.691-0500] {processor.py:208} INFO - Processing /mnt/d/Universidad/ETL/Proyecto_airflow/venv/lib/python3.12/site-packages/airflow/example_dags/example_kubernetes_executor.py took 0.043 seconds
[2025-04-01T16:43:14.128-0500] {processor.py:186} INFO - Started process (PID=5292) to work on /mnt/d/Universidad/ETL/Proyecto_airflow/venv/lib/python3.12/site-packages/airflow/example_dags/example_kubernetes_executor.py
[2025-04-01T16:43:14.129-0500] {processor.py:914} INFO - Processing file /mnt/d/Universidad/ETL/Proyecto_airflow/venv/lib/python3.12/site-packages/airflow/example_dags/example_kubernetes_executor.py for tasks to queue
[2025-04-01T16:43:14.132-0500] {logging_mixin.py:190} INFO - [2025-04-01T16:43:14.131-0500] {dagbag.py:588} INFO - Filling up the DagBag from /mnt/d/Universidad/ETL/Proyecto_airflow/venv/lib/python3.12/site-packages/airflow/example_dags/example_kubernetes_executor.py
[2025-04-01T16:43:14.148-0500] {logging_mixin.py:190} INFO - [2025-04-01T16:43:14.147-0500] {example_kubernetes_executor.py:39} WARNING - The example_kubernetes_executor example DAG requires the kubernetes provider. Please install it with: pip install apache-airflow[cncf.kubernetes]
[2025-04-01T16:43:14.149-0500] {processor.py:927} WARNING - No viable dags retrieved from /mnt/d/Universidad/ETL/Proyecto_airflow/venv/lib/python3.12/site-packages/airflow/example_dags/example_kubernetes_executor.py
[2025-04-01T16:43:14.162-0500] {processor.py:208} INFO - Processing /mnt/d/Universidad/ETL/Proyecto_airflow/venv/lib/python3.12/site-packages/airflow/example_dags/example_kubernetes_executor.py took 0.042 seconds
[2025-04-01T16:44:49.458-0500] {processor.py:186} INFO - Started process (PID=5363) to work on /mnt/d/Universidad/ETL/Proyecto_airflow/venv/lib/python3.12/site-packages/airflow/example_dags/example_kubernetes_executor.py
[2025-04-01T16:44:49.459-0500] {processor.py:914} INFO - Processing file /mnt/d/Universidad/ETL/Proyecto_airflow/venv/lib/python3.12/site-packages/airflow/example_dags/example_kubernetes_executor.py for tasks to queue
[2025-04-01T16:44:49.461-0500] {logging_mixin.py:190} INFO - [2025-04-01T16:44:49.461-0500] {dagbag.py:588} INFO - Filling up the DagBag from /mnt/d/Universidad/ETL/Proyecto_airflow/venv/lib/python3.12/site-packages/airflow/example_dags/example_kubernetes_executor.py
[2025-04-01T16:44:49.478-0500] {logging_mixin.py:190} INFO - [2025-04-01T16:44:49.477-0500] {example_kubernetes_executor.py:39} WARNING - The example_kubernetes_executor example DAG requires the kubernetes provider. Please install it with: pip install apache-airflow[cncf.kubernetes]
[2025-04-01T16:44:49.479-0500] {processor.py:927} WARNING - No viable dags retrieved from /mnt/d/Universidad/ETL/Proyecto_airflow/venv/lib/python3.12/site-packages/airflow/example_dags/example_kubernetes_executor.py
[2025-04-01T16:44:49.492-0500] {processor.py:208} INFO - Processing /mnt/d/Universidad/ETL/Proyecto_airflow/venv/lib/python3.12/site-packages/airflow/example_dags/example_kubernetes_executor.py took 0.042 seconds
[2025-04-01T16:46:25.060-0500] {processor.py:186} INFO - Started process (PID=5436) to work on /mnt/d/Universidad/ETL/Proyecto_airflow/venv/lib/python3.12/site-packages/airflow/example_dags/example_kubernetes_executor.py
[2025-04-01T16:46:25.061-0500] {processor.py:914} INFO - Processing file /mnt/d/Universidad/ETL/Proyecto_airflow/venv/lib/python3.12/site-packages/airflow/example_dags/example_kubernetes_executor.py for tasks to queue
[2025-04-01T16:46:25.063-0500] {logging_mixin.py:190} INFO - [2025-04-01T16:46:25.062-0500] {dagbag.py:588} INFO - Filling up the DagBag from /mnt/d/Universidad/ETL/Proyecto_airflow/venv/lib/python3.12/site-packages/airflow/example_dags/example_kubernetes_executor.py
[2025-04-01T16:46:25.079-0500] {logging_mixin.py:190} INFO - [2025-04-01T16:46:25.079-0500] {example_kubernetes_executor.py:39} WARNING - The example_kubernetes_executor example DAG requires the kubernetes provider. Please install it with: pip install apache-airflow[cncf.kubernetes]
[2025-04-01T16:46:25.080-0500] {processor.py:927} WARNING - No viable dags retrieved from /mnt/d/Universidad/ETL/Proyecto_airflow/venv/lib/python3.12/site-packages/airflow/example_dags/example_kubernetes_executor.py
[2025-04-01T16:46:25.093-0500] {processor.py:208} INFO - Processing /mnt/d/Universidad/ETL/Proyecto_airflow/venv/lib/python3.12/site-packages/airflow/example_dags/example_kubernetes_executor.py took 0.042 seconds
[2025-04-01T16:48:01.481-0500] {processor.py:186} INFO - Started process (PID=5508) to work on /mnt/d/Universidad/ETL/Proyecto_airflow/venv/lib/python3.12/site-packages/airflow/example_dags/example_kubernetes_executor.py
[2025-04-01T16:48:01.482-0500] {processor.py:914} INFO - Processing file /mnt/d/Universidad/ETL/Proyecto_airflow/venv/lib/python3.12/site-packages/airflow/example_dags/example_kubernetes_executor.py for tasks to queue
[2025-04-01T16:48:01.484-0500] {logging_mixin.py:190} INFO - [2025-04-01T16:48:01.484-0500] {dagbag.py:588} INFO - Filling up the DagBag from /mnt/d/Universidad/ETL/Proyecto_airflow/venv/lib/python3.12/site-packages/airflow/example_dags/example_kubernetes_executor.py
[2025-04-01T16:48:01.501-0500] {logging_mixin.py:190} INFO - [2025-04-01T16:48:01.500-0500] {example_kubernetes_executor.py:39} WARNING - The example_kubernetes_executor example DAG requires the kubernetes provider. Please install it with: pip install apache-airflow[cncf.kubernetes]
[2025-04-01T16:48:01.501-0500] {processor.py:927} WARNING - No viable dags retrieved from /mnt/d/Universidad/ETL/Proyecto_airflow/venv/lib/python3.12/site-packages/airflow/example_dags/example_kubernetes_executor.py
[2025-04-01T16:48:01.515-0500] {processor.py:208} INFO - Processing /mnt/d/Universidad/ETL/Proyecto_airflow/venv/lib/python3.12/site-packages/airflow/example_dags/example_kubernetes_executor.py took 0.041 seconds
[2025-04-01T16:49:32.105-0500] {processor.py:186} INFO - Started process (PID=5577) to work on /mnt/d/Universidad/ETL/Proyecto_airflow/venv/lib/python3.12/site-packages/airflow/example_dags/example_kubernetes_executor.py
[2025-04-01T16:49:32.107-0500] {processor.py:914} INFO - Processing file /mnt/d/Universidad/ETL/Proyecto_airflow/venv/lib/python3.12/site-packages/airflow/example_dags/example_kubernetes_executor.py for tasks to queue
[2025-04-01T16:49:32.109-0500] {logging_mixin.py:190} INFO - [2025-04-01T16:49:32.108-0500] {dagbag.py:588} INFO - Filling up the DagBag from /mnt/d/Universidad/ETL/Proyecto_airflow/venv/lib/python3.12/site-packages/airflow/example_dags/example_kubernetes_executor.py
[2025-04-01T16:49:32.125-0500] {logging_mixin.py:190} INFO - [2025-04-01T16:49:32.125-0500] {example_kubernetes_executor.py:39} WARNING - The example_kubernetes_executor example DAG requires the kubernetes provider. Please install it with: pip install apache-airflow[cncf.kubernetes]
[2025-04-01T16:49:32.126-0500] {processor.py:927} WARNING - No viable dags retrieved from /mnt/d/Universidad/ETL/Proyecto_airflow/venv/lib/python3.12/site-packages/airflow/example_dags/example_kubernetes_executor.py
[2025-04-01T16:49:32.139-0500] {processor.py:208} INFO - Processing /mnt/d/Universidad/ETL/Proyecto_airflow/venv/lib/python3.12/site-packages/airflow/example_dags/example_kubernetes_executor.py took 0.041 seconds
[2025-04-01T16:50:59.422-0500] {processor.py:186} INFO - Started process (PID=5646) to work on /mnt/d/Universidad/ETL/Proyecto_airflow/venv/lib/python3.12/site-packages/airflow/example_dags/example_kubernetes_executor.py
[2025-04-01T16:50:59.423-0500] {processor.py:914} INFO - Processing file /mnt/d/Universidad/ETL/Proyecto_airflow/venv/lib/python3.12/site-packages/airflow/example_dags/example_kubernetes_executor.py for tasks to queue
[2025-04-01T16:50:59.425-0500] {logging_mixin.py:190} INFO - [2025-04-01T16:50:59.424-0500] {dagbag.py:588} INFO - Filling up the DagBag from /mnt/d/Universidad/ETL/Proyecto_airflow/venv/lib/python3.12/site-packages/airflow/example_dags/example_kubernetes_executor.py
[2025-04-01T16:50:59.441-0500] {logging_mixin.py:190} INFO - [2025-04-01T16:50:59.440-0500] {example_kubernetes_executor.py:39} WARNING - The example_kubernetes_executor example DAG requires the kubernetes provider. Please install it with: pip install apache-airflow[cncf.kubernetes]
[2025-04-01T16:50:59.442-0500] {processor.py:927} WARNING - No viable dags retrieved from /mnt/d/Universidad/ETL/Proyecto_airflow/venv/lib/python3.12/site-packages/airflow/example_dags/example_kubernetes_executor.py
[2025-04-01T16:50:59.455-0500] {processor.py:208} INFO - Processing /mnt/d/Universidad/ETL/Proyecto_airflow/venv/lib/python3.12/site-packages/airflow/example_dags/example_kubernetes_executor.py took 0.041 seconds
[2025-04-01T16:52:42.280-0500] {processor.py:186} INFO - Started process (PID=5720) to work on /mnt/d/Universidad/ETL/Proyecto_airflow/venv/lib/python3.12/site-packages/airflow/example_dags/example_kubernetes_executor.py
[2025-04-01T16:52:42.281-0500] {processor.py:914} INFO - Processing file /mnt/d/Universidad/ETL/Proyecto_airflow/venv/lib/python3.12/site-packages/airflow/example_dags/example_kubernetes_executor.py for tasks to queue
[2025-04-01T16:52:42.283-0500] {logging_mixin.py:190} INFO - [2025-04-01T16:52:42.283-0500] {dagbag.py:588} INFO - Filling up the DagBag from /mnt/d/Universidad/ETL/Proyecto_airflow/venv/lib/python3.12/site-packages/airflow/example_dags/example_kubernetes_executor.py
[2025-04-01T16:52:42.299-0500] {logging_mixin.py:190} INFO - [2025-04-01T16:52:42.299-0500] {example_kubernetes_executor.py:39} WARNING - The example_kubernetes_executor example DAG requires the kubernetes provider. Please install it with: pip install apache-airflow[cncf.kubernetes]
[2025-04-01T16:52:42.300-0500] {processor.py:927} WARNING - No viable dags retrieved from /mnt/d/Universidad/ETL/Proyecto_airflow/venv/lib/python3.12/site-packages/airflow/example_dags/example_kubernetes_executor.py
[2025-04-01T16:52:42.313-0500] {processor.py:208} INFO - Processing /mnt/d/Universidad/ETL/Proyecto_airflow/venv/lib/python3.12/site-packages/airflow/example_dags/example_kubernetes_executor.py took 0.040 seconds
[2025-04-01T16:54:17.129-0500] {processor.py:186} INFO - Started process (PID=5792) to work on /mnt/d/Universidad/ETL/Proyecto_airflow/venv/lib/python3.12/site-packages/airflow/example_dags/example_kubernetes_executor.py
[2025-04-01T16:54:17.130-0500] {processor.py:914} INFO - Processing file /mnt/d/Universidad/ETL/Proyecto_airflow/venv/lib/python3.12/site-packages/airflow/example_dags/example_kubernetes_executor.py for tasks to queue
[2025-04-01T16:54:17.132-0500] {logging_mixin.py:190} INFO - [2025-04-01T16:54:17.131-0500] {dagbag.py:588} INFO - Filling up the DagBag from /mnt/d/Universidad/ETL/Proyecto_airflow/venv/lib/python3.12/site-packages/airflow/example_dags/example_kubernetes_executor.py
[2025-04-01T16:54:17.149-0500] {logging_mixin.py:190} INFO - [2025-04-01T16:54:17.148-0500] {example_kubernetes_executor.py:39} WARNING - The example_kubernetes_executor example DAG requires the kubernetes provider. Please install it with: pip install apache-airflow[cncf.kubernetes]
[2025-04-01T16:54:17.149-0500] {processor.py:927} WARNING - No viable dags retrieved from /mnt/d/Universidad/ETL/Proyecto_airflow/venv/lib/python3.12/site-packages/airflow/example_dags/example_kubernetes_executor.py
[2025-04-01T16:54:17.162-0500] {processor.py:208} INFO - Processing /mnt/d/Universidad/ETL/Proyecto_airflow/venv/lib/python3.12/site-packages/airflow/example_dags/example_kubernetes_executor.py took 0.042 seconds
[2025-04-01T16:55:49.429-0500] {processor.py:186} INFO - Started process (PID=5863) to work on /mnt/d/Universidad/ETL/Proyecto_airflow/venv/lib/python3.12/site-packages/airflow/example_dags/example_kubernetes_executor.py
[2025-04-01T16:55:49.430-0500] {processor.py:914} INFO - Processing file /mnt/d/Universidad/ETL/Proyecto_airflow/venv/lib/python3.12/site-packages/airflow/example_dags/example_kubernetes_executor.py for tasks to queue
[2025-04-01T16:55:49.432-0500] {logging_mixin.py:190} INFO - [2025-04-01T16:55:49.432-0500] {dagbag.py:588} INFO - Filling up the DagBag from /mnt/d/Universidad/ETL/Proyecto_airflow/venv/lib/python3.12/site-packages/airflow/example_dags/example_kubernetes_executor.py
[2025-04-01T16:55:49.449-0500] {logging_mixin.py:190} INFO - [2025-04-01T16:55:49.448-0500] {example_kubernetes_executor.py:39} WARNING - The example_kubernetes_executor example DAG requires the kubernetes provider. Please install it with: pip install apache-airflow[cncf.kubernetes]
[2025-04-01T16:55:49.450-0500] {processor.py:927} WARNING - No viable dags retrieved from /mnt/d/Universidad/ETL/Proyecto_airflow/venv/lib/python3.12/site-packages/airflow/example_dags/example_kubernetes_executor.py
[2025-04-01T16:55:49.462-0500] {processor.py:208} INFO - Processing /mnt/d/Universidad/ETL/Proyecto_airflow/venv/lib/python3.12/site-packages/airflow/example_dags/example_kubernetes_executor.py took 0.041 seconds
[2025-04-01T16:57:22.958-0500] {processor.py:186} INFO - Started process (PID=5935) to work on /mnt/d/Universidad/ETL/Proyecto_airflow/venv/lib/python3.12/site-packages/airflow/example_dags/example_kubernetes_executor.py
[2025-04-01T16:57:22.959-0500] {processor.py:914} INFO - Processing file /mnt/d/Universidad/ETL/Proyecto_airflow/venv/lib/python3.12/site-packages/airflow/example_dags/example_kubernetes_executor.py for tasks to queue
[2025-04-01T16:57:22.961-0500] {logging_mixin.py:190} INFO - [2025-04-01T16:57:22.961-0500] {dagbag.py:588} INFO - Filling up the DagBag from /mnt/d/Universidad/ETL/Proyecto_airflow/venv/lib/python3.12/site-packages/airflow/example_dags/example_kubernetes_executor.py
[2025-04-01T16:57:22.978-0500] {logging_mixin.py:190} INFO - [2025-04-01T16:57:22.977-0500] {example_kubernetes_executor.py:39} WARNING - The example_kubernetes_executor example DAG requires the kubernetes provider. Please install it with: pip install apache-airflow[cncf.kubernetes]
[2025-04-01T16:57:22.978-0500] {processor.py:927} WARNING - No viable dags retrieved from /mnt/d/Universidad/ETL/Proyecto_airflow/venv/lib/python3.12/site-packages/airflow/example_dags/example_kubernetes_executor.py
[2025-04-01T16:57:22.991-0500] {processor.py:208} INFO - Processing /mnt/d/Universidad/ETL/Proyecto_airflow/venv/lib/python3.12/site-packages/airflow/example_dags/example_kubernetes_executor.py took 0.041 seconds
[2025-04-01T16:58:57.274-0500] {processor.py:186} INFO - Started process (PID=6005) to work on /mnt/d/Universidad/ETL/Proyecto_airflow/venv/lib/python3.12/site-packages/airflow/example_dags/example_kubernetes_executor.py
[2025-04-01T16:58:57.275-0500] {processor.py:914} INFO - Processing file /mnt/d/Universidad/ETL/Proyecto_airflow/venv/lib/python3.12/site-packages/airflow/example_dags/example_kubernetes_executor.py for tasks to queue
[2025-04-01T16:58:57.277-0500] {logging_mixin.py:190} INFO - [2025-04-01T16:58:57.276-0500] {dagbag.py:588} INFO - Filling up the DagBag from /mnt/d/Universidad/ETL/Proyecto_airflow/venv/lib/python3.12/site-packages/airflow/example_dags/example_kubernetes_executor.py
[2025-04-01T16:58:57.293-0500] {logging_mixin.py:190} INFO - [2025-04-01T16:58:57.293-0500] {example_kubernetes_executor.py:39} WARNING - The example_kubernetes_executor example DAG requires the kubernetes provider. Please install it with: pip install apache-airflow[cncf.kubernetes]
[2025-04-01T16:58:57.294-0500] {processor.py:927} WARNING - No viable dags retrieved from /mnt/d/Universidad/ETL/Proyecto_airflow/venv/lib/python3.12/site-packages/airflow/example_dags/example_kubernetes_executor.py
[2025-04-01T16:58:57.307-0500] {processor.py:208} INFO - Processing /mnt/d/Universidad/ETL/Proyecto_airflow/venv/lib/python3.12/site-packages/airflow/example_dags/example_kubernetes_executor.py took 0.041 seconds
[2025-04-01T17:00:32.477-0500] {processor.py:186} INFO - Started process (PID=6076) to work on /mnt/d/Universidad/ETL/Proyecto_airflow/venv/lib/python3.12/site-packages/airflow/example_dags/example_kubernetes_executor.py
[2025-04-01T17:00:32.478-0500] {processor.py:914} INFO - Processing file /mnt/d/Universidad/ETL/Proyecto_airflow/venv/lib/python3.12/site-packages/airflow/example_dags/example_kubernetes_executor.py for tasks to queue
[2025-04-01T17:00:32.481-0500] {logging_mixin.py:190} INFO - [2025-04-01T17:00:32.480-0500] {dagbag.py:588} INFO - Filling up the DagBag from /mnt/d/Universidad/ETL/Proyecto_airflow/venv/lib/python3.12/site-packages/airflow/example_dags/example_kubernetes_executor.py
[2025-04-01T17:00:32.497-0500] {logging_mixin.py:190} INFO - [2025-04-01T17:00:32.496-0500] {example_kubernetes_executor.py:39} WARNING - The example_kubernetes_executor example DAG requires the kubernetes provider. Please install it with: pip install apache-airflow[cncf.kubernetes]
[2025-04-01T17:00:32.498-0500] {processor.py:927} WARNING - No viable dags retrieved from /mnt/d/Universidad/ETL/Proyecto_airflow/venv/lib/python3.12/site-packages/airflow/example_dags/example_kubernetes_executor.py
[2025-04-01T17:00:32.510-0500] {processor.py:208} INFO - Processing /mnt/d/Universidad/ETL/Proyecto_airflow/venv/lib/python3.12/site-packages/airflow/example_dags/example_kubernetes_executor.py took 0.041 seconds
[2025-04-01T17:02:07.367-0500] {processor.py:186} INFO - Started process (PID=6148) to work on /mnt/d/Universidad/ETL/Proyecto_airflow/venv/lib/python3.12/site-packages/airflow/example_dags/example_kubernetes_executor.py
[2025-04-01T17:02:07.368-0500] {processor.py:914} INFO - Processing file /mnt/d/Universidad/ETL/Proyecto_airflow/venv/lib/python3.12/site-packages/airflow/example_dags/example_kubernetes_executor.py for tasks to queue
[2025-04-01T17:02:07.370-0500] {logging_mixin.py:190} INFO - [2025-04-01T17:02:07.370-0500] {dagbag.py:588} INFO - Filling up the DagBag from /mnt/d/Universidad/ETL/Proyecto_airflow/venv/lib/python3.12/site-packages/airflow/example_dags/example_kubernetes_executor.py
[2025-04-01T17:02:07.387-0500] {logging_mixin.py:190} INFO - [2025-04-01T17:02:07.386-0500] {example_kubernetes_executor.py:39} WARNING - The example_kubernetes_executor example DAG requires the kubernetes provider. Please install it with: pip install apache-airflow[cncf.kubernetes]
[2025-04-01T17:02:07.388-0500] {processor.py:927} WARNING - No viable dags retrieved from /mnt/d/Universidad/ETL/Proyecto_airflow/venv/lib/python3.12/site-packages/airflow/example_dags/example_kubernetes_executor.py
[2025-04-01T17:02:07.402-0500] {processor.py:208} INFO - Processing /mnt/d/Universidad/ETL/Proyecto_airflow/venv/lib/python3.12/site-packages/airflow/example_dags/example_kubernetes_executor.py took 0.043 seconds
[2025-04-01T17:03:45.416-0500] {processor.py:186} INFO - Started process (PID=6219) to work on /mnt/d/Universidad/ETL/Proyecto_airflow/venv/lib/python3.12/site-packages/airflow/example_dags/example_kubernetes_executor.py
[2025-04-01T17:03:45.417-0500] {processor.py:914} INFO - Processing file /mnt/d/Universidad/ETL/Proyecto_airflow/venv/lib/python3.12/site-packages/airflow/example_dags/example_kubernetes_executor.py for tasks to queue
[2025-04-01T17:03:45.420-0500] {logging_mixin.py:190} INFO - [2025-04-01T17:03:45.419-0500] {dagbag.py:588} INFO - Filling up the DagBag from /mnt/d/Universidad/ETL/Proyecto_airflow/venv/lib/python3.12/site-packages/airflow/example_dags/example_kubernetes_executor.py
[2025-04-01T17:03:45.436-0500] {logging_mixin.py:190} INFO - [2025-04-01T17:03:45.435-0500] {example_kubernetes_executor.py:39} WARNING - The example_kubernetes_executor example DAG requires the kubernetes provider. Please install it with: pip install apache-airflow[cncf.kubernetes]
[2025-04-01T17:03:45.436-0500] {processor.py:927} WARNING - No viable dags retrieved from /mnt/d/Universidad/ETL/Proyecto_airflow/venv/lib/python3.12/site-packages/airflow/example_dags/example_kubernetes_executor.py
[2025-04-01T17:03:45.449-0500] {processor.py:208} INFO - Processing /mnt/d/Universidad/ETL/Proyecto_airflow/venv/lib/python3.12/site-packages/airflow/example_dags/example_kubernetes_executor.py took 0.041 seconds
[2025-04-01T17:05:16.611-0500] {processor.py:186} INFO - Started process (PID=6288) to work on /mnt/d/Universidad/ETL/Proyecto_airflow/venv/lib/python3.12/site-packages/airflow/example_dags/example_kubernetes_executor.py
[2025-04-01T17:05:16.612-0500] {processor.py:914} INFO - Processing file /mnt/d/Universidad/ETL/Proyecto_airflow/venv/lib/python3.12/site-packages/airflow/example_dags/example_kubernetes_executor.py for tasks to queue
[2025-04-01T17:05:16.614-0500] {logging_mixin.py:190} INFO - [2025-04-01T17:05:16.613-0500] {dagbag.py:588} INFO - Filling up the DagBag from /mnt/d/Universidad/ETL/Proyecto_airflow/venv/lib/python3.12/site-packages/airflow/example_dags/example_kubernetes_executor.py
[2025-04-01T17:05:16.630-0500] {logging_mixin.py:190} INFO - [2025-04-01T17:05:16.629-0500] {example_kubernetes_executor.py:39} WARNING - The example_kubernetes_executor example DAG requires the kubernetes provider. Please install it with: pip install apache-airflow[cncf.kubernetes]
[2025-04-01T17:05:16.631-0500] {processor.py:927} WARNING - No viable dags retrieved from /mnt/d/Universidad/ETL/Proyecto_airflow/venv/lib/python3.12/site-packages/airflow/example_dags/example_kubernetes_executor.py
[2025-04-01T17:05:16.644-0500] {processor.py:208} INFO - Processing /mnt/d/Universidad/ETL/Proyecto_airflow/venv/lib/python3.12/site-packages/airflow/example_dags/example_kubernetes_executor.py took 0.041 seconds
[2025-04-01T17:06:59.083-0500] {processor.py:186} INFO - Started process (PID=6363) to work on /mnt/d/Universidad/ETL/Proyecto_airflow/venv/lib/python3.12/site-packages/airflow/example_dags/example_kubernetes_executor.py
[2025-04-01T17:06:59.084-0500] {processor.py:914} INFO - Processing file /mnt/d/Universidad/ETL/Proyecto_airflow/venv/lib/python3.12/site-packages/airflow/example_dags/example_kubernetes_executor.py for tasks to queue
[2025-04-01T17:06:59.086-0500] {logging_mixin.py:190} INFO - [2025-04-01T17:06:59.085-0500] {dagbag.py:588} INFO - Filling up the DagBag from /mnt/d/Universidad/ETL/Proyecto_airflow/venv/lib/python3.12/site-packages/airflow/example_dags/example_kubernetes_executor.py
[2025-04-01T17:06:59.102-0500] {logging_mixin.py:190} INFO - [2025-04-01T17:06:59.102-0500] {example_kubernetes_executor.py:39} WARNING - The example_kubernetes_executor example DAG requires the kubernetes provider. Please install it with: pip install apache-airflow[cncf.kubernetes]
[2025-04-01T17:06:59.103-0500] {processor.py:927} WARNING - No viable dags retrieved from /mnt/d/Universidad/ETL/Proyecto_airflow/venv/lib/python3.12/site-packages/airflow/example_dags/example_kubernetes_executor.py
[2025-04-01T17:06:59.116-0500] {processor.py:208} INFO - Processing /mnt/d/Universidad/ETL/Proyecto_airflow/venv/lib/python3.12/site-packages/airflow/example_dags/example_kubernetes_executor.py took 0.041 seconds
[2025-04-01T17:08:33.767-0500] {processor.py:186} INFO - Started process (PID=6435) to work on /mnt/d/Universidad/ETL/Proyecto_airflow/venv/lib/python3.12/site-packages/airflow/example_dags/example_kubernetes_executor.py
[2025-04-01T17:08:33.768-0500] {processor.py:914} INFO - Processing file /mnt/d/Universidad/ETL/Proyecto_airflow/venv/lib/python3.12/site-packages/airflow/example_dags/example_kubernetes_executor.py for tasks to queue
[2025-04-01T17:08:33.770-0500] {logging_mixin.py:190} INFO - [2025-04-01T17:08:33.769-0500] {dagbag.py:588} INFO - Filling up the DagBag from /mnt/d/Universidad/ETL/Proyecto_airflow/venv/lib/python3.12/site-packages/airflow/example_dags/example_kubernetes_executor.py
[2025-04-01T17:08:33.786-0500] {logging_mixin.py:190} INFO - [2025-04-01T17:08:33.786-0500] {example_kubernetes_executor.py:39} WARNING - The example_kubernetes_executor example DAG requires the kubernetes provider. Please install it with: pip install apache-airflow[cncf.kubernetes]
[2025-04-01T17:08:33.787-0500] {processor.py:927} WARNING - No viable dags retrieved from /mnt/d/Universidad/ETL/Proyecto_airflow/venv/lib/python3.12/site-packages/airflow/example_dags/example_kubernetes_executor.py
[2025-04-01T17:08:33.800-0500] {processor.py:208} INFO - Processing /mnt/d/Universidad/ETL/Proyecto_airflow/venv/lib/python3.12/site-packages/airflow/example_dags/example_kubernetes_executor.py took 0.042 seconds
[2025-04-01T17:10:15.549-0500] {processor.py:186} INFO - Started process (PID=6507) to work on /mnt/d/Universidad/ETL/Proyecto_airflow/venv/lib/python3.12/site-packages/airflow/example_dags/example_kubernetes_executor.py
[2025-04-01T17:10:15.550-0500] {processor.py:914} INFO - Processing file /mnt/d/Universidad/ETL/Proyecto_airflow/venv/lib/python3.12/site-packages/airflow/example_dags/example_kubernetes_executor.py for tasks to queue
[2025-04-01T17:10:15.552-0500] {logging_mixin.py:190} INFO - [2025-04-01T17:10:15.551-0500] {dagbag.py:588} INFO - Filling up the DagBag from /mnt/d/Universidad/ETL/Proyecto_airflow/venv/lib/python3.12/site-packages/airflow/example_dags/example_kubernetes_executor.py
[2025-04-01T17:10:15.568-0500] {logging_mixin.py:190} INFO - [2025-04-01T17:10:15.568-0500] {example_kubernetes_executor.py:39} WARNING - The example_kubernetes_executor example DAG requires the kubernetes provider. Please install it with: pip install apache-airflow[cncf.kubernetes]
[2025-04-01T17:10:15.569-0500] {processor.py:927} WARNING - No viable dags retrieved from /mnt/d/Universidad/ETL/Proyecto_airflow/venv/lib/python3.12/site-packages/airflow/example_dags/example_kubernetes_executor.py
[2025-04-01T17:10:15.582-0500] {processor.py:208} INFO - Processing /mnt/d/Universidad/ETL/Proyecto_airflow/venv/lib/python3.12/site-packages/airflow/example_dags/example_kubernetes_executor.py took 0.041 seconds
[2025-04-01T17:12:00.641-0500] {processor.py:186} INFO - Started process (PID=6582) to work on /mnt/d/Universidad/ETL/Proyecto_airflow/venv/lib/python3.12/site-packages/airflow/example_dags/example_kubernetes_executor.py
[2025-04-01T17:12:00.642-0500] {processor.py:914} INFO - Processing file /mnt/d/Universidad/ETL/Proyecto_airflow/venv/lib/python3.12/site-packages/airflow/example_dags/example_kubernetes_executor.py for tasks to queue
[2025-04-01T17:12:00.644-0500] {logging_mixin.py:190} INFO - [2025-04-01T17:12:00.643-0500] {dagbag.py:588} INFO - Filling up the DagBag from /mnt/d/Universidad/ETL/Proyecto_airflow/venv/lib/python3.12/site-packages/airflow/example_dags/example_kubernetes_executor.py
[2025-04-01T17:12:00.660-0500] {logging_mixin.py:190} INFO - [2025-04-01T17:12:00.660-0500] {example_kubernetes_executor.py:39} WARNING - The example_kubernetes_executor example DAG requires the kubernetes provider. Please install it with: pip install apache-airflow[cncf.kubernetes]
[2025-04-01T17:12:00.661-0500] {processor.py:927} WARNING - No viable dags retrieved from /mnt/d/Universidad/ETL/Proyecto_airflow/venv/lib/python3.12/site-packages/airflow/example_dags/example_kubernetes_executor.py
[2025-04-01T17:12:00.680-0500] {processor.py:208} INFO - Processing /mnt/d/Universidad/ETL/Proyecto_airflow/venv/lib/python3.12/site-packages/airflow/example_dags/example_kubernetes_executor.py took 0.047 seconds
[2025-04-01T17:13:34.569-0500] {processor.py:186} INFO - Started process (PID=6655) to work on /mnt/d/Universidad/ETL/Proyecto_airflow/venv/lib/python3.12/site-packages/airflow/example_dags/example_kubernetes_executor.py
[2025-04-01T17:13:34.570-0500] {processor.py:914} INFO - Processing file /mnt/d/Universidad/ETL/Proyecto_airflow/venv/lib/python3.12/site-packages/airflow/example_dags/example_kubernetes_executor.py for tasks to queue
[2025-04-01T17:13:34.572-0500] {logging_mixin.py:190} INFO - [2025-04-01T17:13:34.571-0500] {dagbag.py:588} INFO - Filling up the DagBag from /mnt/d/Universidad/ETL/Proyecto_airflow/venv/lib/python3.12/site-packages/airflow/example_dags/example_kubernetes_executor.py
[2025-04-01T17:13:34.588-0500] {logging_mixin.py:190} INFO - [2025-04-01T17:13:34.587-0500] {example_kubernetes_executor.py:39} WARNING - The example_kubernetes_executor example DAG requires the kubernetes provider. Please install it with: pip install apache-airflow[cncf.kubernetes]
[2025-04-01T17:13:34.589-0500] {processor.py:927} WARNING - No viable dags retrieved from /mnt/d/Universidad/ETL/Proyecto_airflow/venv/lib/python3.12/site-packages/airflow/example_dags/example_kubernetes_executor.py
[2025-04-01T17:13:34.602-0500] {processor.py:208} INFO - Processing /mnt/d/Universidad/ETL/Proyecto_airflow/venv/lib/python3.12/site-packages/airflow/example_dags/example_kubernetes_executor.py took 0.041 seconds
[2025-04-01T17:15:09.182-0500] {processor.py:186} INFO - Started process (PID=6726) to work on /mnt/d/Universidad/ETL/Proyecto_airflow/venv/lib/python3.12/site-packages/airflow/example_dags/example_kubernetes_executor.py
[2025-04-01T17:15:09.183-0500] {processor.py:914} INFO - Processing file /mnt/d/Universidad/ETL/Proyecto_airflow/venv/lib/python3.12/site-packages/airflow/example_dags/example_kubernetes_executor.py for tasks to queue
[2025-04-01T17:15:09.186-0500] {logging_mixin.py:190} INFO - [2025-04-01T17:15:09.185-0500] {dagbag.py:588} INFO - Filling up the DagBag from /mnt/d/Universidad/ETL/Proyecto_airflow/venv/lib/python3.12/site-packages/airflow/example_dags/example_kubernetes_executor.py
[2025-04-01T17:15:09.202-0500] {logging_mixin.py:190} INFO - [2025-04-01T17:15:09.201-0500] {example_kubernetes_executor.py:39} WARNING - The example_kubernetes_executor example DAG requires the kubernetes provider. Please install it with: pip install apache-airflow[cncf.kubernetes]
[2025-04-01T17:15:09.203-0500] {processor.py:927} WARNING - No viable dags retrieved from /mnt/d/Universidad/ETL/Proyecto_airflow/venv/lib/python3.12/site-packages/airflow/example_dags/example_kubernetes_executor.py
[2025-04-01T17:15:09.216-0500] {processor.py:208} INFO - Processing /mnt/d/Universidad/ETL/Proyecto_airflow/venv/lib/python3.12/site-packages/airflow/example_dags/example_kubernetes_executor.py took 0.041 seconds
[2025-04-01T17:16:43.984-0500] {processor.py:186} INFO - Started process (PID=6797) to work on /mnt/d/Universidad/ETL/Proyecto_airflow/venv/lib/python3.12/site-packages/airflow/example_dags/example_kubernetes_executor.py
[2025-04-01T17:16:43.985-0500] {processor.py:914} INFO - Processing file /mnt/d/Universidad/ETL/Proyecto_airflow/venv/lib/python3.12/site-packages/airflow/example_dags/example_kubernetes_executor.py for tasks to queue
[2025-04-01T17:16:43.987-0500] {logging_mixin.py:190} INFO - [2025-04-01T17:16:43.986-0500] {dagbag.py:588} INFO - Filling up the DagBag from /mnt/d/Universidad/ETL/Proyecto_airflow/venv/lib/python3.12/site-packages/airflow/example_dags/example_kubernetes_executor.py
[2025-04-01T17:16:44.003-0500] {logging_mixin.py:190} INFO - [2025-04-01T17:16:44.003-0500] {example_kubernetes_executor.py:39} WARNING - The example_kubernetes_executor example DAG requires the kubernetes provider. Please install it with: pip install apache-airflow[cncf.kubernetes]
[2025-04-01T17:16:44.004-0500] {processor.py:927} WARNING - No viable dags retrieved from /mnt/d/Universidad/ETL/Proyecto_airflow/venv/lib/python3.12/site-packages/airflow/example_dags/example_kubernetes_executor.py
[2025-04-01T17:16:44.017-0500] {processor.py:208} INFO - Processing /mnt/d/Universidad/ETL/Proyecto_airflow/venv/lib/python3.12/site-packages/airflow/example_dags/example_kubernetes_executor.py took 0.041 seconds
[2025-04-01T17:18:19.311-0500] {processor.py:186} INFO - Started process (PID=6871) to work on /mnt/d/Universidad/ETL/Proyecto_airflow/venv/lib/python3.12/site-packages/airflow/example_dags/example_kubernetes_executor.py
[2025-04-01T17:18:19.312-0500] {processor.py:914} INFO - Processing file /mnt/d/Universidad/ETL/Proyecto_airflow/venv/lib/python3.12/site-packages/airflow/example_dags/example_kubernetes_executor.py for tasks to queue
[2025-04-01T17:18:19.315-0500] {logging_mixin.py:190} INFO - [2025-04-01T17:18:19.314-0500] {dagbag.py:588} INFO - Filling up the DagBag from /mnt/d/Universidad/ETL/Proyecto_airflow/venv/lib/python3.12/site-packages/airflow/example_dags/example_kubernetes_executor.py
[2025-04-01T17:18:19.331-0500] {logging_mixin.py:190} INFO - [2025-04-01T17:18:19.331-0500] {example_kubernetes_executor.py:39} WARNING - The example_kubernetes_executor example DAG requires the kubernetes provider. Please install it with: pip install apache-airflow[cncf.kubernetes]
[2025-04-01T17:18:19.332-0500] {processor.py:927} WARNING - No viable dags retrieved from /mnt/d/Universidad/ETL/Proyecto_airflow/venv/lib/python3.12/site-packages/airflow/example_dags/example_kubernetes_executor.py
[2025-04-01T17:18:19.346-0500] {processor.py:208} INFO - Processing /mnt/d/Universidad/ETL/Proyecto_airflow/venv/lib/python3.12/site-packages/airflow/example_dags/example_kubernetes_executor.py took 0.044 seconds
[2025-04-01T17:20:02.165-0500] {processor.py:186} INFO - Started process (PID=6946) to work on /mnt/d/Universidad/ETL/Proyecto_airflow/venv/lib/python3.12/site-packages/airflow/example_dags/example_kubernetes_executor.py
[2025-04-01T17:20:02.166-0500] {processor.py:914} INFO - Processing file /mnt/d/Universidad/ETL/Proyecto_airflow/venv/lib/python3.12/site-packages/airflow/example_dags/example_kubernetes_executor.py for tasks to queue
[2025-04-01T17:20:02.169-0500] {logging_mixin.py:190} INFO - [2025-04-01T17:20:02.168-0500] {dagbag.py:588} INFO - Filling up the DagBag from /mnt/d/Universidad/ETL/Proyecto_airflow/venv/lib/python3.12/site-packages/airflow/example_dags/example_kubernetes_executor.py
[2025-04-01T17:20:02.185-0500] {logging_mixin.py:190} INFO - [2025-04-01T17:20:02.184-0500] {example_kubernetes_executor.py:39} WARNING - The example_kubernetes_executor example DAG requires the kubernetes provider. Please install it with: pip install apache-airflow[cncf.kubernetes]
[2025-04-01T17:20:02.185-0500] {processor.py:927} WARNING - No viable dags retrieved from /mnt/d/Universidad/ETL/Proyecto_airflow/venv/lib/python3.12/site-packages/airflow/example_dags/example_kubernetes_executor.py
[2025-04-01T17:20:02.198-0500] {processor.py:208} INFO - Processing /mnt/d/Universidad/ETL/Proyecto_airflow/venv/lib/python3.12/site-packages/airflow/example_dags/example_kubernetes_executor.py took 0.041 seconds
[2025-04-01T17:21:45.372-0500] {processor.py:186} INFO - Started process (PID=7020) to work on /mnt/d/Universidad/ETL/Proyecto_airflow/venv/lib/python3.12/site-packages/airflow/example_dags/example_kubernetes_executor.py
[2025-04-01T17:21:45.373-0500] {processor.py:914} INFO - Processing file /mnt/d/Universidad/ETL/Proyecto_airflow/venv/lib/python3.12/site-packages/airflow/example_dags/example_kubernetes_executor.py for tasks to queue
[2025-04-01T17:21:45.375-0500] {logging_mixin.py:190} INFO - [2025-04-01T17:21:45.375-0500] {dagbag.py:588} INFO - Filling up the DagBag from /mnt/d/Universidad/ETL/Proyecto_airflow/venv/lib/python3.12/site-packages/airflow/example_dags/example_kubernetes_executor.py
[2025-04-01T17:21:45.392-0500] {logging_mixin.py:190} INFO - [2025-04-01T17:21:45.391-0500] {example_kubernetes_executor.py:39} WARNING - The example_kubernetes_executor example DAG requires the kubernetes provider. Please install it with: pip install apache-airflow[cncf.kubernetes]
[2025-04-01T17:21:45.392-0500] {processor.py:927} WARNING - No viable dags retrieved from /mnt/d/Universidad/ETL/Proyecto_airflow/venv/lib/python3.12/site-packages/airflow/example_dags/example_kubernetes_executor.py
[2025-04-01T17:21:45.405-0500] {processor.py:208} INFO - Processing /mnt/d/Universidad/ETL/Proyecto_airflow/venv/lib/python3.12/site-packages/airflow/example_dags/example_kubernetes_executor.py took 0.041 seconds
[2025-04-01T17:23:22.215-0500] {processor.py:186} INFO - Started process (PID=7091) to work on /mnt/d/Universidad/ETL/Proyecto_airflow/venv/lib/python3.12/site-packages/airflow/example_dags/example_kubernetes_executor.py
[2025-04-01T17:23:22.216-0500] {processor.py:914} INFO - Processing file /mnt/d/Universidad/ETL/Proyecto_airflow/venv/lib/python3.12/site-packages/airflow/example_dags/example_kubernetes_executor.py for tasks to queue
[2025-04-01T17:23:22.218-0500] {logging_mixin.py:190} INFO - [2025-04-01T17:23:22.217-0500] {dagbag.py:588} INFO - Filling up the DagBag from /mnt/d/Universidad/ETL/Proyecto_airflow/venv/lib/python3.12/site-packages/airflow/example_dags/example_kubernetes_executor.py
[2025-04-01T17:23:22.234-0500] {logging_mixin.py:190} INFO - [2025-04-01T17:23:22.233-0500] {example_kubernetes_executor.py:39} WARNING - The example_kubernetes_executor example DAG requires the kubernetes provider. Please install it with: pip install apache-airflow[cncf.kubernetes]
[2025-04-01T17:23:22.235-0500] {processor.py:927} WARNING - No viable dags retrieved from /mnt/d/Universidad/ETL/Proyecto_airflow/venv/lib/python3.12/site-packages/airflow/example_dags/example_kubernetes_executor.py
[2025-04-01T17:23:22.248-0500] {processor.py:208} INFO - Processing /mnt/d/Universidad/ETL/Proyecto_airflow/venv/lib/python3.12/site-packages/airflow/example_dags/example_kubernetes_executor.py took 0.042 seconds
[2025-04-01T17:24:59.810-0500] {processor.py:186} INFO - Started process (PID=7163) to work on /mnt/d/Universidad/ETL/Proyecto_airflow/venv/lib/python3.12/site-packages/airflow/example_dags/example_kubernetes_executor.py
[2025-04-01T17:24:59.811-0500] {processor.py:914} INFO - Processing file /mnt/d/Universidad/ETL/Proyecto_airflow/venv/lib/python3.12/site-packages/airflow/example_dags/example_kubernetes_executor.py for tasks to queue
[2025-04-01T17:24:59.813-0500] {logging_mixin.py:190} INFO - [2025-04-01T17:24:59.812-0500] {dagbag.py:588} INFO - Filling up the DagBag from /mnt/d/Universidad/ETL/Proyecto_airflow/venv/lib/python3.12/site-packages/airflow/example_dags/example_kubernetes_executor.py
[2025-04-01T17:24:59.829-0500] {logging_mixin.py:190} INFO - [2025-04-01T17:24:59.829-0500] {example_kubernetes_executor.py:39} WARNING - The example_kubernetes_executor example DAG requires the kubernetes provider. Please install it with: pip install apache-airflow[cncf.kubernetes]
[2025-04-01T17:24:59.830-0500] {processor.py:927} WARNING - No viable dags retrieved from /mnt/d/Universidad/ETL/Proyecto_airflow/venv/lib/python3.12/site-packages/airflow/example_dags/example_kubernetes_executor.py
[2025-04-01T17:24:59.843-0500] {processor.py:208} INFO - Processing /mnt/d/Universidad/ETL/Proyecto_airflow/venv/lib/python3.12/site-packages/airflow/example_dags/example_kubernetes_executor.py took 0.041 seconds
[2025-04-01T17:26:32.593-0500] {processor.py:186} INFO - Started process (PID=7233) to work on /mnt/d/Universidad/ETL/Proyecto_airflow/venv/lib/python3.12/site-packages/airflow/example_dags/example_kubernetes_executor.py
[2025-04-01T17:26:32.594-0500] {processor.py:914} INFO - Processing file /mnt/d/Universidad/ETL/Proyecto_airflow/venv/lib/python3.12/site-packages/airflow/example_dags/example_kubernetes_executor.py for tasks to queue
[2025-04-01T17:26:32.596-0500] {logging_mixin.py:190} INFO - [2025-04-01T17:26:32.595-0500] {dagbag.py:588} INFO - Filling up the DagBag from /mnt/d/Universidad/ETL/Proyecto_airflow/venv/lib/python3.12/site-packages/airflow/example_dags/example_kubernetes_executor.py
[2025-04-01T17:26:32.613-0500] {logging_mixin.py:190} INFO - [2025-04-01T17:26:32.612-0500] {example_kubernetes_executor.py:39} WARNING - The example_kubernetes_executor example DAG requires the kubernetes provider. Please install it with: pip install apache-airflow[cncf.kubernetes]
[2025-04-01T17:26:32.613-0500] {processor.py:927} WARNING - No viable dags retrieved from /mnt/d/Universidad/ETL/Proyecto_airflow/venv/lib/python3.12/site-packages/airflow/example_dags/example_kubernetes_executor.py
[2025-04-01T17:26:32.626-0500] {processor.py:208} INFO - Processing /mnt/d/Universidad/ETL/Proyecto_airflow/venv/lib/python3.12/site-packages/airflow/example_dags/example_kubernetes_executor.py took 0.041 seconds
[2025-04-01T17:28:08.816-0500] {processor.py:186} INFO - Started process (PID=7305) to work on /mnt/d/Universidad/ETL/Proyecto_airflow/venv/lib/python3.12/site-packages/airflow/example_dags/example_kubernetes_executor.py
[2025-04-01T17:28:08.817-0500] {processor.py:914} INFO - Processing file /mnt/d/Universidad/ETL/Proyecto_airflow/venv/lib/python3.12/site-packages/airflow/example_dags/example_kubernetes_executor.py for tasks to queue
[2025-04-01T17:28:08.819-0500] {logging_mixin.py:190} INFO - [2025-04-01T17:28:08.818-0500] {dagbag.py:588} INFO - Filling up the DagBag from /mnt/d/Universidad/ETL/Proyecto_airflow/venv/lib/python3.12/site-packages/airflow/example_dags/example_kubernetes_executor.py
[2025-04-01T17:28:08.835-0500] {logging_mixin.py:190} INFO - [2025-04-01T17:28:08.834-0500] {example_kubernetes_executor.py:39} WARNING - The example_kubernetes_executor example DAG requires the kubernetes provider. Please install it with: pip install apache-airflow[cncf.kubernetes]
[2025-04-01T17:28:08.836-0500] {processor.py:927} WARNING - No viable dags retrieved from /mnt/d/Universidad/ETL/Proyecto_airflow/venv/lib/python3.12/site-packages/airflow/example_dags/example_kubernetes_executor.py
[2025-04-01T17:28:08.849-0500] {processor.py:208} INFO - Processing /mnt/d/Universidad/ETL/Proyecto_airflow/venv/lib/python3.12/site-packages/airflow/example_dags/example_kubernetes_executor.py took 0.041 seconds
[2025-04-01T17:29:37.307-0500] {processor.py:186} INFO - Started process (PID=7373) to work on /mnt/d/Universidad/ETL/Proyecto_airflow/venv/lib/python3.12/site-packages/airflow/example_dags/example_kubernetes_executor.py
[2025-04-01T17:29:37.308-0500] {processor.py:914} INFO - Processing file /mnt/d/Universidad/ETL/Proyecto_airflow/venv/lib/python3.12/site-packages/airflow/example_dags/example_kubernetes_executor.py for tasks to queue
[2025-04-01T17:29:37.310-0500] {logging_mixin.py:190} INFO - [2025-04-01T17:29:37.309-0500] {dagbag.py:588} INFO - Filling up the DagBag from /mnt/d/Universidad/ETL/Proyecto_airflow/venv/lib/python3.12/site-packages/airflow/example_dags/example_kubernetes_executor.py
[2025-04-01T17:29:37.326-0500] {logging_mixin.py:190} INFO - [2025-04-01T17:29:37.325-0500] {example_kubernetes_executor.py:39} WARNING - The example_kubernetes_executor example DAG requires the kubernetes provider. Please install it with: pip install apache-airflow[cncf.kubernetes]
[2025-04-01T17:29:37.327-0500] {processor.py:927} WARNING - No viable dags retrieved from /mnt/d/Universidad/ETL/Proyecto_airflow/venv/lib/python3.12/site-packages/airflow/example_dags/example_kubernetes_executor.py
[2025-04-01T17:29:37.340-0500] {processor.py:208} INFO - Processing /mnt/d/Universidad/ETL/Proyecto_airflow/venv/lib/python3.12/site-packages/airflow/example_dags/example_kubernetes_executor.py took 0.041 seconds
