[2025-04-01T16:16:50.663-0500] {processor.py:186} INFO - Started process (PID=4086) to work on /mnt/d/Universidad/ETL/Proyecto_airflow/venv/lib/python3.12/site-packages/airflow/example_dags/example_latest_only.py
[2025-04-01T16:16:50.664-0500] {processor.py:914} INFO - Processing file /mnt/d/Universidad/ETL/Proyecto_airflow/venv/lib/python3.12/site-packages/airflow/example_dags/example_latest_only.py for tasks to queue
[2025-04-01T16:16:50.667-0500] {logging_mixin.py:190} INFO - [2025-04-01T16:16:50.666-0500] {dagbag.py:588} INFO - Filling up the DagBag from /mnt/d/Universidad/ETL/Proyecto_airflow/venv/lib/python3.12/site-packages/airflow/example_dags/example_latest_only.py
[2025-04-01T16:16:50.720-0500] {processor.py:925} INFO - DAG(s) 'latest_only' retrieved from /mnt/d/Universidad/ETL/Proyecto_airflow/venv/lib/python3.12/site-packages/airflow/example_dags/example_latest_only.py
[2025-04-01T16:16:51.817-0500] {logging_mixin.py:190} INFO - [2025-04-01T16:16:51.816-0500] {override.py:1930} INFO - Created Permission View: can read on DAG:latest_only
[2025-04-01T16:16:51.889-0500] {logging_mixin.py:190} INFO - [2025-04-01T16:16:51.888-0500] {override.py:1930} INFO - Created Permission View: can edit on DAG:latest_only
[2025-04-01T16:16:51.954-0500] {logging_mixin.py:190} INFO - [2025-04-01T16:16:51.953-0500] {override.py:1930} INFO - Created Permission View: can delete on DAG:latest_only
[2025-04-01T16:16:52.082-0500] {logging_mixin.py:190} INFO - [2025-04-01T16:16:52.081-0500] {override.py:1930} INFO - Created Permission View: can create on DAG Run:latest_only
[2025-04-01T16:16:52.154-0500] {logging_mixin.py:190} INFO - [2025-04-01T16:16:52.153-0500] {override.py:1930} INFO - Created Permission View: menu access on DAG Run:latest_only
[2025-04-01T16:16:52.227-0500] {logging_mixin.py:190} INFO - [2025-04-01T16:16:52.226-0500] {override.py:1930} INFO - Created Permission View: can read on DAG Run:latest_only
[2025-04-01T16:16:52.299-0500] {logging_mixin.py:190} INFO - [2025-04-01T16:16:52.298-0500] {override.py:1930} INFO - Created Permission View: can delete on DAG Run:latest_only
[2025-04-01T16:16:52.301-0500] {logging_mixin.py:190} INFO - [2025-04-01T16:16:52.300-0500] {dag.py:3239} INFO - Sync 1 DAGs
[2025-04-01T16:16:52.315-0500] {logging_mixin.py:190} INFO - [2025-04-01T16:16:52.315-0500] {dag.py:3262} INFO - Creating ORM DAG for latest_only
[2025-04-01T16:16:52.328-0500] {logging_mixin.py:190} INFO - [2025-04-01T16:16:52.328-0500] {dag.py:4180} INFO - Setting next_dagrun for latest_only to 2025-04-01 16:00:00+00:00, run_after=2025-04-01 20:00:00+00:00
[2025-04-01T16:16:52.424-0500] {processor.py:208} INFO - Processing /mnt/d/Universidad/ETL/Proyecto_airflow/venv/lib/python3.12/site-packages/airflow/example_dags/example_latest_only.py took 1.768 seconds
[2025-04-01T16:18:45.878-0500] {processor.py:186} INFO - Started process (PID=4158) to work on /mnt/d/Universidad/ETL/Proyecto_airflow/venv/lib/python3.12/site-packages/airflow/example_dags/example_latest_only.py
[2025-04-01T16:18:45.879-0500] {processor.py:914} INFO - Processing file /mnt/d/Universidad/ETL/Proyecto_airflow/venv/lib/python3.12/site-packages/airflow/example_dags/example_latest_only.py for tasks to queue
[2025-04-01T16:18:45.881-0500] {logging_mixin.py:190} INFO - [2025-04-01T16:18:45.881-0500] {dagbag.py:588} INFO - Filling up the DagBag from /mnt/d/Universidad/ETL/Proyecto_airflow/venv/lib/python3.12/site-packages/airflow/example_dags/example_latest_only.py
[2025-04-01T16:18:45.934-0500] {processor.py:925} INFO - DAG(s) 'latest_only' retrieved from /mnt/d/Universidad/ETL/Proyecto_airflow/venv/lib/python3.12/site-packages/airflow/example_dags/example_latest_only.py
[2025-04-01T16:18:45.951-0500] {logging_mixin.py:190} INFO - [2025-04-01T16:18:45.950-0500] {dag.py:3239} INFO - Sync 1 DAGs
[2025-04-01T16:18:45.970-0500] {logging_mixin.py:190} INFO - [2025-04-01T16:18:45.970-0500] {dag.py:4180} INFO - Setting next_dagrun for latest_only to 2025-04-01 16:00:00+00:00, run_after=2025-04-01 20:00:00+00:00
[2025-04-01T16:18:46.039-0500] {processor.py:208} INFO - Processing /mnt/d/Universidad/ETL/Proyecto_airflow/venv/lib/python3.12/site-packages/airflow/example_dags/example_latest_only.py took 0.168 seconds
[2025-04-01T16:20:14.705-0500] {processor.py:186} INFO - Started process (PID=4229) to work on /mnt/d/Universidad/ETL/Proyecto_airflow/venv/lib/python3.12/site-packages/airflow/example_dags/example_latest_only.py
[2025-04-01T16:20:14.706-0500] {processor.py:914} INFO - Processing file /mnt/d/Universidad/ETL/Proyecto_airflow/venv/lib/python3.12/site-packages/airflow/example_dags/example_latest_only.py for tasks to queue
[2025-04-01T16:20:14.708-0500] {logging_mixin.py:190} INFO - [2025-04-01T16:20:14.707-0500] {dagbag.py:588} INFO - Filling up the DagBag from /mnt/d/Universidad/ETL/Proyecto_airflow/venv/lib/python3.12/site-packages/airflow/example_dags/example_latest_only.py
[2025-04-01T16:20:14.761-0500] {processor.py:925} INFO - DAG(s) 'latest_only' retrieved from /mnt/d/Universidad/ETL/Proyecto_airflow/venv/lib/python3.12/site-packages/airflow/example_dags/example_latest_only.py
[2025-04-01T16:20:14.779-0500] {logging_mixin.py:190} INFO - [2025-04-01T16:20:14.778-0500] {dag.py:3239} INFO - Sync 1 DAGs
[2025-04-01T16:20:14.798-0500] {logging_mixin.py:190} INFO - [2025-04-01T16:20:14.797-0500] {dag.py:4180} INFO - Setting next_dagrun for latest_only to 2025-04-01 16:00:00+00:00, run_after=2025-04-01 20:00:00+00:00
[2025-04-01T16:20:14.869-0500] {processor.py:208} INFO - Processing /mnt/d/Universidad/ETL/Proyecto_airflow/venv/lib/python3.12/site-packages/airflow/example_dags/example_latest_only.py took 0.172 seconds
[2025-04-01T16:21:42.961-0500] {processor.py:186} INFO - Started process (PID=4302) to work on /mnt/d/Universidad/ETL/Proyecto_airflow/venv/lib/python3.12/site-packages/airflow/example_dags/example_latest_only.py
[2025-04-01T16:21:42.963-0500] {processor.py:914} INFO - Processing file /mnt/d/Universidad/ETL/Proyecto_airflow/venv/lib/python3.12/site-packages/airflow/example_dags/example_latest_only.py for tasks to queue
[2025-04-01T16:21:42.965-0500] {logging_mixin.py:190} INFO - [2025-04-01T16:21:42.964-0500] {dagbag.py:588} INFO - Filling up the DagBag from /mnt/d/Universidad/ETL/Proyecto_airflow/venv/lib/python3.12/site-packages/airflow/example_dags/example_latest_only.py
[2025-04-01T16:21:43.018-0500] {processor.py:925} INFO - DAG(s) 'latest_only' retrieved from /mnt/d/Universidad/ETL/Proyecto_airflow/venv/lib/python3.12/site-packages/airflow/example_dags/example_latest_only.py
[2025-04-01T16:21:43.037-0500] {logging_mixin.py:190} INFO - [2025-04-01T16:21:43.036-0500] {dag.py:3239} INFO - Sync 1 DAGs
[2025-04-01T16:21:43.057-0500] {logging_mixin.py:190} INFO - [2025-04-01T16:21:43.056-0500] {dag.py:4180} INFO - Setting next_dagrun for latest_only to 2025-04-01 16:00:00+00:00, run_after=2025-04-01 20:00:00+00:00
[2025-04-01T16:21:43.136-0500] {processor.py:208} INFO - Processing /mnt/d/Universidad/ETL/Proyecto_airflow/venv/lib/python3.12/site-packages/airflow/example_dags/example_latest_only.py took 0.182 seconds
[2025-04-01T16:23:05.994-0500] {processor.py:186} INFO - Started process (PID=4368) to work on /mnt/d/Universidad/ETL/Proyecto_airflow/venv/lib/python3.12/site-packages/airflow/example_dags/example_latest_only.py
[2025-04-01T16:23:05.995-0500] {processor.py:914} INFO - Processing file /mnt/d/Universidad/ETL/Proyecto_airflow/venv/lib/python3.12/site-packages/airflow/example_dags/example_latest_only.py for tasks to queue
[2025-04-01T16:23:05.997-0500] {logging_mixin.py:190} INFO - [2025-04-01T16:23:05.996-0500] {dagbag.py:588} INFO - Filling up the DagBag from /mnt/d/Universidad/ETL/Proyecto_airflow/venv/lib/python3.12/site-packages/airflow/example_dags/example_latest_only.py
[2025-04-01T16:23:06.049-0500] {processor.py:925} INFO - DAG(s) 'latest_only' retrieved from /mnt/d/Universidad/ETL/Proyecto_airflow/venv/lib/python3.12/site-packages/airflow/example_dags/example_latest_only.py
[2025-04-01T16:23:06.067-0500] {logging_mixin.py:190} INFO - [2025-04-01T16:23:06.066-0500] {dag.py:3239} INFO - Sync 1 DAGs
[2025-04-01T16:23:06.085-0500] {logging_mixin.py:190} INFO - [2025-04-01T16:23:06.084-0500] {dag.py:4180} INFO - Setting next_dagrun for latest_only to 2025-04-01 16:00:00+00:00, run_after=2025-04-01 20:00:00+00:00
[2025-04-01T16:23:06.186-0500] {processor.py:208} INFO - Processing /mnt/d/Universidad/ETL/Proyecto_airflow/venv/lib/python3.12/site-packages/airflow/example_dags/example_latest_only.py took 0.200 seconds
[2025-04-01T16:24:40.134-0500] {processor.py:186} INFO - Started process (PID=4440) to work on /mnt/d/Universidad/ETL/Proyecto_airflow/venv/lib/python3.12/site-packages/airflow/example_dags/example_latest_only.py
[2025-04-01T16:24:40.135-0500] {processor.py:914} INFO - Processing file /mnt/d/Universidad/ETL/Proyecto_airflow/venv/lib/python3.12/site-packages/airflow/example_dags/example_latest_only.py for tasks to queue
[2025-04-01T16:24:40.137-0500] {logging_mixin.py:190} INFO - [2025-04-01T16:24:40.136-0500] {dagbag.py:588} INFO - Filling up the DagBag from /mnt/d/Universidad/ETL/Proyecto_airflow/venv/lib/python3.12/site-packages/airflow/example_dags/example_latest_only.py
[2025-04-01T16:24:40.190-0500] {processor.py:925} INFO - DAG(s) 'latest_only' retrieved from /mnt/d/Universidad/ETL/Proyecto_airflow/venv/lib/python3.12/site-packages/airflow/example_dags/example_latest_only.py
[2025-04-01T16:24:40.207-0500] {logging_mixin.py:190} INFO - [2025-04-01T16:24:40.206-0500] {dag.py:3239} INFO - Sync 1 DAGs
[2025-04-01T16:24:40.226-0500] {logging_mixin.py:190} INFO - [2025-04-01T16:24:40.225-0500] {dag.py:4180} INFO - Setting next_dagrun for latest_only to 2025-04-01 16:00:00+00:00, run_after=2025-04-01 20:00:00+00:00
[2025-04-01T16:24:40.329-0500] {processor.py:208} INFO - Processing /mnt/d/Universidad/ETL/Proyecto_airflow/venv/lib/python3.12/site-packages/airflow/example_dags/example_latest_only.py took 0.203 seconds
[2025-04-01T16:26:15.635-0500] {processor.py:186} INFO - Started process (PID=4511) to work on /mnt/d/Universidad/ETL/Proyecto_airflow/venv/lib/python3.12/site-packages/airflow/example_dags/example_latest_only.py
[2025-04-01T16:26:15.636-0500] {processor.py:914} INFO - Processing file /mnt/d/Universidad/ETL/Proyecto_airflow/venv/lib/python3.12/site-packages/airflow/example_dags/example_latest_only.py for tasks to queue
[2025-04-01T16:26:15.638-0500] {logging_mixin.py:190} INFO - [2025-04-01T16:26:15.637-0500] {dagbag.py:588} INFO - Filling up the DagBag from /mnt/d/Universidad/ETL/Proyecto_airflow/venv/lib/python3.12/site-packages/airflow/example_dags/example_latest_only.py
[2025-04-01T16:26:15.692-0500] {processor.py:925} INFO - DAG(s) 'latest_only' retrieved from /mnt/d/Universidad/ETL/Proyecto_airflow/venv/lib/python3.12/site-packages/airflow/example_dags/example_latest_only.py
[2025-04-01T16:26:15.776-0500] {logging_mixin.py:190} INFO - [2025-04-01T16:26:15.775-0500] {dag.py:3239} INFO - Sync 1 DAGs
[2025-04-01T16:26:15.794-0500] {logging_mixin.py:190} INFO - [2025-04-01T16:26:15.794-0500] {dag.py:4180} INFO - Setting next_dagrun for latest_only to 2025-04-01 16:00:00+00:00, run_after=2025-04-01 20:00:00+00:00
[2025-04-01T16:26:15.886-0500] {processor.py:208} INFO - Processing /mnt/d/Universidad/ETL/Proyecto_airflow/venv/lib/python3.12/site-packages/airflow/example_dags/example_latest_only.py took 0.259 seconds
[2025-04-01T16:27:47.821-0500] {processor.py:186} INFO - Started process (PID=4582) to work on /mnt/d/Universidad/ETL/Proyecto_airflow/venv/lib/python3.12/site-packages/airflow/example_dags/example_latest_only.py
[2025-04-01T16:27:47.822-0500] {processor.py:914} INFO - Processing file /mnt/d/Universidad/ETL/Proyecto_airflow/venv/lib/python3.12/site-packages/airflow/example_dags/example_latest_only.py for tasks to queue
[2025-04-01T16:27:47.824-0500] {logging_mixin.py:190} INFO - [2025-04-01T16:27:47.824-0500] {dagbag.py:588} INFO - Filling up the DagBag from /mnt/d/Universidad/ETL/Proyecto_airflow/venv/lib/python3.12/site-packages/airflow/example_dags/example_latest_only.py
[2025-04-01T16:27:47.878-0500] {processor.py:925} INFO - DAG(s) 'latest_only' retrieved from /mnt/d/Universidad/ETL/Proyecto_airflow/venv/lib/python3.12/site-packages/airflow/example_dags/example_latest_only.py
[2025-04-01T16:27:47.897-0500] {logging_mixin.py:190} INFO - [2025-04-01T16:27:47.897-0500] {dag.py:3239} INFO - Sync 1 DAGs
[2025-04-01T16:27:47.919-0500] {logging_mixin.py:190} INFO - [2025-04-01T16:27:47.918-0500] {dag.py:4180} INFO - Setting next_dagrun for latest_only to 2025-04-01 16:00:00+00:00, run_after=2025-04-01 20:00:00+00:00
[2025-04-01T16:27:48.046-0500] {processor.py:208} INFO - Processing /mnt/d/Universidad/ETL/Proyecto_airflow/venv/lib/python3.12/site-packages/airflow/example_dags/example_latest_only.py took 0.233 seconds
[2025-04-01T16:29:17.494-0500] {processor.py:186} INFO - Started process (PID=4652) to work on /mnt/d/Universidad/ETL/Proyecto_airflow/venv/lib/python3.12/site-packages/airflow/example_dags/example_latest_only.py
[2025-04-01T16:29:17.495-0500] {processor.py:914} INFO - Processing file /mnt/d/Universidad/ETL/Proyecto_airflow/venv/lib/python3.12/site-packages/airflow/example_dags/example_latest_only.py for tasks to queue
[2025-04-01T16:29:17.497-0500] {logging_mixin.py:190} INFO - [2025-04-01T16:29:17.496-0500] {dagbag.py:588} INFO - Filling up the DagBag from /mnt/d/Universidad/ETL/Proyecto_airflow/venv/lib/python3.12/site-packages/airflow/example_dags/example_latest_only.py
[2025-04-01T16:29:17.553-0500] {processor.py:925} INFO - DAG(s) 'latest_only' retrieved from /mnt/d/Universidad/ETL/Proyecto_airflow/venv/lib/python3.12/site-packages/airflow/example_dags/example_latest_only.py
[2025-04-01T16:29:17.649-0500] {logging_mixin.py:190} INFO - [2025-04-01T16:29:17.648-0500] {dag.py:3239} INFO - Sync 1 DAGs
[2025-04-01T16:29:17.669-0500] {logging_mixin.py:190} INFO - [2025-04-01T16:29:17.668-0500] {dag.py:4180} INFO - Setting next_dagrun for latest_only to 2025-04-01 16:00:00+00:00, run_after=2025-04-01 20:00:00+00:00
[2025-04-01T16:29:17.782-0500] {processor.py:208} INFO - Processing /mnt/d/Universidad/ETL/Proyecto_airflow/venv/lib/python3.12/site-packages/airflow/example_dags/example_latest_only.py took 0.296 seconds
[2025-04-01T16:30:50.849-0500] {processor.py:186} INFO - Started process (PID=4724) to work on /mnt/d/Universidad/ETL/Proyecto_airflow/venv/lib/python3.12/site-packages/airflow/example_dags/example_latest_only.py
[2025-04-01T16:30:50.851-0500] {processor.py:914} INFO - Processing file /mnt/d/Universidad/ETL/Proyecto_airflow/venv/lib/python3.12/site-packages/airflow/example_dags/example_latest_only.py for tasks to queue
[2025-04-01T16:30:50.853-0500] {logging_mixin.py:190} INFO - [2025-04-01T16:30:50.852-0500] {dagbag.py:588} INFO - Filling up the DagBag from /mnt/d/Universidad/ETL/Proyecto_airflow/venv/lib/python3.12/site-packages/airflow/example_dags/example_latest_only.py
[2025-04-01T16:30:50.906-0500] {processor.py:925} INFO - DAG(s) 'latest_only' retrieved from /mnt/d/Universidad/ETL/Proyecto_airflow/venv/lib/python3.12/site-packages/airflow/example_dags/example_latest_only.py
[2025-04-01T16:30:50.923-0500] {logging_mixin.py:190} INFO - [2025-04-01T16:30:50.922-0500] {dag.py:3239} INFO - Sync 1 DAGs
[2025-04-01T16:30:50.941-0500] {logging_mixin.py:190} INFO - [2025-04-01T16:30:50.941-0500] {dag.py:4180} INFO - Setting next_dagrun for latest_only to 2025-04-01 16:00:00+00:00, run_after=2025-04-01 20:00:00+00:00
[2025-04-01T16:30:51.044-0500] {processor.py:208} INFO - Processing /mnt/d/Universidad/ETL/Proyecto_airflow/venv/lib/python3.12/site-packages/airflow/example_dags/example_latest_only.py took 0.202 seconds
[2025-04-01T16:32:26.032-0500] {processor.py:186} INFO - Started process (PID=4797) to work on /mnt/d/Universidad/ETL/Proyecto_airflow/venv/lib/python3.12/site-packages/airflow/example_dags/example_latest_only.py
[2025-04-01T16:32:26.033-0500] {processor.py:914} INFO - Processing file /mnt/d/Universidad/ETL/Proyecto_airflow/venv/lib/python3.12/site-packages/airflow/example_dags/example_latest_only.py for tasks to queue
[2025-04-01T16:32:26.035-0500] {logging_mixin.py:190} INFO - [2025-04-01T16:32:26.034-0500] {dagbag.py:588} INFO - Filling up the DagBag from /mnt/d/Universidad/ETL/Proyecto_airflow/venv/lib/python3.12/site-packages/airflow/example_dags/example_latest_only.py
[2025-04-01T16:32:26.089-0500] {processor.py:925} INFO - DAG(s) 'latest_only' retrieved from /mnt/d/Universidad/ETL/Proyecto_airflow/venv/lib/python3.12/site-packages/airflow/example_dags/example_latest_only.py
[2025-04-01T16:32:26.108-0500] {logging_mixin.py:190} INFO - [2025-04-01T16:32:26.107-0500] {dag.py:3239} INFO - Sync 1 DAGs
[2025-04-01T16:32:26.128-0500] {logging_mixin.py:190} INFO - [2025-04-01T16:32:26.127-0500] {dag.py:4180} INFO - Setting next_dagrun for latest_only to 2025-04-01 16:00:00+00:00, run_after=2025-04-01 20:00:00+00:00
[2025-04-01T16:32:26.217-0500] {processor.py:208} INFO - Processing /mnt/d/Universidad/ETL/Proyecto_airflow/venv/lib/python3.12/site-packages/airflow/example_dags/example_latest_only.py took 0.193 seconds
[2025-04-01T16:33:56.696-0500] {processor.py:186} INFO - Started process (PID=4867) to work on /mnt/d/Universidad/ETL/Proyecto_airflow/venv/lib/python3.12/site-packages/airflow/example_dags/example_latest_only.py
[2025-04-01T16:33:56.698-0500] {processor.py:914} INFO - Processing file /mnt/d/Universidad/ETL/Proyecto_airflow/venv/lib/python3.12/site-packages/airflow/example_dags/example_latest_only.py for tasks to queue
[2025-04-01T16:33:56.700-0500] {logging_mixin.py:190} INFO - [2025-04-01T16:33:56.699-0500] {dagbag.py:588} INFO - Filling up the DagBag from /mnt/d/Universidad/ETL/Proyecto_airflow/venv/lib/python3.12/site-packages/airflow/example_dags/example_latest_only.py
[2025-04-01T16:33:56.753-0500] {processor.py:925} INFO - DAG(s) 'latest_only' retrieved from /mnt/d/Universidad/ETL/Proyecto_airflow/venv/lib/python3.12/site-packages/airflow/example_dags/example_latest_only.py
[2025-04-01T16:33:56.770-0500] {logging_mixin.py:190} INFO - [2025-04-01T16:33:56.770-0500] {dag.py:3239} INFO - Sync 1 DAGs
[2025-04-01T16:33:56.789-0500] {logging_mixin.py:190} INFO - [2025-04-01T16:33:56.789-0500] {dag.py:4180} INFO - Setting next_dagrun for latest_only to 2025-04-01 16:00:00+00:00, run_after=2025-04-01 20:00:00+00:00
[2025-04-01T16:33:56.883-0500] {processor.py:208} INFO - Processing /mnt/d/Universidad/ETL/Proyecto_airflow/venv/lib/python3.12/site-packages/airflow/example_dags/example_latest_only.py took 0.195 seconds
[2025-04-01T16:35:21.870-0500] {processor.py:186} INFO - Started process (PID=4936) to work on /mnt/d/Universidad/ETL/Proyecto_airflow/venv/lib/python3.12/site-packages/airflow/example_dags/example_latest_only.py
[2025-04-01T16:35:21.871-0500] {processor.py:914} INFO - Processing file /mnt/d/Universidad/ETL/Proyecto_airflow/venv/lib/python3.12/site-packages/airflow/example_dags/example_latest_only.py for tasks to queue
[2025-04-01T16:35:21.873-0500] {logging_mixin.py:190} INFO - [2025-04-01T16:35:21.873-0500] {dagbag.py:588} INFO - Filling up the DagBag from /mnt/d/Universidad/ETL/Proyecto_airflow/venv/lib/python3.12/site-packages/airflow/example_dags/example_latest_only.py
[2025-04-01T16:35:21.927-0500] {processor.py:925} INFO - DAG(s) 'latest_only' retrieved from /mnt/d/Universidad/ETL/Proyecto_airflow/venv/lib/python3.12/site-packages/airflow/example_dags/example_latest_only.py
[2025-04-01T16:35:21.944-0500] {logging_mixin.py:190} INFO - [2025-04-01T16:35:21.943-0500] {dag.py:3239} INFO - Sync 1 DAGs
[2025-04-01T16:35:21.963-0500] {logging_mixin.py:190} INFO - [2025-04-01T16:35:21.963-0500] {dag.py:4180} INFO - Setting next_dagrun for latest_only to 2025-04-01 16:00:00+00:00, run_after=2025-04-01 20:00:00+00:00
[2025-04-01T16:35:22.034-0500] {processor.py:208} INFO - Processing /mnt/d/Universidad/ETL/Proyecto_airflow/venv/lib/python3.12/site-packages/airflow/example_dags/example_latest_only.py took 0.172 seconds
[2025-04-01T16:36:56.975-0500] {processor.py:186} INFO - Started process (PID=5007) to work on /mnt/d/Universidad/ETL/Proyecto_airflow/venv/lib/python3.12/site-packages/airflow/example_dags/example_latest_only.py
[2025-04-01T16:36:56.976-0500] {processor.py:914} INFO - Processing file /mnt/d/Universidad/ETL/Proyecto_airflow/venv/lib/python3.12/site-packages/airflow/example_dags/example_latest_only.py for tasks to queue
[2025-04-01T16:36:56.978-0500] {logging_mixin.py:190} INFO - [2025-04-01T16:36:56.977-0500] {dagbag.py:588} INFO - Filling up the DagBag from /mnt/d/Universidad/ETL/Proyecto_airflow/venv/lib/python3.12/site-packages/airflow/example_dags/example_latest_only.py
[2025-04-01T16:36:57.033-0500] {processor.py:925} INFO - DAG(s) 'latest_only' retrieved from /mnt/d/Universidad/ETL/Proyecto_airflow/venv/lib/python3.12/site-packages/airflow/example_dags/example_latest_only.py
[2025-04-01T16:36:57.051-0500] {logging_mixin.py:190} INFO - [2025-04-01T16:36:57.051-0500] {dag.py:3239} INFO - Sync 1 DAGs
[2025-04-01T16:36:57.071-0500] {logging_mixin.py:190} INFO - [2025-04-01T16:36:57.070-0500] {dag.py:4180} INFO - Setting next_dagrun for latest_only to 2025-04-01 16:00:00+00:00, run_after=2025-04-01 20:00:00+00:00
[2025-04-01T16:36:57.173-0500] {processor.py:208} INFO - Processing /mnt/d/Universidad/ETL/Proyecto_airflow/venv/lib/python3.12/site-packages/airflow/example_dags/example_latest_only.py took 0.207 seconds
[2025-04-01T16:38:30.776-0500] {processor.py:186} INFO - Started process (PID=5076) to work on /mnt/d/Universidad/ETL/Proyecto_airflow/venv/lib/python3.12/site-packages/airflow/example_dags/example_latest_only.py
[2025-04-01T16:38:30.777-0500] {processor.py:914} INFO - Processing file /mnt/d/Universidad/ETL/Proyecto_airflow/venv/lib/python3.12/site-packages/airflow/example_dags/example_latest_only.py for tasks to queue
[2025-04-01T16:38:30.780-0500] {logging_mixin.py:190} INFO - [2025-04-01T16:38:30.779-0500] {dagbag.py:588} INFO - Filling up the DagBag from /mnt/d/Universidad/ETL/Proyecto_airflow/venv/lib/python3.12/site-packages/airflow/example_dags/example_latest_only.py
[2025-04-01T16:38:30.834-0500] {processor.py:925} INFO - DAG(s) 'latest_only' retrieved from /mnt/d/Universidad/ETL/Proyecto_airflow/venv/lib/python3.12/site-packages/airflow/example_dags/example_latest_only.py
[2025-04-01T16:38:30.852-0500] {logging_mixin.py:190} INFO - [2025-04-01T16:38:30.851-0500] {dag.py:3239} INFO - Sync 1 DAGs
[2025-04-01T16:38:30.872-0500] {logging_mixin.py:190} INFO - [2025-04-01T16:38:30.871-0500] {dag.py:4180} INFO - Setting next_dagrun for latest_only to 2025-04-01 16:00:00+00:00, run_after=2025-04-01 20:00:00+00:00
[2025-04-01T16:38:30.940-0500] {processor.py:208} INFO - Processing /mnt/d/Universidad/ETL/Proyecto_airflow/venv/lib/python3.12/site-packages/airflow/example_dags/example_latest_only.py took 0.172 seconds
[2025-04-01T16:40:00.286-0500] {processor.py:186} INFO - Started process (PID=5147) to work on /mnt/d/Universidad/ETL/Proyecto_airflow/venv/lib/python3.12/site-packages/airflow/example_dags/example_latest_only.py
[2025-04-01T16:40:00.287-0500] {processor.py:914} INFO - Processing file /mnt/d/Universidad/ETL/Proyecto_airflow/venv/lib/python3.12/site-packages/airflow/example_dags/example_latest_only.py for tasks to queue
[2025-04-01T16:40:00.290-0500] {logging_mixin.py:190} INFO - [2025-04-01T16:40:00.289-0500] {dagbag.py:588} INFO - Filling up the DagBag from /mnt/d/Universidad/ETL/Proyecto_airflow/venv/lib/python3.12/site-packages/airflow/example_dags/example_latest_only.py
[2025-04-01T16:40:00.343-0500] {processor.py:925} INFO - DAG(s) 'latest_only' retrieved from /mnt/d/Universidad/ETL/Proyecto_airflow/venv/lib/python3.12/site-packages/airflow/example_dags/example_latest_only.py
[2025-04-01T16:40:00.362-0500] {logging_mixin.py:190} INFO - [2025-04-01T16:40:00.362-0500] {dag.py:3239} INFO - Sync 1 DAGs
[2025-04-01T16:40:00.383-0500] {logging_mixin.py:190} INFO - [2025-04-01T16:40:00.382-0500] {dag.py:4180} INFO - Setting next_dagrun for latest_only to 2025-04-01 16:00:00+00:00, run_after=2025-04-01 20:00:00+00:00
[2025-04-01T16:40:00.459-0500] {processor.py:208} INFO - Processing /mnt/d/Universidad/ETL/Proyecto_airflow/venv/lib/python3.12/site-packages/airflow/example_dags/example_latest_only.py took 0.181 seconds
[2025-04-01T16:41:39.267-0500] {processor.py:186} INFO - Started process (PID=5221) to work on /mnt/d/Universidad/ETL/Proyecto_airflow/venv/lib/python3.12/site-packages/airflow/example_dags/example_latest_only.py
[2025-04-01T16:41:39.268-0500] {processor.py:914} INFO - Processing file /mnt/d/Universidad/ETL/Proyecto_airflow/venv/lib/python3.12/site-packages/airflow/example_dags/example_latest_only.py for tasks to queue
[2025-04-01T16:41:39.271-0500] {logging_mixin.py:190} INFO - [2025-04-01T16:41:39.270-0500] {dagbag.py:588} INFO - Filling up the DagBag from /mnt/d/Universidad/ETL/Proyecto_airflow/venv/lib/python3.12/site-packages/airflow/example_dags/example_latest_only.py
[2025-04-01T16:41:39.326-0500] {processor.py:925} INFO - DAG(s) 'latest_only' retrieved from /mnt/d/Universidad/ETL/Proyecto_airflow/venv/lib/python3.12/site-packages/airflow/example_dags/example_latest_only.py
[2025-04-01T16:41:39.346-0500] {logging_mixin.py:190} INFO - [2025-04-01T16:41:39.345-0500] {dag.py:3239} INFO - Sync 1 DAGs
[2025-04-01T16:41:39.367-0500] {logging_mixin.py:190} INFO - [2025-04-01T16:41:39.366-0500] {dag.py:4180} INFO - Setting next_dagrun for latest_only to 2025-04-01 16:00:00+00:00, run_after=2025-04-01 20:00:00+00:00
[2025-04-01T16:41:39.450-0500] {processor.py:208} INFO - Processing /mnt/d/Universidad/ETL/Proyecto_airflow/venv/lib/python3.12/site-packages/airflow/example_dags/example_latest_only.py took 0.192 seconds
[2025-04-01T16:43:12.657-0500] {processor.py:186} INFO - Started process (PID=5291) to work on /mnt/d/Universidad/ETL/Proyecto_airflow/venv/lib/python3.12/site-packages/airflow/example_dags/example_latest_only.py
[2025-04-01T16:43:12.658-0500] {processor.py:914} INFO - Processing file /mnt/d/Universidad/ETL/Proyecto_airflow/venv/lib/python3.12/site-packages/airflow/example_dags/example_latest_only.py for tasks to queue
[2025-04-01T16:43:12.660-0500] {logging_mixin.py:190} INFO - [2025-04-01T16:43:12.659-0500] {dagbag.py:588} INFO - Filling up the DagBag from /mnt/d/Universidad/ETL/Proyecto_airflow/venv/lib/python3.12/site-packages/airflow/example_dags/example_latest_only.py
[2025-04-01T16:43:12.713-0500] {processor.py:925} INFO - DAG(s) 'latest_only' retrieved from /mnt/d/Universidad/ETL/Proyecto_airflow/venv/lib/python3.12/site-packages/airflow/example_dags/example_latest_only.py
[2025-04-01T16:43:12.731-0500] {logging_mixin.py:190} INFO - [2025-04-01T16:43:12.730-0500] {dag.py:3239} INFO - Sync 1 DAGs
[2025-04-01T16:43:12.749-0500] {logging_mixin.py:190} INFO - [2025-04-01T16:43:12.749-0500] {dag.py:4180} INFO - Setting next_dagrun for latest_only to 2025-04-01 16:00:00+00:00, run_after=2025-04-01 20:00:00+00:00
[2025-04-01T16:43:12.847-0500] {processor.py:208} INFO - Processing /mnt/d/Universidad/ETL/Proyecto_airflow/venv/lib/python3.12/site-packages/airflow/example_dags/example_latest_only.py took 0.198 seconds
[2025-04-01T16:44:48.079-0500] {processor.py:186} INFO - Started process (PID=5362) to work on /mnt/d/Universidad/ETL/Proyecto_airflow/venv/lib/python3.12/site-packages/airflow/example_dags/example_latest_only.py
[2025-04-01T16:44:48.080-0500] {processor.py:914} INFO - Processing file /mnt/d/Universidad/ETL/Proyecto_airflow/venv/lib/python3.12/site-packages/airflow/example_dags/example_latest_only.py for tasks to queue
[2025-04-01T16:44:48.082-0500] {logging_mixin.py:190} INFO - [2025-04-01T16:44:48.082-0500] {dagbag.py:588} INFO - Filling up the DagBag from /mnt/d/Universidad/ETL/Proyecto_airflow/venv/lib/python3.12/site-packages/airflow/example_dags/example_latest_only.py
[2025-04-01T16:44:48.135-0500] {processor.py:925} INFO - DAG(s) 'latest_only' retrieved from /mnt/d/Universidad/ETL/Proyecto_airflow/venv/lib/python3.12/site-packages/airflow/example_dags/example_latest_only.py
[2025-04-01T16:44:48.153-0500] {logging_mixin.py:190} INFO - [2025-04-01T16:44:48.152-0500] {dag.py:3239} INFO - Sync 1 DAGs
[2025-04-01T16:44:48.172-0500] {logging_mixin.py:190} INFO - [2025-04-01T16:44:48.171-0500] {dag.py:4180} INFO - Setting next_dagrun for latest_only to 2025-04-01 16:00:00+00:00, run_after=2025-04-01 20:00:00+00:00
[2025-04-01T16:44:48.275-0500] {processor.py:208} INFO - Processing /mnt/d/Universidad/ETL/Proyecto_airflow/venv/lib/python3.12/site-packages/airflow/example_dags/example_latest_only.py took 0.204 seconds
[2025-04-01T16:46:23.679-0500] {processor.py:186} INFO - Started process (PID=5435) to work on /mnt/d/Universidad/ETL/Proyecto_airflow/venv/lib/python3.12/site-packages/airflow/example_dags/example_latest_only.py
[2025-04-01T16:46:23.680-0500] {processor.py:914} INFO - Processing file /mnt/d/Universidad/ETL/Proyecto_airflow/venv/lib/python3.12/site-packages/airflow/example_dags/example_latest_only.py for tasks to queue
[2025-04-01T16:46:23.682-0500] {logging_mixin.py:190} INFO - [2025-04-01T16:46:23.681-0500] {dagbag.py:588} INFO - Filling up the DagBag from /mnt/d/Universidad/ETL/Proyecto_airflow/venv/lib/python3.12/site-packages/airflow/example_dags/example_latest_only.py
[2025-04-01T16:46:23.735-0500] {processor.py:925} INFO - DAG(s) 'latest_only' retrieved from /mnt/d/Universidad/ETL/Proyecto_airflow/venv/lib/python3.12/site-packages/airflow/example_dags/example_latest_only.py
[2025-04-01T16:46:23.752-0500] {logging_mixin.py:190} INFO - [2025-04-01T16:46:23.751-0500] {dag.py:3239} INFO - Sync 1 DAGs
[2025-04-01T16:46:23.771-0500] {logging_mixin.py:190} INFO - [2025-04-01T16:46:23.770-0500] {dag.py:4180} INFO - Setting next_dagrun for latest_only to 2025-04-01 16:00:00+00:00, run_after=2025-04-01 20:00:00+00:00
[2025-04-01T16:46:23.857-0500] {processor.py:208} INFO - Processing /mnt/d/Universidad/ETL/Proyecto_airflow/venv/lib/python3.12/site-packages/airflow/example_dags/example_latest_only.py took 0.187 seconds
[2025-04-01T16:48:00.097-0500] {processor.py:186} INFO - Started process (PID=5507) to work on /mnt/d/Universidad/ETL/Proyecto_airflow/venv/lib/python3.12/site-packages/airflow/example_dags/example_latest_only.py
[2025-04-01T16:48:00.098-0500] {processor.py:914} INFO - Processing file /mnt/d/Universidad/ETL/Proyecto_airflow/venv/lib/python3.12/site-packages/airflow/example_dags/example_latest_only.py for tasks to queue
[2025-04-01T16:48:00.100-0500] {logging_mixin.py:190} INFO - [2025-04-01T16:48:00.099-0500] {dagbag.py:588} INFO - Filling up the DagBag from /mnt/d/Universidad/ETL/Proyecto_airflow/venv/lib/python3.12/site-packages/airflow/example_dags/example_latest_only.py
[2025-04-01T16:48:00.152-0500] {processor.py:925} INFO - DAG(s) 'latest_only' retrieved from /mnt/d/Universidad/ETL/Proyecto_airflow/venv/lib/python3.12/site-packages/airflow/example_dags/example_latest_only.py
[2025-04-01T16:48:00.169-0500] {logging_mixin.py:190} INFO - [2025-04-01T16:48:00.169-0500] {dag.py:3239} INFO - Sync 1 DAGs
[2025-04-01T16:48:00.188-0500] {logging_mixin.py:190} INFO - [2025-04-01T16:48:00.187-0500] {dag.py:4180} INFO - Setting next_dagrun for latest_only to 2025-04-01 16:00:00+00:00, run_after=2025-04-01 20:00:00+00:00
[2025-04-01T16:48:00.293-0500] {processor.py:208} INFO - Processing /mnt/d/Universidad/ETL/Proyecto_airflow/venv/lib/python3.12/site-packages/airflow/example_dags/example_latest_only.py took 0.204 seconds
[2025-04-01T16:49:30.828-0500] {processor.py:186} INFO - Started process (PID=5576) to work on /mnt/d/Universidad/ETL/Proyecto_airflow/venv/lib/python3.12/site-packages/airflow/example_dags/example_latest_only.py
[2025-04-01T16:49:30.829-0500] {processor.py:914} INFO - Processing file /mnt/d/Universidad/ETL/Proyecto_airflow/venv/lib/python3.12/site-packages/airflow/example_dags/example_latest_only.py for tasks to queue
[2025-04-01T16:49:30.831-0500] {logging_mixin.py:190} INFO - [2025-04-01T16:49:30.830-0500] {dagbag.py:588} INFO - Filling up the DagBag from /mnt/d/Universidad/ETL/Proyecto_airflow/venv/lib/python3.12/site-packages/airflow/example_dags/example_latest_only.py
[2025-04-01T16:49:30.884-0500] {processor.py:925} INFO - DAG(s) 'latest_only' retrieved from /mnt/d/Universidad/ETL/Proyecto_airflow/venv/lib/python3.12/site-packages/airflow/example_dags/example_latest_only.py
[2025-04-01T16:49:30.902-0500] {logging_mixin.py:190} INFO - [2025-04-01T16:49:30.901-0500] {dag.py:3239} INFO - Sync 1 DAGs
[2025-04-01T16:49:30.920-0500] {logging_mixin.py:190} INFO - [2025-04-01T16:49:30.920-0500] {dag.py:4180} INFO - Setting next_dagrun for latest_only to 2025-04-01 16:00:00+00:00, run_after=2025-04-01 20:00:00+00:00
[2025-04-01T16:49:31.005-0500] {processor.py:208} INFO - Processing /mnt/d/Universidad/ETL/Proyecto_airflow/venv/lib/python3.12/site-packages/airflow/example_dags/example_latest_only.py took 0.185 seconds
[2025-04-01T16:50:58.037-0500] {processor.py:186} INFO - Started process (PID=5645) to work on /mnt/d/Universidad/ETL/Proyecto_airflow/venv/lib/python3.12/site-packages/airflow/example_dags/example_latest_only.py
[2025-04-01T16:50:58.038-0500] {processor.py:914} INFO - Processing file /mnt/d/Universidad/ETL/Proyecto_airflow/venv/lib/python3.12/site-packages/airflow/example_dags/example_latest_only.py for tasks to queue
[2025-04-01T16:50:58.041-0500] {logging_mixin.py:190} INFO - [2025-04-01T16:50:58.040-0500] {dagbag.py:588} INFO - Filling up the DagBag from /mnt/d/Universidad/ETL/Proyecto_airflow/venv/lib/python3.12/site-packages/airflow/example_dags/example_latest_only.py
[2025-04-01T16:50:58.093-0500] {processor.py:925} INFO - DAG(s) 'latest_only' retrieved from /mnt/d/Universidad/ETL/Proyecto_airflow/venv/lib/python3.12/site-packages/airflow/example_dags/example_latest_only.py
[2025-04-01T16:50:58.112-0500] {logging_mixin.py:190} INFO - [2025-04-01T16:50:58.111-0500] {dag.py:3239} INFO - Sync 1 DAGs
[2025-04-01T16:50:58.132-0500] {logging_mixin.py:190} INFO - [2025-04-01T16:50:58.131-0500] {dag.py:4180} INFO - Setting next_dagrun for latest_only to 2025-04-01 16:00:00+00:00, run_after=2025-04-01 20:00:00+00:00
[2025-04-01T16:50:58.233-0500] {processor.py:208} INFO - Processing /mnt/d/Universidad/ETL/Proyecto_airflow/venv/lib/python3.12/site-packages/airflow/example_dags/example_latest_only.py took 0.203 seconds
[2025-04-01T16:52:40.897-0500] {processor.py:186} INFO - Started process (PID=5719) to work on /mnt/d/Universidad/ETL/Proyecto_airflow/venv/lib/python3.12/site-packages/airflow/example_dags/example_latest_only.py
[2025-04-01T16:52:40.899-0500] {processor.py:914} INFO - Processing file /mnt/d/Universidad/ETL/Proyecto_airflow/venv/lib/python3.12/site-packages/airflow/example_dags/example_latest_only.py for tasks to queue
[2025-04-01T16:52:40.901-0500] {logging_mixin.py:190} INFO - [2025-04-01T16:52:40.900-0500] {dagbag.py:588} INFO - Filling up the DagBag from /mnt/d/Universidad/ETL/Proyecto_airflow/venv/lib/python3.12/site-packages/airflow/example_dags/example_latest_only.py
[2025-04-01T16:52:40.956-0500] {processor.py:925} INFO - DAG(s) 'latest_only' retrieved from /mnt/d/Universidad/ETL/Proyecto_airflow/venv/lib/python3.12/site-packages/airflow/example_dags/example_latest_only.py
[2025-04-01T16:52:41.028-0500] {logging_mixin.py:190} INFO - [2025-04-01T16:52:41.027-0500] {dag.py:3239} INFO - Sync 1 DAGs
[2025-04-01T16:52:41.048-0500] {logging_mixin.py:190} INFO - [2025-04-01T16:52:41.048-0500] {dag.py:4180} INFO - Setting next_dagrun for latest_only to 2025-04-01 16:00:00+00:00, run_after=2025-04-01 20:00:00+00:00
[2025-04-01T16:52:41.155-0500] {processor.py:208} INFO - Processing /mnt/d/Universidad/ETL/Proyecto_airflow/venv/lib/python3.12/site-packages/airflow/example_dags/example_latest_only.py took 0.267 seconds
[2025-04-01T16:54:16.329-0500] {processor.py:186} INFO - Started process (PID=5791) to work on /mnt/d/Universidad/ETL/Proyecto_airflow/venv/lib/python3.12/site-packages/airflow/example_dags/example_latest_only.py
[2025-04-01T16:54:16.330-0500] {processor.py:914} INFO - Processing file /mnt/d/Universidad/ETL/Proyecto_airflow/venv/lib/python3.12/site-packages/airflow/example_dags/example_latest_only.py for tasks to queue
[2025-04-01T16:54:16.332-0500] {logging_mixin.py:190} INFO - [2025-04-01T16:54:16.331-0500] {dagbag.py:588} INFO - Filling up the DagBag from /mnt/d/Universidad/ETL/Proyecto_airflow/venv/lib/python3.12/site-packages/airflow/example_dags/example_latest_only.py
[2025-04-01T16:54:16.385-0500] {processor.py:925} INFO - DAG(s) 'latest_only' retrieved from /mnt/d/Universidad/ETL/Proyecto_airflow/venv/lib/python3.12/site-packages/airflow/example_dags/example_latest_only.py
[2025-04-01T16:54:16.402-0500] {logging_mixin.py:190} INFO - [2025-04-01T16:54:16.402-0500] {dag.py:3239} INFO - Sync 1 DAGs
[2025-04-01T16:54:16.422-0500] {logging_mixin.py:190} INFO - [2025-04-01T16:54:16.421-0500] {dag.py:4180} INFO - Setting next_dagrun for latest_only to 2025-04-01 16:00:00+00:00, run_after=2025-04-01 20:00:00+00:00
[2025-04-01T16:54:16.529-0500] {processor.py:208} INFO - Processing /mnt/d/Universidad/ETL/Proyecto_airflow/venv/lib/python3.12/site-packages/airflow/example_dags/example_latest_only.py took 0.208 seconds
[2025-04-01T16:55:48.037-0500] {processor.py:186} INFO - Started process (PID=5862) to work on /mnt/d/Universidad/ETL/Proyecto_airflow/venv/lib/python3.12/site-packages/airflow/example_dags/example_latest_only.py
[2025-04-01T16:55:48.038-0500] {processor.py:914} INFO - Processing file /mnt/d/Universidad/ETL/Proyecto_airflow/venv/lib/python3.12/site-packages/airflow/example_dags/example_latest_only.py for tasks to queue
[2025-04-01T16:55:48.041-0500] {logging_mixin.py:190} INFO - [2025-04-01T16:55:48.040-0500] {dagbag.py:588} INFO - Filling up the DagBag from /mnt/d/Universidad/ETL/Proyecto_airflow/venv/lib/python3.12/site-packages/airflow/example_dags/example_latest_only.py
[2025-04-01T16:55:48.093-0500] {processor.py:925} INFO - DAG(s) 'latest_only' retrieved from /mnt/d/Universidad/ETL/Proyecto_airflow/venv/lib/python3.12/site-packages/airflow/example_dags/example_latest_only.py
[2025-04-01T16:55:48.110-0500] {logging_mixin.py:190} INFO - [2025-04-01T16:55:48.109-0500] {dag.py:3239} INFO - Sync 1 DAGs
[2025-04-01T16:55:48.129-0500] {logging_mixin.py:190} INFO - [2025-04-01T16:55:48.128-0500] {dag.py:4180} INFO - Setting next_dagrun for latest_only to 2025-04-01 16:00:00+00:00, run_after=2025-04-01 20:00:00+00:00
[2025-04-01T16:55:48.226-0500] {processor.py:208} INFO - Processing /mnt/d/Universidad/ETL/Proyecto_airflow/venv/lib/python3.12/site-packages/airflow/example_dags/example_latest_only.py took 0.196 seconds
[2025-04-01T16:57:22.575-0500] {processor.py:186} INFO - Started process (PID=5934) to work on /mnt/d/Universidad/ETL/Proyecto_airflow/venv/lib/python3.12/site-packages/airflow/example_dags/example_latest_only.py
[2025-04-01T16:57:22.577-0500] {processor.py:914} INFO - Processing file /mnt/d/Universidad/ETL/Proyecto_airflow/venv/lib/python3.12/site-packages/airflow/example_dags/example_latest_only.py for tasks to queue
[2025-04-01T16:57:22.579-0500] {logging_mixin.py:190} INFO - [2025-04-01T16:57:22.578-0500] {dagbag.py:588} INFO - Filling up the DagBag from /mnt/d/Universidad/ETL/Proyecto_airflow/venv/lib/python3.12/site-packages/airflow/example_dags/example_latest_only.py
[2025-04-01T16:57:22.631-0500] {processor.py:925} INFO - DAG(s) 'latest_only' retrieved from /mnt/d/Universidad/ETL/Proyecto_airflow/venv/lib/python3.12/site-packages/airflow/example_dags/example_latest_only.py
[2025-04-01T16:57:22.648-0500] {logging_mixin.py:190} INFO - [2025-04-01T16:57:22.648-0500] {dag.py:3239} INFO - Sync 1 DAGs
[2025-04-01T16:57:22.667-0500] {logging_mixin.py:190} INFO - [2025-04-01T16:57:22.666-0500] {dag.py:4180} INFO - Setting next_dagrun for latest_only to 2025-04-01 16:00:00+00:00, run_after=2025-04-01 20:00:00+00:00
[2025-04-01T16:57:22.771-0500] {processor.py:208} INFO - Processing /mnt/d/Universidad/ETL/Proyecto_airflow/venv/lib/python3.12/site-packages/airflow/example_dags/example_latest_only.py took 0.203 seconds
[2025-04-01T16:58:55.895-0500] {processor.py:186} INFO - Started process (PID=6004) to work on /mnt/d/Universidad/ETL/Proyecto_airflow/venv/lib/python3.12/site-packages/airflow/example_dags/example_latest_only.py
[2025-04-01T16:58:55.896-0500] {processor.py:914} INFO - Processing file /mnt/d/Universidad/ETL/Proyecto_airflow/venv/lib/python3.12/site-packages/airflow/example_dags/example_latest_only.py for tasks to queue
[2025-04-01T16:58:55.898-0500] {logging_mixin.py:190} INFO - [2025-04-01T16:58:55.898-0500] {dagbag.py:588} INFO - Filling up the DagBag from /mnt/d/Universidad/ETL/Proyecto_airflow/venv/lib/python3.12/site-packages/airflow/example_dags/example_latest_only.py
[2025-04-01T16:58:55.952-0500] {processor.py:925} INFO - DAG(s) 'latest_only' retrieved from /mnt/d/Universidad/ETL/Proyecto_airflow/venv/lib/python3.12/site-packages/airflow/example_dags/example_latest_only.py
[2025-04-01T16:58:55.970-0500] {logging_mixin.py:190} INFO - [2025-04-01T16:58:55.969-0500] {dag.py:3239} INFO - Sync 1 DAGs
[2025-04-01T16:58:55.989-0500] {logging_mixin.py:190} INFO - [2025-04-01T16:58:55.989-0500] {dag.py:4180} INFO - Setting next_dagrun for latest_only to 2025-04-01 16:00:00+00:00, run_after=2025-04-01 20:00:00+00:00
[2025-04-01T16:58:56.085-0500] {processor.py:208} INFO - Processing /mnt/d/Universidad/ETL/Proyecto_airflow/venv/lib/python3.12/site-packages/airflow/example_dags/example_latest_only.py took 0.198 seconds
[2025-04-01T17:00:31.643-0500] {processor.py:186} INFO - Started process (PID=6075) to work on /mnt/d/Universidad/ETL/Proyecto_airflow/venv/lib/python3.12/site-packages/airflow/example_dags/example_latest_only.py
[2025-04-01T17:00:31.644-0500] {processor.py:914} INFO - Processing file /mnt/d/Universidad/ETL/Proyecto_airflow/venv/lib/python3.12/site-packages/airflow/example_dags/example_latest_only.py for tasks to queue
[2025-04-01T17:00:31.646-0500] {logging_mixin.py:190} INFO - [2025-04-01T17:00:31.646-0500] {dagbag.py:588} INFO - Filling up the DagBag from /mnt/d/Universidad/ETL/Proyecto_airflow/venv/lib/python3.12/site-packages/airflow/example_dags/example_latest_only.py
[2025-04-01T17:00:31.699-0500] {processor.py:925} INFO - DAG(s) 'latest_only' retrieved from /mnt/d/Universidad/ETL/Proyecto_airflow/venv/lib/python3.12/site-packages/airflow/example_dags/example_latest_only.py
[2025-04-01T17:00:31.716-0500] {logging_mixin.py:190} INFO - [2025-04-01T17:00:31.716-0500] {dag.py:3239} INFO - Sync 1 DAGs
[2025-04-01T17:00:31.735-0500] {logging_mixin.py:190} INFO - [2025-04-01T17:00:31.735-0500] {dag.py:4180} INFO - Setting next_dagrun for latest_only to 2025-04-01 16:00:00+00:00, run_after=2025-04-01 20:00:00+00:00
[2025-04-01T17:00:31.840-0500] {processor.py:208} INFO - Processing /mnt/d/Universidad/ETL/Proyecto_airflow/venv/lib/python3.12/site-packages/airflow/example_dags/example_latest_only.py took 0.205 seconds
[2025-04-01T17:02:05.892-0500] {processor.py:186} INFO - Started process (PID=6146) to work on /mnt/d/Universidad/ETL/Proyecto_airflow/venv/lib/python3.12/site-packages/airflow/example_dags/example_latest_only.py
[2025-04-01T17:02:05.893-0500] {processor.py:914} INFO - Processing file /mnt/d/Universidad/ETL/Proyecto_airflow/venv/lib/python3.12/site-packages/airflow/example_dags/example_latest_only.py for tasks to queue
[2025-04-01T17:02:05.895-0500] {logging_mixin.py:190} INFO - [2025-04-01T17:02:05.894-0500] {dagbag.py:588} INFO - Filling up the DagBag from /mnt/d/Universidad/ETL/Proyecto_airflow/venv/lib/python3.12/site-packages/airflow/example_dags/example_latest_only.py
[2025-04-01T17:02:05.947-0500] {processor.py:925} INFO - DAG(s) 'latest_only' retrieved from /mnt/d/Universidad/ETL/Proyecto_airflow/venv/lib/python3.12/site-packages/airflow/example_dags/example_latest_only.py
[2025-04-01T17:02:05.964-0500] {logging_mixin.py:190} INFO - [2025-04-01T17:02:05.963-0500] {dag.py:3239} INFO - Sync 1 DAGs
[2025-04-01T17:02:05.983-0500] {logging_mixin.py:190} INFO - [2025-04-01T17:02:05.982-0500] {dag.py:4180} INFO - Setting next_dagrun for latest_only to 2025-04-01 16:00:00+00:00, run_after=2025-04-01 20:00:00+00:00
[2025-04-01T17:02:06.075-0500] {processor.py:208} INFO - Processing /mnt/d/Universidad/ETL/Proyecto_airflow/venv/lib/python3.12/site-packages/airflow/example_dags/example_latest_only.py took 0.191 seconds
[2025-04-01T17:03:44.149-0500] {processor.py:186} INFO - Started process (PID=6218) to work on /mnt/d/Universidad/ETL/Proyecto_airflow/venv/lib/python3.12/site-packages/airflow/example_dags/example_latest_only.py
[2025-04-01T17:03:44.150-0500] {processor.py:914} INFO - Processing file /mnt/d/Universidad/ETL/Proyecto_airflow/venv/lib/python3.12/site-packages/airflow/example_dags/example_latest_only.py for tasks to queue
[2025-04-01T17:03:44.152-0500] {logging_mixin.py:190} INFO - [2025-04-01T17:03:44.152-0500] {dagbag.py:588} INFO - Filling up the DagBag from /mnt/d/Universidad/ETL/Proyecto_airflow/venv/lib/python3.12/site-packages/airflow/example_dags/example_latest_only.py
[2025-04-01T17:03:44.205-0500] {processor.py:925} INFO - DAG(s) 'latest_only' retrieved from /mnt/d/Universidad/ETL/Proyecto_airflow/venv/lib/python3.12/site-packages/airflow/example_dags/example_latest_only.py
[2025-04-01T17:03:44.223-0500] {logging_mixin.py:190} INFO - [2025-04-01T17:03:44.222-0500] {dag.py:3239} INFO - Sync 1 DAGs
[2025-04-01T17:03:44.241-0500] {logging_mixin.py:190} INFO - [2025-04-01T17:03:44.241-0500] {dag.py:4180} INFO - Setting next_dagrun for latest_only to 2025-04-01 16:00:00+00:00, run_after=2025-04-01 20:00:00+00:00
[2025-04-01T17:03:44.346-0500] {processor.py:208} INFO - Processing /mnt/d/Universidad/ETL/Proyecto_airflow/venv/lib/python3.12/site-packages/airflow/example_dags/example_latest_only.py took 0.204 seconds
[2025-04-01T17:05:15.225-0500] {processor.py:186} INFO - Started process (PID=6287) to work on /mnt/d/Universidad/ETL/Proyecto_airflow/venv/lib/python3.12/site-packages/airflow/example_dags/example_latest_only.py
[2025-04-01T17:05:15.226-0500] {processor.py:914} INFO - Processing file /mnt/d/Universidad/ETL/Proyecto_airflow/venv/lib/python3.12/site-packages/airflow/example_dags/example_latest_only.py for tasks to queue
[2025-04-01T17:05:15.228-0500] {logging_mixin.py:190} INFO - [2025-04-01T17:05:15.227-0500] {dagbag.py:588} INFO - Filling up the DagBag from /mnt/d/Universidad/ETL/Proyecto_airflow/venv/lib/python3.12/site-packages/airflow/example_dags/example_latest_only.py
[2025-04-01T17:05:15.280-0500] {processor.py:925} INFO - DAG(s) 'latest_only' retrieved from /mnt/d/Universidad/ETL/Proyecto_airflow/venv/lib/python3.12/site-packages/airflow/example_dags/example_latest_only.py
[2025-04-01T17:05:15.297-0500] {logging_mixin.py:190} INFO - [2025-04-01T17:05:15.296-0500] {dag.py:3239} INFO - Sync 1 DAGs
[2025-04-01T17:05:15.315-0500] {logging_mixin.py:190} INFO - [2025-04-01T17:05:15.315-0500] {dag.py:4180} INFO - Setting next_dagrun for latest_only to 2025-04-01 16:00:00+00:00, run_after=2025-04-01 20:00:00+00:00
[2025-04-01T17:05:15.423-0500] {processor.py:208} INFO - Processing /mnt/d/Universidad/ETL/Proyecto_airflow/venv/lib/python3.12/site-packages/airflow/example_dags/example_latest_only.py took 0.206 seconds
[2025-04-01T17:06:57.704-0500] {processor.py:186} INFO - Started process (PID=6362) to work on /mnt/d/Universidad/ETL/Proyecto_airflow/venv/lib/python3.12/site-packages/airflow/example_dags/example_latest_only.py
[2025-04-01T17:06:57.705-0500] {processor.py:914} INFO - Processing file /mnt/d/Universidad/ETL/Proyecto_airflow/venv/lib/python3.12/site-packages/airflow/example_dags/example_latest_only.py for tasks to queue
[2025-04-01T17:06:57.707-0500] {logging_mixin.py:190} INFO - [2025-04-01T17:06:57.706-0500] {dagbag.py:588} INFO - Filling up the DagBag from /mnt/d/Universidad/ETL/Proyecto_airflow/venv/lib/python3.12/site-packages/airflow/example_dags/example_latest_only.py
[2025-04-01T17:06:57.760-0500] {processor.py:925} INFO - DAG(s) 'latest_only' retrieved from /mnt/d/Universidad/ETL/Proyecto_airflow/venv/lib/python3.12/site-packages/airflow/example_dags/example_latest_only.py
[2025-04-01T17:06:57.777-0500] {logging_mixin.py:190} INFO - [2025-04-01T17:06:57.776-0500] {dag.py:3239} INFO - Sync 1 DAGs
[2025-04-01T17:06:57.795-0500] {logging_mixin.py:190} INFO - [2025-04-01T17:06:57.795-0500] {dag.py:4180} INFO - Setting next_dagrun for latest_only to 2025-04-01 16:00:00+00:00, run_after=2025-04-01 20:00:00+00:00
[2025-04-01T17:06:57.894-0500] {processor.py:208} INFO - Processing /mnt/d/Universidad/ETL/Proyecto_airflow/venv/lib/python3.12/site-packages/airflow/example_dags/example_latest_only.py took 0.198 seconds
[2025-04-01T17:08:32.296-0500] {processor.py:186} INFO - Started process (PID=6434) to work on /mnt/d/Universidad/ETL/Proyecto_airflow/venv/lib/python3.12/site-packages/airflow/example_dags/example_latest_only.py
[2025-04-01T17:08:32.297-0500] {processor.py:914} INFO - Processing file /mnt/d/Universidad/ETL/Proyecto_airflow/venv/lib/python3.12/site-packages/airflow/example_dags/example_latest_only.py for tasks to queue
[2025-04-01T17:08:32.299-0500] {logging_mixin.py:190} INFO - [2025-04-01T17:08:32.298-0500] {dagbag.py:588} INFO - Filling up the DagBag from /mnt/d/Universidad/ETL/Proyecto_airflow/venv/lib/python3.12/site-packages/airflow/example_dags/example_latest_only.py
[2025-04-01T17:08:32.352-0500] {processor.py:925} INFO - DAG(s) 'latest_only' retrieved from /mnt/d/Universidad/ETL/Proyecto_airflow/venv/lib/python3.12/site-packages/airflow/example_dags/example_latest_only.py
[2025-04-01T17:08:32.370-0500] {logging_mixin.py:190} INFO - [2025-04-01T17:08:32.369-0500] {dag.py:3239} INFO - Sync 1 DAGs
[2025-04-01T17:08:32.388-0500] {logging_mixin.py:190} INFO - [2025-04-01T17:08:32.388-0500] {dag.py:4180} INFO - Setting next_dagrun for latest_only to 2025-04-01 16:00:00+00:00, run_after=2025-04-01 20:00:00+00:00
[2025-04-01T17:08:32.533-0500] {processor.py:208} INFO - Processing /mnt/d/Universidad/ETL/Proyecto_airflow/venv/lib/python3.12/site-packages/airflow/example_dags/example_latest_only.py took 0.245 seconds
[2025-04-01T17:10:14.170-0500] {processor.py:186} INFO - Started process (PID=6506) to work on /mnt/d/Universidad/ETL/Proyecto_airflow/venv/lib/python3.12/site-packages/airflow/example_dags/example_latest_only.py
[2025-04-01T17:10:14.171-0500] {processor.py:914} INFO - Processing file /mnt/d/Universidad/ETL/Proyecto_airflow/venv/lib/python3.12/site-packages/airflow/example_dags/example_latest_only.py for tasks to queue
[2025-04-01T17:10:14.173-0500] {logging_mixin.py:190} INFO - [2025-04-01T17:10:14.173-0500] {dagbag.py:588} INFO - Filling up the DagBag from /mnt/d/Universidad/ETL/Proyecto_airflow/venv/lib/python3.12/site-packages/airflow/example_dags/example_latest_only.py
[2025-04-01T17:10:14.226-0500] {processor.py:925} INFO - DAG(s) 'latest_only' retrieved from /mnt/d/Universidad/ETL/Proyecto_airflow/venv/lib/python3.12/site-packages/airflow/example_dags/example_latest_only.py
[2025-04-01T17:10:14.244-0500] {logging_mixin.py:190} INFO - [2025-04-01T17:10:14.243-0500] {dag.py:3239} INFO - Sync 1 DAGs
[2025-04-01T17:10:14.264-0500] {logging_mixin.py:190} INFO - [2025-04-01T17:10:14.264-0500] {dag.py:4180} INFO - Setting next_dagrun for latest_only to 2025-04-01 16:00:00+00:00, run_after=2025-04-01 20:00:00+00:00
[2025-04-01T17:10:14.377-0500] {processor.py:208} INFO - Processing /mnt/d/Universidad/ETL/Proyecto_airflow/venv/lib/python3.12/site-packages/airflow/example_dags/example_latest_only.py took 0.214 seconds
[2025-04-01T17:11:59.254-0500] {processor.py:186} INFO - Started process (PID=6581) to work on /mnt/d/Universidad/ETL/Proyecto_airflow/venv/lib/python3.12/site-packages/airflow/example_dags/example_latest_only.py
[2025-04-01T17:11:59.255-0500] {processor.py:914} INFO - Processing file /mnt/d/Universidad/ETL/Proyecto_airflow/venv/lib/python3.12/site-packages/airflow/example_dags/example_latest_only.py for tasks to queue
[2025-04-01T17:11:59.258-0500] {logging_mixin.py:190} INFO - [2025-04-01T17:11:59.257-0500] {dagbag.py:588} INFO - Filling up the DagBag from /mnt/d/Universidad/ETL/Proyecto_airflow/venv/lib/python3.12/site-packages/airflow/example_dags/example_latest_only.py
[2025-04-01T17:11:59.310-0500] {processor.py:925} INFO - DAG(s) 'latest_only' retrieved from /mnt/d/Universidad/ETL/Proyecto_airflow/venv/lib/python3.12/site-packages/airflow/example_dags/example_latest_only.py
[2025-04-01T17:11:59.327-0500] {logging_mixin.py:190} INFO - [2025-04-01T17:11:59.326-0500] {dag.py:3239} INFO - Sync 1 DAGs
[2025-04-01T17:11:59.345-0500] {logging_mixin.py:190} INFO - [2025-04-01T17:11:59.345-0500] {dag.py:4180} INFO - Setting next_dagrun for latest_only to 2025-04-01 16:00:00+00:00, run_after=2025-04-01 20:00:00+00:00
[2025-04-01T17:11:59.454-0500] {processor.py:208} INFO - Processing /mnt/d/Universidad/ETL/Proyecto_airflow/venv/lib/python3.12/site-packages/airflow/example_dags/example_latest_only.py took 0.208 seconds
[2025-04-01T17:13:33.191-0500] {processor.py:186} INFO - Started process (PID=6654) to work on /mnt/d/Universidad/ETL/Proyecto_airflow/venv/lib/python3.12/site-packages/airflow/example_dags/example_latest_only.py
[2025-04-01T17:13:33.192-0500] {processor.py:914} INFO - Processing file /mnt/d/Universidad/ETL/Proyecto_airflow/venv/lib/python3.12/site-packages/airflow/example_dags/example_latest_only.py for tasks to queue
[2025-04-01T17:13:33.195-0500] {logging_mixin.py:190} INFO - [2025-04-01T17:13:33.194-0500] {dagbag.py:588} INFO - Filling up the DagBag from /mnt/d/Universidad/ETL/Proyecto_airflow/venv/lib/python3.12/site-packages/airflow/example_dags/example_latest_only.py
[2025-04-01T17:13:33.247-0500] {processor.py:925} INFO - DAG(s) 'latest_only' retrieved from /mnt/d/Universidad/ETL/Proyecto_airflow/venv/lib/python3.12/site-packages/airflow/example_dags/example_latest_only.py
[2025-04-01T17:13:33.264-0500] {logging_mixin.py:190} INFO - [2025-04-01T17:13:33.264-0500] {dag.py:3239} INFO - Sync 1 DAGs
[2025-04-01T17:13:33.283-0500] {logging_mixin.py:190} INFO - [2025-04-01T17:13:33.282-0500] {dag.py:4180} INFO - Setting next_dagrun for latest_only to 2025-04-01 16:00:00+00:00, run_after=2025-04-01 20:00:00+00:00
[2025-04-01T17:13:33.402-0500] {processor.py:208} INFO - Processing /mnt/d/Universidad/ETL/Proyecto_airflow/venv/lib/python3.12/site-packages/airflow/example_dags/example_latest_only.py took 0.218 seconds
[2025-04-01T17:15:07.816-0500] {processor.py:186} INFO - Started process (PID=6725) to work on /mnt/d/Universidad/ETL/Proyecto_airflow/venv/lib/python3.12/site-packages/airflow/example_dags/example_latest_only.py
[2025-04-01T17:15:07.817-0500] {processor.py:914} INFO - Processing file /mnt/d/Universidad/ETL/Proyecto_airflow/venv/lib/python3.12/site-packages/airflow/example_dags/example_latest_only.py for tasks to queue
[2025-04-01T17:15:07.819-0500] {logging_mixin.py:190} INFO - [2025-04-01T17:15:07.818-0500] {dagbag.py:588} INFO - Filling up the DagBag from /mnt/d/Universidad/ETL/Proyecto_airflow/venv/lib/python3.12/site-packages/airflow/example_dags/example_latest_only.py
[2025-04-01T17:15:07.872-0500] {processor.py:925} INFO - DAG(s) 'latest_only' retrieved from /mnt/d/Universidad/ETL/Proyecto_airflow/venv/lib/python3.12/site-packages/airflow/example_dags/example_latest_only.py
[2025-04-01T17:15:07.889-0500] {logging_mixin.py:190} INFO - [2025-04-01T17:15:07.888-0500] {dag.py:3239} INFO - Sync 1 DAGs
[2025-04-01T17:15:07.907-0500] {logging_mixin.py:190} INFO - [2025-04-01T17:15:07.907-0500] {dag.py:4180} INFO - Setting next_dagrun for latest_only to 2025-04-01 16:00:00+00:00, run_after=2025-04-01 20:00:00+00:00
[2025-04-01T17:15:08.010-0500] {processor.py:208} INFO - Processing /mnt/d/Universidad/ETL/Proyecto_airflow/venv/lib/python3.12/site-packages/airflow/example_dags/example_latest_only.py took 0.202 seconds
[2025-04-01T17:16:42.561-0500] {processor.py:186} INFO - Started process (PID=6796) to work on /mnt/d/Universidad/ETL/Proyecto_airflow/venv/lib/python3.12/site-packages/airflow/example_dags/example_latest_only.py
[2025-04-01T17:16:42.562-0500] {processor.py:914} INFO - Processing file /mnt/d/Universidad/ETL/Proyecto_airflow/venv/lib/python3.12/site-packages/airflow/example_dags/example_latest_only.py for tasks to queue
[2025-04-01T17:16:42.564-0500] {logging_mixin.py:190} INFO - [2025-04-01T17:16:42.563-0500] {dagbag.py:588} INFO - Filling up the DagBag from /mnt/d/Universidad/ETL/Proyecto_airflow/venv/lib/python3.12/site-packages/airflow/example_dags/example_latest_only.py
[2025-04-01T17:16:42.617-0500] {processor.py:925} INFO - DAG(s) 'latest_only' retrieved from /mnt/d/Universidad/ETL/Proyecto_airflow/venv/lib/python3.12/site-packages/airflow/example_dags/example_latest_only.py
[2025-04-01T17:16:42.634-0500] {logging_mixin.py:190} INFO - [2025-04-01T17:16:42.634-0500] {dag.py:3239} INFO - Sync 1 DAGs
[2025-04-01T17:16:42.654-0500] {logging_mixin.py:190} INFO - [2025-04-01T17:16:42.654-0500] {dag.py:4180} INFO - Setting next_dagrun for latest_only to 2025-04-01 16:00:00+00:00, run_after=2025-04-01 20:00:00+00:00
[2025-04-01T17:16:42.762-0500] {processor.py:208} INFO - Processing /mnt/d/Universidad/ETL/Proyecto_airflow/venv/lib/python3.12/site-packages/airflow/example_dags/example_latest_only.py took 0.209 seconds
[2025-04-01T17:18:17.932-0500] {processor.py:186} INFO - Started process (PID=6870) to work on /mnt/d/Universidad/ETL/Proyecto_airflow/venv/lib/python3.12/site-packages/airflow/example_dags/example_latest_only.py
[2025-04-01T17:18:17.933-0500] {processor.py:914} INFO - Processing file /mnt/d/Universidad/ETL/Proyecto_airflow/venv/lib/python3.12/site-packages/airflow/example_dags/example_latest_only.py for tasks to queue
[2025-04-01T17:18:17.935-0500] {logging_mixin.py:190} INFO - [2025-04-01T17:18:17.934-0500] {dagbag.py:588} INFO - Filling up the DagBag from /mnt/d/Universidad/ETL/Proyecto_airflow/venv/lib/python3.12/site-packages/airflow/example_dags/example_latest_only.py
[2025-04-01T17:18:17.988-0500] {processor.py:925} INFO - DAG(s) 'latest_only' retrieved from /mnt/d/Universidad/ETL/Proyecto_airflow/venv/lib/python3.12/site-packages/airflow/example_dags/example_latest_only.py
[2025-04-01T17:18:18.006-0500] {logging_mixin.py:190} INFO - [2025-04-01T17:18:18.005-0500] {dag.py:3239} INFO - Sync 1 DAGs
[2025-04-01T17:18:18.025-0500] {logging_mixin.py:190} INFO - [2025-04-01T17:18:18.024-0500] {dag.py:4180} INFO - Setting next_dagrun for latest_only to 2025-04-01 16:00:00+00:00, run_after=2025-04-01 20:00:00+00:00
[2025-04-01T17:18:18.127-0500] {processor.py:208} INFO - Processing /mnt/d/Universidad/ETL/Proyecto_airflow/venv/lib/python3.12/site-packages/airflow/example_dags/example_latest_only.py took 0.203 seconds
[2025-04-01T17:20:00.719-0500] {processor.py:186} INFO - Started process (PID=6945) to work on /mnt/d/Universidad/ETL/Proyecto_airflow/venv/lib/python3.12/site-packages/airflow/example_dags/example_latest_only.py
[2025-04-01T17:20:00.720-0500] {processor.py:914} INFO - Processing file /mnt/d/Universidad/ETL/Proyecto_airflow/venv/lib/python3.12/site-packages/airflow/example_dags/example_latest_only.py for tasks to queue
[2025-04-01T17:20:00.722-0500] {logging_mixin.py:190} INFO - [2025-04-01T17:20:00.721-0500] {dagbag.py:588} INFO - Filling up the DagBag from /mnt/d/Universidad/ETL/Proyecto_airflow/venv/lib/python3.12/site-packages/airflow/example_dags/example_latest_only.py
[2025-04-01T17:20:00.774-0500] {processor.py:925} INFO - DAG(s) 'latest_only' retrieved from /mnt/d/Universidad/ETL/Proyecto_airflow/venv/lib/python3.12/site-packages/airflow/example_dags/example_latest_only.py
[2025-04-01T17:20:00.792-0500] {logging_mixin.py:190} INFO - [2025-04-01T17:20:00.791-0500] {dag.py:3239} INFO - Sync 1 DAGs
[2025-04-01T17:20:00.810-0500] {logging_mixin.py:190} INFO - [2025-04-01T17:20:00.810-0500] {dag.py:4180} INFO - Setting next_dagrun for latest_only to 2025-04-01 16:00:00+00:00, run_after=2025-04-01 20:00:00+00:00
[2025-04-01T17:20:00.942-0500] {processor.py:208} INFO - Processing /mnt/d/Universidad/ETL/Proyecto_airflow/venv/lib/python3.12/site-packages/airflow/example_dags/example_latest_only.py took 0.231 seconds
[2025-04-01T17:21:43.994-0500] {processor.py:186} INFO - Started process (PID=7019) to work on /mnt/d/Universidad/ETL/Proyecto_airflow/venv/lib/python3.12/site-packages/airflow/example_dags/example_latest_only.py
[2025-04-01T17:21:43.995-0500] {processor.py:914} INFO - Processing file /mnt/d/Universidad/ETL/Proyecto_airflow/venv/lib/python3.12/site-packages/airflow/example_dags/example_latest_only.py for tasks to queue
[2025-04-01T17:21:43.997-0500] {logging_mixin.py:190} INFO - [2025-04-01T17:21:43.996-0500] {dagbag.py:588} INFO - Filling up the DagBag from /mnt/d/Universidad/ETL/Proyecto_airflow/venv/lib/python3.12/site-packages/airflow/example_dags/example_latest_only.py
[2025-04-01T17:21:44.050-0500] {processor.py:925} INFO - DAG(s) 'latest_only' retrieved from /mnt/d/Universidad/ETL/Proyecto_airflow/venv/lib/python3.12/site-packages/airflow/example_dags/example_latest_only.py
[2025-04-01T17:21:44.069-0500] {logging_mixin.py:190} INFO - [2025-04-01T17:21:44.069-0500] {dag.py:3239} INFO - Sync 1 DAGs
[2025-04-01T17:21:44.090-0500] {logging_mixin.py:190} INFO - [2025-04-01T17:21:44.089-0500] {dag.py:4180} INFO - Setting next_dagrun for latest_only to 2025-04-01 16:00:00+00:00, run_after=2025-04-01 20:00:00+00:00
[2025-04-01T17:21:44.186-0500] {processor.py:208} INFO - Processing /mnt/d/Universidad/ETL/Proyecto_airflow/venv/lib/python3.12/site-packages/airflow/example_dags/example_latest_only.py took 0.200 seconds
[2025-04-01T17:23:21.672-0500] {processor.py:186} INFO - Started process (PID=7090) to work on /mnt/d/Universidad/ETL/Proyecto_airflow/venv/lib/python3.12/site-packages/airflow/example_dags/example_latest_only.py
[2025-04-01T17:23:21.673-0500] {processor.py:914} INFO - Processing file /mnt/d/Universidad/ETL/Proyecto_airflow/venv/lib/python3.12/site-packages/airflow/example_dags/example_latest_only.py for tasks to queue
[2025-04-01T17:23:21.675-0500] {logging_mixin.py:190} INFO - [2025-04-01T17:23:21.674-0500] {dagbag.py:588} INFO - Filling up the DagBag from /mnt/d/Universidad/ETL/Proyecto_airflow/venv/lib/python3.12/site-packages/airflow/example_dags/example_latest_only.py
[2025-04-01T17:23:21.727-0500] {processor.py:925} INFO - DAG(s) 'latest_only' retrieved from /mnt/d/Universidad/ETL/Proyecto_airflow/venv/lib/python3.12/site-packages/airflow/example_dags/example_latest_only.py
[2025-04-01T17:23:21.745-0500] {logging_mixin.py:190} INFO - [2025-04-01T17:23:21.744-0500] {dag.py:3239} INFO - Sync 1 DAGs
[2025-04-01T17:23:21.763-0500] {logging_mixin.py:190} INFO - [2025-04-01T17:23:21.763-0500] {dag.py:4180} INFO - Setting next_dagrun for latest_only to 2025-04-01 16:00:00+00:00, run_after=2025-04-01 20:00:00+00:00
[2025-04-01T17:23:21.861-0500] {processor.py:208} INFO - Processing /mnt/d/Universidad/ETL/Proyecto_airflow/venv/lib/python3.12/site-packages/airflow/example_dags/example_latest_only.py took 0.197 seconds
[2025-04-01T17:24:58.432-0500] {processor.py:186} INFO - Started process (PID=7162) to work on /mnt/d/Universidad/ETL/Proyecto_airflow/venv/lib/python3.12/site-packages/airflow/example_dags/example_latest_only.py
[2025-04-01T17:24:58.433-0500] {processor.py:914} INFO - Processing file /mnt/d/Universidad/ETL/Proyecto_airflow/venv/lib/python3.12/site-packages/airflow/example_dags/example_latest_only.py for tasks to queue
[2025-04-01T17:24:58.435-0500] {logging_mixin.py:190} INFO - [2025-04-01T17:24:58.434-0500] {dagbag.py:588} INFO - Filling up the DagBag from /mnt/d/Universidad/ETL/Proyecto_airflow/venv/lib/python3.12/site-packages/airflow/example_dags/example_latest_only.py
[2025-04-01T17:24:58.490-0500] {processor.py:925} INFO - DAG(s) 'latest_only' retrieved from /mnt/d/Universidad/ETL/Proyecto_airflow/venv/lib/python3.12/site-packages/airflow/example_dags/example_latest_only.py
[2025-04-01T17:24:58.507-0500] {logging_mixin.py:190} INFO - [2025-04-01T17:24:58.507-0500] {dag.py:3239} INFO - Sync 1 DAGs
[2025-04-01T17:24:58.528-0500] {logging_mixin.py:190} INFO - [2025-04-01T17:24:58.527-0500] {dag.py:4180} INFO - Setting next_dagrun for latest_only to 2025-04-01 16:00:00+00:00, run_after=2025-04-01 20:00:00+00:00
[2025-04-01T17:24:58.633-0500] {processor.py:208} INFO - Processing /mnt/d/Universidad/ETL/Proyecto_airflow/venv/lib/python3.12/site-packages/airflow/example_dags/example_latest_only.py took 0.209 seconds
[2025-04-01T17:26:31.215-0500] {processor.py:186} INFO - Started process (PID=7232) to work on /mnt/d/Universidad/ETL/Proyecto_airflow/venv/lib/python3.12/site-packages/airflow/example_dags/example_latest_only.py
[2025-04-01T17:26:31.216-0500] {processor.py:914} INFO - Processing file /mnt/d/Universidad/ETL/Proyecto_airflow/venv/lib/python3.12/site-packages/airflow/example_dags/example_latest_only.py for tasks to queue
[2025-04-01T17:26:31.218-0500] {logging_mixin.py:190} INFO - [2025-04-01T17:26:31.218-0500] {dagbag.py:588} INFO - Filling up the DagBag from /mnt/d/Universidad/ETL/Proyecto_airflow/venv/lib/python3.12/site-packages/airflow/example_dags/example_latest_only.py
[2025-04-01T17:26:31.271-0500] {processor.py:925} INFO - DAG(s) 'latest_only' retrieved from /mnt/d/Universidad/ETL/Proyecto_airflow/venv/lib/python3.12/site-packages/airflow/example_dags/example_latest_only.py
[2025-04-01T17:26:31.289-0500] {logging_mixin.py:190} INFO - [2025-04-01T17:26:31.288-0500] {dag.py:3239} INFO - Sync 1 DAGs
[2025-04-01T17:26:31.308-0500] {logging_mixin.py:190} INFO - [2025-04-01T17:26:31.307-0500] {dag.py:4180} INFO - Setting next_dagrun for latest_only to 2025-04-01 16:00:00+00:00, run_after=2025-04-01 20:00:00+00:00
[2025-04-01T17:26:31.418-0500] {processor.py:208} INFO - Processing /mnt/d/Universidad/ETL/Proyecto_airflow/venv/lib/python3.12/site-packages/airflow/example_dags/example_latest_only.py took 0.211 seconds
[2025-04-01T17:28:07.538-0500] {processor.py:186} INFO - Started process (PID=7304) to work on /mnt/d/Universidad/ETL/Proyecto_airflow/venv/lib/python3.12/site-packages/airflow/example_dags/example_latest_only.py
[2025-04-01T17:28:07.539-0500] {processor.py:914} INFO - Processing file /mnt/d/Universidad/ETL/Proyecto_airflow/venv/lib/python3.12/site-packages/airflow/example_dags/example_latest_only.py for tasks to queue
[2025-04-01T17:28:07.541-0500] {logging_mixin.py:190} INFO - [2025-04-01T17:28:07.541-0500] {dagbag.py:588} INFO - Filling up the DagBag from /mnt/d/Universidad/ETL/Proyecto_airflow/venv/lib/python3.12/site-packages/airflow/example_dags/example_latest_only.py
[2025-04-01T17:28:07.594-0500] {processor.py:925} INFO - DAG(s) 'latest_only' retrieved from /mnt/d/Universidad/ETL/Proyecto_airflow/venv/lib/python3.12/site-packages/airflow/example_dags/example_latest_only.py
[2025-04-01T17:28:07.611-0500] {logging_mixin.py:190} INFO - [2025-04-01T17:28:07.610-0500] {dag.py:3239} INFO - Sync 1 DAGs
[2025-04-01T17:28:07.629-0500] {logging_mixin.py:190} INFO - [2025-04-01T17:28:07.629-0500] {dag.py:4180} INFO - Setting next_dagrun for latest_only to 2025-04-01 16:00:00+00:00, run_after=2025-04-01 20:00:00+00:00
[2025-04-01T17:28:07.710-0500] {processor.py:208} INFO - Processing /mnt/d/Universidad/ETL/Proyecto_airflow/venv/lib/python3.12/site-packages/airflow/example_dags/example_latest_only.py took 0.180 seconds
[2025-04-01T17:29:35.922-0500] {processor.py:186} INFO - Started process (PID=7371) to work on /mnt/d/Universidad/ETL/Proyecto_airflow/venv/lib/python3.12/site-packages/airflow/example_dags/example_latest_only.py
[2025-04-01T17:29:35.923-0500] {processor.py:914} INFO - Processing file /mnt/d/Universidad/ETL/Proyecto_airflow/venv/lib/python3.12/site-packages/airflow/example_dags/example_latest_only.py for tasks to queue
[2025-04-01T17:29:35.925-0500] {logging_mixin.py:190} INFO - [2025-04-01T17:29:35.924-0500] {dagbag.py:588} INFO - Filling up the DagBag from /mnt/d/Universidad/ETL/Proyecto_airflow/venv/lib/python3.12/site-packages/airflow/example_dags/example_latest_only.py
[2025-04-01T17:29:35.977-0500] {processor.py:925} INFO - DAG(s) 'latest_only' retrieved from /mnt/d/Universidad/ETL/Proyecto_airflow/venv/lib/python3.12/site-packages/airflow/example_dags/example_latest_only.py
[2025-04-01T17:29:35.995-0500] {logging_mixin.py:190} INFO - [2025-04-01T17:29:35.994-0500] {dag.py:3239} INFO - Sync 1 DAGs
[2025-04-01T17:29:36.013-0500] {logging_mixin.py:190} INFO - [2025-04-01T17:29:36.012-0500] {dag.py:4180} INFO - Setting next_dagrun for latest_only to 2025-04-01 16:00:00+00:00, run_after=2025-04-01 20:00:00+00:00
[2025-04-01T17:29:36.102-0500] {processor.py:208} INFO - Processing /mnt/d/Universidad/ETL/Proyecto_airflow/venv/lib/python3.12/site-packages/airflow/example_dags/example_latest_only.py took 0.188 seconds
