[2025-04-01T16:14:49.483-0500] {processor.py:186} INFO - Started process (PID=4016) to work on /mnt/d/Universidad/ETL/Proyecto_airflow/venv/lib/python3.12/site-packages/airflow/example_dags/example_python_decorator.py
[2025-04-01T16:14:49.484-0500] {processor.py:914} INFO - Processing file /mnt/d/Universidad/ETL/Proyecto_airflow/venv/lib/python3.12/site-packages/airflow/example_dags/example_python_decorator.py for tasks to queue
[2025-04-01T16:14:49.486-0500] {logging_mixin.py:190} INFO - [2025-04-01T16:14:49.486-0500] {dagbag.py:588} INFO - Filling up the DagBag from /mnt/d/Universidad/ETL/Proyecto_airflow/venv/lib/python3.12/site-packages/airflow/example_dags/example_python_decorator.py
[2025-04-01T16:14:49.545-0500] {logging_mixin.py:190} INFO - [2025-04-01T16:14:49.544-0500] {example_python_decorator.py:80} WARNING - The virtalenv_python example task requires virtualenv, please install it.
[2025-04-01T16:14:49.585-0500] {processor.py:925} INFO - DAG(s) 'example_python_decorator' retrieved from /mnt/d/Universidad/ETL/Proyecto_airflow/venv/lib/python3.12/site-packages/airflow/example_dags/example_python_decorator.py
[2025-04-01T16:14:50.709-0500] {logging_mixin.py:190} INFO - [2025-04-01T16:14:50.707-0500] {override.py:1930} INFO - Created Permission View: can delete on DAG:example_python_decorator
[2025-04-01T16:14:50.767-0500] {logging_mixin.py:190} INFO - [2025-04-01T16:14:50.766-0500] {override.py:1930} INFO - Created Permission View: can edit on DAG:example_python_decorator
[2025-04-01T16:14:50.843-0500] {logging_mixin.py:190} INFO - [2025-04-01T16:14:50.842-0500] {override.py:1930} INFO - Created Permission View: can read on DAG:example_python_decorator
[2025-04-01T16:14:50.981-0500] {logging_mixin.py:190} INFO - [2025-04-01T16:14:50.980-0500] {override.py:1930} INFO - Created Permission View: can create on DAG Run:example_python_decorator
[2025-04-01T16:14:51.076-0500] {logging_mixin.py:190} INFO - [2025-04-01T16:14:51.075-0500] {override.py:1930} INFO - Created Permission View: can delete on DAG Run:example_python_decorator
[2025-04-01T16:14:51.164-0500] {logging_mixin.py:190} INFO - [2025-04-01T16:14:51.163-0500] {override.py:1930} INFO - Created Permission View: menu access on DAG Run:example_python_decorator
[2025-04-01T16:14:51.233-0500] {logging_mixin.py:190} INFO - [2025-04-01T16:14:51.233-0500] {override.py:1930} INFO - Created Permission View: can read on DAG Run:example_python_decorator
[2025-04-01T16:14:51.235-0500] {logging_mixin.py:190} INFO - [2025-04-01T16:14:51.234-0500] {dag.py:3239} INFO - Sync 1 DAGs
[2025-04-01T16:14:51.249-0500] {logging_mixin.py:190} INFO - [2025-04-01T16:14:51.249-0500] {dag.py:3262} INFO - Creating ORM DAG for example_python_decorator
[2025-04-01T16:14:51.251-0500] {logging_mixin.py:190} INFO - [2025-04-01T16:14:51.251-0500] {dag.py:4180} INFO - Setting next_dagrun for example_python_decorator to None, run_after=None
[2025-04-01T16:14:51.345-0500] {processor.py:208} INFO - Processing /mnt/d/Universidad/ETL/Proyecto_airflow/venv/lib/python3.12/site-packages/airflow/example_dags/example_python_decorator.py took 1.870 seconds
[2025-04-01T16:16:34.377-0500] {processor.py:186} INFO - Started process (PID=4078) to work on /mnt/d/Universidad/ETL/Proyecto_airflow/venv/lib/python3.12/site-packages/airflow/example_dags/example_python_decorator.py
[2025-04-01T16:16:34.378-0500] {processor.py:914} INFO - Processing file /mnt/d/Universidad/ETL/Proyecto_airflow/venv/lib/python3.12/site-packages/airflow/example_dags/example_python_decorator.py for tasks to queue
[2025-04-01T16:16:34.380-0500] {logging_mixin.py:190} INFO - [2025-04-01T16:16:34.379-0500] {dagbag.py:588} INFO - Filling up the DagBag from /mnt/d/Universidad/ETL/Proyecto_airflow/venv/lib/python3.12/site-packages/airflow/example_dags/example_python_decorator.py
[2025-04-01T16:16:34.437-0500] {logging_mixin.py:190} INFO - [2025-04-01T16:16:34.436-0500] {example_python_decorator.py:80} WARNING - The virtalenv_python example task requires virtualenv, please install it.
[2025-04-01T16:16:34.476-0500] {processor.py:925} INFO - DAG(s) 'example_python_decorator' retrieved from /mnt/d/Universidad/ETL/Proyecto_airflow/venv/lib/python3.12/site-packages/airflow/example_dags/example_python_decorator.py
[2025-04-01T16:16:34.502-0500] {logging_mixin.py:190} INFO - [2025-04-01T16:16:34.501-0500] {dag.py:3239} INFO - Sync 1 DAGs
[2025-04-01T16:16:34.513-0500] {logging_mixin.py:190} INFO - [2025-04-01T16:16:34.512-0500] {dag.py:4180} INFO - Setting next_dagrun for example_python_decorator to None, run_after=None
[2025-04-01T16:16:34.592-0500] {processor.py:208} INFO - Processing /mnt/d/Universidad/ETL/Proyecto_airflow/venv/lib/python3.12/site-packages/airflow/example_dags/example_python_decorator.py took 0.223 seconds
[2025-04-01T16:18:33.023-0500] {processor.py:186} INFO - Started process (PID=4149) to work on /mnt/d/Universidad/ETL/Proyecto_airflow/venv/lib/python3.12/site-packages/airflow/example_dags/example_python_decorator.py
[2025-04-01T16:18:33.024-0500] {processor.py:914} INFO - Processing file /mnt/d/Universidad/ETL/Proyecto_airflow/venv/lib/python3.12/site-packages/airflow/example_dags/example_python_decorator.py for tasks to queue
[2025-04-01T16:18:33.026-0500] {logging_mixin.py:190} INFO - [2025-04-01T16:18:33.025-0500] {dagbag.py:588} INFO - Filling up the DagBag from /mnt/d/Universidad/ETL/Proyecto_airflow/venv/lib/python3.12/site-packages/airflow/example_dags/example_python_decorator.py
[2025-04-01T16:18:33.085-0500] {logging_mixin.py:190} INFO - [2025-04-01T16:18:33.084-0500] {example_python_decorator.py:80} WARNING - The virtalenv_python example task requires virtualenv, please install it.
[2025-04-01T16:18:33.124-0500] {processor.py:925} INFO - DAG(s) 'example_python_decorator' retrieved from /mnt/d/Universidad/ETL/Proyecto_airflow/venv/lib/python3.12/site-packages/airflow/example_dags/example_python_decorator.py
[2025-04-01T16:18:33.144-0500] {logging_mixin.py:190} INFO - [2025-04-01T16:18:33.143-0500] {dag.py:3239} INFO - Sync 1 DAGs
[2025-04-01T16:18:33.154-0500] {logging_mixin.py:190} INFO - [2025-04-01T16:18:33.153-0500] {dag.py:4180} INFO - Setting next_dagrun for example_python_decorator to None, run_after=None
[2025-04-01T16:18:33.227-0500] {processor.py:208} INFO - Processing /mnt/d/Universidad/ETL/Proyecto_airflow/venv/lib/python3.12/site-packages/airflow/example_dags/example_python_decorator.py took 0.212 seconds
[2025-04-01T16:20:05.351-0500] {processor.py:186} INFO - Started process (PID=4221) to work on /mnt/d/Universidad/ETL/Proyecto_airflow/venv/lib/python3.12/site-packages/airflow/example_dags/example_python_decorator.py
[2025-04-01T16:20:05.352-0500] {processor.py:914} INFO - Processing file /mnt/d/Universidad/ETL/Proyecto_airflow/venv/lib/python3.12/site-packages/airflow/example_dags/example_python_decorator.py for tasks to queue
[2025-04-01T16:20:05.354-0500] {logging_mixin.py:190} INFO - [2025-04-01T16:20:05.353-0500] {dagbag.py:588} INFO - Filling up the DagBag from /mnt/d/Universidad/ETL/Proyecto_airflow/venv/lib/python3.12/site-packages/airflow/example_dags/example_python_decorator.py
[2025-04-01T16:20:05.409-0500] {logging_mixin.py:190} INFO - [2025-04-01T16:20:05.409-0500] {example_python_decorator.py:80} WARNING - The virtalenv_python example task requires virtualenv, please install it.
[2025-04-01T16:20:05.447-0500] {processor.py:925} INFO - DAG(s) 'example_python_decorator' retrieved from /mnt/d/Universidad/ETL/Proyecto_airflow/venv/lib/python3.12/site-packages/airflow/example_dags/example_python_decorator.py
[2025-04-01T16:20:05.465-0500] {logging_mixin.py:190} INFO - [2025-04-01T16:20:05.464-0500] {dag.py:3239} INFO - Sync 1 DAGs
[2025-04-01T16:20:05.474-0500] {logging_mixin.py:190} INFO - [2025-04-01T16:20:05.473-0500] {dag.py:4180} INFO - Setting next_dagrun for example_python_decorator to None, run_after=None
[2025-04-01T16:20:05.550-0500] {processor.py:208} INFO - Processing /mnt/d/Universidad/ETL/Proyecto_airflow/venv/lib/python3.12/site-packages/airflow/example_dags/example_python_decorator.py took 0.207 seconds
[2025-04-01T16:21:34.053-0500] {processor.py:186} INFO - Started process (PID=4294) to work on /mnt/d/Universidad/ETL/Proyecto_airflow/venv/lib/python3.12/site-packages/airflow/example_dags/example_python_decorator.py
[2025-04-01T16:21:34.055-0500] {processor.py:914} INFO - Processing file /mnt/d/Universidad/ETL/Proyecto_airflow/venv/lib/python3.12/site-packages/airflow/example_dags/example_python_decorator.py for tasks to queue
[2025-04-01T16:21:34.057-0500] {logging_mixin.py:190} INFO - [2025-04-01T16:21:34.056-0500] {dagbag.py:588} INFO - Filling up the DagBag from /mnt/d/Universidad/ETL/Proyecto_airflow/venv/lib/python3.12/site-packages/airflow/example_dags/example_python_decorator.py
[2025-04-01T16:21:34.113-0500] {logging_mixin.py:190} INFO - [2025-04-01T16:21:34.112-0500] {example_python_decorator.py:80} WARNING - The virtalenv_python example task requires virtualenv, please install it.
[2025-04-01T16:21:34.151-0500] {processor.py:925} INFO - DAG(s) 'example_python_decorator' retrieved from /mnt/d/Universidad/ETL/Proyecto_airflow/venv/lib/python3.12/site-packages/airflow/example_dags/example_python_decorator.py
[2025-04-01T16:21:34.171-0500] {logging_mixin.py:190} INFO - [2025-04-01T16:21:34.171-0500] {dag.py:3239} INFO - Sync 1 DAGs
[2025-04-01T16:21:34.181-0500] {logging_mixin.py:190} INFO - [2025-04-01T16:21:34.181-0500] {dag.py:4180} INFO - Setting next_dagrun for example_python_decorator to None, run_after=None
[2025-04-01T16:21:34.252-0500] {processor.py:208} INFO - Processing /mnt/d/Universidad/ETL/Proyecto_airflow/venv/lib/python3.12/site-packages/airflow/example_dags/example_python_decorator.py took 0.206 seconds
[2025-04-01T16:22:55.266-0500] {processor.py:186} INFO - Started process (PID=4360) to work on /mnt/d/Universidad/ETL/Proyecto_airflow/venv/lib/python3.12/site-packages/airflow/example_dags/example_python_decorator.py
[2025-04-01T16:22:55.267-0500] {processor.py:914} INFO - Processing file /mnt/d/Universidad/ETL/Proyecto_airflow/venv/lib/python3.12/site-packages/airflow/example_dags/example_python_decorator.py for tasks to queue
[2025-04-01T16:22:55.269-0500] {logging_mixin.py:190} INFO - [2025-04-01T16:22:55.268-0500] {dagbag.py:588} INFO - Filling up the DagBag from /mnt/d/Universidad/ETL/Proyecto_airflow/venv/lib/python3.12/site-packages/airflow/example_dags/example_python_decorator.py
[2025-04-01T16:22:55.324-0500] {logging_mixin.py:190} INFO - [2025-04-01T16:22:55.324-0500] {example_python_decorator.py:80} WARNING - The virtalenv_python example task requires virtualenv, please install it.
[2025-04-01T16:22:55.362-0500] {processor.py:925} INFO - DAG(s) 'example_python_decorator' retrieved from /mnt/d/Universidad/ETL/Proyecto_airflow/venv/lib/python3.12/site-packages/airflow/example_dags/example_python_decorator.py
[2025-04-01T16:22:55.380-0500] {logging_mixin.py:190} INFO - [2025-04-01T16:22:55.379-0500] {dag.py:3239} INFO - Sync 1 DAGs
[2025-04-01T16:22:55.389-0500] {logging_mixin.py:190} INFO - [2025-04-01T16:22:55.388-0500] {dag.py:4180} INFO - Setting next_dagrun for example_python_decorator to None, run_after=None
[2025-04-01T16:22:55.463-0500] {processor.py:208} INFO - Processing /mnt/d/Universidad/ETL/Proyecto_airflow/venv/lib/python3.12/site-packages/airflow/example_dags/example_python_decorator.py took 0.205 seconds
[2025-04-01T16:24:30.759-0500] {processor.py:186} INFO - Started process (PID=4432) to work on /mnt/d/Universidad/ETL/Proyecto_airflow/venv/lib/python3.12/site-packages/airflow/example_dags/example_python_decorator.py
[2025-04-01T16:24:30.760-0500] {processor.py:914} INFO - Processing file /mnt/d/Universidad/ETL/Proyecto_airflow/venv/lib/python3.12/site-packages/airflow/example_dags/example_python_decorator.py for tasks to queue
[2025-04-01T16:24:30.762-0500] {logging_mixin.py:190} INFO - [2025-04-01T16:24:30.762-0500] {dagbag.py:588} INFO - Filling up the DagBag from /mnt/d/Universidad/ETL/Proyecto_airflow/venv/lib/python3.12/site-packages/airflow/example_dags/example_python_decorator.py
[2025-04-01T16:24:30.818-0500] {logging_mixin.py:190} INFO - [2025-04-01T16:24:30.818-0500] {example_python_decorator.py:80} WARNING - The virtalenv_python example task requires virtualenv, please install it.
[2025-04-01T16:24:30.856-0500] {processor.py:925} INFO - DAG(s) 'example_python_decorator' retrieved from /mnt/d/Universidad/ETL/Proyecto_airflow/venv/lib/python3.12/site-packages/airflow/example_dags/example_python_decorator.py
[2025-04-01T16:24:30.876-0500] {logging_mixin.py:190} INFO - [2025-04-01T16:24:30.875-0500] {dag.py:3239} INFO - Sync 1 DAGs
[2025-04-01T16:24:30.886-0500] {logging_mixin.py:190} INFO - [2025-04-01T16:24:30.885-0500] {dag.py:4180} INFO - Setting next_dagrun for example_python_decorator to None, run_after=None
[2025-04-01T16:24:30.964-0500] {processor.py:208} INFO - Processing /mnt/d/Universidad/ETL/Proyecto_airflow/venv/lib/python3.12/site-packages/airflow/example_dags/example_python_decorator.py took 0.213 seconds
[2025-04-01T16:26:03.756-0500] {processor.py:186} INFO - Started process (PID=4503) to work on /mnt/d/Universidad/ETL/Proyecto_airflow/venv/lib/python3.12/site-packages/airflow/example_dags/example_python_decorator.py
[2025-04-01T16:26:03.757-0500] {processor.py:914} INFO - Processing file /mnt/d/Universidad/ETL/Proyecto_airflow/venv/lib/python3.12/site-packages/airflow/example_dags/example_python_decorator.py for tasks to queue
[2025-04-01T16:26:03.760-0500] {logging_mixin.py:190} INFO - [2025-04-01T16:26:03.759-0500] {dagbag.py:588} INFO - Filling up the DagBag from /mnt/d/Universidad/ETL/Proyecto_airflow/venv/lib/python3.12/site-packages/airflow/example_dags/example_python_decorator.py
[2025-04-01T16:26:03.816-0500] {logging_mixin.py:190} INFO - [2025-04-01T16:26:03.815-0500] {example_python_decorator.py:80} WARNING - The virtalenv_python example task requires virtualenv, please install it.
[2025-04-01T16:26:03.854-0500] {processor.py:925} INFO - DAG(s) 'example_python_decorator' retrieved from /mnt/d/Universidad/ETL/Proyecto_airflow/venv/lib/python3.12/site-packages/airflow/example_dags/example_python_decorator.py
[2025-04-01T16:26:03.872-0500] {logging_mixin.py:190} INFO - [2025-04-01T16:26:03.871-0500] {dag.py:3239} INFO - Sync 1 DAGs
[2025-04-01T16:26:03.935-0500] {logging_mixin.py:190} INFO - [2025-04-01T16:26:03.934-0500] {dag.py:4180} INFO - Setting next_dagrun for example_python_decorator to None, run_after=None
[2025-04-01T16:26:04.036-0500] {processor.py:208} INFO - Processing /mnt/d/Universidad/ETL/Proyecto_airflow/venv/lib/python3.12/site-packages/airflow/example_dags/example_python_decorator.py took 0.288 seconds
[2025-04-01T16:27:37.389-0500] {processor.py:186} INFO - Started process (PID=4574) to work on /mnt/d/Universidad/ETL/Proyecto_airflow/venv/lib/python3.12/site-packages/airflow/example_dags/example_python_decorator.py
[2025-04-01T16:27:37.390-0500] {processor.py:914} INFO - Processing file /mnt/d/Universidad/ETL/Proyecto_airflow/venv/lib/python3.12/site-packages/airflow/example_dags/example_python_decorator.py for tasks to queue
[2025-04-01T16:27:37.392-0500] {logging_mixin.py:190} INFO - [2025-04-01T16:27:37.391-0500] {dagbag.py:588} INFO - Filling up the DagBag from /mnt/d/Universidad/ETL/Proyecto_airflow/venv/lib/python3.12/site-packages/airflow/example_dags/example_python_decorator.py
[2025-04-01T16:27:37.448-0500] {logging_mixin.py:190} INFO - [2025-04-01T16:27:37.448-0500] {example_python_decorator.py:80} WARNING - The virtalenv_python example task requires virtualenv, please install it.
[2025-04-01T16:27:37.486-0500] {processor.py:925} INFO - DAG(s) 'example_python_decorator' retrieved from /mnt/d/Universidad/ETL/Proyecto_airflow/venv/lib/python3.12/site-packages/airflow/example_dags/example_python_decorator.py
[2025-04-01T16:27:37.506-0500] {logging_mixin.py:190} INFO - [2025-04-01T16:27:37.506-0500] {dag.py:3239} INFO - Sync 1 DAGs
[2025-04-01T16:27:37.517-0500] {logging_mixin.py:190} INFO - [2025-04-01T16:27:37.516-0500] {dag.py:4180} INFO - Setting next_dagrun for example_python_decorator to None, run_after=None
[2025-04-01T16:27:37.596-0500] {processor.py:208} INFO - Processing /mnt/d/Universidad/ETL/Proyecto_airflow/venv/lib/python3.12/site-packages/airflow/example_dags/example_python_decorator.py took 0.215 seconds
[2025-04-01T16:29:06.616-0500] {processor.py:186} INFO - Started process (PID=4644) to work on /mnt/d/Universidad/ETL/Proyecto_airflow/venv/lib/python3.12/site-packages/airflow/example_dags/example_python_decorator.py
[2025-04-01T16:29:06.617-0500] {processor.py:914} INFO - Processing file /mnt/d/Universidad/ETL/Proyecto_airflow/venv/lib/python3.12/site-packages/airflow/example_dags/example_python_decorator.py for tasks to queue
[2025-04-01T16:29:06.619-0500] {logging_mixin.py:190} INFO - [2025-04-01T16:29:06.618-0500] {dagbag.py:588} INFO - Filling up the DagBag from /mnt/d/Universidad/ETL/Proyecto_airflow/venv/lib/python3.12/site-packages/airflow/example_dags/example_python_decorator.py
[2025-04-01T16:29:06.674-0500] {logging_mixin.py:190} INFO - [2025-04-01T16:29:06.674-0500] {example_python_decorator.py:80} WARNING - The virtalenv_python example task requires virtualenv, please install it.
[2025-04-01T16:29:06.712-0500] {processor.py:925} INFO - DAG(s) 'example_python_decorator' retrieved from /mnt/d/Universidad/ETL/Proyecto_airflow/venv/lib/python3.12/site-packages/airflow/example_dags/example_python_decorator.py
[2025-04-01T16:29:06.730-0500] {logging_mixin.py:190} INFO - [2025-04-01T16:29:06.730-0500] {dag.py:3239} INFO - Sync 1 DAGs
[2025-04-01T16:29:06.739-0500] {logging_mixin.py:190} INFO - [2025-04-01T16:29:06.739-0500] {dag.py:4180} INFO - Setting next_dagrun for example_python_decorator to None, run_after=None
[2025-04-01T16:29:06.816-0500] {processor.py:208} INFO - Processing /mnt/d/Universidad/ETL/Proyecto_airflow/venv/lib/python3.12/site-packages/airflow/example_dags/example_python_decorator.py took 0.208 seconds
[2025-04-01T16:30:37.625-0500] {processor.py:186} INFO - Started process (PID=4716) to work on /mnt/d/Universidad/ETL/Proyecto_airflow/venv/lib/python3.12/site-packages/airflow/example_dags/example_python_decorator.py
[2025-04-01T16:30:37.626-0500] {processor.py:914} INFO - Processing file /mnt/d/Universidad/ETL/Proyecto_airflow/venv/lib/python3.12/site-packages/airflow/example_dags/example_python_decorator.py for tasks to queue
[2025-04-01T16:30:37.629-0500] {logging_mixin.py:190} INFO - [2025-04-01T16:30:37.628-0500] {dagbag.py:588} INFO - Filling up the DagBag from /mnt/d/Universidad/ETL/Proyecto_airflow/venv/lib/python3.12/site-packages/airflow/example_dags/example_python_decorator.py
[2025-04-01T16:30:37.685-0500] {logging_mixin.py:190} INFO - [2025-04-01T16:30:37.684-0500] {example_python_decorator.py:80} WARNING - The virtalenv_python example task requires virtualenv, please install it.
[2025-04-01T16:30:37.723-0500] {processor.py:925} INFO - DAG(s) 'example_python_decorator' retrieved from /mnt/d/Universidad/ETL/Proyecto_airflow/venv/lib/python3.12/site-packages/airflow/example_dags/example_python_decorator.py
[2025-04-01T16:30:37.744-0500] {logging_mixin.py:190} INFO - [2025-04-01T16:30:37.743-0500] {dag.py:3239} INFO - Sync 1 DAGs
[2025-04-01T16:30:37.754-0500] {logging_mixin.py:190} INFO - [2025-04-01T16:30:37.753-0500] {dag.py:4180} INFO - Setting next_dagrun for example_python_decorator to None, run_after=None
[2025-04-01T16:30:37.831-0500] {processor.py:208} INFO - Processing /mnt/d/Universidad/ETL/Proyecto_airflow/venv/lib/python3.12/site-packages/airflow/example_dags/example_python_decorator.py took 0.214 seconds
[2025-04-01T16:32:15.071-0500] {processor.py:186} INFO - Started process (PID=4789) to work on /mnt/d/Universidad/ETL/Proyecto_airflow/venv/lib/python3.12/site-packages/airflow/example_dags/example_python_decorator.py
[2025-04-01T16:32:15.072-0500] {processor.py:914} INFO - Processing file /mnt/d/Universidad/ETL/Proyecto_airflow/venv/lib/python3.12/site-packages/airflow/example_dags/example_python_decorator.py for tasks to queue
[2025-04-01T16:32:15.074-0500] {logging_mixin.py:190} INFO - [2025-04-01T16:32:15.073-0500] {dagbag.py:588} INFO - Filling up the DagBag from /mnt/d/Universidad/ETL/Proyecto_airflow/venv/lib/python3.12/site-packages/airflow/example_dags/example_python_decorator.py
[2025-04-01T16:32:15.130-0500] {logging_mixin.py:190} INFO - [2025-04-01T16:32:15.130-0500] {example_python_decorator.py:80} WARNING - The virtalenv_python example task requires virtualenv, please install it.
[2025-04-01T16:32:15.168-0500] {processor.py:925} INFO - DAG(s) 'example_python_decorator' retrieved from /mnt/d/Universidad/ETL/Proyecto_airflow/venv/lib/python3.12/site-packages/airflow/example_dags/example_python_decorator.py
[2025-04-01T16:32:15.187-0500] {logging_mixin.py:190} INFO - [2025-04-01T16:32:15.186-0500] {dag.py:3239} INFO - Sync 1 DAGs
[2025-04-01T16:32:15.196-0500] {logging_mixin.py:190} INFO - [2025-04-01T16:32:15.196-0500] {dag.py:4180} INFO - Setting next_dagrun for example_python_decorator to None, run_after=None
[2025-04-01T16:32:15.291-0500] {processor.py:208} INFO - Processing /mnt/d/Universidad/ETL/Proyecto_airflow/venv/lib/python3.12/site-packages/airflow/example_dags/example_python_decorator.py took 0.228 seconds
[2025-04-01T16:33:47.397-0500] {processor.py:186} INFO - Started process (PID=4859) to work on /mnt/d/Universidad/ETL/Proyecto_airflow/venv/lib/python3.12/site-packages/airflow/example_dags/example_python_decorator.py
[2025-04-01T16:33:47.399-0500] {processor.py:914} INFO - Processing file /mnt/d/Universidad/ETL/Proyecto_airflow/venv/lib/python3.12/site-packages/airflow/example_dags/example_python_decorator.py for tasks to queue
[2025-04-01T16:33:47.401-0500] {logging_mixin.py:190} INFO - [2025-04-01T16:33:47.400-0500] {dagbag.py:588} INFO - Filling up the DagBag from /mnt/d/Universidad/ETL/Proyecto_airflow/venv/lib/python3.12/site-packages/airflow/example_dags/example_python_decorator.py
[2025-04-01T16:33:47.462-0500] {logging_mixin.py:190} INFO - [2025-04-01T16:33:47.461-0500] {example_python_decorator.py:80} WARNING - The virtalenv_python example task requires virtualenv, please install it.
[2025-04-01T16:33:47.503-0500] {processor.py:925} INFO - DAG(s) 'example_python_decorator' retrieved from /mnt/d/Universidad/ETL/Proyecto_airflow/venv/lib/python3.12/site-packages/airflow/example_dags/example_python_decorator.py
[2025-04-01T16:33:47.523-0500] {logging_mixin.py:190} INFO - [2025-04-01T16:33:47.522-0500] {dag.py:3239} INFO - Sync 1 DAGs
[2025-04-01T16:33:47.533-0500] {logging_mixin.py:190} INFO - [2025-04-01T16:33:47.532-0500] {dag.py:4180} INFO - Setting next_dagrun for example_python_decorator to None, run_after=None
[2025-04-01T16:33:47.635-0500] {processor.py:208} INFO - Processing /mnt/d/Universidad/ETL/Proyecto_airflow/venv/lib/python3.12/site-packages/airflow/example_dags/example_python_decorator.py took 0.246 seconds
[2025-04-01T16:35:13.260-0500] {processor.py:186} INFO - Started process (PID=4928) to work on /mnt/d/Universidad/ETL/Proyecto_airflow/venv/lib/python3.12/site-packages/airflow/example_dags/example_python_decorator.py
[2025-04-01T16:35:13.262-0500] {processor.py:914} INFO - Processing file /mnt/d/Universidad/ETL/Proyecto_airflow/venv/lib/python3.12/site-packages/airflow/example_dags/example_python_decorator.py for tasks to queue
[2025-04-01T16:35:13.264-0500] {logging_mixin.py:190} INFO - [2025-04-01T16:35:13.263-0500] {dagbag.py:588} INFO - Filling up the DagBag from /mnt/d/Universidad/ETL/Proyecto_airflow/venv/lib/python3.12/site-packages/airflow/example_dags/example_python_decorator.py
[2025-04-01T16:35:13.321-0500] {logging_mixin.py:190} INFO - [2025-04-01T16:35:13.320-0500] {example_python_decorator.py:80} WARNING - The virtalenv_python example task requires virtualenv, please install it.
[2025-04-01T16:35:13.360-0500] {processor.py:925} INFO - DAG(s) 'example_python_decorator' retrieved from /mnt/d/Universidad/ETL/Proyecto_airflow/venv/lib/python3.12/site-packages/airflow/example_dags/example_python_decorator.py
[2025-04-01T16:35:13.378-0500] {logging_mixin.py:190} INFO - [2025-04-01T16:35:13.378-0500] {dag.py:3239} INFO - Sync 1 DAGs
[2025-04-01T16:35:13.388-0500] {logging_mixin.py:190} INFO - [2025-04-01T16:35:13.387-0500] {dag.py:4180} INFO - Setting next_dagrun for example_python_decorator to None, run_after=None
[2025-04-01T16:35:13.462-0500] {processor.py:208} INFO - Processing /mnt/d/Universidad/ETL/Proyecto_airflow/venv/lib/python3.12/site-packages/airflow/example_dags/example_python_decorator.py took 0.210 seconds
[2025-04-01T16:36:47.909-0500] {processor.py:186} INFO - Started process (PID=4999) to work on /mnt/d/Universidad/ETL/Proyecto_airflow/venv/lib/python3.12/site-packages/airflow/example_dags/example_python_decorator.py
[2025-04-01T16:36:47.910-0500] {processor.py:914} INFO - Processing file /mnt/d/Universidad/ETL/Proyecto_airflow/venv/lib/python3.12/site-packages/airflow/example_dags/example_python_decorator.py for tasks to queue
[2025-04-01T16:36:47.912-0500] {logging_mixin.py:190} INFO - [2025-04-01T16:36:47.911-0500] {dagbag.py:588} INFO - Filling up the DagBag from /mnt/d/Universidad/ETL/Proyecto_airflow/venv/lib/python3.12/site-packages/airflow/example_dags/example_python_decorator.py
[2025-04-01T16:36:47.969-0500] {logging_mixin.py:190} INFO - [2025-04-01T16:36:47.968-0500] {example_python_decorator.py:80} WARNING - The virtalenv_python example task requires virtualenv, please install it.
[2025-04-01T16:36:48.007-0500] {processor.py:925} INFO - DAG(s) 'example_python_decorator' retrieved from /mnt/d/Universidad/ETL/Proyecto_airflow/venv/lib/python3.12/site-packages/airflow/example_dags/example_python_decorator.py
[2025-04-01T16:36:48.026-0500] {logging_mixin.py:190} INFO - [2025-04-01T16:36:48.025-0500] {dag.py:3239} INFO - Sync 1 DAGs
[2025-04-01T16:36:48.036-0500] {logging_mixin.py:190} INFO - [2025-04-01T16:36:48.035-0500] {dag.py:4180} INFO - Setting next_dagrun for example_python_decorator to None, run_after=None
[2025-04-01T16:36:48.133-0500] {processor.py:208} INFO - Processing /mnt/d/Universidad/ETL/Proyecto_airflow/venv/lib/python3.12/site-packages/airflow/example_dags/example_python_decorator.py took 0.232 seconds
[2025-04-01T16:38:17.910-0500] {processor.py:186} INFO - Started process (PID=5068) to work on /mnt/d/Universidad/ETL/Proyecto_airflow/venv/lib/python3.12/site-packages/airflow/example_dags/example_python_decorator.py
[2025-04-01T16:38:17.911-0500] {processor.py:914} INFO - Processing file /mnt/d/Universidad/ETL/Proyecto_airflow/venv/lib/python3.12/site-packages/airflow/example_dags/example_python_decorator.py for tasks to queue
[2025-04-01T16:38:17.913-0500] {logging_mixin.py:190} INFO - [2025-04-01T16:38:17.913-0500] {dagbag.py:588} INFO - Filling up the DagBag from /mnt/d/Universidad/ETL/Proyecto_airflow/venv/lib/python3.12/site-packages/airflow/example_dags/example_python_decorator.py
[2025-04-01T16:38:17.971-0500] {logging_mixin.py:190} INFO - [2025-04-01T16:38:17.970-0500] {example_python_decorator.py:80} WARNING - The virtalenv_python example task requires virtualenv, please install it.
[2025-04-01T16:38:18.011-0500] {processor.py:925} INFO - DAG(s) 'example_python_decorator' retrieved from /mnt/d/Universidad/ETL/Proyecto_airflow/venv/lib/python3.12/site-packages/airflow/example_dags/example_python_decorator.py
[2025-04-01T16:38:18.033-0500] {logging_mixin.py:190} INFO - [2025-04-01T16:38:18.032-0500] {dag.py:3239} INFO - Sync 1 DAGs
[2025-04-01T16:38:18.043-0500] {logging_mixin.py:190} INFO - [2025-04-01T16:38:18.042-0500] {dag.py:4180} INFO - Setting next_dagrun for example_python_decorator to None, run_after=None
[2025-04-01T16:38:18.183-0500] {processor.py:208} INFO - Processing /mnt/d/Universidad/ETL/Proyecto_airflow/venv/lib/python3.12/site-packages/airflow/example_dags/example_python_decorator.py took 0.282 seconds
[2025-04-01T16:39:50.734-0500] {processor.py:186} INFO - Started process (PID=5139) to work on /mnt/d/Universidad/ETL/Proyecto_airflow/venv/lib/python3.12/site-packages/airflow/example_dags/example_python_decorator.py
[2025-04-01T16:39:50.735-0500] {processor.py:914} INFO - Processing file /mnt/d/Universidad/ETL/Proyecto_airflow/venv/lib/python3.12/site-packages/airflow/example_dags/example_python_decorator.py for tasks to queue
[2025-04-01T16:39:50.738-0500] {logging_mixin.py:190} INFO - [2025-04-01T16:39:50.737-0500] {dagbag.py:588} INFO - Filling up the DagBag from /mnt/d/Universidad/ETL/Proyecto_airflow/venv/lib/python3.12/site-packages/airflow/example_dags/example_python_decorator.py
[2025-04-01T16:39:50.795-0500] {logging_mixin.py:190} INFO - [2025-04-01T16:39:50.794-0500] {example_python_decorator.py:80} WARNING - The virtalenv_python example task requires virtualenv, please install it.
[2025-04-01T16:39:50.832-0500] {processor.py:925} INFO - DAG(s) 'example_python_decorator' retrieved from /mnt/d/Universidad/ETL/Proyecto_airflow/venv/lib/python3.12/site-packages/airflow/example_dags/example_python_decorator.py
[2025-04-01T16:39:50.850-0500] {logging_mixin.py:190} INFO - [2025-04-01T16:39:50.849-0500] {dag.py:3239} INFO - Sync 1 DAGs
[2025-04-01T16:39:50.859-0500] {logging_mixin.py:190} INFO - [2025-04-01T16:39:50.858-0500] {dag.py:4180} INFO - Setting next_dagrun for example_python_decorator to None, run_after=None
[2025-04-01T16:39:50.953-0500] {processor.py:208} INFO - Processing /mnt/d/Universidad/ETL/Proyecto_airflow/venv/lib/python3.12/site-packages/airflow/example_dags/example_python_decorator.py took 0.226 seconds
[2025-04-01T16:41:29.878-0500] {processor.py:186} INFO - Started process (PID=5213) to work on /mnt/d/Universidad/ETL/Proyecto_airflow/venv/lib/python3.12/site-packages/airflow/example_dags/example_python_decorator.py
[2025-04-01T16:41:29.879-0500] {processor.py:914} INFO - Processing file /mnt/d/Universidad/ETL/Proyecto_airflow/venv/lib/python3.12/site-packages/airflow/example_dags/example_python_decorator.py for tasks to queue
[2025-04-01T16:41:29.882-0500] {logging_mixin.py:190} INFO - [2025-04-01T16:41:29.881-0500] {dagbag.py:588} INFO - Filling up the DagBag from /mnt/d/Universidad/ETL/Proyecto_airflow/venv/lib/python3.12/site-packages/airflow/example_dags/example_python_decorator.py
[2025-04-01T16:41:29.937-0500] {logging_mixin.py:190} INFO - [2025-04-01T16:41:29.936-0500] {example_python_decorator.py:80} WARNING - The virtalenv_python example task requires virtualenv, please install it.
[2025-04-01T16:41:29.974-0500] {processor.py:925} INFO - DAG(s) 'example_python_decorator' retrieved from /mnt/d/Universidad/ETL/Proyecto_airflow/venv/lib/python3.12/site-packages/airflow/example_dags/example_python_decorator.py
[2025-04-01T16:41:29.992-0500] {logging_mixin.py:190} INFO - [2025-04-01T16:41:29.991-0500] {dag.py:3239} INFO - Sync 1 DAGs
[2025-04-01T16:41:30.002-0500] {logging_mixin.py:190} INFO - [2025-04-01T16:41:30.001-0500] {dag.py:4180} INFO - Setting next_dagrun for example_python_decorator to None, run_after=None
[2025-04-01T16:41:30.108-0500] {processor.py:208} INFO - Processing /mnt/d/Universidad/ETL/Proyecto_airflow/venv/lib/python3.12/site-packages/airflow/example_dags/example_python_decorator.py took 0.238 seconds
[2025-04-01T16:43:01.809-0500] {processor.py:186} INFO - Started process (PID=5283) to work on /mnt/d/Universidad/ETL/Proyecto_airflow/venv/lib/python3.12/site-packages/airflow/example_dags/example_python_decorator.py
[2025-04-01T16:43:01.810-0500] {processor.py:914} INFO - Processing file /mnt/d/Universidad/ETL/Proyecto_airflow/venv/lib/python3.12/site-packages/airflow/example_dags/example_python_decorator.py for tasks to queue
[2025-04-01T16:43:01.812-0500] {logging_mixin.py:190} INFO - [2025-04-01T16:43:01.812-0500] {dagbag.py:588} INFO - Filling up the DagBag from /mnt/d/Universidad/ETL/Proyecto_airflow/venv/lib/python3.12/site-packages/airflow/example_dags/example_python_decorator.py
[2025-04-01T16:43:01.869-0500] {logging_mixin.py:190} INFO - [2025-04-01T16:43:01.868-0500] {example_python_decorator.py:80} WARNING - The virtalenv_python example task requires virtualenv, please install it.
[2025-04-01T16:43:01.908-0500] {processor.py:925} INFO - DAG(s) 'example_python_decorator' retrieved from /mnt/d/Universidad/ETL/Proyecto_airflow/venv/lib/python3.12/site-packages/airflow/example_dags/example_python_decorator.py
[2025-04-01T16:43:01.926-0500] {logging_mixin.py:190} INFO - [2025-04-01T16:43:01.925-0500] {dag.py:3239} INFO - Sync 1 DAGs
[2025-04-01T16:43:01.936-0500] {logging_mixin.py:190} INFO - [2025-04-01T16:43:01.935-0500] {dag.py:4180} INFO - Setting next_dagrun for example_python_decorator to None, run_after=None
[2025-04-01T16:43:02.014-0500] {processor.py:208} INFO - Processing /mnt/d/Universidad/ETL/Proyecto_airflow/venv/lib/python3.12/site-packages/airflow/example_dags/example_python_decorator.py took 0.213 seconds
[2025-04-01T16:44:34.979-0500] {processor.py:186} INFO - Started process (PID=5354) to work on /mnt/d/Universidad/ETL/Proyecto_airflow/venv/lib/python3.12/site-packages/airflow/example_dags/example_python_decorator.py
[2025-04-01T16:44:34.980-0500] {processor.py:914} INFO - Processing file /mnt/d/Universidad/ETL/Proyecto_airflow/venv/lib/python3.12/site-packages/airflow/example_dags/example_python_decorator.py for tasks to queue
[2025-04-01T16:44:34.982-0500] {logging_mixin.py:190} INFO - [2025-04-01T16:44:34.981-0500] {dagbag.py:588} INFO - Filling up the DagBag from /mnt/d/Universidad/ETL/Proyecto_airflow/venv/lib/python3.12/site-packages/airflow/example_dags/example_python_decorator.py
[2025-04-01T16:44:35.038-0500] {logging_mixin.py:190} INFO - [2025-04-01T16:44:35.038-0500] {example_python_decorator.py:80} WARNING - The virtalenv_python example task requires virtualenv, please install it.
[2025-04-01T16:44:35.076-0500] {processor.py:925} INFO - DAG(s) 'example_python_decorator' retrieved from /mnt/d/Universidad/ETL/Proyecto_airflow/venv/lib/python3.12/site-packages/airflow/example_dags/example_python_decorator.py
[2025-04-01T16:44:35.094-0500] {logging_mixin.py:190} INFO - [2025-04-01T16:44:35.094-0500] {dag.py:3239} INFO - Sync 1 DAGs
[2025-04-01T16:44:35.103-0500] {logging_mixin.py:190} INFO - [2025-04-01T16:44:35.102-0500] {dag.py:4180} INFO - Setting next_dagrun for example_python_decorator to None, run_after=None
[2025-04-01T16:44:35.209-0500] {processor.py:208} INFO - Processing /mnt/d/Universidad/ETL/Proyecto_airflow/venv/lib/python3.12/site-packages/airflow/example_dags/example_python_decorator.py took 0.238 seconds
[2025-04-01T16:46:14.159-0500] {processor.py:186} INFO - Started process (PID=5427) to work on /mnt/d/Universidad/ETL/Proyecto_airflow/venv/lib/python3.12/site-packages/airflow/example_dags/example_python_decorator.py
[2025-04-01T16:46:14.160-0500] {processor.py:914} INFO - Processing file /mnt/d/Universidad/ETL/Proyecto_airflow/venv/lib/python3.12/site-packages/airflow/example_dags/example_python_decorator.py for tasks to queue
[2025-04-01T16:46:14.163-0500] {logging_mixin.py:190} INFO - [2025-04-01T16:46:14.162-0500] {dagbag.py:588} INFO - Filling up the DagBag from /mnt/d/Universidad/ETL/Proyecto_airflow/venv/lib/python3.12/site-packages/airflow/example_dags/example_python_decorator.py
[2025-04-01T16:46:14.218-0500] {logging_mixin.py:190} INFO - [2025-04-01T16:46:14.217-0500] {example_python_decorator.py:80} WARNING - The virtalenv_python example task requires virtualenv, please install it.
[2025-04-01T16:46:14.255-0500] {processor.py:925} INFO - DAG(s) 'example_python_decorator' retrieved from /mnt/d/Universidad/ETL/Proyecto_airflow/venv/lib/python3.12/site-packages/airflow/example_dags/example_python_decorator.py
[2025-04-01T16:46:14.275-0500] {logging_mixin.py:190} INFO - [2025-04-01T16:46:14.275-0500] {dag.py:3239} INFO - Sync 1 DAGs
[2025-04-01T16:46:14.285-0500] {logging_mixin.py:190} INFO - [2025-04-01T16:46:14.284-0500] {dag.py:4180} INFO - Setting next_dagrun for example_python_decorator to None, run_after=None
[2025-04-01T16:46:14.362-0500] {processor.py:208} INFO - Processing /mnt/d/Universidad/ETL/Proyecto_airflow/venv/lib/python3.12/site-packages/airflow/example_dags/example_python_decorator.py took 0.210 seconds
[2025-04-01T16:47:49.855-0500] {processor.py:186} INFO - Started process (PID=5499) to work on /mnt/d/Universidad/ETL/Proyecto_airflow/venv/lib/python3.12/site-packages/airflow/example_dags/example_python_decorator.py
[2025-04-01T16:47:49.856-0500] {processor.py:914} INFO - Processing file /mnt/d/Universidad/ETL/Proyecto_airflow/venv/lib/python3.12/site-packages/airflow/example_dags/example_python_decorator.py for tasks to queue
[2025-04-01T16:47:49.859-0500] {logging_mixin.py:190} INFO - [2025-04-01T16:47:49.858-0500] {dagbag.py:588} INFO - Filling up the DagBag from /mnt/d/Universidad/ETL/Proyecto_airflow/venv/lib/python3.12/site-packages/airflow/example_dags/example_python_decorator.py
[2025-04-01T16:47:49.916-0500] {logging_mixin.py:190} INFO - [2025-04-01T16:47:49.915-0500] {example_python_decorator.py:80} WARNING - The virtalenv_python example task requires virtualenv, please install it.
[2025-04-01T16:47:49.954-0500] {processor.py:925} INFO - DAG(s) 'example_python_decorator' retrieved from /mnt/d/Universidad/ETL/Proyecto_airflow/venv/lib/python3.12/site-packages/airflow/example_dags/example_python_decorator.py
[2025-04-01T16:47:49.973-0500] {logging_mixin.py:190} INFO - [2025-04-01T16:47:49.973-0500] {dag.py:3239} INFO - Sync 1 DAGs
[2025-04-01T16:47:49.983-0500] {logging_mixin.py:190} INFO - [2025-04-01T16:47:49.982-0500] {dag.py:4180} INFO - Setting next_dagrun for example_python_decorator to None, run_after=None
[2025-04-01T16:47:50.085-0500] {processor.py:208} INFO - Processing /mnt/d/Universidad/ETL/Proyecto_airflow/venv/lib/python3.12/site-packages/airflow/example_dags/example_python_decorator.py took 0.238 seconds
[2025-04-01T16:49:19.876-0500] {processor.py:186} INFO - Started process (PID=5568) to work on /mnt/d/Universidad/ETL/Proyecto_airflow/venv/lib/python3.12/site-packages/airflow/example_dags/example_python_decorator.py
[2025-04-01T16:49:19.877-0500] {processor.py:914} INFO - Processing file /mnt/d/Universidad/ETL/Proyecto_airflow/venv/lib/python3.12/site-packages/airflow/example_dags/example_python_decorator.py for tasks to queue
[2025-04-01T16:49:19.879-0500] {logging_mixin.py:190} INFO - [2025-04-01T16:49:19.878-0500] {dagbag.py:588} INFO - Filling up the DagBag from /mnt/d/Universidad/ETL/Proyecto_airflow/venv/lib/python3.12/site-packages/airflow/example_dags/example_python_decorator.py
[2025-04-01T16:49:19.934-0500] {logging_mixin.py:190} INFO - [2025-04-01T16:49:19.933-0500] {example_python_decorator.py:80} WARNING - The virtalenv_python example task requires virtualenv, please install it.
[2025-04-01T16:49:19.971-0500] {processor.py:925} INFO - DAG(s) 'example_python_decorator' retrieved from /mnt/d/Universidad/ETL/Proyecto_airflow/venv/lib/python3.12/site-packages/airflow/example_dags/example_python_decorator.py
[2025-04-01T16:49:19.991-0500] {logging_mixin.py:190} INFO - [2025-04-01T16:49:19.990-0500] {dag.py:3239} INFO - Sync 1 DAGs
[2025-04-01T16:49:20.001-0500] {logging_mixin.py:190} INFO - [2025-04-01T16:49:20.000-0500] {dag.py:4180} INFO - Setting next_dagrun for example_python_decorator to None, run_after=None
[2025-04-01T16:49:20.113-0500] {processor.py:208} INFO - Processing /mnt/d/Universidad/ETL/Proyecto_airflow/venv/lib/python3.12/site-packages/airflow/example_dags/example_python_decorator.py took 0.245 seconds
[2025-04-01T16:50:47.922-0500] {processor.py:186} INFO - Started process (PID=5637) to work on /mnt/d/Universidad/ETL/Proyecto_airflow/venv/lib/python3.12/site-packages/airflow/example_dags/example_python_decorator.py
[2025-04-01T16:50:47.923-0500] {processor.py:914} INFO - Processing file /mnt/d/Universidad/ETL/Proyecto_airflow/venv/lib/python3.12/site-packages/airflow/example_dags/example_python_decorator.py for tasks to queue
[2025-04-01T16:50:47.925-0500] {logging_mixin.py:190} INFO - [2025-04-01T16:50:47.924-0500] {dagbag.py:588} INFO - Filling up the DagBag from /mnt/d/Universidad/ETL/Proyecto_airflow/venv/lib/python3.12/site-packages/airflow/example_dags/example_python_decorator.py
[2025-04-01T16:50:47.981-0500] {logging_mixin.py:190} INFO - [2025-04-01T16:50:47.980-0500] {example_python_decorator.py:80} WARNING - The virtalenv_python example task requires virtualenv, please install it.
[2025-04-01T16:50:48.018-0500] {processor.py:925} INFO - DAG(s) 'example_python_decorator' retrieved from /mnt/d/Universidad/ETL/Proyecto_airflow/venv/lib/python3.12/site-packages/airflow/example_dags/example_python_decorator.py
[2025-04-01T16:50:48.036-0500] {logging_mixin.py:190} INFO - [2025-04-01T16:50:48.035-0500] {dag.py:3239} INFO - Sync 1 DAGs
[2025-04-01T16:50:48.045-0500] {logging_mixin.py:190} INFO - [2025-04-01T16:50:48.044-0500] {dag.py:4180} INFO - Setting next_dagrun for example_python_decorator to None, run_after=None
[2025-04-01T16:50:48.148-0500] {processor.py:208} INFO - Processing /mnt/d/Universidad/ETL/Proyecto_airflow/venv/lib/python3.12/site-packages/airflow/example_dags/example_python_decorator.py took 0.233 seconds
[2025-04-01T16:52:30.511-0500] {processor.py:186} INFO - Started process (PID=5711) to work on /mnt/d/Universidad/ETL/Proyecto_airflow/venv/lib/python3.12/site-packages/airflow/example_dags/example_python_decorator.py
[2025-04-01T16:52:30.512-0500] {processor.py:914} INFO - Processing file /mnt/d/Universidad/ETL/Proyecto_airflow/venv/lib/python3.12/site-packages/airflow/example_dags/example_python_decorator.py for tasks to queue
[2025-04-01T16:52:30.514-0500] {logging_mixin.py:190} INFO - [2025-04-01T16:52:30.514-0500] {dagbag.py:588} INFO - Filling up the DagBag from /mnt/d/Universidad/ETL/Proyecto_airflow/venv/lib/python3.12/site-packages/airflow/example_dags/example_python_decorator.py
[2025-04-01T16:52:30.572-0500] {logging_mixin.py:190} INFO - [2025-04-01T16:52:30.571-0500] {example_python_decorator.py:80} WARNING - The virtalenv_python example task requires virtualenv, please install it.
[2025-04-01T16:52:30.610-0500] {processor.py:925} INFO - DAG(s) 'example_python_decorator' retrieved from /mnt/d/Universidad/ETL/Proyecto_airflow/venv/lib/python3.12/site-packages/airflow/example_dags/example_python_decorator.py
[2025-04-01T16:52:30.629-0500] {logging_mixin.py:190} INFO - [2025-04-01T16:52:30.628-0500] {dag.py:3239} INFO - Sync 1 DAGs
[2025-04-01T16:52:30.638-0500] {logging_mixin.py:190} INFO - [2025-04-01T16:52:30.638-0500] {dag.py:4180} INFO - Setting next_dagrun for example_python_decorator to None, run_after=None
[2025-04-01T16:52:30.746-0500] {processor.py:208} INFO - Processing /mnt/d/Universidad/ETL/Proyecto_airflow/venv/lib/python3.12/site-packages/airflow/example_dags/example_python_decorator.py took 0.243 seconds
[2025-04-01T16:54:03.136-0500] {processor.py:186} INFO - Started process (PID=5783) to work on /mnt/d/Universidad/ETL/Proyecto_airflow/venv/lib/python3.12/site-packages/airflow/example_dags/example_python_decorator.py
[2025-04-01T16:54:03.278-0500] {processor.py:914} INFO - Processing file /mnt/d/Universidad/ETL/Proyecto_airflow/venv/lib/python3.12/site-packages/airflow/example_dags/example_python_decorator.py for tasks to queue
[2025-04-01T16:54:03.280-0500] {logging_mixin.py:190} INFO - [2025-04-01T16:54:03.280-0500] {dagbag.py:588} INFO - Filling up the DagBag from /mnt/d/Universidad/ETL/Proyecto_airflow/venv/lib/python3.12/site-packages/airflow/example_dags/example_python_decorator.py
[2025-04-01T16:54:03.336-0500] {logging_mixin.py:190} INFO - [2025-04-01T16:54:03.336-0500] {example_python_decorator.py:80} WARNING - The virtalenv_python example task requires virtualenv, please install it.
[2025-04-01T16:54:03.374-0500] {processor.py:925} INFO - DAG(s) 'example_python_decorator' retrieved from /mnt/d/Universidad/ETL/Proyecto_airflow/venv/lib/python3.12/site-packages/airflow/example_dags/example_python_decorator.py
[2025-04-01T16:54:03.395-0500] {logging_mixin.py:190} INFO - [2025-04-01T16:54:03.394-0500] {dag.py:3239} INFO - Sync 1 DAGs
[2025-04-01T16:54:03.405-0500] {logging_mixin.py:190} INFO - [2025-04-01T16:54:03.404-0500] {dag.py:4180} INFO - Setting next_dagrun for example_python_decorator to None, run_after=None
[2025-04-01T16:54:03.560-0500] {processor.py:208} INFO - Processing /mnt/d/Universidad/ETL/Proyecto_airflow/venv/lib/python3.12/site-packages/airflow/example_dags/example_python_decorator.py took 0.432 seconds
[2025-04-01T16:55:37.729-0500] {processor.py:186} INFO - Started process (PID=5854) to work on /mnt/d/Universidad/ETL/Proyecto_airflow/venv/lib/python3.12/site-packages/airflow/example_dags/example_python_decorator.py
[2025-04-01T16:55:37.730-0500] {processor.py:914} INFO - Processing file /mnt/d/Universidad/ETL/Proyecto_airflow/venv/lib/python3.12/site-packages/airflow/example_dags/example_python_decorator.py for tasks to queue
[2025-04-01T16:55:37.732-0500] {logging_mixin.py:190} INFO - [2025-04-01T16:55:37.731-0500] {dagbag.py:588} INFO - Filling up the DagBag from /mnt/d/Universidad/ETL/Proyecto_airflow/venv/lib/python3.12/site-packages/airflow/example_dags/example_python_decorator.py
[2025-04-01T16:55:37.787-0500] {logging_mixin.py:190} INFO - [2025-04-01T16:55:37.787-0500] {example_python_decorator.py:80} WARNING - The virtalenv_python example task requires virtualenv, please install it.
[2025-04-01T16:55:37.825-0500] {processor.py:925} INFO - DAG(s) 'example_python_decorator' retrieved from /mnt/d/Universidad/ETL/Proyecto_airflow/venv/lib/python3.12/site-packages/airflow/example_dags/example_python_decorator.py
[2025-04-01T16:55:37.843-0500] {logging_mixin.py:190} INFO - [2025-04-01T16:55:37.842-0500] {dag.py:3239} INFO - Sync 1 DAGs
[2025-04-01T16:55:37.852-0500] {logging_mixin.py:190} INFO - [2025-04-01T16:55:37.851-0500] {dag.py:4180} INFO - Setting next_dagrun for example_python_decorator to None, run_after=None
[2025-04-01T16:55:37.947-0500] {processor.py:208} INFO - Processing /mnt/d/Universidad/ETL/Proyecto_airflow/venv/lib/python3.12/site-packages/airflow/example_dags/example_python_decorator.py took 0.226 seconds
[2025-04-01T16:57:13.249-0500] {processor.py:186} INFO - Started process (PID=5926) to work on /mnt/d/Universidad/ETL/Proyecto_airflow/venv/lib/python3.12/site-packages/airflow/example_dags/example_python_decorator.py
[2025-04-01T16:57:13.251-0500] {processor.py:914} INFO - Processing file /mnt/d/Universidad/ETL/Proyecto_airflow/venv/lib/python3.12/site-packages/airflow/example_dags/example_python_decorator.py for tasks to queue
[2025-04-01T16:57:13.253-0500] {logging_mixin.py:190} INFO - [2025-04-01T16:57:13.252-0500] {dagbag.py:588} INFO - Filling up the DagBag from /mnt/d/Universidad/ETL/Proyecto_airflow/venv/lib/python3.12/site-packages/airflow/example_dags/example_python_decorator.py
[2025-04-01T16:57:13.309-0500] {logging_mixin.py:190} INFO - [2025-04-01T16:57:13.308-0500] {example_python_decorator.py:80} WARNING - The virtalenv_python example task requires virtualenv, please install it.
[2025-04-01T16:57:13.346-0500] {processor.py:925} INFO - DAG(s) 'example_python_decorator' retrieved from /mnt/d/Universidad/ETL/Proyecto_airflow/venv/lib/python3.12/site-packages/airflow/example_dags/example_python_decorator.py
[2025-04-01T16:57:13.365-0500] {logging_mixin.py:190} INFO - [2025-04-01T16:57:13.364-0500] {dag.py:3239} INFO - Sync 1 DAGs
[2025-04-01T16:57:13.374-0500] {logging_mixin.py:190} INFO - [2025-04-01T16:57:13.373-0500] {dag.py:4180} INFO - Setting next_dagrun for example_python_decorator to None, run_after=None
[2025-04-01T16:57:13.477-0500] {processor.py:208} INFO - Processing /mnt/d/Universidad/ETL/Proyecto_airflow/venv/lib/python3.12/site-packages/airflow/example_dags/example_python_decorator.py took 0.236 seconds
[2025-04-01T16:58:43.813-0500] {processor.py:186} INFO - Started process (PID=5996) to work on /mnt/d/Universidad/ETL/Proyecto_airflow/venv/lib/python3.12/site-packages/airflow/example_dags/example_python_decorator.py
[2025-04-01T16:58:43.814-0500] {processor.py:914} INFO - Processing file /mnt/d/Universidad/ETL/Proyecto_airflow/venv/lib/python3.12/site-packages/airflow/example_dags/example_python_decorator.py for tasks to queue
[2025-04-01T16:58:43.817-0500] {logging_mixin.py:190} INFO - [2025-04-01T16:58:43.816-0500] {dagbag.py:588} INFO - Filling up the DagBag from /mnt/d/Universidad/ETL/Proyecto_airflow/venv/lib/python3.12/site-packages/airflow/example_dags/example_python_decorator.py
[2025-04-01T16:58:43.872-0500] {logging_mixin.py:190} INFO - [2025-04-01T16:58:43.872-0500] {example_python_decorator.py:80} WARNING - The virtalenv_python example task requires virtualenv, please install it.
[2025-04-01T16:58:43.910-0500] {processor.py:925} INFO - DAG(s) 'example_python_decorator' retrieved from /mnt/d/Universidad/ETL/Proyecto_airflow/venv/lib/python3.12/site-packages/airflow/example_dags/example_python_decorator.py
[2025-04-01T16:58:43.928-0500] {logging_mixin.py:190} INFO - [2025-04-01T16:58:43.927-0500] {dag.py:3239} INFO - Sync 1 DAGs
[2025-04-01T16:58:43.938-0500] {logging_mixin.py:190} INFO - [2025-04-01T16:58:43.937-0500] {dag.py:4180} INFO - Setting next_dagrun for example_python_decorator to None, run_after=None
[2025-04-01T16:58:44.040-0500] {processor.py:208} INFO - Processing /mnt/d/Universidad/ETL/Proyecto_airflow/venv/lib/python3.12/site-packages/airflow/example_dags/example_python_decorator.py took 0.235 seconds
[2025-04-01T17:00:22.055-0500] {processor.py:186} INFO - Started process (PID=6067) to work on /mnt/d/Universidad/ETL/Proyecto_airflow/venv/lib/python3.12/site-packages/airflow/example_dags/example_python_decorator.py
[2025-04-01T17:00:22.057-0500] {processor.py:914} INFO - Processing file /mnt/d/Universidad/ETL/Proyecto_airflow/venv/lib/python3.12/site-packages/airflow/example_dags/example_python_decorator.py for tasks to queue
[2025-04-01T17:00:22.059-0500] {logging_mixin.py:190} INFO - [2025-04-01T17:00:22.058-0500] {dagbag.py:588} INFO - Filling up the DagBag from /mnt/d/Universidad/ETL/Proyecto_airflow/venv/lib/python3.12/site-packages/airflow/example_dags/example_python_decorator.py
[2025-04-01T17:00:22.114-0500] {logging_mixin.py:190} INFO - [2025-04-01T17:00:22.113-0500] {example_python_decorator.py:80} WARNING - The virtalenv_python example task requires virtualenv, please install it.
[2025-04-01T17:00:22.151-0500] {processor.py:925} INFO - DAG(s) 'example_python_decorator' retrieved from /mnt/d/Universidad/ETL/Proyecto_airflow/venv/lib/python3.12/site-packages/airflow/example_dags/example_python_decorator.py
[2025-04-01T17:00:22.172-0500] {logging_mixin.py:190} INFO - [2025-04-01T17:00:22.171-0500] {dag.py:3239} INFO - Sync 1 DAGs
[2025-04-01T17:00:22.182-0500] {logging_mixin.py:190} INFO - [2025-04-01T17:00:22.181-0500] {dag.py:4180} INFO - Setting next_dagrun for example_python_decorator to None, run_after=None
[2025-04-01T17:00:22.288-0500] {processor.py:208} INFO - Processing /mnt/d/Universidad/ETL/Proyecto_airflow/venv/lib/python3.12/site-packages/airflow/example_dags/example_python_decorator.py took 0.240 seconds
[2025-04-01T17:01:56.893-0500] {processor.py:186} INFO - Started process (PID=6138) to work on /mnt/d/Universidad/ETL/Proyecto_airflow/venv/lib/python3.12/site-packages/airflow/example_dags/example_python_decorator.py
[2025-04-01T17:01:56.894-0500] {processor.py:914} INFO - Processing file /mnt/d/Universidad/ETL/Proyecto_airflow/venv/lib/python3.12/site-packages/airflow/example_dags/example_python_decorator.py for tasks to queue
[2025-04-01T17:01:56.897-0500] {logging_mixin.py:190} INFO - [2025-04-01T17:01:56.896-0500] {dagbag.py:588} INFO - Filling up the DagBag from /mnt/d/Universidad/ETL/Proyecto_airflow/venv/lib/python3.12/site-packages/airflow/example_dags/example_python_decorator.py
[2025-04-01T17:01:56.952-0500] {logging_mixin.py:190} INFO - [2025-04-01T17:01:56.951-0500] {example_python_decorator.py:80} WARNING - The virtalenv_python example task requires virtualenv, please install it.
[2025-04-01T17:01:56.990-0500] {processor.py:925} INFO - DAG(s) 'example_python_decorator' retrieved from /mnt/d/Universidad/ETL/Proyecto_airflow/venv/lib/python3.12/site-packages/airflow/example_dags/example_python_decorator.py
[2025-04-01T17:01:57.008-0500] {logging_mixin.py:190} INFO - [2025-04-01T17:01:57.007-0500] {dag.py:3239} INFO - Sync 1 DAGs
[2025-04-01T17:01:57.017-0500] {logging_mixin.py:190} INFO - [2025-04-01T17:01:57.016-0500] {dag.py:4180} INFO - Setting next_dagrun for example_python_decorator to None, run_after=None
[2025-04-01T17:01:57.118-0500] {processor.py:208} INFO - Processing /mnt/d/Universidad/ETL/Proyecto_airflow/venv/lib/python3.12/site-packages/airflow/example_dags/example_python_decorator.py took 0.233 seconds
[2025-04-01T17:03:31.557-0500] {processor.py:186} INFO - Started process (PID=6210) to work on /mnt/d/Universidad/ETL/Proyecto_airflow/venv/lib/python3.12/site-packages/airflow/example_dags/example_python_decorator.py
[2025-04-01T17:03:31.558-0500] {processor.py:914} INFO - Processing file /mnt/d/Universidad/ETL/Proyecto_airflow/venv/lib/python3.12/site-packages/airflow/example_dags/example_python_decorator.py for tasks to queue
[2025-04-01T17:03:31.561-0500] {logging_mixin.py:190} INFO - [2025-04-01T17:03:31.560-0500] {dagbag.py:588} INFO - Filling up the DagBag from /mnt/d/Universidad/ETL/Proyecto_airflow/venv/lib/python3.12/site-packages/airflow/example_dags/example_python_decorator.py
[2025-04-01T17:03:31.617-0500] {logging_mixin.py:190} INFO - [2025-04-01T17:03:31.616-0500] {example_python_decorator.py:80} WARNING - The virtalenv_python example task requires virtualenv, please install it.
[2025-04-01T17:03:31.655-0500] {processor.py:925} INFO - DAG(s) 'example_python_decorator' retrieved from /mnt/d/Universidad/ETL/Proyecto_airflow/venv/lib/python3.12/site-packages/airflow/example_dags/example_python_decorator.py
[2025-04-01T17:03:31.675-0500] {logging_mixin.py:190} INFO - [2025-04-01T17:03:31.674-0500] {dag.py:3239} INFO - Sync 1 DAGs
[2025-04-01T17:03:31.685-0500] {logging_mixin.py:190} INFO - [2025-04-01T17:03:31.685-0500] {dag.py:4180} INFO - Setting next_dagrun for example_python_decorator to None, run_after=None
[2025-04-01T17:03:31.795-0500] {processor.py:208} INFO - Processing /mnt/d/Universidad/ETL/Proyecto_airflow/venv/lib/python3.12/site-packages/airflow/example_dags/example_python_decorator.py took 0.245 seconds
[2025-04-01T17:05:04.452-0500] {processor.py:186} INFO - Started process (PID=6279) to work on /mnt/d/Universidad/ETL/Proyecto_airflow/venv/lib/python3.12/site-packages/airflow/example_dags/example_python_decorator.py
[2025-04-01T17:05:04.453-0500] {processor.py:914} INFO - Processing file /mnt/d/Universidad/ETL/Proyecto_airflow/venv/lib/python3.12/site-packages/airflow/example_dags/example_python_decorator.py for tasks to queue
[2025-04-01T17:05:04.455-0500] {logging_mixin.py:190} INFO - [2025-04-01T17:05:04.454-0500] {dagbag.py:588} INFO - Filling up the DagBag from /mnt/d/Universidad/ETL/Proyecto_airflow/venv/lib/python3.12/site-packages/airflow/example_dags/example_python_decorator.py
[2025-04-01T17:05:04.510-0500] {logging_mixin.py:190} INFO - [2025-04-01T17:05:04.509-0500] {example_python_decorator.py:80} WARNING - The virtalenv_python example task requires virtualenv, please install it.
[2025-04-01T17:05:04.547-0500] {processor.py:925} INFO - DAG(s) 'example_python_decorator' retrieved from /mnt/d/Universidad/ETL/Proyecto_airflow/venv/lib/python3.12/site-packages/airflow/example_dags/example_python_decorator.py
[2025-04-01T17:05:04.565-0500] {logging_mixin.py:190} INFO - [2025-04-01T17:05:04.564-0500] {dag.py:3239} INFO - Sync 1 DAGs
[2025-04-01T17:05:04.574-0500] {logging_mixin.py:190} INFO - [2025-04-01T17:05:04.573-0500] {dag.py:4180} INFO - Setting next_dagrun for example_python_decorator to None, run_after=None
[2025-04-01T17:05:04.667-0500] {processor.py:208} INFO - Processing /mnt/d/Universidad/ETL/Proyecto_airflow/venv/lib/python3.12/site-packages/airflow/example_dags/example_python_decorator.py took 0.223 seconds
[2025-04-01T17:06:48.656-0500] {processor.py:186} INFO - Started process (PID=6354) to work on /mnt/d/Universidad/ETL/Proyecto_airflow/venv/lib/python3.12/site-packages/airflow/example_dags/example_python_decorator.py
[2025-04-01T17:06:48.657-0500] {processor.py:914} INFO - Processing file /mnt/d/Universidad/ETL/Proyecto_airflow/venv/lib/python3.12/site-packages/airflow/example_dags/example_python_decorator.py for tasks to queue
[2025-04-01T17:06:48.660-0500] {logging_mixin.py:190} INFO - [2025-04-01T17:06:48.659-0500] {dagbag.py:588} INFO - Filling up the DagBag from /mnt/d/Universidad/ETL/Proyecto_airflow/venv/lib/python3.12/site-packages/airflow/example_dags/example_python_decorator.py
[2025-04-01T17:06:48.715-0500] {logging_mixin.py:190} INFO - [2025-04-01T17:06:48.714-0500] {example_python_decorator.py:80} WARNING - The virtalenv_python example task requires virtualenv, please install it.
[2025-04-01T17:06:48.753-0500] {processor.py:925} INFO - DAG(s) 'example_python_decorator' retrieved from /mnt/d/Universidad/ETL/Proyecto_airflow/venv/lib/python3.12/site-packages/airflow/example_dags/example_python_decorator.py
[2025-04-01T17:06:48.771-0500] {logging_mixin.py:190} INFO - [2025-04-01T17:06:48.771-0500] {dag.py:3239} INFO - Sync 1 DAGs
[2025-04-01T17:06:48.780-0500] {logging_mixin.py:190} INFO - [2025-04-01T17:06:48.780-0500] {dag.py:4180} INFO - Setting next_dagrun for example_python_decorator to None, run_after=None
[2025-04-01T17:06:48.882-0500] {processor.py:208} INFO - Processing /mnt/d/Universidad/ETL/Proyecto_airflow/venv/lib/python3.12/site-packages/airflow/example_dags/example_python_decorator.py took 0.234 seconds
[2025-04-01T17:08:21.516-0500] {processor.py:186} INFO - Started process (PID=6426) to work on /mnt/d/Universidad/ETL/Proyecto_airflow/venv/lib/python3.12/site-packages/airflow/example_dags/example_python_decorator.py
[2025-04-01T17:08:21.517-0500] {processor.py:914} INFO - Processing file /mnt/d/Universidad/ETL/Proyecto_airflow/venv/lib/python3.12/site-packages/airflow/example_dags/example_python_decorator.py for tasks to queue
[2025-04-01T17:08:21.519-0500] {logging_mixin.py:190} INFO - [2025-04-01T17:08:21.519-0500] {dagbag.py:588} INFO - Filling up the DagBag from /mnt/d/Universidad/ETL/Proyecto_airflow/venv/lib/python3.12/site-packages/airflow/example_dags/example_python_decorator.py
[2025-04-01T17:08:21.576-0500] {logging_mixin.py:190} INFO - [2025-04-01T17:08:21.575-0500] {example_python_decorator.py:80} WARNING - The virtalenv_python example task requires virtualenv, please install it.
[2025-04-01T17:08:21.614-0500] {processor.py:925} INFO - DAG(s) 'example_python_decorator' retrieved from /mnt/d/Universidad/ETL/Proyecto_airflow/venv/lib/python3.12/site-packages/airflow/example_dags/example_python_decorator.py
[2025-04-01T17:08:21.632-0500] {logging_mixin.py:190} INFO - [2025-04-01T17:08:21.632-0500] {dag.py:3239} INFO - Sync 1 DAGs
[2025-04-01T17:08:21.642-0500] {logging_mixin.py:190} INFO - [2025-04-01T17:08:21.641-0500] {dag.py:4180} INFO - Setting next_dagrun for example_python_decorator to None, run_after=None
[2025-04-01T17:08:21.765-0500] {processor.py:208} INFO - Processing /mnt/d/Universidad/ETL/Proyecto_airflow/venv/lib/python3.12/site-packages/airflow/example_dags/example_python_decorator.py took 0.257 seconds
[2025-04-01T17:10:01.164-0500] {processor.py:186} INFO - Started process (PID=6498) to work on /mnt/d/Universidad/ETL/Proyecto_airflow/venv/lib/python3.12/site-packages/airflow/example_dags/example_python_decorator.py
[2025-04-01T17:10:01.165-0500] {processor.py:914} INFO - Processing file /mnt/d/Universidad/ETL/Proyecto_airflow/venv/lib/python3.12/site-packages/airflow/example_dags/example_python_decorator.py for tasks to queue
[2025-04-01T17:10:01.167-0500] {logging_mixin.py:190} INFO - [2025-04-01T17:10:01.167-0500] {dagbag.py:588} INFO - Filling up the DagBag from /mnt/d/Universidad/ETL/Proyecto_airflow/venv/lib/python3.12/site-packages/airflow/example_dags/example_python_decorator.py
[2025-04-01T17:10:01.223-0500] {logging_mixin.py:190} INFO - [2025-04-01T17:10:01.223-0500] {example_python_decorator.py:80} WARNING - The virtalenv_python example task requires virtualenv, please install it.
[2025-04-01T17:10:01.261-0500] {processor.py:925} INFO - DAG(s) 'example_python_decorator' retrieved from /mnt/d/Universidad/ETL/Proyecto_airflow/venv/lib/python3.12/site-packages/airflow/example_dags/example_python_decorator.py
[2025-04-01T17:10:01.281-0500] {logging_mixin.py:190} INFO - [2025-04-01T17:10:01.280-0500] {dag.py:3239} INFO - Sync 1 DAGs
[2025-04-01T17:10:01.291-0500] {logging_mixin.py:190} INFO - [2025-04-01T17:10:01.290-0500] {dag.py:4180} INFO - Setting next_dagrun for example_python_decorator to None, run_after=None
[2025-04-01T17:10:01.391-0500] {processor.py:208} INFO - Processing /mnt/d/Universidad/ETL/Proyecto_airflow/venv/lib/python3.12/site-packages/airflow/example_dags/example_python_decorator.py took 0.235 seconds
[2025-04-01T17:11:45.006-0500] {processor.py:186} INFO - Started process (PID=6573) to work on /mnt/d/Universidad/ETL/Proyecto_airflow/venv/lib/python3.12/site-packages/airflow/example_dags/example_python_decorator.py
[2025-04-01T17:11:45.007-0500] {processor.py:914} INFO - Processing file /mnt/d/Universidad/ETL/Proyecto_airflow/venv/lib/python3.12/site-packages/airflow/example_dags/example_python_decorator.py for tasks to queue
[2025-04-01T17:11:45.010-0500] {logging_mixin.py:190} INFO - [2025-04-01T17:11:45.009-0500] {dagbag.py:588} INFO - Filling up the DagBag from /mnt/d/Universidad/ETL/Proyecto_airflow/venv/lib/python3.12/site-packages/airflow/example_dags/example_python_decorator.py
[2025-04-01T17:11:45.064-0500] {logging_mixin.py:190} INFO - [2025-04-01T17:11:45.063-0500] {example_python_decorator.py:80} WARNING - The virtalenv_python example task requires virtualenv, please install it.
[2025-04-01T17:11:45.101-0500] {processor.py:925} INFO - DAG(s) 'example_python_decorator' retrieved from /mnt/d/Universidad/ETL/Proyecto_airflow/venv/lib/python3.12/site-packages/airflow/example_dags/example_python_decorator.py
[2025-04-01T17:11:45.120-0500] {logging_mixin.py:190} INFO - [2025-04-01T17:11:45.120-0500] {dag.py:3239} INFO - Sync 1 DAGs
[2025-04-01T17:11:45.130-0500] {logging_mixin.py:190} INFO - [2025-04-01T17:11:45.130-0500] {dag.py:4180} INFO - Setting next_dagrun for example_python_decorator to None, run_after=None
[2025-04-01T17:11:45.236-0500] {processor.py:208} INFO - Processing /mnt/d/Universidad/ETL/Proyecto_airflow/venv/lib/python3.12/site-packages/airflow/example_dags/example_python_decorator.py took 0.237 seconds
[2025-04-01T17:13:24.284-0500] {processor.py:186} INFO - Started process (PID=6646) to work on /mnt/d/Universidad/ETL/Proyecto_airflow/venv/lib/python3.12/site-packages/airflow/example_dags/example_python_decorator.py
[2025-04-01T17:13:24.285-0500] {processor.py:914} INFO - Processing file /mnt/d/Universidad/ETL/Proyecto_airflow/venv/lib/python3.12/site-packages/airflow/example_dags/example_python_decorator.py for tasks to queue
[2025-04-01T17:13:24.288-0500] {logging_mixin.py:190} INFO - [2025-04-01T17:13:24.287-0500] {dagbag.py:588} INFO - Filling up the DagBag from /mnt/d/Universidad/ETL/Proyecto_airflow/venv/lib/python3.12/site-packages/airflow/example_dags/example_python_decorator.py
[2025-04-01T17:13:24.342-0500] {logging_mixin.py:190} INFO - [2025-04-01T17:13:24.342-0500] {example_python_decorator.py:80} WARNING - The virtalenv_python example task requires virtualenv, please install it.
[2025-04-01T17:13:24.379-0500] {processor.py:925} INFO - DAG(s) 'example_python_decorator' retrieved from /mnt/d/Universidad/ETL/Proyecto_airflow/venv/lib/python3.12/site-packages/airflow/example_dags/example_python_decorator.py
[2025-04-01T17:13:24.399-0500] {logging_mixin.py:190} INFO - [2025-04-01T17:13:24.398-0500] {dag.py:3239} INFO - Sync 1 DAGs
[2025-04-01T17:13:24.409-0500] {logging_mixin.py:190} INFO - [2025-04-01T17:13:24.408-0500] {dag.py:4180} INFO - Setting next_dagrun for example_python_decorator to None, run_after=None
[2025-04-01T17:13:24.510-0500] {processor.py:208} INFO - Processing /mnt/d/Universidad/ETL/Proyecto_airflow/venv/lib/python3.12/site-packages/airflow/example_dags/example_python_decorator.py took 0.233 seconds
[2025-04-01T17:14:58.413-0500] {processor.py:186} INFO - Started process (PID=6717) to work on /mnt/d/Universidad/ETL/Proyecto_airflow/venv/lib/python3.12/site-packages/airflow/example_dags/example_python_decorator.py
[2025-04-01T17:14:58.414-0500] {processor.py:914} INFO - Processing file /mnt/d/Universidad/ETL/Proyecto_airflow/venv/lib/python3.12/site-packages/airflow/example_dags/example_python_decorator.py for tasks to queue
[2025-04-01T17:14:58.416-0500] {logging_mixin.py:190} INFO - [2025-04-01T17:14:58.415-0500] {dagbag.py:588} INFO - Filling up the DagBag from /mnt/d/Universidad/ETL/Proyecto_airflow/venv/lib/python3.12/site-packages/airflow/example_dags/example_python_decorator.py
[2025-04-01T17:14:58.470-0500] {logging_mixin.py:190} INFO - [2025-04-01T17:14:58.470-0500] {example_python_decorator.py:80} WARNING - The virtalenv_python example task requires virtualenv, please install it.
[2025-04-01T17:14:58.507-0500] {processor.py:925} INFO - DAG(s) 'example_python_decorator' retrieved from /mnt/d/Universidad/ETL/Proyecto_airflow/venv/lib/python3.12/site-packages/airflow/example_dags/example_python_decorator.py
[2025-04-01T17:14:58.525-0500] {logging_mixin.py:190} INFO - [2025-04-01T17:14:58.524-0500] {dag.py:3239} INFO - Sync 1 DAGs
[2025-04-01T17:14:58.535-0500] {logging_mixin.py:190} INFO - [2025-04-01T17:14:58.534-0500] {dag.py:4180} INFO - Setting next_dagrun for example_python_decorator to None, run_after=None
[2025-04-01T17:14:58.643-0500] {processor.py:208} INFO - Processing /mnt/d/Universidad/ETL/Proyecto_airflow/venv/lib/python3.12/site-packages/airflow/example_dags/example_python_decorator.py took 0.239 seconds
[2025-04-01T17:16:29.354-0500] {processor.py:186} INFO - Started process (PID=6788) to work on /mnt/d/Universidad/ETL/Proyecto_airflow/venv/lib/python3.12/site-packages/airflow/example_dags/example_python_decorator.py
[2025-04-01T17:16:29.355-0500] {processor.py:914} INFO - Processing file /mnt/d/Universidad/ETL/Proyecto_airflow/venv/lib/python3.12/site-packages/airflow/example_dags/example_python_decorator.py for tasks to queue
[2025-04-01T17:16:29.357-0500] {logging_mixin.py:190} INFO - [2025-04-01T17:16:29.356-0500] {dagbag.py:588} INFO - Filling up the DagBag from /mnt/d/Universidad/ETL/Proyecto_airflow/venv/lib/python3.12/site-packages/airflow/example_dags/example_python_decorator.py
[2025-04-01T17:16:29.412-0500] {logging_mixin.py:190} INFO - [2025-04-01T17:16:29.411-0500] {example_python_decorator.py:80} WARNING - The virtalenv_python example task requires virtualenv, please install it.
[2025-04-01T17:16:29.450-0500] {processor.py:925} INFO - DAG(s) 'example_python_decorator' retrieved from /mnt/d/Universidad/ETL/Proyecto_airflow/venv/lib/python3.12/site-packages/airflow/example_dags/example_python_decorator.py
[2025-04-01T17:16:29.470-0500] {logging_mixin.py:190} INFO - [2025-04-01T17:16:29.469-0500] {dag.py:3239} INFO - Sync 1 DAGs
[2025-04-01T17:16:29.480-0500] {logging_mixin.py:190} INFO - [2025-04-01T17:16:29.479-0500] {dag.py:4180} INFO - Setting next_dagrun for example_python_decorator to None, run_after=None
[2025-04-01T17:16:29.601-0500] {processor.py:208} INFO - Processing /mnt/d/Universidad/ETL/Proyecto_airflow/venv/lib/python3.12/site-packages/airflow/example_dags/example_python_decorator.py took 0.254 seconds
[2025-04-01T17:18:07.400-0500] {processor.py:186} INFO - Started process (PID=6862) to work on /mnt/d/Universidad/ETL/Proyecto_airflow/venv/lib/python3.12/site-packages/airflow/example_dags/example_python_decorator.py
[2025-04-01T17:18:07.401-0500] {processor.py:914} INFO - Processing file /mnt/d/Universidad/ETL/Proyecto_airflow/venv/lib/python3.12/site-packages/airflow/example_dags/example_python_decorator.py for tasks to queue
[2025-04-01T17:18:07.403-0500] {logging_mixin.py:190} INFO - [2025-04-01T17:18:07.402-0500] {dagbag.py:588} INFO - Filling up the DagBag from /mnt/d/Universidad/ETL/Proyecto_airflow/venv/lib/python3.12/site-packages/airflow/example_dags/example_python_decorator.py
[2025-04-01T17:18:07.460-0500] {logging_mixin.py:190} INFO - [2025-04-01T17:18:07.460-0500] {example_python_decorator.py:80} WARNING - The virtalenv_python example task requires virtualenv, please install it.
[2025-04-01T17:18:07.497-0500] {processor.py:925} INFO - DAG(s) 'example_python_decorator' retrieved from /mnt/d/Universidad/ETL/Proyecto_airflow/venv/lib/python3.12/site-packages/airflow/example_dags/example_python_decorator.py
[2025-04-01T17:18:07.517-0500] {logging_mixin.py:190} INFO - [2025-04-01T17:18:07.517-0500] {dag.py:3239} INFO - Sync 1 DAGs
[2025-04-01T17:18:07.527-0500] {logging_mixin.py:190} INFO - [2025-04-01T17:18:07.527-0500] {dag.py:4180} INFO - Setting next_dagrun for example_python_decorator to None, run_after=None
[2025-04-01T17:18:07.631-0500] {processor.py:208} INFO - Processing /mnt/d/Universidad/ETL/Proyecto_airflow/venv/lib/python3.12/site-packages/airflow/example_dags/example_python_decorator.py took 0.239 seconds
[2025-04-01T17:19:50.060-0500] {processor.py:186} INFO - Started process (PID=6937) to work on /mnt/d/Universidad/ETL/Proyecto_airflow/venv/lib/python3.12/site-packages/airflow/example_dags/example_python_decorator.py
[2025-04-01T17:19:50.061-0500] {processor.py:914} INFO - Processing file /mnt/d/Universidad/ETL/Proyecto_airflow/venv/lib/python3.12/site-packages/airflow/example_dags/example_python_decorator.py for tasks to queue
[2025-04-01T17:19:50.063-0500] {logging_mixin.py:190} INFO - [2025-04-01T17:19:50.063-0500] {dagbag.py:588} INFO - Filling up the DagBag from /mnt/d/Universidad/ETL/Proyecto_airflow/venv/lib/python3.12/site-packages/airflow/example_dags/example_python_decorator.py
[2025-04-01T17:19:50.118-0500] {logging_mixin.py:190} INFO - [2025-04-01T17:19:50.118-0500] {example_python_decorator.py:80} WARNING - The virtalenv_python example task requires virtualenv, please install it.
[2025-04-01T17:19:50.155-0500] {processor.py:925} INFO - DAG(s) 'example_python_decorator' retrieved from /mnt/d/Universidad/ETL/Proyecto_airflow/venv/lib/python3.12/site-packages/airflow/example_dags/example_python_decorator.py
[2025-04-01T17:19:50.174-0500] {logging_mixin.py:190} INFO - [2025-04-01T17:19:50.173-0500] {dag.py:3239} INFO - Sync 1 DAGs
[2025-04-01T17:19:50.183-0500] {logging_mixin.py:190} INFO - [2025-04-01T17:19:50.182-0500] {dag.py:4180} INFO - Setting next_dagrun for example_python_decorator to None, run_after=None
[2025-04-01T17:19:50.287-0500] {processor.py:208} INFO - Processing /mnt/d/Universidad/ETL/Proyecto_airflow/venv/lib/python3.12/site-packages/airflow/example_dags/example_python_decorator.py took 0.234 seconds
[2025-04-01T17:21:34.572-0500] {processor.py:186} INFO - Started process (PID=7011) to work on /mnt/d/Universidad/ETL/Proyecto_airflow/venv/lib/python3.12/site-packages/airflow/example_dags/example_python_decorator.py
[2025-04-01T17:21:34.573-0500] {processor.py:914} INFO - Processing file /mnt/d/Universidad/ETL/Proyecto_airflow/venv/lib/python3.12/site-packages/airflow/example_dags/example_python_decorator.py for tasks to queue
[2025-04-01T17:21:34.576-0500] {logging_mixin.py:190} INFO - [2025-04-01T17:21:34.575-0500] {dagbag.py:588} INFO - Filling up the DagBag from /mnt/d/Universidad/ETL/Proyecto_airflow/venv/lib/python3.12/site-packages/airflow/example_dags/example_python_decorator.py
[2025-04-01T17:21:34.631-0500] {logging_mixin.py:190} INFO - [2025-04-01T17:21:34.630-0500] {example_python_decorator.py:80} WARNING - The virtalenv_python example task requires virtualenv, please install it.
[2025-04-01T17:21:34.668-0500] {processor.py:925} INFO - DAG(s) 'example_python_decorator' retrieved from /mnt/d/Universidad/ETL/Proyecto_airflow/venv/lib/python3.12/site-packages/airflow/example_dags/example_python_decorator.py
[2025-04-01T17:21:34.686-0500] {logging_mixin.py:190} INFO - [2025-04-01T17:21:34.686-0500] {dag.py:3239} INFO - Sync 1 DAGs
[2025-04-01T17:21:34.695-0500] {logging_mixin.py:190} INFO - [2025-04-01T17:21:34.695-0500] {dag.py:4180} INFO - Setting next_dagrun for example_python_decorator to None, run_after=None
[2025-04-01T17:21:34.810-0500] {processor.py:208} INFO - Processing /mnt/d/Universidad/ETL/Proyecto_airflow/venv/lib/python3.12/site-packages/airflow/example_dags/example_python_decorator.py took 0.246 seconds
[2025-04-01T17:23:11.271-0500] {processor.py:186} INFO - Started process (PID=7082) to work on /mnt/d/Universidad/ETL/Proyecto_airflow/venv/lib/python3.12/site-packages/airflow/example_dags/example_python_decorator.py
[2025-04-01T17:23:11.272-0500] {processor.py:914} INFO - Processing file /mnt/d/Universidad/ETL/Proyecto_airflow/venv/lib/python3.12/site-packages/airflow/example_dags/example_python_decorator.py for tasks to queue
[2025-04-01T17:23:11.274-0500] {logging_mixin.py:190} INFO - [2025-04-01T17:23:11.273-0500] {dagbag.py:588} INFO - Filling up the DagBag from /mnt/d/Universidad/ETL/Proyecto_airflow/venv/lib/python3.12/site-packages/airflow/example_dags/example_python_decorator.py
[2025-04-01T17:23:11.330-0500] {logging_mixin.py:190} INFO - [2025-04-01T17:23:11.329-0500] {example_python_decorator.py:80} WARNING - The virtalenv_python example task requires virtualenv, please install it.
[2025-04-01T17:23:11.368-0500] {processor.py:925} INFO - DAG(s) 'example_python_decorator' retrieved from /mnt/d/Universidad/ETL/Proyecto_airflow/venv/lib/python3.12/site-packages/airflow/example_dags/example_python_decorator.py
[2025-04-01T17:23:11.388-0500] {logging_mixin.py:190} INFO - [2025-04-01T17:23:11.387-0500] {dag.py:3239} INFO - Sync 1 DAGs
[2025-04-01T17:23:11.398-0500] {logging_mixin.py:190} INFO - [2025-04-01T17:23:11.397-0500] {dag.py:4180} INFO - Setting next_dagrun for example_python_decorator to None, run_after=None
[2025-04-01T17:23:11.503-0500] {processor.py:208} INFO - Processing /mnt/d/Universidad/ETL/Proyecto_airflow/venv/lib/python3.12/site-packages/airflow/example_dags/example_python_decorator.py took 0.240 seconds
[2025-04-01T17:24:44.567-0500] {processor.py:186} INFO - Started process (PID=7154) to work on /mnt/d/Universidad/ETL/Proyecto_airflow/venv/lib/python3.12/site-packages/airflow/example_dags/example_python_decorator.py
[2025-04-01T17:24:44.569-0500] {processor.py:914} INFO - Processing file /mnt/d/Universidad/ETL/Proyecto_airflow/venv/lib/python3.12/site-packages/airflow/example_dags/example_python_decorator.py for tasks to queue
[2025-04-01T17:24:44.571-0500] {logging_mixin.py:190} INFO - [2025-04-01T17:24:44.570-0500] {dagbag.py:588} INFO - Filling up the DagBag from /mnt/d/Universidad/ETL/Proyecto_airflow/venv/lib/python3.12/site-packages/airflow/example_dags/example_python_decorator.py
[2025-04-01T17:24:44.626-0500] {logging_mixin.py:190} INFO - [2025-04-01T17:24:44.625-0500] {example_python_decorator.py:80} WARNING - The virtalenv_python example task requires virtualenv, please install it.
[2025-04-01T17:24:44.662-0500] {processor.py:925} INFO - DAG(s) 'example_python_decorator' retrieved from /mnt/d/Universidad/ETL/Proyecto_airflow/venv/lib/python3.12/site-packages/airflow/example_dags/example_python_decorator.py
[2025-04-01T17:24:44.680-0500] {logging_mixin.py:190} INFO - [2025-04-01T17:24:44.680-0500] {dag.py:3239} INFO - Sync 1 DAGs
[2025-04-01T17:24:44.690-0500] {logging_mixin.py:190} INFO - [2025-04-01T17:24:44.689-0500] {dag.py:4180} INFO - Setting next_dagrun for example_python_decorator to None, run_after=None
[2025-04-01T17:24:44.805-0500] {processor.py:208} INFO - Processing /mnt/d/Universidad/ETL/Proyecto_airflow/venv/lib/python3.12/site-packages/airflow/example_dags/example_python_decorator.py took 0.245 seconds
[2025-04-01T17:26:21.689-0500] {processor.py:186} INFO - Started process (PID=7224) to work on /mnt/d/Universidad/ETL/Proyecto_airflow/venv/lib/python3.12/site-packages/airflow/example_dags/example_python_decorator.py
[2025-04-01T17:26:21.690-0500] {processor.py:914} INFO - Processing file /mnt/d/Universidad/ETL/Proyecto_airflow/venv/lib/python3.12/site-packages/airflow/example_dags/example_python_decorator.py for tasks to queue
[2025-04-01T17:26:21.692-0500] {logging_mixin.py:190} INFO - [2025-04-01T17:26:21.692-0500] {dagbag.py:588} INFO - Filling up the DagBag from /mnt/d/Universidad/ETL/Proyecto_airflow/venv/lib/python3.12/site-packages/airflow/example_dags/example_python_decorator.py
[2025-04-01T17:26:21.748-0500] {logging_mixin.py:190} INFO - [2025-04-01T17:26:21.747-0500] {example_python_decorator.py:80} WARNING - The virtalenv_python example task requires virtualenv, please install it.
[2025-04-01T17:26:21.785-0500] {processor.py:925} INFO - DAG(s) 'example_python_decorator' retrieved from /mnt/d/Universidad/ETL/Proyecto_airflow/venv/lib/python3.12/site-packages/airflow/example_dags/example_python_decorator.py
[2025-04-01T17:26:21.803-0500] {logging_mixin.py:190} INFO - [2025-04-01T17:26:21.803-0500] {dag.py:3239} INFO - Sync 1 DAGs
[2025-04-01T17:26:21.812-0500] {logging_mixin.py:190} INFO - [2025-04-01T17:26:21.812-0500] {dag.py:4180} INFO - Setting next_dagrun for example_python_decorator to None, run_after=None
[2025-04-01T17:26:21.913-0500] {processor.py:208} INFO - Processing /mnt/d/Universidad/ETL/Proyecto_airflow/venv/lib/python3.12/site-packages/airflow/example_dags/example_python_decorator.py took 0.232 seconds
[2025-04-01T17:27:58.737-0500] {processor.py:186} INFO - Started process (PID=7296) to work on /mnt/d/Universidad/ETL/Proyecto_airflow/venv/lib/python3.12/site-packages/airflow/example_dags/example_python_decorator.py
[2025-04-01T17:27:58.739-0500] {processor.py:914} INFO - Processing file /mnt/d/Universidad/ETL/Proyecto_airflow/venv/lib/python3.12/site-packages/airflow/example_dags/example_python_decorator.py for tasks to queue
[2025-04-01T17:27:58.741-0500] {logging_mixin.py:190} INFO - [2025-04-01T17:27:58.740-0500] {dagbag.py:588} INFO - Filling up the DagBag from /mnt/d/Universidad/ETL/Proyecto_airflow/venv/lib/python3.12/site-packages/airflow/example_dags/example_python_decorator.py
[2025-04-01T17:27:58.796-0500] {logging_mixin.py:190} INFO - [2025-04-01T17:27:58.796-0500] {example_python_decorator.py:80} WARNING - The virtalenv_python example task requires virtualenv, please install it.
[2025-04-01T17:27:58.834-0500] {processor.py:925} INFO - DAG(s) 'example_python_decorator' retrieved from /mnt/d/Universidad/ETL/Proyecto_airflow/venv/lib/python3.12/site-packages/airflow/example_dags/example_python_decorator.py
[2025-04-01T17:27:58.852-0500] {logging_mixin.py:190} INFO - [2025-04-01T17:27:58.851-0500] {dag.py:3239} INFO - Sync 1 DAGs
[2025-04-01T17:27:58.861-0500] {logging_mixin.py:190} INFO - [2025-04-01T17:27:58.860-0500] {dag.py:4180} INFO - Setting next_dagrun for example_python_decorator to None, run_after=None
[2025-04-01T17:27:58.965-0500] {processor.py:208} INFO - Processing /mnt/d/Universidad/ETL/Proyecto_airflow/venv/lib/python3.12/site-packages/airflow/example_dags/example_python_decorator.py took 0.235 seconds
[2025-04-01T17:29:24.059-0500] {processor.py:186} INFO - Started process (PID=7363) to work on /mnt/d/Universidad/ETL/Proyecto_airflow/venv/lib/python3.12/site-packages/airflow/example_dags/example_python_decorator.py
[2025-04-01T17:29:24.060-0500] {processor.py:914} INFO - Processing file /mnt/d/Universidad/ETL/Proyecto_airflow/venv/lib/python3.12/site-packages/airflow/example_dags/example_python_decorator.py for tasks to queue
[2025-04-01T17:29:24.062-0500] {logging_mixin.py:190} INFO - [2025-04-01T17:29:24.062-0500] {dagbag.py:588} INFO - Filling up the DagBag from /mnt/d/Universidad/ETL/Proyecto_airflow/venv/lib/python3.12/site-packages/airflow/example_dags/example_python_decorator.py
[2025-04-01T17:29:24.117-0500] {logging_mixin.py:190} INFO - [2025-04-01T17:29:24.117-0500] {example_python_decorator.py:80} WARNING - The virtalenv_python example task requires virtualenv, please install it.
[2025-04-01T17:29:24.154-0500] {processor.py:925} INFO - DAG(s) 'example_python_decorator' retrieved from /mnt/d/Universidad/ETL/Proyecto_airflow/venv/lib/python3.12/site-packages/airflow/example_dags/example_python_decorator.py
[2025-04-01T17:29:24.173-0500] {logging_mixin.py:190} INFO - [2025-04-01T17:29:24.173-0500] {dag.py:3239} INFO - Sync 1 DAGs
[2025-04-01T17:29:24.182-0500] {logging_mixin.py:190} INFO - [2025-04-01T17:29:24.182-0500] {dag.py:4180} INFO - Setting next_dagrun for example_python_decorator to None, run_after=None
[2025-04-01T17:29:24.289-0500] {processor.py:208} INFO - Processing /mnt/d/Universidad/ETL/Proyecto_airflow/venv/lib/python3.12/site-packages/airflow/example_dags/example_python_decorator.py took 0.238 seconds
