[2025-04-01T16:17:38.690-0500] {processor.py:186} INFO - Started process (PID=4107) to work on /mnt/d/Universidad/ETL/Proyecto_airflow/venv/lib/python3.12/site-packages/airflow/example_dags/example_branch_python_dop_operator_3.py
[2025-04-01T16:17:38.691-0500] {processor.py:914} INFO - Processing file /mnt/d/Universidad/ETL/Proyecto_airflow/venv/lib/python3.12/site-packages/airflow/example_dags/example_branch_python_dop_operator_3.py for tasks to queue
[2025-04-01T16:17:38.694-0500] {logging_mixin.py:190} INFO - [2025-04-01T16:17:38.693-0500] {dagbag.py:588} INFO - Filling up the DagBag from /mnt/d/Universidad/ETL/Proyecto_airflow/venv/lib/python3.12/site-packages/airflow/example_dags/example_branch_python_dop_operator_3.py
[2025-04-01T16:17:38.753-0500] {processor.py:925} INFO - DAG(s) 'example_branch_dop_operator_v3' retrieved from /mnt/d/Universidad/ETL/Proyecto_airflow/venv/lib/python3.12/site-packages/airflow/example_dags/example_branch_python_dop_operator_3.py
[2025-04-01T16:17:39.809-0500] {logging_mixin.py:190} INFO - [2025-04-01T16:17:39.808-0500] {override.py:1930} INFO - Created Permission View: can read on DAG:example_branch_dop_operator_v3
[2025-04-01T16:17:39.855-0500] {logging_mixin.py:190} INFO - [2025-04-01T16:17:39.854-0500] {override.py:1930} INFO - Created Permission View: can edit on DAG:example_branch_dop_operator_v3
[2025-04-01T16:17:39.901-0500] {logging_mixin.py:190} INFO - [2025-04-01T16:17:39.900-0500] {override.py:1930} INFO - Created Permission View: can delete on DAG:example_branch_dop_operator_v3
[2025-04-01T16:17:40.001-0500] {logging_mixin.py:190} INFO - [2025-04-01T16:17:40.000-0500] {override.py:1930} INFO - Created Permission View: can create on DAG Run:example_branch_dop_operator_v3
[2025-04-01T16:17:40.070-0500] {logging_mixin.py:190} INFO - [2025-04-01T16:17:40.069-0500] {override.py:1930} INFO - Created Permission View: menu access on DAG Run:example_branch_dop_operator_v3
[2025-04-01T16:17:40.138-0500] {logging_mixin.py:190} INFO - [2025-04-01T16:17:40.138-0500] {override.py:1930} INFO - Created Permission View: can read on DAG Run:example_branch_dop_operator_v3
[2025-04-01T16:17:40.177-0500] {logging_mixin.py:190} INFO - [2025-04-01T16:17:40.176-0500] {override.py:1930} INFO - Created Permission View: can delete on DAG Run:example_branch_dop_operator_v3
[2025-04-01T16:17:40.179-0500] {logging_mixin.py:190} INFO - [2025-04-01T16:17:40.178-0500] {dag.py:3239} INFO - Sync 1 DAGs
[2025-04-01T16:17:40.191-0500] {logging_mixin.py:190} INFO - [2025-04-01T16:17:40.191-0500] {dag.py:3262} INFO - Creating ORM DAG for example_branch_dop_operator_v3
[2025-04-01T16:17:40.288-0500] {logging_mixin.py:190} INFO - [2025-04-01T16:17:40.287-0500] {dag.py:4180} INFO - Setting next_dagrun for example_branch_dop_operator_v3 to 2025-04-01 21:16:00+00:00, run_after=2025-04-01 21:17:00+00:00
[2025-04-01T16:17:40.387-0500] {processor.py:208} INFO - Processing /mnt/d/Universidad/ETL/Proyecto_airflow/venv/lib/python3.12/site-packages/airflow/example_dags/example_branch_python_dop_operator_3.py took 1.705 seconds
[2025-04-01T16:19:34.386-0500] {processor.py:186} INFO - Started process (PID=4194) to work on /mnt/d/Universidad/ETL/Proyecto_airflow/venv/lib/python3.12/site-packages/airflow/example_dags/example_branch_python_dop_operator_3.py
[2025-04-01T16:19:34.387-0500] {processor.py:914} INFO - Processing file /mnt/d/Universidad/ETL/Proyecto_airflow/venv/lib/python3.12/site-packages/airflow/example_dags/example_branch_python_dop_operator_3.py for tasks to queue
[2025-04-01T16:19:34.389-0500] {logging_mixin.py:190} INFO - [2025-04-01T16:19:34.389-0500] {dagbag.py:588} INFO - Filling up the DagBag from /mnt/d/Universidad/ETL/Proyecto_airflow/venv/lib/python3.12/site-packages/airflow/example_dags/example_branch_python_dop_operator_3.py
[2025-04-01T16:19:34.452-0500] {processor.py:925} INFO - DAG(s) 'example_branch_dop_operator_v3' retrieved from /mnt/d/Universidad/ETL/Proyecto_airflow/venv/lib/python3.12/site-packages/airflow/example_dags/example_branch_python_dop_operator_3.py
[2025-04-01T16:19:34.471-0500] {logging_mixin.py:190} INFO - [2025-04-01T16:19:34.470-0500] {dag.py:3239} INFO - Sync 1 DAGs
[2025-04-01T16:19:34.498-0500] {logging_mixin.py:190} INFO - [2025-04-01T16:19:34.497-0500] {dag.py:4180} INFO - Setting next_dagrun for example_branch_dop_operator_v3 to 2025-04-01 21:18:00+00:00, run_after=2025-04-01 21:19:00+00:00
[2025-04-01T16:19:34.616-0500] {processor.py:208} INFO - Processing /mnt/d/Universidad/ETL/Proyecto_airflow/venv/lib/python3.12/site-packages/airflow/example_dags/example_branch_python_dop_operator_3.py took 0.238 seconds
[2025-04-01T16:21:01.665-0500] {processor.py:186} INFO - Started process (PID=4266) to work on /mnt/d/Universidad/ETL/Proyecto_airflow/venv/lib/python3.12/site-packages/airflow/example_dags/example_branch_python_dop_operator_3.py
[2025-04-01T16:21:01.666-0500] {processor.py:914} INFO - Processing file /mnt/d/Universidad/ETL/Proyecto_airflow/venv/lib/python3.12/site-packages/airflow/example_dags/example_branch_python_dop_operator_3.py for tasks to queue
[2025-04-01T16:21:01.669-0500] {logging_mixin.py:190} INFO - [2025-04-01T16:21:01.668-0500] {dagbag.py:588} INFO - Filling up the DagBag from /mnt/d/Universidad/ETL/Proyecto_airflow/venv/lib/python3.12/site-packages/airflow/example_dags/example_branch_python_dop_operator_3.py
[2025-04-01T16:21:01.731-0500] {processor.py:925} INFO - DAG(s) 'example_branch_dop_operator_v3' retrieved from /mnt/d/Universidad/ETL/Proyecto_airflow/venv/lib/python3.12/site-packages/airflow/example_dags/example_branch_python_dop_operator_3.py
[2025-04-01T16:21:01.750-0500] {logging_mixin.py:190} INFO - [2025-04-01T16:21:01.749-0500] {dag.py:3239} INFO - Sync 1 DAGs
[2025-04-01T16:21:01.776-0500] {logging_mixin.py:190} INFO - [2025-04-01T16:21:01.775-0500] {dag.py:4180} INFO - Setting next_dagrun for example_branch_dop_operator_v3 to 2025-04-01 21:20:00+00:00, run_after=2025-04-01 21:21:00+00:00
[2025-04-01T16:21:01.884-0500] {processor.py:208} INFO - Processing /mnt/d/Universidad/ETL/Proyecto_airflow/venv/lib/python3.12/site-packages/airflow/example_dags/example_branch_python_dop_operator_3.py took 0.227 seconds
[2025-04-01T16:22:25.781-0500] {processor.py:186} INFO - Started process (PID=4335) to work on /mnt/d/Universidad/ETL/Proyecto_airflow/venv/lib/python3.12/site-packages/airflow/example_dags/example_branch_python_dop_operator_3.py
[2025-04-01T16:22:25.782-0500] {processor.py:914} INFO - Processing file /mnt/d/Universidad/ETL/Proyecto_airflow/venv/lib/python3.12/site-packages/airflow/example_dags/example_branch_python_dop_operator_3.py for tasks to queue
[2025-04-01T16:22:25.784-0500] {logging_mixin.py:190} INFO - [2025-04-01T16:22:25.783-0500] {dagbag.py:588} INFO - Filling up the DagBag from /mnt/d/Universidad/ETL/Proyecto_airflow/venv/lib/python3.12/site-packages/airflow/example_dags/example_branch_python_dop_operator_3.py
[2025-04-01T16:22:25.841-0500] {processor.py:925} INFO - DAG(s) 'example_branch_dop_operator_v3' retrieved from /mnt/d/Universidad/ETL/Proyecto_airflow/venv/lib/python3.12/site-packages/airflow/example_dags/example_branch_python_dop_operator_3.py
[2025-04-01T16:22:25.859-0500] {logging_mixin.py:190} INFO - [2025-04-01T16:22:25.858-0500] {dag.py:3239} INFO - Sync 1 DAGs
[2025-04-01T16:22:25.883-0500] {logging_mixin.py:190} INFO - [2025-04-01T16:22:25.882-0500] {dag.py:4180} INFO - Setting next_dagrun for example_branch_dop_operator_v3 to 2025-04-01 21:21:00+00:00, run_after=2025-04-01 21:22:00+00:00
[2025-04-01T16:22:25.951-0500] {processor.py:208} INFO - Processing /mnt/d/Universidad/ETL/Proyecto_airflow/venv/lib/python3.12/site-packages/airflow/example_dags/example_branch_python_dop_operator_3.py took 0.178 seconds
[2025-04-01T16:23:54.502-0500] {processor.py:186} INFO - Started process (PID=4404) to work on /mnt/d/Universidad/ETL/Proyecto_airflow/venv/lib/python3.12/site-packages/airflow/example_dags/example_branch_python_dop_operator_3.py
[2025-04-01T16:23:54.503-0500] {processor.py:914} INFO - Processing file /mnt/d/Universidad/ETL/Proyecto_airflow/venv/lib/python3.12/site-packages/airflow/example_dags/example_branch_python_dop_operator_3.py for tasks to queue
[2025-04-01T16:23:54.505-0500] {logging_mixin.py:190} INFO - [2025-04-01T16:23:54.504-0500] {dagbag.py:588} INFO - Filling up the DagBag from /mnt/d/Universidad/ETL/Proyecto_airflow/venv/lib/python3.12/site-packages/airflow/example_dags/example_branch_python_dop_operator_3.py
[2025-04-01T16:23:54.562-0500] {processor.py:925} INFO - DAG(s) 'example_branch_dop_operator_v3' retrieved from /mnt/d/Universidad/ETL/Proyecto_airflow/venv/lib/python3.12/site-packages/airflow/example_dags/example_branch_python_dop_operator_3.py
[2025-04-01T16:23:54.579-0500] {logging_mixin.py:190} INFO - [2025-04-01T16:23:54.578-0500] {dag.py:3239} INFO - Sync 1 DAGs
[2025-04-01T16:23:54.603-0500] {logging_mixin.py:190} INFO - [2025-04-01T16:23:54.602-0500] {dag.py:4180} INFO - Setting next_dagrun for example_branch_dop_operator_v3 to 2025-04-01 21:22:00+00:00, run_after=2025-04-01 21:23:00+00:00
[2025-04-01T16:23:54.675-0500] {processor.py:208} INFO - Processing /mnt/d/Universidad/ETL/Proyecto_airflow/venv/lib/python3.12/site-packages/airflow/example_dags/example_branch_python_dop_operator_3.py took 0.181 seconds
[2025-04-01T16:25:27.511-0500] {processor.py:186} INFO - Started process (PID=4475) to work on /mnt/d/Universidad/ETL/Proyecto_airflow/venv/lib/python3.12/site-packages/airflow/example_dags/example_branch_python_dop_operator_3.py
[2025-04-01T16:25:27.512-0500] {processor.py:914} INFO - Processing file /mnt/d/Universidad/ETL/Proyecto_airflow/venv/lib/python3.12/site-packages/airflow/example_dags/example_branch_python_dop_operator_3.py for tasks to queue
[2025-04-01T16:25:27.514-0500] {logging_mixin.py:190} INFO - [2025-04-01T16:25:27.513-0500] {dagbag.py:588} INFO - Filling up the DagBag from /mnt/d/Universidad/ETL/Proyecto_airflow/venv/lib/python3.12/site-packages/airflow/example_dags/example_branch_python_dop_operator_3.py
[2025-04-01T16:25:27.571-0500] {processor.py:925} INFO - DAG(s) 'example_branch_dop_operator_v3' retrieved from /mnt/d/Universidad/ETL/Proyecto_airflow/venv/lib/python3.12/site-packages/airflow/example_dags/example_branch_python_dop_operator_3.py
[2025-04-01T16:25:27.590-0500] {logging_mixin.py:190} INFO - [2025-04-01T16:25:27.589-0500] {dag.py:3239} INFO - Sync 1 DAGs
[2025-04-01T16:25:27.615-0500] {logging_mixin.py:190} INFO - [2025-04-01T16:25:27.615-0500] {dag.py:4180} INFO - Setting next_dagrun for example_branch_dop_operator_v3 to 2025-04-01 21:24:00+00:00, run_after=2025-04-01 21:25:00+00:00
[2025-04-01T16:25:27.699-0500] {processor.py:208} INFO - Processing /mnt/d/Universidad/ETL/Proyecto_airflow/venv/lib/python3.12/site-packages/airflow/example_dags/example_branch_python_dop_operator_3.py took 0.196 seconds
[2025-04-01T16:27:01.367-0500] {processor.py:186} INFO - Started process (PID=4547) to work on /mnt/d/Universidad/ETL/Proyecto_airflow/venv/lib/python3.12/site-packages/airflow/example_dags/example_branch_python_dop_operator_3.py
[2025-04-01T16:27:01.368-0500] {processor.py:914} INFO - Processing file /mnt/d/Universidad/ETL/Proyecto_airflow/venv/lib/python3.12/site-packages/airflow/example_dags/example_branch_python_dop_operator_3.py for tasks to queue
[2025-04-01T16:27:01.371-0500] {logging_mixin.py:190} INFO - [2025-04-01T16:27:01.370-0500] {dagbag.py:588} INFO - Filling up the DagBag from /mnt/d/Universidad/ETL/Proyecto_airflow/venv/lib/python3.12/site-packages/airflow/example_dags/example_branch_python_dop_operator_3.py
[2025-04-01T16:27:01.428-0500] {processor.py:925} INFO - DAG(s) 'example_branch_dop_operator_v3' retrieved from /mnt/d/Universidad/ETL/Proyecto_airflow/venv/lib/python3.12/site-packages/airflow/example_dags/example_branch_python_dop_operator_3.py
[2025-04-01T16:27:01.445-0500] {logging_mixin.py:190} INFO - [2025-04-01T16:27:01.445-0500] {dag.py:3239} INFO - Sync 1 DAGs
[2025-04-01T16:27:01.470-0500] {logging_mixin.py:190} INFO - [2025-04-01T16:27:01.469-0500] {dag.py:4180} INFO - Setting next_dagrun for example_branch_dop_operator_v3 to 2025-04-01 21:26:00+00:00, run_after=2025-04-01 21:27:00+00:00
[2025-04-01T16:27:01.569-0500] {processor.py:208} INFO - Processing /mnt/d/Universidad/ETL/Proyecto_airflow/venv/lib/python3.12/site-packages/airflow/example_dags/example_branch_python_dop_operator_3.py took 0.209 seconds
[2025-04-01T16:28:34.897-0500] {processor.py:186} INFO - Started process (PID=4618) to work on /mnt/d/Universidad/ETL/Proyecto_airflow/venv/lib/python3.12/site-packages/airflow/example_dags/example_branch_python_dop_operator_3.py
[2025-04-01T16:28:34.898-0500] {processor.py:914} INFO - Processing file /mnt/d/Universidad/ETL/Proyecto_airflow/venv/lib/python3.12/site-packages/airflow/example_dags/example_branch_python_dop_operator_3.py for tasks to queue
[2025-04-01T16:28:34.900-0500] {logging_mixin.py:190} INFO - [2025-04-01T16:28:34.899-0500] {dagbag.py:588} INFO - Filling up the DagBag from /mnt/d/Universidad/ETL/Proyecto_airflow/venv/lib/python3.12/site-packages/airflow/example_dags/example_branch_python_dop_operator_3.py
[2025-04-01T16:28:34.958-0500] {processor.py:925} INFO - DAG(s) 'example_branch_dop_operator_v3' retrieved from /mnt/d/Universidad/ETL/Proyecto_airflow/venv/lib/python3.12/site-packages/airflow/example_dags/example_branch_python_dop_operator_3.py
[2025-04-01T16:28:34.975-0500] {logging_mixin.py:190} INFO - [2025-04-01T16:28:34.974-0500] {dag.py:3239} INFO - Sync 1 DAGs
[2025-04-01T16:28:34.999-0500] {logging_mixin.py:190} INFO - [2025-04-01T16:28:34.999-0500] {dag.py:4180} INFO - Setting next_dagrun for example_branch_dop_operator_v3 to 2025-04-01 21:27:00+00:00, run_after=2025-04-01 21:28:00+00:00
[2025-04-01T16:28:35.097-0500] {processor.py:208} INFO - Processing /mnt/d/Universidad/ETL/Proyecto_airflow/venv/lib/python3.12/site-packages/airflow/example_dags/example_branch_python_dop_operator_3.py took 0.208 seconds
[2025-04-01T16:30:05.026-0500] {processor.py:186} INFO - Started process (PID=4690) to work on /mnt/d/Universidad/ETL/Proyecto_airflow/venv/lib/python3.12/site-packages/airflow/example_dags/example_branch_python_dop_operator_3.py
[2025-04-01T16:30:05.027-0500] {processor.py:914} INFO - Processing file /mnt/d/Universidad/ETL/Proyecto_airflow/venv/lib/python3.12/site-packages/airflow/example_dags/example_branch_python_dop_operator_3.py for tasks to queue
[2025-04-01T16:30:05.030-0500] {logging_mixin.py:190} INFO - [2025-04-01T16:30:05.029-0500] {dagbag.py:588} INFO - Filling up the DagBag from /mnt/d/Universidad/ETL/Proyecto_airflow/venv/lib/python3.12/site-packages/airflow/example_dags/example_branch_python_dop_operator_3.py
[2025-04-01T16:30:05.089-0500] {processor.py:925} INFO - DAG(s) 'example_branch_dop_operator_v3' retrieved from /mnt/d/Universidad/ETL/Proyecto_airflow/venv/lib/python3.12/site-packages/airflow/example_dags/example_branch_python_dop_operator_3.py
[2025-04-01T16:30:05.110-0500] {logging_mixin.py:190} INFO - [2025-04-01T16:30:05.109-0500] {dag.py:3239} INFO - Sync 1 DAGs
[2025-04-01T16:30:05.136-0500] {logging_mixin.py:190} INFO - [2025-04-01T16:30:05.135-0500] {dag.py:4180} INFO - Setting next_dagrun for example_branch_dop_operator_v3 to 2025-04-01 21:29:00+00:00, run_after=2025-04-01 21:30:00+00:00
[2025-04-01T16:30:05.212-0500] {processor.py:208} INFO - Processing /mnt/d/Universidad/ETL/Proyecto_airflow/venv/lib/python3.12/site-packages/airflow/example_dags/example_branch_python_dop_operator_3.py took 0.195 seconds
[2025-04-01T16:31:38.687-0500] {processor.py:186} INFO - Started process (PID=4760) to work on /mnt/d/Universidad/ETL/Proyecto_airflow/venv/lib/python3.12/site-packages/airflow/example_dags/example_branch_python_dop_operator_3.py
[2025-04-01T16:31:38.688-0500] {processor.py:914} INFO - Processing file /mnt/d/Universidad/ETL/Proyecto_airflow/venv/lib/python3.12/site-packages/airflow/example_dags/example_branch_python_dop_operator_3.py for tasks to queue
[2025-04-01T16:31:38.690-0500] {logging_mixin.py:190} INFO - [2025-04-01T16:31:38.690-0500] {dagbag.py:588} INFO - Filling up the DagBag from /mnt/d/Universidad/ETL/Proyecto_airflow/venv/lib/python3.12/site-packages/airflow/example_dags/example_branch_python_dop_operator_3.py
[2025-04-01T16:31:38.748-0500] {processor.py:925} INFO - DAG(s) 'example_branch_dop_operator_v3' retrieved from /mnt/d/Universidad/ETL/Proyecto_airflow/venv/lib/python3.12/site-packages/airflow/example_dags/example_branch_python_dop_operator_3.py
[2025-04-01T16:31:38.766-0500] {logging_mixin.py:190} INFO - [2025-04-01T16:31:38.765-0500] {dag.py:3239} INFO - Sync 1 DAGs
[2025-04-01T16:31:38.791-0500] {logging_mixin.py:190} INFO - [2025-04-01T16:31:38.790-0500] {dag.py:4180} INFO - Setting next_dagrun for example_branch_dop_operator_v3 to 2025-04-01 21:30:00+00:00, run_after=2025-04-01 21:31:00+00:00
[2025-04-01T16:31:38.872-0500] {processor.py:208} INFO - Processing /mnt/d/Universidad/ETL/Proyecto_airflow/venv/lib/python3.12/site-packages/airflow/example_dags/example_branch_python_dop_operator_3.py took 0.193 seconds
[2025-04-01T16:33:14.633-0500] {processor.py:186} INFO - Started process (PID=4834) to work on /mnt/d/Universidad/ETL/Proyecto_airflow/venv/lib/python3.12/site-packages/airflow/example_dags/example_branch_python_dop_operator_3.py
[2025-04-01T16:33:14.634-0500] {processor.py:914} INFO - Processing file /mnt/d/Universidad/ETL/Proyecto_airflow/venv/lib/python3.12/site-packages/airflow/example_dags/example_branch_python_dop_operator_3.py for tasks to queue
[2025-04-01T16:33:14.636-0500] {logging_mixin.py:190} INFO - [2025-04-01T16:33:14.635-0500] {dagbag.py:588} INFO - Filling up the DagBag from /mnt/d/Universidad/ETL/Proyecto_airflow/venv/lib/python3.12/site-packages/airflow/example_dags/example_branch_python_dop_operator_3.py
[2025-04-01T16:33:14.696-0500] {processor.py:925} INFO - DAG(s) 'example_branch_dop_operator_v3' retrieved from /mnt/d/Universidad/ETL/Proyecto_airflow/venv/lib/python3.12/site-packages/airflow/example_dags/example_branch_python_dop_operator_3.py
[2025-04-01T16:33:14.792-0500] {logging_mixin.py:190} INFO - [2025-04-01T16:33:14.791-0500] {dag.py:3239} INFO - Sync 1 DAGs
[2025-04-01T16:33:14.817-0500] {logging_mixin.py:190} INFO - [2025-04-01T16:33:14.816-0500] {dag.py:4180} INFO - Setting next_dagrun for example_branch_dop_operator_v3 to 2025-04-01 21:32:00+00:00, run_after=2025-04-01 21:33:00+00:00
[2025-04-01T16:33:14.894-0500] {processor.py:208} INFO - Processing /mnt/d/Universidad/ETL/Proyecto_airflow/venv/lib/python3.12/site-packages/airflow/example_dags/example_branch_python_dop_operator_3.py took 0.269 seconds
[2025-04-01T16:34:41.097-0500] {processor.py:186} INFO - Started process (PID=4902) to work on /mnt/d/Universidad/ETL/Proyecto_airflow/venv/lib/python3.12/site-packages/airflow/example_dags/example_branch_python_dop_operator_3.py
[2025-04-01T16:34:41.099-0500] {processor.py:914} INFO - Processing file /mnt/d/Universidad/ETL/Proyecto_airflow/venv/lib/python3.12/site-packages/airflow/example_dags/example_branch_python_dop_operator_3.py for tasks to queue
[2025-04-01T16:34:41.101-0500] {logging_mixin.py:190} INFO - [2025-04-01T16:34:41.100-0500] {dagbag.py:588} INFO - Filling up the DagBag from /mnt/d/Universidad/ETL/Proyecto_airflow/venv/lib/python3.12/site-packages/airflow/example_dags/example_branch_python_dop_operator_3.py
[2025-04-01T16:34:41.158-0500] {processor.py:925} INFO - DAG(s) 'example_branch_dop_operator_v3' retrieved from /mnt/d/Universidad/ETL/Proyecto_airflow/venv/lib/python3.12/site-packages/airflow/example_dags/example_branch_python_dop_operator_3.py
[2025-04-01T16:34:41.176-0500] {logging_mixin.py:190} INFO - [2025-04-01T16:34:41.175-0500] {dag.py:3239} INFO - Sync 1 DAGs
[2025-04-01T16:34:41.200-0500] {logging_mixin.py:190} INFO - [2025-04-01T16:34:41.199-0500] {dag.py:4180} INFO - Setting next_dagrun for example_branch_dop_operator_v3 to 2025-04-01 21:33:00+00:00, run_after=2025-04-01 21:34:00+00:00
[2025-04-01T16:34:41.302-0500] {processor.py:208} INFO - Processing /mnt/d/Universidad/ETL/Proyecto_airflow/venv/lib/python3.12/site-packages/airflow/example_dags/example_branch_python_dop_operator_3.py took 0.212 seconds
[2025-04-01T16:36:11.175-0500] {processor.py:186} INFO - Started process (PID=4971) to work on /mnt/d/Universidad/ETL/Proyecto_airflow/venv/lib/python3.12/site-packages/airflow/example_dags/example_branch_python_dop_operator_3.py
[2025-04-01T16:36:11.176-0500] {processor.py:914} INFO - Processing file /mnt/d/Universidad/ETL/Proyecto_airflow/venv/lib/python3.12/site-packages/airflow/example_dags/example_branch_python_dop_operator_3.py for tasks to queue
[2025-04-01T16:36:11.179-0500] {logging_mixin.py:190} INFO - [2025-04-01T16:36:11.178-0500] {dagbag.py:588} INFO - Filling up the DagBag from /mnt/d/Universidad/ETL/Proyecto_airflow/venv/lib/python3.12/site-packages/airflow/example_dags/example_branch_python_dop_operator_3.py
[2025-04-01T16:36:11.241-0500] {processor.py:925} INFO - DAG(s) 'example_branch_dop_operator_v3' retrieved from /mnt/d/Universidad/ETL/Proyecto_airflow/venv/lib/python3.12/site-packages/airflow/example_dags/example_branch_python_dop_operator_3.py
[2025-04-01T16:36:11.259-0500] {logging_mixin.py:190} INFO - [2025-04-01T16:36:11.258-0500] {dag.py:3239} INFO - Sync 1 DAGs
[2025-04-01T16:36:11.284-0500] {logging_mixin.py:190} INFO - [2025-04-01T16:36:11.283-0500] {dag.py:4180} INFO - Setting next_dagrun for example_branch_dop_operator_v3 to 2025-04-01 21:35:00+00:00, run_after=2025-04-01 21:36:00+00:00
[2025-04-01T16:36:11.370-0500] {processor.py:208} INFO - Processing /mnt/d/Universidad/ETL/Proyecto_airflow/venv/lib/python3.12/site-packages/airflow/example_dags/example_branch_python_dop_operator_3.py took 0.203 seconds
[2025-04-01T16:37:41.737-0500] {processor.py:186} INFO - Started process (PID=5041) to work on /mnt/d/Universidad/ETL/Proyecto_airflow/venv/lib/python3.12/site-packages/airflow/example_dags/example_branch_python_dop_operator_3.py
[2025-04-01T16:37:41.738-0500] {processor.py:914} INFO - Processing file /mnt/d/Universidad/ETL/Proyecto_airflow/venv/lib/python3.12/site-packages/airflow/example_dags/example_branch_python_dop_operator_3.py for tasks to queue
[2025-04-01T16:37:41.740-0500] {logging_mixin.py:190} INFO - [2025-04-01T16:37:41.739-0500] {dagbag.py:588} INFO - Filling up the DagBag from /mnt/d/Universidad/ETL/Proyecto_airflow/venv/lib/python3.12/site-packages/airflow/example_dags/example_branch_python_dop_operator_3.py
[2025-04-01T16:37:41.799-0500] {processor.py:925} INFO - DAG(s) 'example_branch_dop_operator_v3' retrieved from /mnt/d/Universidad/ETL/Proyecto_airflow/venv/lib/python3.12/site-packages/airflow/example_dags/example_branch_python_dop_operator_3.py
[2025-04-01T16:37:41.819-0500] {logging_mixin.py:190} INFO - [2025-04-01T16:37:41.818-0500] {dag.py:3239} INFO - Sync 1 DAGs
[2025-04-01T16:37:41.845-0500] {logging_mixin.py:190} INFO - [2025-04-01T16:37:41.844-0500] {dag.py:4180} INFO - Setting next_dagrun for example_branch_dop_operator_v3 to 2025-04-01 21:36:00+00:00, run_after=2025-04-01 21:37:00+00:00
[2025-04-01T16:37:41.948-0500] {processor.py:208} INFO - Processing /mnt/d/Universidad/ETL/Proyecto_airflow/venv/lib/python3.12/site-packages/airflow/example_dags/example_branch_python_dop_operator_3.py took 0.220 seconds
[2025-04-01T16:39:14.386-0500] {processor.py:186} INFO - Started process (PID=5111) to work on /mnt/d/Universidad/ETL/Proyecto_airflow/venv/lib/python3.12/site-packages/airflow/example_dags/example_branch_python_dop_operator_3.py
[2025-04-01T16:39:14.387-0500] {processor.py:914} INFO - Processing file /mnt/d/Universidad/ETL/Proyecto_airflow/venv/lib/python3.12/site-packages/airflow/example_dags/example_branch_python_dop_operator_3.py for tasks to queue
[2025-04-01T16:39:14.390-0500] {logging_mixin.py:190} INFO - [2025-04-01T16:39:14.389-0500] {dagbag.py:588} INFO - Filling up the DagBag from /mnt/d/Universidad/ETL/Proyecto_airflow/venv/lib/python3.12/site-packages/airflow/example_dags/example_branch_python_dop_operator_3.py
[2025-04-01T16:39:14.448-0500] {processor.py:925} INFO - DAG(s) 'example_branch_dop_operator_v3' retrieved from /mnt/d/Universidad/ETL/Proyecto_airflow/venv/lib/python3.12/site-packages/airflow/example_dags/example_branch_python_dop_operator_3.py
[2025-04-01T16:39:14.466-0500] {logging_mixin.py:190} INFO - [2025-04-01T16:39:14.465-0500] {dag.py:3239} INFO - Sync 1 DAGs
[2025-04-01T16:39:14.490-0500] {logging_mixin.py:190} INFO - [2025-04-01T16:39:14.490-0500] {dag.py:4180} INFO - Setting next_dagrun for example_branch_dop_operator_v3 to 2025-04-01 21:38:00+00:00, run_after=2025-04-01 21:39:00+00:00
[2025-04-01T16:39:14.592-0500] {processor.py:208} INFO - Processing /mnt/d/Universidad/ETL/Proyecto_airflow/venv/lib/python3.12/site-packages/airflow/example_dags/example_branch_python_dop_operator_3.py took 0.214 seconds
[2025-04-01T16:40:51.398-0500] {processor.py:186} INFO - Started process (PID=5184) to work on /mnt/d/Universidad/ETL/Proyecto_airflow/venv/lib/python3.12/site-packages/airflow/example_dags/example_branch_python_dop_operator_3.py
[2025-04-01T16:40:51.400-0500] {processor.py:914} INFO - Processing file /mnt/d/Universidad/ETL/Proyecto_airflow/venv/lib/python3.12/site-packages/airflow/example_dags/example_branch_python_dop_operator_3.py for tasks to queue
[2025-04-01T16:40:51.402-0500] {logging_mixin.py:190} INFO - [2025-04-01T16:40:51.401-0500] {dagbag.py:588} INFO - Filling up the DagBag from /mnt/d/Universidad/ETL/Proyecto_airflow/venv/lib/python3.12/site-packages/airflow/example_dags/example_branch_python_dop_operator_3.py
[2025-04-01T16:40:51.462-0500] {processor.py:925} INFO - DAG(s) 'example_branch_dop_operator_v3' retrieved from /mnt/d/Universidad/ETL/Proyecto_airflow/venv/lib/python3.12/site-packages/airflow/example_dags/example_branch_python_dop_operator_3.py
[2025-04-01T16:40:51.483-0500] {logging_mixin.py:190} INFO - [2025-04-01T16:40:51.482-0500] {dag.py:3239} INFO - Sync 1 DAGs
[2025-04-01T16:40:51.509-0500] {logging_mixin.py:190} INFO - [2025-04-01T16:40:51.508-0500] {dag.py:4180} INFO - Setting next_dagrun for example_branch_dop_operator_v3 to 2025-04-01 21:39:00+00:00, run_after=2025-04-01 21:40:00+00:00
[2025-04-01T16:40:51.616-0500] {processor.py:208} INFO - Processing /mnt/d/Universidad/ETL/Proyecto_airflow/venv/lib/python3.12/site-packages/airflow/example_dags/example_branch_python_dop_operator_3.py took 0.225 seconds
[2025-04-01T16:42:29.072-0500] {processor.py:186} INFO - Started process (PID=5257) to work on /mnt/d/Universidad/ETL/Proyecto_airflow/venv/lib/python3.12/site-packages/airflow/example_dags/example_branch_python_dop_operator_3.py
[2025-04-01T16:42:29.073-0500] {processor.py:914} INFO - Processing file /mnt/d/Universidad/ETL/Proyecto_airflow/venv/lib/python3.12/site-packages/airflow/example_dags/example_branch_python_dop_operator_3.py for tasks to queue
[2025-04-01T16:42:29.076-0500] {logging_mixin.py:190} INFO - [2025-04-01T16:42:29.075-0500] {dagbag.py:588} INFO - Filling up the DagBag from /mnt/d/Universidad/ETL/Proyecto_airflow/venv/lib/python3.12/site-packages/airflow/example_dags/example_branch_python_dop_operator_3.py
[2025-04-01T16:42:29.136-0500] {processor.py:925} INFO - DAG(s) 'example_branch_dop_operator_v3' retrieved from /mnt/d/Universidad/ETL/Proyecto_airflow/venv/lib/python3.12/site-packages/airflow/example_dags/example_branch_python_dop_operator_3.py
[2025-04-01T16:42:29.155-0500] {logging_mixin.py:190} INFO - [2025-04-01T16:42:29.155-0500] {dag.py:3239} INFO - Sync 1 DAGs
[2025-04-01T16:42:29.182-0500] {logging_mixin.py:190} INFO - [2025-04-01T16:42:29.181-0500] {dag.py:4180} INFO - Setting next_dagrun for example_branch_dop_operator_v3 to 2025-04-01 21:41:00+00:00, run_after=2025-04-01 21:42:00+00:00
[2025-04-01T16:42:29.295-0500] {processor.py:208} INFO - Processing /mnt/d/Universidad/ETL/Proyecto_airflow/venv/lib/python3.12/site-packages/airflow/example_dags/example_branch_python_dop_operator_3.py took 0.230 seconds
[2025-04-01T16:44:01.239-0500] {processor.py:186} INFO - Started process (PID=5327) to work on /mnt/d/Universidad/ETL/Proyecto_airflow/venv/lib/python3.12/site-packages/airflow/example_dags/example_branch_python_dop_operator_3.py
[2025-04-01T16:44:01.240-0500] {processor.py:914} INFO - Processing file /mnt/d/Universidad/ETL/Proyecto_airflow/venv/lib/python3.12/site-packages/airflow/example_dags/example_branch_python_dop_operator_3.py for tasks to queue
[2025-04-01T16:44:01.243-0500] {logging_mixin.py:190} INFO - [2025-04-01T16:44:01.242-0500] {dagbag.py:588} INFO - Filling up the DagBag from /mnt/d/Universidad/ETL/Proyecto_airflow/venv/lib/python3.12/site-packages/airflow/example_dags/example_branch_python_dop_operator_3.py
[2025-04-01T16:44:01.301-0500] {processor.py:925} INFO - DAG(s) 'example_branch_dop_operator_v3' retrieved from /mnt/d/Universidad/ETL/Proyecto_airflow/venv/lib/python3.12/site-packages/airflow/example_dags/example_branch_python_dop_operator_3.py
[2025-04-01T16:44:01.318-0500] {logging_mixin.py:190} INFO - [2025-04-01T16:44:01.317-0500] {dag.py:3239} INFO - Sync 1 DAGs
[2025-04-01T16:44:01.343-0500] {logging_mixin.py:190} INFO - [2025-04-01T16:44:01.342-0500] {dag.py:4180} INFO - Setting next_dagrun for example_branch_dop_operator_v3 to 2025-04-01 21:43:00+00:00, run_after=2025-04-01 21:44:00+00:00
[2025-04-01T16:44:01.432-0500] {processor.py:208} INFO - Processing /mnt/d/Universidad/ETL/Proyecto_airflow/venv/lib/python3.12/site-packages/airflow/example_dags/example_branch_python_dop_operator_3.py took 0.200 seconds
[2025-04-01T16:45:34.366-0500] {processor.py:186} INFO - Started process (PID=5398) to work on /mnt/d/Universidad/ETL/Proyecto_airflow/venv/lib/python3.12/site-packages/airflow/example_dags/example_branch_python_dop_operator_3.py
[2025-04-01T16:45:34.367-0500] {processor.py:914} INFO - Processing file /mnt/d/Universidad/ETL/Proyecto_airflow/venv/lib/python3.12/site-packages/airflow/example_dags/example_branch_python_dop_operator_3.py for tasks to queue
[2025-04-01T16:45:34.369-0500] {logging_mixin.py:190} INFO - [2025-04-01T16:45:34.368-0500] {dagbag.py:588} INFO - Filling up the DagBag from /mnt/d/Universidad/ETL/Proyecto_airflow/venv/lib/python3.12/site-packages/airflow/example_dags/example_branch_python_dop_operator_3.py
[2025-04-01T16:45:34.426-0500] {processor.py:925} INFO - DAG(s) 'example_branch_dop_operator_v3' retrieved from /mnt/d/Universidad/ETL/Proyecto_airflow/venv/lib/python3.12/site-packages/airflow/example_dags/example_branch_python_dop_operator_3.py
[2025-04-01T16:45:34.443-0500] {logging_mixin.py:190} INFO - [2025-04-01T16:45:34.443-0500] {dag.py:3239} INFO - Sync 1 DAGs
[2025-04-01T16:45:34.468-0500] {logging_mixin.py:190} INFO - [2025-04-01T16:45:34.467-0500] {dag.py:4180} INFO - Setting next_dagrun for example_branch_dop_operator_v3 to 2025-04-01 21:44:00+00:00, run_after=2025-04-01 21:45:00+00:00
[2025-04-01T16:45:34.566-0500] {processor.py:208} INFO - Processing /mnt/d/Universidad/ETL/Proyecto_airflow/venv/lib/python3.12/site-packages/airflow/example_dags/example_branch_python_dop_operator_3.py took 0.208 seconds
[2025-04-01T16:47:16.087-0500] {processor.py:186} INFO - Started process (PID=5472) to work on /mnt/d/Universidad/ETL/Proyecto_airflow/venv/lib/python3.12/site-packages/airflow/example_dags/example_branch_python_dop_operator_3.py
[2025-04-01T16:47:16.088-0500] {processor.py:914} INFO - Processing file /mnt/d/Universidad/ETL/Proyecto_airflow/venv/lib/python3.12/site-packages/airflow/example_dags/example_branch_python_dop_operator_3.py for tasks to queue
[2025-04-01T16:47:16.090-0500] {logging_mixin.py:190} INFO - [2025-04-01T16:47:16.090-0500] {dagbag.py:588} INFO - Filling up the DagBag from /mnt/d/Universidad/ETL/Proyecto_airflow/venv/lib/python3.12/site-packages/airflow/example_dags/example_branch_python_dop_operator_3.py
[2025-04-01T16:47:16.147-0500] {processor.py:925} INFO - DAG(s) 'example_branch_dop_operator_v3' retrieved from /mnt/d/Universidad/ETL/Proyecto_airflow/venv/lib/python3.12/site-packages/airflow/example_dags/example_branch_python_dop_operator_3.py
[2025-04-01T16:47:16.164-0500] {logging_mixin.py:190} INFO - [2025-04-01T16:47:16.163-0500] {dag.py:3239} INFO - Sync 1 DAGs
[2025-04-01T16:47:16.188-0500] {logging_mixin.py:190} INFO - [2025-04-01T16:47:16.187-0500] {dag.py:4180} INFO - Setting next_dagrun for example_branch_dop_operator_v3 to 2025-04-01 21:46:00+00:00, run_after=2025-04-01 21:47:00+00:00
[2025-04-01T16:47:16.257-0500] {processor.py:208} INFO - Processing /mnt/d/Universidad/ETL/Proyecto_airflow/venv/lib/python3.12/site-packages/airflow/example_dags/example_branch_python_dop_operator_3.py took 0.178 seconds
[2025-04-01T16:48:45.127-0500] {processor.py:186} INFO - Started process (PID=5541) to work on /mnt/d/Universidad/ETL/Proyecto_airflow/venv/lib/python3.12/site-packages/airflow/example_dags/example_branch_python_dop_operator_3.py
[2025-04-01T16:48:45.128-0500] {processor.py:914} INFO - Processing file /mnt/d/Universidad/ETL/Proyecto_airflow/venv/lib/python3.12/site-packages/airflow/example_dags/example_branch_python_dop_operator_3.py for tasks to queue
[2025-04-01T16:48:45.131-0500] {logging_mixin.py:190} INFO - [2025-04-01T16:48:45.130-0500] {dagbag.py:588} INFO - Filling up the DagBag from /mnt/d/Universidad/ETL/Proyecto_airflow/venv/lib/python3.12/site-packages/airflow/example_dags/example_branch_python_dop_operator_3.py
[2025-04-01T16:48:45.187-0500] {processor.py:925} INFO - DAG(s) 'example_branch_dop_operator_v3' retrieved from /mnt/d/Universidad/ETL/Proyecto_airflow/venv/lib/python3.12/site-packages/airflow/example_dags/example_branch_python_dop_operator_3.py
[2025-04-01T16:48:45.206-0500] {logging_mixin.py:190} INFO - [2025-04-01T16:48:45.205-0500] {dag.py:3239} INFO - Sync 1 DAGs
[2025-04-01T16:48:45.231-0500] {logging_mixin.py:190} INFO - [2025-04-01T16:48:45.230-0500] {dag.py:4180} INFO - Setting next_dagrun for example_branch_dop_operator_v3 to 2025-04-01 21:47:00+00:00, run_after=2025-04-01 21:48:00+00:00
[2025-04-01T16:48:45.309-0500] {processor.py:208} INFO - Processing /mnt/d/Universidad/ETL/Proyecto_airflow/venv/lib/python3.12/site-packages/airflow/example_dags/example_branch_python_dop_operator_3.py took 0.190 seconds
[2025-04-01T16:50:14.242-0500] {processor.py:186} INFO - Started process (PID=5610) to work on /mnt/d/Universidad/ETL/Proyecto_airflow/venv/lib/python3.12/site-packages/airflow/example_dags/example_branch_python_dop_operator_3.py
[2025-04-01T16:50:14.243-0500] {processor.py:914} INFO - Processing file /mnt/d/Universidad/ETL/Proyecto_airflow/venv/lib/python3.12/site-packages/airflow/example_dags/example_branch_python_dop_operator_3.py for tasks to queue
[2025-04-01T16:50:14.245-0500] {logging_mixin.py:190} INFO - [2025-04-01T16:50:14.244-0500] {dagbag.py:588} INFO - Filling up the DagBag from /mnt/d/Universidad/ETL/Proyecto_airflow/venv/lib/python3.12/site-packages/airflow/example_dags/example_branch_python_dop_operator_3.py
[2025-04-01T16:50:14.303-0500] {processor.py:925} INFO - DAG(s) 'example_branch_dop_operator_v3' retrieved from /mnt/d/Universidad/ETL/Proyecto_airflow/venv/lib/python3.12/site-packages/airflow/example_dags/example_branch_python_dop_operator_3.py
[2025-04-01T16:50:14.320-0500] {logging_mixin.py:190} INFO - [2025-04-01T16:50:14.319-0500] {dag.py:3239} INFO - Sync 1 DAGs
[2025-04-01T16:50:14.344-0500] {logging_mixin.py:190} INFO - [2025-04-01T16:50:14.343-0500] {dag.py:4180} INFO - Setting next_dagrun for example_branch_dop_operator_v3 to 2025-04-01 21:49:00+00:00, run_after=2025-04-01 21:50:00+00:00
[2025-04-01T16:50:14.443-0500] {processor.py:208} INFO - Processing /mnt/d/Universidad/ETL/Proyecto_airflow/venv/lib/python3.12/site-packages/airflow/example_dags/example_branch_python_dop_operator_3.py took 0.209 seconds
[2025-04-01T16:51:54.352-0500] {processor.py:186} INFO - Started process (PID=5684) to work on /mnt/d/Universidad/ETL/Proyecto_airflow/venv/lib/python3.12/site-packages/airflow/example_dags/example_branch_python_dop_operator_3.py
[2025-04-01T16:51:54.353-0500] {processor.py:914} INFO - Processing file /mnt/d/Universidad/ETL/Proyecto_airflow/venv/lib/python3.12/site-packages/airflow/example_dags/example_branch_python_dop_operator_3.py for tasks to queue
[2025-04-01T16:51:54.355-0500] {logging_mixin.py:190} INFO - [2025-04-01T16:51:54.354-0500] {dagbag.py:588} INFO - Filling up the DagBag from /mnt/d/Universidad/ETL/Proyecto_airflow/venv/lib/python3.12/site-packages/airflow/example_dags/example_branch_python_dop_operator_3.py
[2025-04-01T16:51:54.412-0500] {processor.py:925} INFO - DAG(s) 'example_branch_dop_operator_v3' retrieved from /mnt/d/Universidad/ETL/Proyecto_airflow/venv/lib/python3.12/site-packages/airflow/example_dags/example_branch_python_dop_operator_3.py
[2025-04-01T16:51:54.429-0500] {logging_mixin.py:190} INFO - [2025-04-01T16:51:54.428-0500] {dag.py:3239} INFO - Sync 1 DAGs
[2025-04-01T16:51:54.453-0500] {logging_mixin.py:190} INFO - [2025-04-01T16:51:54.452-0500] {dag.py:4180} INFO - Setting next_dagrun for example_branch_dop_operator_v3 to 2025-04-01 21:50:00+00:00, run_after=2025-04-01 21:51:00+00:00
[2025-04-01T16:51:54.547-0500] {processor.py:208} INFO - Processing /mnt/d/Universidad/ETL/Proyecto_airflow/venv/lib/python3.12/site-packages/airflow/example_dags/example_branch_python_dop_operator_3.py took 0.203 seconds
[2025-04-01T16:53:28.444-0500] {processor.py:186} INFO - Started process (PID=5756) to work on /mnt/d/Universidad/ETL/Proyecto_airflow/venv/lib/python3.12/site-packages/airflow/example_dags/example_branch_python_dop_operator_3.py
[2025-04-01T16:53:28.445-0500] {processor.py:914} INFO - Processing file /mnt/d/Universidad/ETL/Proyecto_airflow/venv/lib/python3.12/site-packages/airflow/example_dags/example_branch_python_dop_operator_3.py for tasks to queue
[2025-04-01T16:53:28.447-0500] {logging_mixin.py:190} INFO - [2025-04-01T16:53:28.446-0500] {dagbag.py:588} INFO - Filling up the DagBag from /mnt/d/Universidad/ETL/Proyecto_airflow/venv/lib/python3.12/site-packages/airflow/example_dags/example_branch_python_dop_operator_3.py
[2025-04-01T16:53:28.504-0500] {processor.py:925} INFO - DAG(s) 'example_branch_dop_operator_v3' retrieved from /mnt/d/Universidad/ETL/Proyecto_airflow/venv/lib/python3.12/site-packages/airflow/example_dags/example_branch_python_dop_operator_3.py
[2025-04-01T16:53:28.521-0500] {logging_mixin.py:190} INFO - [2025-04-01T16:53:28.521-0500] {dag.py:3239} INFO - Sync 1 DAGs
[2025-04-01T16:53:28.546-0500] {logging_mixin.py:190} INFO - [2025-04-01T16:53:28.545-0500] {dag.py:4180} INFO - Setting next_dagrun for example_branch_dop_operator_v3 to 2025-04-01 21:52:00+00:00, run_after=2025-04-01 21:53:00+00:00
[2025-04-01T16:53:28.654-0500] {processor.py:208} INFO - Processing /mnt/d/Universidad/ETL/Proyecto_airflow/venv/lib/python3.12/site-packages/airflow/example_dags/example_branch_python_dop_operator_3.py took 0.218 seconds
[2025-04-01T16:55:03.518-0500] {processor.py:186} INFO - Started process (PID=5828) to work on /mnt/d/Universidad/ETL/Proyecto_airflow/venv/lib/python3.12/site-packages/airflow/example_dags/example_branch_python_dop_operator_3.py
[2025-04-01T16:55:03.519-0500] {processor.py:914} INFO - Processing file /mnt/d/Universidad/ETL/Proyecto_airflow/venv/lib/python3.12/site-packages/airflow/example_dags/example_branch_python_dop_operator_3.py for tasks to queue
[2025-04-01T16:55:03.522-0500] {logging_mixin.py:190} INFO - [2025-04-01T16:55:03.521-0500] {dagbag.py:588} INFO - Filling up the DagBag from /mnt/d/Universidad/ETL/Proyecto_airflow/venv/lib/python3.12/site-packages/airflow/example_dags/example_branch_python_dop_operator_3.py
[2025-04-01T16:55:03.580-0500] {processor.py:925} INFO - DAG(s) 'example_branch_dop_operator_v3' retrieved from /mnt/d/Universidad/ETL/Proyecto_airflow/venv/lib/python3.12/site-packages/airflow/example_dags/example_branch_python_dop_operator_3.py
[2025-04-01T16:55:03.598-0500] {logging_mixin.py:190} INFO - [2025-04-01T16:55:03.598-0500] {dag.py:3239} INFO - Sync 1 DAGs
[2025-04-01T16:55:03.623-0500] {logging_mixin.py:190} INFO - [2025-04-01T16:55:03.622-0500] {dag.py:4180} INFO - Setting next_dagrun for example_branch_dop_operator_v3 to 2025-04-01 21:54:00+00:00, run_after=2025-04-01 21:55:00+00:00
[2025-04-01T16:55:03.721-0500] {processor.py:208} INFO - Processing /mnt/d/Universidad/ETL/Proyecto_airflow/venv/lib/python3.12/site-packages/airflow/example_dags/example_branch_python_dop_operator_3.py took 0.211 seconds
[2025-04-01T16:56:38.944-0500] {processor.py:186} INFO - Started process (PID=5899) to work on /mnt/d/Universidad/ETL/Proyecto_airflow/venv/lib/python3.12/site-packages/airflow/example_dags/example_branch_python_dop_operator_3.py
[2025-04-01T16:56:38.945-0500] {processor.py:914} INFO - Processing file /mnt/d/Universidad/ETL/Proyecto_airflow/venv/lib/python3.12/site-packages/airflow/example_dags/example_branch_python_dop_operator_3.py for tasks to queue
[2025-04-01T16:56:38.947-0500] {logging_mixin.py:190} INFO - [2025-04-01T16:56:38.946-0500] {dagbag.py:588} INFO - Filling up the DagBag from /mnt/d/Universidad/ETL/Proyecto_airflow/venv/lib/python3.12/site-packages/airflow/example_dags/example_branch_python_dop_operator_3.py
[2025-04-01T16:56:39.009-0500] {processor.py:925} INFO - DAG(s) 'example_branch_dop_operator_v3' retrieved from /mnt/d/Universidad/ETL/Proyecto_airflow/venv/lib/python3.12/site-packages/airflow/example_dags/example_branch_python_dop_operator_3.py
[2025-04-01T16:56:39.027-0500] {logging_mixin.py:190} INFO - [2025-04-01T16:56:39.026-0500] {dag.py:3239} INFO - Sync 1 DAGs
[2025-04-01T16:56:39.053-0500] {logging_mixin.py:190} INFO - [2025-04-01T16:56:39.052-0500] {dag.py:4180} INFO - Setting next_dagrun for example_branch_dop_operator_v3 to 2025-04-01 21:55:00+00:00, run_after=2025-04-01 21:56:00+00:00
[2025-04-01T16:56:39.153-0500] {processor.py:208} INFO - Processing /mnt/d/Universidad/ETL/Proyecto_airflow/venv/lib/python3.12/site-packages/airflow/example_dags/example_branch_python_dop_operator_3.py took 0.217 seconds
[2025-04-01T16:58:08.334-0500] {processor.py:186} INFO - Started process (PID=5969) to work on /mnt/d/Universidad/ETL/Proyecto_airflow/venv/lib/python3.12/site-packages/airflow/example_dags/example_branch_python_dop_operator_3.py
[2025-04-01T16:58:08.335-0500] {processor.py:914} INFO - Processing file /mnt/d/Universidad/ETL/Proyecto_airflow/venv/lib/python3.12/site-packages/airflow/example_dags/example_branch_python_dop_operator_3.py for tasks to queue
[2025-04-01T16:58:08.337-0500] {logging_mixin.py:190} INFO - [2025-04-01T16:58:08.336-0500] {dagbag.py:588} INFO - Filling up the DagBag from /mnt/d/Universidad/ETL/Proyecto_airflow/venv/lib/python3.12/site-packages/airflow/example_dags/example_branch_python_dop_operator_3.py
[2025-04-01T16:58:08.395-0500] {processor.py:925} INFO - DAG(s) 'example_branch_dop_operator_v3' retrieved from /mnt/d/Universidad/ETL/Proyecto_airflow/venv/lib/python3.12/site-packages/airflow/example_dags/example_branch_python_dop_operator_3.py
[2025-04-01T16:58:08.412-0500] {logging_mixin.py:190} INFO - [2025-04-01T16:58:08.412-0500] {dag.py:3239} INFO - Sync 1 DAGs
[2025-04-01T16:58:08.436-0500] {logging_mixin.py:190} INFO - [2025-04-01T16:58:08.435-0500] {dag.py:4180} INFO - Setting next_dagrun for example_branch_dop_operator_v3 to 2025-04-01 21:57:00+00:00, run_after=2025-04-01 21:58:00+00:00
[2025-04-01T16:58:08.536-0500] {processor.py:208} INFO - Processing /mnt/d/Universidad/ETL/Proyecto_airflow/venv/lib/python3.12/site-packages/airflow/example_dags/example_branch_python_dop_operator_3.py took 0.209 seconds
[2025-04-01T16:59:44.666-0500] {processor.py:186} INFO - Started process (PID=6040) to work on /mnt/d/Universidad/ETL/Proyecto_airflow/venv/lib/python3.12/site-packages/airflow/example_dags/example_branch_python_dop_operator_3.py
[2025-04-01T16:59:44.667-0500] {processor.py:914} INFO - Processing file /mnt/d/Universidad/ETL/Proyecto_airflow/venv/lib/python3.12/site-packages/airflow/example_dags/example_branch_python_dop_operator_3.py for tasks to queue
[2025-04-01T16:59:44.669-0500] {logging_mixin.py:190} INFO - [2025-04-01T16:59:44.669-0500] {dagbag.py:588} INFO - Filling up the DagBag from /mnt/d/Universidad/ETL/Proyecto_airflow/venv/lib/python3.12/site-packages/airflow/example_dags/example_branch_python_dop_operator_3.py
[2025-04-01T16:59:44.728-0500] {processor.py:925} INFO - DAG(s) 'example_branch_dop_operator_v3' retrieved from /mnt/d/Universidad/ETL/Proyecto_airflow/venv/lib/python3.12/site-packages/airflow/example_dags/example_branch_python_dop_operator_3.py
[2025-04-01T16:59:44.747-0500] {logging_mixin.py:190} INFO - [2025-04-01T16:59:44.746-0500] {dag.py:3239} INFO - Sync 1 DAGs
[2025-04-01T16:59:44.773-0500] {logging_mixin.py:190} INFO - [2025-04-01T16:59:44.772-0500] {dag.py:4180} INFO - Setting next_dagrun for example_branch_dop_operator_v3 to 2025-04-01 21:58:00+00:00, run_after=2025-04-01 21:59:00+00:00
[2025-04-01T16:59:44.913-0500] {processor.py:208} INFO - Processing /mnt/d/Universidad/ETL/Proyecto_airflow/venv/lib/python3.12/site-packages/airflow/example_dags/example_branch_python_dop_operator_3.py took 0.256 seconds
[2025-04-01T17:01:23.792-0500] {processor.py:186} INFO - Started process (PID=6112) to work on /mnt/d/Universidad/ETL/Proyecto_airflow/venv/lib/python3.12/site-packages/airflow/example_dags/example_branch_python_dop_operator_3.py
[2025-04-01T17:01:23.793-0500] {processor.py:914} INFO - Processing file /mnt/d/Universidad/ETL/Proyecto_airflow/venv/lib/python3.12/site-packages/airflow/example_dags/example_branch_python_dop_operator_3.py for tasks to queue
[2025-04-01T17:01:23.795-0500] {logging_mixin.py:190} INFO - [2025-04-01T17:01:23.795-0500] {dagbag.py:588} INFO - Filling up the DagBag from /mnt/d/Universidad/ETL/Proyecto_airflow/venv/lib/python3.12/site-packages/airflow/example_dags/example_branch_python_dop_operator_3.py
[2025-04-01T17:01:23.855-0500] {processor.py:925} INFO - DAG(s) 'example_branch_dop_operator_v3' retrieved from /mnt/d/Universidad/ETL/Proyecto_airflow/venv/lib/python3.12/site-packages/airflow/example_dags/example_branch_python_dop_operator_3.py
[2025-04-01T17:01:23.873-0500] {logging_mixin.py:190} INFO - [2025-04-01T17:01:23.872-0500] {dag.py:3239} INFO - Sync 1 DAGs
[2025-04-01T17:01:23.897-0500] {logging_mixin.py:190} INFO - [2025-04-01T17:01:23.897-0500] {dag.py:4180} INFO - Setting next_dagrun for example_branch_dop_operator_v3 to 2025-04-01 22:00:00+00:00, run_after=2025-04-01 22:01:00+00:00
[2025-04-01T17:01:24.005-0500] {processor.py:208} INFO - Processing /mnt/d/Universidad/ETL/Proyecto_airflow/venv/lib/python3.12/site-packages/airflow/example_dags/example_branch_python_dop_operator_3.py took 0.221 seconds
[2025-04-01T17:02:53.879-0500] {processor.py:186} INFO - Started process (PID=6182) to work on /mnt/d/Universidad/ETL/Proyecto_airflow/venv/lib/python3.12/site-packages/airflow/example_dags/example_branch_python_dop_operator_3.py
[2025-04-01T17:02:53.880-0500] {processor.py:914} INFO - Processing file /mnt/d/Universidad/ETL/Proyecto_airflow/venv/lib/python3.12/site-packages/airflow/example_dags/example_branch_python_dop_operator_3.py for tasks to queue
[2025-04-01T17:02:53.882-0500] {logging_mixin.py:190} INFO - [2025-04-01T17:02:53.882-0500] {dagbag.py:588} INFO - Filling up the DagBag from /mnt/d/Universidad/ETL/Proyecto_airflow/venv/lib/python3.12/site-packages/airflow/example_dags/example_branch_python_dop_operator_3.py
[2025-04-01T17:02:53.940-0500] {processor.py:925} INFO - DAG(s) 'example_branch_dop_operator_v3' retrieved from /mnt/d/Universidad/ETL/Proyecto_airflow/venv/lib/python3.12/site-packages/airflow/example_dags/example_branch_python_dop_operator_3.py
[2025-04-01T17:02:53.958-0500] {logging_mixin.py:190} INFO - [2025-04-01T17:02:53.957-0500] {dag.py:3239} INFO - Sync 1 DAGs
[2025-04-01T17:02:53.982-0500] {logging_mixin.py:190} INFO - [2025-04-01T17:02:53.981-0500] {dag.py:4180} INFO - Setting next_dagrun for example_branch_dop_operator_v3 to 2025-04-01 22:01:00+00:00, run_after=2025-04-01 22:02:00+00:00
[2025-04-01T17:02:54.088-0500] {processor.py:208} INFO - Processing /mnt/d/Universidad/ETL/Proyecto_airflow/venv/lib/python3.12/site-packages/airflow/example_dags/example_branch_python_dop_operator_3.py took 0.216 seconds
[2025-04-01T17:04:32.268-0500] {processor.py:186} INFO - Started process (PID=6254) to work on /mnt/d/Universidad/ETL/Proyecto_airflow/venv/lib/python3.12/site-packages/airflow/example_dags/example_branch_python_dop_operator_3.py
[2025-04-01T17:04:32.269-0500] {processor.py:914} INFO - Processing file /mnt/d/Universidad/ETL/Proyecto_airflow/venv/lib/python3.12/site-packages/airflow/example_dags/example_branch_python_dop_operator_3.py for tasks to queue
[2025-04-01T17:04:32.271-0500] {logging_mixin.py:190} INFO - [2025-04-01T17:04:32.270-0500] {dagbag.py:588} INFO - Filling up the DagBag from /mnt/d/Universidad/ETL/Proyecto_airflow/venv/lib/python3.12/site-packages/airflow/example_dags/example_branch_python_dop_operator_3.py
[2025-04-01T17:04:32.330-0500] {processor.py:925} INFO - DAG(s) 'example_branch_dop_operator_v3' retrieved from /mnt/d/Universidad/ETL/Proyecto_airflow/venv/lib/python3.12/site-packages/airflow/example_dags/example_branch_python_dop_operator_3.py
[2025-04-01T17:04:32.347-0500] {logging_mixin.py:190} INFO - [2025-04-01T17:04:32.346-0500] {dag.py:3239} INFO - Sync 1 DAGs
[2025-04-01T17:04:32.371-0500] {logging_mixin.py:190} INFO - [2025-04-01T17:04:32.371-0500] {dag.py:4180} INFO - Setting next_dagrun for example_branch_dop_operator_v3 to 2025-04-01 22:03:00+00:00, run_after=2025-04-01 22:04:00+00:00
[2025-04-01T17:04:32.471-0500] {processor.py:208} INFO - Processing /mnt/d/Universidad/ETL/Proyecto_airflow/venv/lib/python3.12/site-packages/airflow/example_dags/example_branch_python_dop_operator_3.py took 0.211 seconds
[2025-04-01T17:06:12.010-0500] {processor.py:186} INFO - Started process (PID=6325) to work on /mnt/d/Universidad/ETL/Proyecto_airflow/venv/lib/python3.12/site-packages/airflow/example_dags/example_branch_python_dop_operator_3.py
[2025-04-01T17:06:12.011-0500] {processor.py:914} INFO - Processing file /mnt/d/Universidad/ETL/Proyecto_airflow/venv/lib/python3.12/site-packages/airflow/example_dags/example_branch_python_dop_operator_3.py for tasks to queue
[2025-04-01T17:06:12.013-0500] {logging_mixin.py:190} INFO - [2025-04-01T17:06:12.012-0500] {dagbag.py:588} INFO - Filling up the DagBag from /mnt/d/Universidad/ETL/Proyecto_airflow/venv/lib/python3.12/site-packages/airflow/example_dags/example_branch_python_dop_operator_3.py
[2025-04-01T17:06:12.073-0500] {processor.py:925} INFO - DAG(s) 'example_branch_dop_operator_v3' retrieved from /mnt/d/Universidad/ETL/Proyecto_airflow/venv/lib/python3.12/site-packages/airflow/example_dags/example_branch_python_dop_operator_3.py
[2025-04-01T17:06:12.094-0500] {logging_mixin.py:190} INFO - [2025-04-01T17:06:12.093-0500] {dag.py:3239} INFO - Sync 1 DAGs
[2025-04-01T17:06:12.120-0500] {logging_mixin.py:190} INFO - [2025-04-01T17:06:12.119-0500] {dag.py:4180} INFO - Setting next_dagrun for example_branch_dop_operator_v3 to 2025-04-01 22:05:00+00:00, run_after=2025-04-01 22:06:00+00:00
[2025-04-01T17:06:12.227-0500] {processor.py:208} INFO - Processing /mnt/d/Universidad/ETL/Proyecto_airflow/venv/lib/python3.12/site-packages/airflow/example_dags/example_branch_python_dop_operator_3.py took 0.225 seconds
[2025-04-01T17:07:48.352-0500] {processor.py:186} INFO - Started process (PID=6399) to work on /mnt/d/Universidad/ETL/Proyecto_airflow/venv/lib/python3.12/site-packages/airflow/example_dags/example_branch_python_dop_operator_3.py
[2025-04-01T17:07:48.353-0500] {processor.py:914} INFO - Processing file /mnt/d/Universidad/ETL/Proyecto_airflow/venv/lib/python3.12/site-packages/airflow/example_dags/example_branch_python_dop_operator_3.py for tasks to queue
[2025-04-01T17:07:48.355-0500] {logging_mixin.py:190} INFO - [2025-04-01T17:07:48.355-0500] {dagbag.py:588} INFO - Filling up the DagBag from /mnt/d/Universidad/ETL/Proyecto_airflow/venv/lib/python3.12/site-packages/airflow/example_dags/example_branch_python_dop_operator_3.py
[2025-04-01T17:07:48.413-0500] {processor.py:925} INFO - DAG(s) 'example_branch_dop_operator_v3' retrieved from /mnt/d/Universidad/ETL/Proyecto_airflow/venv/lib/python3.12/site-packages/airflow/example_dags/example_branch_python_dop_operator_3.py
[2025-04-01T17:07:48.432-0500] {logging_mixin.py:190} INFO - [2025-04-01T17:07:48.431-0500] {dag.py:3239} INFO - Sync 1 DAGs
[2025-04-01T17:07:48.457-0500] {logging_mixin.py:190} INFO - [2025-04-01T17:07:48.457-0500] {dag.py:4180} INFO - Setting next_dagrun for example_branch_dop_operator_v3 to 2025-04-01 22:06:00+00:00, run_after=2025-04-01 22:07:00+00:00
[2025-04-01T17:07:48.561-0500] {processor.py:208} INFO - Processing /mnt/d/Universidad/ETL/Proyecto_airflow/venv/lib/python3.12/site-packages/airflow/example_dags/example_branch_python_dop_operator_3.py took 0.217 seconds
[2025-04-01T17:09:22.950-0500] {processor.py:186} INFO - Started process (PID=6471) to work on /mnt/d/Universidad/ETL/Proyecto_airflow/venv/lib/python3.12/site-packages/airflow/example_dags/example_branch_python_dop_operator_3.py
[2025-04-01T17:09:22.951-0500] {processor.py:914} INFO - Processing file /mnt/d/Universidad/ETL/Proyecto_airflow/venv/lib/python3.12/site-packages/airflow/example_dags/example_branch_python_dop_operator_3.py for tasks to queue
[2025-04-01T17:09:22.954-0500] {logging_mixin.py:190} INFO - [2025-04-01T17:09:22.953-0500] {dagbag.py:588} INFO - Filling up the DagBag from /mnt/d/Universidad/ETL/Proyecto_airflow/venv/lib/python3.12/site-packages/airflow/example_dags/example_branch_python_dop_operator_3.py
[2025-04-01T17:09:23.012-0500] {processor.py:925} INFO - DAG(s) 'example_branch_dop_operator_v3' retrieved from /mnt/d/Universidad/ETL/Proyecto_airflow/venv/lib/python3.12/site-packages/airflow/example_dags/example_branch_python_dop_operator_3.py
[2025-04-01T17:09:23.029-0500] {logging_mixin.py:190} INFO - [2025-04-01T17:09:23.028-0500] {dag.py:3239} INFO - Sync 1 DAGs
[2025-04-01T17:09:23.053-0500] {logging_mixin.py:190} INFO - [2025-04-01T17:09:23.052-0500] {dag.py:4180} INFO - Setting next_dagrun for example_branch_dop_operator_v3 to 2025-04-01 22:08:00+00:00, run_after=2025-04-01 22:09:00+00:00
[2025-04-01T17:09:23.215-0500] {processor.py:208} INFO - Processing /mnt/d/Universidad/ETL/Proyecto_airflow/venv/lib/python3.12/site-packages/airflow/example_dags/example_branch_python_dop_operator_3.py took 0.273 seconds
[2025-04-01T17:11:07.154-0500] {processor.py:186} INFO - Started process (PID=6544) to work on /mnt/d/Universidad/ETL/Proyecto_airflow/venv/lib/python3.12/site-packages/airflow/example_dags/example_branch_python_dop_operator_3.py
[2025-04-01T17:11:07.155-0500] {processor.py:914} INFO - Processing file /mnt/d/Universidad/ETL/Proyecto_airflow/venv/lib/python3.12/site-packages/airflow/example_dags/example_branch_python_dop_operator_3.py for tasks to queue
[2025-04-01T17:11:07.157-0500] {logging_mixin.py:190} INFO - [2025-04-01T17:11:07.156-0500] {dagbag.py:588} INFO - Filling up the DagBag from /mnt/d/Universidad/ETL/Proyecto_airflow/venv/lib/python3.12/site-packages/airflow/example_dags/example_branch_python_dop_operator_3.py
[2025-04-01T17:11:07.215-0500] {processor.py:925} INFO - DAG(s) 'example_branch_dop_operator_v3' retrieved from /mnt/d/Universidad/ETL/Proyecto_airflow/venv/lib/python3.12/site-packages/airflow/example_dags/example_branch_python_dop_operator_3.py
[2025-04-01T17:11:07.234-0500] {logging_mixin.py:190} INFO - [2025-04-01T17:11:07.233-0500] {dag.py:3239} INFO - Sync 1 DAGs
[2025-04-01T17:11:07.261-0500] {logging_mixin.py:190} INFO - [2025-04-01T17:11:07.261-0500] {dag.py:4180} INFO - Setting next_dagrun for example_branch_dop_operator_v3 to 2025-04-01 22:10:00+00:00, run_after=2025-04-01 22:11:00+00:00
[2025-04-01T17:11:07.364-0500] {processor.py:208} INFO - Processing /mnt/d/Universidad/ETL/Proyecto_airflow/venv/lib/python3.12/site-packages/airflow/example_dags/example_branch_python_dop_operator_3.py took 0.218 seconds
[2025-04-01T17:12:50.034-0500] {processor.py:186} INFO - Started process (PID=6619) to work on /mnt/d/Universidad/ETL/Proyecto_airflow/venv/lib/python3.12/site-packages/airflow/example_dags/example_branch_python_dop_operator_3.py
[2025-04-01T17:12:50.035-0500] {processor.py:914} INFO - Processing file /mnt/d/Universidad/ETL/Proyecto_airflow/venv/lib/python3.12/site-packages/airflow/example_dags/example_branch_python_dop_operator_3.py for tasks to queue
[2025-04-01T17:12:50.037-0500] {logging_mixin.py:190} INFO - [2025-04-01T17:12:50.036-0500] {dagbag.py:588} INFO - Filling up the DagBag from /mnt/d/Universidad/ETL/Proyecto_airflow/venv/lib/python3.12/site-packages/airflow/example_dags/example_branch_python_dop_operator_3.py
[2025-04-01T17:12:50.094-0500] {processor.py:925} INFO - DAG(s) 'example_branch_dop_operator_v3' retrieved from /mnt/d/Universidad/ETL/Proyecto_airflow/venv/lib/python3.12/site-packages/airflow/example_dags/example_branch_python_dop_operator_3.py
[2025-04-01T17:12:50.111-0500] {logging_mixin.py:190} INFO - [2025-04-01T17:12:50.110-0500] {dag.py:3239} INFO - Sync 1 DAGs
[2025-04-01T17:12:50.135-0500] {logging_mixin.py:190} INFO - [2025-04-01T17:12:50.134-0500] {dag.py:4180} INFO - Setting next_dagrun for example_branch_dop_operator_v3 to 2025-04-01 22:11:00+00:00, run_after=2025-04-01 22:12:00+00:00
[2025-04-01T17:12:50.239-0500] {processor.py:208} INFO - Processing /mnt/d/Universidad/ETL/Proyecto_airflow/venv/lib/python3.12/site-packages/airflow/example_dags/example_branch_python_dop_operator_3.py took 0.212 seconds
[2025-04-01T17:14:24.494-0500] {processor.py:186} INFO - Started process (PID=6691) to work on /mnt/d/Universidad/ETL/Proyecto_airflow/venv/lib/python3.12/site-packages/airflow/example_dags/example_branch_python_dop_operator_3.py
[2025-04-01T17:14:24.495-0500] {processor.py:914} INFO - Processing file /mnt/d/Universidad/ETL/Proyecto_airflow/venv/lib/python3.12/site-packages/airflow/example_dags/example_branch_python_dop_operator_3.py for tasks to queue
[2025-04-01T17:14:24.498-0500] {logging_mixin.py:190} INFO - [2025-04-01T17:14:24.497-0500] {dagbag.py:588} INFO - Filling up the DagBag from /mnt/d/Universidad/ETL/Proyecto_airflow/venv/lib/python3.12/site-packages/airflow/example_dags/example_branch_python_dop_operator_3.py
[2025-04-01T17:14:24.555-0500] {processor.py:925} INFO - DAG(s) 'example_branch_dop_operator_v3' retrieved from /mnt/d/Universidad/ETL/Proyecto_airflow/venv/lib/python3.12/site-packages/airflow/example_dags/example_branch_python_dop_operator_3.py
[2025-04-01T17:14:24.573-0500] {logging_mixin.py:190} INFO - [2025-04-01T17:14:24.573-0500] {dag.py:3239} INFO - Sync 1 DAGs
[2025-04-01T17:14:24.598-0500] {logging_mixin.py:190} INFO - [2025-04-01T17:14:24.597-0500] {dag.py:4180} INFO - Setting next_dagrun for example_branch_dop_operator_v3 to 2025-04-01 22:13:00+00:00, run_after=2025-04-01 22:14:00+00:00
[2025-04-01T17:14:24.719-0500] {processor.py:208} INFO - Processing /mnt/d/Universidad/ETL/Proyecto_airflow/venv/lib/python3.12/site-packages/airflow/example_dags/example_branch_python_dop_operator_3.py took 0.232 seconds
[2025-04-01T17:15:54.590-0500] {processor.py:186} INFO - Started process (PID=6761) to work on /mnt/d/Universidad/ETL/Proyecto_airflow/venv/lib/python3.12/site-packages/airflow/example_dags/example_branch_python_dop_operator_3.py
[2025-04-01T17:15:54.591-0500] {processor.py:914} INFO - Processing file /mnt/d/Universidad/ETL/Proyecto_airflow/venv/lib/python3.12/site-packages/airflow/example_dags/example_branch_python_dop_operator_3.py for tasks to queue
[2025-04-01T17:15:54.594-0500] {logging_mixin.py:190} INFO - [2025-04-01T17:15:54.593-0500] {dagbag.py:588} INFO - Filling up the DagBag from /mnt/d/Universidad/ETL/Proyecto_airflow/venv/lib/python3.12/site-packages/airflow/example_dags/example_branch_python_dop_operator_3.py
[2025-04-01T17:15:54.651-0500] {processor.py:925} INFO - DAG(s) 'example_branch_dop_operator_v3' retrieved from /mnt/d/Universidad/ETL/Proyecto_airflow/venv/lib/python3.12/site-packages/airflow/example_dags/example_branch_python_dop_operator_3.py
[2025-04-01T17:15:54.668-0500] {logging_mixin.py:190} INFO - [2025-04-01T17:15:54.667-0500] {dag.py:3239} INFO - Sync 1 DAGs
[2025-04-01T17:15:54.692-0500] {logging_mixin.py:190} INFO - [2025-04-01T17:15:54.691-0500] {dag.py:4180} INFO - Setting next_dagrun for example_branch_dop_operator_v3 to 2025-04-01 22:14:00+00:00, run_after=2025-04-01 22:15:00+00:00
[2025-04-01T17:15:54.800-0500] {processor.py:208} INFO - Processing /mnt/d/Universidad/ETL/Proyecto_airflow/venv/lib/python3.12/site-packages/airflow/example_dags/example_branch_python_dop_operator_3.py took 0.218 seconds
[2025-04-01T17:17:32.648-0500] {processor.py:186} INFO - Started process (PID=6836) to work on /mnt/d/Universidad/ETL/Proyecto_airflow/venv/lib/python3.12/site-packages/airflow/example_dags/example_branch_python_dop_operator_3.py
[2025-04-01T17:17:32.649-0500] {processor.py:914} INFO - Processing file /mnt/d/Universidad/ETL/Proyecto_airflow/venv/lib/python3.12/site-packages/airflow/example_dags/example_branch_python_dop_operator_3.py for tasks to queue
[2025-04-01T17:17:32.652-0500] {logging_mixin.py:190} INFO - [2025-04-01T17:17:32.651-0500] {dagbag.py:588} INFO - Filling up the DagBag from /mnt/d/Universidad/ETL/Proyecto_airflow/venv/lib/python3.12/site-packages/airflow/example_dags/example_branch_python_dop_operator_3.py
[2025-04-01T17:17:32.709-0500] {processor.py:925} INFO - DAG(s) 'example_branch_dop_operator_v3' retrieved from /mnt/d/Universidad/ETL/Proyecto_airflow/venv/lib/python3.12/site-packages/airflow/example_dags/example_branch_python_dop_operator_3.py
[2025-04-01T17:17:32.727-0500] {logging_mixin.py:190} INFO - [2025-04-01T17:17:32.726-0500] {dag.py:3239} INFO - Sync 1 DAGs
[2025-04-01T17:17:32.751-0500] {logging_mixin.py:190} INFO - [2025-04-01T17:17:32.750-0500] {dag.py:4180} INFO - Setting next_dagrun for example_branch_dop_operator_v3 to 2025-04-01 22:16:00+00:00, run_after=2025-04-01 22:17:00+00:00
[2025-04-01T17:17:32.870-0500] {processor.py:208} INFO - Processing /mnt/d/Universidad/ETL/Proyecto_airflow/venv/lib/python3.12/site-packages/airflow/example_dags/example_branch_python_dop_operator_3.py took 0.229 seconds
[2025-04-01T17:19:12.691-0500] {processor.py:186} INFO - Started process (PID=6909) to work on /mnt/d/Universidad/ETL/Proyecto_airflow/venv/lib/python3.12/site-packages/airflow/example_dags/example_branch_python_dop_operator_3.py
[2025-04-01T17:19:12.692-0500] {processor.py:914} INFO - Processing file /mnt/d/Universidad/ETL/Proyecto_airflow/venv/lib/python3.12/site-packages/airflow/example_dags/example_branch_python_dop_operator_3.py for tasks to queue
[2025-04-01T17:19:12.694-0500] {logging_mixin.py:190} INFO - [2025-04-01T17:19:12.693-0500] {dagbag.py:588} INFO - Filling up the DagBag from /mnt/d/Universidad/ETL/Proyecto_airflow/venv/lib/python3.12/site-packages/airflow/example_dags/example_branch_python_dop_operator_3.py
[2025-04-01T17:19:12.752-0500] {processor.py:925} INFO - DAG(s) 'example_branch_dop_operator_v3' retrieved from /mnt/d/Universidad/ETL/Proyecto_airflow/venv/lib/python3.12/site-packages/airflow/example_dags/example_branch_python_dop_operator_3.py
[2025-04-01T17:19:12.769-0500] {logging_mixin.py:190} INFO - [2025-04-01T17:19:12.768-0500] {dag.py:3239} INFO - Sync 1 DAGs
[2025-04-01T17:19:12.793-0500] {logging_mixin.py:190} INFO - [2025-04-01T17:19:12.792-0500] {dag.py:4180} INFO - Setting next_dagrun for example_branch_dop_operator_v3 to 2025-04-01 22:18:00+00:00, run_after=2025-04-01 22:19:00+00:00
[2025-04-01T17:19:12.887-0500] {processor.py:208} INFO - Processing /mnt/d/Universidad/ETL/Proyecto_airflow/venv/lib/python3.12/site-packages/airflow/example_dags/example_branch_python_dop_operator_3.py took 0.204 seconds
[2025-04-01T17:20:54.708-0500] {processor.py:186} INFO - Started process (PID=6982) to work on /mnt/d/Universidad/ETL/Proyecto_airflow/venv/lib/python3.12/site-packages/airflow/example_dags/example_branch_python_dop_operator_3.py
[2025-04-01T17:20:54.709-0500] {processor.py:914} INFO - Processing file /mnt/d/Universidad/ETL/Proyecto_airflow/venv/lib/python3.12/site-packages/airflow/example_dags/example_branch_python_dop_operator_3.py for tasks to queue
[2025-04-01T17:20:54.711-0500] {logging_mixin.py:190} INFO - [2025-04-01T17:20:54.710-0500] {dagbag.py:588} INFO - Filling up the DagBag from /mnt/d/Universidad/ETL/Proyecto_airflow/venv/lib/python3.12/site-packages/airflow/example_dags/example_branch_python_dop_operator_3.py
[2025-04-01T17:20:54.769-0500] {processor.py:925} INFO - DAG(s) 'example_branch_dop_operator_v3' retrieved from /mnt/d/Universidad/ETL/Proyecto_airflow/venv/lib/python3.12/site-packages/airflow/example_dags/example_branch_python_dop_operator_3.py
[2025-04-01T17:20:54.787-0500] {logging_mixin.py:190} INFO - [2025-04-01T17:20:54.786-0500] {dag.py:3239} INFO - Sync 1 DAGs
[2025-04-01T17:20:54.812-0500] {logging_mixin.py:190} INFO - [2025-04-01T17:20:54.811-0500] {dag.py:4180} INFO - Setting next_dagrun for example_branch_dop_operator_v3 to 2025-04-01 22:19:00+00:00, run_after=2025-04-01 22:20:00+00:00
[2025-04-01T17:20:54.912-0500] {processor.py:208} INFO - Processing /mnt/d/Universidad/ETL/Proyecto_airflow/venv/lib/python3.12/site-packages/airflow/example_dags/example_branch_python_dop_operator_3.py took 0.212 seconds
[2025-04-01T17:22:36.682-0500] {processor.py:186} INFO - Started process (PID=7056) to work on /mnt/d/Universidad/ETL/Proyecto_airflow/venv/lib/python3.12/site-packages/airflow/example_dags/example_branch_python_dop_operator_3.py
[2025-04-01T17:22:36.683-0500] {processor.py:914} INFO - Processing file /mnt/d/Universidad/ETL/Proyecto_airflow/venv/lib/python3.12/site-packages/airflow/example_dags/example_branch_python_dop_operator_3.py for tasks to queue
[2025-04-01T17:22:36.685-0500] {logging_mixin.py:190} INFO - [2025-04-01T17:22:36.684-0500] {dagbag.py:588} INFO - Filling up the DagBag from /mnt/d/Universidad/ETL/Proyecto_airflow/venv/lib/python3.12/site-packages/airflow/example_dags/example_branch_python_dop_operator_3.py
[2025-04-01T17:22:36.744-0500] {processor.py:925} INFO - DAG(s) 'example_branch_dop_operator_v3' retrieved from /mnt/d/Universidad/ETL/Proyecto_airflow/venv/lib/python3.12/site-packages/airflow/example_dags/example_branch_python_dop_operator_3.py
[2025-04-01T17:22:36.762-0500] {logging_mixin.py:190} INFO - [2025-04-01T17:22:36.761-0500] {dag.py:3239} INFO - Sync 1 DAGs
[2025-04-01T17:22:36.787-0500] {logging_mixin.py:190} INFO - [2025-04-01T17:22:36.786-0500] {dag.py:4180} INFO - Setting next_dagrun for example_branch_dop_operator_v3 to 2025-04-01 22:21:00+00:00, run_after=2025-04-01 22:22:00+00:00
[2025-04-01T17:22:36.899-0500] {processor.py:208} INFO - Processing /mnt/d/Universidad/ETL/Proyecto_airflow/venv/lib/python3.12/site-packages/airflow/example_dags/example_branch_python_dop_operator_3.py took 0.225 seconds
[2025-04-01T17:24:07.946-0500] {processor.py:186} INFO - Started process (PID=7127) to work on /mnt/d/Universidad/ETL/Proyecto_airflow/venv/lib/python3.12/site-packages/airflow/example_dags/example_branch_python_dop_operator_3.py
[2025-04-01T17:24:07.947-0500] {processor.py:914} INFO - Processing file /mnt/d/Universidad/ETL/Proyecto_airflow/venv/lib/python3.12/site-packages/airflow/example_dags/example_branch_python_dop_operator_3.py for tasks to queue
[2025-04-01T17:24:07.949-0500] {logging_mixin.py:190} INFO - [2025-04-01T17:24:07.948-0500] {dagbag.py:588} INFO - Filling up the DagBag from /mnt/d/Universidad/ETL/Proyecto_airflow/venv/lib/python3.12/site-packages/airflow/example_dags/example_branch_python_dop_operator_3.py
[2025-04-01T17:24:08.008-0500] {processor.py:925} INFO - DAG(s) 'example_branch_dop_operator_v3' retrieved from /mnt/d/Universidad/ETL/Proyecto_airflow/venv/lib/python3.12/site-packages/airflow/example_dags/example_branch_python_dop_operator_3.py
[2025-04-01T17:24:08.025-0500] {logging_mixin.py:190} INFO - [2025-04-01T17:24:08.025-0500] {dag.py:3239} INFO - Sync 1 DAGs
[2025-04-01T17:24:08.049-0500] {logging_mixin.py:190} INFO - [2025-04-01T17:24:08.048-0500] {dag.py:4180} INFO - Setting next_dagrun for example_branch_dop_operator_v3 to 2025-04-01 22:23:00+00:00, run_after=2025-04-01 22:24:00+00:00
[2025-04-01T17:24:08.159-0500] {processor.py:208} INFO - Processing /mnt/d/Universidad/ETL/Proyecto_airflow/venv/lib/python3.12/site-packages/airflow/example_dags/example_branch_python_dop_operator_3.py took 0.221 seconds
[2025-04-01T17:25:46.109-0500] {processor.py:186} INFO - Started process (PID=7198) to work on /mnt/d/Universidad/ETL/Proyecto_airflow/venv/lib/python3.12/site-packages/airflow/example_dags/example_branch_python_dop_operator_3.py
[2025-04-01T17:25:46.110-0500] {processor.py:914} INFO - Processing file /mnt/d/Universidad/ETL/Proyecto_airflow/venv/lib/python3.12/site-packages/airflow/example_dags/example_branch_python_dop_operator_3.py for tasks to queue
[2025-04-01T17:25:46.112-0500] {logging_mixin.py:190} INFO - [2025-04-01T17:25:46.112-0500] {dagbag.py:588} INFO - Filling up the DagBag from /mnt/d/Universidad/ETL/Proyecto_airflow/venv/lib/python3.12/site-packages/airflow/example_dags/example_branch_python_dop_operator_3.py
[2025-04-01T17:25:46.170-0500] {processor.py:925} INFO - DAG(s) 'example_branch_dop_operator_v3' retrieved from /mnt/d/Universidad/ETL/Proyecto_airflow/venv/lib/python3.12/site-packages/airflow/example_dags/example_branch_python_dop_operator_3.py
[2025-04-01T17:25:46.187-0500] {logging_mixin.py:190} INFO - [2025-04-01T17:25:46.186-0500] {dag.py:3239} INFO - Sync 1 DAGs
[2025-04-01T17:25:46.211-0500] {logging_mixin.py:190} INFO - [2025-04-01T17:25:46.210-0500] {dag.py:4180} INFO - Setting next_dagrun for example_branch_dop_operator_v3 to 2025-04-01 22:24:00+00:00, run_after=2025-04-01 22:25:00+00:00
[2025-04-01T17:25:46.327-0500] {processor.py:208} INFO - Processing /mnt/d/Universidad/ETL/Proyecto_airflow/venv/lib/python3.12/site-packages/airflow/example_dags/example_branch_python_dop_operator_3.py took 0.226 seconds
[2025-04-01T17:27:24.410-0500] {processor.py:186} INFO - Started process (PID=7269) to work on /mnt/d/Universidad/ETL/Proyecto_airflow/venv/lib/python3.12/site-packages/airflow/example_dags/example_branch_python_dop_operator_3.py
[2025-04-01T17:27:24.411-0500] {processor.py:914} INFO - Processing file /mnt/d/Universidad/ETL/Proyecto_airflow/venv/lib/python3.12/site-packages/airflow/example_dags/example_branch_python_dop_operator_3.py for tasks to queue
[2025-04-01T17:27:24.413-0500] {logging_mixin.py:190} INFO - [2025-04-01T17:27:24.412-0500] {dagbag.py:588} INFO - Filling up the DagBag from /mnt/d/Universidad/ETL/Proyecto_airflow/venv/lib/python3.12/site-packages/airflow/example_dags/example_branch_python_dop_operator_3.py
[2025-04-01T17:27:24.470-0500] {processor.py:925} INFO - DAG(s) 'example_branch_dop_operator_v3' retrieved from /mnt/d/Universidad/ETL/Proyecto_airflow/venv/lib/python3.12/site-packages/airflow/example_dags/example_branch_python_dop_operator_3.py
[2025-04-01T17:27:24.487-0500] {logging_mixin.py:190} INFO - [2025-04-01T17:27:24.486-0500] {dag.py:3239} INFO - Sync 1 DAGs
[2025-04-01T17:27:24.512-0500] {logging_mixin.py:190} INFO - [2025-04-01T17:27:24.512-0500] {dag.py:4180} INFO - Setting next_dagrun for example_branch_dop_operator_v3 to 2025-04-01 22:26:00+00:00, run_after=2025-04-01 22:27:00+00:00
[2025-04-01T17:27:24.623-0500] {processor.py:208} INFO - Processing /mnt/d/Universidad/ETL/Proyecto_airflow/venv/lib/python3.12/site-packages/airflow/example_dags/example_branch_python_dop_operator_3.py took 0.221 seconds
[2025-04-01T17:28:50.008-0500] {processor.py:186} INFO - Started process (PID=7337) to work on /mnt/d/Universidad/ETL/Proyecto_airflow/venv/lib/python3.12/site-packages/airflow/example_dags/example_branch_python_dop_operator_3.py
[2025-04-01T17:28:50.009-0500] {processor.py:914} INFO - Processing file /mnt/d/Universidad/ETL/Proyecto_airflow/venv/lib/python3.12/site-packages/airflow/example_dags/example_branch_python_dop_operator_3.py for tasks to queue
[2025-04-01T17:28:50.012-0500] {logging_mixin.py:190} INFO - [2025-04-01T17:28:50.011-0500] {dagbag.py:588} INFO - Filling up the DagBag from /mnt/d/Universidad/ETL/Proyecto_airflow/venv/lib/python3.12/site-packages/airflow/example_dags/example_branch_python_dop_operator_3.py
[2025-04-01T17:28:50.069-0500] {processor.py:925} INFO - DAG(s) 'example_branch_dop_operator_v3' retrieved from /mnt/d/Universidad/ETL/Proyecto_airflow/venv/lib/python3.12/site-packages/airflow/example_dags/example_branch_python_dop_operator_3.py
[2025-04-01T17:28:50.087-0500] {logging_mixin.py:190} INFO - [2025-04-01T17:28:50.086-0500] {dag.py:3239} INFO - Sync 1 DAGs
[2025-04-01T17:28:50.112-0500] {logging_mixin.py:190} INFO - [2025-04-01T17:28:50.112-0500] {dag.py:4180} INFO - Setting next_dagrun for example_branch_dop_operator_v3 to 2025-04-01 22:27:00+00:00, run_after=2025-04-01 22:28:00+00:00
[2025-04-01T17:28:50.212-0500] {processor.py:208} INFO - Processing /mnt/d/Universidad/ETL/Proyecto_airflow/venv/lib/python3.12/site-packages/airflow/example_dags/example_branch_python_dop_operator_3.py took 0.212 seconds
