[2025-04-01T16:17:32.592-0500] {processor.py:186} INFO - Started process (PID=4105) to work on /mnt/d/Universidad/ETL/Proyecto_airflow/venv/lib/python3.12/site-packages/airflow/example_dags/example_dag_decorator.py
[2025-04-01T16:17:32.593-0500] {processor.py:914} INFO - Processing file /mnt/d/Universidad/ETL/Proyecto_airflow/venv/lib/python3.12/site-packages/airflow/example_dags/example_dag_decorator.py for tasks to queue
[2025-04-01T16:17:32.596-0500] {logging_mixin.py:190} INFO - [2025-04-01T16:17:32.595-0500] {dagbag.py:588} INFO - Filling up the DagBag from /mnt/d/Universidad/ETL/Proyecto_airflow/venv/lib/python3.12/site-packages/airflow/example_dags/example_dag_decorator.py
[2025-04-01T16:17:32.875-0500] {processor.py:925} INFO - DAG(s) 'example_dag_decorator' retrieved from /mnt/d/Universidad/ETL/Proyecto_airflow/venv/lib/python3.12/site-packages/airflow/example_dags/example_dag_decorator.py
[2025-04-01T16:17:34.045-0500] {logging_mixin.py:190} INFO - [2025-04-01T16:17:34.043-0500] {override.py:1930} INFO - Created Permission View: can read on DAG:example_dag_decorator
[2025-04-01T16:17:34.129-0500] {logging_mixin.py:190} INFO - [2025-04-01T16:17:34.128-0500] {override.py:1930} INFO - Created Permission View: can edit on DAG:example_dag_decorator
[2025-04-01T16:17:34.171-0500] {logging_mixin.py:190} INFO - [2025-04-01T16:17:34.170-0500] {override.py:1930} INFO - Created Permission View: can delete on DAG:example_dag_decorator
[2025-04-01T16:17:34.298-0500] {logging_mixin.py:190} INFO - [2025-04-01T16:17:34.297-0500] {override.py:1930} INFO - Created Permission View: can create on DAG Run:example_dag_decorator
[2025-04-01T16:17:34.366-0500] {logging_mixin.py:190} INFO - [2025-04-01T16:17:34.365-0500] {override.py:1930} INFO - Created Permission View: menu access on DAG Run:example_dag_decorator
[2025-04-01T16:17:34.442-0500] {logging_mixin.py:190} INFO - [2025-04-01T16:17:34.441-0500] {override.py:1930} INFO - Created Permission View: can read on DAG Run:example_dag_decorator
[2025-04-01T16:17:34.518-0500] {logging_mixin.py:190} INFO - [2025-04-01T16:17:34.517-0500] {override.py:1930} INFO - Created Permission View: can delete on DAG Run:example_dag_decorator
[2025-04-01T16:17:34.520-0500] {logging_mixin.py:190} INFO - [2025-04-01T16:17:34.519-0500] {dag.py:3239} INFO - Sync 1 DAGs
[2025-04-01T16:17:34.535-0500] {logging_mixin.py:190} INFO - [2025-04-01T16:17:34.534-0500] {dag.py:3262} INFO - Creating ORM DAG for example_dag_decorator
[2025-04-01T16:17:34.537-0500] {logging_mixin.py:190} INFO - [2025-04-01T16:17:34.536-0500] {dag.py:4180} INFO - Setting next_dagrun for example_dag_decorator to None, run_after=None
[2025-04-01T16:17:34.612-0500] {processor.py:208} INFO - Processing /mnt/d/Universidad/ETL/Proyecto_airflow/venv/lib/python3.12/site-packages/airflow/example_dags/example_dag_decorator.py took 2.028 seconds
[2025-04-01T16:19:30.963-0500] {processor.py:186} INFO - Started process (PID=4192) to work on /mnt/d/Universidad/ETL/Proyecto_airflow/venv/lib/python3.12/site-packages/airflow/example_dags/example_dag_decorator.py
[2025-04-01T16:19:30.965-0500] {processor.py:914} INFO - Processing file /mnt/d/Universidad/ETL/Proyecto_airflow/venv/lib/python3.12/site-packages/airflow/example_dags/example_dag_decorator.py for tasks to queue
[2025-04-01T16:19:30.967-0500] {logging_mixin.py:190} INFO - [2025-04-01T16:19:30.966-0500] {dagbag.py:588} INFO - Filling up the DagBag from /mnt/d/Universidad/ETL/Proyecto_airflow/venv/lib/python3.12/site-packages/airflow/example_dags/example_dag_decorator.py
[2025-04-01T16:19:31.262-0500] {processor.py:925} INFO - DAG(s) 'example_dag_decorator' retrieved from /mnt/d/Universidad/ETL/Proyecto_airflow/venv/lib/python3.12/site-packages/airflow/example_dags/example_dag_decorator.py
[2025-04-01T16:19:32.342-0500] {logging_mixin.py:190} INFO - [2025-04-01T16:19:32.341-0500] {dag.py:3239} INFO - Sync 1 DAGs
[2025-04-01T16:19:32.352-0500] {logging_mixin.py:190} INFO - [2025-04-01T16:19:32.351-0500] {dag.py:4180} INFO - Setting next_dagrun for example_dag_decorator to None, run_after=None
[2025-04-01T16:19:32.482-0500] {processor.py:208} INFO - Processing /mnt/d/Universidad/ETL/Proyecto_airflow/venv/lib/python3.12/site-packages/airflow/example_dags/example_dag_decorator.py took 1.527 seconds
[2025-04-01T16:20:58.678-0500] {processor.py:186} INFO - Started process (PID=4264) to work on /mnt/d/Universidad/ETL/Proyecto_airflow/venv/lib/python3.12/site-packages/airflow/example_dags/example_dag_decorator.py
[2025-04-01T16:20:58.679-0500] {processor.py:914} INFO - Processing file /mnt/d/Universidad/ETL/Proyecto_airflow/venv/lib/python3.12/site-packages/airflow/example_dags/example_dag_decorator.py for tasks to queue
[2025-04-01T16:20:58.681-0500] {logging_mixin.py:190} INFO - [2025-04-01T16:20:58.680-0500] {dagbag.py:588} INFO - Filling up the DagBag from /mnt/d/Universidad/ETL/Proyecto_airflow/venv/lib/python3.12/site-packages/airflow/example_dags/example_dag_decorator.py
[2025-04-01T16:20:58.954-0500] {processor.py:925} INFO - DAG(s) 'example_dag_decorator' retrieved from /mnt/d/Universidad/ETL/Proyecto_airflow/venv/lib/python3.12/site-packages/airflow/example_dags/example_dag_decorator.py
[2025-04-01T16:20:58.977-0500] {logging_mixin.py:190} INFO - [2025-04-01T16:20:58.976-0500] {dag.py:3239} INFO - Sync 1 DAGs
[2025-04-01T16:20:58.989-0500] {logging_mixin.py:190} INFO - [2025-04-01T16:20:58.988-0500] {dag.py:4180} INFO - Setting next_dagrun for example_dag_decorator to None, run_after=None
[2025-04-01T16:20:59.091-0500] {processor.py:208} INFO - Processing /mnt/d/Universidad/ETL/Proyecto_airflow/venv/lib/python3.12/site-packages/airflow/example_dags/example_dag_decorator.py took 0.422 seconds
[2025-04-01T16:22:22.174-0500] {processor.py:186} INFO - Started process (PID=4333) to work on /mnt/d/Universidad/ETL/Proyecto_airflow/venv/lib/python3.12/site-packages/airflow/example_dags/example_dag_decorator.py
[2025-04-01T16:22:22.175-0500] {processor.py:914} INFO - Processing file /mnt/d/Universidad/ETL/Proyecto_airflow/venv/lib/python3.12/site-packages/airflow/example_dags/example_dag_decorator.py for tasks to queue
[2025-04-01T16:22:22.177-0500] {logging_mixin.py:190} INFO - [2025-04-01T16:22:22.177-0500] {dagbag.py:588} INFO - Filling up the DagBag from /mnt/d/Universidad/ETL/Proyecto_airflow/venv/lib/python3.12/site-packages/airflow/example_dags/example_dag_decorator.py
[2025-04-01T16:22:22.429-0500] {processor.py:925} INFO - DAG(s) 'example_dag_decorator' retrieved from /mnt/d/Universidad/ETL/Proyecto_airflow/venv/lib/python3.12/site-packages/airflow/example_dags/example_dag_decorator.py
[2025-04-01T16:22:23.354-0500] {logging_mixin.py:190} INFO - [2025-04-01T16:22:23.354-0500] {dag.py:3239} INFO - Sync 1 DAGs
[2025-04-01T16:22:23.363-0500] {logging_mixin.py:190} INFO - [2025-04-01T16:22:23.362-0500] {dag.py:4180} INFO - Setting next_dagrun for example_dag_decorator to None, run_after=None
[2025-04-01T16:22:23.467-0500] {processor.py:208} INFO - Processing /mnt/d/Universidad/ETL/Proyecto_airflow/venv/lib/python3.12/site-packages/airflow/example_dags/example_dag_decorator.py took 1.300 seconds
[2025-04-01T16:23:50.647-0500] {processor.py:186} INFO - Started process (PID=4402) to work on /mnt/d/Universidad/ETL/Proyecto_airflow/venv/lib/python3.12/site-packages/airflow/example_dags/example_dag_decorator.py
[2025-04-01T16:23:50.648-0500] {processor.py:914} INFO - Processing file /mnt/d/Universidad/ETL/Proyecto_airflow/venv/lib/python3.12/site-packages/airflow/example_dags/example_dag_decorator.py for tasks to queue
[2025-04-01T16:23:50.651-0500] {logging_mixin.py:190} INFO - [2025-04-01T16:23:50.650-0500] {dagbag.py:588} INFO - Filling up the DagBag from /mnt/d/Universidad/ETL/Proyecto_airflow/venv/lib/python3.12/site-packages/airflow/example_dags/example_dag_decorator.py
[2025-04-01T16:23:50.920-0500] {processor.py:925} INFO - DAG(s) 'example_dag_decorator' retrieved from /mnt/d/Universidad/ETL/Proyecto_airflow/venv/lib/python3.12/site-packages/airflow/example_dags/example_dag_decorator.py
[2025-04-01T16:23:51.916-0500] {logging_mixin.py:190} INFO - [2025-04-01T16:23:51.916-0500] {dag.py:3239} INFO - Sync 1 DAGs
[2025-04-01T16:23:51.924-0500] {logging_mixin.py:190} INFO - [2025-04-01T16:23:51.924-0500] {dag.py:4180} INFO - Setting next_dagrun for example_dag_decorator to None, run_after=None
[2025-04-01T16:23:52.028-0500] {processor.py:208} INFO - Processing /mnt/d/Universidad/ETL/Proyecto_airflow/venv/lib/python3.12/site-packages/airflow/example_dags/example_dag_decorator.py took 1.390 seconds
[2025-04-01T16:25:23.689-0500] {processor.py:186} INFO - Started process (PID=4473) to work on /mnt/d/Universidad/ETL/Proyecto_airflow/venv/lib/python3.12/site-packages/airflow/example_dags/example_dag_decorator.py
[2025-04-01T16:25:23.690-0500] {processor.py:914} INFO - Processing file /mnt/d/Universidad/ETL/Proyecto_airflow/venv/lib/python3.12/site-packages/airflow/example_dags/example_dag_decorator.py for tasks to queue
[2025-04-01T16:25:23.692-0500] {logging_mixin.py:190} INFO - [2025-04-01T16:25:23.691-0500] {dagbag.py:588} INFO - Filling up the DagBag from /mnt/d/Universidad/ETL/Proyecto_airflow/venv/lib/python3.12/site-packages/airflow/example_dags/example_dag_decorator.py
[2025-04-01T16:25:23.944-0500] {processor.py:925} INFO - DAG(s) 'example_dag_decorator' retrieved from /mnt/d/Universidad/ETL/Proyecto_airflow/venv/lib/python3.12/site-packages/airflow/example_dags/example_dag_decorator.py
[2025-04-01T16:25:24.931-0500] {logging_mixin.py:190} INFO - [2025-04-01T16:25:24.930-0500] {dag.py:3239} INFO - Sync 1 DAGs
[2025-04-01T16:25:24.939-0500] {logging_mixin.py:190} INFO - [2025-04-01T16:25:24.938-0500] {dag.py:4180} INFO - Setting next_dagrun for example_dag_decorator to None, run_after=None
[2025-04-01T16:25:25.050-0500] {processor.py:208} INFO - Processing /mnt/d/Universidad/ETL/Proyecto_airflow/venv/lib/python3.12/site-packages/airflow/example_dags/example_dag_decorator.py took 1.369 seconds
[2025-04-01T16:26:58.226-0500] {processor.py:186} INFO - Started process (PID=4545) to work on /mnt/d/Universidad/ETL/Proyecto_airflow/venv/lib/python3.12/site-packages/airflow/example_dags/example_dag_decorator.py
[2025-04-01T16:26:58.227-0500] {processor.py:914} INFO - Processing file /mnt/d/Universidad/ETL/Proyecto_airflow/venv/lib/python3.12/site-packages/airflow/example_dags/example_dag_decorator.py for tasks to queue
[2025-04-01T16:26:58.229-0500] {logging_mixin.py:190} INFO - [2025-04-01T16:26:58.229-0500] {dagbag.py:588} INFO - Filling up the DagBag from /mnt/d/Universidad/ETL/Proyecto_airflow/venv/lib/python3.12/site-packages/airflow/example_dags/example_dag_decorator.py
[2025-04-01T16:26:58.480-0500] {processor.py:925} INFO - DAG(s) 'example_dag_decorator' retrieved from /mnt/d/Universidad/ETL/Proyecto_airflow/venv/lib/python3.12/site-packages/airflow/example_dags/example_dag_decorator.py
[2025-04-01T16:26:59.405-0500] {logging_mixin.py:190} INFO - [2025-04-01T16:26:59.405-0500] {dag.py:3239} INFO - Sync 1 DAGs
[2025-04-01T16:26:59.415-0500] {logging_mixin.py:190} INFO - [2025-04-01T16:26:59.415-0500] {dag.py:4180} INFO - Setting next_dagrun for example_dag_decorator to None, run_after=None
[2025-04-01T16:26:59.508-0500] {processor.py:208} INFO - Processing /mnt/d/Universidad/ETL/Proyecto_airflow/venv/lib/python3.12/site-packages/airflow/example_dags/example_dag_decorator.py took 1.289 seconds
[2025-04-01T16:28:32.077-0500] {processor.py:186} INFO - Started process (PID=4616) to work on /mnt/d/Universidad/ETL/Proyecto_airflow/venv/lib/python3.12/site-packages/airflow/example_dags/example_dag_decorator.py
[2025-04-01T16:28:32.078-0500] {processor.py:914} INFO - Processing file /mnt/d/Universidad/ETL/Proyecto_airflow/venv/lib/python3.12/site-packages/airflow/example_dags/example_dag_decorator.py for tasks to queue
[2025-04-01T16:28:32.080-0500] {logging_mixin.py:190} INFO - [2025-04-01T16:28:32.079-0500] {dagbag.py:588} INFO - Filling up the DagBag from /mnt/d/Universidad/ETL/Proyecto_airflow/venv/lib/python3.12/site-packages/airflow/example_dags/example_dag_decorator.py
[2025-04-01T16:28:32.334-0500] {processor.py:925} INFO - DAG(s) 'example_dag_decorator' retrieved from /mnt/d/Universidad/ETL/Proyecto_airflow/venv/lib/python3.12/site-packages/airflow/example_dags/example_dag_decorator.py
[2025-04-01T16:28:32.355-0500] {logging_mixin.py:190} INFO - [2025-04-01T16:28:32.355-0500] {dag.py:3239} INFO - Sync 1 DAGs
[2025-04-01T16:28:32.367-0500] {logging_mixin.py:190} INFO - [2025-04-01T16:28:32.366-0500] {dag.py:4180} INFO - Setting next_dagrun for example_dag_decorator to None, run_after=None
[2025-04-01T16:28:32.447-0500] {processor.py:208} INFO - Processing /mnt/d/Universidad/ETL/Proyecto_airflow/venv/lib/python3.12/site-packages/airflow/example_dags/example_dag_decorator.py took 0.378 seconds
[2025-04-01T16:30:02.590-0500] {processor.py:186} INFO - Started process (PID=4688) to work on /mnt/d/Universidad/ETL/Proyecto_airflow/venv/lib/python3.12/site-packages/airflow/example_dags/example_dag_decorator.py
[2025-04-01T16:30:02.591-0500] {processor.py:914} INFO - Processing file /mnt/d/Universidad/ETL/Proyecto_airflow/venv/lib/python3.12/site-packages/airflow/example_dags/example_dag_decorator.py for tasks to queue
[2025-04-01T16:30:02.593-0500] {logging_mixin.py:190} INFO - [2025-04-01T16:30:02.592-0500] {dagbag.py:588} INFO - Filling up the DagBag from /mnt/d/Universidad/ETL/Proyecto_airflow/venv/lib/python3.12/site-packages/airflow/example_dags/example_dag_decorator.py
[2025-04-01T16:30:02.846-0500] {processor.py:925} INFO - DAG(s) 'example_dag_decorator' retrieved from /mnt/d/Universidad/ETL/Proyecto_airflow/venv/lib/python3.12/site-packages/airflow/example_dags/example_dag_decorator.py
[2025-04-01T16:30:02.865-0500] {logging_mixin.py:190} INFO - [2025-04-01T16:30:02.864-0500] {dag.py:3239} INFO - Sync 1 DAGs
[2025-04-01T16:30:02.874-0500] {logging_mixin.py:190} INFO - [2025-04-01T16:30:02.873-0500] {dag.py:4180} INFO - Setting next_dagrun for example_dag_decorator to None, run_after=None
[2025-04-01T16:30:02.991-0500] {processor.py:208} INFO - Processing /mnt/d/Universidad/ETL/Proyecto_airflow/venv/lib/python3.12/site-packages/airflow/example_dags/example_dag_decorator.py took 0.409 seconds
[2025-04-01T16:31:34.829-0500] {processor.py:186} INFO - Started process (PID=4758) to work on /mnt/d/Universidad/ETL/Proyecto_airflow/venv/lib/python3.12/site-packages/airflow/example_dags/example_dag_decorator.py
[2025-04-01T16:31:34.830-0500] {processor.py:914} INFO - Processing file /mnt/d/Universidad/ETL/Proyecto_airflow/venv/lib/python3.12/site-packages/airflow/example_dags/example_dag_decorator.py for tasks to queue
[2025-04-01T16:31:34.832-0500] {logging_mixin.py:190} INFO - [2025-04-01T16:31:34.832-0500] {dagbag.py:588} INFO - Filling up the DagBag from /mnt/d/Universidad/ETL/Proyecto_airflow/venv/lib/python3.12/site-packages/airflow/example_dags/example_dag_decorator.py
[2025-04-01T16:31:35.083-0500] {processor.py:925} INFO - DAG(s) 'example_dag_decorator' retrieved from /mnt/d/Universidad/ETL/Proyecto_airflow/venv/lib/python3.12/site-packages/airflow/example_dags/example_dag_decorator.py
[2025-04-01T16:31:36.005-0500] {logging_mixin.py:190} INFO - [2025-04-01T16:31:36.004-0500] {dag.py:3239} INFO - Sync 1 DAGs
[2025-04-01T16:31:36.013-0500] {logging_mixin.py:190} INFO - [2025-04-01T16:31:36.012-0500] {dag.py:4180} INFO - Setting next_dagrun for example_dag_decorator to None, run_after=None
[2025-04-01T16:31:36.122-0500] {processor.py:208} INFO - Processing /mnt/d/Universidad/ETL/Proyecto_airflow/venv/lib/python3.12/site-packages/airflow/example_dags/example_dag_decorator.py took 1.301 seconds
[2025-04-01T16:33:12.076-0500] {processor.py:186} INFO - Started process (PID=4832) to work on /mnt/d/Universidad/ETL/Proyecto_airflow/venv/lib/python3.12/site-packages/airflow/example_dags/example_dag_decorator.py
[2025-04-01T16:33:12.078-0500] {processor.py:914} INFO - Processing file /mnt/d/Universidad/ETL/Proyecto_airflow/venv/lib/python3.12/site-packages/airflow/example_dags/example_dag_decorator.py for tasks to queue
[2025-04-01T16:33:12.080-0500] {logging_mixin.py:190} INFO - [2025-04-01T16:33:12.079-0500] {dagbag.py:588} INFO - Filling up the DagBag from /mnt/d/Universidad/ETL/Proyecto_airflow/venv/lib/python3.12/site-packages/airflow/example_dags/example_dag_decorator.py
[2025-04-01T16:33:12.335-0500] {processor.py:925} INFO - DAG(s) 'example_dag_decorator' retrieved from /mnt/d/Universidad/ETL/Proyecto_airflow/venv/lib/python3.12/site-packages/airflow/example_dags/example_dag_decorator.py
[2025-04-01T16:33:13.258-0500] {logging_mixin.py:190} INFO - [2025-04-01T16:33:13.257-0500] {dag.py:3239} INFO - Sync 1 DAGs
[2025-04-01T16:33:13.267-0500] {logging_mixin.py:190} INFO - [2025-04-01T16:33:13.266-0500] {dag.py:4180} INFO - Setting next_dagrun for example_dag_decorator to None, run_after=None
[2025-04-01T16:33:13.343-0500] {processor.py:208} INFO - Processing /mnt/d/Universidad/ETL/Proyecto_airflow/venv/lib/python3.12/site-packages/airflow/example_dags/example_dag_decorator.py took 1.274 seconds
[2025-04-01T16:34:37.242-0500] {processor.py:186} INFO - Started process (PID=4900) to work on /mnt/d/Universidad/ETL/Proyecto_airflow/venv/lib/python3.12/site-packages/airflow/example_dags/example_dag_decorator.py
[2025-04-01T16:34:37.243-0500] {processor.py:914} INFO - Processing file /mnt/d/Universidad/ETL/Proyecto_airflow/venv/lib/python3.12/site-packages/airflow/example_dags/example_dag_decorator.py for tasks to queue
[2025-04-01T16:34:37.245-0500] {logging_mixin.py:190} INFO - [2025-04-01T16:34:37.244-0500] {dagbag.py:588} INFO - Filling up the DagBag from /mnt/d/Universidad/ETL/Proyecto_airflow/venv/lib/python3.12/site-packages/airflow/example_dags/example_dag_decorator.py
[2025-04-01T16:34:37.497-0500] {processor.py:925} INFO - DAG(s) 'example_dag_decorator' retrieved from /mnt/d/Universidad/ETL/Proyecto_airflow/venv/lib/python3.12/site-packages/airflow/example_dags/example_dag_decorator.py
[2025-04-01T16:34:38.416-0500] {logging_mixin.py:190} INFO - [2025-04-01T16:34:38.415-0500] {dag.py:3239} INFO - Sync 1 DAGs
[2025-04-01T16:34:38.424-0500] {logging_mixin.py:190} INFO - [2025-04-01T16:34:38.424-0500] {dag.py:4180} INFO - Setting next_dagrun for example_dag_decorator to None, run_after=None
[2025-04-01T16:34:38.535-0500] {processor.py:208} INFO - Processing /mnt/d/Universidad/ETL/Proyecto_airflow/venv/lib/python3.12/site-packages/airflow/example_dags/example_dag_decorator.py took 1.301 seconds
[2025-04-01T16:36:07.134-0500] {processor.py:186} INFO - Started process (PID=4969) to work on /mnt/d/Universidad/ETL/Proyecto_airflow/venv/lib/python3.12/site-packages/airflow/example_dags/example_dag_decorator.py
[2025-04-01T16:36:07.135-0500] {processor.py:914} INFO - Processing file /mnt/d/Universidad/ETL/Proyecto_airflow/venv/lib/python3.12/site-packages/airflow/example_dags/example_dag_decorator.py for tasks to queue
[2025-04-01T16:36:07.138-0500] {logging_mixin.py:190} INFO - [2025-04-01T16:36:07.137-0500] {dagbag.py:588} INFO - Filling up the DagBag from /mnt/d/Universidad/ETL/Proyecto_airflow/venv/lib/python3.12/site-packages/airflow/example_dags/example_dag_decorator.py
[2025-04-01T16:36:07.410-0500] {processor.py:925} INFO - DAG(s) 'example_dag_decorator' retrieved from /mnt/d/Universidad/ETL/Proyecto_airflow/venv/lib/python3.12/site-packages/airflow/example_dags/example_dag_decorator.py
[2025-04-01T16:36:08.399-0500] {logging_mixin.py:190} INFO - [2025-04-01T16:36:08.399-0500] {dag.py:3239} INFO - Sync 1 DAGs
[2025-04-01T16:36:08.407-0500] {logging_mixin.py:190} INFO - [2025-04-01T16:36:08.407-0500] {dag.py:4180} INFO - Setting next_dagrun for example_dag_decorator to None, run_after=None
[2025-04-01T16:36:08.519-0500] {processor.py:208} INFO - Processing /mnt/d/Universidad/ETL/Proyecto_airflow/venv/lib/python3.12/site-packages/airflow/example_dags/example_dag_decorator.py took 1.394 seconds
[2025-04-01T16:37:37.907-0500] {processor.py:186} INFO - Started process (PID=5039) to work on /mnt/d/Universidad/ETL/Proyecto_airflow/venv/lib/python3.12/site-packages/airflow/example_dags/example_dag_decorator.py
[2025-04-01T16:37:37.908-0500] {processor.py:914} INFO - Processing file /mnt/d/Universidad/ETL/Proyecto_airflow/venv/lib/python3.12/site-packages/airflow/example_dags/example_dag_decorator.py for tasks to queue
[2025-04-01T16:37:37.910-0500] {logging_mixin.py:190} INFO - [2025-04-01T16:37:37.909-0500] {dagbag.py:588} INFO - Filling up the DagBag from /mnt/d/Universidad/ETL/Proyecto_airflow/venv/lib/python3.12/site-packages/airflow/example_dags/example_dag_decorator.py
[2025-04-01T16:37:38.163-0500] {processor.py:925} INFO - DAG(s) 'example_dag_decorator' retrieved from /mnt/d/Universidad/ETL/Proyecto_airflow/venv/lib/python3.12/site-packages/airflow/example_dags/example_dag_decorator.py
[2025-04-01T16:37:39.084-0500] {logging_mixin.py:190} INFO - [2025-04-01T16:37:39.083-0500] {dag.py:3239} INFO - Sync 1 DAGs
[2025-04-01T16:37:39.093-0500] {logging_mixin.py:190} INFO - [2025-04-01T16:37:39.092-0500] {dag.py:4180} INFO - Setting next_dagrun for example_dag_decorator to None, run_after=None
[2025-04-01T16:37:39.170-0500] {processor.py:208} INFO - Processing /mnt/d/Universidad/ETL/Proyecto_airflow/venv/lib/python3.12/site-packages/airflow/example_dags/example_dag_decorator.py took 1.271 seconds
[2025-04-01T16:39:10.513-0500] {processor.py:186} INFO - Started process (PID=5109) to work on /mnt/d/Universidad/ETL/Proyecto_airflow/venv/lib/python3.12/site-packages/airflow/example_dags/example_dag_decorator.py
[2025-04-01T16:39:10.514-0500] {processor.py:914} INFO - Processing file /mnt/d/Universidad/ETL/Proyecto_airflow/venv/lib/python3.12/site-packages/airflow/example_dags/example_dag_decorator.py for tasks to queue
[2025-04-01T16:39:10.516-0500] {logging_mixin.py:190} INFO - [2025-04-01T16:39:10.515-0500] {dagbag.py:588} INFO - Filling up the DagBag from /mnt/d/Universidad/ETL/Proyecto_airflow/venv/lib/python3.12/site-packages/airflow/example_dags/example_dag_decorator.py
[2025-04-01T16:39:10.771-0500] {processor.py:925} INFO - DAG(s) 'example_dag_decorator' retrieved from /mnt/d/Universidad/ETL/Proyecto_airflow/venv/lib/python3.12/site-packages/airflow/example_dags/example_dag_decorator.py
[2025-04-01T16:39:11.692-0500] {logging_mixin.py:190} INFO - [2025-04-01T16:39:11.691-0500] {dag.py:3239} INFO - Sync 1 DAGs
[2025-04-01T16:39:11.701-0500] {logging_mixin.py:190} INFO - [2025-04-01T16:39:11.700-0500] {dag.py:4180} INFO - Setting next_dagrun for example_dag_decorator to None, run_after=None
[2025-04-01T16:39:11.810-0500] {processor.py:208} INFO - Processing /mnt/d/Universidad/ETL/Proyecto_airflow/venv/lib/python3.12/site-packages/airflow/example_dags/example_dag_decorator.py took 1.305 seconds
[2025-04-01T16:40:47.654-0500] {processor.py:186} INFO - Started process (PID=5182) to work on /mnt/d/Universidad/ETL/Proyecto_airflow/venv/lib/python3.12/site-packages/airflow/example_dags/example_dag_decorator.py
[2025-04-01T16:40:47.655-0500] {processor.py:914} INFO - Processing file /mnt/d/Universidad/ETL/Proyecto_airflow/venv/lib/python3.12/site-packages/airflow/example_dags/example_dag_decorator.py for tasks to queue
[2025-04-01T16:40:47.657-0500] {logging_mixin.py:190} INFO - [2025-04-01T16:40:47.656-0500] {dagbag.py:588} INFO - Filling up the DagBag from /mnt/d/Universidad/ETL/Proyecto_airflow/venv/lib/python3.12/site-packages/airflow/example_dags/example_dag_decorator.py
[2025-04-01T16:40:47.914-0500] {processor.py:925} INFO - DAG(s) 'example_dag_decorator' retrieved from /mnt/d/Universidad/ETL/Proyecto_airflow/venv/lib/python3.12/site-packages/airflow/example_dags/example_dag_decorator.py
[2025-04-01T16:40:48.857-0500] {logging_mixin.py:190} INFO - [2025-04-01T16:40:48.856-0500] {dag.py:3239} INFO - Sync 1 DAGs
[2025-04-01T16:40:48.865-0500] {logging_mixin.py:190} INFO - [2025-04-01T16:40:48.865-0500] {dag.py:4180} INFO - Setting next_dagrun for example_dag_decorator to None, run_after=None
[2025-04-01T16:40:48.969-0500] {processor.py:208} INFO - Processing /mnt/d/Universidad/ETL/Proyecto_airflow/venv/lib/python3.12/site-packages/airflow/example_dags/example_dag_decorator.py took 1.324 seconds
[2025-04-01T16:42:25.914-0500] {processor.py:186} INFO - Started process (PID=5255) to work on /mnt/d/Universidad/ETL/Proyecto_airflow/venv/lib/python3.12/site-packages/airflow/example_dags/example_dag_decorator.py
[2025-04-01T16:42:25.915-0500] {processor.py:914} INFO - Processing file /mnt/d/Universidad/ETL/Proyecto_airflow/venv/lib/python3.12/site-packages/airflow/example_dags/example_dag_decorator.py for tasks to queue
[2025-04-01T16:42:25.917-0500] {logging_mixin.py:190} INFO - [2025-04-01T16:42:25.917-0500] {dagbag.py:588} INFO - Filling up the DagBag from /mnt/d/Universidad/ETL/Proyecto_airflow/venv/lib/python3.12/site-packages/airflow/example_dags/example_dag_decorator.py
[2025-04-01T16:42:26.173-0500] {processor.py:925} INFO - DAG(s) 'example_dag_decorator' retrieved from /mnt/d/Universidad/ETL/Proyecto_airflow/venv/lib/python3.12/site-packages/airflow/example_dags/example_dag_decorator.py
[2025-04-01T16:42:27.102-0500] {logging_mixin.py:190} INFO - [2025-04-01T16:42:27.101-0500] {dag.py:3239} INFO - Sync 1 DAGs
[2025-04-01T16:42:27.110-0500] {logging_mixin.py:190} INFO - [2025-04-01T16:42:27.109-0500] {dag.py:4180} INFO - Setting next_dagrun for example_dag_decorator to None, run_after=None
[2025-04-01T16:42:27.226-0500] {processor.py:208} INFO - Processing /mnt/d/Universidad/ETL/Proyecto_airflow/venv/lib/python3.12/site-packages/airflow/example_dags/example_dag_decorator.py took 1.320 seconds
[2025-04-01T16:43:57.401-0500] {processor.py:186} INFO - Started process (PID=5325) to work on /mnt/d/Universidad/ETL/Proyecto_airflow/venv/lib/python3.12/site-packages/airflow/example_dags/example_dag_decorator.py
[2025-04-01T16:43:57.402-0500] {processor.py:914} INFO - Processing file /mnt/d/Universidad/ETL/Proyecto_airflow/venv/lib/python3.12/site-packages/airflow/example_dags/example_dag_decorator.py for tasks to queue
[2025-04-01T16:43:57.404-0500] {logging_mixin.py:190} INFO - [2025-04-01T16:43:57.403-0500] {dagbag.py:588} INFO - Filling up the DagBag from /mnt/d/Universidad/ETL/Proyecto_airflow/venv/lib/python3.12/site-packages/airflow/example_dags/example_dag_decorator.py
[2025-04-01T16:43:57.661-0500] {processor.py:925} INFO - DAG(s) 'example_dag_decorator' retrieved from /mnt/d/Universidad/ETL/Proyecto_airflow/venv/lib/python3.12/site-packages/airflow/example_dags/example_dag_decorator.py
[2025-04-01T16:43:58.667-0500] {logging_mixin.py:190} INFO - [2025-04-01T16:43:58.666-0500] {dag.py:3239} INFO - Sync 1 DAGs
[2025-04-01T16:43:58.675-0500] {logging_mixin.py:190} INFO - [2025-04-01T16:43:58.675-0500] {dag.py:4180} INFO - Setting next_dagrun for example_dag_decorator to None, run_after=None
[2025-04-01T16:43:58.774-0500] {processor.py:208} INFO - Processing /mnt/d/Universidad/ETL/Proyecto_airflow/venv/lib/python3.12/site-packages/airflow/example_dags/example_dag_decorator.py took 1.381 seconds
[2025-04-01T16:45:30.819-0500] {processor.py:186} INFO - Started process (PID=5396) to work on /mnt/d/Universidad/ETL/Proyecto_airflow/venv/lib/python3.12/site-packages/airflow/example_dags/example_dag_decorator.py
[2025-04-01T16:45:30.820-0500] {processor.py:914} INFO - Processing file /mnt/d/Universidad/ETL/Proyecto_airflow/venv/lib/python3.12/site-packages/airflow/example_dags/example_dag_decorator.py for tasks to queue
[2025-04-01T16:45:30.823-0500] {logging_mixin.py:190} INFO - [2025-04-01T16:45:30.822-0500] {dagbag.py:588} INFO - Filling up the DagBag from /mnt/d/Universidad/ETL/Proyecto_airflow/venv/lib/python3.12/site-packages/airflow/example_dags/example_dag_decorator.py
[2025-04-01T16:45:31.076-0500] {processor.py:925} INFO - DAG(s) 'example_dag_decorator' retrieved from /mnt/d/Universidad/ETL/Proyecto_airflow/venv/lib/python3.12/site-packages/airflow/example_dags/example_dag_decorator.py
[2025-04-01T16:45:31.998-0500] {logging_mixin.py:190} INFO - [2025-04-01T16:45:31.997-0500] {dag.py:3239} INFO - Sync 1 DAGs
[2025-04-01T16:45:32.006-0500] {logging_mixin.py:190} INFO - [2025-04-01T16:45:32.006-0500] {dag.py:4180} INFO - Setting next_dagrun for example_dag_decorator to None, run_after=None
[2025-04-01T16:45:32.129-0500] {processor.py:208} INFO - Processing /mnt/d/Universidad/ETL/Proyecto_airflow/venv/lib/python3.12/site-packages/airflow/example_dags/example_dag_decorator.py took 1.318 seconds
[2025-04-01T16:47:12.131-0500] {processor.py:186} INFO - Started process (PID=5470) to work on /mnt/d/Universidad/ETL/Proyecto_airflow/venv/lib/python3.12/site-packages/airflow/example_dags/example_dag_decorator.py
[2025-04-01T16:47:12.132-0500] {processor.py:914} INFO - Processing file /mnt/d/Universidad/ETL/Proyecto_airflow/venv/lib/python3.12/site-packages/airflow/example_dags/example_dag_decorator.py for tasks to queue
[2025-04-01T16:47:12.134-0500] {logging_mixin.py:190} INFO - [2025-04-01T16:47:12.133-0500] {dagbag.py:588} INFO - Filling up the DagBag from /mnt/d/Universidad/ETL/Proyecto_airflow/venv/lib/python3.12/site-packages/airflow/example_dags/example_dag_decorator.py
[2025-04-01T16:47:12.386-0500] {processor.py:925} INFO - DAG(s) 'example_dag_decorator' retrieved from /mnt/d/Universidad/ETL/Proyecto_airflow/venv/lib/python3.12/site-packages/airflow/example_dags/example_dag_decorator.py
[2025-04-01T16:47:13.310-0500] {logging_mixin.py:190} INFO - [2025-04-01T16:47:13.310-0500] {dag.py:3239} INFO - Sync 1 DAGs
[2025-04-01T16:47:13.319-0500] {logging_mixin.py:190} INFO - [2025-04-01T16:47:13.318-0500] {dag.py:4180} INFO - Setting next_dagrun for example_dag_decorator to None, run_after=None
[2025-04-01T16:47:13.428-0500] {processor.py:208} INFO - Processing /mnt/d/Universidad/ETL/Proyecto_airflow/venv/lib/python3.12/site-packages/airflow/example_dags/example_dag_decorator.py took 1.306 seconds
[2025-04-01T16:48:41.387-0500] {processor.py:186} INFO - Started process (PID=5539) to work on /mnt/d/Universidad/ETL/Proyecto_airflow/venv/lib/python3.12/site-packages/airflow/example_dags/example_dag_decorator.py
[2025-04-01T16:48:41.388-0500] {processor.py:914} INFO - Processing file /mnt/d/Universidad/ETL/Proyecto_airflow/venv/lib/python3.12/site-packages/airflow/example_dags/example_dag_decorator.py for tasks to queue
[2025-04-01T16:48:41.390-0500] {logging_mixin.py:190} INFO - [2025-04-01T16:48:41.389-0500] {dagbag.py:588} INFO - Filling up the DagBag from /mnt/d/Universidad/ETL/Proyecto_airflow/venv/lib/python3.12/site-packages/airflow/example_dags/example_dag_decorator.py
[2025-04-01T16:48:41.635-0500] {processor.py:925} INFO - DAG(s) 'example_dag_decorator' retrieved from /mnt/d/Universidad/ETL/Proyecto_airflow/venv/lib/python3.12/site-packages/airflow/example_dags/example_dag_decorator.py
[2025-04-01T16:48:42.537-0500] {logging_mixin.py:190} INFO - [2025-04-01T16:48:42.536-0500] {dag.py:3239} INFO - Sync 1 DAGs
[2025-04-01T16:48:42.546-0500] {logging_mixin.py:190} INFO - [2025-04-01T16:48:42.545-0500] {dag.py:4180} INFO - Setting next_dagrun for example_dag_decorator to None, run_after=None
[2025-04-01T16:48:42.655-0500] {processor.py:208} INFO - Processing /mnt/d/Universidad/ETL/Proyecto_airflow/venv/lib/python3.12/site-packages/airflow/example_dags/example_dag_decorator.py took 1.276 seconds
[2025-04-01T16:50:10.801-0500] {processor.py:186} INFO - Started process (PID=5608) to work on /mnt/d/Universidad/ETL/Proyecto_airflow/venv/lib/python3.12/site-packages/airflow/example_dags/example_dag_decorator.py
[2025-04-01T16:50:10.803-0500] {processor.py:914} INFO - Processing file /mnt/d/Universidad/ETL/Proyecto_airflow/venv/lib/python3.12/site-packages/airflow/example_dags/example_dag_decorator.py for tasks to queue
[2025-04-01T16:50:10.805-0500] {logging_mixin.py:190} INFO - [2025-04-01T16:50:10.804-0500] {dagbag.py:588} INFO - Filling up the DagBag from /mnt/d/Universidad/ETL/Proyecto_airflow/venv/lib/python3.12/site-packages/airflow/example_dags/example_dag_decorator.py
[2025-04-01T16:50:11.056-0500] {processor.py:925} INFO - DAG(s) 'example_dag_decorator' retrieved from /mnt/d/Universidad/ETL/Proyecto_airflow/venv/lib/python3.12/site-packages/airflow/example_dags/example_dag_decorator.py
[2025-04-01T16:50:11.988-0500] {logging_mixin.py:190} INFO - [2025-04-01T16:50:11.987-0500] {dag.py:3239} INFO - Sync 1 DAGs
[2025-04-01T16:50:11.997-0500] {logging_mixin.py:190} INFO - [2025-04-01T16:50:11.996-0500] {dag.py:4180} INFO - Setting next_dagrun for example_dag_decorator to None, run_after=None
[2025-04-01T16:50:12.108-0500] {processor.py:208} INFO - Processing /mnt/d/Universidad/ETL/Proyecto_airflow/venv/lib/python3.12/site-packages/airflow/example_dags/example_dag_decorator.py took 1.314 seconds
[2025-04-01T16:51:50.589-0500] {processor.py:186} INFO - Started process (PID=5682) to work on /mnt/d/Universidad/ETL/Proyecto_airflow/venv/lib/python3.12/site-packages/airflow/example_dags/example_dag_decorator.py
[2025-04-01T16:51:50.590-0500] {processor.py:914} INFO - Processing file /mnt/d/Universidad/ETL/Proyecto_airflow/venv/lib/python3.12/site-packages/airflow/example_dags/example_dag_decorator.py for tasks to queue
[2025-04-01T16:51:50.592-0500] {logging_mixin.py:190} INFO - [2025-04-01T16:51:50.591-0500] {dagbag.py:588} INFO - Filling up the DagBag from /mnt/d/Universidad/ETL/Proyecto_airflow/venv/lib/python3.12/site-packages/airflow/example_dags/example_dag_decorator.py
[2025-04-01T16:51:50.837-0500] {processor.py:925} INFO - DAG(s) 'example_dag_decorator' retrieved from /mnt/d/Universidad/ETL/Proyecto_airflow/venv/lib/python3.12/site-packages/airflow/example_dags/example_dag_decorator.py
[2025-04-01T16:51:51.752-0500] {logging_mixin.py:190} INFO - [2025-04-01T16:51:51.752-0500] {dag.py:3239} INFO - Sync 1 DAGs
[2025-04-01T16:51:51.761-0500] {logging_mixin.py:190} INFO - [2025-04-01T16:51:51.760-0500] {dag.py:4180} INFO - Setting next_dagrun for example_dag_decorator to None, run_after=None
[2025-04-01T16:51:51.899-0500] {processor.py:208} INFO - Processing /mnt/d/Universidad/ETL/Proyecto_airflow/venv/lib/python3.12/site-packages/airflow/example_dags/example_dag_decorator.py took 1.318 seconds
[2025-04-01T16:53:25.129-0500] {processor.py:186} INFO - Started process (PID=5754) to work on /mnt/d/Universidad/ETL/Proyecto_airflow/venv/lib/python3.12/site-packages/airflow/example_dags/example_dag_decorator.py
[2025-04-01T16:53:25.130-0500] {processor.py:914} INFO - Processing file /mnt/d/Universidad/ETL/Proyecto_airflow/venv/lib/python3.12/site-packages/airflow/example_dags/example_dag_decorator.py for tasks to queue
[2025-04-01T16:53:25.132-0500] {logging_mixin.py:190} INFO - [2025-04-01T16:53:25.132-0500] {dagbag.py:588} INFO - Filling up the DagBag from /mnt/d/Universidad/ETL/Proyecto_airflow/venv/lib/python3.12/site-packages/airflow/example_dags/example_dag_decorator.py
[2025-04-01T16:53:25.389-0500] {processor.py:925} INFO - DAG(s) 'example_dag_decorator' retrieved from /mnt/d/Universidad/ETL/Proyecto_airflow/venv/lib/python3.12/site-packages/airflow/example_dags/example_dag_decorator.py
[2025-04-01T16:53:26.311-0500] {logging_mixin.py:190} INFO - [2025-04-01T16:53:26.311-0500] {dag.py:3239} INFO - Sync 1 DAGs
[2025-04-01T16:53:26.320-0500] {logging_mixin.py:190} INFO - [2025-04-01T16:53:26.319-0500] {dag.py:4180} INFO - Setting next_dagrun for example_dag_decorator to None, run_after=None
[2025-04-01T16:53:26.426-0500] {processor.py:208} INFO - Processing /mnt/d/Universidad/ETL/Proyecto_airflow/venv/lib/python3.12/site-packages/airflow/example_dags/example_dag_decorator.py took 1.305 seconds
[2025-04-01T16:55:00.569-0500] {processor.py:186} INFO - Started process (PID=5826) to work on /mnt/d/Universidad/ETL/Proyecto_airflow/venv/lib/python3.12/site-packages/airflow/example_dags/example_dag_decorator.py
[2025-04-01T16:55:00.571-0500] {processor.py:914} INFO - Processing file /mnt/d/Universidad/ETL/Proyecto_airflow/venv/lib/python3.12/site-packages/airflow/example_dags/example_dag_decorator.py for tasks to queue
[2025-04-01T16:55:00.573-0500] {logging_mixin.py:190} INFO - [2025-04-01T16:55:00.572-0500] {dagbag.py:588} INFO - Filling up the DagBag from /mnt/d/Universidad/ETL/Proyecto_airflow/venv/lib/python3.12/site-packages/airflow/example_dags/example_dag_decorator.py
[2025-04-01T16:55:00.825-0500] {processor.py:925} INFO - DAG(s) 'example_dag_decorator' retrieved from /mnt/d/Universidad/ETL/Proyecto_airflow/venv/lib/python3.12/site-packages/airflow/example_dags/example_dag_decorator.py
[2025-04-01T16:55:01.819-0500] {logging_mixin.py:190} INFO - [2025-04-01T16:55:01.819-0500] {dag.py:3239} INFO - Sync 1 DAGs
[2025-04-01T16:55:01.828-0500] {logging_mixin.py:190} INFO - [2025-04-01T16:55:01.827-0500] {dag.py:4180} INFO - Setting next_dagrun for example_dag_decorator to None, run_after=None
[2025-04-01T16:55:01.938-0500] {processor.py:208} INFO - Processing /mnt/d/Universidad/ETL/Proyecto_airflow/venv/lib/python3.12/site-packages/airflow/example_dags/example_dag_decorator.py took 1.376 seconds
[2025-04-01T16:56:34.999-0500] {processor.py:186} INFO - Started process (PID=5897) to work on /mnt/d/Universidad/ETL/Proyecto_airflow/venv/lib/python3.12/site-packages/airflow/example_dags/example_dag_decorator.py
[2025-04-01T16:56:35.000-0500] {processor.py:914} INFO - Processing file /mnt/d/Universidad/ETL/Proyecto_airflow/venv/lib/python3.12/site-packages/airflow/example_dags/example_dag_decorator.py for tasks to queue
[2025-04-01T16:56:35.003-0500] {logging_mixin.py:190} INFO - [2025-04-01T16:56:35.002-0500] {dagbag.py:588} INFO - Filling up the DagBag from /mnt/d/Universidad/ETL/Proyecto_airflow/venv/lib/python3.12/site-packages/airflow/example_dags/example_dag_decorator.py
[2025-04-01T16:56:35.254-0500] {processor.py:925} INFO - DAG(s) 'example_dag_decorator' retrieved from /mnt/d/Universidad/ETL/Proyecto_airflow/venv/lib/python3.12/site-packages/airflow/example_dags/example_dag_decorator.py
[2025-04-01T16:56:36.173-0500] {logging_mixin.py:190} INFO - [2025-04-01T16:56:36.172-0500] {dag.py:3239} INFO - Sync 1 DAGs
[2025-04-01T16:56:36.181-0500] {logging_mixin.py:190} INFO - [2025-04-01T16:56:36.180-0500] {dag.py:4180} INFO - Setting next_dagrun for example_dag_decorator to None, run_after=None
[2025-04-01T16:56:36.284-0500] {processor.py:208} INFO - Processing /mnt/d/Universidad/ETL/Proyecto_airflow/venv/lib/python3.12/site-packages/airflow/example_dags/example_dag_decorator.py took 1.292 seconds
[2025-04-01T16:58:04.696-0500] {processor.py:186} INFO - Started process (PID=5967) to work on /mnt/d/Universidad/ETL/Proyecto_airflow/venv/lib/python3.12/site-packages/airflow/example_dags/example_dag_decorator.py
[2025-04-01T16:58:04.697-0500] {processor.py:914} INFO - Processing file /mnt/d/Universidad/ETL/Proyecto_airflow/venv/lib/python3.12/site-packages/airflow/example_dags/example_dag_decorator.py for tasks to queue
[2025-04-01T16:58:04.700-0500] {logging_mixin.py:190} INFO - [2025-04-01T16:58:04.699-0500] {dagbag.py:588} INFO - Filling up the DagBag from /mnt/d/Universidad/ETL/Proyecto_airflow/venv/lib/python3.12/site-packages/airflow/example_dags/example_dag_decorator.py
[2025-04-01T16:58:04.952-0500] {processor.py:925} INFO - DAG(s) 'example_dag_decorator' retrieved from /mnt/d/Universidad/ETL/Proyecto_airflow/venv/lib/python3.12/site-packages/airflow/example_dags/example_dag_decorator.py
[2025-04-01T16:58:05.867-0500] {logging_mixin.py:190} INFO - [2025-04-01T16:58:05.866-0500] {dag.py:3239} INFO - Sync 1 DAGs
[2025-04-01T16:58:05.876-0500] {logging_mixin.py:190} INFO - [2025-04-01T16:58:05.875-0500] {dag.py:4180} INFO - Setting next_dagrun for example_dag_decorator to None, run_after=None
[2025-04-01T16:58:05.997-0500] {processor.py:208} INFO - Processing /mnt/d/Universidad/ETL/Proyecto_airflow/venv/lib/python3.12/site-packages/airflow/example_dags/example_dag_decorator.py took 1.309 seconds
[2025-04-01T16:59:41.314-0500] {processor.py:186} INFO - Started process (PID=6038) to work on /mnt/d/Universidad/ETL/Proyecto_airflow/venv/lib/python3.12/site-packages/airflow/example_dags/example_dag_decorator.py
[2025-04-01T16:59:41.315-0500] {processor.py:914} INFO - Processing file /mnt/d/Universidad/ETL/Proyecto_airflow/venv/lib/python3.12/site-packages/airflow/example_dags/example_dag_decorator.py for tasks to queue
[2025-04-01T16:59:41.317-0500] {logging_mixin.py:190} INFO - [2025-04-01T16:59:41.316-0500] {dagbag.py:588} INFO - Filling up the DagBag from /mnt/d/Universidad/ETL/Proyecto_airflow/venv/lib/python3.12/site-packages/airflow/example_dags/example_dag_decorator.py
[2025-04-01T16:59:41.567-0500] {processor.py:925} INFO - DAG(s) 'example_dag_decorator' retrieved from /mnt/d/Universidad/ETL/Proyecto_airflow/venv/lib/python3.12/site-packages/airflow/example_dags/example_dag_decorator.py
[2025-04-01T16:59:42.479-0500] {logging_mixin.py:190} INFO - [2025-04-01T16:59:42.478-0500] {dag.py:3239} INFO - Sync 1 DAGs
[2025-04-01T16:59:42.488-0500] {logging_mixin.py:190} INFO - [2025-04-01T16:59:42.487-0500] {dag.py:4180} INFO - Setting next_dagrun for example_dag_decorator to None, run_after=None
[2025-04-01T16:59:42.596-0500] {processor.py:208} INFO - Processing /mnt/d/Universidad/ETL/Proyecto_airflow/venv/lib/python3.12/site-packages/airflow/example_dags/example_dag_decorator.py took 1.290 seconds
[2025-04-01T17:01:20.682-0500] {processor.py:186} INFO - Started process (PID=6110) to work on /mnt/d/Universidad/ETL/Proyecto_airflow/venv/lib/python3.12/site-packages/airflow/example_dags/example_dag_decorator.py
[2025-04-01T17:01:20.683-0500] {processor.py:914} INFO - Processing file /mnt/d/Universidad/ETL/Proyecto_airflow/venv/lib/python3.12/site-packages/airflow/example_dags/example_dag_decorator.py for tasks to queue
[2025-04-01T17:01:20.686-0500] {logging_mixin.py:190} INFO - [2025-04-01T17:01:20.685-0500] {dagbag.py:588} INFO - Filling up the DagBag from /mnt/d/Universidad/ETL/Proyecto_airflow/venv/lib/python3.12/site-packages/airflow/example_dags/example_dag_decorator.py
[2025-04-01T17:01:20.942-0500] {processor.py:925} INFO - DAG(s) 'example_dag_decorator' retrieved from /mnt/d/Universidad/ETL/Proyecto_airflow/venv/lib/python3.12/site-packages/airflow/example_dags/example_dag_decorator.py
[2025-04-01T17:01:21.884-0500] {logging_mixin.py:190} INFO - [2025-04-01T17:01:21.883-0500] {dag.py:3239} INFO - Sync 1 DAGs
[2025-04-01T17:01:21.893-0500] {logging_mixin.py:190} INFO - [2025-04-01T17:01:21.892-0500] {dag.py:4180} INFO - Setting next_dagrun for example_dag_decorator to None, run_after=None
[2025-04-01T17:01:22.003-0500] {processor.py:208} INFO - Processing /mnt/d/Universidad/ETL/Proyecto_airflow/venv/lib/python3.12/site-packages/airflow/example_dags/example_dag_decorator.py took 1.329 seconds
[2025-04-01T17:02:50.593-0500] {processor.py:186} INFO - Started process (PID=6180) to work on /mnt/d/Universidad/ETL/Proyecto_airflow/venv/lib/python3.12/site-packages/airflow/example_dags/example_dag_decorator.py
[2025-04-01T17:02:50.594-0500] {processor.py:914} INFO - Processing file /mnt/d/Universidad/ETL/Proyecto_airflow/venv/lib/python3.12/site-packages/airflow/example_dags/example_dag_decorator.py for tasks to queue
[2025-04-01T17:02:50.597-0500] {logging_mixin.py:190} INFO - [2025-04-01T17:02:50.596-0500] {dagbag.py:588} INFO - Filling up the DagBag from /mnt/d/Universidad/ETL/Proyecto_airflow/venv/lib/python3.12/site-packages/airflow/example_dags/example_dag_decorator.py
[2025-04-01T17:02:50.845-0500] {processor.py:925} INFO - DAG(s) 'example_dag_decorator' retrieved from /mnt/d/Universidad/ETL/Proyecto_airflow/venv/lib/python3.12/site-packages/airflow/example_dags/example_dag_decorator.py
[2025-04-01T17:02:51.752-0500] {logging_mixin.py:190} INFO - [2025-04-01T17:02:51.751-0500] {dag.py:3239} INFO - Sync 1 DAGs
[2025-04-01T17:02:51.760-0500] {logging_mixin.py:190} INFO - [2025-04-01T17:02:51.759-0500] {dag.py:4180} INFO - Setting next_dagrun for example_dag_decorator to None, run_after=None
[2025-04-01T17:02:51.867-0500] {processor.py:208} INFO - Processing /mnt/d/Universidad/ETL/Proyecto_airflow/venv/lib/python3.12/site-packages/airflow/example_dags/example_dag_decorator.py took 1.282 seconds
[2025-04-01T17:04:28.399-0500] {processor.py:186} INFO - Started process (PID=6252) to work on /mnt/d/Universidad/ETL/Proyecto_airflow/venv/lib/python3.12/site-packages/airflow/example_dags/example_dag_decorator.py
[2025-04-01T17:04:28.400-0500] {processor.py:914} INFO - Processing file /mnt/d/Universidad/ETL/Proyecto_airflow/venv/lib/python3.12/site-packages/airflow/example_dags/example_dag_decorator.py for tasks to queue
[2025-04-01T17:04:28.402-0500] {logging_mixin.py:190} INFO - [2025-04-01T17:04:28.402-0500] {dagbag.py:588} INFO - Filling up the DagBag from /mnt/d/Universidad/ETL/Proyecto_airflow/venv/lib/python3.12/site-packages/airflow/example_dags/example_dag_decorator.py
[2025-04-01T17:04:28.652-0500] {processor.py:925} INFO - DAG(s) 'example_dag_decorator' retrieved from /mnt/d/Universidad/ETL/Proyecto_airflow/venv/lib/python3.12/site-packages/airflow/example_dags/example_dag_decorator.py
[2025-04-01T17:04:29.562-0500] {logging_mixin.py:190} INFO - [2025-04-01T17:04:29.562-0500] {dag.py:3239} INFO - Sync 1 DAGs
[2025-04-01T17:04:29.571-0500] {logging_mixin.py:190} INFO - [2025-04-01T17:04:29.570-0500] {dag.py:4180} INFO - Setting next_dagrun for example_dag_decorator to None, run_after=None
[2025-04-01T17:04:29.674-0500] {processor.py:208} INFO - Processing /mnt/d/Universidad/ETL/Proyecto_airflow/venv/lib/python3.12/site-packages/airflow/example_dags/example_dag_decorator.py took 1.282 seconds
[2025-04-01T17:06:08.340-0500] {processor.py:186} INFO - Started process (PID=6323) to work on /mnt/d/Universidad/ETL/Proyecto_airflow/venv/lib/python3.12/site-packages/airflow/example_dags/example_dag_decorator.py
[2025-04-01T17:06:08.341-0500] {processor.py:914} INFO - Processing file /mnt/d/Universidad/ETL/Proyecto_airflow/venv/lib/python3.12/site-packages/airflow/example_dags/example_dag_decorator.py for tasks to queue
[2025-04-01T17:06:08.343-0500] {logging_mixin.py:190} INFO - [2025-04-01T17:06:08.343-0500] {dagbag.py:588} INFO - Filling up the DagBag from /mnt/d/Universidad/ETL/Proyecto_airflow/venv/lib/python3.12/site-packages/airflow/example_dags/example_dag_decorator.py
[2025-04-01T17:06:08.593-0500] {processor.py:925} INFO - DAG(s) 'example_dag_decorator' retrieved from /mnt/d/Universidad/ETL/Proyecto_airflow/venv/lib/python3.12/site-packages/airflow/example_dags/example_dag_decorator.py
[2025-04-01T17:06:09.515-0500] {logging_mixin.py:190} INFO - [2025-04-01T17:06:09.514-0500] {dag.py:3239} INFO - Sync 1 DAGs
[2025-04-01T17:06:09.523-0500] {logging_mixin.py:190} INFO - [2025-04-01T17:06:09.522-0500] {dag.py:4180} INFO - Setting next_dagrun for example_dag_decorator to None, run_after=None
[2025-04-01T17:06:09.674-0500] {processor.py:208} INFO - Processing /mnt/d/Universidad/ETL/Proyecto_airflow/venv/lib/python3.12/site-packages/airflow/example_dags/example_dag_decorator.py took 1.342 seconds
[2025-04-01T17:07:41.162-0500] {processor.py:186} INFO - Started process (PID=6397) to work on /mnt/d/Universidad/ETL/Proyecto_airflow/venv/lib/python3.12/site-packages/airflow/example_dags/example_dag_decorator.py
[2025-04-01T17:07:41.163-0500] {processor.py:914} INFO - Processing file /mnt/d/Universidad/ETL/Proyecto_airflow/venv/lib/python3.12/site-packages/airflow/example_dags/example_dag_decorator.py for tasks to queue
[2025-04-01T17:07:41.165-0500] {logging_mixin.py:190} INFO - [2025-04-01T17:07:41.164-0500] {dagbag.py:588} INFO - Filling up the DagBag from /mnt/d/Universidad/ETL/Proyecto_airflow/venv/lib/python3.12/site-packages/airflow/example_dags/example_dag_decorator.py
[2025-04-01T17:07:41.410-0500] {processor.py:925} INFO - DAG(s) 'example_dag_decorator' retrieved from /mnt/d/Universidad/ETL/Proyecto_airflow/venv/lib/python3.12/site-packages/airflow/example_dags/example_dag_decorator.py
[2025-04-01T17:07:45.653-0500] {logging_mixin.py:190} INFO - [2025-04-01T17:07:45.652-0500] {dag.py:3239} INFO - Sync 1 DAGs
[2025-04-01T17:07:45.661-0500] {logging_mixin.py:190} INFO - [2025-04-01T17:07:45.660-0500] {dag.py:4180} INFO - Setting next_dagrun for example_dag_decorator to None, run_after=None
[2025-04-01T17:07:45.764-0500] {processor.py:208} INFO - Processing /mnt/d/Universidad/ETL/Proyecto_airflow/venv/lib/python3.12/site-packages/airflow/example_dags/example_dag_decorator.py took 1.276 seconds
[2025-04-01T17:09:19.187-0500] {processor.py:186} INFO - Started process (PID=6469) to work on /mnt/d/Universidad/ETL/Proyecto_airflow/venv/lib/python3.12/site-packages/airflow/example_dags/example_dag_decorator.py
[2025-04-01T17:09:19.188-0500] {processor.py:914} INFO - Processing file /mnt/d/Universidad/ETL/Proyecto_airflow/venv/lib/python3.12/site-packages/airflow/example_dags/example_dag_decorator.py for tasks to queue
[2025-04-01T17:09:19.190-0500] {logging_mixin.py:190} INFO - [2025-04-01T17:09:19.189-0500] {dagbag.py:588} INFO - Filling up the DagBag from /mnt/d/Universidad/ETL/Proyecto_airflow/venv/lib/python3.12/site-packages/airflow/example_dags/example_dag_decorator.py
[2025-04-01T17:09:19.443-0500] {processor.py:925} INFO - DAG(s) 'example_dag_decorator' retrieved from /mnt/d/Universidad/ETL/Proyecto_airflow/venv/lib/python3.12/site-packages/airflow/example_dags/example_dag_decorator.py
[2025-04-01T17:09:20.350-0500] {logging_mixin.py:190} INFO - [2025-04-01T17:09:20.349-0500] {dag.py:3239} INFO - Sync 1 DAGs
[2025-04-01T17:09:20.359-0500] {logging_mixin.py:190} INFO - [2025-04-01T17:09:20.358-0500] {dag.py:4180} INFO - Setting next_dagrun for example_dag_decorator to None, run_after=None
[2025-04-01T17:09:20.462-0500] {processor.py:208} INFO - Processing /mnt/d/Universidad/ETL/Proyecto_airflow/venv/lib/python3.12/site-packages/airflow/example_dags/example_dag_decorator.py took 1.283 seconds
[2025-04-01T17:11:03.385-0500] {processor.py:186} INFO - Started process (PID=6542) to work on /mnt/d/Universidad/ETL/Proyecto_airflow/venv/lib/python3.12/site-packages/airflow/example_dags/example_dag_decorator.py
[2025-04-01T17:11:03.386-0500] {processor.py:914} INFO - Processing file /mnt/d/Universidad/ETL/Proyecto_airflow/venv/lib/python3.12/site-packages/airflow/example_dags/example_dag_decorator.py for tasks to queue
[2025-04-01T17:11:03.388-0500] {logging_mixin.py:190} INFO - [2025-04-01T17:11:03.388-0500] {dagbag.py:588} INFO - Filling up the DagBag from /mnt/d/Universidad/ETL/Proyecto_airflow/venv/lib/python3.12/site-packages/airflow/example_dags/example_dag_decorator.py
[2025-04-01T17:11:03.636-0500] {processor.py:925} INFO - DAG(s) 'example_dag_decorator' retrieved from /mnt/d/Universidad/ETL/Proyecto_airflow/venv/lib/python3.12/site-packages/airflow/example_dags/example_dag_decorator.py
[2025-04-01T17:11:04.544-0500] {logging_mixin.py:190} INFO - [2025-04-01T17:11:04.543-0500] {dag.py:3239} INFO - Sync 1 DAGs
[2025-04-01T17:11:04.553-0500] {logging_mixin.py:190} INFO - [2025-04-01T17:11:04.552-0500] {dag.py:4180} INFO - Setting next_dagrun for example_dag_decorator to None, run_after=None
[2025-04-01T17:11:04.655-0500] {processor.py:208} INFO - Processing /mnt/d/Universidad/ETL/Proyecto_airflow/venv/lib/python3.12/site-packages/airflow/example_dags/example_dag_decorator.py took 1.278 seconds
[2025-04-01T17:12:46.170-0500] {processor.py:186} INFO - Started process (PID=6617) to work on /mnt/d/Universidad/ETL/Proyecto_airflow/venv/lib/python3.12/site-packages/airflow/example_dags/example_dag_decorator.py
[2025-04-01T17:12:46.171-0500] {processor.py:914} INFO - Processing file /mnt/d/Universidad/ETL/Proyecto_airflow/venv/lib/python3.12/site-packages/airflow/example_dags/example_dag_decorator.py for tasks to queue
[2025-04-01T17:12:46.174-0500] {logging_mixin.py:190} INFO - [2025-04-01T17:12:46.173-0500] {dagbag.py:588} INFO - Filling up the DagBag from /mnt/d/Universidad/ETL/Proyecto_airflow/venv/lib/python3.12/site-packages/airflow/example_dags/example_dag_decorator.py
[2025-04-01T17:12:46.420-0500] {processor.py:925} INFO - DAG(s) 'example_dag_decorator' retrieved from /mnt/d/Universidad/ETL/Proyecto_airflow/venv/lib/python3.12/site-packages/airflow/example_dags/example_dag_decorator.py
[2025-04-01T17:12:47.321-0500] {logging_mixin.py:190} INFO - [2025-04-01T17:12:47.320-0500] {dag.py:3239} INFO - Sync 1 DAGs
[2025-04-01T17:12:47.330-0500] {logging_mixin.py:190} INFO - [2025-04-01T17:12:47.330-0500] {dag.py:4180} INFO - Setting next_dagrun for example_dag_decorator to None, run_after=None
[2025-04-01T17:12:47.441-0500] {processor.py:208} INFO - Processing /mnt/d/Universidad/ETL/Proyecto_airflow/venv/lib/python3.12/site-packages/airflow/example_dags/example_dag_decorator.py took 1.278 seconds
[2025-04-01T17:14:21.330-0500] {processor.py:186} INFO - Started process (PID=6689) to work on /mnt/d/Universidad/ETL/Proyecto_airflow/venv/lib/python3.12/site-packages/airflow/example_dags/example_dag_decorator.py
[2025-04-01T17:14:21.331-0500] {processor.py:914} INFO - Processing file /mnt/d/Universidad/ETL/Proyecto_airflow/venv/lib/python3.12/site-packages/airflow/example_dags/example_dag_decorator.py for tasks to queue
[2025-04-01T17:14:21.334-0500] {logging_mixin.py:190} INFO - [2025-04-01T17:14:21.333-0500] {dagbag.py:588} INFO - Filling up the DagBag from /mnt/d/Universidad/ETL/Proyecto_airflow/venv/lib/python3.12/site-packages/airflow/example_dags/example_dag_decorator.py
[2025-04-01T17:14:21.628-0500] {processor.py:925} INFO - DAG(s) 'example_dag_decorator' retrieved from /mnt/d/Universidad/ETL/Proyecto_airflow/venv/lib/python3.12/site-packages/airflow/example_dags/example_dag_decorator.py
[2025-04-01T17:14:22.707-0500] {logging_mixin.py:190} INFO - [2025-04-01T17:14:22.706-0500] {dag.py:3239} INFO - Sync 1 DAGs
[2025-04-01T17:14:22.718-0500] {logging_mixin.py:190} INFO - [2025-04-01T17:14:22.717-0500] {dag.py:4180} INFO - Setting next_dagrun for example_dag_decorator to None, run_after=None
[2025-04-01T17:14:22.860-0500] {processor.py:208} INFO - Processing /mnt/d/Universidad/ETL/Proyecto_airflow/venv/lib/python3.12/site-packages/airflow/example_dags/example_dag_decorator.py took 1.539 seconds
[2025-04-01T17:15:50.734-0500] {processor.py:186} INFO - Started process (PID=6759) to work on /mnt/d/Universidad/ETL/Proyecto_airflow/venv/lib/python3.12/site-packages/airflow/example_dags/example_dag_decorator.py
[2025-04-01T17:15:50.735-0500] {processor.py:914} INFO - Processing file /mnt/d/Universidad/ETL/Proyecto_airflow/venv/lib/python3.12/site-packages/airflow/example_dags/example_dag_decorator.py for tasks to queue
[2025-04-01T17:15:50.737-0500] {logging_mixin.py:190} INFO - [2025-04-01T17:15:50.737-0500] {dagbag.py:588} INFO - Filling up the DagBag from /mnt/d/Universidad/ETL/Proyecto_airflow/venv/lib/python3.12/site-packages/airflow/example_dags/example_dag_decorator.py
[2025-04-01T17:15:50.995-0500] {processor.py:925} INFO - DAG(s) 'example_dag_decorator' retrieved from /mnt/d/Universidad/ETL/Proyecto_airflow/venv/lib/python3.12/site-packages/airflow/example_dags/example_dag_decorator.py
[2025-04-01T17:15:51.908-0500] {logging_mixin.py:190} INFO - [2025-04-01T17:15:51.908-0500] {dag.py:3239} INFO - Sync 1 DAGs
[2025-04-01T17:15:51.917-0500] {logging_mixin.py:190} INFO - [2025-04-01T17:15:51.917-0500] {dag.py:4180} INFO - Setting next_dagrun for example_dag_decorator to None, run_after=None
[2025-04-01T17:15:52.018-0500] {processor.py:208} INFO - Processing /mnt/d/Universidad/ETL/Proyecto_airflow/venv/lib/python3.12/site-packages/airflow/example_dags/example_dag_decorator.py took 1.292 seconds
[2025-04-01T17:17:28.874-0500] {processor.py:186} INFO - Started process (PID=6834) to work on /mnt/d/Universidad/ETL/Proyecto_airflow/venv/lib/python3.12/site-packages/airflow/example_dags/example_dag_decorator.py
[2025-04-01T17:17:28.875-0500] {processor.py:914} INFO - Processing file /mnt/d/Universidad/ETL/Proyecto_airflow/venv/lib/python3.12/site-packages/airflow/example_dags/example_dag_decorator.py for tasks to queue
[2025-04-01T17:17:28.877-0500] {logging_mixin.py:190} INFO - [2025-04-01T17:17:28.876-0500] {dagbag.py:588} INFO - Filling up the DagBag from /mnt/d/Universidad/ETL/Proyecto_airflow/venv/lib/python3.12/site-packages/airflow/example_dags/example_dag_decorator.py
[2025-04-01T17:17:29.126-0500] {processor.py:925} INFO - DAG(s) 'example_dag_decorator' retrieved from /mnt/d/Universidad/ETL/Proyecto_airflow/venv/lib/python3.12/site-packages/airflow/example_dags/example_dag_decorator.py
[2025-04-01T17:17:30.036-0500] {logging_mixin.py:190} INFO - [2025-04-01T17:17:30.035-0500] {dag.py:3239} INFO - Sync 1 DAGs
[2025-04-01T17:17:30.045-0500] {logging_mixin.py:190} INFO - [2025-04-01T17:17:30.045-0500] {dag.py:4180} INFO - Setting next_dagrun for example_dag_decorator to None, run_after=None
[2025-04-01T17:17:30.153-0500] {processor.py:208} INFO - Processing /mnt/d/Universidad/ETL/Proyecto_airflow/venv/lib/python3.12/site-packages/airflow/example_dags/example_dag_decorator.py took 1.287 seconds
[2025-04-01T17:19:09.467-0500] {processor.py:186} INFO - Started process (PID=6907) to work on /mnt/d/Universidad/ETL/Proyecto_airflow/venv/lib/python3.12/site-packages/airflow/example_dags/example_dag_decorator.py
[2025-04-01T17:19:09.468-0500] {processor.py:914} INFO - Processing file /mnt/d/Universidad/ETL/Proyecto_airflow/venv/lib/python3.12/site-packages/airflow/example_dags/example_dag_decorator.py for tasks to queue
[2025-04-01T17:19:09.470-0500] {logging_mixin.py:190} INFO - [2025-04-01T17:19:09.470-0500] {dagbag.py:588} INFO - Filling up the DagBag from /mnt/d/Universidad/ETL/Proyecto_airflow/venv/lib/python3.12/site-packages/airflow/example_dags/example_dag_decorator.py
[2025-04-01T17:19:09.724-0500] {processor.py:925} INFO - DAG(s) 'example_dag_decorator' retrieved from /mnt/d/Universidad/ETL/Proyecto_airflow/venv/lib/python3.12/site-packages/airflow/example_dags/example_dag_decorator.py
[2025-04-01T17:19:10.646-0500] {logging_mixin.py:190} INFO - [2025-04-01T17:19:10.645-0500] {dag.py:3239} INFO - Sync 1 DAGs
[2025-04-01T17:19:10.655-0500] {logging_mixin.py:190} INFO - [2025-04-01T17:19:10.654-0500] {dag.py:4180} INFO - Setting next_dagrun for example_dag_decorator to None, run_after=None
[2025-04-01T17:19:10.761-0500] {processor.py:208} INFO - Processing /mnt/d/Universidad/ETL/Proyecto_airflow/venv/lib/python3.12/site-packages/airflow/example_dags/example_dag_decorator.py took 1.301 seconds
[2025-04-01T17:20:50.882-0500] {processor.py:186} INFO - Started process (PID=6980) to work on /mnt/d/Universidad/ETL/Proyecto_airflow/venv/lib/python3.12/site-packages/airflow/example_dags/example_dag_decorator.py
[2025-04-01T17:20:50.883-0500] {processor.py:914} INFO - Processing file /mnt/d/Universidad/ETL/Proyecto_airflow/venv/lib/python3.12/site-packages/airflow/example_dags/example_dag_decorator.py for tasks to queue
[2025-04-01T17:20:50.885-0500] {logging_mixin.py:190} INFO - [2025-04-01T17:20:50.885-0500] {dagbag.py:588} INFO - Filling up the DagBag from /mnt/d/Universidad/ETL/Proyecto_airflow/venv/lib/python3.12/site-packages/airflow/example_dags/example_dag_decorator.py
[2025-04-01T17:20:51.136-0500] {processor.py:925} INFO - DAG(s) 'example_dag_decorator' retrieved from /mnt/d/Universidad/ETL/Proyecto_airflow/venv/lib/python3.12/site-packages/airflow/example_dags/example_dag_decorator.py
[2025-04-01T17:20:52.054-0500] {logging_mixin.py:190} INFO - [2025-04-01T17:20:52.053-0500] {dag.py:3239} INFO - Sync 1 DAGs
[2025-04-01T17:20:52.064-0500] {logging_mixin.py:190} INFO - [2025-04-01T17:20:52.063-0500] {dag.py:4180} INFO - Setting next_dagrun for example_dag_decorator to None, run_after=None
[2025-04-01T17:20:52.161-0500] {processor.py:208} INFO - Processing /mnt/d/Universidad/ETL/Proyecto_airflow/venv/lib/python3.12/site-packages/airflow/example_dags/example_dag_decorator.py took 1.287 seconds
[2025-04-01T17:22:34.159-0500] {processor.py:186} INFO - Started process (PID=7054) to work on /mnt/d/Universidad/ETL/Proyecto_airflow/venv/lib/python3.12/site-packages/airflow/example_dags/example_dag_decorator.py
[2025-04-01T17:22:34.160-0500] {processor.py:914} INFO - Processing file /mnt/d/Universidad/ETL/Proyecto_airflow/venv/lib/python3.12/site-packages/airflow/example_dags/example_dag_decorator.py for tasks to queue
[2025-04-01T17:22:34.162-0500] {logging_mixin.py:190} INFO - [2025-04-01T17:22:34.162-0500] {dagbag.py:588} INFO - Filling up the DagBag from /mnt/d/Universidad/ETL/Proyecto_airflow/venv/lib/python3.12/site-packages/airflow/example_dags/example_dag_decorator.py
[2025-04-01T17:22:34.414-0500] {processor.py:925} INFO - DAG(s) 'example_dag_decorator' retrieved from /mnt/d/Universidad/ETL/Proyecto_airflow/venv/lib/python3.12/site-packages/airflow/example_dags/example_dag_decorator.py
[2025-04-01T17:22:34.434-0500] {logging_mixin.py:190} INFO - [2025-04-01T17:22:34.434-0500] {dag.py:3239} INFO - Sync 1 DAGs
[2025-04-01T17:22:34.444-0500] {logging_mixin.py:190} INFO - [2025-04-01T17:22:34.443-0500] {dag.py:4180} INFO - Setting next_dagrun for example_dag_decorator to None, run_after=None
[2025-04-01T17:22:34.561-0500] {processor.py:208} INFO - Processing /mnt/d/Universidad/ETL/Proyecto_airflow/venv/lib/python3.12/site-packages/airflow/example_dags/example_dag_decorator.py took 0.410 seconds
[2025-04-01T17:24:04.710-0500] {processor.py:186} INFO - Started process (PID=7124) to work on /mnt/d/Universidad/ETL/Proyecto_airflow/venv/lib/python3.12/site-packages/airflow/example_dags/example_dag_decorator.py
[2025-04-01T17:24:04.711-0500] {processor.py:914} INFO - Processing file /mnt/d/Universidad/ETL/Proyecto_airflow/venv/lib/python3.12/site-packages/airflow/example_dags/example_dag_decorator.py for tasks to queue
[2025-04-01T17:24:04.713-0500] {logging_mixin.py:190} INFO - [2025-04-01T17:24:04.712-0500] {dagbag.py:588} INFO - Filling up the DagBag from /mnt/d/Universidad/ETL/Proyecto_airflow/venv/lib/python3.12/site-packages/airflow/example_dags/example_dag_decorator.py
[2025-04-01T17:24:04.965-0500] {processor.py:925} INFO - DAG(s) 'example_dag_decorator' retrieved from /mnt/d/Universidad/ETL/Proyecto_airflow/venv/lib/python3.12/site-packages/airflow/example_dags/example_dag_decorator.py
[2025-04-01T17:24:05.879-0500] {logging_mixin.py:190} INFO - [2025-04-01T17:24:05.878-0500] {dag.py:3239} INFO - Sync 1 DAGs
[2025-04-01T17:24:05.888-0500] {logging_mixin.py:190} INFO - [2025-04-01T17:24:05.888-0500] {dag.py:4180} INFO - Setting next_dagrun for example_dag_decorator to None, run_after=None
[2025-04-01T17:24:05.999-0500] {processor.py:208} INFO - Processing /mnt/d/Universidad/ETL/Proyecto_airflow/venv/lib/python3.12/site-packages/airflow/example_dags/example_dag_decorator.py took 1.297 seconds
[2025-04-01T17:25:42.251-0500] {processor.py:186} INFO - Started process (PID=7196) to work on /mnt/d/Universidad/ETL/Proyecto_airflow/venv/lib/python3.12/site-packages/airflow/example_dags/example_dag_decorator.py
[2025-04-01T17:25:42.252-0500] {processor.py:914} INFO - Processing file /mnt/d/Universidad/ETL/Proyecto_airflow/venv/lib/python3.12/site-packages/airflow/example_dags/example_dag_decorator.py for tasks to queue
[2025-04-01T17:25:42.254-0500] {logging_mixin.py:190} INFO - [2025-04-01T17:25:42.253-0500] {dagbag.py:588} INFO - Filling up the DagBag from /mnt/d/Universidad/ETL/Proyecto_airflow/venv/lib/python3.12/site-packages/airflow/example_dags/example_dag_decorator.py
[2025-04-01T17:25:42.505-0500] {processor.py:925} INFO - DAG(s) 'example_dag_decorator' retrieved from /mnt/d/Universidad/ETL/Proyecto_airflow/venv/lib/python3.12/site-packages/airflow/example_dags/example_dag_decorator.py
[2025-04-01T17:25:43.422-0500] {logging_mixin.py:190} INFO - [2025-04-01T17:25:43.422-0500] {dag.py:3239} INFO - Sync 1 DAGs
[2025-04-01T17:25:43.430-0500] {logging_mixin.py:190} INFO - [2025-04-01T17:25:43.430-0500] {dag.py:4180} INFO - Setting next_dagrun for example_dag_decorator to None, run_after=None
[2025-04-01T17:25:43.538-0500] {processor.py:208} INFO - Processing /mnt/d/Universidad/ETL/Proyecto_airflow/venv/lib/python3.12/site-packages/airflow/example_dags/example_dag_decorator.py took 1.295 seconds
[2025-04-01T17:27:21.196-0500] {processor.py:186} INFO - Started process (PID=7267) to work on /mnt/d/Universidad/ETL/Proyecto_airflow/venv/lib/python3.12/site-packages/airflow/example_dags/example_dag_decorator.py
[2025-04-01T17:27:21.197-0500] {processor.py:914} INFO - Processing file /mnt/d/Universidad/ETL/Proyecto_airflow/venv/lib/python3.12/site-packages/airflow/example_dags/example_dag_decorator.py for tasks to queue
[2025-04-01T17:27:21.199-0500] {logging_mixin.py:190} INFO - [2025-04-01T17:27:21.198-0500] {dagbag.py:588} INFO - Filling up the DagBag from /mnt/d/Universidad/ETL/Proyecto_airflow/venv/lib/python3.12/site-packages/airflow/example_dags/example_dag_decorator.py
[2025-04-01T17:27:21.453-0500] {processor.py:925} INFO - DAG(s) 'example_dag_decorator' retrieved from /mnt/d/Universidad/ETL/Proyecto_airflow/venv/lib/python3.12/site-packages/airflow/example_dags/example_dag_decorator.py
[2025-04-01T17:27:22.363-0500] {logging_mixin.py:190} INFO - [2025-04-01T17:27:22.362-0500] {dag.py:3239} INFO - Sync 1 DAGs
[2025-04-01T17:27:22.372-0500] {logging_mixin.py:190} INFO - [2025-04-01T17:27:22.371-0500] {dag.py:4180} INFO - Setting next_dagrun for example_dag_decorator to None, run_after=None
[2025-04-01T17:27:22.478-0500] {processor.py:208} INFO - Processing /mnt/d/Universidad/ETL/Proyecto_airflow/venv/lib/python3.12/site-packages/airflow/example_dags/example_dag_decorator.py took 1.290 seconds
[2025-04-01T17:28:47.246-0500] {processor.py:186} INFO - Started process (PID=7335) to work on /mnt/d/Universidad/ETL/Proyecto_airflow/venv/lib/python3.12/site-packages/airflow/example_dags/example_dag_decorator.py
[2025-04-01T17:28:47.247-0500] {processor.py:914} INFO - Processing file /mnt/d/Universidad/ETL/Proyecto_airflow/venv/lib/python3.12/site-packages/airflow/example_dags/example_dag_decorator.py for tasks to queue
[2025-04-01T17:28:47.250-0500] {logging_mixin.py:190} INFO - [2025-04-01T17:28:47.249-0500] {dagbag.py:588} INFO - Filling up the DagBag from /mnt/d/Universidad/ETL/Proyecto_airflow/venv/lib/python3.12/site-packages/airflow/example_dags/example_dag_decorator.py
[2025-04-01T17:28:47.501-0500] {processor.py:925} INFO - DAG(s) 'example_dag_decorator' retrieved from /mnt/d/Universidad/ETL/Proyecto_airflow/venv/lib/python3.12/site-packages/airflow/example_dags/example_dag_decorator.py
[2025-04-01T17:28:47.522-0500] {logging_mixin.py:190} INFO - [2025-04-01T17:28:47.521-0500] {dag.py:3239} INFO - Sync 1 DAGs
[2025-04-01T17:28:47.532-0500] {logging_mixin.py:190} INFO - [2025-04-01T17:28:47.531-0500] {dag.py:4180} INFO - Setting next_dagrun for example_dag_decorator to None, run_after=None
[2025-04-01T17:28:47.615-0500] {processor.py:208} INFO - Processing /mnt/d/Universidad/ETL/Proyecto_airflow/venv/lib/python3.12/site-packages/airflow/example_dags/example_dag_decorator.py took 0.377 seconds
