[2025-04-01T16:14:57.660-0500] {processor.py:186} INFO - Started process (PID=4019) to work on /mnt/d/Universidad/ETL/Proyecto_airflow/venv/lib/python3.12/site-packages/airflow/example_dags/example_params_trigger_ui.py
[2025-04-01T16:14:57.661-0500] {processor.py:914} INFO - Processing file /mnt/d/Universidad/ETL/Proyecto_airflow/venv/lib/python3.12/site-packages/airflow/example_dags/example_params_trigger_ui.py for tasks to queue
[2025-04-01T16:14:57.663-0500] {logging_mixin.py:190} INFO - [2025-04-01T16:14:57.662-0500] {dagbag.py:588} INFO - Filling up the DagBag from /mnt/d/Universidad/ETL/Proyecto_airflow/venv/lib/python3.12/site-packages/airflow/example_dags/example_params_trigger_ui.py
[2025-04-01T16:14:57.722-0500] {processor.py:925} INFO - DAG(s) 'example_params_trigger_ui' retrieved from /mnt/d/Universidad/ETL/Proyecto_airflow/venv/lib/python3.12/site-packages/airflow/example_dags/example_params_trigger_ui.py
[2025-04-01T16:14:58.867-0500] {logging_mixin.py:190} INFO - [2025-04-01T16:14:58.866-0500] {override.py:1930} INFO - Created Permission View: can delete on DAG:example_params_trigger_ui
[2025-04-01T16:14:58.935-0500] {logging_mixin.py:190} INFO - [2025-04-01T16:14:58.934-0500] {override.py:1930} INFO - Created Permission View: can edit on DAG:example_params_trigger_ui
[2025-04-01T16:14:59.004-0500] {logging_mixin.py:190} INFO - [2025-04-01T16:14:59.003-0500] {override.py:1930} INFO - Created Permission View: can read on DAG:example_params_trigger_ui
[2025-04-01T16:14:59.134-0500] {logging_mixin.py:190} INFO - [2025-04-01T16:14:59.133-0500] {override.py:1930} INFO - Created Permission View: can create on DAG Run:example_params_trigger_ui
[2025-04-01T16:14:59.211-0500] {logging_mixin.py:190} INFO - [2025-04-01T16:14:59.210-0500] {override.py:1930} INFO - Created Permission View: can delete on DAG Run:example_params_trigger_ui
[2025-04-01T16:14:59.304-0500] {logging_mixin.py:190} INFO - [2025-04-01T16:14:59.303-0500] {override.py:1930} INFO - Created Permission View: menu access on DAG Run:example_params_trigger_ui
[2025-04-01T16:14:59.363-0500] {logging_mixin.py:190} INFO - [2025-04-01T16:14:59.362-0500] {override.py:1930} INFO - Created Permission View: can read on DAG Run:example_params_trigger_ui
[2025-04-01T16:14:59.365-0500] {logging_mixin.py:190} INFO - [2025-04-01T16:14:59.364-0500] {dag.py:3239} INFO - Sync 1 DAGs
[2025-04-01T16:14:59.380-0500] {logging_mixin.py:190} INFO - [2025-04-01T16:14:59.379-0500] {dag.py:3262} INFO - Creating ORM DAG for example_params_trigger_ui
[2025-04-01T16:14:59.382-0500] {logging_mixin.py:190} INFO - [2025-04-01T16:14:59.381-0500] {dag.py:4180} INFO - Setting next_dagrun for example_params_trigger_ui to None, run_after=None
[2025-04-01T16:14:59.469-0500] {processor.py:208} INFO - Processing /mnt/d/Universidad/ETL/Proyecto_airflow/venv/lib/python3.12/site-packages/airflow/example_dags/example_params_trigger_ui.py took 1.817 seconds
[2025-04-01T16:16:38.387-0500] {processor.py:186} INFO - Started process (PID=4081) to work on /mnt/d/Universidad/ETL/Proyecto_airflow/venv/lib/python3.12/site-packages/airflow/example_dags/example_params_trigger_ui.py
[2025-04-01T16:16:38.388-0500] {processor.py:914} INFO - Processing file /mnt/d/Universidad/ETL/Proyecto_airflow/venv/lib/python3.12/site-packages/airflow/example_dags/example_params_trigger_ui.py for tasks to queue
[2025-04-01T16:16:38.391-0500] {logging_mixin.py:190} INFO - [2025-04-01T16:16:38.390-0500] {dagbag.py:588} INFO - Filling up the DagBag from /mnt/d/Universidad/ETL/Proyecto_airflow/venv/lib/python3.12/site-packages/airflow/example_dags/example_params_trigger_ui.py
[2025-04-01T16:16:38.448-0500] {processor.py:925} INFO - DAG(s) 'example_params_trigger_ui' retrieved from /mnt/d/Universidad/ETL/Proyecto_airflow/venv/lib/python3.12/site-packages/airflow/example_dags/example_params_trigger_ui.py
[2025-04-01T16:16:38.488-0500] {logging_mixin.py:190} INFO - [2025-04-01T16:16:38.488-0500] {dag.py:3239} INFO - Sync 1 DAGs
[2025-04-01T16:16:38.498-0500] {logging_mixin.py:190} INFO - [2025-04-01T16:16:38.498-0500] {dag.py:4180} INFO - Setting next_dagrun for example_params_trigger_ui to None, run_after=None
[2025-04-01T16:16:38.603-0500] {processor.py:208} INFO - Processing /mnt/d/Universidad/ETL/Proyecto_airflow/venv/lib/python3.12/site-packages/airflow/example_dags/example_params_trigger_ui.py took 0.224 seconds
[2025-04-01T16:18:37.022-0500] {processor.py:186} INFO - Started process (PID=4152) to work on /mnt/d/Universidad/ETL/Proyecto_airflow/venv/lib/python3.12/site-packages/airflow/example_dags/example_params_trigger_ui.py
[2025-04-01T16:18:37.023-0500] {processor.py:914} INFO - Processing file /mnt/d/Universidad/ETL/Proyecto_airflow/venv/lib/python3.12/site-packages/airflow/example_dags/example_params_trigger_ui.py for tasks to queue
[2025-04-01T16:18:37.026-0500] {logging_mixin.py:190} INFO - [2025-04-01T16:18:37.025-0500] {dagbag.py:588} INFO - Filling up the DagBag from /mnt/d/Universidad/ETL/Proyecto_airflow/venv/lib/python3.12/site-packages/airflow/example_dags/example_params_trigger_ui.py
[2025-04-01T16:18:37.082-0500] {processor.py:925} INFO - DAG(s) 'example_params_trigger_ui' retrieved from /mnt/d/Universidad/ETL/Proyecto_airflow/venv/lib/python3.12/site-packages/airflow/example_dags/example_params_trigger_ui.py
[2025-04-01T16:18:37.111-0500] {logging_mixin.py:190} INFO - [2025-04-01T16:18:37.110-0500] {dag.py:3239} INFO - Sync 1 DAGs
[2025-04-01T16:18:37.120-0500] {logging_mixin.py:190} INFO - [2025-04-01T16:18:37.119-0500] {dag.py:4180} INFO - Setting next_dagrun for example_params_trigger_ui to None, run_after=None
[2025-04-01T16:18:37.201-0500] {processor.py:208} INFO - Processing /mnt/d/Universidad/ETL/Proyecto_airflow/venv/lib/python3.12/site-packages/airflow/example_dags/example_params_trigger_ui.py took 0.187 seconds
[2025-04-01T16:20:08.723-0500] {processor.py:186} INFO - Started process (PID=4224) to work on /mnt/d/Universidad/ETL/Proyecto_airflow/venv/lib/python3.12/site-packages/airflow/example_dags/example_params_trigger_ui.py
[2025-04-01T16:20:08.724-0500] {processor.py:914} INFO - Processing file /mnt/d/Universidad/ETL/Proyecto_airflow/venv/lib/python3.12/site-packages/airflow/example_dags/example_params_trigger_ui.py for tasks to queue
[2025-04-01T16:20:08.727-0500] {logging_mixin.py:190} INFO - [2025-04-01T16:20:08.726-0500] {dagbag.py:588} INFO - Filling up the DagBag from /mnt/d/Universidad/ETL/Proyecto_airflow/venv/lib/python3.12/site-packages/airflow/example_dags/example_params_trigger_ui.py
[2025-04-01T16:20:08.782-0500] {processor.py:925} INFO - DAG(s) 'example_params_trigger_ui' retrieved from /mnt/d/Universidad/ETL/Proyecto_airflow/venv/lib/python3.12/site-packages/airflow/example_dags/example_params_trigger_ui.py
[2025-04-01T16:20:08.811-0500] {logging_mixin.py:190} INFO - [2025-04-01T16:20:08.810-0500] {dag.py:3239} INFO - Sync 1 DAGs
[2025-04-01T16:20:08.820-0500] {logging_mixin.py:190} INFO - [2025-04-01T16:20:08.819-0500] {dag.py:4180} INFO - Setting next_dagrun for example_params_trigger_ui to None, run_after=None
[2025-04-01T16:20:08.919-0500] {processor.py:208} INFO - Processing /mnt/d/Universidad/ETL/Proyecto_airflow/venv/lib/python3.12/site-packages/airflow/example_dags/example_params_trigger_ui.py took 0.204 seconds
[2025-04-01T16:21:37.259-0500] {processor.py:186} INFO - Started process (PID=4297) to work on /mnt/d/Universidad/ETL/Proyecto_airflow/venv/lib/python3.12/site-packages/airflow/example_dags/example_params_trigger_ui.py
[2025-04-01T16:21:37.261-0500] {processor.py:914} INFO - Processing file /mnt/d/Universidad/ETL/Proyecto_airflow/venv/lib/python3.12/site-packages/airflow/example_dags/example_params_trigger_ui.py for tasks to queue
[2025-04-01T16:21:37.263-0500] {logging_mixin.py:190} INFO - [2025-04-01T16:21:37.262-0500] {dagbag.py:588} INFO - Filling up the DagBag from /mnt/d/Universidad/ETL/Proyecto_airflow/venv/lib/python3.12/site-packages/airflow/example_dags/example_params_trigger_ui.py
[2025-04-01T16:21:37.317-0500] {processor.py:925} INFO - DAG(s) 'example_params_trigger_ui' retrieved from /mnt/d/Universidad/ETL/Proyecto_airflow/venv/lib/python3.12/site-packages/airflow/example_dags/example_params_trigger_ui.py
[2025-04-01T16:21:37.348-0500] {logging_mixin.py:190} INFO - [2025-04-01T16:21:37.347-0500] {dag.py:3239} INFO - Sync 1 DAGs
[2025-04-01T16:21:37.357-0500] {logging_mixin.py:190} INFO - [2025-04-01T16:21:37.357-0500] {dag.py:4180} INFO - Setting next_dagrun for example_params_trigger_ui to None, run_after=None
[2025-04-01T16:21:37.460-0500] {processor.py:208} INFO - Processing /mnt/d/Universidad/ETL/Proyecto_airflow/venv/lib/python3.12/site-packages/airflow/example_dags/example_params_trigger_ui.py took 0.209 seconds
[2025-04-01T16:22:59.307-0500] {processor.py:186} INFO - Started process (PID=4363) to work on /mnt/d/Universidad/ETL/Proyecto_airflow/venv/lib/python3.12/site-packages/airflow/example_dags/example_params_trigger_ui.py
[2025-04-01T16:22:59.308-0500] {processor.py:914} INFO - Processing file /mnt/d/Universidad/ETL/Proyecto_airflow/venv/lib/python3.12/site-packages/airflow/example_dags/example_params_trigger_ui.py for tasks to queue
[2025-04-01T16:22:59.310-0500] {logging_mixin.py:190} INFO - [2025-04-01T16:22:59.310-0500] {dagbag.py:588} INFO - Filling up the DagBag from /mnt/d/Universidad/ETL/Proyecto_airflow/venv/lib/python3.12/site-packages/airflow/example_dags/example_params_trigger_ui.py
[2025-04-01T16:22:59.365-0500] {processor.py:925} INFO - DAG(s) 'example_params_trigger_ui' retrieved from /mnt/d/Universidad/ETL/Proyecto_airflow/venv/lib/python3.12/site-packages/airflow/example_dags/example_params_trigger_ui.py
[2025-04-01T16:22:59.394-0500] {logging_mixin.py:190} INFO - [2025-04-01T16:22:59.393-0500] {dag.py:3239} INFO - Sync 1 DAGs
[2025-04-01T16:22:59.403-0500] {logging_mixin.py:190} INFO - [2025-04-01T16:22:59.402-0500] {dag.py:4180} INFO - Setting next_dagrun for example_params_trigger_ui to None, run_after=None
[2025-04-01T16:22:59.504-0500] {processor.py:208} INFO - Processing /mnt/d/Universidad/ETL/Proyecto_airflow/venv/lib/python3.12/site-packages/airflow/example_dags/example_params_trigger_ui.py took 0.205 seconds
[2025-04-01T16:24:34.258-0500] {processor.py:186} INFO - Started process (PID=4435) to work on /mnt/d/Universidad/ETL/Proyecto_airflow/venv/lib/python3.12/site-packages/airflow/example_dags/example_params_trigger_ui.py
[2025-04-01T16:24:34.259-0500] {processor.py:914} INFO - Processing file /mnt/d/Universidad/ETL/Proyecto_airflow/venv/lib/python3.12/site-packages/airflow/example_dags/example_params_trigger_ui.py for tasks to queue
[2025-04-01T16:24:34.262-0500] {logging_mixin.py:190} INFO - [2025-04-01T16:24:34.261-0500] {dagbag.py:588} INFO - Filling up the DagBag from /mnt/d/Universidad/ETL/Proyecto_airflow/venv/lib/python3.12/site-packages/airflow/example_dags/example_params_trigger_ui.py
[2025-04-01T16:24:34.317-0500] {processor.py:925} INFO - DAG(s) 'example_params_trigger_ui' retrieved from /mnt/d/Universidad/ETL/Proyecto_airflow/venv/lib/python3.12/site-packages/airflow/example_dags/example_params_trigger_ui.py
[2025-04-01T16:24:34.348-0500] {logging_mixin.py:190} INFO - [2025-04-01T16:24:34.347-0500] {dag.py:3239} INFO - Sync 1 DAGs
[2025-04-01T16:24:34.358-0500] {logging_mixin.py:190} INFO - [2025-04-01T16:24:34.357-0500] {dag.py:4180} INFO - Setting next_dagrun for example_params_trigger_ui to None, run_after=None
[2025-04-01T16:24:34.463-0500] {processor.py:208} INFO - Processing /mnt/d/Universidad/ETL/Proyecto_airflow/venv/lib/python3.12/site-packages/airflow/example_dags/example_params_trigger_ui.py took 0.214 seconds
[2025-04-01T16:26:10.476-0500] {processor.py:186} INFO - Started process (PID=4506) to work on /mnt/d/Universidad/ETL/Proyecto_airflow/venv/lib/python3.12/site-packages/airflow/example_dags/example_params_trigger_ui.py
[2025-04-01T16:26:10.477-0500] {processor.py:914} INFO - Processing file /mnt/d/Universidad/ETL/Proyecto_airflow/venv/lib/python3.12/site-packages/airflow/example_dags/example_params_trigger_ui.py for tasks to queue
[2025-04-01T16:26:10.479-0500] {logging_mixin.py:190} INFO - [2025-04-01T16:26:10.478-0500] {dagbag.py:588} INFO - Filling up the DagBag from /mnt/d/Universidad/ETL/Proyecto_airflow/venv/lib/python3.12/site-packages/airflow/example_dags/example_params_trigger_ui.py
[2025-04-01T16:26:10.534-0500] {processor.py:925} INFO - DAG(s) 'example_params_trigger_ui' retrieved from /mnt/d/Universidad/ETL/Proyecto_airflow/venv/lib/python3.12/site-packages/airflow/example_dags/example_params_trigger_ui.py
[2025-04-01T16:26:10.618-0500] {logging_mixin.py:190} INFO - [2025-04-01T16:26:10.617-0500] {dag.py:3239} INFO - Sync 1 DAGs
[2025-04-01T16:26:10.627-0500] {logging_mixin.py:190} INFO - [2025-04-01T16:26:10.626-0500] {dag.py:4180} INFO - Setting next_dagrun for example_params_trigger_ui to None, run_after=None
[2025-04-01T16:26:10.705-0500] {processor.py:208} INFO - Processing /mnt/d/Universidad/ETL/Proyecto_airflow/venv/lib/python3.12/site-packages/airflow/example_dags/example_params_trigger_ui.py took 0.238 seconds
[2025-04-01T16:27:41.204-0500] {processor.py:186} INFO - Started process (PID=4577) to work on /mnt/d/Universidad/ETL/Proyecto_airflow/venv/lib/python3.12/site-packages/airflow/example_dags/example_params_trigger_ui.py
[2025-04-01T16:27:41.206-0500] {processor.py:914} INFO - Processing file /mnt/d/Universidad/ETL/Proyecto_airflow/venv/lib/python3.12/site-packages/airflow/example_dags/example_params_trigger_ui.py for tasks to queue
[2025-04-01T16:27:41.208-0500] {logging_mixin.py:190} INFO - [2025-04-01T16:27:41.207-0500] {dagbag.py:588} INFO - Filling up the DagBag from /mnt/d/Universidad/ETL/Proyecto_airflow/venv/lib/python3.12/site-packages/airflow/example_dags/example_params_trigger_ui.py
[2025-04-01T16:27:41.263-0500] {processor.py:925} INFO - DAG(s) 'example_params_trigger_ui' retrieved from /mnt/d/Universidad/ETL/Proyecto_airflow/venv/lib/python3.12/site-packages/airflow/example_dags/example_params_trigger_ui.py
[2025-04-01T16:27:41.292-0500] {logging_mixin.py:190} INFO - [2025-04-01T16:27:41.292-0500] {dag.py:3239} INFO - Sync 1 DAGs
[2025-04-01T16:27:41.301-0500] {logging_mixin.py:190} INFO - [2025-04-01T16:27:41.301-0500] {dag.py:4180} INFO - Setting next_dagrun for example_params_trigger_ui to None, run_after=None
[2025-04-01T16:27:41.385-0500] {processor.py:208} INFO - Processing /mnt/d/Universidad/ETL/Proyecto_airflow/venv/lib/python3.12/site-packages/airflow/example_dags/example_params_trigger_ui.py took 0.188 seconds
[2025-04-01T16:29:10.642-0500] {processor.py:186} INFO - Started process (PID=4647) to work on /mnt/d/Universidad/ETL/Proyecto_airflow/venv/lib/python3.12/site-packages/airflow/example_dags/example_params_trigger_ui.py
[2025-04-01T16:29:10.643-0500] {processor.py:914} INFO - Processing file /mnt/d/Universidad/ETL/Proyecto_airflow/venv/lib/python3.12/site-packages/airflow/example_dags/example_params_trigger_ui.py for tasks to queue
[2025-04-01T16:29:10.645-0500] {logging_mixin.py:190} INFO - [2025-04-01T16:29:10.644-0500] {dagbag.py:588} INFO - Filling up the DagBag from /mnt/d/Universidad/ETL/Proyecto_airflow/venv/lib/python3.12/site-packages/airflow/example_dags/example_params_trigger_ui.py
[2025-04-01T16:29:10.706-0500] {processor.py:925} INFO - DAG(s) 'example_params_trigger_ui' retrieved from /mnt/d/Universidad/ETL/Proyecto_airflow/venv/lib/python3.12/site-packages/airflow/example_dags/example_params_trigger_ui.py
[2025-04-01T16:29:10.737-0500] {logging_mixin.py:190} INFO - [2025-04-01T16:29:10.736-0500] {dag.py:3239} INFO - Sync 1 DAGs
[2025-04-01T16:29:10.747-0500] {logging_mixin.py:190} INFO - [2025-04-01T16:29:10.747-0500] {dag.py:4180} INFO - Setting next_dagrun for example_params_trigger_ui to None, run_after=None
[2025-04-01T16:29:10.828-0500] {processor.py:208} INFO - Processing /mnt/d/Universidad/ETL/Proyecto_airflow/venv/lib/python3.12/site-packages/airflow/example_dags/example_params_trigger_ui.py took 0.194 seconds
[2025-04-01T16:30:41.624-0500] {processor.py:186} INFO - Started process (PID=4719) to work on /mnt/d/Universidad/ETL/Proyecto_airflow/venv/lib/python3.12/site-packages/airflow/example_dags/example_params_trigger_ui.py
[2025-04-01T16:30:41.625-0500] {processor.py:914} INFO - Processing file /mnt/d/Universidad/ETL/Proyecto_airflow/venv/lib/python3.12/site-packages/airflow/example_dags/example_params_trigger_ui.py for tasks to queue
[2025-04-01T16:30:41.627-0500] {logging_mixin.py:190} INFO - [2025-04-01T16:30:41.626-0500] {dagbag.py:588} INFO - Filling up the DagBag from /mnt/d/Universidad/ETL/Proyecto_airflow/venv/lib/python3.12/site-packages/airflow/example_dags/example_params_trigger_ui.py
[2025-04-01T16:30:41.682-0500] {processor.py:925} INFO - DAG(s) 'example_params_trigger_ui' retrieved from /mnt/d/Universidad/ETL/Proyecto_airflow/venv/lib/python3.12/site-packages/airflow/example_dags/example_params_trigger_ui.py
[2025-04-01T16:30:41.711-0500] {logging_mixin.py:190} INFO - [2025-04-01T16:30:41.710-0500] {dag.py:3239} INFO - Sync 1 DAGs
[2025-04-01T16:30:41.720-0500] {logging_mixin.py:190} INFO - [2025-04-01T16:30:41.719-0500] {dag.py:4180} INFO - Setting next_dagrun for example_params_trigger_ui to None, run_after=None
[2025-04-01T16:30:41.826-0500] {processor.py:208} INFO - Processing /mnt/d/Universidad/ETL/Proyecto_airflow/venv/lib/python3.12/site-packages/airflow/example_dags/example_params_trigger_ui.py took 0.211 seconds
[2025-04-01T16:32:19.313-0500] {processor.py:186} INFO - Started process (PID=4792) to work on /mnt/d/Universidad/ETL/Proyecto_airflow/venv/lib/python3.12/site-packages/airflow/example_dags/example_params_trigger_ui.py
[2025-04-01T16:32:19.314-0500] {processor.py:914} INFO - Processing file /mnt/d/Universidad/ETL/Proyecto_airflow/venv/lib/python3.12/site-packages/airflow/example_dags/example_params_trigger_ui.py for tasks to queue
[2025-04-01T16:32:19.317-0500] {logging_mixin.py:190} INFO - [2025-04-01T16:32:19.316-0500] {dagbag.py:588} INFO - Filling up the DagBag from /mnt/d/Universidad/ETL/Proyecto_airflow/venv/lib/python3.12/site-packages/airflow/example_dags/example_params_trigger_ui.py
[2025-04-01T16:32:19.371-0500] {processor.py:925} INFO - DAG(s) 'example_params_trigger_ui' retrieved from /mnt/d/Universidad/ETL/Proyecto_airflow/venv/lib/python3.12/site-packages/airflow/example_dags/example_params_trigger_ui.py
[2025-04-01T16:32:19.400-0500] {logging_mixin.py:190} INFO - [2025-04-01T16:32:19.399-0500] {dag.py:3239} INFO - Sync 1 DAGs
[2025-04-01T16:32:19.409-0500] {logging_mixin.py:190} INFO - [2025-04-01T16:32:19.409-0500] {dag.py:4180} INFO - Setting next_dagrun for example_params_trigger_ui to None, run_after=None
[2025-04-01T16:32:19.484-0500] {processor.py:208} INFO - Processing /mnt/d/Universidad/ETL/Proyecto_airflow/venv/lib/python3.12/site-packages/airflow/example_dags/example_params_trigger_ui.py took 0.179 seconds
[2025-04-01T16:33:50.932-0500] {processor.py:186} INFO - Started process (PID=4862) to work on /mnt/d/Universidad/ETL/Proyecto_airflow/venv/lib/python3.12/site-packages/airflow/example_dags/example_params_trigger_ui.py
[2025-04-01T16:33:50.933-0500] {processor.py:914} INFO - Processing file /mnt/d/Universidad/ETL/Proyecto_airflow/venv/lib/python3.12/site-packages/airflow/example_dags/example_params_trigger_ui.py for tasks to queue
[2025-04-01T16:33:50.935-0500] {logging_mixin.py:190} INFO - [2025-04-01T16:33:50.934-0500] {dagbag.py:588} INFO - Filling up the DagBag from /mnt/d/Universidad/ETL/Proyecto_airflow/venv/lib/python3.12/site-packages/airflow/example_dags/example_params_trigger_ui.py
[2025-04-01T16:33:50.991-0500] {processor.py:925} INFO - DAG(s) 'example_params_trigger_ui' retrieved from /mnt/d/Universidad/ETL/Proyecto_airflow/venv/lib/python3.12/site-packages/airflow/example_dags/example_params_trigger_ui.py
[2025-04-01T16:33:51.022-0500] {logging_mixin.py:190} INFO - [2025-04-01T16:33:51.021-0500] {dag.py:3239} INFO - Sync 1 DAGs
[2025-04-01T16:33:51.032-0500] {logging_mixin.py:190} INFO - [2025-04-01T16:33:51.031-0500] {dag.py:4180} INFO - Setting next_dagrun for example_params_trigger_ui to None, run_after=None
[2025-04-01T16:33:51.108-0500] {processor.py:208} INFO - Processing /mnt/d/Universidad/ETL/Proyecto_airflow/venv/lib/python3.12/site-packages/airflow/example_dags/example_params_trigger_ui.py took 0.185 seconds
[2025-04-01T16:35:16.976-0500] {processor.py:186} INFO - Started process (PID=4931) to work on /mnt/d/Universidad/ETL/Proyecto_airflow/venv/lib/python3.12/site-packages/airflow/example_dags/example_params_trigger_ui.py
[2025-04-01T16:35:16.977-0500] {processor.py:914} INFO - Processing file /mnt/d/Universidad/ETL/Proyecto_airflow/venv/lib/python3.12/site-packages/airflow/example_dags/example_params_trigger_ui.py for tasks to queue
[2025-04-01T16:35:16.979-0500] {logging_mixin.py:190} INFO - [2025-04-01T16:35:16.978-0500] {dagbag.py:588} INFO - Filling up the DagBag from /mnt/d/Universidad/ETL/Proyecto_airflow/venv/lib/python3.12/site-packages/airflow/example_dags/example_params_trigger_ui.py
[2025-04-01T16:35:17.034-0500] {processor.py:925} INFO - DAG(s) 'example_params_trigger_ui' retrieved from /mnt/d/Universidad/ETL/Proyecto_airflow/venv/lib/python3.12/site-packages/airflow/example_dags/example_params_trigger_ui.py
[2025-04-01T16:35:17.063-0500] {logging_mixin.py:190} INFO - [2025-04-01T16:35:17.062-0500] {dag.py:3239} INFO - Sync 1 DAGs
[2025-04-01T16:35:17.072-0500] {logging_mixin.py:190} INFO - [2025-04-01T16:35:17.072-0500] {dag.py:4180} INFO - Setting next_dagrun for example_params_trigger_ui to None, run_after=None
[2025-04-01T16:35:17.152-0500] {processor.py:208} INFO - Processing /mnt/d/Universidad/ETL/Proyecto_airflow/venv/lib/python3.12/site-packages/airflow/example_dags/example_params_trigger_ui.py took 0.184 seconds
[2025-04-01T16:36:51.941-0500] {processor.py:186} INFO - Started process (PID=5002) to work on /mnt/d/Universidad/ETL/Proyecto_airflow/venv/lib/python3.12/site-packages/airflow/example_dags/example_params_trigger_ui.py
[2025-04-01T16:36:51.942-0500] {processor.py:914} INFO - Processing file /mnt/d/Universidad/ETL/Proyecto_airflow/venv/lib/python3.12/site-packages/airflow/example_dags/example_params_trigger_ui.py for tasks to queue
[2025-04-01T16:36:51.945-0500] {logging_mixin.py:190} INFO - [2025-04-01T16:36:51.944-0500] {dagbag.py:588} INFO - Filling up the DagBag from /mnt/d/Universidad/ETL/Proyecto_airflow/venv/lib/python3.12/site-packages/airflow/example_dags/example_params_trigger_ui.py
[2025-04-01T16:36:52.001-0500] {processor.py:925} INFO - DAG(s) 'example_params_trigger_ui' retrieved from /mnt/d/Universidad/ETL/Proyecto_airflow/venv/lib/python3.12/site-packages/airflow/example_dags/example_params_trigger_ui.py
[2025-04-01T16:36:52.032-0500] {logging_mixin.py:190} INFO - [2025-04-01T16:36:52.031-0500] {dag.py:3239} INFO - Sync 1 DAGs
[2025-04-01T16:36:52.042-0500] {logging_mixin.py:190} INFO - [2025-04-01T16:36:52.041-0500] {dag.py:4180} INFO - Setting next_dagrun for example_params_trigger_ui to None, run_after=None
[2025-04-01T16:36:52.153-0500] {processor.py:208} INFO - Processing /mnt/d/Universidad/ETL/Proyecto_airflow/venv/lib/python3.12/site-packages/airflow/example_dags/example_params_trigger_ui.py took 0.220 seconds
[2025-04-01T16:38:24.730-0500] {processor.py:186} INFO - Started process (PID=5071) to work on /mnt/d/Universidad/ETL/Proyecto_airflow/venv/lib/python3.12/site-packages/airflow/example_dags/example_params_trigger_ui.py
[2025-04-01T16:38:24.731-0500] {processor.py:914} INFO - Processing file /mnt/d/Universidad/ETL/Proyecto_airflow/venv/lib/python3.12/site-packages/airflow/example_dags/example_params_trigger_ui.py for tasks to queue
[2025-04-01T16:38:24.733-0500] {logging_mixin.py:190} INFO - [2025-04-01T16:38:24.732-0500] {dagbag.py:588} INFO - Filling up the DagBag from /mnt/d/Universidad/ETL/Proyecto_airflow/venv/lib/python3.12/site-packages/airflow/example_dags/example_params_trigger_ui.py
[2025-04-01T16:38:24.792-0500] {processor.py:925} INFO - DAG(s) 'example_params_trigger_ui' retrieved from /mnt/d/Universidad/ETL/Proyecto_airflow/venv/lib/python3.12/site-packages/airflow/example_dags/example_params_trigger_ui.py
[2025-04-01T16:38:24.827-0500] {logging_mixin.py:190} INFO - [2025-04-01T16:38:24.826-0500] {dag.py:3239} INFO - Sync 1 DAGs
[2025-04-01T16:38:24.838-0500] {logging_mixin.py:190} INFO - [2025-04-01T16:38:24.838-0500] {dag.py:4180} INFO - Setting next_dagrun for example_params_trigger_ui to None, run_after=None
[2025-04-01T16:38:24.929-0500] {processor.py:208} INFO - Processing /mnt/d/Universidad/ETL/Proyecto_airflow/venv/lib/python3.12/site-packages/airflow/example_dags/example_params_trigger_ui.py took 0.208 seconds
[2025-04-01T16:39:54.880-0500] {processor.py:186} INFO - Started process (PID=5142) to work on /mnt/d/Universidad/ETL/Proyecto_airflow/venv/lib/python3.12/site-packages/airflow/example_dags/example_params_trigger_ui.py
[2025-04-01T16:39:54.881-0500] {processor.py:914} INFO - Processing file /mnt/d/Universidad/ETL/Proyecto_airflow/venv/lib/python3.12/site-packages/airflow/example_dags/example_params_trigger_ui.py for tasks to queue
[2025-04-01T16:39:54.884-0500] {logging_mixin.py:190} INFO - [2025-04-01T16:39:54.883-0500] {dagbag.py:588} INFO - Filling up the DagBag from /mnt/d/Universidad/ETL/Proyecto_airflow/venv/lib/python3.12/site-packages/airflow/example_dags/example_params_trigger_ui.py
[2025-04-01T16:39:54.938-0500] {processor.py:925} INFO - DAG(s) 'example_params_trigger_ui' retrieved from /mnt/d/Universidad/ETL/Proyecto_airflow/venv/lib/python3.12/site-packages/airflow/example_dags/example_params_trigger_ui.py
[2025-04-01T16:39:54.967-0500] {logging_mixin.py:190} INFO - [2025-04-01T16:39:54.966-0500] {dag.py:3239} INFO - Sync 1 DAGs
[2025-04-01T16:39:54.976-0500] {logging_mixin.py:190} INFO - [2025-04-01T16:39:54.975-0500] {dag.py:4180} INFO - Setting next_dagrun for example_params_trigger_ui to None, run_after=None
[2025-04-01T16:39:55.070-0500] {processor.py:208} INFO - Processing /mnt/d/Universidad/ETL/Proyecto_airflow/venv/lib/python3.12/site-packages/airflow/example_dags/example_params_trigger_ui.py took 0.198 seconds
[2025-04-01T16:41:33.878-0500] {processor.py:186} INFO - Started process (PID=5216) to work on /mnt/d/Universidad/ETL/Proyecto_airflow/venv/lib/python3.12/site-packages/airflow/example_dags/example_params_trigger_ui.py
[2025-04-01T16:41:33.879-0500] {processor.py:914} INFO - Processing file /mnt/d/Universidad/ETL/Proyecto_airflow/venv/lib/python3.12/site-packages/airflow/example_dags/example_params_trigger_ui.py for tasks to queue
[2025-04-01T16:41:33.881-0500] {logging_mixin.py:190} INFO - [2025-04-01T16:41:33.880-0500] {dagbag.py:588} INFO - Filling up the DagBag from /mnt/d/Universidad/ETL/Proyecto_airflow/venv/lib/python3.12/site-packages/airflow/example_dags/example_params_trigger_ui.py
[2025-04-01T16:41:33.936-0500] {processor.py:925} INFO - DAG(s) 'example_params_trigger_ui' retrieved from /mnt/d/Universidad/ETL/Proyecto_airflow/venv/lib/python3.12/site-packages/airflow/example_dags/example_params_trigger_ui.py
[2025-04-01T16:41:33.967-0500] {logging_mixin.py:190} INFO - [2025-04-01T16:41:33.966-0500] {dag.py:3239} INFO - Sync 1 DAGs
[2025-04-01T16:41:33.977-0500] {logging_mixin.py:190} INFO - [2025-04-01T16:41:33.977-0500] {dag.py:4180} INFO - Setting next_dagrun for example_params_trigger_ui to None, run_after=None
[2025-04-01T16:41:34.064-0500] {processor.py:208} INFO - Processing /mnt/d/Universidad/ETL/Proyecto_airflow/venv/lib/python3.12/site-packages/airflow/example_dags/example_params_trigger_ui.py took 0.194 seconds
[2025-04-01T16:43:05.745-0500] {processor.py:186} INFO - Started process (PID=5286) to work on /mnt/d/Universidad/ETL/Proyecto_airflow/venv/lib/python3.12/site-packages/airflow/example_dags/example_params_trigger_ui.py
[2025-04-01T16:43:05.746-0500] {processor.py:914} INFO - Processing file /mnt/d/Universidad/ETL/Proyecto_airflow/venv/lib/python3.12/site-packages/airflow/example_dags/example_params_trigger_ui.py for tasks to queue
[2025-04-01T16:43:05.749-0500] {logging_mixin.py:190} INFO - [2025-04-01T16:43:05.748-0500] {dagbag.py:588} INFO - Filling up the DagBag from /mnt/d/Universidad/ETL/Proyecto_airflow/venv/lib/python3.12/site-packages/airflow/example_dags/example_params_trigger_ui.py
[2025-04-01T16:43:05.804-0500] {processor.py:925} INFO - DAG(s) 'example_params_trigger_ui' retrieved from /mnt/d/Universidad/ETL/Proyecto_airflow/venv/lib/python3.12/site-packages/airflow/example_dags/example_params_trigger_ui.py
[2025-04-01T16:43:05.833-0500] {logging_mixin.py:190} INFO - [2025-04-01T16:43:05.832-0500] {dag.py:3239} INFO - Sync 1 DAGs
[2025-04-01T16:43:05.842-0500] {logging_mixin.py:190} INFO - [2025-04-01T16:43:05.841-0500] {dag.py:4180} INFO - Setting next_dagrun for example_params_trigger_ui to None, run_after=None
[2025-04-01T16:43:05.947-0500] {processor.py:208} INFO - Processing /mnt/d/Universidad/ETL/Proyecto_airflow/venv/lib/python3.12/site-packages/airflow/example_dags/example_params_trigger_ui.py took 0.209 seconds
[2025-04-01T16:44:38.508-0500] {processor.py:186} INFO - Started process (PID=5357) to work on /mnt/d/Universidad/ETL/Proyecto_airflow/venv/lib/python3.12/site-packages/airflow/example_dags/example_params_trigger_ui.py
[2025-04-01T16:44:38.509-0500] {processor.py:914} INFO - Processing file /mnt/d/Universidad/ETL/Proyecto_airflow/venv/lib/python3.12/site-packages/airflow/example_dags/example_params_trigger_ui.py for tasks to queue
[2025-04-01T16:44:38.512-0500] {logging_mixin.py:190} INFO - [2025-04-01T16:44:38.511-0500] {dagbag.py:588} INFO - Filling up the DagBag from /mnt/d/Universidad/ETL/Proyecto_airflow/venv/lib/python3.12/site-packages/airflow/example_dags/example_params_trigger_ui.py
[2025-04-01T16:44:38.567-0500] {processor.py:925} INFO - DAG(s) 'example_params_trigger_ui' retrieved from /mnt/d/Universidad/ETL/Proyecto_airflow/venv/lib/python3.12/site-packages/airflow/example_dags/example_params_trigger_ui.py
[2025-04-01T16:44:38.596-0500] {logging_mixin.py:190} INFO - [2025-04-01T16:44:38.595-0500] {dag.py:3239} INFO - Sync 1 DAGs
[2025-04-01T16:44:38.605-0500] {logging_mixin.py:190} INFO - [2025-04-01T16:44:38.604-0500] {dag.py:4180} INFO - Setting next_dagrun for example_params_trigger_ui to None, run_after=None
[2025-04-01T16:44:38.682-0500] {processor.py:208} INFO - Processing /mnt/d/Universidad/ETL/Proyecto_airflow/venv/lib/python3.12/site-packages/airflow/example_dags/example_params_trigger_ui.py took 0.181 seconds
[2025-04-01T16:46:17.421-0500] {processor.py:186} INFO - Started process (PID=5430) to work on /mnt/d/Universidad/ETL/Proyecto_airflow/venv/lib/python3.12/site-packages/airflow/example_dags/example_params_trigger_ui.py
[2025-04-01T16:46:17.422-0500] {processor.py:914} INFO - Processing file /mnt/d/Universidad/ETL/Proyecto_airflow/venv/lib/python3.12/site-packages/airflow/example_dags/example_params_trigger_ui.py for tasks to queue
[2025-04-01T16:46:17.425-0500] {logging_mixin.py:190} INFO - [2025-04-01T16:46:17.424-0500] {dagbag.py:588} INFO - Filling up the DagBag from /mnt/d/Universidad/ETL/Proyecto_airflow/venv/lib/python3.12/site-packages/airflow/example_dags/example_params_trigger_ui.py
[2025-04-01T16:46:17.479-0500] {processor.py:925} INFO - DAG(s) 'example_params_trigger_ui' retrieved from /mnt/d/Universidad/ETL/Proyecto_airflow/venv/lib/python3.12/site-packages/airflow/example_dags/example_params_trigger_ui.py
[2025-04-01T16:46:17.507-0500] {logging_mixin.py:190} INFO - [2025-04-01T16:46:17.507-0500] {dag.py:3239} INFO - Sync 1 DAGs
[2025-04-01T16:46:17.516-0500] {logging_mixin.py:190} INFO - [2025-04-01T16:46:17.515-0500] {dag.py:4180} INFO - Setting next_dagrun for example_params_trigger_ui to None, run_after=None
[2025-04-01T16:46:17.633-0500] {processor.py:208} INFO - Processing /mnt/d/Universidad/ETL/Proyecto_airflow/venv/lib/python3.12/site-packages/airflow/example_dags/example_params_trigger_ui.py took 0.219 seconds
[2025-04-01T16:47:53.856-0500] {processor.py:186} INFO - Started process (PID=5502) to work on /mnt/d/Universidad/ETL/Proyecto_airflow/venv/lib/python3.12/site-packages/airflow/example_dags/example_params_trigger_ui.py
[2025-04-01T16:47:53.857-0500] {processor.py:914} INFO - Processing file /mnt/d/Universidad/ETL/Proyecto_airflow/venv/lib/python3.12/site-packages/airflow/example_dags/example_params_trigger_ui.py for tasks to queue
[2025-04-01T16:47:53.860-0500] {logging_mixin.py:190} INFO - [2025-04-01T16:47:53.859-0500] {dagbag.py:588} INFO - Filling up the DagBag from /mnt/d/Universidad/ETL/Proyecto_airflow/venv/lib/python3.12/site-packages/airflow/example_dags/example_params_trigger_ui.py
[2025-04-01T16:47:53.918-0500] {processor.py:925} INFO - DAG(s) 'example_params_trigger_ui' retrieved from /mnt/d/Universidad/ETL/Proyecto_airflow/venv/lib/python3.12/site-packages/airflow/example_dags/example_params_trigger_ui.py
[2025-04-01T16:47:53.969-0500] {logging_mixin.py:190} INFO - [2025-04-01T16:47:53.968-0500] {dag.py:3239} INFO - Sync 1 DAGs
[2025-04-01T16:47:53.979-0500] {logging_mixin.py:190} INFO - [2025-04-01T16:47:53.979-0500] {dag.py:4180} INFO - Setting next_dagrun for example_params_trigger_ui to None, run_after=None
[2025-04-01T16:47:54.083-0500] {processor.py:208} INFO - Processing /mnt/d/Universidad/ETL/Proyecto_airflow/venv/lib/python3.12/site-packages/airflow/example_dags/example_params_trigger_ui.py took 0.235 seconds
[2025-04-01T16:49:22.765-0500] {processor.py:186} INFO - Started process (PID=5571) to work on /mnt/d/Universidad/ETL/Proyecto_airflow/venv/lib/python3.12/site-packages/airflow/example_dags/example_params_trigger_ui.py
[2025-04-01T16:49:22.766-0500] {processor.py:914} INFO - Processing file /mnt/d/Universidad/ETL/Proyecto_airflow/venv/lib/python3.12/site-packages/airflow/example_dags/example_params_trigger_ui.py for tasks to queue
[2025-04-01T16:49:22.768-0500] {logging_mixin.py:190} INFO - [2025-04-01T16:49:22.767-0500] {dagbag.py:588} INFO - Filling up the DagBag from /mnt/d/Universidad/ETL/Proyecto_airflow/venv/lib/python3.12/site-packages/airflow/example_dags/example_params_trigger_ui.py
[2025-04-01T16:49:22.822-0500] {processor.py:925} INFO - DAG(s) 'example_params_trigger_ui' retrieved from /mnt/d/Universidad/ETL/Proyecto_airflow/venv/lib/python3.12/site-packages/airflow/example_dags/example_params_trigger_ui.py
[2025-04-01T16:49:22.851-0500] {logging_mixin.py:190} INFO - [2025-04-01T16:49:22.850-0500] {dag.py:3239} INFO - Sync 1 DAGs
[2025-04-01T16:49:22.860-0500] {logging_mixin.py:190} INFO - [2025-04-01T16:49:22.859-0500] {dag.py:4180} INFO - Setting next_dagrun for example_params_trigger_ui to None, run_after=None
[2025-04-01T16:49:22.933-0500] {processor.py:208} INFO - Processing /mnt/d/Universidad/ETL/Proyecto_airflow/venv/lib/python3.12/site-packages/airflow/example_dags/example_params_trigger_ui.py took 0.176 seconds
[2025-04-01T16:50:51.388-0500] {processor.py:186} INFO - Started process (PID=5640) to work on /mnt/d/Universidad/ETL/Proyecto_airflow/venv/lib/python3.12/site-packages/airflow/example_dags/example_params_trigger_ui.py
[2025-04-01T16:50:51.389-0500] {processor.py:914} INFO - Processing file /mnt/d/Universidad/ETL/Proyecto_airflow/venv/lib/python3.12/site-packages/airflow/example_dags/example_params_trigger_ui.py for tasks to queue
[2025-04-01T16:50:51.391-0500] {logging_mixin.py:190} INFO - [2025-04-01T16:50:51.390-0500] {dagbag.py:588} INFO - Filling up the DagBag from /mnt/d/Universidad/ETL/Proyecto_airflow/venv/lib/python3.12/site-packages/airflow/example_dags/example_params_trigger_ui.py
[2025-04-01T16:50:51.445-0500] {processor.py:925} INFO - DAG(s) 'example_params_trigger_ui' retrieved from /mnt/d/Universidad/ETL/Proyecto_airflow/venv/lib/python3.12/site-packages/airflow/example_dags/example_params_trigger_ui.py
[2025-04-01T16:50:51.473-0500] {logging_mixin.py:190} INFO - [2025-04-01T16:50:51.472-0500] {dag.py:3239} INFO - Sync 1 DAGs
[2025-04-01T16:50:51.482-0500] {logging_mixin.py:190} INFO - [2025-04-01T16:50:51.481-0500] {dag.py:4180} INFO - Setting next_dagrun for example_params_trigger_ui to None, run_after=None
[2025-04-01T16:50:51.592-0500] {processor.py:208} INFO - Processing /mnt/d/Universidad/ETL/Proyecto_airflow/venv/lib/python3.12/site-packages/airflow/example_dags/example_params_trigger_ui.py took 0.211 seconds
[2025-04-01T16:52:34.750-0500] {processor.py:186} INFO - Started process (PID=5714) to work on /mnt/d/Universidad/ETL/Proyecto_airflow/venv/lib/python3.12/site-packages/airflow/example_dags/example_params_trigger_ui.py
[2025-04-01T16:52:34.751-0500] {processor.py:914} INFO - Processing file /mnt/d/Universidad/ETL/Proyecto_airflow/venv/lib/python3.12/site-packages/airflow/example_dags/example_params_trigger_ui.py for tasks to queue
[2025-04-01T16:52:34.754-0500] {logging_mixin.py:190} INFO - [2025-04-01T16:52:34.753-0500] {dagbag.py:588} INFO - Filling up the DagBag from /mnt/d/Universidad/ETL/Proyecto_airflow/venv/lib/python3.12/site-packages/airflow/example_dags/example_params_trigger_ui.py
[2025-04-01T16:52:34.810-0500] {processor.py:925} INFO - DAG(s) 'example_params_trigger_ui' retrieved from /mnt/d/Universidad/ETL/Proyecto_airflow/venv/lib/python3.12/site-packages/airflow/example_dags/example_params_trigger_ui.py
[2025-04-01T16:52:34.839-0500] {logging_mixin.py:190} INFO - [2025-04-01T16:52:34.838-0500] {dag.py:3239} INFO - Sync 1 DAGs
[2025-04-01T16:52:34.848-0500] {logging_mixin.py:190} INFO - [2025-04-01T16:52:34.848-0500] {dag.py:4180} INFO - Setting next_dagrun for example_params_trigger_ui to None, run_after=None
[2025-04-01T16:52:34.953-0500] {processor.py:208} INFO - Processing /mnt/d/Universidad/ETL/Proyecto_airflow/venv/lib/python3.12/site-packages/airflow/example_dags/example_params_trigger_ui.py took 0.211 seconds
[2025-04-01T16:54:07.234-0500] {processor.py:186} INFO - Started process (PID=5786) to work on /mnt/d/Universidad/ETL/Proyecto_airflow/venv/lib/python3.12/site-packages/airflow/example_dags/example_params_trigger_ui.py
[2025-04-01T16:54:07.235-0500] {processor.py:914} INFO - Processing file /mnt/d/Universidad/ETL/Proyecto_airflow/venv/lib/python3.12/site-packages/airflow/example_dags/example_params_trigger_ui.py for tasks to queue
[2025-04-01T16:54:07.237-0500] {logging_mixin.py:190} INFO - [2025-04-01T16:54:07.236-0500] {dagbag.py:588} INFO - Filling up the DagBag from /mnt/d/Universidad/ETL/Proyecto_airflow/venv/lib/python3.12/site-packages/airflow/example_dags/example_params_trigger_ui.py
[2025-04-01T16:54:07.293-0500] {processor.py:925} INFO - DAG(s) 'example_params_trigger_ui' retrieved from /mnt/d/Universidad/ETL/Proyecto_airflow/venv/lib/python3.12/site-packages/airflow/example_dags/example_params_trigger_ui.py
[2025-04-01T16:54:07.325-0500] {logging_mixin.py:190} INFO - [2025-04-01T16:54:07.324-0500] {dag.py:3239} INFO - Sync 1 DAGs
[2025-04-01T16:54:07.335-0500] {logging_mixin.py:190} INFO - [2025-04-01T16:54:07.334-0500] {dag.py:4180} INFO - Setting next_dagrun for example_params_trigger_ui to None, run_after=None
[2025-04-01T16:54:07.446-0500] {processor.py:208} INFO - Processing /mnt/d/Universidad/ETL/Proyecto_airflow/venv/lib/python3.12/site-packages/airflow/example_dags/example_params_trigger_ui.py took 0.220 seconds
[2025-04-01T16:55:41.653-0500] {processor.py:186} INFO - Started process (PID=5857) to work on /mnt/d/Universidad/ETL/Proyecto_airflow/venv/lib/python3.12/site-packages/airflow/example_dags/example_params_trigger_ui.py
[2025-04-01T16:55:41.654-0500] {processor.py:914} INFO - Processing file /mnt/d/Universidad/ETL/Proyecto_airflow/venv/lib/python3.12/site-packages/airflow/example_dags/example_params_trigger_ui.py for tasks to queue
[2025-04-01T16:55:41.656-0500] {logging_mixin.py:190} INFO - [2025-04-01T16:55:41.656-0500] {dagbag.py:588} INFO - Filling up the DagBag from /mnt/d/Universidad/ETL/Proyecto_airflow/venv/lib/python3.12/site-packages/airflow/example_dags/example_params_trigger_ui.py
[2025-04-01T16:55:41.713-0500] {processor.py:925} INFO - DAG(s) 'example_params_trigger_ui' retrieved from /mnt/d/Universidad/ETL/Proyecto_airflow/venv/lib/python3.12/site-packages/airflow/example_dags/example_params_trigger_ui.py
[2025-04-01T16:55:41.743-0500] {logging_mixin.py:190} INFO - [2025-04-01T16:55:41.742-0500] {dag.py:3239} INFO - Sync 1 DAGs
[2025-04-01T16:55:41.752-0500] {logging_mixin.py:190} INFO - [2025-04-01T16:55:41.751-0500] {dag.py:4180} INFO - Setting next_dagrun for example_params_trigger_ui to None, run_after=None
[2025-04-01T16:55:41.849-0500] {processor.py:208} INFO - Processing /mnt/d/Universidad/ETL/Proyecto_airflow/venv/lib/python3.12/site-packages/airflow/example_dags/example_params_trigger_ui.py took 0.204 seconds
[2025-04-01T16:57:16.631-0500] {processor.py:186} INFO - Started process (PID=5929) to work on /mnt/d/Universidad/ETL/Proyecto_airflow/venv/lib/python3.12/site-packages/airflow/example_dags/example_params_trigger_ui.py
[2025-04-01T16:57:16.632-0500] {processor.py:914} INFO - Processing file /mnt/d/Universidad/ETL/Proyecto_airflow/venv/lib/python3.12/site-packages/airflow/example_dags/example_params_trigger_ui.py for tasks to queue
[2025-04-01T16:57:16.635-0500] {logging_mixin.py:190} INFO - [2025-04-01T16:57:16.634-0500] {dagbag.py:588} INFO - Filling up the DagBag from /mnt/d/Universidad/ETL/Proyecto_airflow/venv/lib/python3.12/site-packages/airflow/example_dags/example_params_trigger_ui.py
[2025-04-01T16:57:16.690-0500] {processor.py:925} INFO - DAG(s) 'example_params_trigger_ui' retrieved from /mnt/d/Universidad/ETL/Proyecto_airflow/venv/lib/python3.12/site-packages/airflow/example_dags/example_params_trigger_ui.py
[2025-04-01T16:57:16.719-0500] {logging_mixin.py:190} INFO - [2025-04-01T16:57:16.718-0500] {dag.py:3239} INFO - Sync 1 DAGs
[2025-04-01T16:57:16.728-0500] {logging_mixin.py:190} INFO - [2025-04-01T16:57:16.727-0500] {dag.py:4180} INFO - Setting next_dagrun for example_params_trigger_ui to None, run_after=None
[2025-04-01T16:57:16.833-0500] {processor.py:208} INFO - Processing /mnt/d/Universidad/ETL/Proyecto_airflow/venv/lib/python3.12/site-packages/airflow/example_dags/example_params_trigger_ui.py took 0.209 seconds
[2025-04-01T16:58:47.232-0500] {processor.py:186} INFO - Started process (PID=5999) to work on /mnt/d/Universidad/ETL/Proyecto_airflow/venv/lib/python3.12/site-packages/airflow/example_dags/example_params_trigger_ui.py
[2025-04-01T16:58:47.233-0500] {processor.py:914} INFO - Processing file /mnt/d/Universidad/ETL/Proyecto_airflow/venv/lib/python3.12/site-packages/airflow/example_dags/example_params_trigger_ui.py for tasks to queue
[2025-04-01T16:58:47.236-0500] {logging_mixin.py:190} INFO - [2025-04-01T16:58:47.235-0500] {dagbag.py:588} INFO - Filling up the DagBag from /mnt/d/Universidad/ETL/Proyecto_airflow/venv/lib/python3.12/site-packages/airflow/example_dags/example_params_trigger_ui.py
[2025-04-01T16:58:47.291-0500] {processor.py:925} INFO - DAG(s) 'example_params_trigger_ui' retrieved from /mnt/d/Universidad/ETL/Proyecto_airflow/venv/lib/python3.12/site-packages/airflow/example_dags/example_params_trigger_ui.py
[2025-04-01T16:58:47.320-0500] {logging_mixin.py:190} INFO - [2025-04-01T16:58:47.319-0500] {dag.py:3239} INFO - Sync 1 DAGs
[2025-04-01T16:58:47.329-0500] {logging_mixin.py:190} INFO - [2025-04-01T16:58:47.328-0500] {dag.py:4180} INFO - Setting next_dagrun for example_params_trigger_ui to None, run_after=None
[2025-04-01T16:58:47.429-0500] {processor.py:208} INFO - Processing /mnt/d/Universidad/ETL/Proyecto_airflow/venv/lib/python3.12/site-packages/airflow/example_dags/example_params_trigger_ui.py took 0.205 seconds
[2025-04-01T17:00:25.560-0500] {processor.py:186} INFO - Started process (PID=6070) to work on /mnt/d/Universidad/ETL/Proyecto_airflow/venv/lib/python3.12/site-packages/airflow/example_dags/example_params_trigger_ui.py
[2025-04-01T17:00:25.561-0500] {processor.py:914} INFO - Processing file /mnt/d/Universidad/ETL/Proyecto_airflow/venv/lib/python3.12/site-packages/airflow/example_dags/example_params_trigger_ui.py for tasks to queue
[2025-04-01T17:00:25.563-0500] {logging_mixin.py:190} INFO - [2025-04-01T17:00:25.563-0500] {dagbag.py:588} INFO - Filling up the DagBag from /mnt/d/Universidad/ETL/Proyecto_airflow/venv/lib/python3.12/site-packages/airflow/example_dags/example_params_trigger_ui.py
[2025-04-01T17:00:25.619-0500] {processor.py:925} INFO - DAG(s) 'example_params_trigger_ui' retrieved from /mnt/d/Universidad/ETL/Proyecto_airflow/venv/lib/python3.12/site-packages/airflow/example_dags/example_params_trigger_ui.py
[2025-04-01T17:00:25.648-0500] {logging_mixin.py:190} INFO - [2025-04-01T17:00:25.648-0500] {dag.py:3239} INFO - Sync 1 DAGs
[2025-04-01T17:00:25.658-0500] {logging_mixin.py:190} INFO - [2025-04-01T17:00:25.657-0500] {dag.py:4180} INFO - Setting next_dagrun for example_params_trigger_ui to None, run_after=None
[2025-04-01T17:00:25.759-0500] {processor.py:208} INFO - Processing /mnt/d/Universidad/ETL/Proyecto_airflow/venv/lib/python3.12/site-packages/airflow/example_dags/example_params_trigger_ui.py took 0.207 seconds
[2025-04-01T17:02:00.405-0500] {processor.py:186} INFO - Started process (PID=6141) to work on /mnt/d/Universidad/ETL/Proyecto_airflow/venv/lib/python3.12/site-packages/airflow/example_dags/example_params_trigger_ui.py
[2025-04-01T17:02:00.406-0500] {processor.py:914} INFO - Processing file /mnt/d/Universidad/ETL/Proyecto_airflow/venv/lib/python3.12/site-packages/airflow/example_dags/example_params_trigger_ui.py for tasks to queue
[2025-04-01T17:02:00.408-0500] {logging_mixin.py:190} INFO - [2025-04-01T17:02:00.407-0500] {dagbag.py:588} INFO - Filling up the DagBag from /mnt/d/Universidad/ETL/Proyecto_airflow/venv/lib/python3.12/site-packages/airflow/example_dags/example_params_trigger_ui.py
[2025-04-01T17:02:00.463-0500] {processor.py:925} INFO - DAG(s) 'example_params_trigger_ui' retrieved from /mnt/d/Universidad/ETL/Proyecto_airflow/venv/lib/python3.12/site-packages/airflow/example_dags/example_params_trigger_ui.py
[2025-04-01T17:02:00.491-0500] {logging_mixin.py:190} INFO - [2025-04-01T17:02:00.490-0500] {dag.py:3239} INFO - Sync 1 DAGs
[2025-04-01T17:02:00.500-0500] {logging_mixin.py:190} INFO - [2025-04-01T17:02:00.499-0500] {dag.py:4180} INFO - Setting next_dagrun for example_params_trigger_ui to None, run_after=None
[2025-04-01T17:02:00.599-0500] {processor.py:208} INFO - Processing /mnt/d/Universidad/ETL/Proyecto_airflow/venv/lib/python3.12/site-packages/airflow/example_dags/example_params_trigger_ui.py took 0.202 seconds
[2025-04-01T17:03:38.764-0500] {processor.py:186} INFO - Started process (PID=6213) to work on /mnt/d/Universidad/ETL/Proyecto_airflow/venv/lib/python3.12/site-packages/airflow/example_dags/example_params_trigger_ui.py
[2025-04-01T17:03:38.765-0500] {processor.py:914} INFO - Processing file /mnt/d/Universidad/ETL/Proyecto_airflow/venv/lib/python3.12/site-packages/airflow/example_dags/example_params_trigger_ui.py for tasks to queue
[2025-04-01T17:03:38.767-0500] {logging_mixin.py:190} INFO - [2025-04-01T17:03:38.766-0500] {dagbag.py:588} INFO - Filling up the DagBag from /mnt/d/Universidad/ETL/Proyecto_airflow/venv/lib/python3.12/site-packages/airflow/example_dags/example_params_trigger_ui.py
[2025-04-01T17:03:38.823-0500] {processor.py:925} INFO - DAG(s) 'example_params_trigger_ui' retrieved from /mnt/d/Universidad/ETL/Proyecto_airflow/venv/lib/python3.12/site-packages/airflow/example_dags/example_params_trigger_ui.py
[2025-04-01T17:03:38.852-0500] {logging_mixin.py:190} INFO - [2025-04-01T17:03:38.851-0500] {dag.py:3239} INFO - Sync 1 DAGs
[2025-04-01T17:03:38.861-0500] {logging_mixin.py:190} INFO - [2025-04-01T17:03:38.860-0500] {dag.py:4180} INFO - Setting next_dagrun for example_params_trigger_ui to None, run_after=None
[2025-04-01T17:03:38.962-0500] {processor.py:208} INFO - Processing /mnt/d/Universidad/ETL/Proyecto_airflow/venv/lib/python3.12/site-packages/airflow/example_dags/example_params_trigger_ui.py took 0.206 seconds
[2025-04-01T17:05:08.591-0500] {processor.py:186} INFO - Started process (PID=6282) to work on /mnt/d/Universidad/ETL/Proyecto_airflow/venv/lib/python3.12/site-packages/airflow/example_dags/example_params_trigger_ui.py
[2025-04-01T17:05:08.592-0500] {processor.py:914} INFO - Processing file /mnt/d/Universidad/ETL/Proyecto_airflow/venv/lib/python3.12/site-packages/airflow/example_dags/example_params_trigger_ui.py for tasks to queue
[2025-04-01T17:05:08.594-0500] {logging_mixin.py:190} INFO - [2025-04-01T17:05:08.593-0500] {dagbag.py:588} INFO - Filling up the DagBag from /mnt/d/Universidad/ETL/Proyecto_airflow/venv/lib/python3.12/site-packages/airflow/example_dags/example_params_trigger_ui.py
[2025-04-01T17:05:08.649-0500] {processor.py:925} INFO - DAG(s) 'example_params_trigger_ui' retrieved from /mnt/d/Universidad/ETL/Proyecto_airflow/venv/lib/python3.12/site-packages/airflow/example_dags/example_params_trigger_ui.py
[2025-04-01T17:05:08.680-0500] {logging_mixin.py:190} INFO - [2025-04-01T17:05:08.679-0500] {dag.py:3239} INFO - Sync 1 DAGs
[2025-04-01T17:05:08.689-0500] {logging_mixin.py:190} INFO - [2025-04-01T17:05:08.689-0500] {dag.py:4180} INFO - Setting next_dagrun for example_params_trigger_ui to None, run_after=None
[2025-04-01T17:05:08.789-0500] {processor.py:208} INFO - Processing /mnt/d/Universidad/ETL/Proyecto_airflow/venv/lib/python3.12/site-packages/airflow/example_dags/example_params_trigger_ui.py took 0.207 seconds
[2025-04-01T17:06:51.557-0500] {processor.py:186} INFO - Started process (PID=6357) to work on /mnt/d/Universidad/ETL/Proyecto_airflow/venv/lib/python3.12/site-packages/airflow/example_dags/example_params_trigger_ui.py
[2025-04-01T17:06:51.558-0500] {processor.py:914} INFO - Processing file /mnt/d/Universidad/ETL/Proyecto_airflow/venv/lib/python3.12/site-packages/airflow/example_dags/example_params_trigger_ui.py for tasks to queue
[2025-04-01T17:06:51.560-0500] {logging_mixin.py:190} INFO - [2025-04-01T17:06:51.559-0500] {dagbag.py:588} INFO - Filling up the DagBag from /mnt/d/Universidad/ETL/Proyecto_airflow/venv/lib/python3.12/site-packages/airflow/example_dags/example_params_trigger_ui.py
[2025-04-01T17:06:51.614-0500] {processor.py:925} INFO - DAG(s) 'example_params_trigger_ui' retrieved from /mnt/d/Universidad/ETL/Proyecto_airflow/venv/lib/python3.12/site-packages/airflow/example_dags/example_params_trigger_ui.py
[2025-04-01T17:06:51.642-0500] {logging_mixin.py:190} INFO - [2025-04-01T17:06:51.641-0500] {dag.py:3239} INFO - Sync 1 DAGs
[2025-04-01T17:06:51.651-0500] {logging_mixin.py:190} INFO - [2025-04-01T17:06:51.650-0500] {dag.py:4180} INFO - Setting next_dagrun for example_params_trigger_ui to None, run_after=None
[2025-04-01T17:06:51.758-0500] {processor.py:208} INFO - Processing /mnt/d/Universidad/ETL/Proyecto_airflow/venv/lib/python3.12/site-packages/airflow/example_dags/example_params_trigger_ui.py took 0.209 seconds
[2025-04-01T17:08:25.597-0500] {processor.py:186} INFO - Started process (PID=6429) to work on /mnt/d/Universidad/ETL/Proyecto_airflow/venv/lib/python3.12/site-packages/airflow/example_dags/example_params_trigger_ui.py
[2025-04-01T17:08:25.598-0500] {processor.py:914} INFO - Processing file /mnt/d/Universidad/ETL/Proyecto_airflow/venv/lib/python3.12/site-packages/airflow/example_dags/example_params_trigger_ui.py for tasks to queue
[2025-04-01T17:08:25.600-0500] {logging_mixin.py:190} INFO - [2025-04-01T17:08:25.599-0500] {dagbag.py:588} INFO - Filling up the DagBag from /mnt/d/Universidad/ETL/Proyecto_airflow/venv/lib/python3.12/site-packages/airflow/example_dags/example_params_trigger_ui.py
[2025-04-01T17:08:25.655-0500] {processor.py:925} INFO - DAG(s) 'example_params_trigger_ui' retrieved from /mnt/d/Universidad/ETL/Proyecto_airflow/venv/lib/python3.12/site-packages/airflow/example_dags/example_params_trigger_ui.py
[2025-04-01T17:08:25.686-0500] {logging_mixin.py:190} INFO - [2025-04-01T17:08:25.685-0500] {dag.py:3239} INFO - Sync 1 DAGs
[2025-04-01T17:08:25.695-0500] {logging_mixin.py:190} INFO - [2025-04-01T17:08:25.694-0500] {dag.py:4180} INFO - Setting next_dagrun for example_params_trigger_ui to None, run_after=None
[2025-04-01T17:08:25.795-0500] {processor.py:208} INFO - Processing /mnt/d/Universidad/ETL/Proyecto_airflow/venv/lib/python3.12/site-packages/airflow/example_dags/example_params_trigger_ui.py took 0.206 seconds
[2025-04-01T17:10:08.025-0500] {processor.py:186} INFO - Started process (PID=6501) to work on /mnt/d/Universidad/ETL/Proyecto_airflow/venv/lib/python3.12/site-packages/airflow/example_dags/example_params_trigger_ui.py
[2025-04-01T17:10:08.026-0500] {processor.py:914} INFO - Processing file /mnt/d/Universidad/ETL/Proyecto_airflow/venv/lib/python3.12/site-packages/airflow/example_dags/example_params_trigger_ui.py for tasks to queue
[2025-04-01T17:10:08.029-0500] {logging_mixin.py:190} INFO - [2025-04-01T17:10:08.028-0500] {dagbag.py:588} INFO - Filling up the DagBag from /mnt/d/Universidad/ETL/Proyecto_airflow/venv/lib/python3.12/site-packages/airflow/example_dags/example_params_trigger_ui.py
[2025-04-01T17:10:08.085-0500] {processor.py:925} INFO - DAG(s) 'example_params_trigger_ui' retrieved from /mnt/d/Universidad/ETL/Proyecto_airflow/venv/lib/python3.12/site-packages/airflow/example_dags/example_params_trigger_ui.py
[2025-04-01T17:10:08.148-0500] {logging_mixin.py:190} INFO - [2025-04-01T17:10:08.147-0500] {dag.py:3239} INFO - Sync 1 DAGs
[2025-04-01T17:10:08.157-0500] {logging_mixin.py:190} INFO - [2025-04-01T17:10:08.157-0500] {dag.py:4180} INFO - Setting next_dagrun for example_params_trigger_ui to None, run_after=None
[2025-04-01T17:10:08.259-0500] {processor.py:208} INFO - Processing /mnt/d/Universidad/ETL/Proyecto_airflow/venv/lib/python3.12/site-packages/airflow/example_dags/example_params_trigger_ui.py took 0.242 seconds
[2025-04-01T17:11:49.131-0500] {processor.py:186} INFO - Started process (PID=6576) to work on /mnt/d/Universidad/ETL/Proyecto_airflow/venv/lib/python3.12/site-packages/airflow/example_dags/example_params_trigger_ui.py
[2025-04-01T17:11:49.132-0500] {processor.py:914} INFO - Processing file /mnt/d/Universidad/ETL/Proyecto_airflow/venv/lib/python3.12/site-packages/airflow/example_dags/example_params_trigger_ui.py for tasks to queue
[2025-04-01T17:11:49.134-0500] {logging_mixin.py:190} INFO - [2025-04-01T17:11:49.133-0500] {dagbag.py:588} INFO - Filling up the DagBag from /mnt/d/Universidad/ETL/Proyecto_airflow/venv/lib/python3.12/site-packages/airflow/example_dags/example_params_trigger_ui.py
[2025-04-01T17:11:49.188-0500] {processor.py:925} INFO - DAG(s) 'example_params_trigger_ui' retrieved from /mnt/d/Universidad/ETL/Proyecto_airflow/venv/lib/python3.12/site-packages/airflow/example_dags/example_params_trigger_ui.py
[2025-04-01T17:11:49.216-0500] {logging_mixin.py:190} INFO - [2025-04-01T17:11:49.216-0500] {dag.py:3239} INFO - Sync 1 DAGs
[2025-04-01T17:11:49.226-0500] {logging_mixin.py:190} INFO - [2025-04-01T17:11:49.225-0500] {dag.py:4180} INFO - Setting next_dagrun for example_params_trigger_ui to None, run_after=None
[2025-04-01T17:11:49.333-0500] {processor.py:208} INFO - Processing /mnt/d/Universidad/ETL/Proyecto_airflow/venv/lib/python3.12/site-packages/airflow/example_dags/example_params_trigger_ui.py took 0.209 seconds
[2025-04-01T17:13:28.188-0500] {processor.py:186} INFO - Started process (PID=6649) to work on /mnt/d/Universidad/ETL/Proyecto_airflow/venv/lib/python3.12/site-packages/airflow/example_dags/example_params_trigger_ui.py
[2025-04-01T17:13:28.189-0500] {processor.py:914} INFO - Processing file /mnt/d/Universidad/ETL/Proyecto_airflow/venv/lib/python3.12/site-packages/airflow/example_dags/example_params_trigger_ui.py for tasks to queue
[2025-04-01T17:13:28.191-0500] {logging_mixin.py:190} INFO - [2025-04-01T17:13:28.191-0500] {dagbag.py:588} INFO - Filling up the DagBag from /mnt/d/Universidad/ETL/Proyecto_airflow/venv/lib/python3.12/site-packages/airflow/example_dags/example_params_trigger_ui.py
[2025-04-01T17:13:28.246-0500] {processor.py:925} INFO - DAG(s) 'example_params_trigger_ui' retrieved from /mnt/d/Universidad/ETL/Proyecto_airflow/venv/lib/python3.12/site-packages/airflow/example_dags/example_params_trigger_ui.py
[2025-04-01T17:13:28.275-0500] {logging_mixin.py:190} INFO - [2025-04-01T17:13:28.274-0500] {dag.py:3239} INFO - Sync 1 DAGs
[2025-04-01T17:13:28.284-0500] {logging_mixin.py:190} INFO - [2025-04-01T17:13:28.283-0500] {dag.py:4180} INFO - Setting next_dagrun for example_params_trigger_ui to None, run_after=None
[2025-04-01T17:13:28.381-0500] {processor.py:208} INFO - Processing /mnt/d/Universidad/ETL/Proyecto_airflow/venv/lib/python3.12/site-packages/airflow/example_dags/example_params_trigger_ui.py took 0.201 seconds
[2025-04-01T17:15:02.545-0500] {processor.py:186} INFO - Started process (PID=6720) to work on /mnt/d/Universidad/ETL/Proyecto_airflow/venv/lib/python3.12/site-packages/airflow/example_dags/example_params_trigger_ui.py
[2025-04-01T17:15:02.546-0500] {processor.py:914} INFO - Processing file /mnt/d/Universidad/ETL/Proyecto_airflow/venv/lib/python3.12/site-packages/airflow/example_dags/example_params_trigger_ui.py for tasks to queue
[2025-04-01T17:15:02.548-0500] {logging_mixin.py:190} INFO - [2025-04-01T17:15:02.547-0500] {dagbag.py:588} INFO - Filling up the DagBag from /mnt/d/Universidad/ETL/Proyecto_airflow/venv/lib/python3.12/site-packages/airflow/example_dags/example_params_trigger_ui.py
[2025-04-01T17:15:02.602-0500] {processor.py:925} INFO - DAG(s) 'example_params_trigger_ui' retrieved from /mnt/d/Universidad/ETL/Proyecto_airflow/venv/lib/python3.12/site-packages/airflow/example_dags/example_params_trigger_ui.py
[2025-04-01T17:15:02.630-0500] {logging_mixin.py:190} INFO - [2025-04-01T17:15:02.630-0500] {dag.py:3239} INFO - Sync 1 DAGs
[2025-04-01T17:15:02.639-0500] {logging_mixin.py:190} INFO - [2025-04-01T17:15:02.638-0500] {dag.py:4180} INFO - Setting next_dagrun for example_params_trigger_ui to None, run_after=None
[2025-04-01T17:15:02.743-0500] {processor.py:208} INFO - Processing /mnt/d/Universidad/ETL/Proyecto_airflow/venv/lib/python3.12/site-packages/airflow/example_dags/example_params_trigger_ui.py took 0.207 seconds
[2025-04-01T17:16:32.892-0500] {processor.py:186} INFO - Started process (PID=6791) to work on /mnt/d/Universidad/ETL/Proyecto_airflow/venv/lib/python3.12/site-packages/airflow/example_dags/example_params_trigger_ui.py
[2025-04-01T17:16:32.893-0500] {processor.py:914} INFO - Processing file /mnt/d/Universidad/ETL/Proyecto_airflow/venv/lib/python3.12/site-packages/airflow/example_dags/example_params_trigger_ui.py for tasks to queue
[2025-04-01T17:16:32.896-0500] {logging_mixin.py:190} INFO - [2025-04-01T17:16:32.895-0500] {dagbag.py:588} INFO - Filling up the DagBag from /mnt/d/Universidad/ETL/Proyecto_airflow/venv/lib/python3.12/site-packages/airflow/example_dags/example_params_trigger_ui.py
[2025-04-01T17:16:32.951-0500] {processor.py:925} INFO - DAG(s) 'example_params_trigger_ui' retrieved from /mnt/d/Universidad/ETL/Proyecto_airflow/venv/lib/python3.12/site-packages/airflow/example_dags/example_params_trigger_ui.py
[2025-04-01T17:16:32.982-0500] {logging_mixin.py:190} INFO - [2025-04-01T17:16:32.981-0500] {dag.py:3239} INFO - Sync 1 DAGs
[2025-04-01T17:16:32.992-0500] {logging_mixin.py:190} INFO - [2025-04-01T17:16:32.991-0500] {dag.py:4180} INFO - Setting next_dagrun for example_params_trigger_ui to None, run_after=None
[2025-04-01T17:16:33.087-0500] {processor.py:208} INFO - Processing /mnt/d/Universidad/ETL/Proyecto_airflow/venv/lib/python3.12/site-packages/airflow/example_dags/example_params_trigger_ui.py took 0.202 seconds
[2025-04-01T17:18:11.522-0500] {processor.py:186} INFO - Started process (PID=6865) to work on /mnt/d/Universidad/ETL/Proyecto_airflow/venv/lib/python3.12/site-packages/airflow/example_dags/example_params_trigger_ui.py
[2025-04-01T17:18:11.523-0500] {processor.py:914} INFO - Processing file /mnt/d/Universidad/ETL/Proyecto_airflow/venv/lib/python3.12/site-packages/airflow/example_dags/example_params_trigger_ui.py for tasks to queue
[2025-04-01T17:18:11.526-0500] {logging_mixin.py:190} INFO - [2025-04-01T17:18:11.525-0500] {dagbag.py:588} INFO - Filling up the DagBag from /mnt/d/Universidad/ETL/Proyecto_airflow/venv/lib/python3.12/site-packages/airflow/example_dags/example_params_trigger_ui.py
[2025-04-01T17:18:11.580-0500] {processor.py:925} INFO - DAG(s) 'example_params_trigger_ui' retrieved from /mnt/d/Universidad/ETL/Proyecto_airflow/venv/lib/python3.12/site-packages/airflow/example_dags/example_params_trigger_ui.py
[2025-04-01T17:18:11.608-0500] {logging_mixin.py:190} INFO - [2025-04-01T17:18:11.608-0500] {dag.py:3239} INFO - Sync 1 DAGs
[2025-04-01T17:18:11.617-0500] {logging_mixin.py:190} INFO - [2025-04-01T17:18:11.617-0500] {dag.py:4180} INFO - Setting next_dagrun for example_params_trigger_ui to None, run_after=None
[2025-04-01T17:18:11.733-0500] {processor.py:208} INFO - Processing /mnt/d/Universidad/ETL/Proyecto_airflow/venv/lib/python3.12/site-packages/airflow/example_dags/example_params_trigger_ui.py took 0.218 seconds
[2025-04-01T17:19:54.156-0500] {processor.py:186} INFO - Started process (PID=6940) to work on /mnt/d/Universidad/ETL/Proyecto_airflow/venv/lib/python3.12/site-packages/airflow/example_dags/example_params_trigger_ui.py
[2025-04-01T17:19:54.157-0500] {processor.py:914} INFO - Processing file /mnt/d/Universidad/ETL/Proyecto_airflow/venv/lib/python3.12/site-packages/airflow/example_dags/example_params_trigger_ui.py for tasks to queue
[2025-04-01T17:19:54.159-0500] {logging_mixin.py:190} INFO - [2025-04-01T17:19:54.158-0500] {dagbag.py:588} INFO - Filling up the DagBag from /mnt/d/Universidad/ETL/Proyecto_airflow/venv/lib/python3.12/site-packages/airflow/example_dags/example_params_trigger_ui.py
[2025-04-01T17:19:54.213-0500] {processor.py:925} INFO - DAG(s) 'example_params_trigger_ui' retrieved from /mnt/d/Universidad/ETL/Proyecto_airflow/venv/lib/python3.12/site-packages/airflow/example_dags/example_params_trigger_ui.py
[2025-04-01T17:19:54.242-0500] {logging_mixin.py:190} INFO - [2025-04-01T17:19:54.241-0500] {dag.py:3239} INFO - Sync 1 DAGs
[2025-04-01T17:19:54.251-0500] {logging_mixin.py:190} INFO - [2025-04-01T17:19:54.250-0500] {dag.py:4180} INFO - Setting next_dagrun for example_params_trigger_ui to None, run_after=None
[2025-04-01T17:19:54.349-0500] {processor.py:208} INFO - Processing /mnt/d/Universidad/ETL/Proyecto_airflow/venv/lib/python3.12/site-packages/airflow/example_dags/example_params_trigger_ui.py took 0.201 seconds
[2025-04-01T17:21:37.840-0500] {processor.py:186} INFO - Started process (PID=7014) to work on /mnt/d/Universidad/ETL/Proyecto_airflow/venv/lib/python3.12/site-packages/airflow/example_dags/example_params_trigger_ui.py
[2025-04-01T17:21:37.841-0500] {processor.py:914} INFO - Processing file /mnt/d/Universidad/ETL/Proyecto_airflow/venv/lib/python3.12/site-packages/airflow/example_dags/example_params_trigger_ui.py for tasks to queue
[2025-04-01T17:21:37.843-0500] {logging_mixin.py:190} INFO - [2025-04-01T17:21:37.842-0500] {dagbag.py:588} INFO - Filling up the DagBag from /mnt/d/Universidad/ETL/Proyecto_airflow/venv/lib/python3.12/site-packages/airflow/example_dags/example_params_trigger_ui.py
[2025-04-01T17:21:37.898-0500] {processor.py:925} INFO - DAG(s) 'example_params_trigger_ui' retrieved from /mnt/d/Universidad/ETL/Proyecto_airflow/venv/lib/python3.12/site-packages/airflow/example_dags/example_params_trigger_ui.py
[2025-04-01T17:21:37.926-0500] {logging_mixin.py:190} INFO - [2025-04-01T17:21:37.925-0500] {dag.py:3239} INFO - Sync 1 DAGs
[2025-04-01T17:21:37.935-0500] {logging_mixin.py:190} INFO - [2025-04-01T17:21:37.935-0500] {dag.py:4180} INFO - Setting next_dagrun for example_params_trigger_ui to None, run_after=None
[2025-04-01T17:21:38.039-0500] {processor.py:208} INFO - Processing /mnt/d/Universidad/ETL/Proyecto_airflow/venv/lib/python3.12/site-packages/airflow/example_dags/example_params_trigger_ui.py took 0.208 seconds
[2025-04-01T17:23:15.498-0500] {processor.py:186} INFO - Started process (PID=7085) to work on /mnt/d/Universidad/ETL/Proyecto_airflow/venv/lib/python3.12/site-packages/airflow/example_dags/example_params_trigger_ui.py
[2025-04-01T17:23:15.499-0500] {processor.py:914} INFO - Processing file /mnt/d/Universidad/ETL/Proyecto_airflow/venv/lib/python3.12/site-packages/airflow/example_dags/example_params_trigger_ui.py for tasks to queue
[2025-04-01T17:23:15.501-0500] {logging_mixin.py:190} INFO - [2025-04-01T17:23:15.500-0500] {dagbag.py:588} INFO - Filling up the DagBag from /mnt/d/Universidad/ETL/Proyecto_airflow/venv/lib/python3.12/site-packages/airflow/example_dags/example_params_trigger_ui.py
[2025-04-01T17:23:15.556-0500] {processor.py:925} INFO - DAG(s) 'example_params_trigger_ui' retrieved from /mnt/d/Universidad/ETL/Proyecto_airflow/venv/lib/python3.12/site-packages/airflow/example_dags/example_params_trigger_ui.py
[2025-04-01T17:23:15.584-0500] {logging_mixin.py:190} INFO - [2025-04-01T17:23:15.583-0500] {dag.py:3239} INFO - Sync 1 DAGs
[2025-04-01T17:23:15.594-0500] {logging_mixin.py:190} INFO - [2025-04-01T17:23:15.593-0500] {dag.py:4180} INFO - Setting next_dagrun for example_params_trigger_ui to None, run_after=None
[2025-04-01T17:23:15.693-0500] {processor.py:208} INFO - Processing /mnt/d/Universidad/ETL/Proyecto_airflow/venv/lib/python3.12/site-packages/airflow/example_dags/example_params_trigger_ui.py took 0.204 seconds
[2025-04-01T17:24:51.691-0500] {processor.py:186} INFO - Started process (PID=7157) to work on /mnt/d/Universidad/ETL/Proyecto_airflow/venv/lib/python3.12/site-packages/airflow/example_dags/example_params_trigger_ui.py
[2025-04-01T17:24:51.692-0500] {processor.py:914} INFO - Processing file /mnt/d/Universidad/ETL/Proyecto_airflow/venv/lib/python3.12/site-packages/airflow/example_dags/example_params_trigger_ui.py for tasks to queue
[2025-04-01T17:24:51.694-0500] {logging_mixin.py:190} INFO - [2025-04-01T17:24:51.693-0500] {dagbag.py:588} INFO - Filling up the DagBag from /mnt/d/Universidad/ETL/Proyecto_airflow/venv/lib/python3.12/site-packages/airflow/example_dags/example_params_trigger_ui.py
[2025-04-01T17:24:51.748-0500] {processor.py:925} INFO - DAG(s) 'example_params_trigger_ui' retrieved from /mnt/d/Universidad/ETL/Proyecto_airflow/venv/lib/python3.12/site-packages/airflow/example_dags/example_params_trigger_ui.py
[2025-04-01T17:24:51.777-0500] {logging_mixin.py:190} INFO - [2025-04-01T17:24:51.776-0500] {dag.py:3239} INFO - Sync 1 DAGs
[2025-04-01T17:24:51.786-0500] {logging_mixin.py:190} INFO - [2025-04-01T17:24:51.785-0500] {dag.py:4180} INFO - Setting next_dagrun for example_params_trigger_ui to None, run_after=None
[2025-04-01T17:24:51.896-0500] {processor.py:208} INFO - Processing /mnt/d/Universidad/ETL/Proyecto_airflow/venv/lib/python3.12/site-packages/airflow/example_dags/example_params_trigger_ui.py took 0.213 seconds
[2025-04-01T17:26:24.251-0500] {processor.py:186} INFO - Started process (PID=7227) to work on /mnt/d/Universidad/ETL/Proyecto_airflow/venv/lib/python3.12/site-packages/airflow/example_dags/example_params_trigger_ui.py
[2025-04-01T17:26:24.252-0500] {processor.py:914} INFO - Processing file /mnt/d/Universidad/ETL/Proyecto_airflow/venv/lib/python3.12/site-packages/airflow/example_dags/example_params_trigger_ui.py for tasks to queue
[2025-04-01T17:26:24.254-0500] {logging_mixin.py:190} INFO - [2025-04-01T17:26:24.253-0500] {dagbag.py:588} INFO - Filling up the DagBag from /mnt/d/Universidad/ETL/Proyecto_airflow/venv/lib/python3.12/site-packages/airflow/example_dags/example_params_trigger_ui.py
[2025-04-01T17:26:24.309-0500] {processor.py:925} INFO - DAG(s) 'example_params_trigger_ui' retrieved from /mnt/d/Universidad/ETL/Proyecto_airflow/venv/lib/python3.12/site-packages/airflow/example_dags/example_params_trigger_ui.py
[2025-04-01T17:26:24.338-0500] {logging_mixin.py:190} INFO - [2025-04-01T17:26:24.338-0500] {dag.py:3239} INFO - Sync 1 DAGs
[2025-04-01T17:26:24.347-0500] {logging_mixin.py:190} INFO - [2025-04-01T17:26:24.347-0500] {dag.py:4180} INFO - Setting next_dagrun for example_params_trigger_ui to None, run_after=None
[2025-04-01T17:26:24.444-0500] {processor.py:208} INFO - Processing /mnt/d/Universidad/ETL/Proyecto_airflow/venv/lib/python3.12/site-packages/airflow/example_dags/example_params_trigger_ui.py took 0.202 seconds
[2025-04-01T17:28:02.262-0500] {processor.py:186} INFO - Started process (PID=7299) to work on /mnt/d/Universidad/ETL/Proyecto_airflow/venv/lib/python3.12/site-packages/airflow/example_dags/example_params_trigger_ui.py
[2025-04-01T17:28:02.263-0500] {processor.py:914} INFO - Processing file /mnt/d/Universidad/ETL/Proyecto_airflow/venv/lib/python3.12/site-packages/airflow/example_dags/example_params_trigger_ui.py for tasks to queue
[2025-04-01T17:28:02.265-0500] {logging_mixin.py:190} INFO - [2025-04-01T17:28:02.265-0500] {dagbag.py:588} INFO - Filling up the DagBag from /mnt/d/Universidad/ETL/Proyecto_airflow/venv/lib/python3.12/site-packages/airflow/example_dags/example_params_trigger_ui.py
[2025-04-01T17:28:02.319-0500] {processor.py:925} INFO - DAG(s) 'example_params_trigger_ui' retrieved from /mnt/d/Universidad/ETL/Proyecto_airflow/venv/lib/python3.12/site-packages/airflow/example_dags/example_params_trigger_ui.py
[2025-04-01T17:28:02.347-0500] {logging_mixin.py:190} INFO - [2025-04-01T17:28:02.346-0500] {dag.py:3239} INFO - Sync 1 DAGs
[2025-04-01T17:28:02.356-0500] {logging_mixin.py:190} INFO - [2025-04-01T17:28:02.355-0500] {dag.py:4180} INFO - Setting next_dagrun for example_params_trigger_ui to None, run_after=None
[2025-04-01T17:28:02.449-0500] {processor.py:208} INFO - Processing /mnt/d/Universidad/ETL/Proyecto_airflow/venv/lib/python3.12/site-packages/airflow/example_dags/example_params_trigger_ui.py took 0.194 seconds
[2025-04-01T17:29:26.634-0500] {processor.py:186} INFO - Started process (PID=7366) to work on /mnt/d/Universidad/ETL/Proyecto_airflow/venv/lib/python3.12/site-packages/airflow/example_dags/example_params_trigger_ui.py
[2025-04-01T17:29:26.635-0500] {processor.py:914} INFO - Processing file /mnt/d/Universidad/ETL/Proyecto_airflow/venv/lib/python3.12/site-packages/airflow/example_dags/example_params_trigger_ui.py for tasks to queue
[2025-04-01T17:29:26.637-0500] {logging_mixin.py:190} INFO - [2025-04-01T17:29:26.637-0500] {dagbag.py:588} INFO - Filling up the DagBag from /mnt/d/Universidad/ETL/Proyecto_airflow/venv/lib/python3.12/site-packages/airflow/example_dags/example_params_trigger_ui.py
[2025-04-01T17:29:26.692-0500] {processor.py:925} INFO - DAG(s) 'example_params_trigger_ui' retrieved from /mnt/d/Universidad/ETL/Proyecto_airflow/venv/lib/python3.12/site-packages/airflow/example_dags/example_params_trigger_ui.py
[2025-04-01T17:29:26.721-0500] {logging_mixin.py:190} INFO - [2025-04-01T17:29:26.720-0500] {dag.py:3239} INFO - Sync 1 DAGs
[2025-04-01T17:29:26.730-0500] {logging_mixin.py:190} INFO - [2025-04-01T17:29:26.729-0500] {dag.py:4180} INFO - Setting next_dagrun for example_params_trigger_ui to None, run_after=None
[2025-04-01T17:29:26.809-0500] {processor.py:208} INFO - Processing /mnt/d/Universidad/ETL/Proyecto_airflow/venv/lib/python3.12/site-packages/airflow/example_dags/example_params_trigger_ui.py took 0.182 seconds
