[2025-04-01T16:16:47.593-0500] {processor.py:186} INFO - Started process (PID=4085) to work on /mnt/d/Universidad/ETL/Proyecto_airflow/venv/lib/python3.12/site-packages/airflow/example_dags/example_latest_only_with_trigger.py
[2025-04-01T16:16:47.594-0500] {processor.py:914} INFO - Processing file /mnt/d/Universidad/ETL/Proyecto_airflow/venv/lib/python3.12/site-packages/airflow/example_dags/example_latest_only_with_trigger.py for tasks to queue
[2025-04-01T16:16:47.597-0500] {logging_mixin.py:190} INFO - [2025-04-01T16:16:47.596-0500] {dagbag.py:588} INFO - Filling up the DagBag from /mnt/d/Universidad/ETL/Proyecto_airflow/venv/lib/python3.12/site-packages/airflow/example_dags/example_latest_only_with_trigger.py
[2025-04-01T16:16:47.655-0500] {processor.py:925} INFO - DAG(s) 'latest_only_with_trigger' retrieved from /mnt/d/Universidad/ETL/Proyecto_airflow/venv/lib/python3.12/site-packages/airflow/example_dags/example_latest_only_with_trigger.py
[2025-04-01T16:16:48.753-0500] {logging_mixin.py:190} INFO - [2025-04-01T16:16:48.751-0500] {override.py:1930} INFO - Created Permission View: can read on DAG:latest_only_with_trigger
[2025-04-01T16:16:48.845-0500] {logging_mixin.py:190} INFO - [2025-04-01T16:16:48.844-0500] {override.py:1930} INFO - Created Permission View: can edit on DAG:latest_only_with_trigger
[2025-04-01T16:16:48.928-0500] {logging_mixin.py:190} INFO - [2025-04-01T16:16:48.927-0500] {override.py:1930} INFO - Created Permission View: can delete on DAG:latest_only_with_trigger
[2025-04-01T16:16:49.074-0500] {logging_mixin.py:190} INFO - [2025-04-01T16:16:49.073-0500] {override.py:1930} INFO - Created Permission View: can create on DAG Run:latest_only_with_trigger
[2025-04-01T16:16:49.127-0500] {logging_mixin.py:190} INFO - [2025-04-01T16:16:49.126-0500] {override.py:1930} INFO - Created Permission View: menu access on DAG Run:latest_only_with_trigger
[2025-04-01T16:16:49.212-0500] {logging_mixin.py:190} INFO - [2025-04-01T16:16:49.212-0500] {override.py:1930} INFO - Created Permission View: can read on DAG Run:latest_only_with_trigger
[2025-04-01T16:16:49.295-0500] {logging_mixin.py:190} INFO - [2025-04-01T16:16:49.294-0500] {override.py:1930} INFO - Created Permission View: can delete on DAG Run:latest_only_with_trigger
[2025-04-01T16:16:49.297-0500] {logging_mixin.py:190} INFO - [2025-04-01T16:16:49.296-0500] {dag.py:3239} INFO - Sync 1 DAGs
[2025-04-01T16:16:49.310-0500] {logging_mixin.py:190} INFO - [2025-04-01T16:16:49.309-0500] {dag.py:3262} INFO - Creating ORM DAG for latest_only_with_trigger
[2025-04-01T16:16:49.322-0500] {logging_mixin.py:190} INFO - [2025-04-01T16:16:49.322-0500] {dag.py:4180} INFO - Setting next_dagrun for latest_only_with_trigger to 2025-04-01 16:00:00+00:00, run_after=2025-04-01 20:00:00+00:00
[2025-04-01T16:16:49.428-0500] {processor.py:208} INFO - Processing /mnt/d/Universidad/ETL/Proyecto_airflow/venv/lib/python3.12/site-packages/airflow/example_dags/example_latest_only_with_trigger.py took 1.844 seconds
[2025-04-01T16:18:44.497-0500] {processor.py:186} INFO - Started process (PID=4156) to work on /mnt/d/Universidad/ETL/Proyecto_airflow/venv/lib/python3.12/site-packages/airflow/example_dags/example_latest_only_with_trigger.py
[2025-04-01T16:18:44.498-0500] {processor.py:914} INFO - Processing file /mnt/d/Universidad/ETL/Proyecto_airflow/venv/lib/python3.12/site-packages/airflow/example_dags/example_latest_only_with_trigger.py for tasks to queue
[2025-04-01T16:18:44.501-0500] {logging_mixin.py:190} INFO - [2025-04-01T16:18:44.500-0500] {dagbag.py:588} INFO - Filling up the DagBag from /mnt/d/Universidad/ETL/Proyecto_airflow/venv/lib/python3.12/site-packages/airflow/example_dags/example_latest_only_with_trigger.py
[2025-04-01T16:18:44.559-0500] {processor.py:925} INFO - DAG(s) 'latest_only_with_trigger' retrieved from /mnt/d/Universidad/ETL/Proyecto_airflow/venv/lib/python3.12/site-packages/airflow/example_dags/example_latest_only_with_trigger.py
[2025-04-01T16:18:44.578-0500] {logging_mixin.py:190} INFO - [2025-04-01T16:18:44.577-0500] {dag.py:3239} INFO - Sync 1 DAGs
[2025-04-01T16:18:44.599-0500] {logging_mixin.py:190} INFO - [2025-04-01T16:18:44.598-0500] {dag.py:4180} INFO - Setting next_dagrun for latest_only_with_trigger to 2025-04-01 16:00:00+00:00, run_after=2025-04-01 20:00:00+00:00
[2025-04-01T16:18:44.680-0500] {processor.py:208} INFO - Processing /mnt/d/Universidad/ETL/Proyecto_airflow/venv/lib/python3.12/site-packages/airflow/example_dags/example_latest_only_with_trigger.py took 0.191 seconds
[2025-04-01T16:20:13.414-0500] {processor.py:186} INFO - Started process (PID=4228) to work on /mnt/d/Universidad/ETL/Proyecto_airflow/venv/lib/python3.12/site-packages/airflow/example_dags/example_latest_only_with_trigger.py
[2025-04-01T16:20:13.415-0500] {processor.py:914} INFO - Processing file /mnt/d/Universidad/ETL/Proyecto_airflow/venv/lib/python3.12/site-packages/airflow/example_dags/example_latest_only_with_trigger.py for tasks to queue
[2025-04-01T16:20:13.417-0500] {logging_mixin.py:190} INFO - [2025-04-01T16:20:13.417-0500] {dagbag.py:588} INFO - Filling up the DagBag from /mnt/d/Universidad/ETL/Proyecto_airflow/venv/lib/python3.12/site-packages/airflow/example_dags/example_latest_only_with_trigger.py
[2025-04-01T16:20:13.471-0500] {processor.py:925} INFO - DAG(s) 'latest_only_with_trigger' retrieved from /mnt/d/Universidad/ETL/Proyecto_airflow/venv/lib/python3.12/site-packages/airflow/example_dags/example_latest_only_with_trigger.py
[2025-04-01T16:20:13.488-0500] {logging_mixin.py:190} INFO - [2025-04-01T16:20:13.488-0500] {dag.py:3239} INFO - Sync 1 DAGs
[2025-04-01T16:20:13.507-0500] {logging_mixin.py:190} INFO - [2025-04-01T16:20:13.506-0500] {dag.py:4180} INFO - Setting next_dagrun for latest_only_with_trigger to 2025-04-01 16:00:00+00:00, run_after=2025-04-01 20:00:00+00:00
[2025-04-01T16:20:13.577-0500] {processor.py:208} INFO - Processing /mnt/d/Universidad/ETL/Proyecto_airflow/venv/lib/python3.12/site-packages/airflow/example_dags/example_latest_only_with_trigger.py took 0.170 seconds
[2025-04-01T16:21:41.675-0500] {processor.py:186} INFO - Started process (PID=4301) to work on /mnt/d/Universidad/ETL/Proyecto_airflow/venv/lib/python3.12/site-packages/airflow/example_dags/example_latest_only_with_trigger.py
[2025-04-01T16:21:41.676-0500] {processor.py:914} INFO - Processing file /mnt/d/Universidad/ETL/Proyecto_airflow/venv/lib/python3.12/site-packages/airflow/example_dags/example_latest_only_with_trigger.py for tasks to queue
[2025-04-01T16:21:41.678-0500] {logging_mixin.py:190} INFO - [2025-04-01T16:21:41.677-0500] {dagbag.py:588} INFO - Filling up the DagBag from /mnt/d/Universidad/ETL/Proyecto_airflow/venv/lib/python3.12/site-packages/airflow/example_dags/example_latest_only_with_trigger.py
[2025-04-01T16:21:41.731-0500] {processor.py:925} INFO - DAG(s) 'latest_only_with_trigger' retrieved from /mnt/d/Universidad/ETL/Proyecto_airflow/venv/lib/python3.12/site-packages/airflow/example_dags/example_latest_only_with_trigger.py
[2025-04-01T16:21:41.749-0500] {logging_mixin.py:190} INFO - [2025-04-01T16:21:41.748-0500] {dag.py:3239} INFO - Sync 1 DAGs
[2025-04-01T16:21:41.768-0500] {logging_mixin.py:190} INFO - [2025-04-01T16:21:41.767-0500] {dag.py:4180} INFO - Setting next_dagrun for latest_only_with_trigger to 2025-04-01 16:00:00+00:00, run_after=2025-04-01 20:00:00+00:00
[2025-04-01T16:21:41.853-0500] {processor.py:208} INFO - Processing /mnt/d/Universidad/ETL/Proyecto_airflow/venv/lib/python3.12/site-packages/airflow/example_dags/example_latest_only_with_trigger.py took 0.186 seconds
[2025-04-01T16:23:04.738-0500] {processor.py:186} INFO - Started process (PID=4367) to work on /mnt/d/Universidad/ETL/Proyecto_airflow/venv/lib/python3.12/site-packages/airflow/example_dags/example_latest_only_with_trigger.py
[2025-04-01T16:23:04.739-0500] {processor.py:914} INFO - Processing file /mnt/d/Universidad/ETL/Proyecto_airflow/venv/lib/python3.12/site-packages/airflow/example_dags/example_latest_only_with_trigger.py for tasks to queue
[2025-04-01T16:23:04.741-0500] {logging_mixin.py:190} INFO - [2025-04-01T16:23:04.741-0500] {dagbag.py:588} INFO - Filling up the DagBag from /mnt/d/Universidad/ETL/Proyecto_airflow/venv/lib/python3.12/site-packages/airflow/example_dags/example_latest_only_with_trigger.py
[2025-04-01T16:23:04.795-0500] {processor.py:925} INFO - DAG(s) 'latest_only_with_trigger' retrieved from /mnt/d/Universidad/ETL/Proyecto_airflow/venv/lib/python3.12/site-packages/airflow/example_dags/example_latest_only_with_trigger.py
[2025-04-01T16:23:04.813-0500] {logging_mixin.py:190} INFO - [2025-04-01T16:23:04.812-0500] {dag.py:3239} INFO - Sync 1 DAGs
[2025-04-01T16:23:04.832-0500] {logging_mixin.py:190} INFO - [2025-04-01T16:23:04.831-0500] {dag.py:4180} INFO - Setting next_dagrun for latest_only_with_trigger to 2025-04-01 16:00:00+00:00, run_after=2025-04-01 20:00:00+00:00
[2025-04-01T16:23:04.913-0500] {processor.py:208} INFO - Processing /mnt/d/Universidad/ETL/Proyecto_airflow/venv/lib/python3.12/site-packages/airflow/example_dags/example_latest_only_with_trigger.py took 0.183 seconds
[2025-04-01T16:24:39.687-0500] {processor.py:186} INFO - Started process (PID=4439) to work on /mnt/d/Universidad/ETL/Proyecto_airflow/venv/lib/python3.12/site-packages/airflow/example_dags/example_latest_only_with_trigger.py
[2025-04-01T16:24:39.688-0500] {processor.py:914} INFO - Processing file /mnt/d/Universidad/ETL/Proyecto_airflow/venv/lib/python3.12/site-packages/airflow/example_dags/example_latest_only_with_trigger.py for tasks to queue
[2025-04-01T16:24:39.691-0500] {logging_mixin.py:190} INFO - [2025-04-01T16:24:39.690-0500] {dagbag.py:588} INFO - Filling up the DagBag from /mnt/d/Universidad/ETL/Proyecto_airflow/venv/lib/python3.12/site-packages/airflow/example_dags/example_latest_only_with_trigger.py
[2025-04-01T16:24:39.744-0500] {processor.py:925} INFO - DAG(s) 'latest_only_with_trigger' retrieved from /mnt/d/Universidad/ETL/Proyecto_airflow/venv/lib/python3.12/site-packages/airflow/example_dags/example_latest_only_with_trigger.py
[2025-04-01T16:24:39.761-0500] {logging_mixin.py:190} INFO - [2025-04-01T16:24:39.761-0500] {dag.py:3239} INFO - Sync 1 DAGs
[2025-04-01T16:24:39.780-0500] {logging_mixin.py:190} INFO - [2025-04-01T16:24:39.779-0500] {dag.py:4180} INFO - Setting next_dagrun for latest_only_with_trigger to 2025-04-01 16:00:00+00:00, run_after=2025-04-01 20:00:00+00:00
[2025-04-01T16:24:39.863-0500] {processor.py:208} INFO - Processing /mnt/d/Universidad/ETL/Proyecto_airflow/venv/lib/python3.12/site-packages/airflow/example_dags/example_latest_only_with_trigger.py took 0.185 seconds
[2025-04-01T16:26:14.195-0500] {processor.py:186} INFO - Started process (PID=4510) to work on /mnt/d/Universidad/ETL/Proyecto_airflow/venv/lib/python3.12/site-packages/airflow/example_dags/example_latest_only_with_trigger.py
[2025-04-01T16:26:14.196-0500] {processor.py:914} INFO - Processing file /mnt/d/Universidad/ETL/Proyecto_airflow/venv/lib/python3.12/site-packages/airflow/example_dags/example_latest_only_with_trigger.py for tasks to queue
[2025-04-01T16:26:14.198-0500] {logging_mixin.py:190} INFO - [2025-04-01T16:26:14.198-0500] {dagbag.py:588} INFO - Filling up the DagBag from /mnt/d/Universidad/ETL/Proyecto_airflow/venv/lib/python3.12/site-packages/airflow/example_dags/example_latest_only_with_trigger.py
[2025-04-01T16:26:14.252-0500] {processor.py:925} INFO - DAG(s) 'latest_only_with_trigger' retrieved from /mnt/d/Universidad/ETL/Proyecto_airflow/venv/lib/python3.12/site-packages/airflow/example_dags/example_latest_only_with_trigger.py
[2025-04-01T16:26:14.333-0500] {logging_mixin.py:190} INFO - [2025-04-01T16:26:14.332-0500] {dag.py:3239} INFO - Sync 1 DAGs
[2025-04-01T16:26:14.351-0500] {logging_mixin.py:190} INFO - [2025-04-01T16:26:14.350-0500] {dag.py:4180} INFO - Setting next_dagrun for latest_only_with_trigger to 2025-04-01 16:00:00+00:00, run_after=2025-04-01 20:00:00+00:00
[2025-04-01T16:26:14.438-0500] {processor.py:208} INFO - Processing /mnt/d/Universidad/ETL/Proyecto_airflow/venv/lib/python3.12/site-packages/airflow/example_dags/example_latest_only_with_trigger.py took 0.251 seconds
[2025-04-01T16:27:46.528-0500] {processor.py:186} INFO - Started process (PID=4581) to work on /mnt/d/Universidad/ETL/Proyecto_airflow/venv/lib/python3.12/site-packages/airflow/example_dags/example_latest_only_with_trigger.py
[2025-04-01T16:27:46.530-0500] {processor.py:914} INFO - Processing file /mnt/d/Universidad/ETL/Proyecto_airflow/venv/lib/python3.12/site-packages/airflow/example_dags/example_latest_only_with_trigger.py for tasks to queue
[2025-04-01T16:27:46.532-0500] {logging_mixin.py:190} INFO - [2025-04-01T16:27:46.531-0500] {dagbag.py:588} INFO - Filling up the DagBag from /mnt/d/Universidad/ETL/Proyecto_airflow/venv/lib/python3.12/site-packages/airflow/example_dags/example_latest_only_with_trigger.py
[2025-04-01T16:27:46.586-0500] {processor.py:925} INFO - DAG(s) 'latest_only_with_trigger' retrieved from /mnt/d/Universidad/ETL/Proyecto_airflow/venv/lib/python3.12/site-packages/airflow/example_dags/example_latest_only_with_trigger.py
[2025-04-01T16:27:46.603-0500] {logging_mixin.py:190} INFO - [2025-04-01T16:27:46.603-0500] {dag.py:3239} INFO - Sync 1 DAGs
[2025-04-01T16:27:46.622-0500] {logging_mixin.py:190} INFO - [2025-04-01T16:27:46.622-0500] {dag.py:4180} INFO - Setting next_dagrun for latest_only_with_trigger to 2025-04-01 16:00:00+00:00, run_after=2025-04-01 20:00:00+00:00
[2025-04-01T16:27:46.701-0500] {processor.py:208} INFO - Processing /mnt/d/Universidad/ETL/Proyecto_airflow/venv/lib/python3.12/site-packages/airflow/example_dags/example_latest_only_with_trigger.py took 0.181 seconds
[2025-04-01T16:29:16.128-0500] {processor.py:186} INFO - Started process (PID=4651) to work on /mnt/d/Universidad/ETL/Proyecto_airflow/venv/lib/python3.12/site-packages/airflow/example_dags/example_latest_only_with_trigger.py
[2025-04-01T16:29:16.129-0500] {processor.py:914} INFO - Processing file /mnt/d/Universidad/ETL/Proyecto_airflow/venv/lib/python3.12/site-packages/airflow/example_dags/example_latest_only_with_trigger.py for tasks to queue
[2025-04-01T16:29:16.131-0500] {logging_mixin.py:190} INFO - [2025-04-01T16:29:16.130-0500] {dagbag.py:588} INFO - Filling up the DagBag from /mnt/d/Universidad/ETL/Proyecto_airflow/venv/lib/python3.12/site-packages/airflow/example_dags/example_latest_only_with_trigger.py
[2025-04-01T16:29:16.184-0500] {processor.py:925} INFO - DAG(s) 'latest_only_with_trigger' retrieved from /mnt/d/Universidad/ETL/Proyecto_airflow/venv/lib/python3.12/site-packages/airflow/example_dags/example_latest_only_with_trigger.py
[2025-04-01T16:29:16.202-0500] {logging_mixin.py:190} INFO - [2025-04-01T16:29:16.201-0500] {dag.py:3239} INFO - Sync 1 DAGs
[2025-04-01T16:29:16.221-0500] {logging_mixin.py:190} INFO - [2025-04-01T16:29:16.220-0500] {dag.py:4180} INFO - Setting next_dagrun for latest_only_with_trigger to 2025-04-01 16:00:00+00:00, run_after=2025-04-01 20:00:00+00:00
[2025-04-01T16:29:16.324-0500] {processor.py:208} INFO - Processing /mnt/d/Universidad/ETL/Proyecto_airflow/venv/lib/python3.12/site-packages/airflow/example_dags/example_latest_only_with_trigger.py took 0.204 seconds
[2025-04-01T16:30:49.573-0500] {processor.py:186} INFO - Started process (PID=4723) to work on /mnt/d/Universidad/ETL/Proyecto_airflow/venv/lib/python3.12/site-packages/airflow/example_dags/example_latest_only_with_trigger.py
[2025-04-01T16:30:49.574-0500] {processor.py:914} INFO - Processing file /mnt/d/Universidad/ETL/Proyecto_airflow/venv/lib/python3.12/site-packages/airflow/example_dags/example_latest_only_with_trigger.py for tasks to queue
[2025-04-01T16:30:49.576-0500] {logging_mixin.py:190} INFO - [2025-04-01T16:30:49.575-0500] {dagbag.py:588} INFO - Filling up the DagBag from /mnt/d/Universidad/ETL/Proyecto_airflow/venv/lib/python3.12/site-packages/airflow/example_dags/example_latest_only_with_trigger.py
[2025-04-01T16:30:49.629-0500] {processor.py:925} INFO - DAG(s) 'latest_only_with_trigger' retrieved from /mnt/d/Universidad/ETL/Proyecto_airflow/venv/lib/python3.12/site-packages/airflow/example_dags/example_latest_only_with_trigger.py
[2025-04-01T16:30:49.647-0500] {logging_mixin.py:190} INFO - [2025-04-01T16:30:49.647-0500] {dag.py:3239} INFO - Sync 1 DAGs
[2025-04-01T16:30:49.666-0500] {logging_mixin.py:190} INFO - [2025-04-01T16:30:49.666-0500] {dag.py:4180} INFO - Setting next_dagrun for latest_only_with_trigger to 2025-04-01 16:00:00+00:00, run_after=2025-04-01 20:00:00+00:00
[2025-04-01T16:30:49.746-0500] {processor.py:208} INFO - Processing /mnt/d/Universidad/ETL/Proyecto_airflow/venv/lib/python3.12/site-packages/airflow/example_dags/example_latest_only_with_trigger.py took 0.181 seconds
[2025-04-01T16:32:24.650-0500] {processor.py:186} INFO - Started process (PID=4796) to work on /mnt/d/Universidad/ETL/Proyecto_airflow/venv/lib/python3.12/site-packages/airflow/example_dags/example_latest_only_with_trigger.py
[2025-04-01T16:32:24.651-0500] {processor.py:914} INFO - Processing file /mnt/d/Universidad/ETL/Proyecto_airflow/venv/lib/python3.12/site-packages/airflow/example_dags/example_latest_only_with_trigger.py for tasks to queue
[2025-04-01T16:32:24.653-0500] {logging_mixin.py:190} INFO - [2025-04-01T16:32:24.653-0500] {dagbag.py:588} INFO - Filling up the DagBag from /mnt/d/Universidad/ETL/Proyecto_airflow/venv/lib/python3.12/site-packages/airflow/example_dags/example_latest_only_with_trigger.py
[2025-04-01T16:32:24.707-0500] {processor.py:925} INFO - DAG(s) 'latest_only_with_trigger' retrieved from /mnt/d/Universidad/ETL/Proyecto_airflow/venv/lib/python3.12/site-packages/airflow/example_dags/example_latest_only_with_trigger.py
[2025-04-01T16:32:24.727-0500] {logging_mixin.py:190} INFO - [2025-04-01T16:32:24.726-0500] {dag.py:3239} INFO - Sync 1 DAGs
[2025-04-01T16:32:24.747-0500] {logging_mixin.py:190} INFO - [2025-04-01T16:32:24.747-0500] {dag.py:4180} INFO - Setting next_dagrun for latest_only_with_trigger to 2025-04-01 16:00:00+00:00, run_after=2025-04-01 20:00:00+00:00
[2025-04-01T16:32:24.834-0500] {processor.py:208} INFO - Processing /mnt/d/Universidad/ETL/Proyecto_airflow/venv/lib/python3.12/site-packages/airflow/example_dags/example_latest_only_with_trigger.py took 0.191 seconds
[2025-04-01T16:33:55.411-0500] {processor.py:186} INFO - Started process (PID=4866) to work on /mnt/d/Universidad/ETL/Proyecto_airflow/venv/lib/python3.12/site-packages/airflow/example_dags/example_latest_only_with_trigger.py
[2025-04-01T16:33:55.412-0500] {processor.py:914} INFO - Processing file /mnt/d/Universidad/ETL/Proyecto_airflow/venv/lib/python3.12/site-packages/airflow/example_dags/example_latest_only_with_trigger.py for tasks to queue
[2025-04-01T16:33:55.414-0500] {logging_mixin.py:190} INFO - [2025-04-01T16:33:55.414-0500] {dagbag.py:588} INFO - Filling up the DagBag from /mnt/d/Universidad/ETL/Proyecto_airflow/venv/lib/python3.12/site-packages/airflow/example_dags/example_latest_only_with_trigger.py
[2025-04-01T16:33:55.468-0500] {processor.py:925} INFO - DAG(s) 'latest_only_with_trigger' retrieved from /mnt/d/Universidad/ETL/Proyecto_airflow/venv/lib/python3.12/site-packages/airflow/example_dags/example_latest_only_with_trigger.py
[2025-04-01T16:33:55.487-0500] {logging_mixin.py:190} INFO - [2025-04-01T16:33:55.486-0500] {dag.py:3239} INFO - Sync 1 DAGs
[2025-04-01T16:33:55.507-0500] {logging_mixin.py:190} INFO - [2025-04-01T16:33:55.506-0500] {dag.py:4180} INFO - Setting next_dagrun for latest_only_with_trigger to 2025-04-01 16:00:00+00:00, run_after=2025-04-01 20:00:00+00:00
[2025-04-01T16:33:55.578-0500] {processor.py:208} INFO - Processing /mnt/d/Universidad/ETL/Proyecto_airflow/venv/lib/python3.12/site-packages/airflow/example_dags/example_latest_only_with_trigger.py took 0.175 seconds
[2025-04-01T16:35:20.514-0500] {processor.py:186} INFO - Started process (PID=4935) to work on /mnt/d/Universidad/ETL/Proyecto_airflow/venv/lib/python3.12/site-packages/airflow/example_dags/example_latest_only_with_trigger.py
[2025-04-01T16:35:20.515-0500] {processor.py:914} INFO - Processing file /mnt/d/Universidad/ETL/Proyecto_airflow/venv/lib/python3.12/site-packages/airflow/example_dags/example_latest_only_with_trigger.py for tasks to queue
[2025-04-01T16:35:20.517-0500] {logging_mixin.py:190} INFO - [2025-04-01T16:35:20.516-0500] {dagbag.py:588} INFO - Filling up the DagBag from /mnt/d/Universidad/ETL/Proyecto_airflow/venv/lib/python3.12/site-packages/airflow/example_dags/example_latest_only_with_trigger.py
[2025-04-01T16:35:20.571-0500] {processor.py:925} INFO - DAG(s) 'latest_only_with_trigger' retrieved from /mnt/d/Universidad/ETL/Proyecto_airflow/venv/lib/python3.12/site-packages/airflow/example_dags/example_latest_only_with_trigger.py
[2025-04-01T16:35:20.589-0500] {logging_mixin.py:190} INFO - [2025-04-01T16:35:20.589-0500] {dag.py:3239} INFO - Sync 1 DAGs
[2025-04-01T16:35:20.608-0500] {logging_mixin.py:190} INFO - [2025-04-01T16:35:20.607-0500] {dag.py:4180} INFO - Setting next_dagrun for latest_only_with_trigger to 2025-04-01 16:00:00+00:00, run_after=2025-04-01 20:00:00+00:00
[2025-04-01T16:35:20.685-0500] {processor.py:208} INFO - Processing /mnt/d/Universidad/ETL/Proyecto_airflow/venv/lib/python3.12/site-packages/airflow/example_dags/example_latest_only_with_trigger.py took 0.180 seconds
[2025-04-01T16:36:56.617-0500] {processor.py:186} INFO - Started process (PID=5006) to work on /mnt/d/Universidad/ETL/Proyecto_airflow/venv/lib/python3.12/site-packages/airflow/example_dags/example_latest_only_with_trigger.py
[2025-04-01T16:36:56.618-0500] {processor.py:914} INFO - Processing file /mnt/d/Universidad/ETL/Proyecto_airflow/venv/lib/python3.12/site-packages/airflow/example_dags/example_latest_only_with_trigger.py for tasks to queue
[2025-04-01T16:36:56.620-0500] {logging_mixin.py:190} INFO - [2025-04-01T16:36:56.620-0500] {dagbag.py:588} INFO - Filling up the DagBag from /mnt/d/Universidad/ETL/Proyecto_airflow/venv/lib/python3.12/site-packages/airflow/example_dags/example_latest_only_with_trigger.py
[2025-04-01T16:36:56.674-0500] {processor.py:925} INFO - DAG(s) 'latest_only_with_trigger' retrieved from /mnt/d/Universidad/ETL/Proyecto_airflow/venv/lib/python3.12/site-packages/airflow/example_dags/example_latest_only_with_trigger.py
[2025-04-01T16:36:56.693-0500] {logging_mixin.py:190} INFO - [2025-04-01T16:36:56.692-0500] {dag.py:3239} INFO - Sync 1 DAGs
[2025-04-01T16:36:56.712-0500] {logging_mixin.py:190} INFO - [2025-04-01T16:36:56.711-0500] {dag.py:4180} INFO - Setting next_dagrun for latest_only_with_trigger to 2025-04-01 16:00:00+00:00, run_after=2025-04-01 20:00:00+00:00
[2025-04-01T16:36:56.787-0500] {processor.py:208} INFO - Processing /mnt/d/Universidad/ETL/Proyecto_airflow/venv/lib/python3.12/site-packages/airflow/example_dags/example_latest_only_with_trigger.py took 0.178 seconds
[2025-04-01T16:38:29.311-0500] {processor.py:186} INFO - Started process (PID=5075) to work on /mnt/d/Universidad/ETL/Proyecto_airflow/venv/lib/python3.12/site-packages/airflow/example_dags/example_latest_only_with_trigger.py
[2025-04-01T16:38:29.313-0500] {processor.py:914} INFO - Processing file /mnt/d/Universidad/ETL/Proyecto_airflow/venv/lib/python3.12/site-packages/airflow/example_dags/example_latest_only_with_trigger.py for tasks to queue
[2025-04-01T16:38:29.315-0500] {logging_mixin.py:190} INFO - [2025-04-01T16:38:29.314-0500] {dagbag.py:588} INFO - Filling up the DagBag from /mnt/d/Universidad/ETL/Proyecto_airflow/venv/lib/python3.12/site-packages/airflow/example_dags/example_latest_only_with_trigger.py
[2025-04-01T16:38:29.369-0500] {processor.py:925} INFO - DAG(s) 'latest_only_with_trigger' retrieved from /mnt/d/Universidad/ETL/Proyecto_airflow/venv/lib/python3.12/site-packages/airflow/example_dags/example_latest_only_with_trigger.py
[2025-04-01T16:38:29.388-0500] {logging_mixin.py:190} INFO - [2025-04-01T16:38:29.387-0500] {dag.py:3239} INFO - Sync 1 DAGs
[2025-04-01T16:38:29.408-0500] {logging_mixin.py:190} INFO - [2025-04-01T16:38:29.407-0500] {dag.py:4180} INFO - Setting next_dagrun for latest_only_with_trigger to 2025-04-01 16:00:00+00:00, run_after=2025-04-01 20:00:00+00:00
[2025-04-01T16:38:29.513-0500] {processor.py:208} INFO - Processing /mnt/d/Universidad/ETL/Proyecto_airflow/venv/lib/python3.12/site-packages/airflow/example_dags/example_latest_only_with_trigger.py took 0.209 seconds
[2025-04-01T16:39:58.908-0500] {processor.py:186} INFO - Started process (PID=5146) to work on /mnt/d/Universidad/ETL/Proyecto_airflow/venv/lib/python3.12/site-packages/airflow/example_dags/example_latest_only_with_trigger.py
[2025-04-01T16:39:58.909-0500] {processor.py:914} INFO - Processing file /mnt/d/Universidad/ETL/Proyecto_airflow/venv/lib/python3.12/site-packages/airflow/example_dags/example_latest_only_with_trigger.py for tasks to queue
[2025-04-01T16:39:58.911-0500] {logging_mixin.py:190} INFO - [2025-04-01T16:39:58.910-0500] {dagbag.py:588} INFO - Filling up the DagBag from /mnt/d/Universidad/ETL/Proyecto_airflow/venv/lib/python3.12/site-packages/airflow/example_dags/example_latest_only_with_trigger.py
[2025-04-01T16:39:58.964-0500] {processor.py:925} INFO - DAG(s) 'latest_only_with_trigger' retrieved from /mnt/d/Universidad/ETL/Proyecto_airflow/venv/lib/python3.12/site-packages/airflow/example_dags/example_latest_only_with_trigger.py
[2025-04-01T16:39:58.984-0500] {logging_mixin.py:190} INFO - [2025-04-01T16:39:58.984-0500] {dag.py:3239} INFO - Sync 1 DAGs
[2025-04-01T16:39:59.004-0500] {logging_mixin.py:190} INFO - [2025-04-01T16:39:59.004-0500] {dag.py:4180} INFO - Setting next_dagrun for latest_only_with_trigger to 2025-04-01 16:00:00+00:00, run_after=2025-04-01 20:00:00+00:00
[2025-04-01T16:39:59.113-0500] {processor.py:208} INFO - Processing /mnt/d/Universidad/ETL/Proyecto_airflow/venv/lib/python3.12/site-packages/airflow/example_dags/example_latest_only_with_trigger.py took 0.213 seconds
[2025-04-01T16:41:38.549-0500] {processor.py:186} INFO - Started process (PID=5220) to work on /mnt/d/Universidad/ETL/Proyecto_airflow/venv/lib/python3.12/site-packages/airflow/example_dags/example_latest_only_with_trigger.py
[2025-04-01T16:41:38.550-0500] {processor.py:914} INFO - Processing file /mnt/d/Universidad/ETL/Proyecto_airflow/venv/lib/python3.12/site-packages/airflow/example_dags/example_latest_only_with_trigger.py for tasks to queue
[2025-04-01T16:41:38.552-0500] {logging_mixin.py:190} INFO - [2025-04-01T16:41:38.551-0500] {dagbag.py:588} INFO - Filling up the DagBag from /mnt/d/Universidad/ETL/Proyecto_airflow/venv/lib/python3.12/site-packages/airflow/example_dags/example_latest_only_with_trigger.py
[2025-04-01T16:41:38.608-0500] {processor.py:925} INFO - DAG(s) 'latest_only_with_trigger' retrieved from /mnt/d/Universidad/ETL/Proyecto_airflow/venv/lib/python3.12/site-packages/airflow/example_dags/example_latest_only_with_trigger.py
[2025-04-01T16:41:38.626-0500] {logging_mixin.py:190} INFO - [2025-04-01T16:41:38.626-0500] {dag.py:3239} INFO - Sync 1 DAGs
[2025-04-01T16:41:38.646-0500] {logging_mixin.py:190} INFO - [2025-04-01T16:41:38.645-0500] {dag.py:4180} INFO - Setting next_dagrun for latest_only_with_trigger to 2025-04-01 16:00:00+00:00, run_after=2025-04-01 20:00:00+00:00
[2025-04-01T16:41:38.753-0500] {processor.py:208} INFO - Processing /mnt/d/Universidad/ETL/Proyecto_airflow/venv/lib/python3.12/site-packages/airflow/example_dags/example_latest_only_with_trigger.py took 0.213 seconds
[2025-04-01T16:43:11.213-0500] {processor.py:186} INFO - Started process (PID=5290) to work on /mnt/d/Universidad/ETL/Proyecto_airflow/venv/lib/python3.12/site-packages/airflow/example_dags/example_latest_only_with_trigger.py
[2025-04-01T16:43:11.214-0500] {processor.py:914} INFO - Processing file /mnt/d/Universidad/ETL/Proyecto_airflow/venv/lib/python3.12/site-packages/airflow/example_dags/example_latest_only_with_trigger.py for tasks to queue
[2025-04-01T16:43:11.216-0500] {logging_mixin.py:190} INFO - [2025-04-01T16:43:11.215-0500] {dagbag.py:588} INFO - Filling up the DagBag from /mnt/d/Universidad/ETL/Proyecto_airflow/venv/lib/python3.12/site-packages/airflow/example_dags/example_latest_only_with_trigger.py
[2025-04-01T16:43:11.271-0500] {processor.py:925} INFO - DAG(s) 'latest_only_with_trigger' retrieved from /mnt/d/Universidad/ETL/Proyecto_airflow/venv/lib/python3.12/site-packages/airflow/example_dags/example_latest_only_with_trigger.py
[2025-04-01T16:43:11.368-0500] {logging_mixin.py:190} INFO - [2025-04-01T16:43:11.367-0500] {dag.py:3239} INFO - Sync 1 DAGs
[2025-04-01T16:43:11.387-0500] {logging_mixin.py:190} INFO - [2025-04-01T16:43:11.387-0500] {dag.py:4180} INFO - Setting next_dagrun for latest_only_with_trigger to 2025-04-01 16:00:00+00:00, run_after=2025-04-01 20:00:00+00:00
[2025-04-01T16:43:11.495-0500] {processor.py:208} INFO - Processing /mnt/d/Universidad/ETL/Proyecto_airflow/venv/lib/python3.12/site-packages/airflow/example_dags/example_latest_only_with_trigger.py took 0.290 seconds
[2025-04-01T16:44:46.588-0500] {processor.py:186} INFO - Started process (PID=5361) to work on /mnt/d/Universidad/ETL/Proyecto_airflow/venv/lib/python3.12/site-packages/airflow/example_dags/example_latest_only_with_trigger.py
[2025-04-01T16:44:46.589-0500] {processor.py:914} INFO - Processing file /mnt/d/Universidad/ETL/Proyecto_airflow/venv/lib/python3.12/site-packages/airflow/example_dags/example_latest_only_with_trigger.py for tasks to queue
[2025-04-01T16:44:46.592-0500] {logging_mixin.py:190} INFO - [2025-04-01T16:44:46.591-0500] {dagbag.py:588} INFO - Filling up the DagBag from /mnt/d/Universidad/ETL/Proyecto_airflow/venv/lib/python3.12/site-packages/airflow/example_dags/example_latest_only_with_trigger.py
[2025-04-01T16:44:46.651-0500] {processor.py:925} INFO - DAG(s) 'latest_only_with_trigger' retrieved from /mnt/d/Universidad/ETL/Proyecto_airflow/venv/lib/python3.12/site-packages/airflow/example_dags/example_latest_only_with_trigger.py
[2025-04-01T16:44:46.673-0500] {logging_mixin.py:190} INFO - [2025-04-01T16:44:46.672-0500] {dag.py:3239} INFO - Sync 1 DAGs
[2025-04-01T16:44:46.695-0500] {logging_mixin.py:190} INFO - [2025-04-01T16:44:46.695-0500] {dag.py:4180} INFO - Setting next_dagrun for latest_only_with_trigger to 2025-04-01 16:00:00+00:00, run_after=2025-04-01 20:00:00+00:00
[2025-04-01T16:44:46.787-0500] {processor.py:208} INFO - Processing /mnt/d/Universidad/ETL/Proyecto_airflow/venv/lib/python3.12/site-packages/airflow/example_dags/example_latest_only_with_trigger.py took 0.208 seconds
[2025-04-01T16:46:22.301-0500] {processor.py:186} INFO - Started process (PID=5434) to work on /mnt/d/Universidad/ETL/Proyecto_airflow/venv/lib/python3.12/site-packages/airflow/example_dags/example_latest_only_with_trigger.py
[2025-04-01T16:46:22.302-0500] {processor.py:914} INFO - Processing file /mnt/d/Universidad/ETL/Proyecto_airflow/venv/lib/python3.12/site-packages/airflow/example_dags/example_latest_only_with_trigger.py for tasks to queue
[2025-04-01T16:46:22.304-0500] {logging_mixin.py:190} INFO - [2025-04-01T16:46:22.303-0500] {dagbag.py:588} INFO - Filling up the DagBag from /mnt/d/Universidad/ETL/Proyecto_airflow/venv/lib/python3.12/site-packages/airflow/example_dags/example_latest_only_with_trigger.py
[2025-04-01T16:46:22.359-0500] {processor.py:925} INFO - DAG(s) 'latest_only_with_trigger' retrieved from /mnt/d/Universidad/ETL/Proyecto_airflow/venv/lib/python3.12/site-packages/airflow/example_dags/example_latest_only_with_trigger.py
[2025-04-01T16:46:22.379-0500] {logging_mixin.py:190} INFO - [2025-04-01T16:46:22.379-0500] {dag.py:3239} INFO - Sync 1 DAGs
[2025-04-01T16:46:22.400-0500] {logging_mixin.py:190} INFO - [2025-04-01T16:46:22.399-0500] {dag.py:4180} INFO - Setting next_dagrun for latest_only_with_trigger to 2025-04-01 16:00:00+00:00, run_after=2025-04-01 20:00:00+00:00
[2025-04-01T16:46:22.493-0500] {processor.py:208} INFO - Processing /mnt/d/Universidad/ETL/Proyecto_airflow/venv/lib/python3.12/site-packages/airflow/example_dags/example_latest_only_with_trigger.py took 0.200 seconds
[2025-04-01T16:47:59.336-0500] {processor.py:186} INFO - Started process (PID=5506) to work on /mnt/d/Universidad/ETL/Proyecto_airflow/venv/lib/python3.12/site-packages/airflow/example_dags/example_latest_only_with_trigger.py
[2025-04-01T16:47:59.337-0500] {processor.py:914} INFO - Processing file /mnt/d/Universidad/ETL/Proyecto_airflow/venv/lib/python3.12/site-packages/airflow/example_dags/example_latest_only_with_trigger.py for tasks to queue
[2025-04-01T16:47:59.339-0500] {logging_mixin.py:190} INFO - [2025-04-01T16:47:59.339-0500] {dagbag.py:588} INFO - Filling up the DagBag from /mnt/d/Universidad/ETL/Proyecto_airflow/venv/lib/python3.12/site-packages/airflow/example_dags/example_latest_only_with_trigger.py
[2025-04-01T16:47:59.392-0500] {processor.py:925} INFO - DAG(s) 'latest_only_with_trigger' retrieved from /mnt/d/Universidad/ETL/Proyecto_airflow/venv/lib/python3.12/site-packages/airflow/example_dags/example_latest_only_with_trigger.py
[2025-04-01T16:47:59.409-0500] {logging_mixin.py:190} INFO - [2025-04-01T16:47:59.409-0500] {dag.py:3239} INFO - Sync 1 DAGs
[2025-04-01T16:47:59.428-0500] {logging_mixin.py:190} INFO - [2025-04-01T16:47:59.427-0500] {dag.py:4180} INFO - Setting next_dagrun for latest_only_with_trigger to 2025-04-01 16:00:00+00:00, run_after=2025-04-01 20:00:00+00:00
[2025-04-01T16:47:59.536-0500] {processor.py:208} INFO - Processing /mnt/d/Universidad/ETL/Proyecto_airflow/venv/lib/python3.12/site-packages/airflow/example_dags/example_latest_only_with_trigger.py took 0.208 seconds
[2025-04-01T16:49:29.544-0500] {processor.py:186} INFO - Started process (PID=5575) to work on /mnt/d/Universidad/ETL/Proyecto_airflow/venv/lib/python3.12/site-packages/airflow/example_dags/example_latest_only_with_trigger.py
[2025-04-01T16:49:29.545-0500] {processor.py:914} INFO - Processing file /mnt/d/Universidad/ETL/Proyecto_airflow/venv/lib/python3.12/site-packages/airflow/example_dags/example_latest_only_with_trigger.py for tasks to queue
[2025-04-01T16:49:29.547-0500] {logging_mixin.py:190} INFO - [2025-04-01T16:49:29.546-0500] {dagbag.py:588} INFO - Filling up the DagBag from /mnt/d/Universidad/ETL/Proyecto_airflow/venv/lib/python3.12/site-packages/airflow/example_dags/example_latest_only_with_trigger.py
[2025-04-01T16:49:29.600-0500] {processor.py:925} INFO - DAG(s) 'latest_only_with_trigger' retrieved from /mnt/d/Universidad/ETL/Proyecto_airflow/venv/lib/python3.12/site-packages/airflow/example_dags/example_latest_only_with_trigger.py
[2025-04-01T16:49:29.617-0500] {logging_mixin.py:190} INFO - [2025-04-01T16:49:29.617-0500] {dag.py:3239} INFO - Sync 1 DAGs
[2025-04-01T16:49:29.636-0500] {logging_mixin.py:190} INFO - [2025-04-01T16:49:29.635-0500] {dag.py:4180} INFO - Setting next_dagrun for latest_only_with_trigger to 2025-04-01 16:00:00+00:00, run_after=2025-04-01 20:00:00+00:00
[2025-04-01T16:49:29.700-0500] {processor.py:208} INFO - Processing /mnt/d/Universidad/ETL/Proyecto_airflow/venv/lib/python3.12/site-packages/airflow/example_dags/example_latest_only_with_trigger.py took 0.164 seconds
[2025-04-01T16:50:56.661-0500] {processor.py:186} INFO - Started process (PID=5644) to work on /mnt/d/Universidad/ETL/Proyecto_airflow/venv/lib/python3.12/site-packages/airflow/example_dags/example_latest_only_with_trigger.py
[2025-04-01T16:50:56.662-0500] {processor.py:914} INFO - Processing file /mnt/d/Universidad/ETL/Proyecto_airflow/venv/lib/python3.12/site-packages/airflow/example_dags/example_latest_only_with_trigger.py for tasks to queue
[2025-04-01T16:50:56.665-0500] {logging_mixin.py:190} INFO - [2025-04-01T16:50:56.664-0500] {dagbag.py:588} INFO - Filling up the DagBag from /mnt/d/Universidad/ETL/Proyecto_airflow/venv/lib/python3.12/site-packages/airflow/example_dags/example_latest_only_with_trigger.py
[2025-04-01T16:50:56.717-0500] {processor.py:925} INFO - DAG(s) 'latest_only_with_trigger' retrieved from /mnt/d/Universidad/ETL/Proyecto_airflow/venv/lib/python3.12/site-packages/airflow/example_dags/example_latest_only_with_trigger.py
[2025-04-01T16:50:56.735-0500] {logging_mixin.py:190} INFO - [2025-04-01T16:50:56.734-0500] {dag.py:3239} INFO - Sync 1 DAGs
[2025-04-01T16:50:56.755-0500] {logging_mixin.py:190} INFO - [2025-04-01T16:50:56.754-0500] {dag.py:4180} INFO - Setting next_dagrun for latest_only_with_trigger to 2025-04-01 16:00:00+00:00, run_after=2025-04-01 20:00:00+00:00
[2025-04-01T16:50:56.858-0500] {processor.py:208} INFO - Processing /mnt/d/Universidad/ETL/Proyecto_airflow/venv/lib/python3.12/site-packages/airflow/example_dags/example_latest_only_with_trigger.py took 0.204 seconds
[2025-04-01T16:52:40.020-0500] {processor.py:186} INFO - Started process (PID=5718) to work on /mnt/d/Universidad/ETL/Proyecto_airflow/venv/lib/python3.12/site-packages/airflow/example_dags/example_latest_only_with_trigger.py
[2025-04-01T16:52:40.021-0500] {processor.py:914} INFO - Processing file /mnt/d/Universidad/ETL/Proyecto_airflow/venv/lib/python3.12/site-packages/airflow/example_dags/example_latest_only_with_trigger.py for tasks to queue
[2025-04-01T16:52:40.023-0500] {logging_mixin.py:190} INFO - [2025-04-01T16:52:40.023-0500] {dagbag.py:588} INFO - Filling up the DagBag from /mnt/d/Universidad/ETL/Proyecto_airflow/venv/lib/python3.12/site-packages/airflow/example_dags/example_latest_only_with_trigger.py
[2025-04-01T16:52:40.076-0500] {processor.py:925} INFO - DAG(s) 'latest_only_with_trigger' retrieved from /mnt/d/Universidad/ETL/Proyecto_airflow/venv/lib/python3.12/site-packages/airflow/example_dags/example_latest_only_with_trigger.py
[2025-04-01T16:52:40.095-0500] {logging_mixin.py:190} INFO - [2025-04-01T16:52:40.095-0500] {dag.py:3239} INFO - Sync 1 DAGs
[2025-04-01T16:52:40.115-0500] {logging_mixin.py:190} INFO - [2025-04-01T16:52:40.114-0500] {dag.py:4180} INFO - Setting next_dagrun for latest_only_with_trigger to 2025-04-01 16:00:00+00:00, run_after=2025-04-01 20:00:00+00:00
[2025-04-01T16:52:40.219-0500] {processor.py:208} INFO - Processing /mnt/d/Universidad/ETL/Proyecto_airflow/venv/lib/python3.12/site-packages/airflow/example_dags/example_latest_only_with_trigger.py took 0.206 seconds
[2025-04-01T16:54:14.950-0500] {processor.py:186} INFO - Started process (PID=5790) to work on /mnt/d/Universidad/ETL/Proyecto_airflow/venv/lib/python3.12/site-packages/airflow/example_dags/example_latest_only_with_trigger.py
[2025-04-01T16:54:14.951-0500] {processor.py:914} INFO - Processing file /mnt/d/Universidad/ETL/Proyecto_airflow/venv/lib/python3.12/site-packages/airflow/example_dags/example_latest_only_with_trigger.py for tasks to queue
[2025-04-01T16:54:14.954-0500] {logging_mixin.py:190} INFO - [2025-04-01T16:54:14.953-0500] {dagbag.py:588} INFO - Filling up the DagBag from /mnt/d/Universidad/ETL/Proyecto_airflow/venv/lib/python3.12/site-packages/airflow/example_dags/example_latest_only_with_trigger.py
[2025-04-01T16:54:15.008-0500] {processor.py:925} INFO - DAG(s) 'latest_only_with_trigger' retrieved from /mnt/d/Universidad/ETL/Proyecto_airflow/venv/lib/python3.12/site-packages/airflow/example_dags/example_latest_only_with_trigger.py
[2025-04-01T16:54:15.028-0500] {logging_mixin.py:190} INFO - [2025-04-01T16:54:15.027-0500] {dag.py:3239} INFO - Sync 1 DAGs
[2025-04-01T16:54:15.048-0500] {logging_mixin.py:190} INFO - [2025-04-01T16:54:15.047-0500] {dag.py:4180} INFO - Setting next_dagrun for latest_only_with_trigger to 2025-04-01 16:00:00+00:00, run_after=2025-04-01 20:00:00+00:00
[2025-04-01T16:54:15.152-0500] {processor.py:208} INFO - Processing /mnt/d/Universidad/ETL/Proyecto_airflow/venv/lib/python3.12/site-packages/airflow/example_dags/example_latest_only_with_trigger.py took 0.210 seconds
[2025-04-01T16:55:47.099-0500] {processor.py:186} INFO - Started process (PID=5861) to work on /mnt/d/Universidad/ETL/Proyecto_airflow/venv/lib/python3.12/site-packages/airflow/example_dags/example_latest_only_with_trigger.py
[2025-04-01T16:55:47.100-0500] {processor.py:914} INFO - Processing file /mnt/d/Universidad/ETL/Proyecto_airflow/venv/lib/python3.12/site-packages/airflow/example_dags/example_latest_only_with_trigger.py for tasks to queue
[2025-04-01T16:55:47.102-0500] {logging_mixin.py:190} INFO - [2025-04-01T16:55:47.101-0500] {dagbag.py:588} INFO - Filling up the DagBag from /mnt/d/Universidad/ETL/Proyecto_airflow/venv/lib/python3.12/site-packages/airflow/example_dags/example_latest_only_with_trigger.py
[2025-04-01T16:55:47.155-0500] {processor.py:925} INFO - DAG(s) 'latest_only_with_trigger' retrieved from /mnt/d/Universidad/ETL/Proyecto_airflow/venv/lib/python3.12/site-packages/airflow/example_dags/example_latest_only_with_trigger.py
[2025-04-01T16:55:47.173-0500] {logging_mixin.py:190} INFO - [2025-04-01T16:55:47.172-0500] {dag.py:3239} INFO - Sync 1 DAGs
[2025-04-01T16:55:47.192-0500] {logging_mixin.py:190} INFO - [2025-04-01T16:55:47.191-0500] {dag.py:4180} INFO - Setting next_dagrun for latest_only_with_trigger to 2025-04-01 16:00:00+00:00, run_after=2025-04-01 20:00:00+00:00
[2025-04-01T16:55:47.312-0500] {processor.py:208} INFO - Processing /mnt/d/Universidad/ETL/Proyecto_airflow/venv/lib/python3.12/site-packages/airflow/example_dags/example_latest_only_with_trigger.py took 0.221 seconds
[2025-04-01T16:57:21.199-0500] {processor.py:186} INFO - Started process (PID=5933) to work on /mnt/d/Universidad/ETL/Proyecto_airflow/venv/lib/python3.12/site-packages/airflow/example_dags/example_latest_only_with_trigger.py
[2025-04-01T16:57:21.200-0500] {processor.py:914} INFO - Processing file /mnt/d/Universidad/ETL/Proyecto_airflow/venv/lib/python3.12/site-packages/airflow/example_dags/example_latest_only_with_trigger.py for tasks to queue
[2025-04-01T16:57:21.202-0500] {logging_mixin.py:190} INFO - [2025-04-01T16:57:21.201-0500] {dagbag.py:588} INFO - Filling up the DagBag from /mnt/d/Universidad/ETL/Proyecto_airflow/venv/lib/python3.12/site-packages/airflow/example_dags/example_latest_only_with_trigger.py
[2025-04-01T16:57:21.255-0500] {processor.py:925} INFO - DAG(s) 'latest_only_with_trigger' retrieved from /mnt/d/Universidad/ETL/Proyecto_airflow/venv/lib/python3.12/site-packages/airflow/example_dags/example_latest_only_with_trigger.py
[2025-04-01T16:57:21.273-0500] {logging_mixin.py:190} INFO - [2025-04-01T16:57:21.272-0500] {dag.py:3239} INFO - Sync 1 DAGs
[2025-04-01T16:57:21.291-0500] {logging_mixin.py:190} INFO - [2025-04-01T16:57:21.290-0500] {dag.py:4180} INFO - Setting next_dagrun for latest_only_with_trigger to 2025-04-01 16:00:00+00:00, run_after=2025-04-01 20:00:00+00:00
[2025-04-01T16:57:21.399-0500] {processor.py:208} INFO - Processing /mnt/d/Universidad/ETL/Proyecto_airflow/venv/lib/python3.12/site-packages/airflow/example_dags/example_latest_only_with_trigger.py took 0.208 seconds
[2025-04-01T16:58:54.501-0500] {processor.py:186} INFO - Started process (PID=6003) to work on /mnt/d/Universidad/ETL/Proyecto_airflow/venv/lib/python3.12/site-packages/airflow/example_dags/example_latest_only_with_trigger.py
[2025-04-01T16:58:54.502-0500] {processor.py:914} INFO - Processing file /mnt/d/Universidad/ETL/Proyecto_airflow/venv/lib/python3.12/site-packages/airflow/example_dags/example_latest_only_with_trigger.py for tasks to queue
[2025-04-01T16:58:54.504-0500] {logging_mixin.py:190} INFO - [2025-04-01T16:58:54.503-0500] {dagbag.py:588} INFO - Filling up the DagBag from /mnt/d/Universidad/ETL/Proyecto_airflow/venv/lib/python3.12/site-packages/airflow/example_dags/example_latest_only_with_trigger.py
[2025-04-01T16:58:54.557-0500] {processor.py:925} INFO - DAG(s) 'latest_only_with_trigger' retrieved from /mnt/d/Universidad/ETL/Proyecto_airflow/venv/lib/python3.12/site-packages/airflow/example_dags/example_latest_only_with_trigger.py
[2025-04-01T16:58:54.575-0500] {logging_mixin.py:190} INFO - [2025-04-01T16:58:54.574-0500] {dag.py:3239} INFO - Sync 1 DAGs
[2025-04-01T16:58:54.594-0500] {logging_mixin.py:190} INFO - [2025-04-01T16:58:54.593-0500] {dag.py:4180} INFO - Setting next_dagrun for latest_only_with_trigger to 2025-04-01 16:00:00+00:00, run_after=2025-04-01 20:00:00+00:00
[2025-04-01T16:58:54.704-0500] {processor.py:208} INFO - Processing /mnt/d/Universidad/ETL/Proyecto_airflow/venv/lib/python3.12/site-packages/airflow/example_dags/example_latest_only_with_trigger.py took 0.211 seconds
[2025-04-01T17:00:30.188-0500] {processor.py:186} INFO - Started process (PID=6074) to work on /mnt/d/Universidad/ETL/Proyecto_airflow/venv/lib/python3.12/site-packages/airflow/example_dags/example_latest_only_with_trigger.py
[2025-04-01T17:00:30.189-0500] {processor.py:914} INFO - Processing file /mnt/d/Universidad/ETL/Proyecto_airflow/venv/lib/python3.12/site-packages/airflow/example_dags/example_latest_only_with_trigger.py for tasks to queue
[2025-04-01T17:00:30.191-0500] {logging_mixin.py:190} INFO - [2025-04-01T17:00:30.190-0500] {dagbag.py:588} INFO - Filling up the DagBag from /mnt/d/Universidad/ETL/Proyecto_airflow/venv/lib/python3.12/site-packages/airflow/example_dags/example_latest_only_with_trigger.py
[2025-04-01T17:00:30.244-0500] {processor.py:925} INFO - DAG(s) 'latest_only_with_trigger' retrieved from /mnt/d/Universidad/ETL/Proyecto_airflow/venv/lib/python3.12/site-packages/airflow/example_dags/example_latest_only_with_trigger.py
[2025-04-01T17:00:30.262-0500] {logging_mixin.py:190} INFO - [2025-04-01T17:00:30.262-0500] {dag.py:3239} INFO - Sync 1 DAGs
[2025-04-01T17:00:30.283-0500] {logging_mixin.py:190} INFO - [2025-04-01T17:00:30.283-0500] {dag.py:4180} INFO - Setting next_dagrun for latest_only_with_trigger to 2025-04-01 16:00:00+00:00, run_after=2025-04-01 20:00:00+00:00
[2025-04-01T17:00:30.433-0500] {processor.py:208} INFO - Processing /mnt/d/Universidad/ETL/Proyecto_airflow/venv/lib/python3.12/site-packages/airflow/example_dags/example_latest_only_with_trigger.py took 0.255 seconds
[2025-04-01T17:02:04.842-0500] {processor.py:186} INFO - Started process (PID=6145) to work on /mnt/d/Universidad/ETL/Proyecto_airflow/venv/lib/python3.12/site-packages/airflow/example_dags/example_latest_only_with_trigger.py
[2025-04-01T17:02:04.843-0500] {processor.py:914} INFO - Processing file /mnt/d/Universidad/ETL/Proyecto_airflow/venv/lib/python3.12/site-packages/airflow/example_dags/example_latest_only_with_trigger.py for tasks to queue
[2025-04-01T17:02:04.845-0500] {logging_mixin.py:190} INFO - [2025-04-01T17:02:04.844-0500] {dagbag.py:588} INFO - Filling up the DagBag from /mnt/d/Universidad/ETL/Proyecto_airflow/venv/lib/python3.12/site-packages/airflow/example_dags/example_latest_only_with_trigger.py
[2025-04-01T17:02:04.897-0500] {processor.py:925} INFO - DAG(s) 'latest_only_with_trigger' retrieved from /mnt/d/Universidad/ETL/Proyecto_airflow/venv/lib/python3.12/site-packages/airflow/example_dags/example_latest_only_with_trigger.py
[2025-04-01T17:02:04.915-0500] {logging_mixin.py:190} INFO - [2025-04-01T17:02:04.914-0500] {dag.py:3239} INFO - Sync 1 DAGs
[2025-04-01T17:02:04.933-0500] {logging_mixin.py:190} INFO - [2025-04-01T17:02:04.933-0500] {dag.py:4180} INFO - Setting next_dagrun for latest_only_with_trigger to 2025-04-01 16:00:00+00:00, run_after=2025-04-01 20:00:00+00:00
[2025-04-01T17:02:05.033-0500] {processor.py:208} INFO - Processing /mnt/d/Universidad/ETL/Proyecto_airflow/venv/lib/python3.12/site-packages/airflow/example_dags/example_latest_only_with_trigger.py took 0.199 seconds
[2025-04-01T17:03:42.763-0500] {processor.py:186} INFO - Started process (PID=6217) to work on /mnt/d/Universidad/ETL/Proyecto_airflow/venv/lib/python3.12/site-packages/airflow/example_dags/example_latest_only_with_trigger.py
[2025-04-01T17:03:42.765-0500] {processor.py:914} INFO - Processing file /mnt/d/Universidad/ETL/Proyecto_airflow/venv/lib/python3.12/site-packages/airflow/example_dags/example_latest_only_with_trigger.py for tasks to queue
[2025-04-01T17:03:42.767-0500] {logging_mixin.py:190} INFO - [2025-04-01T17:03:42.766-0500] {dagbag.py:588} INFO - Filling up the DagBag from /mnt/d/Universidad/ETL/Proyecto_airflow/venv/lib/python3.12/site-packages/airflow/example_dags/example_latest_only_with_trigger.py
[2025-04-01T17:03:42.820-0500] {processor.py:925} INFO - DAG(s) 'latest_only_with_trigger' retrieved from /mnt/d/Universidad/ETL/Proyecto_airflow/venv/lib/python3.12/site-packages/airflow/example_dags/example_latest_only_with_trigger.py
[2025-04-01T17:03:42.838-0500] {logging_mixin.py:190} INFO - [2025-04-01T17:03:42.838-0500] {dag.py:3239} INFO - Sync 1 DAGs
[2025-04-01T17:03:42.857-0500] {logging_mixin.py:190} INFO - [2025-04-01T17:03:42.857-0500] {dag.py:4180} INFO - Setting next_dagrun for latest_only_with_trigger to 2025-04-01 16:00:00+00:00, run_after=2025-04-01 20:00:00+00:00
[2025-04-01T17:03:42.985-0500] {processor.py:208} INFO - Processing /mnt/d/Universidad/ETL/Proyecto_airflow/venv/lib/python3.12/site-packages/airflow/example_dags/example_latest_only_with_trigger.py took 0.229 seconds
[2025-04-01T17:05:13.778-0500] {processor.py:186} INFO - Started process (PID=6286) to work on /mnt/d/Universidad/ETL/Proyecto_airflow/venv/lib/python3.12/site-packages/airflow/example_dags/example_latest_only_with_trigger.py
[2025-04-01T17:05:13.779-0500] {processor.py:914} INFO - Processing file /mnt/d/Universidad/ETL/Proyecto_airflow/venv/lib/python3.12/site-packages/airflow/example_dags/example_latest_only_with_trigger.py for tasks to queue
[2025-04-01T17:05:13.781-0500] {logging_mixin.py:190} INFO - [2025-04-01T17:05:13.780-0500] {dagbag.py:588} INFO - Filling up the DagBag from /mnt/d/Universidad/ETL/Proyecto_airflow/venv/lib/python3.12/site-packages/airflow/example_dags/example_latest_only_with_trigger.py
[2025-04-01T17:05:13.834-0500] {processor.py:925} INFO - DAG(s) 'latest_only_with_trigger' retrieved from /mnt/d/Universidad/ETL/Proyecto_airflow/venv/lib/python3.12/site-packages/airflow/example_dags/example_latest_only_with_trigger.py
[2025-04-01T17:05:13.852-0500] {logging_mixin.py:190} INFO - [2025-04-01T17:05:13.851-0500] {dag.py:3239} INFO - Sync 1 DAGs
[2025-04-01T17:05:13.870-0500] {logging_mixin.py:190} INFO - [2025-04-01T17:05:13.870-0500] {dag.py:4180} INFO - Setting next_dagrun for latest_only_with_trigger to 2025-04-01 16:00:00+00:00, run_after=2025-04-01 20:00:00+00:00
[2025-04-01T17:05:13.973-0500] {processor.py:208} INFO - Processing /mnt/d/Universidad/ETL/Proyecto_airflow/venv/lib/python3.12/site-packages/airflow/example_dags/example_latest_only_with_trigger.py took 0.202 seconds
[2025-04-01T17:06:56.230-0500] {processor.py:186} INFO - Started process (PID=6361) to work on /mnt/d/Universidad/ETL/Proyecto_airflow/venv/lib/python3.12/site-packages/airflow/example_dags/example_latest_only_with_trigger.py
[2025-04-01T17:06:56.231-0500] {processor.py:914} INFO - Processing file /mnt/d/Universidad/ETL/Proyecto_airflow/venv/lib/python3.12/site-packages/airflow/example_dags/example_latest_only_with_trigger.py for tasks to queue
[2025-04-01T17:06:56.233-0500] {logging_mixin.py:190} INFO - [2025-04-01T17:06:56.233-0500] {dagbag.py:588} INFO - Filling up the DagBag from /mnt/d/Universidad/ETL/Proyecto_airflow/venv/lib/python3.12/site-packages/airflow/example_dags/example_latest_only_with_trigger.py
[2025-04-01T17:06:56.286-0500] {processor.py:925} INFO - DAG(s) 'latest_only_with_trigger' retrieved from /mnt/d/Universidad/ETL/Proyecto_airflow/venv/lib/python3.12/site-packages/airflow/example_dags/example_latest_only_with_trigger.py
[2025-04-01T17:06:56.337-0500] {logging_mixin.py:190} INFO - [2025-04-01T17:06:56.336-0500] {dag.py:3239} INFO - Sync 1 DAGs
[2025-04-01T17:06:56.357-0500] {logging_mixin.py:190} INFO - [2025-04-01T17:06:56.356-0500] {dag.py:4180} INFO - Setting next_dagrun for latest_only_with_trigger to 2025-04-01 16:00:00+00:00, run_after=2025-04-01 20:00:00+00:00
[2025-04-01T17:06:56.467-0500] {processor.py:208} INFO - Processing /mnt/d/Universidad/ETL/Proyecto_airflow/venv/lib/python3.12/site-packages/airflow/example_dags/example_latest_only_with_trigger.py took 0.245 seconds
[2025-04-01T17:08:30.918-0500] {processor.py:186} INFO - Started process (PID=6433) to work on /mnt/d/Universidad/ETL/Proyecto_airflow/venv/lib/python3.12/site-packages/airflow/example_dags/example_latest_only_with_trigger.py
[2025-04-01T17:08:30.919-0500] {processor.py:914} INFO - Processing file /mnt/d/Universidad/ETL/Proyecto_airflow/venv/lib/python3.12/site-packages/airflow/example_dags/example_latest_only_with_trigger.py for tasks to queue
[2025-04-01T17:08:30.921-0500] {logging_mixin.py:190} INFO - [2025-04-01T17:08:30.920-0500] {dagbag.py:588} INFO - Filling up the DagBag from /mnt/d/Universidad/ETL/Proyecto_airflow/venv/lib/python3.12/site-packages/airflow/example_dags/example_latest_only_with_trigger.py
[2025-04-01T17:08:30.974-0500] {processor.py:925} INFO - DAG(s) 'latest_only_with_trigger' retrieved from /mnt/d/Universidad/ETL/Proyecto_airflow/venv/lib/python3.12/site-packages/airflow/example_dags/example_latest_only_with_trigger.py
[2025-04-01T17:08:30.994-0500] {logging_mixin.py:190} INFO - [2025-04-01T17:08:30.993-0500] {dag.py:3239} INFO - Sync 1 DAGs
[2025-04-01T17:08:31.013-0500] {logging_mixin.py:190} INFO - [2025-04-01T17:08:31.012-0500] {dag.py:4180} INFO - Setting next_dagrun for latest_only_with_trigger to 2025-04-01 16:00:00+00:00, run_after=2025-04-01 20:00:00+00:00
[2025-04-01T17:08:31.119-0500] {processor.py:208} INFO - Processing /mnt/d/Universidad/ETL/Proyecto_airflow/venv/lib/python3.12/site-packages/airflow/example_dags/example_latest_only_with_trigger.py took 0.209 seconds
[2025-04-01T17:10:12.785-0500] {processor.py:186} INFO - Started process (PID=6505) to work on /mnt/d/Universidad/ETL/Proyecto_airflow/venv/lib/python3.12/site-packages/airflow/example_dags/example_latest_only_with_trigger.py
[2025-04-01T17:10:12.786-0500] {processor.py:914} INFO - Processing file /mnt/d/Universidad/ETL/Proyecto_airflow/venv/lib/python3.12/site-packages/airflow/example_dags/example_latest_only_with_trigger.py for tasks to queue
[2025-04-01T17:10:12.788-0500] {logging_mixin.py:190} INFO - [2025-04-01T17:10:12.787-0500] {dagbag.py:588} INFO - Filling up the DagBag from /mnt/d/Universidad/ETL/Proyecto_airflow/venv/lib/python3.12/site-packages/airflow/example_dags/example_latest_only_with_trigger.py
[2025-04-01T17:10:12.841-0500] {processor.py:925} INFO - DAG(s) 'latest_only_with_trigger' retrieved from /mnt/d/Universidad/ETL/Proyecto_airflow/venv/lib/python3.12/site-packages/airflow/example_dags/example_latest_only_with_trigger.py
[2025-04-01T17:10:12.859-0500] {logging_mixin.py:190} INFO - [2025-04-01T17:10:12.858-0500] {dag.py:3239} INFO - Sync 1 DAGs
[2025-04-01T17:10:12.878-0500] {logging_mixin.py:190} INFO - [2025-04-01T17:10:12.877-0500] {dag.py:4180} INFO - Setting next_dagrun for latest_only_with_trigger to 2025-04-01 16:00:00+00:00, run_after=2025-04-01 20:00:00+00:00
[2025-04-01T17:10:12.985-0500] {processor.py:208} INFO - Processing /mnt/d/Universidad/ETL/Proyecto_airflow/venv/lib/python3.12/site-packages/airflow/example_dags/example_latest_only_with_trigger.py took 0.208 seconds
[2025-04-01T17:11:57.898-0500] {processor.py:186} INFO - Started process (PID=6580) to work on /mnt/d/Universidad/ETL/Proyecto_airflow/venv/lib/python3.12/site-packages/airflow/example_dags/example_latest_only_with_trigger.py
[2025-04-01T17:11:57.899-0500] {processor.py:914} INFO - Processing file /mnt/d/Universidad/ETL/Proyecto_airflow/venv/lib/python3.12/site-packages/airflow/example_dags/example_latest_only_with_trigger.py for tasks to queue
[2025-04-01T17:11:57.901-0500] {logging_mixin.py:190} INFO - [2025-04-01T17:11:57.900-0500] {dagbag.py:588} INFO - Filling up the DagBag from /mnt/d/Universidad/ETL/Proyecto_airflow/venv/lib/python3.12/site-packages/airflow/example_dags/example_latest_only_with_trigger.py
[2025-04-01T17:11:57.953-0500] {processor.py:925} INFO - DAG(s) 'latest_only_with_trigger' retrieved from /mnt/d/Universidad/ETL/Proyecto_airflow/venv/lib/python3.12/site-packages/airflow/example_dags/example_latest_only_with_trigger.py
[2025-04-01T17:11:57.973-0500] {logging_mixin.py:190} INFO - [2025-04-01T17:11:57.972-0500] {dag.py:3239} INFO - Sync 1 DAGs
[2025-04-01T17:11:57.993-0500] {logging_mixin.py:190} INFO - [2025-04-01T17:11:57.992-0500] {dag.py:4180} INFO - Setting next_dagrun for latest_only_with_trigger to 2025-04-01 16:00:00+00:00, run_after=2025-04-01 20:00:00+00:00
[2025-04-01T17:11:58.097-0500] {processor.py:208} INFO - Processing /mnt/d/Universidad/ETL/Proyecto_airflow/venv/lib/python3.12/site-packages/airflow/example_dags/example_latest_only_with_trigger.py took 0.207 seconds
[2025-04-01T17:13:31.806-0500] {processor.py:186} INFO - Started process (PID=6653) to work on /mnt/d/Universidad/ETL/Proyecto_airflow/venv/lib/python3.12/site-packages/airflow/example_dags/example_latest_only_with_trigger.py
[2025-04-01T17:13:31.807-0500] {processor.py:914} INFO - Processing file /mnt/d/Universidad/ETL/Proyecto_airflow/venv/lib/python3.12/site-packages/airflow/example_dags/example_latest_only_with_trigger.py for tasks to queue
[2025-04-01T17:13:31.809-0500] {logging_mixin.py:190} INFO - [2025-04-01T17:13:31.808-0500] {dagbag.py:588} INFO - Filling up the DagBag from /mnt/d/Universidad/ETL/Proyecto_airflow/venv/lib/python3.12/site-packages/airflow/example_dags/example_latest_only_with_trigger.py
[2025-04-01T17:13:31.862-0500] {processor.py:925} INFO - DAG(s) 'latest_only_with_trigger' retrieved from /mnt/d/Universidad/ETL/Proyecto_airflow/venv/lib/python3.12/site-packages/airflow/example_dags/example_latest_only_with_trigger.py
[2025-04-01T17:13:31.880-0500] {logging_mixin.py:190} INFO - [2025-04-01T17:13:31.879-0500] {dag.py:3239} INFO - Sync 1 DAGs
[2025-04-01T17:13:31.900-0500] {logging_mixin.py:190} INFO - [2025-04-01T17:13:31.900-0500] {dag.py:4180} INFO - Setting next_dagrun for latest_only_with_trigger to 2025-04-01 16:00:00+00:00, run_after=2025-04-01 20:00:00+00:00
[2025-04-01T17:13:32.030-0500] {processor.py:208} INFO - Processing /mnt/d/Universidad/ETL/Proyecto_airflow/venv/lib/python3.12/site-packages/airflow/example_dags/example_latest_only_with_trigger.py took 0.232 seconds
[2025-04-01T17:15:06.437-0500] {processor.py:186} INFO - Started process (PID=6724) to work on /mnt/d/Universidad/ETL/Proyecto_airflow/venv/lib/python3.12/site-packages/airflow/example_dags/example_latest_only_with_trigger.py
[2025-04-01T17:15:06.438-0500] {processor.py:914} INFO - Processing file /mnt/d/Universidad/ETL/Proyecto_airflow/venv/lib/python3.12/site-packages/airflow/example_dags/example_latest_only_with_trigger.py for tasks to queue
[2025-04-01T17:15:06.440-0500] {logging_mixin.py:190} INFO - [2025-04-01T17:15:06.439-0500] {dagbag.py:588} INFO - Filling up the DagBag from /mnt/d/Universidad/ETL/Proyecto_airflow/venv/lib/python3.12/site-packages/airflow/example_dags/example_latest_only_with_trigger.py
[2025-04-01T17:15:06.493-0500] {processor.py:925} INFO - DAG(s) 'latest_only_with_trigger' retrieved from /mnt/d/Universidad/ETL/Proyecto_airflow/venv/lib/python3.12/site-packages/airflow/example_dags/example_latest_only_with_trigger.py
[2025-04-01T17:15:06.511-0500] {logging_mixin.py:190} INFO - [2025-04-01T17:15:06.510-0500] {dag.py:3239} INFO - Sync 1 DAGs
[2025-04-01T17:15:06.529-0500] {logging_mixin.py:190} INFO - [2025-04-01T17:15:06.529-0500] {dag.py:4180} INFO - Setting next_dagrun for latest_only_with_trigger to 2025-04-01 16:00:00+00:00, run_after=2025-04-01 20:00:00+00:00
[2025-04-01T17:15:06.631-0500] {processor.py:208} INFO - Processing /mnt/d/Universidad/ETL/Proyecto_airflow/venv/lib/python3.12/site-packages/airflow/example_dags/example_latest_only_with_trigger.py took 0.202 seconds
[2025-04-01T17:16:41.163-0500] {processor.py:186} INFO - Started process (PID=6795) to work on /mnt/d/Universidad/ETL/Proyecto_airflow/venv/lib/python3.12/site-packages/airflow/example_dags/example_latest_only_with_trigger.py
[2025-04-01T17:16:41.164-0500] {processor.py:914} INFO - Processing file /mnt/d/Universidad/ETL/Proyecto_airflow/venv/lib/python3.12/site-packages/airflow/example_dags/example_latest_only_with_trigger.py for tasks to queue
[2025-04-01T17:16:41.167-0500] {logging_mixin.py:190} INFO - [2025-04-01T17:16:41.166-0500] {dagbag.py:588} INFO - Filling up the DagBag from /mnt/d/Universidad/ETL/Proyecto_airflow/venv/lib/python3.12/site-packages/airflow/example_dags/example_latest_only_with_trigger.py
[2025-04-01T17:16:41.224-0500] {processor.py:925} INFO - DAG(s) 'latest_only_with_trigger' retrieved from /mnt/d/Universidad/ETL/Proyecto_airflow/venv/lib/python3.12/site-packages/airflow/example_dags/example_latest_only_with_trigger.py
[2025-04-01T17:16:41.244-0500] {logging_mixin.py:190} INFO - [2025-04-01T17:16:41.243-0500] {dag.py:3239} INFO - Sync 1 DAGs
[2025-04-01T17:16:41.265-0500] {logging_mixin.py:190} INFO - [2025-04-01T17:16:41.264-0500] {dag.py:4180} INFO - Setting next_dagrun for latest_only_with_trigger to 2025-04-01 16:00:00+00:00, run_after=2025-04-01 20:00:00+00:00
[2025-04-01T17:16:41.370-0500] {processor.py:208} INFO - Processing /mnt/d/Universidad/ETL/Proyecto_airflow/venv/lib/python3.12/site-packages/airflow/example_dags/example_latest_only_with_trigger.py took 0.215 seconds
[2025-04-01T17:18:16.555-0500] {processor.py:186} INFO - Started process (PID=6869) to work on /mnt/d/Universidad/ETL/Proyecto_airflow/venv/lib/python3.12/site-packages/airflow/example_dags/example_latest_only_with_trigger.py
[2025-04-01T17:18:16.556-0500] {processor.py:914} INFO - Processing file /mnt/d/Universidad/ETL/Proyecto_airflow/venv/lib/python3.12/site-packages/airflow/example_dags/example_latest_only_with_trigger.py for tasks to queue
[2025-04-01T17:18:16.558-0500] {logging_mixin.py:190} INFO - [2025-04-01T17:18:16.558-0500] {dagbag.py:588} INFO - Filling up the DagBag from /mnt/d/Universidad/ETL/Proyecto_airflow/venv/lib/python3.12/site-packages/airflow/example_dags/example_latest_only_with_trigger.py
[2025-04-01T17:18:16.612-0500] {processor.py:925} INFO - DAG(s) 'latest_only_with_trigger' retrieved from /mnt/d/Universidad/ETL/Proyecto_airflow/venv/lib/python3.12/site-packages/airflow/example_dags/example_latest_only_with_trigger.py
[2025-04-01T17:18:16.630-0500] {logging_mixin.py:190} INFO - [2025-04-01T17:18:16.629-0500] {dag.py:3239} INFO - Sync 1 DAGs
[2025-04-01T17:18:16.648-0500] {logging_mixin.py:190} INFO - [2025-04-01T17:18:16.647-0500] {dag.py:4180} INFO - Setting next_dagrun for latest_only_with_trigger to 2025-04-01 16:00:00+00:00, run_after=2025-04-01 20:00:00+00:00
[2025-04-01T17:18:16.749-0500] {processor.py:208} INFO - Processing /mnt/d/Universidad/ETL/Proyecto_airflow/venv/lib/python3.12/site-packages/airflow/example_dags/example_latest_only_with_trigger.py took 0.202 seconds
[2025-04-01T17:19:59.342-0500] {processor.py:186} INFO - Started process (PID=6944) to work on /mnt/d/Universidad/ETL/Proyecto_airflow/venv/lib/python3.12/site-packages/airflow/example_dags/example_latest_only_with_trigger.py
[2025-04-01T17:19:59.343-0500] {processor.py:914} INFO - Processing file /mnt/d/Universidad/ETL/Proyecto_airflow/venv/lib/python3.12/site-packages/airflow/example_dags/example_latest_only_with_trigger.py for tasks to queue
[2025-04-01T17:19:59.345-0500] {logging_mixin.py:190} INFO - [2025-04-01T17:19:59.344-0500] {dagbag.py:588} INFO - Filling up the DagBag from /mnt/d/Universidad/ETL/Proyecto_airflow/venv/lib/python3.12/site-packages/airflow/example_dags/example_latest_only_with_trigger.py
[2025-04-01T17:19:59.398-0500] {processor.py:925} INFO - DAG(s) 'latest_only_with_trigger' retrieved from /mnt/d/Universidad/ETL/Proyecto_airflow/venv/lib/python3.12/site-packages/airflow/example_dags/example_latest_only_with_trigger.py
[2025-04-01T17:19:59.416-0500] {logging_mixin.py:190} INFO - [2025-04-01T17:19:59.415-0500] {dag.py:3239} INFO - Sync 1 DAGs
[2025-04-01T17:19:59.435-0500] {logging_mixin.py:190} INFO - [2025-04-01T17:19:59.434-0500] {dag.py:4180} INFO - Setting next_dagrun for latest_only_with_trigger to 2025-04-01 16:00:00+00:00, run_after=2025-04-01 20:00:00+00:00
[2025-04-01T17:19:59.540-0500] {processor.py:208} INFO - Processing /mnt/d/Universidad/ETL/Proyecto_airflow/venv/lib/python3.12/site-packages/airflow/example_dags/example_latest_only_with_trigger.py took 0.206 seconds
[2025-04-01T17:21:42.610-0500] {processor.py:186} INFO - Started process (PID=7018) to work on /mnt/d/Universidad/ETL/Proyecto_airflow/venv/lib/python3.12/site-packages/airflow/example_dags/example_latest_only_with_trigger.py
[2025-04-01T17:21:42.611-0500] {processor.py:914} INFO - Processing file /mnt/d/Universidad/ETL/Proyecto_airflow/venv/lib/python3.12/site-packages/airflow/example_dags/example_latest_only_with_trigger.py for tasks to queue
[2025-04-01T17:21:42.614-0500] {logging_mixin.py:190} INFO - [2025-04-01T17:21:42.613-0500] {dagbag.py:588} INFO - Filling up the DagBag from /mnt/d/Universidad/ETL/Proyecto_airflow/venv/lib/python3.12/site-packages/airflow/example_dags/example_latest_only_with_trigger.py
[2025-04-01T17:21:42.667-0500] {processor.py:925} INFO - DAG(s) 'latest_only_with_trigger' retrieved from /mnt/d/Universidad/ETL/Proyecto_airflow/venv/lib/python3.12/site-packages/airflow/example_dags/example_latest_only_with_trigger.py
[2025-04-01T17:21:42.686-0500] {logging_mixin.py:190} INFO - [2025-04-01T17:21:42.686-0500] {dag.py:3239} INFO - Sync 1 DAGs
[2025-04-01T17:21:42.707-0500] {logging_mixin.py:190} INFO - [2025-04-01T17:21:42.706-0500] {dag.py:4180} INFO - Setting next_dagrun for latest_only_with_trigger to 2025-04-01 16:00:00+00:00, run_after=2025-04-01 20:00:00+00:00
[2025-04-01T17:21:42.817-0500] {processor.py:208} INFO - Processing /mnt/d/Universidad/ETL/Proyecto_airflow/venv/lib/python3.12/site-packages/airflow/example_dags/example_latest_only_with_trigger.py took 0.214 seconds
[2025-04-01T17:23:20.270-0500] {processor.py:186} INFO - Started process (PID=7089) to work on /mnt/d/Universidad/ETL/Proyecto_airflow/venv/lib/python3.12/site-packages/airflow/example_dags/example_latest_only_with_trigger.py
[2025-04-01T17:23:20.271-0500] {processor.py:914} INFO - Processing file /mnt/d/Universidad/ETL/Proyecto_airflow/venv/lib/python3.12/site-packages/airflow/example_dags/example_latest_only_with_trigger.py for tasks to queue
[2025-04-01T17:23:20.273-0500] {logging_mixin.py:190} INFO - [2025-04-01T17:23:20.273-0500] {dagbag.py:588} INFO - Filling up the DagBag from /mnt/d/Universidad/ETL/Proyecto_airflow/venv/lib/python3.12/site-packages/airflow/example_dags/example_latest_only_with_trigger.py
[2025-04-01T17:23:20.326-0500] {processor.py:925} INFO - DAG(s) 'latest_only_with_trigger' retrieved from /mnt/d/Universidad/ETL/Proyecto_airflow/venv/lib/python3.12/site-packages/airflow/example_dags/example_latest_only_with_trigger.py
[2025-04-01T17:23:20.344-0500] {logging_mixin.py:190} INFO - [2025-04-01T17:23:20.344-0500] {dag.py:3239} INFO - Sync 1 DAGs
[2025-04-01T17:23:20.363-0500] {logging_mixin.py:190} INFO - [2025-04-01T17:23:20.362-0500] {dag.py:4180} INFO - Setting next_dagrun for latest_only_with_trigger to 2025-04-01 16:00:00+00:00, run_after=2025-04-01 20:00:00+00:00
[2025-04-01T17:23:20.468-0500] {processor.py:208} INFO - Processing /mnt/d/Universidad/ETL/Proyecto_airflow/venv/lib/python3.12/site-packages/airflow/example_dags/example_latest_only_with_trigger.py took 0.206 seconds
[2025-04-01T17:24:56.957-0500] {processor.py:186} INFO - Started process (PID=7161) to work on /mnt/d/Universidad/ETL/Proyecto_airflow/venv/lib/python3.12/site-packages/airflow/example_dags/example_latest_only_with_trigger.py
[2025-04-01T17:24:56.958-0500] {processor.py:914} INFO - Processing file /mnt/d/Universidad/ETL/Proyecto_airflow/venv/lib/python3.12/site-packages/airflow/example_dags/example_latest_only_with_trigger.py for tasks to queue
[2025-04-01T17:24:56.960-0500] {logging_mixin.py:190} INFO - [2025-04-01T17:24:56.959-0500] {dagbag.py:588} INFO - Filling up the DagBag from /mnt/d/Universidad/ETL/Proyecto_airflow/venv/lib/python3.12/site-packages/airflow/example_dags/example_latest_only_with_trigger.py
[2025-04-01T17:24:57.013-0500] {processor.py:925} INFO - DAG(s) 'latest_only_with_trigger' retrieved from /mnt/d/Universidad/ETL/Proyecto_airflow/venv/lib/python3.12/site-packages/airflow/example_dags/example_latest_only_with_trigger.py
[2025-04-01T17:24:57.032-0500] {logging_mixin.py:190} INFO - [2025-04-01T17:24:57.032-0500] {dag.py:3239} INFO - Sync 1 DAGs
[2025-04-01T17:24:57.052-0500] {logging_mixin.py:190} INFO - [2025-04-01T17:24:57.051-0500] {dag.py:4180} INFO - Setting next_dagrun for latest_only_with_trigger to 2025-04-01 16:00:00+00:00, run_after=2025-04-01 20:00:00+00:00
[2025-04-01T17:24:57.153-0500] {processor.py:208} INFO - Processing /mnt/d/Universidad/ETL/Proyecto_airflow/venv/lib/python3.12/site-packages/airflow/example_dags/example_latest_only_with_trigger.py took 0.204 seconds
[2025-04-01T17:26:29.752-0500] {processor.py:186} INFO - Started process (PID=7231) to work on /mnt/d/Universidad/ETL/Proyecto_airflow/venv/lib/python3.12/site-packages/airflow/example_dags/example_latest_only_with_trigger.py
[2025-04-01T17:26:29.753-0500] {processor.py:914} INFO - Processing file /mnt/d/Universidad/ETL/Proyecto_airflow/venv/lib/python3.12/site-packages/airflow/example_dags/example_latest_only_with_trigger.py for tasks to queue
[2025-04-01T17:26:29.755-0500] {logging_mixin.py:190} INFO - [2025-04-01T17:26:29.755-0500] {dagbag.py:588} INFO - Filling up the DagBag from /mnt/d/Universidad/ETL/Proyecto_airflow/venv/lib/python3.12/site-packages/airflow/example_dags/example_latest_only_with_trigger.py
[2025-04-01T17:26:29.808-0500] {processor.py:925} INFO - DAG(s) 'latest_only_with_trigger' retrieved from /mnt/d/Universidad/ETL/Proyecto_airflow/venv/lib/python3.12/site-packages/airflow/example_dags/example_latest_only_with_trigger.py
[2025-04-01T17:26:29.828-0500] {logging_mixin.py:190} INFO - [2025-04-01T17:26:29.827-0500] {dag.py:3239} INFO - Sync 1 DAGs
[2025-04-01T17:26:29.848-0500] {logging_mixin.py:190} INFO - [2025-04-01T17:26:29.848-0500] {dag.py:4180} INFO - Setting next_dagrun for latest_only_with_trigger to 2025-04-01 16:00:00+00:00, run_after=2025-04-01 20:00:00+00:00
[2025-04-01T17:26:30.001-0500] {processor.py:208} INFO - Processing /mnt/d/Universidad/ETL/Proyecto_airflow/venv/lib/python3.12/site-packages/airflow/example_dags/example_latest_only_with_trigger.py took 0.256 seconds
[2025-04-01T17:28:06.161-0500] {processor.py:186} INFO - Started process (PID=7303) to work on /mnt/d/Universidad/ETL/Proyecto_airflow/venv/lib/python3.12/site-packages/airflow/example_dags/example_latest_only_with_trigger.py
[2025-04-01T17:28:06.162-0500] {processor.py:914} INFO - Processing file /mnt/d/Universidad/ETL/Proyecto_airflow/venv/lib/python3.12/site-packages/airflow/example_dags/example_latest_only_with_trigger.py for tasks to queue
[2025-04-01T17:28:06.164-0500] {logging_mixin.py:190} INFO - [2025-04-01T17:28:06.163-0500] {dagbag.py:588} INFO - Filling up the DagBag from /mnt/d/Universidad/ETL/Proyecto_airflow/venv/lib/python3.12/site-packages/airflow/example_dags/example_latest_only_with_trigger.py
[2025-04-01T17:28:06.217-0500] {processor.py:925} INFO - DAG(s) 'latest_only_with_trigger' retrieved from /mnt/d/Universidad/ETL/Proyecto_airflow/venv/lib/python3.12/site-packages/airflow/example_dags/example_latest_only_with_trigger.py
[2025-04-01T17:28:06.234-0500] {logging_mixin.py:190} INFO - [2025-04-01T17:28:06.234-0500] {dag.py:3239} INFO - Sync 1 DAGs
[2025-04-01T17:28:06.253-0500] {logging_mixin.py:190} INFO - [2025-04-01T17:28:06.252-0500] {dag.py:4180} INFO - Setting next_dagrun for latest_only_with_trigger to 2025-04-01 16:00:00+00:00, run_after=2025-04-01 20:00:00+00:00
[2025-04-01T17:28:06.362-0500] {processor.py:208} INFO - Processing /mnt/d/Universidad/ETL/Proyecto_airflow/venv/lib/python3.12/site-packages/airflow/example_dags/example_latest_only_with_trigger.py took 0.209 seconds
[2025-04-01T17:29:34.537-0500] {processor.py:186} INFO - Started process (PID=7370) to work on /mnt/d/Universidad/ETL/Proyecto_airflow/venv/lib/python3.12/site-packages/airflow/example_dags/example_latest_only_with_trigger.py
[2025-04-01T17:29:34.538-0500] {processor.py:914} INFO - Processing file /mnt/d/Universidad/ETL/Proyecto_airflow/venv/lib/python3.12/site-packages/airflow/example_dags/example_latest_only_with_trigger.py for tasks to queue
[2025-04-01T17:29:34.540-0500] {logging_mixin.py:190} INFO - [2025-04-01T17:29:34.540-0500] {dagbag.py:588} INFO - Filling up the DagBag from /mnt/d/Universidad/ETL/Proyecto_airflow/venv/lib/python3.12/site-packages/airflow/example_dags/example_latest_only_with_trigger.py
[2025-04-01T17:29:34.593-0500] {processor.py:925} INFO - DAG(s) 'latest_only_with_trigger' retrieved from /mnt/d/Universidad/ETL/Proyecto_airflow/venv/lib/python3.12/site-packages/airflow/example_dags/example_latest_only_with_trigger.py
[2025-04-01T17:29:34.611-0500] {logging_mixin.py:190} INFO - [2025-04-01T17:29:34.611-0500] {dag.py:3239} INFO - Sync 1 DAGs
[2025-04-01T17:29:34.630-0500] {logging_mixin.py:190} INFO - [2025-04-01T17:29:34.630-0500] {dag.py:4180} INFO - Setting next_dagrun for latest_only_with_trigger to 2025-04-01 16:00:00+00:00, run_after=2025-04-01 20:00:00+00:00
[2025-04-01T17:29:34.729-0500] {processor.py:208} INFO - Processing /mnt/d/Universidad/ETL/Proyecto_airflow/venv/lib/python3.12/site-packages/airflow/example_dags/example_latest_only_with_trigger.py took 0.200 seconds
