[2025-04-01T16:13:59.123-0500] {processor.py:186} INFO - Started process (PID=4001) to work on /mnt/d/Universidad/ETL/Proyecto_airflow/venv/lib/python3.12/site-packages/airflow/example_dags/example_trigger_target_dag.py
[2025-04-01T16:13:59.125-0500] {processor.py:914} INFO - Processing file /mnt/d/Universidad/ETL/Proyecto_airflow/venv/lib/python3.12/site-packages/airflow/example_dags/example_trigger_target_dag.py for tasks to queue
[2025-04-01T16:13:59.127-0500] {logging_mixin.py:190} INFO - [2025-04-01T16:13:59.126-0500] {dagbag.py:588} INFO - Filling up the DagBag from /mnt/d/Universidad/ETL/Proyecto_airflow/venv/lib/python3.12/site-packages/airflow/example_dags/example_trigger_target_dag.py
[2025-04-01T16:13:59.215-0500] {processor.py:925} INFO - DAG(s) 'example_trigger_target_dag' retrieved from /mnt/d/Universidad/ETL/Proyecto_airflow/venv/lib/python3.12/site-packages/airflow/example_dags/example_trigger_target_dag.py
[2025-04-01T16:14:00.308-0500] {logging_mixin.py:190} INFO - [2025-04-01T16:14:00.307-0500] {override.py:1930} INFO - Created Permission View: can delete on DAG:example_trigger_target_dag
[2025-04-01T16:14:00.378-0500] {logging_mixin.py:190} INFO - [2025-04-01T16:14:00.377-0500] {override.py:1930} INFO - Created Permission View: can edit on DAG:example_trigger_target_dag
[2025-04-01T16:14:00.447-0500] {logging_mixin.py:190} INFO - [2025-04-01T16:14:00.447-0500] {override.py:1930} INFO - Created Permission View: can read on DAG:example_trigger_target_dag
[2025-04-01T16:14:00.572-0500] {logging_mixin.py:190} INFO - [2025-04-01T16:14:00.571-0500] {override.py:1930} INFO - Created Permission View: can create on DAG Run:example_trigger_target_dag
[2025-04-01T16:14:00.665-0500] {logging_mixin.py:190} INFO - [2025-04-01T16:14:00.664-0500] {override.py:1930} INFO - Created Permission View: can delete on DAG Run:example_trigger_target_dag
[2025-04-01T16:14:00.734-0500] {logging_mixin.py:190} INFO - [2025-04-01T16:14:00.734-0500] {override.py:1930} INFO - Created Permission View: menu access on DAG Run:example_trigger_target_dag
[2025-04-01T16:14:00.831-0500] {logging_mixin.py:190} INFO - [2025-04-01T16:14:00.830-0500] {override.py:1930} INFO - Created Permission View: can read on DAG Run:example_trigger_target_dag
[2025-04-01T16:14:00.832-0500] {logging_mixin.py:190} INFO - [2025-04-01T16:14:00.832-0500] {dag.py:3239} INFO - Sync 1 DAGs
[2025-04-01T16:14:00.846-0500] {logging_mixin.py:190} INFO - [2025-04-01T16:14:00.846-0500] {dag.py:3262} INFO - Creating ORM DAG for example_trigger_target_dag
[2025-04-01T16:14:00.848-0500] {logging_mixin.py:190} INFO - [2025-04-01T16:14:00.847-0500] {dag.py:4180} INFO - Setting next_dagrun for example_trigger_target_dag to None, run_after=None
[2025-04-01T16:14:00.947-0500] {processor.py:208} INFO - Processing /mnt/d/Universidad/ETL/Proyecto_airflow/venv/lib/python3.12/site-packages/airflow/example_dags/example_trigger_target_dag.py took 1.832 seconds
[2025-04-01T16:16:14.480-0500] {processor.py:186} INFO - Started process (PID=4063) to work on /mnt/d/Universidad/ETL/Proyecto_airflow/venv/lib/python3.12/site-packages/airflow/example_dags/example_trigger_target_dag.py
[2025-04-01T16:16:14.481-0500] {processor.py:914} INFO - Processing file /mnt/d/Universidad/ETL/Proyecto_airflow/venv/lib/python3.12/site-packages/airflow/example_dags/example_trigger_target_dag.py for tasks to queue
[2025-04-01T16:16:14.483-0500] {logging_mixin.py:190} INFO - [2025-04-01T16:16:14.482-0500] {dagbag.py:588} INFO - Filling up the DagBag from /mnt/d/Universidad/ETL/Proyecto_airflow/venv/lib/python3.12/site-packages/airflow/example_dags/example_trigger_target_dag.py
[2025-04-01T16:16:14.566-0500] {processor.py:925} INFO - DAG(s) 'example_trigger_target_dag' retrieved from /mnt/d/Universidad/ETL/Proyecto_airflow/venv/lib/python3.12/site-packages/airflow/example_dags/example_trigger_target_dag.py
[2025-04-01T16:16:14.643-0500] {logging_mixin.py:190} INFO - [2025-04-01T16:16:14.642-0500] {dag.py:3239} INFO - Sync 1 DAGs
[2025-04-01T16:16:14.652-0500] {logging_mixin.py:190} INFO - [2025-04-01T16:16:14.652-0500] {dag.py:4180} INFO - Setting next_dagrun for example_trigger_target_dag to None, run_after=None
[2025-04-01T16:16:14.735-0500] {processor.py:208} INFO - Processing /mnt/d/Universidad/ETL/Proyecto_airflow/venv/lib/python3.12/site-packages/airflow/example_dags/example_trigger_target_dag.py took 0.263 seconds
[2025-04-01T16:18:15.463-0500] {processor.py:186} INFO - Started process (PID=4133) to work on /mnt/d/Universidad/ETL/Proyecto_airflow/venv/lib/python3.12/site-packages/airflow/example_dags/example_trigger_target_dag.py
[2025-04-01T16:18:15.464-0500] {processor.py:914} INFO - Processing file /mnt/d/Universidad/ETL/Proyecto_airflow/venv/lib/python3.12/site-packages/airflow/example_dags/example_trigger_target_dag.py for tasks to queue
[2025-04-01T16:18:15.467-0500] {logging_mixin.py:190} INFO - [2025-04-01T16:18:15.466-0500] {dagbag.py:588} INFO - Filling up the DagBag from /mnt/d/Universidad/ETL/Proyecto_airflow/venv/lib/python3.12/site-packages/airflow/example_dags/example_trigger_target_dag.py
[2025-04-01T16:18:15.524-0500] {processor.py:925} INFO - DAG(s) 'example_trigger_target_dag' retrieved from /mnt/d/Universidad/ETL/Proyecto_airflow/venv/lib/python3.12/site-packages/airflow/example_dags/example_trigger_target_dag.py
[2025-04-01T16:18:15.542-0500] {logging_mixin.py:190} INFO - [2025-04-01T16:18:15.541-0500] {dag.py:3239} INFO - Sync 1 DAGs
[2025-04-01T16:18:15.551-0500] {logging_mixin.py:190} INFO - [2025-04-01T16:18:15.551-0500] {dag.py:4180} INFO - Setting next_dagrun for example_trigger_target_dag to None, run_after=None
[2025-04-01T16:18:15.659-0500] {processor.py:208} INFO - Processing /mnt/d/Universidad/ETL/Proyecto_airflow/venv/lib/python3.12/site-packages/airflow/example_dags/example_trigger_target_dag.py took 0.204 seconds
[2025-04-01T16:19:16.426-0500] {processor.py:186} INFO - Started process (PID=4181) to work on /mnt/d/Universidad/ETL/Proyecto_airflow/venv/lib/python3.12/site-packages/airflow/example_dags/example_trigger_target_dag.py
[2025-04-01T16:19:16.427-0500] {processor.py:914} INFO - Processing file /mnt/d/Universidad/ETL/Proyecto_airflow/venv/lib/python3.12/site-packages/airflow/example_dags/example_trigger_target_dag.py for tasks to queue
[2025-04-01T16:19:16.430-0500] {logging_mixin.py:190} INFO - [2025-04-01T16:19:16.429-0500] {dagbag.py:588} INFO - Filling up the DagBag from /mnt/d/Universidad/ETL/Proyecto_airflow/venv/lib/python3.12/site-packages/airflow/example_dags/example_trigger_target_dag.py
[2025-04-01T16:19:16.488-0500] {processor.py:925} INFO - DAG(s) 'example_trigger_target_dag' retrieved from /mnt/d/Universidad/ETL/Proyecto_airflow/venv/lib/python3.12/site-packages/airflow/example_dags/example_trigger_target_dag.py
[2025-04-01T16:19:16.509-0500] {logging_mixin.py:190} INFO - [2025-04-01T16:19:16.508-0500] {dag.py:3239} INFO - Sync 1 DAGs
[2025-04-01T16:19:16.520-0500] {logging_mixin.py:190} INFO - [2025-04-01T16:19:16.519-0500] {dag.py:4180} INFO - Setting next_dagrun for example_trigger_target_dag to None, run_after=None
[2025-04-01T16:19:16.600-0500] {processor.py:208} INFO - Processing /mnt/d/Universidad/ETL/Proyecto_airflow/venv/lib/python3.12/site-packages/airflow/example_dags/example_trigger_target_dag.py took 0.182 seconds
[2025-04-01T16:20:41.225-0500] {processor.py:186} INFO - Started process (PID=4253) to work on /mnt/d/Universidad/ETL/Proyecto_airflow/venv/lib/python3.12/site-packages/airflow/example_dags/example_trigger_target_dag.py
[2025-04-01T16:20:41.226-0500] {processor.py:914} INFO - Processing file /mnt/d/Universidad/ETL/Proyecto_airflow/venv/lib/python3.12/site-packages/airflow/example_dags/example_trigger_target_dag.py for tasks to queue
[2025-04-01T16:20:41.228-0500] {logging_mixin.py:190} INFO - [2025-04-01T16:20:41.227-0500] {dagbag.py:588} INFO - Filling up the DagBag from /mnt/d/Universidad/ETL/Proyecto_airflow/venv/lib/python3.12/site-packages/airflow/example_dags/example_trigger_target_dag.py
[2025-04-01T16:20:41.286-0500] {processor.py:925} INFO - DAG(s) 'example_trigger_target_dag' retrieved from /mnt/d/Universidad/ETL/Proyecto_airflow/venv/lib/python3.12/site-packages/airflow/example_dags/example_trigger_target_dag.py
[2025-04-01T16:20:41.306-0500] {logging_mixin.py:190} INFO - [2025-04-01T16:20:41.305-0500] {dag.py:3239} INFO - Sync 1 DAGs
[2025-04-01T16:20:41.318-0500] {logging_mixin.py:190} INFO - [2025-04-01T16:20:41.317-0500] {dag.py:4180} INFO - Setting next_dagrun for example_trigger_target_dag to None, run_after=None
[2025-04-01T16:20:41.410-0500] {processor.py:208} INFO - Processing /mnt/d/Universidad/ETL/Proyecto_airflow/venv/lib/python3.12/site-packages/airflow/example_dags/example_trigger_target_dag.py took 0.193 seconds
[2025-04-01T16:21:25.227-0500] {processor.py:186} INFO - Started process (PID=4288) to work on /mnt/d/Universidad/ETL/Proyecto_airflow/venv/lib/python3.12/site-packages/airflow/example_dags/example_trigger_target_dag.py
[2025-04-01T16:21:25.228-0500] {processor.py:914} INFO - Processing file /mnt/d/Universidad/ETL/Proyecto_airflow/venv/lib/python3.12/site-packages/airflow/example_dags/example_trigger_target_dag.py for tasks to queue
[2025-04-01T16:21:25.231-0500] {logging_mixin.py:190} INFO - [2025-04-01T16:21:25.230-0500] {dagbag.py:588} INFO - Filling up the DagBag from /mnt/d/Universidad/ETL/Proyecto_airflow/venv/lib/python3.12/site-packages/airflow/example_dags/example_trigger_target_dag.py
[2025-04-01T16:21:25.284-0500] {processor.py:925} INFO - DAG(s) 'example_trigger_target_dag' retrieved from /mnt/d/Universidad/ETL/Proyecto_airflow/venv/lib/python3.12/site-packages/airflow/example_dags/example_trigger_target_dag.py
[2025-04-01T16:21:25.301-0500] {logging_mixin.py:190} INFO - [2025-04-01T16:21:25.300-0500] {dag.py:3239} INFO - Sync 1 DAGs
[2025-04-01T16:21:25.310-0500] {logging_mixin.py:190} INFO - [2025-04-01T16:21:25.309-0500] {dag.py:4180} INFO - Setting next_dagrun for example_trigger_target_dag to None, run_after=None
[2025-04-01T16:21:25.392-0500] {processor.py:208} INFO - Processing /mnt/d/Universidad/ETL/Proyecto_airflow/venv/lib/python3.12/site-packages/airflow/example_dags/example_trigger_target_dag.py took 0.173 seconds
[2025-04-01T16:22:49.022-0500] {processor.py:186} INFO - Started process (PID=4354) to work on /mnt/d/Universidad/ETL/Proyecto_airflow/venv/lib/python3.12/site-packages/airflow/example_dags/example_trigger_target_dag.py
[2025-04-01T16:22:49.023-0500] {processor.py:914} INFO - Processing file /mnt/d/Universidad/ETL/Proyecto_airflow/venv/lib/python3.12/site-packages/airflow/example_dags/example_trigger_target_dag.py for tasks to queue
[2025-04-01T16:22:49.025-0500] {logging_mixin.py:190} INFO - [2025-04-01T16:22:49.024-0500] {dagbag.py:588} INFO - Filling up the DagBag from /mnt/d/Universidad/ETL/Proyecto_airflow/venv/lib/python3.12/site-packages/airflow/example_dags/example_trigger_target_dag.py
[2025-04-01T16:22:49.079-0500] {processor.py:925} INFO - DAG(s) 'example_trigger_target_dag' retrieved from /mnt/d/Universidad/ETL/Proyecto_airflow/venv/lib/python3.12/site-packages/airflow/example_dags/example_trigger_target_dag.py
[2025-04-01T16:22:49.096-0500] {logging_mixin.py:190} INFO - [2025-04-01T16:22:49.095-0500] {dag.py:3239} INFO - Sync 1 DAGs
[2025-04-01T16:22:49.105-0500] {logging_mixin.py:190} INFO - [2025-04-01T16:22:49.104-0500] {dag.py:4180} INFO - Setting next_dagrun for example_trigger_target_dag to None, run_after=None
[2025-04-01T16:22:49.184-0500] {processor.py:208} INFO - Processing /mnt/d/Universidad/ETL/Proyecto_airflow/venv/lib/python3.12/site-packages/airflow/example_dags/example_trigger_target_dag.py took 0.170 seconds
[2025-04-01T16:23:34.301-0500] {processor.py:186} INFO - Started process (PID=4391) to work on /mnt/d/Universidad/ETL/Proyecto_airflow/venv/lib/python3.12/site-packages/airflow/example_dags/example_trigger_target_dag.py
[2025-04-01T16:23:34.302-0500] {processor.py:914} INFO - Processing file /mnt/d/Universidad/ETL/Proyecto_airflow/venv/lib/python3.12/site-packages/airflow/example_dags/example_trigger_target_dag.py for tasks to queue
[2025-04-01T16:23:34.304-0500] {logging_mixin.py:190} INFO - [2025-04-01T16:23:34.304-0500] {dagbag.py:588} INFO - Filling up the DagBag from /mnt/d/Universidad/ETL/Proyecto_airflow/venv/lib/python3.12/site-packages/airflow/example_dags/example_trigger_target_dag.py
[2025-04-01T16:23:34.359-0500] {processor.py:925} INFO - DAG(s) 'example_trigger_target_dag' retrieved from /mnt/d/Universidad/ETL/Proyecto_airflow/venv/lib/python3.12/site-packages/airflow/example_dags/example_trigger_target_dag.py
[2025-04-01T16:23:34.377-0500] {logging_mixin.py:190} INFO - [2025-04-01T16:23:34.376-0500] {dag.py:3239} INFO - Sync 1 DAGs
[2025-04-01T16:23:34.386-0500] {logging_mixin.py:190} INFO - [2025-04-01T16:23:34.385-0500] {dag.py:4180} INFO - Setting next_dagrun for example_trigger_target_dag to None, run_after=None
[2025-04-01T16:23:34.467-0500] {processor.py:208} INFO - Processing /mnt/d/Universidad/ETL/Proyecto_airflow/venv/lib/python3.12/site-packages/airflow/example_dags/example_trigger_target_dag.py took 0.174 seconds
[2025-04-01T16:25:09.033-0500] {processor.py:186} INFO - Started process (PID=4462) to work on /mnt/d/Universidad/ETL/Proyecto_airflow/venv/lib/python3.12/site-packages/airflow/example_dags/example_trigger_target_dag.py
[2025-04-01T16:25:09.034-0500] {processor.py:914} INFO - Processing file /mnt/d/Universidad/ETL/Proyecto_airflow/venv/lib/python3.12/site-packages/airflow/example_dags/example_trigger_target_dag.py for tasks to queue
[2025-04-01T16:25:09.036-0500] {logging_mixin.py:190} INFO - [2025-04-01T16:25:09.035-0500] {dagbag.py:588} INFO - Filling up the DagBag from /mnt/d/Universidad/ETL/Proyecto_airflow/venv/lib/python3.12/site-packages/airflow/example_dags/example_trigger_target_dag.py
[2025-04-01T16:25:09.089-0500] {processor.py:925} INFO - DAG(s) 'example_trigger_target_dag' retrieved from /mnt/d/Universidad/ETL/Proyecto_airflow/venv/lib/python3.12/site-packages/airflow/example_dags/example_trigger_target_dag.py
[2025-04-01T16:25:09.106-0500] {logging_mixin.py:190} INFO - [2025-04-01T16:25:09.105-0500] {dag.py:3239} INFO - Sync 1 DAGs
[2025-04-01T16:25:09.114-0500] {logging_mixin.py:190} INFO - [2025-04-01T16:25:09.114-0500] {dag.py:4180} INFO - Setting next_dagrun for example_trigger_target_dag to None, run_after=None
[2025-04-01T16:25:09.196-0500] {processor.py:208} INFO - Processing /mnt/d/Universidad/ETL/Proyecto_airflow/venv/lib/python3.12/site-packages/airflow/example_dags/example_trigger_target_dag.py took 0.171 seconds
[2025-04-01T16:25:55.611-0500] {processor.py:186} INFO - Started process (PID=4497) to work on /mnt/d/Universidad/ETL/Proyecto_airflow/venv/lib/python3.12/site-packages/airflow/example_dags/example_trigger_target_dag.py
[2025-04-01T16:25:55.612-0500] {processor.py:914} INFO - Processing file /mnt/d/Universidad/ETL/Proyecto_airflow/venv/lib/python3.12/site-packages/airflow/example_dags/example_trigger_target_dag.py for tasks to queue
[2025-04-01T16:25:55.614-0500] {logging_mixin.py:190} INFO - [2025-04-01T16:25:55.614-0500] {dagbag.py:588} INFO - Filling up the DagBag from /mnt/d/Universidad/ETL/Proyecto_airflow/venv/lib/python3.12/site-packages/airflow/example_dags/example_trigger_target_dag.py
[2025-04-01T16:25:55.667-0500] {processor.py:925} INFO - DAG(s) 'example_trigger_target_dag' retrieved from /mnt/d/Universidad/ETL/Proyecto_airflow/venv/lib/python3.12/site-packages/airflow/example_dags/example_trigger_target_dag.py
[2025-04-01T16:25:55.684-0500] {logging_mixin.py:190} INFO - [2025-04-01T16:25:55.683-0500] {dag.py:3239} INFO - Sync 1 DAGs
[2025-04-01T16:25:55.693-0500] {logging_mixin.py:190} INFO - [2025-04-01T16:25:55.692-0500] {dag.py:4180} INFO - Setting next_dagrun for example_trigger_target_dag to None, run_after=None
[2025-04-01T16:25:55.905-0500] {processor.py:208} INFO - Processing /mnt/d/Universidad/ETL/Proyecto_airflow/venv/lib/python3.12/site-packages/airflow/example_dags/example_trigger_target_dag.py took 0.302 seconds
[2025-04-01T16:26:44.626-0500] {processor.py:186} INFO - Started process (PID=4534) to work on /mnt/d/Universidad/ETL/Proyecto_airflow/venv/lib/python3.12/site-packages/airflow/example_dags/example_trigger_target_dag.py
[2025-04-01T16:26:44.627-0500] {processor.py:914} INFO - Processing file /mnt/d/Universidad/ETL/Proyecto_airflow/venv/lib/python3.12/site-packages/airflow/example_dags/example_trigger_target_dag.py for tasks to queue
[2025-04-01T16:26:44.630-0500] {logging_mixin.py:190} INFO - [2025-04-01T16:26:44.629-0500] {dagbag.py:588} INFO - Filling up the DagBag from /mnt/d/Universidad/ETL/Proyecto_airflow/venv/lib/python3.12/site-packages/airflow/example_dags/example_trigger_target_dag.py
[2025-04-01T16:26:44.688-0500] {processor.py:925} INFO - DAG(s) 'example_trigger_target_dag' retrieved from /mnt/d/Universidad/ETL/Proyecto_airflow/venv/lib/python3.12/site-packages/airflow/example_dags/example_trigger_target_dag.py
[2025-04-01T16:26:44.707-0500] {logging_mixin.py:190} INFO - [2025-04-01T16:26:44.706-0500] {dag.py:3239} INFO - Sync 1 DAGs
[2025-04-01T16:26:44.717-0500] {logging_mixin.py:190} INFO - [2025-04-01T16:26:44.716-0500] {dag.py:4180} INFO - Setting next_dagrun for example_trigger_target_dag to None, run_after=None
[2025-04-01T16:26:44.807-0500] {processor.py:208} INFO - Processing /mnt/d/Universidad/ETL/Proyecto_airflow/venv/lib/python3.12/site-packages/airflow/example_dags/example_trigger_target_dag.py took 0.190 seconds
[2025-04-01T16:28:16.239-0500] {processor.py:186} INFO - Started process (PID=4605) to work on /mnt/d/Universidad/ETL/Proyecto_airflow/venv/lib/python3.12/site-packages/airflow/example_dags/example_trigger_target_dag.py
[2025-04-01T16:28:16.240-0500] {processor.py:914} INFO - Processing file /mnt/d/Universidad/ETL/Proyecto_airflow/venv/lib/python3.12/site-packages/airflow/example_dags/example_trigger_target_dag.py for tasks to queue
[2025-04-01T16:28:16.242-0500] {logging_mixin.py:190} INFO - [2025-04-01T16:28:16.242-0500] {dagbag.py:588} INFO - Filling up the DagBag from /mnt/d/Universidad/ETL/Proyecto_airflow/venv/lib/python3.12/site-packages/airflow/example_dags/example_trigger_target_dag.py
[2025-04-01T16:28:16.296-0500] {processor.py:925} INFO - DAG(s) 'example_trigger_target_dag' retrieved from /mnt/d/Universidad/ETL/Proyecto_airflow/venv/lib/python3.12/site-packages/airflow/example_dags/example_trigger_target_dag.py
[2025-04-01T16:28:16.313-0500] {logging_mixin.py:190} INFO - [2025-04-01T16:28:16.312-0500] {dag.py:3239} INFO - Sync 1 DAGs
[2025-04-01T16:28:16.322-0500] {logging_mixin.py:190} INFO - [2025-04-01T16:28:16.321-0500] {dag.py:4180} INFO - Setting next_dagrun for example_trigger_target_dag to None, run_after=None
[2025-04-01T16:28:16.402-0500] {processor.py:208} INFO - Processing /mnt/d/Universidad/ETL/Proyecto_airflow/venv/lib/python3.12/site-packages/airflow/example_dags/example_trigger_target_dag.py took 0.171 seconds
[2025-04-01T16:29:48.161-0500] {processor.py:186} INFO - Started process (PID=4676) to work on /mnt/d/Universidad/ETL/Proyecto_airflow/venv/lib/python3.12/site-packages/airflow/example_dags/example_trigger_target_dag.py
[2025-04-01T16:29:48.162-0500] {processor.py:914} INFO - Processing file /mnt/d/Universidad/ETL/Proyecto_airflow/venv/lib/python3.12/site-packages/airflow/example_dags/example_trigger_target_dag.py for tasks to queue
[2025-04-01T16:29:48.164-0500] {logging_mixin.py:190} INFO - [2025-04-01T16:29:48.163-0500] {dagbag.py:588} INFO - Filling up the DagBag from /mnt/d/Universidad/ETL/Proyecto_airflow/venv/lib/python3.12/site-packages/airflow/example_dags/example_trigger_target_dag.py
[2025-04-01T16:29:48.217-0500] {processor.py:925} INFO - DAG(s) 'example_trigger_target_dag' retrieved from /mnt/d/Universidad/ETL/Proyecto_airflow/venv/lib/python3.12/site-packages/airflow/example_dags/example_trigger_target_dag.py
[2025-04-01T16:29:48.234-0500] {logging_mixin.py:190} INFO - [2025-04-01T16:29:48.234-0500] {dag.py:3239} INFO - Sync 1 DAGs
[2025-04-01T16:29:48.244-0500] {logging_mixin.py:190} INFO - [2025-04-01T16:29:48.243-0500] {dag.py:4180} INFO - Setting next_dagrun for example_trigger_target_dag to None, run_after=None
[2025-04-01T16:29:48.322-0500] {processor.py:208} INFO - Processing /mnt/d/Universidad/ETL/Proyecto_airflow/venv/lib/python3.12/site-packages/airflow/example_dags/example_trigger_target_dag.py took 0.169 seconds
[2025-04-01T16:31:16.105-0500] {processor.py:186} INFO - Started process (PID=4746) to work on /mnt/d/Universidad/ETL/Proyecto_airflow/venv/lib/python3.12/site-packages/airflow/example_dags/example_trigger_target_dag.py
[2025-04-01T16:31:16.106-0500] {processor.py:914} INFO - Processing file /mnt/d/Universidad/ETL/Proyecto_airflow/venv/lib/python3.12/site-packages/airflow/example_dags/example_trigger_target_dag.py for tasks to queue
[2025-04-01T16:31:16.108-0500] {logging_mixin.py:190} INFO - [2025-04-01T16:31:16.107-0500] {dagbag.py:588} INFO - Filling up the DagBag from /mnt/d/Universidad/ETL/Proyecto_airflow/venv/lib/python3.12/site-packages/airflow/example_dags/example_trigger_target_dag.py
[2025-04-01T16:31:16.162-0500] {processor.py:925} INFO - DAG(s) 'example_trigger_target_dag' retrieved from /mnt/d/Universidad/ETL/Proyecto_airflow/venv/lib/python3.12/site-packages/airflow/example_dags/example_trigger_target_dag.py
[2025-04-01T16:31:16.179-0500] {logging_mixin.py:190} INFO - [2025-04-01T16:31:16.178-0500] {dag.py:3239} INFO - Sync 1 DAGs
[2025-04-01T16:31:16.189-0500] {logging_mixin.py:190} INFO - [2025-04-01T16:31:16.188-0500] {dag.py:4180} INFO - Setting next_dagrun for example_trigger_target_dag to None, run_after=None
[2025-04-01T16:31:16.253-0500] {processor.py:208} INFO - Processing /mnt/d/Universidad/ETL/Proyecto_airflow/venv/lib/python3.12/site-packages/airflow/example_dags/example_trigger_target_dag.py took 0.156 seconds
[2025-04-01T16:32:07.164-0500] {processor.py:186} INFO - Started process (PID=4782) to work on /mnt/d/Universidad/ETL/Proyecto_airflow/venv/lib/python3.12/site-packages/airflow/example_dags/example_trigger_target_dag.py
[2025-04-01T16:32:07.165-0500] {processor.py:914} INFO - Processing file /mnt/d/Universidad/ETL/Proyecto_airflow/venv/lib/python3.12/site-packages/airflow/example_dags/example_trigger_target_dag.py for tasks to queue
[2025-04-01T16:32:07.167-0500] {logging_mixin.py:190} INFO - [2025-04-01T16:32:07.166-0500] {dagbag.py:588} INFO - Filling up the DagBag from /mnt/d/Universidad/ETL/Proyecto_airflow/venv/lib/python3.12/site-packages/airflow/example_dags/example_trigger_target_dag.py
[2025-04-01T16:32:07.221-0500] {processor.py:925} INFO - DAG(s) 'example_trigger_target_dag' retrieved from /mnt/d/Universidad/ETL/Proyecto_airflow/venv/lib/python3.12/site-packages/airflow/example_dags/example_trigger_target_dag.py
[2025-04-01T16:32:07.238-0500] {logging_mixin.py:190} INFO - [2025-04-01T16:32:07.237-0500] {dag.py:3239} INFO - Sync 1 DAGs
[2025-04-01T16:32:07.247-0500] {logging_mixin.py:190} INFO - [2025-04-01T16:32:07.246-0500] {dag.py:4180} INFO - Setting next_dagrun for example_trigger_target_dag to None, run_after=None
[2025-04-01T16:32:07.323-0500] {processor.py:208} INFO - Processing /mnt/d/Universidad/ETL/Proyecto_airflow/venv/lib/python3.12/site-packages/airflow/example_dags/example_trigger_target_dag.py took 0.167 seconds
[2025-04-01T16:32:55.544-0500] {processor.py:186} INFO - Started process (PID=4820) to work on /mnt/d/Universidad/ETL/Proyecto_airflow/venv/lib/python3.12/site-packages/airflow/example_dags/example_trigger_target_dag.py
[2025-04-01T16:32:55.545-0500] {processor.py:914} INFO - Processing file /mnt/d/Universidad/ETL/Proyecto_airflow/venv/lib/python3.12/site-packages/airflow/example_dags/example_trigger_target_dag.py for tasks to queue
[2025-04-01T16:32:55.547-0500] {logging_mixin.py:190} INFO - [2025-04-01T16:32:55.547-0500] {dagbag.py:588} INFO - Filling up the DagBag from /mnt/d/Universidad/ETL/Proyecto_airflow/venv/lib/python3.12/site-packages/airflow/example_dags/example_trigger_target_dag.py
[2025-04-01T16:32:55.602-0500] {processor.py:925} INFO - DAG(s) 'example_trigger_target_dag' retrieved from /mnt/d/Universidad/ETL/Proyecto_airflow/venv/lib/python3.12/site-packages/airflow/example_dags/example_trigger_target_dag.py
[2025-04-01T16:32:55.619-0500] {logging_mixin.py:190} INFO - [2025-04-01T16:32:55.619-0500] {dag.py:3239} INFO - Sync 1 DAGs
[2025-04-01T16:32:55.629-0500] {logging_mixin.py:190} INFO - [2025-04-01T16:32:55.628-0500] {dag.py:4180} INFO - Setting next_dagrun for example_trigger_target_dag to None, run_after=None
[2025-04-01T16:32:55.713-0500] {processor.py:208} INFO - Processing /mnt/d/Universidad/ETL/Proyecto_airflow/venv/lib/python3.12/site-packages/airflow/example_dags/example_trigger_target_dag.py took 0.177 seconds
[2025-04-01T16:34:22.802-0500] {processor.py:186} INFO - Started process (PID=4888) to work on /mnt/d/Universidad/ETL/Proyecto_airflow/venv/lib/python3.12/site-packages/airflow/example_dags/example_trigger_target_dag.py
[2025-04-01T16:34:22.803-0500] {processor.py:914} INFO - Processing file /mnt/d/Universidad/ETL/Proyecto_airflow/venv/lib/python3.12/site-packages/airflow/example_dags/example_trigger_target_dag.py for tasks to queue
[2025-04-01T16:34:22.806-0500] {logging_mixin.py:190} INFO - [2025-04-01T16:34:22.805-0500] {dagbag.py:588} INFO - Filling up the DagBag from /mnt/d/Universidad/ETL/Proyecto_airflow/venv/lib/python3.12/site-packages/airflow/example_dags/example_trigger_target_dag.py
[2025-04-01T16:34:22.859-0500] {processor.py:925} INFO - DAG(s) 'example_trigger_target_dag' retrieved from /mnt/d/Universidad/ETL/Proyecto_airflow/venv/lib/python3.12/site-packages/airflow/example_dags/example_trigger_target_dag.py
[2025-04-01T16:34:22.876-0500] {logging_mixin.py:190} INFO - [2025-04-01T16:34:22.876-0500] {dag.py:3239} INFO - Sync 1 DAGs
[2025-04-01T16:34:22.885-0500] {logging_mixin.py:190} INFO - [2025-04-01T16:34:22.885-0500] {dag.py:4180} INFO - Setting next_dagrun for example_trigger_target_dag to None, run_after=None
[2025-04-01T16:34:22.970-0500] {processor.py:208} INFO - Processing /mnt/d/Universidad/ETL/Proyecto_airflow/venv/lib/python3.12/site-packages/airflow/example_dags/example_trigger_target_dag.py took 0.175 seconds
[2025-04-01T16:35:47.952-0500] {processor.py:186} INFO - Started process (PID=4957) to work on /mnt/d/Universidad/ETL/Proyecto_airflow/venv/lib/python3.12/site-packages/airflow/example_dags/example_trigger_target_dag.py
[2025-04-01T16:35:47.953-0500] {processor.py:914} INFO - Processing file /mnt/d/Universidad/ETL/Proyecto_airflow/venv/lib/python3.12/site-packages/airflow/example_dags/example_trigger_target_dag.py for tasks to queue
[2025-04-01T16:35:47.956-0500] {logging_mixin.py:190} INFO - [2025-04-01T16:35:47.955-0500] {dagbag.py:588} INFO - Filling up the DagBag from /mnt/d/Universidad/ETL/Proyecto_airflow/venv/lib/python3.12/site-packages/airflow/example_dags/example_trigger_target_dag.py
[2025-04-01T16:35:48.009-0500] {processor.py:925} INFO - DAG(s) 'example_trigger_target_dag' retrieved from /mnt/d/Universidad/ETL/Proyecto_airflow/venv/lib/python3.12/site-packages/airflow/example_dags/example_trigger_target_dag.py
[2025-04-01T16:35:48.027-0500] {logging_mixin.py:190} INFO - [2025-04-01T16:35:48.026-0500] {dag.py:3239} INFO - Sync 1 DAGs
[2025-04-01T16:35:48.036-0500] {logging_mixin.py:190} INFO - [2025-04-01T16:35:48.035-0500] {dag.py:4180} INFO - Setting next_dagrun for example_trigger_target_dag to None, run_after=None
[2025-04-01T16:35:48.172-0500] {processor.py:208} INFO - Processing /mnt/d/Universidad/ETL/Proyecto_airflow/venv/lib/python3.12/site-packages/airflow/example_dags/example_trigger_target_dag.py took 0.227 seconds
[2025-04-01T16:36:40.159-0500] {processor.py:186} INFO - Started process (PID=4993) to work on /mnt/d/Universidad/ETL/Proyecto_airflow/venv/lib/python3.12/site-packages/airflow/example_dags/example_trigger_target_dag.py
[2025-04-01T16:36:40.160-0500] {processor.py:914} INFO - Processing file /mnt/d/Universidad/ETL/Proyecto_airflow/venv/lib/python3.12/site-packages/airflow/example_dags/example_trigger_target_dag.py for tasks to queue
[2025-04-01T16:36:40.162-0500] {logging_mixin.py:190} INFO - [2025-04-01T16:36:40.162-0500] {dagbag.py:588} INFO - Filling up the DagBag from /mnt/d/Universidad/ETL/Proyecto_airflow/venv/lib/python3.12/site-packages/airflow/example_dags/example_trigger_target_dag.py
[2025-04-01T16:36:40.216-0500] {processor.py:925} INFO - DAG(s) 'example_trigger_target_dag' retrieved from /mnt/d/Universidad/ETL/Proyecto_airflow/venv/lib/python3.12/site-packages/airflow/example_dags/example_trigger_target_dag.py
[2025-04-01T16:36:40.234-0500] {logging_mixin.py:190} INFO - [2025-04-01T16:36:40.233-0500] {dag.py:3239} INFO - Sync 1 DAGs
[2025-04-01T16:36:40.243-0500] {logging_mixin.py:190} INFO - [2025-04-01T16:36:40.242-0500] {dag.py:4180} INFO - Setting next_dagrun for example_trigger_target_dag to None, run_after=None
[2025-04-01T16:36:40.321-0500] {processor.py:208} INFO - Processing /mnt/d/Universidad/ETL/Proyecto_airflow/venv/lib/python3.12/site-packages/airflow/example_dags/example_trigger_target_dag.py took 0.170 seconds
[2025-04-01T16:38:09.985-0500] {processor.py:186} INFO - Started process (PID=5062) to work on /mnt/d/Universidad/ETL/Proyecto_airflow/venv/lib/python3.12/site-packages/airflow/example_dags/example_trigger_target_dag.py
[2025-04-01T16:38:09.986-0500] {processor.py:914} INFO - Processing file /mnt/d/Universidad/ETL/Proyecto_airflow/venv/lib/python3.12/site-packages/airflow/example_dags/example_trigger_target_dag.py for tasks to queue
[2025-04-01T16:38:09.988-0500] {logging_mixin.py:190} INFO - [2025-04-01T16:38:09.988-0500] {dagbag.py:588} INFO - Filling up the DagBag from /mnt/d/Universidad/ETL/Proyecto_airflow/venv/lib/python3.12/site-packages/airflow/example_dags/example_trigger_target_dag.py
[2025-04-01T16:38:10.043-0500] {processor.py:925} INFO - DAG(s) 'example_trigger_target_dag' retrieved from /mnt/d/Universidad/ETL/Proyecto_airflow/venv/lib/python3.12/site-packages/airflow/example_dags/example_trigger_target_dag.py
[2025-04-01T16:38:10.061-0500] {logging_mixin.py:190} INFO - [2025-04-01T16:38:10.060-0500] {dag.py:3239} INFO - Sync 1 DAGs
[2025-04-01T16:38:10.070-0500] {logging_mixin.py:190} INFO - [2025-04-01T16:38:10.069-0500] {dag.py:4180} INFO - Setting next_dagrun for example_trigger_target_dag to None, run_after=None
[2025-04-01T16:38:10.178-0500] {processor.py:208} INFO - Processing /mnt/d/Universidad/ETL/Proyecto_airflow/venv/lib/python3.12/site-packages/airflow/example_dags/example_trigger_target_dag.py took 0.201 seconds
[2025-04-01T16:39:43.724-0500] {processor.py:186} INFO - Started process (PID=5133) to work on /mnt/d/Universidad/ETL/Proyecto_airflow/venv/lib/python3.12/site-packages/airflow/example_dags/example_trigger_target_dag.py
[2025-04-01T16:39:43.725-0500] {processor.py:914} INFO - Processing file /mnt/d/Universidad/ETL/Proyecto_airflow/venv/lib/python3.12/site-packages/airflow/example_dags/example_trigger_target_dag.py for tasks to queue
[2025-04-01T16:39:43.727-0500] {logging_mixin.py:190} INFO - [2025-04-01T16:39:43.727-0500] {dagbag.py:588} INFO - Filling up the DagBag from /mnt/d/Universidad/ETL/Proyecto_airflow/venv/lib/python3.12/site-packages/airflow/example_dags/example_trigger_target_dag.py
[2025-04-01T16:39:43.781-0500] {processor.py:925} INFO - DAG(s) 'example_trigger_target_dag' retrieved from /mnt/d/Universidad/ETL/Proyecto_airflow/venv/lib/python3.12/site-packages/airflow/example_dags/example_trigger_target_dag.py
[2025-04-01T16:39:43.798-0500] {logging_mixin.py:190} INFO - [2025-04-01T16:39:43.798-0500] {dag.py:3239} INFO - Sync 1 DAGs
[2025-04-01T16:39:43.807-0500] {logging_mixin.py:190} INFO - [2025-04-01T16:39:43.807-0500] {dag.py:4180} INFO - Setting next_dagrun for example_trigger_target_dag to None, run_after=None
[2025-04-01T16:39:43.886-0500] {processor.py:208} INFO - Processing /mnt/d/Universidad/ETL/Proyecto_airflow/venv/lib/python3.12/site-packages/airflow/example_dags/example_trigger_target_dag.py took 0.171 seconds
[2025-04-01T16:40:30.639-0500] {processor.py:186} INFO - Started process (PID=5171) to work on /mnt/d/Universidad/ETL/Proyecto_airflow/venv/lib/python3.12/site-packages/airflow/example_dags/example_trigger_target_dag.py
[2025-04-01T16:40:30.640-0500] {processor.py:914} INFO - Processing file /mnt/d/Universidad/ETL/Proyecto_airflow/venv/lib/python3.12/site-packages/airflow/example_dags/example_trigger_target_dag.py for tasks to queue
[2025-04-01T16:40:30.643-0500] {logging_mixin.py:190} INFO - [2025-04-01T16:40:30.642-0500] {dagbag.py:588} INFO - Filling up the DagBag from /mnt/d/Universidad/ETL/Proyecto_airflow/venv/lib/python3.12/site-packages/airflow/example_dags/example_trigger_target_dag.py
[2025-04-01T16:40:30.696-0500] {processor.py:925} INFO - DAG(s) 'example_trigger_target_dag' retrieved from /mnt/d/Universidad/ETL/Proyecto_airflow/venv/lib/python3.12/site-packages/airflow/example_dags/example_trigger_target_dag.py
[2025-04-01T16:40:30.714-0500] {logging_mixin.py:190} INFO - [2025-04-01T16:40:30.713-0500] {dag.py:3239} INFO - Sync 1 DAGs
[2025-04-01T16:40:30.723-0500] {logging_mixin.py:190} INFO - [2025-04-01T16:40:30.722-0500] {dag.py:4180} INFO - Setting next_dagrun for example_trigger_target_dag to None, run_after=None
[2025-04-01T16:40:30.831-0500] {processor.py:208} INFO - Processing /mnt/d/Universidad/ETL/Proyecto_airflow/venv/lib/python3.12/site-packages/airflow/example_dags/example_trigger_target_dag.py took 0.200 seconds
[2025-04-01T16:41:20.718-0500] {processor.py:186} INFO - Started process (PID=5206) to work on /mnt/d/Universidad/ETL/Proyecto_airflow/venv/lib/python3.12/site-packages/airflow/example_dags/example_trigger_target_dag.py
[2025-04-01T16:41:20.719-0500] {processor.py:914} INFO - Processing file /mnt/d/Universidad/ETL/Proyecto_airflow/venv/lib/python3.12/site-packages/airflow/example_dags/example_trigger_target_dag.py for tasks to queue
[2025-04-01T16:41:20.722-0500] {logging_mixin.py:190} INFO - [2025-04-01T16:41:20.721-0500] {dagbag.py:588} INFO - Filling up the DagBag from /mnt/d/Universidad/ETL/Proyecto_airflow/venv/lib/python3.12/site-packages/airflow/example_dags/example_trigger_target_dag.py
[2025-04-01T16:41:20.777-0500] {processor.py:925} INFO - DAG(s) 'example_trigger_target_dag' retrieved from /mnt/d/Universidad/ETL/Proyecto_airflow/venv/lib/python3.12/site-packages/airflow/example_dags/example_trigger_target_dag.py
[2025-04-01T16:41:20.794-0500] {logging_mixin.py:190} INFO - [2025-04-01T16:41:20.793-0500] {dag.py:3239} INFO - Sync 1 DAGs
[2025-04-01T16:41:20.803-0500] {logging_mixin.py:190} INFO - [2025-04-01T16:41:20.803-0500] {dag.py:4180} INFO - Setting next_dagrun for example_trigger_target_dag to None, run_after=None
[2025-04-01T16:41:20.883-0500] {processor.py:208} INFO - Processing /mnt/d/Universidad/ETL/Proyecto_airflow/venv/lib/python3.12/site-packages/airflow/example_dags/example_trigger_target_dag.py took 0.173 seconds
[2025-04-01T16:42:09.759-0500] {processor.py:186} INFO - Started process (PID=5244) to work on /mnt/d/Universidad/ETL/Proyecto_airflow/venv/lib/python3.12/site-packages/airflow/example_dags/example_trigger_target_dag.py
[2025-04-01T16:42:09.760-0500] {processor.py:914} INFO - Processing file /mnt/d/Universidad/ETL/Proyecto_airflow/venv/lib/python3.12/site-packages/airflow/example_dags/example_trigger_target_dag.py for tasks to queue
[2025-04-01T16:42:09.762-0500] {logging_mixin.py:190} INFO - [2025-04-01T16:42:09.761-0500] {dagbag.py:588} INFO - Filling up the DagBag from /mnt/d/Universidad/ETL/Proyecto_airflow/venv/lib/python3.12/site-packages/airflow/example_dags/example_trigger_target_dag.py
[2025-04-01T16:42:09.816-0500] {processor.py:925} INFO - DAG(s) 'example_trigger_target_dag' retrieved from /mnt/d/Universidad/ETL/Proyecto_airflow/venv/lib/python3.12/site-packages/airflow/example_dags/example_trigger_target_dag.py
[2025-04-01T16:42:09.833-0500] {logging_mixin.py:190} INFO - [2025-04-01T16:42:09.833-0500] {dag.py:3239} INFO - Sync 1 DAGs
[2025-04-01T16:42:09.842-0500] {logging_mixin.py:190} INFO - [2025-04-01T16:42:09.842-0500] {dag.py:4180} INFO - Setting next_dagrun for example_trigger_target_dag to None, run_after=None
[2025-04-01T16:42:09.946-0500] {processor.py:208} INFO - Processing /mnt/d/Universidad/ETL/Proyecto_airflow/venv/lib/python3.12/site-packages/airflow/example_dags/example_trigger_target_dag.py took 0.195 seconds
[2025-04-01T16:43:43.918-0500] {processor.py:186} INFO - Started process (PID=5314) to work on /mnt/d/Universidad/ETL/Proyecto_airflow/venv/lib/python3.12/site-packages/airflow/example_dags/example_trigger_target_dag.py
[2025-04-01T16:43:43.919-0500] {processor.py:914} INFO - Processing file /mnt/d/Universidad/ETL/Proyecto_airflow/venv/lib/python3.12/site-packages/airflow/example_dags/example_trigger_target_dag.py for tasks to queue
[2025-04-01T16:43:43.922-0500] {logging_mixin.py:190} INFO - [2025-04-01T16:43:43.921-0500] {dagbag.py:588} INFO - Filling up the DagBag from /mnt/d/Universidad/ETL/Proyecto_airflow/venv/lib/python3.12/site-packages/airflow/example_dags/example_trigger_target_dag.py
[2025-04-01T16:43:43.976-0500] {processor.py:925} INFO - DAG(s) 'example_trigger_target_dag' retrieved from /mnt/d/Universidad/ETL/Proyecto_airflow/venv/lib/python3.12/site-packages/airflow/example_dags/example_trigger_target_dag.py
[2025-04-01T16:43:43.995-0500] {logging_mixin.py:190} INFO - [2025-04-01T16:43:43.995-0500] {dag.py:3239} INFO - Sync 1 DAGs
[2025-04-01T16:43:44.005-0500] {logging_mixin.py:190} INFO - [2025-04-01T16:43:44.005-0500] {dag.py:4180} INFO - Setting next_dagrun for example_trigger_target_dag to None, run_after=None
[2025-04-01T16:43:44.122-0500] {processor.py:208} INFO - Processing /mnt/d/Universidad/ETL/Proyecto_airflow/venv/lib/python3.12/site-packages/airflow/example_dags/example_trigger_target_dag.py took 0.211 seconds
[2025-04-01T16:45:13.566-0500] {processor.py:186} INFO - Started process (PID=5385) to work on /mnt/d/Universidad/ETL/Proyecto_airflow/venv/lib/python3.12/site-packages/airflow/example_dags/example_trigger_target_dag.py
[2025-04-01T16:45:13.567-0500] {processor.py:914} INFO - Processing file /mnt/d/Universidad/ETL/Proyecto_airflow/venv/lib/python3.12/site-packages/airflow/example_dags/example_trigger_target_dag.py for tasks to queue
[2025-04-01T16:45:13.569-0500] {logging_mixin.py:190} INFO - [2025-04-01T16:45:13.568-0500] {dagbag.py:588} INFO - Filling up the DagBag from /mnt/d/Universidad/ETL/Proyecto_airflow/venv/lib/python3.12/site-packages/airflow/example_dags/example_trigger_target_dag.py
[2025-04-01T16:45:13.623-0500] {processor.py:925} INFO - DAG(s) 'example_trigger_target_dag' retrieved from /mnt/d/Universidad/ETL/Proyecto_airflow/venv/lib/python3.12/site-packages/airflow/example_dags/example_trigger_target_dag.py
[2025-04-01T16:45:13.640-0500] {logging_mixin.py:190} INFO - [2025-04-01T16:45:13.639-0500] {dag.py:3239} INFO - Sync 1 DAGs
[2025-04-01T16:45:13.649-0500] {logging_mixin.py:190} INFO - [2025-04-01T16:45:13.648-0500] {dag.py:4180} INFO - Setting next_dagrun for example_trigger_target_dag to None, run_after=None
[2025-04-01T16:45:13.725-0500] {processor.py:208} INFO - Processing /mnt/d/Universidad/ETL/Proyecto_airflow/venv/lib/python3.12/site-packages/airflow/example_dags/example_trigger_target_dag.py took 0.167 seconds
[2025-04-01T16:46:05.752-0500] {processor.py:186} INFO - Started process (PID=5421) to work on /mnt/d/Universidad/ETL/Proyecto_airflow/venv/lib/python3.12/site-packages/airflow/example_dags/example_trigger_target_dag.py
[2025-04-01T16:46:05.753-0500] {processor.py:914} INFO - Processing file /mnt/d/Universidad/ETL/Proyecto_airflow/venv/lib/python3.12/site-packages/airflow/example_dags/example_trigger_target_dag.py for tasks to queue
[2025-04-01T16:46:05.755-0500] {logging_mixin.py:190} INFO - [2025-04-01T16:46:05.754-0500] {dagbag.py:588} INFO - Filling up the DagBag from /mnt/d/Universidad/ETL/Proyecto_airflow/venv/lib/python3.12/site-packages/airflow/example_dags/example_trigger_target_dag.py
[2025-04-01T16:46:05.807-0500] {processor.py:925} INFO - DAG(s) 'example_trigger_target_dag' retrieved from /mnt/d/Universidad/ETL/Proyecto_airflow/venv/lib/python3.12/site-packages/airflow/example_dags/example_trigger_target_dag.py
[2025-04-01T16:46:05.824-0500] {logging_mixin.py:190} INFO - [2025-04-01T16:46:05.824-0500] {dag.py:3239} INFO - Sync 1 DAGs
[2025-04-01T16:46:05.834-0500] {logging_mixin.py:190} INFO - [2025-04-01T16:46:05.834-0500] {dag.py:4180} INFO - Setting next_dagrun for example_trigger_target_dag to None, run_after=None
[2025-04-01T16:46:05.938-0500] {processor.py:208} INFO - Processing /mnt/d/Universidad/ETL/Proyecto_airflow/venv/lib/python3.12/site-packages/airflow/example_dags/example_trigger_target_dag.py took 0.194 seconds
[2025-04-01T16:46:54.755-0500] {processor.py:186} INFO - Started process (PID=5458) to work on /mnt/d/Universidad/ETL/Proyecto_airflow/venv/lib/python3.12/site-packages/airflow/example_dags/example_trigger_target_dag.py
[2025-04-01T16:46:54.756-0500] {processor.py:914} INFO - Processing file /mnt/d/Universidad/ETL/Proyecto_airflow/venv/lib/python3.12/site-packages/airflow/example_dags/example_trigger_target_dag.py for tasks to queue
[2025-04-01T16:46:54.758-0500] {logging_mixin.py:190} INFO - [2025-04-01T16:46:54.757-0500] {dagbag.py:588} INFO - Filling up the DagBag from /mnt/d/Universidad/ETL/Proyecto_airflow/venv/lib/python3.12/site-packages/airflow/example_dags/example_trigger_target_dag.py
[2025-04-01T16:46:54.810-0500] {processor.py:925} INFO - DAG(s) 'example_trigger_target_dag' retrieved from /mnt/d/Universidad/ETL/Proyecto_airflow/venv/lib/python3.12/site-packages/airflow/example_dags/example_trigger_target_dag.py
[2025-04-01T16:46:54.829-0500] {logging_mixin.py:190} INFO - [2025-04-01T16:46:54.828-0500] {dag.py:3239} INFO - Sync 1 DAGs
[2025-04-01T16:46:54.838-0500] {logging_mixin.py:190} INFO - [2025-04-01T16:46:54.838-0500] {dag.py:4180} INFO - Setting next_dagrun for example_trigger_target_dag to None, run_after=None
[2025-04-01T16:46:54.919-0500] {processor.py:208} INFO - Processing /mnt/d/Universidad/ETL/Proyecto_airflow/venv/lib/python3.12/site-packages/airflow/example_dags/example_trigger_target_dag.py took 0.172 seconds
[2025-04-01T16:47:44.711-0500] {processor.py:186} INFO - Started process (PID=5494) to work on /mnt/d/Universidad/ETL/Proyecto_airflow/venv/lib/python3.12/site-packages/airflow/example_dags/example_trigger_target_dag.py
[2025-04-01T16:47:44.712-0500] {processor.py:914} INFO - Processing file /mnt/d/Universidad/ETL/Proyecto_airflow/venv/lib/python3.12/site-packages/airflow/example_dags/example_trigger_target_dag.py for tasks to queue
[2025-04-01T16:47:44.714-0500] {logging_mixin.py:190} INFO - [2025-04-01T16:47:44.713-0500] {dagbag.py:588} INFO - Filling up the DagBag from /mnt/d/Universidad/ETL/Proyecto_airflow/venv/lib/python3.12/site-packages/airflow/example_dags/example_trigger_target_dag.py
[2025-04-01T16:47:44.769-0500] {processor.py:925} INFO - DAG(s) 'example_trigger_target_dag' retrieved from /mnt/d/Universidad/ETL/Proyecto_airflow/venv/lib/python3.12/site-packages/airflow/example_dags/example_trigger_target_dag.py
[2025-04-01T16:47:44.786-0500] {logging_mixin.py:190} INFO - [2025-04-01T16:47:44.786-0500] {dag.py:3239} INFO - Sync 1 DAGs
[2025-04-01T16:47:44.796-0500] {logging_mixin.py:190} INFO - [2025-04-01T16:47:44.795-0500] {dag.py:4180} INFO - Setting next_dagrun for example_trigger_target_dag to None, run_after=None
[2025-04-01T16:47:44.926-0500] {processor.py:208} INFO - Processing /mnt/d/Universidad/ETL/Proyecto_airflow/venv/lib/python3.12/site-packages/airflow/example_dags/example_trigger_target_dag.py took 0.224 seconds
[2025-04-01T16:49:14.053-0500] {processor.py:186} INFO - Started process (PID=5563) to work on /mnt/d/Universidad/ETL/Proyecto_airflow/venv/lib/python3.12/site-packages/airflow/example_dags/example_trigger_target_dag.py
[2025-04-01T16:49:14.055-0500] {processor.py:914} INFO - Processing file /mnt/d/Universidad/ETL/Proyecto_airflow/venv/lib/python3.12/site-packages/airflow/example_dags/example_trigger_target_dag.py for tasks to queue
[2025-04-01T16:49:14.057-0500] {logging_mixin.py:190} INFO - [2025-04-01T16:49:14.056-0500] {dagbag.py:588} INFO - Filling up the DagBag from /mnt/d/Universidad/ETL/Proyecto_airflow/venv/lib/python3.12/site-packages/airflow/example_dags/example_trigger_target_dag.py
[2025-04-01T16:49:14.112-0500] {processor.py:925} INFO - DAG(s) 'example_trigger_target_dag' retrieved from /mnt/d/Universidad/ETL/Proyecto_airflow/venv/lib/python3.12/site-packages/airflow/example_dags/example_trigger_target_dag.py
[2025-04-01T16:49:14.132-0500] {logging_mixin.py:190} INFO - [2025-04-01T16:49:14.131-0500] {dag.py:3239} INFO - Sync 1 DAGs
[2025-04-01T16:49:14.142-0500] {logging_mixin.py:190} INFO - [2025-04-01T16:49:14.141-0500] {dag.py:4180} INFO - Setting next_dagrun for example_trigger_target_dag to None, run_after=None
[2025-04-01T16:49:14.248-0500] {processor.py:208} INFO - Processing /mnt/d/Universidad/ETL/Proyecto_airflow/venv/lib/python3.12/site-packages/airflow/example_dags/example_trigger_target_dag.py took 0.202 seconds
[2025-04-01T16:50:42.286-0500] {processor.py:186} INFO - Started process (PID=5632) to work on /mnt/d/Universidad/ETL/Proyecto_airflow/venv/lib/python3.12/site-packages/airflow/example_dags/example_trigger_target_dag.py
[2025-04-01T16:50:42.287-0500] {processor.py:914} INFO - Processing file /mnt/d/Universidad/ETL/Proyecto_airflow/venv/lib/python3.12/site-packages/airflow/example_dags/example_trigger_target_dag.py for tasks to queue
[2025-04-01T16:50:42.289-0500] {logging_mixin.py:190} INFO - [2025-04-01T16:50:42.288-0500] {dagbag.py:588} INFO - Filling up the DagBag from /mnt/d/Universidad/ETL/Proyecto_airflow/venv/lib/python3.12/site-packages/airflow/example_dags/example_trigger_target_dag.py
[2025-04-01T16:50:42.341-0500] {processor.py:925} INFO - DAG(s) 'example_trigger_target_dag' retrieved from /mnt/d/Universidad/ETL/Proyecto_airflow/venv/lib/python3.12/site-packages/airflow/example_dags/example_trigger_target_dag.py
[2025-04-01T16:50:42.360-0500] {logging_mixin.py:190} INFO - [2025-04-01T16:50:42.359-0500] {dag.py:3239} INFO - Sync 1 DAGs
[2025-04-01T16:50:42.369-0500] {logging_mixin.py:190} INFO - [2025-04-01T16:50:42.369-0500] {dag.py:4180} INFO - Setting next_dagrun for example_trigger_target_dag to None, run_after=None
[2025-04-01T16:50:42.455-0500] {processor.py:208} INFO - Processing /mnt/d/Universidad/ETL/Proyecto_airflow/venv/lib/python3.12/site-packages/airflow/example_dags/example_trigger_target_dag.py took 0.177 seconds
[2025-04-01T16:51:31.590-0500] {processor.py:186} INFO - Started process (PID=5669) to work on /mnt/d/Universidad/ETL/Proyecto_airflow/venv/lib/python3.12/site-packages/airflow/example_dags/example_trigger_target_dag.py
[2025-04-01T16:51:31.591-0500] {processor.py:914} INFO - Processing file /mnt/d/Universidad/ETL/Proyecto_airflow/venv/lib/python3.12/site-packages/airflow/example_dags/example_trigger_target_dag.py for tasks to queue
[2025-04-01T16:51:31.593-0500] {logging_mixin.py:190} INFO - [2025-04-01T16:51:31.592-0500] {dagbag.py:588} INFO - Filling up the DagBag from /mnt/d/Universidad/ETL/Proyecto_airflow/venv/lib/python3.12/site-packages/airflow/example_dags/example_trigger_target_dag.py
[2025-04-01T16:51:31.646-0500] {processor.py:925} INFO - DAG(s) 'example_trigger_target_dag' retrieved from /mnt/d/Universidad/ETL/Proyecto_airflow/venv/lib/python3.12/site-packages/airflow/example_dags/example_trigger_target_dag.py
[2025-04-01T16:51:31.663-0500] {logging_mixin.py:190} INFO - [2025-04-01T16:51:31.662-0500] {dag.py:3239} INFO - Sync 1 DAGs
[2025-04-01T16:51:31.672-0500] {logging_mixin.py:190} INFO - [2025-04-01T16:51:31.671-0500] {dag.py:4180} INFO - Setting next_dagrun for example_trigger_target_dag to None, run_after=None
[2025-04-01T16:51:31.755-0500] {processor.py:208} INFO - Processing /mnt/d/Universidad/ETL/Proyecto_airflow/venv/lib/python3.12/site-packages/airflow/example_dags/example_trigger_target_dag.py took 0.173 seconds
[2025-04-01T16:52:20.701-0500] {processor.py:186} INFO - Started process (PID=5706) to work on /mnt/d/Universidad/ETL/Proyecto_airflow/venv/lib/python3.12/site-packages/airflow/example_dags/example_trigger_target_dag.py
[2025-04-01T16:52:20.702-0500] {processor.py:914} INFO - Processing file /mnt/d/Universidad/ETL/Proyecto_airflow/venv/lib/python3.12/site-packages/airflow/example_dags/example_trigger_target_dag.py for tasks to queue
[2025-04-01T16:52:20.704-0500] {logging_mixin.py:190} INFO - [2025-04-01T16:52:20.703-0500] {dagbag.py:588} INFO - Filling up the DagBag from /mnt/d/Universidad/ETL/Proyecto_airflow/venv/lib/python3.12/site-packages/airflow/example_dags/example_trigger_target_dag.py
[2025-04-01T16:52:20.759-0500] {processor.py:925} INFO - DAG(s) 'example_trigger_target_dag' retrieved from /mnt/d/Universidad/ETL/Proyecto_airflow/venv/lib/python3.12/site-packages/airflow/example_dags/example_trigger_target_dag.py
[2025-04-01T16:52:20.776-0500] {logging_mixin.py:190} INFO - [2025-04-01T16:52:20.776-0500] {dag.py:3239} INFO - Sync 1 DAGs
[2025-04-01T16:52:20.785-0500] {logging_mixin.py:190} INFO - [2025-04-01T16:52:20.785-0500] {dag.py:4180} INFO - Setting next_dagrun for example_trigger_target_dag to None, run_after=None
[2025-04-01T16:52:20.911-0500] {processor.py:208} INFO - Processing /mnt/d/Universidad/ETL/Proyecto_airflow/venv/lib/python3.12/site-packages/airflow/example_dags/example_trigger_target_dag.py took 0.218 seconds
[2025-04-01T16:53:10.747-0500] {processor.py:186} INFO - Started process (PID=5742) to work on /mnt/d/Universidad/ETL/Proyecto_airflow/venv/lib/python3.12/site-packages/airflow/example_dags/example_trigger_target_dag.py
[2025-04-01T16:53:10.749-0500] {processor.py:914} INFO - Processing file /mnt/d/Universidad/ETL/Proyecto_airflow/venv/lib/python3.12/site-packages/airflow/example_dags/example_trigger_target_dag.py for tasks to queue
[2025-04-01T16:53:10.751-0500] {logging_mixin.py:190} INFO - [2025-04-01T16:53:10.750-0500] {dagbag.py:588} INFO - Filling up the DagBag from /mnt/d/Universidad/ETL/Proyecto_airflow/venv/lib/python3.12/site-packages/airflow/example_dags/example_trigger_target_dag.py
[2025-04-01T16:53:10.805-0500] {processor.py:925} INFO - DAG(s) 'example_trigger_target_dag' retrieved from /mnt/d/Universidad/ETL/Proyecto_airflow/venv/lib/python3.12/site-packages/airflow/example_dags/example_trigger_target_dag.py
[2025-04-01T16:53:10.822-0500] {logging_mixin.py:190} INFO - [2025-04-01T16:53:10.822-0500] {dag.py:3239} INFO - Sync 1 DAGs
[2025-04-01T16:53:10.832-0500] {logging_mixin.py:190} INFO - [2025-04-01T16:53:10.831-0500] {dag.py:4180} INFO - Setting next_dagrun for example_trigger_target_dag to None, run_after=None
[2025-04-01T16:53:10.936-0500] {processor.py:208} INFO - Processing /mnt/d/Universidad/ETL/Proyecto_airflow/venv/lib/python3.12/site-packages/airflow/example_dags/example_trigger_target_dag.py took 0.196 seconds
[2025-04-01T16:53:56.820-0500] {processor.py:186} INFO - Started process (PID=5778) to work on /mnt/d/Universidad/ETL/Proyecto_airflow/venv/lib/python3.12/site-packages/airflow/example_dags/example_trigger_target_dag.py
[2025-04-01T16:53:56.821-0500] {processor.py:914} INFO - Processing file /mnt/d/Universidad/ETL/Proyecto_airflow/venv/lib/python3.12/site-packages/airflow/example_dags/example_trigger_target_dag.py for tasks to queue
[2025-04-01T16:53:56.823-0500] {logging_mixin.py:190} INFO - [2025-04-01T16:53:56.822-0500] {dagbag.py:588} INFO - Filling up the DagBag from /mnt/d/Universidad/ETL/Proyecto_airflow/venv/lib/python3.12/site-packages/airflow/example_dags/example_trigger_target_dag.py
[2025-04-01T16:53:56.876-0500] {processor.py:925} INFO - DAG(s) 'example_trigger_target_dag' retrieved from /mnt/d/Universidad/ETL/Proyecto_airflow/venv/lib/python3.12/site-packages/airflow/example_dags/example_trigger_target_dag.py
[2025-04-01T16:53:56.893-0500] {logging_mixin.py:190} INFO - [2025-04-01T16:53:56.893-0500] {dag.py:3239} INFO - Sync 1 DAGs
[2025-04-01T16:53:56.902-0500] {logging_mixin.py:190} INFO - [2025-04-01T16:53:56.901-0500] {dag.py:4180} INFO - Setting next_dagrun for example_trigger_target_dag to None, run_after=None
[2025-04-01T16:53:57.011-0500] {processor.py:208} INFO - Processing /mnt/d/Universidad/ETL/Proyecto_airflow/venv/lib/python3.12/site-packages/airflow/example_dags/example_trigger_target_dag.py took 0.199 seconds
[2025-04-01T16:54:46.461-0500] {processor.py:186} INFO - Started process (PID=5814) to work on /mnt/d/Universidad/ETL/Proyecto_airflow/venv/lib/python3.12/site-packages/airflow/example_dags/example_trigger_target_dag.py
[2025-04-01T16:54:46.462-0500] {processor.py:914} INFO - Processing file /mnt/d/Universidad/ETL/Proyecto_airflow/venv/lib/python3.12/site-packages/airflow/example_dags/example_trigger_target_dag.py for tasks to queue
[2025-04-01T16:54:46.464-0500] {logging_mixin.py:190} INFO - [2025-04-01T16:54:46.464-0500] {dagbag.py:588} INFO - Filling up the DagBag from /mnt/d/Universidad/ETL/Proyecto_airflow/venv/lib/python3.12/site-packages/airflow/example_dags/example_trigger_target_dag.py
[2025-04-01T16:54:46.518-0500] {processor.py:925} INFO - DAG(s) 'example_trigger_target_dag' retrieved from /mnt/d/Universidad/ETL/Proyecto_airflow/venv/lib/python3.12/site-packages/airflow/example_dags/example_trigger_target_dag.py
[2025-04-01T16:54:46.535-0500] {logging_mixin.py:190} INFO - [2025-04-01T16:54:46.534-0500] {dag.py:3239} INFO - Sync 1 DAGs
[2025-04-01T16:54:46.544-0500] {logging_mixin.py:190} INFO - [2025-04-01T16:54:46.543-0500] {dag.py:4180} INFO - Setting next_dagrun for example_trigger_target_dag to None, run_after=None
[2025-04-01T16:54:46.647-0500] {processor.py:208} INFO - Processing /mnt/d/Universidad/ETL/Proyecto_airflow/venv/lib/python3.12/site-packages/airflow/example_dags/example_trigger_target_dag.py took 0.194 seconds
[2025-04-01T16:56:18.427-0500] {processor.py:186} INFO - Started process (PID=5885) to work on /mnt/d/Universidad/ETL/Proyecto_airflow/venv/lib/python3.12/site-packages/airflow/example_dags/example_trigger_target_dag.py
[2025-04-01T16:56:18.428-0500] {processor.py:914} INFO - Processing file /mnt/d/Universidad/ETL/Proyecto_airflow/venv/lib/python3.12/site-packages/airflow/example_dags/example_trigger_target_dag.py for tasks to queue
[2025-04-01T16:56:18.430-0500] {logging_mixin.py:190} INFO - [2025-04-01T16:56:18.429-0500] {dagbag.py:588} INFO - Filling up the DagBag from /mnt/d/Universidad/ETL/Proyecto_airflow/venv/lib/python3.12/site-packages/airflow/example_dags/example_trigger_target_dag.py
[2025-04-01T16:56:18.483-0500] {processor.py:925} INFO - DAG(s) 'example_trigger_target_dag' retrieved from /mnt/d/Universidad/ETL/Proyecto_airflow/venv/lib/python3.12/site-packages/airflow/example_dags/example_trigger_target_dag.py
[2025-04-01T16:56:18.501-0500] {logging_mixin.py:190} INFO - [2025-04-01T16:56:18.500-0500] {dag.py:3239} INFO - Sync 1 DAGs
[2025-04-01T16:56:18.510-0500] {logging_mixin.py:190} INFO - [2025-04-01T16:56:18.509-0500] {dag.py:4180} INFO - Setting next_dagrun for example_trigger_target_dag to None, run_after=None
[2025-04-01T16:56:18.617-0500] {processor.py:208} INFO - Processing /mnt/d/Universidad/ETL/Proyecto_airflow/venv/lib/python3.12/site-packages/airflow/example_dags/example_trigger_target_dag.py took 0.198 seconds
[2025-04-01T16:57:49.924-0500] {processor.py:186} INFO - Started process (PID=5955) to work on /mnt/d/Universidad/ETL/Proyecto_airflow/venv/lib/python3.12/site-packages/airflow/example_dags/example_trigger_target_dag.py
[2025-04-01T16:57:49.925-0500] {processor.py:914} INFO - Processing file /mnt/d/Universidad/ETL/Proyecto_airflow/venv/lib/python3.12/site-packages/airflow/example_dags/example_trigger_target_dag.py for tasks to queue
[2025-04-01T16:57:49.928-0500] {logging_mixin.py:190} INFO - [2025-04-01T16:57:49.927-0500] {dagbag.py:588} INFO - Filling up the DagBag from /mnt/d/Universidad/ETL/Proyecto_airflow/venv/lib/python3.12/site-packages/airflow/example_dags/example_trigger_target_dag.py
[2025-04-01T16:57:49.982-0500] {processor.py:925} INFO - DAG(s) 'example_trigger_target_dag' retrieved from /mnt/d/Universidad/ETL/Proyecto_airflow/venv/lib/python3.12/site-packages/airflow/example_dags/example_trigger_target_dag.py
[2025-04-01T16:57:50.001-0500] {logging_mixin.py:190} INFO - [2025-04-01T16:57:50.000-0500] {dag.py:3239} INFO - Sync 1 DAGs
[2025-04-01T16:57:50.011-0500] {logging_mixin.py:190} INFO - [2025-04-01T16:57:50.010-0500] {dag.py:4180} INFO - Setting next_dagrun for example_trigger_target_dag to None, run_after=None
[2025-04-01T16:57:50.116-0500] {processor.py:208} INFO - Processing /mnt/d/Universidad/ETL/Proyecto_airflow/venv/lib/python3.12/site-packages/airflow/example_dags/example_trigger_target_dag.py took 0.199 seconds
[2025-04-01T16:58:37.617-0500] {processor.py:186} INFO - Started process (PID=5991) to work on /mnt/d/Universidad/ETL/Proyecto_airflow/venv/lib/python3.12/site-packages/airflow/example_dags/example_trigger_target_dag.py
[2025-04-01T16:58:37.618-0500] {processor.py:914} INFO - Processing file /mnt/d/Universidad/ETL/Proyecto_airflow/venv/lib/python3.12/site-packages/airflow/example_dags/example_trigger_target_dag.py for tasks to queue
[2025-04-01T16:58:37.620-0500] {logging_mixin.py:190} INFO - [2025-04-01T16:58:37.620-0500] {dagbag.py:588} INFO - Filling up the DagBag from /mnt/d/Universidad/ETL/Proyecto_airflow/venv/lib/python3.12/site-packages/airflow/example_dags/example_trigger_target_dag.py
[2025-04-01T16:58:37.674-0500] {processor.py:925} INFO - DAG(s) 'example_trigger_target_dag' retrieved from /mnt/d/Universidad/ETL/Proyecto_airflow/venv/lib/python3.12/site-packages/airflow/example_dags/example_trigger_target_dag.py
[2025-04-01T16:58:37.691-0500] {logging_mixin.py:190} INFO - [2025-04-01T16:58:37.690-0500] {dag.py:3239} INFO - Sync 1 DAGs
[2025-04-01T16:58:37.700-0500] {logging_mixin.py:190} INFO - [2025-04-01T16:58:37.699-0500] {dag.py:4180} INFO - Setting next_dagrun for example_trigger_target_dag to None, run_after=None
[2025-04-01T16:58:37.807-0500] {processor.py:208} INFO - Processing /mnt/d/Universidad/ETL/Proyecto_airflow/venv/lib/python3.12/site-packages/airflow/example_dags/example_trigger_target_dag.py took 0.197 seconds
[2025-04-01T17:00:15.034-0500] {processor.py:186} INFO - Started process (PID=6062) to work on /mnt/d/Universidad/ETL/Proyecto_airflow/venv/lib/python3.12/site-packages/airflow/example_dags/example_trigger_target_dag.py
[2025-04-01T17:00:15.035-0500] {processor.py:914} INFO - Processing file /mnt/d/Universidad/ETL/Proyecto_airflow/venv/lib/python3.12/site-packages/airflow/example_dags/example_trigger_target_dag.py for tasks to queue
[2025-04-01T17:00:15.037-0500] {logging_mixin.py:190} INFO - [2025-04-01T17:00:15.036-0500] {dagbag.py:588} INFO - Filling up the DagBag from /mnt/d/Universidad/ETL/Proyecto_airflow/venv/lib/python3.12/site-packages/airflow/example_dags/example_trigger_target_dag.py
[2025-04-01T17:00:15.090-0500] {processor.py:925} INFO - DAG(s) 'example_trigger_target_dag' retrieved from /mnt/d/Universidad/ETL/Proyecto_airflow/venv/lib/python3.12/site-packages/airflow/example_dags/example_trigger_target_dag.py
[2025-04-01T17:00:15.107-0500] {logging_mixin.py:190} INFO - [2025-04-01T17:00:15.107-0500] {dag.py:3239} INFO - Sync 1 DAGs
[2025-04-01T17:00:15.116-0500] {logging_mixin.py:190} INFO - [2025-04-01T17:00:15.115-0500] {dag.py:4180} INFO - Setting next_dagrun for example_trigger_target_dag to None, run_after=None
[2025-04-01T17:00:15.220-0500] {processor.py:208} INFO - Processing /mnt/d/Universidad/ETL/Proyecto_airflow/venv/lib/python3.12/site-packages/airflow/example_dags/example_trigger_target_dag.py took 0.194 seconds
[2025-04-01T17:01:02.515-0500] {processor.py:186} INFO - Started process (PID=6098) to work on /mnt/d/Universidad/ETL/Proyecto_airflow/venv/lib/python3.12/site-packages/airflow/example_dags/example_trigger_target_dag.py
[2025-04-01T17:01:02.517-0500] {processor.py:914} INFO - Processing file /mnt/d/Universidad/ETL/Proyecto_airflow/venv/lib/python3.12/site-packages/airflow/example_dags/example_trigger_target_dag.py for tasks to queue
[2025-04-01T17:01:02.519-0500] {logging_mixin.py:190} INFO - [2025-04-01T17:01:02.518-0500] {dagbag.py:588} INFO - Filling up the DagBag from /mnt/d/Universidad/ETL/Proyecto_airflow/venv/lib/python3.12/site-packages/airflow/example_dags/example_trigger_target_dag.py
[2025-04-01T17:01:02.572-0500] {processor.py:925} INFO - DAG(s) 'example_trigger_target_dag' retrieved from /mnt/d/Universidad/ETL/Proyecto_airflow/venv/lib/python3.12/site-packages/airflow/example_dags/example_trigger_target_dag.py
[2025-04-01T17:01:02.588-0500] {logging_mixin.py:190} INFO - [2025-04-01T17:01:02.588-0500] {dag.py:3239} INFO - Sync 1 DAGs
[2025-04-01T17:01:02.597-0500] {logging_mixin.py:190} INFO - [2025-04-01T17:01:02.597-0500] {dag.py:4180} INFO - Setting next_dagrun for example_trigger_target_dag to None, run_after=None
[2025-04-01T17:01:02.696-0500] {processor.py:208} INFO - Processing /mnt/d/Universidad/ETL/Proyecto_airflow/venv/lib/python3.12/site-packages/airflow/example_dags/example_trigger_target_dag.py took 0.189 seconds
[2025-04-01T17:02:34.764-0500] {processor.py:186} INFO - Started process (PID=6168) to work on /mnt/d/Universidad/ETL/Proyecto_airflow/venv/lib/python3.12/site-packages/airflow/example_dags/example_trigger_target_dag.py
[2025-04-01T17:02:34.765-0500] {processor.py:914} INFO - Processing file /mnt/d/Universidad/ETL/Proyecto_airflow/venv/lib/python3.12/site-packages/airflow/example_dags/example_trigger_target_dag.py for tasks to queue
[2025-04-01T17:02:34.768-0500] {logging_mixin.py:190} INFO - [2025-04-01T17:02:34.767-0500] {dagbag.py:588} INFO - Filling up the DagBag from /mnt/d/Universidad/ETL/Proyecto_airflow/venv/lib/python3.12/site-packages/airflow/example_dags/example_trigger_target_dag.py
[2025-04-01T17:02:34.820-0500] {processor.py:925} INFO - DAG(s) 'example_trigger_target_dag' retrieved from /mnt/d/Universidad/ETL/Proyecto_airflow/venv/lib/python3.12/site-packages/airflow/example_dags/example_trigger_target_dag.py
[2025-04-01T17:02:34.837-0500] {logging_mixin.py:190} INFO - [2025-04-01T17:02:34.836-0500] {dag.py:3239} INFO - Sync 1 DAGs
[2025-04-01T17:02:34.846-0500] {logging_mixin.py:190} INFO - [2025-04-01T17:02:34.846-0500] {dag.py:4180} INFO - Setting next_dagrun for example_trigger_target_dag to None, run_after=None
[2025-04-01T17:02:34.944-0500] {processor.py:208} INFO - Processing /mnt/d/Universidad/ETL/Proyecto_airflow/venv/lib/python3.12/site-packages/airflow/example_dags/example_trigger_target_dag.py took 0.188 seconds
[2025-04-01T17:03:23.504-0500] {processor.py:186} INFO - Started process (PID=6204) to work on /mnt/d/Universidad/ETL/Proyecto_airflow/venv/lib/python3.12/site-packages/airflow/example_dags/example_trigger_target_dag.py
[2025-04-01T17:03:23.505-0500] {processor.py:914} INFO - Processing file /mnt/d/Universidad/ETL/Proyecto_airflow/venv/lib/python3.12/site-packages/airflow/example_dags/example_trigger_target_dag.py for tasks to queue
[2025-04-01T17:03:23.508-0500] {logging_mixin.py:190} INFO - [2025-04-01T17:03:23.507-0500] {dagbag.py:588} INFO - Filling up the DagBag from /mnt/d/Universidad/ETL/Proyecto_airflow/venv/lib/python3.12/site-packages/airflow/example_dags/example_trigger_target_dag.py
[2025-04-01T17:03:23.560-0500] {processor.py:925} INFO - DAG(s) 'example_trigger_target_dag' retrieved from /mnt/d/Universidad/ETL/Proyecto_airflow/venv/lib/python3.12/site-packages/airflow/example_dags/example_trigger_target_dag.py
[2025-04-01T17:03:23.577-0500] {logging_mixin.py:190} INFO - [2025-04-01T17:03:23.577-0500] {dag.py:3239} INFO - Sync 1 DAGs
[2025-04-01T17:03:23.586-0500] {logging_mixin.py:190} INFO - [2025-04-01T17:03:23.586-0500] {dag.py:4180} INFO - Setting next_dagrun for example_trigger_target_dag to None, run_after=None
[2025-04-01T17:03:23.683-0500] {processor.py:208} INFO - Processing /mnt/d/Universidad/ETL/Proyecto_airflow/venv/lib/python3.12/site-packages/airflow/example_dags/example_trigger_target_dag.py took 0.186 seconds
[2025-04-01T17:04:13.877-0500] {processor.py:186} INFO - Started process (PID=6241) to work on /mnt/d/Universidad/ETL/Proyecto_airflow/venv/lib/python3.12/site-packages/airflow/example_dags/example_trigger_target_dag.py
[2025-04-01T17:04:13.878-0500] {processor.py:914} INFO - Processing file /mnt/d/Universidad/ETL/Proyecto_airflow/venv/lib/python3.12/site-packages/airflow/example_dags/example_trigger_target_dag.py for tasks to queue
[2025-04-01T17:04:13.880-0500] {logging_mixin.py:190} INFO - [2025-04-01T17:04:13.879-0500] {dagbag.py:588} INFO - Filling up the DagBag from /mnt/d/Universidad/ETL/Proyecto_airflow/venv/lib/python3.12/site-packages/airflow/example_dags/example_trigger_target_dag.py
[2025-04-01T17:04:13.933-0500] {processor.py:925} INFO - DAG(s) 'example_trigger_target_dag' retrieved from /mnt/d/Universidad/ETL/Proyecto_airflow/venv/lib/python3.12/site-packages/airflow/example_dags/example_trigger_target_dag.py
[2025-04-01T17:04:13.950-0500] {logging_mixin.py:190} INFO - [2025-04-01T17:04:13.949-0500] {dag.py:3239} INFO - Sync 1 DAGs
[2025-04-01T17:04:13.959-0500] {logging_mixin.py:190} INFO - [2025-04-01T17:04:13.958-0500] {dag.py:4180} INFO - Setting next_dagrun for example_trigger_target_dag to None, run_after=None
[2025-04-01T17:04:14.065-0500] {processor.py:208} INFO - Processing /mnt/d/Universidad/ETL/Proyecto_airflow/venv/lib/python3.12/site-packages/airflow/example_dags/example_trigger_target_dag.py took 0.196 seconds
[2025-04-01T17:05:46.654-0500] {processor.py:186} INFO - Started process (PID=6310) to work on /mnt/d/Universidad/ETL/Proyecto_airflow/venv/lib/python3.12/site-packages/airflow/example_dags/example_trigger_target_dag.py
[2025-04-01T17:05:46.655-0500] {processor.py:914} INFO - Processing file /mnt/d/Universidad/ETL/Proyecto_airflow/venv/lib/python3.12/site-packages/airflow/example_dags/example_trigger_target_dag.py for tasks to queue
[2025-04-01T17:05:46.657-0500] {logging_mixin.py:190} INFO - [2025-04-01T17:05:46.657-0500] {dagbag.py:588} INFO - Filling up the DagBag from /mnt/d/Universidad/ETL/Proyecto_airflow/venv/lib/python3.12/site-packages/airflow/example_dags/example_trigger_target_dag.py
[2025-04-01T17:05:46.710-0500] {processor.py:925} INFO - DAG(s) 'example_trigger_target_dag' retrieved from /mnt/d/Universidad/ETL/Proyecto_airflow/venv/lib/python3.12/site-packages/airflow/example_dags/example_trigger_target_dag.py
[2025-04-01T17:05:46.727-0500] {logging_mixin.py:190} INFO - [2025-04-01T17:05:46.726-0500] {dag.py:3239} INFO - Sync 1 DAGs
[2025-04-01T17:05:46.736-0500] {logging_mixin.py:190} INFO - [2025-04-01T17:05:46.735-0500] {dag.py:4180} INFO - Setting next_dagrun for example_trigger_target_dag to None, run_after=None
[2025-04-01T17:05:46.882-0500] {processor.py:208} INFO - Processing /mnt/d/Universidad/ETL/Proyecto_airflow/venv/lib/python3.12/site-packages/airflow/example_dags/example_trigger_target_dag.py took 0.236 seconds
[2025-04-01T17:06:39.694-0500] {processor.py:186} INFO - Started process (PID=6347) to work on /mnt/d/Universidad/ETL/Proyecto_airflow/venv/lib/python3.12/site-packages/airflow/example_dags/example_trigger_target_dag.py
[2025-04-01T17:06:39.695-0500] {processor.py:914} INFO - Processing file /mnt/d/Universidad/ETL/Proyecto_airflow/venv/lib/python3.12/site-packages/airflow/example_dags/example_trigger_target_dag.py for tasks to queue
[2025-04-01T17:06:39.698-0500] {logging_mixin.py:190} INFO - [2025-04-01T17:06:39.697-0500] {dagbag.py:588} INFO - Filling up the DagBag from /mnt/d/Universidad/ETL/Proyecto_airflow/venv/lib/python3.12/site-packages/airflow/example_dags/example_trigger_target_dag.py
[2025-04-01T17:06:39.751-0500] {processor.py:925} INFO - DAG(s) 'example_trigger_target_dag' retrieved from /mnt/d/Universidad/ETL/Proyecto_airflow/venv/lib/python3.12/site-packages/airflow/example_dags/example_trigger_target_dag.py
[2025-04-01T17:06:39.769-0500] {logging_mixin.py:190} INFO - [2025-04-01T17:06:39.768-0500] {dag.py:3239} INFO - Sync 1 DAGs
[2025-04-01T17:06:39.777-0500] {logging_mixin.py:190} INFO - [2025-04-01T17:06:39.777-0500] {dag.py:4180} INFO - Setting next_dagrun for example_trigger_target_dag to None, run_after=None
[2025-04-01T17:06:39.902-0500] {processor.py:208} INFO - Processing /mnt/d/Universidad/ETL/Proyecto_airflow/venv/lib/python3.12/site-packages/airflow/example_dags/example_trigger_target_dag.py took 0.216 seconds
[2025-04-01T17:07:27.447-0500] {processor.py:186} INFO - Started process (PID=6385) to work on /mnt/d/Universidad/ETL/Proyecto_airflow/venv/lib/python3.12/site-packages/airflow/example_dags/example_trigger_target_dag.py
[2025-04-01T17:07:27.449-0500] {processor.py:914} INFO - Processing file /mnt/d/Universidad/ETL/Proyecto_airflow/venv/lib/python3.12/site-packages/airflow/example_dags/example_trigger_target_dag.py for tasks to queue
[2025-04-01T17:07:27.451-0500] {logging_mixin.py:190} INFO - [2025-04-01T17:07:27.450-0500] {dagbag.py:588} INFO - Filling up the DagBag from /mnt/d/Universidad/ETL/Proyecto_airflow/venv/lib/python3.12/site-packages/airflow/example_dags/example_trigger_target_dag.py
[2025-04-01T17:07:27.503-0500] {processor.py:925} INFO - DAG(s) 'example_trigger_target_dag' retrieved from /mnt/d/Universidad/ETL/Proyecto_airflow/venv/lib/python3.12/site-packages/airflow/example_dags/example_trigger_target_dag.py
[2025-04-01T17:07:27.521-0500] {logging_mixin.py:190} INFO - [2025-04-01T17:07:27.520-0500] {dag.py:3239} INFO - Sync 1 DAGs
[2025-04-01T17:07:27.530-0500] {logging_mixin.py:190} INFO - [2025-04-01T17:07:27.529-0500] {dag.py:4180} INFO - Setting next_dagrun for example_trigger_target_dag to None, run_after=None
[2025-04-01T17:07:27.629-0500] {processor.py:208} INFO - Processing /mnt/d/Universidad/ETL/Proyecto_airflow/venv/lib/python3.12/site-packages/airflow/example_dags/example_trigger_target_dag.py took 0.189 seconds
[2025-04-01T17:09:05.203-0500] {processor.py:186} INFO - Started process (PID=6457) to work on /mnt/d/Universidad/ETL/Proyecto_airflow/venv/lib/python3.12/site-packages/airflow/example_dags/example_trigger_target_dag.py
[2025-04-01T17:09:05.204-0500] {processor.py:914} INFO - Processing file /mnt/d/Universidad/ETL/Proyecto_airflow/venv/lib/python3.12/site-packages/airflow/example_dags/example_trigger_target_dag.py for tasks to queue
[2025-04-01T17:09:05.206-0500] {logging_mixin.py:190} INFO - [2025-04-01T17:09:05.205-0500] {dagbag.py:588} INFO - Filling up the DagBag from /mnt/d/Universidad/ETL/Proyecto_airflow/venv/lib/python3.12/site-packages/airflow/example_dags/example_trigger_target_dag.py
[2025-04-01T17:09:05.260-0500] {processor.py:925} INFO - DAG(s) 'example_trigger_target_dag' retrieved from /mnt/d/Universidad/ETL/Proyecto_airflow/venv/lib/python3.12/site-packages/airflow/example_dags/example_trigger_target_dag.py
[2025-04-01T17:09:05.277-0500] {logging_mixin.py:190} INFO - [2025-04-01T17:09:05.276-0500] {dag.py:3239} INFO - Sync 1 DAGs
[2025-04-01T17:09:05.285-0500] {logging_mixin.py:190} INFO - [2025-04-01T17:09:05.285-0500] {dag.py:4180} INFO - Setting next_dagrun for example_trigger_target_dag to None, run_after=None
[2025-04-01T17:09:05.391-0500] {processor.py:208} INFO - Processing /mnt/d/Universidad/ETL/Proyecto_airflow/venv/lib/python3.12/site-packages/airflow/example_dags/example_trigger_target_dag.py took 0.196 seconds
[2025-04-01T17:09:54.158-0500] {processor.py:186} INFO - Started process (PID=6493) to work on /mnt/d/Universidad/ETL/Proyecto_airflow/venv/lib/python3.12/site-packages/airflow/example_dags/example_trigger_target_dag.py
[2025-04-01T17:09:54.159-0500] {processor.py:914} INFO - Processing file /mnt/d/Universidad/ETL/Proyecto_airflow/venv/lib/python3.12/site-packages/airflow/example_dags/example_trigger_target_dag.py for tasks to queue
[2025-04-01T17:09:54.161-0500] {logging_mixin.py:190} INFO - [2025-04-01T17:09:54.161-0500] {dagbag.py:588} INFO - Filling up the DagBag from /mnt/d/Universidad/ETL/Proyecto_airflow/venv/lib/python3.12/site-packages/airflow/example_dags/example_trigger_target_dag.py
[2025-04-01T17:09:54.214-0500] {processor.py:925} INFO - DAG(s) 'example_trigger_target_dag' retrieved from /mnt/d/Universidad/ETL/Proyecto_airflow/venv/lib/python3.12/site-packages/airflow/example_dags/example_trigger_target_dag.py
[2025-04-01T17:09:54.233-0500] {logging_mixin.py:190} INFO - [2025-04-01T17:09:54.232-0500] {dag.py:3239} INFO - Sync 1 DAGs
[2025-04-01T17:09:54.243-0500] {logging_mixin.py:190} INFO - [2025-04-01T17:09:54.242-0500] {dag.py:4180} INFO - Setting next_dagrun for example_trigger_target_dag to None, run_after=None
[2025-04-01T17:09:54.347-0500] {processor.py:208} INFO - Processing /mnt/d/Universidad/ETL/Proyecto_airflow/venv/lib/python3.12/site-packages/airflow/example_dags/example_trigger_target_dag.py took 0.197 seconds
[2025-04-01T17:10:45.736-0500] {processor.py:186} INFO - Started process (PID=6529) to work on /mnt/d/Universidad/ETL/Proyecto_airflow/venv/lib/python3.12/site-packages/airflow/example_dags/example_trigger_target_dag.py
[2025-04-01T17:10:45.737-0500] {processor.py:914} INFO - Processing file /mnt/d/Universidad/ETL/Proyecto_airflow/venv/lib/python3.12/site-packages/airflow/example_dags/example_trigger_target_dag.py for tasks to queue
[2025-04-01T17:10:45.739-0500] {logging_mixin.py:190} INFO - [2025-04-01T17:10:45.738-0500] {dagbag.py:588} INFO - Filling up the DagBag from /mnt/d/Universidad/ETL/Proyecto_airflow/venv/lib/python3.12/site-packages/airflow/example_dags/example_trigger_target_dag.py
[2025-04-01T17:10:45.792-0500] {processor.py:925} INFO - DAG(s) 'example_trigger_target_dag' retrieved from /mnt/d/Universidad/ETL/Proyecto_airflow/venv/lib/python3.12/site-packages/airflow/example_dags/example_trigger_target_dag.py
[2025-04-01T17:10:45.811-0500] {logging_mixin.py:190} INFO - [2025-04-01T17:10:45.810-0500] {dag.py:3239} INFO - Sync 1 DAGs
[2025-04-01T17:10:45.820-0500] {logging_mixin.py:190} INFO - [2025-04-01T17:10:45.820-0500] {dag.py:4180} INFO - Setting next_dagrun for example_trigger_target_dag to None, run_after=None
[2025-04-01T17:10:45.917-0500] {processor.py:208} INFO - Processing /mnt/d/Universidad/ETL/Proyecto_airflow/venv/lib/python3.12/site-packages/airflow/example_dags/example_trigger_target_dag.py took 0.189 seconds
[2025-04-01T17:11:36.987-0500] {processor.py:186} INFO - Started process (PID=6566) to work on /mnt/d/Universidad/ETL/Proyecto_airflow/venv/lib/python3.12/site-packages/airflow/example_dags/example_trigger_target_dag.py
[2025-04-01T17:11:36.988-0500] {processor.py:914} INFO - Processing file /mnt/d/Universidad/ETL/Proyecto_airflow/venv/lib/python3.12/site-packages/airflow/example_dags/example_trigger_target_dag.py for tasks to queue
[2025-04-01T17:11:36.990-0500] {logging_mixin.py:190} INFO - [2025-04-01T17:11:36.989-0500] {dagbag.py:588} INFO - Filling up the DagBag from /mnt/d/Universidad/ETL/Proyecto_airflow/venv/lib/python3.12/site-packages/airflow/example_dags/example_trigger_target_dag.py
[2025-04-01T17:11:37.043-0500] {processor.py:925} INFO - DAG(s) 'example_trigger_target_dag' retrieved from /mnt/d/Universidad/ETL/Proyecto_airflow/venv/lib/python3.12/site-packages/airflow/example_dags/example_trigger_target_dag.py
[2025-04-01T17:11:37.060-0500] {logging_mixin.py:190} INFO - [2025-04-01T17:11:37.059-0500] {dag.py:3239} INFO - Sync 1 DAGs
[2025-04-01T17:11:37.069-0500] {logging_mixin.py:190} INFO - [2025-04-01T17:11:37.068-0500] {dag.py:4180} INFO - Setting next_dagrun for example_trigger_target_dag to None, run_after=None
[2025-04-01T17:11:37.167-0500] {processor.py:208} INFO - Processing /mnt/d/Universidad/ETL/Proyecto_airflow/venv/lib/python3.12/site-packages/airflow/example_dags/example_trigger_target_dag.py took 0.188 seconds
[2025-04-01T17:12:26.717-0500] {processor.py:186} INFO - Started process (PID=6604) to work on /mnt/d/Universidad/ETL/Proyecto_airflow/venv/lib/python3.12/site-packages/airflow/example_dags/example_trigger_target_dag.py
[2025-04-01T17:12:26.718-0500] {processor.py:914} INFO - Processing file /mnt/d/Universidad/ETL/Proyecto_airflow/venv/lib/python3.12/site-packages/airflow/example_dags/example_trigger_target_dag.py for tasks to queue
[2025-04-01T17:12:26.721-0500] {logging_mixin.py:190} INFO - [2025-04-01T17:12:26.720-0500] {dagbag.py:588} INFO - Filling up the DagBag from /mnt/d/Universidad/ETL/Proyecto_airflow/venv/lib/python3.12/site-packages/airflow/example_dags/example_trigger_target_dag.py
[2025-04-01T17:12:26.775-0500] {processor.py:925} INFO - DAG(s) 'example_trigger_target_dag' retrieved from /mnt/d/Universidad/ETL/Proyecto_airflow/venv/lib/python3.12/site-packages/airflow/example_dags/example_trigger_target_dag.py
[2025-04-01T17:12:26.793-0500] {logging_mixin.py:190} INFO - [2025-04-01T17:12:26.792-0500] {dag.py:3239} INFO - Sync 1 DAGs
[2025-04-01T17:12:26.802-0500] {logging_mixin.py:190} INFO - [2025-04-01T17:12:26.802-0500] {dag.py:4180} INFO - Setting next_dagrun for example_trigger_target_dag to None, run_after=None
[2025-04-01T17:12:26.913-0500] {processor.py:208} INFO - Processing /mnt/d/Universidad/ETL/Proyecto_airflow/venv/lib/python3.12/site-packages/airflow/example_dags/example_trigger_target_dag.py took 0.204 seconds
[2025-04-01T17:13:18.797-0500] {processor.py:186} INFO - Started process (PID=6642) to work on /mnt/d/Universidad/ETL/Proyecto_airflow/venv/lib/python3.12/site-packages/airflow/example_dags/example_trigger_target_dag.py
[2025-04-01T17:13:18.798-0500] {processor.py:914} INFO - Processing file /mnt/d/Universidad/ETL/Proyecto_airflow/venv/lib/python3.12/site-packages/airflow/example_dags/example_trigger_target_dag.py for tasks to queue
[2025-04-01T17:13:18.800-0500] {logging_mixin.py:190} INFO - [2025-04-01T17:13:18.800-0500] {dagbag.py:588} INFO - Filling up the DagBag from /mnt/d/Universidad/ETL/Proyecto_airflow/venv/lib/python3.12/site-packages/airflow/example_dags/example_trigger_target_dag.py
[2025-04-01T17:13:18.853-0500] {processor.py:925} INFO - DAG(s) 'example_trigger_target_dag' retrieved from /mnt/d/Universidad/ETL/Proyecto_airflow/venv/lib/python3.12/site-packages/airflow/example_dags/example_trigger_target_dag.py
[2025-04-01T17:13:18.870-0500] {logging_mixin.py:190} INFO - [2025-04-01T17:13:18.869-0500] {dag.py:3239} INFO - Sync 1 DAGs
[2025-04-01T17:13:18.878-0500] {logging_mixin.py:190} INFO - [2025-04-01T17:13:18.878-0500] {dag.py:4180} INFO - Setting next_dagrun for example_trigger_target_dag to None, run_after=None
[2025-04-01T17:13:18.996-0500] {processor.py:208} INFO - Processing /mnt/d/Universidad/ETL/Proyecto_airflow/venv/lib/python3.12/site-packages/airflow/example_dags/example_trigger_target_dag.py took 0.206 seconds
[2025-04-01T17:14:53.020-0500] {processor.py:186} INFO - Started process (PID=6713) to work on /mnt/d/Universidad/ETL/Proyecto_airflow/venv/lib/python3.12/site-packages/airflow/example_dags/example_trigger_target_dag.py
[2025-04-01T17:14:53.021-0500] {processor.py:914} INFO - Processing file /mnt/d/Universidad/ETL/Proyecto_airflow/venv/lib/python3.12/site-packages/airflow/example_dags/example_trigger_target_dag.py for tasks to queue
[2025-04-01T17:14:53.023-0500] {logging_mixin.py:190} INFO - [2025-04-01T17:14:53.023-0500] {dagbag.py:588} INFO - Filling up the DagBag from /mnt/d/Universidad/ETL/Proyecto_airflow/venv/lib/python3.12/site-packages/airflow/example_dags/example_trigger_target_dag.py
[2025-04-01T17:14:53.077-0500] {processor.py:925} INFO - DAG(s) 'example_trigger_target_dag' retrieved from /mnt/d/Universidad/ETL/Proyecto_airflow/venv/lib/python3.12/site-packages/airflow/example_dags/example_trigger_target_dag.py
[2025-04-01T17:14:53.094-0500] {logging_mixin.py:190} INFO - [2025-04-01T17:14:53.093-0500] {dag.py:3239} INFO - Sync 1 DAGs
[2025-04-01T17:14:53.102-0500] {logging_mixin.py:190} INFO - [2025-04-01T17:14:53.102-0500] {dag.py:4180} INFO - Setting next_dagrun for example_trigger_target_dag to None, run_after=None
[2025-04-01T17:14:53.201-0500] {processor.py:208} INFO - Processing /mnt/d/Universidad/ETL/Proyecto_airflow/venv/lib/python3.12/site-packages/airflow/example_dags/example_trigger_target_dag.py took 0.189 seconds
[2025-04-01T17:16:22.507-0500] {processor.py:186} INFO - Started process (PID=6783) to work on /mnt/d/Universidad/ETL/Proyecto_airflow/venv/lib/python3.12/site-packages/airflow/example_dags/example_trigger_target_dag.py
[2025-04-01T17:16:22.508-0500] {processor.py:914} INFO - Processing file /mnt/d/Universidad/ETL/Proyecto_airflow/venv/lib/python3.12/site-packages/airflow/example_dags/example_trigger_target_dag.py for tasks to queue
[2025-04-01T17:16:22.510-0500] {logging_mixin.py:190} INFO - [2025-04-01T17:16:22.509-0500] {dagbag.py:588} INFO - Filling up the DagBag from /mnt/d/Universidad/ETL/Proyecto_airflow/venv/lib/python3.12/site-packages/airflow/example_dags/example_trigger_target_dag.py
[2025-04-01T17:16:22.563-0500] {processor.py:925} INFO - DAG(s) 'example_trigger_target_dag' retrieved from /mnt/d/Universidad/ETL/Proyecto_airflow/venv/lib/python3.12/site-packages/airflow/example_dags/example_trigger_target_dag.py
[2025-04-01T17:16:22.580-0500] {logging_mixin.py:190} INFO - [2025-04-01T17:16:22.579-0500] {dag.py:3239} INFO - Sync 1 DAGs
[2025-04-01T17:16:22.589-0500] {logging_mixin.py:190} INFO - [2025-04-01T17:16:22.588-0500] {dag.py:4180} INFO - Setting next_dagrun for example_trigger_target_dag to None, run_after=None
[2025-04-01T17:16:22.712-0500] {processor.py:208} INFO - Processing /mnt/d/Universidad/ETL/Proyecto_airflow/venv/lib/python3.12/site-packages/airflow/example_dags/example_trigger_target_dag.py took 0.213 seconds
[2025-04-01T17:17:13.091-0500] {processor.py:186} INFO - Started process (PID=6822) to work on /mnt/d/Universidad/ETL/Proyecto_airflow/venv/lib/python3.12/site-packages/airflow/example_dags/example_trigger_target_dag.py
[2025-04-01T17:17:13.093-0500] {processor.py:914} INFO - Processing file /mnt/d/Universidad/ETL/Proyecto_airflow/venv/lib/python3.12/site-packages/airflow/example_dags/example_trigger_target_dag.py for tasks to queue
[2025-04-01T17:17:13.095-0500] {logging_mixin.py:190} INFO - [2025-04-01T17:17:13.094-0500] {dagbag.py:588} INFO - Filling up the DagBag from /mnt/d/Universidad/ETL/Proyecto_airflow/venv/lib/python3.12/site-packages/airflow/example_dags/example_trigger_target_dag.py
[2025-04-01T17:17:13.153-0500] {processor.py:925} INFO - DAG(s) 'example_trigger_target_dag' retrieved from /mnt/d/Universidad/ETL/Proyecto_airflow/venv/lib/python3.12/site-packages/airflow/example_dags/example_trigger_target_dag.py
[2025-04-01T17:17:13.171-0500] {logging_mixin.py:190} INFO - [2025-04-01T17:17:13.170-0500] {dag.py:3239} INFO - Sync 1 DAGs
[2025-04-01T17:17:13.181-0500] {logging_mixin.py:190} INFO - [2025-04-01T17:17:13.180-0500] {dag.py:4180} INFO - Setting next_dagrun for example_trigger_target_dag to None, run_after=None
[2025-04-01T17:17:13.296-0500] {processor.py:208} INFO - Processing /mnt/d/Universidad/ETL/Proyecto_airflow/venv/lib/python3.12/site-packages/airflow/example_dags/example_trigger_target_dag.py took 0.213 seconds
[2025-04-01T17:18:48.944-0500] {processor.py:186} INFO - Started process (PID=6894) to work on /mnt/d/Universidad/ETL/Proyecto_airflow/venv/lib/python3.12/site-packages/airflow/example_dags/example_trigger_target_dag.py
[2025-04-01T17:18:48.945-0500] {processor.py:914} INFO - Processing file /mnt/d/Universidad/ETL/Proyecto_airflow/venv/lib/python3.12/site-packages/airflow/example_dags/example_trigger_target_dag.py for tasks to queue
[2025-04-01T17:18:48.948-0500] {logging_mixin.py:190} INFO - [2025-04-01T17:18:48.947-0500] {dagbag.py:588} INFO - Filling up the DagBag from /mnt/d/Universidad/ETL/Proyecto_airflow/venv/lib/python3.12/site-packages/airflow/example_dags/example_trigger_target_dag.py
[2025-04-01T17:18:49.001-0500] {processor.py:925} INFO - DAG(s) 'example_trigger_target_dag' retrieved from /mnt/d/Universidad/ETL/Proyecto_airflow/venv/lib/python3.12/site-packages/airflow/example_dags/example_trigger_target_dag.py
[2025-04-01T17:18:49.018-0500] {logging_mixin.py:190} INFO - [2025-04-01T17:18:49.018-0500] {dag.py:3239} INFO - Sync 1 DAGs
[2025-04-01T17:18:49.027-0500] {logging_mixin.py:190} INFO - [2025-04-01T17:18:49.027-0500] {dag.py:4180} INFO - Setting next_dagrun for example_trigger_target_dag to None, run_after=None
[2025-04-01T17:18:49.153-0500] {processor.py:208} INFO - Processing /mnt/d/Universidad/ETL/Proyecto_airflow/venv/lib/python3.12/site-packages/airflow/example_dags/example_trigger_target_dag.py took 0.217 seconds
[2025-04-01T17:19:43.391-0500] {processor.py:186} INFO - Started process (PID=6931) to work on /mnt/d/Universidad/ETL/Proyecto_airflow/venv/lib/python3.12/site-packages/airflow/example_dags/example_trigger_target_dag.py
[2025-04-01T17:19:43.392-0500] {processor.py:914} INFO - Processing file /mnt/d/Universidad/ETL/Proyecto_airflow/venv/lib/python3.12/site-packages/airflow/example_dags/example_trigger_target_dag.py for tasks to queue
[2025-04-01T17:19:43.394-0500] {logging_mixin.py:190} INFO - [2025-04-01T17:19:43.393-0500] {dagbag.py:588} INFO - Filling up the DagBag from /mnt/d/Universidad/ETL/Proyecto_airflow/venv/lib/python3.12/site-packages/airflow/example_dags/example_trigger_target_dag.py
[2025-04-01T17:19:43.448-0500] {processor.py:925} INFO - DAG(s) 'example_trigger_target_dag' retrieved from /mnt/d/Universidad/ETL/Proyecto_airflow/venv/lib/python3.12/site-packages/airflow/example_dags/example_trigger_target_dag.py
[2025-04-01T17:19:43.465-0500] {logging_mixin.py:190} INFO - [2025-04-01T17:19:43.464-0500] {dag.py:3239} INFO - Sync 1 DAGs
[2025-04-01T17:19:43.474-0500] {logging_mixin.py:190} INFO - [2025-04-01T17:19:43.473-0500] {dag.py:4180} INFO - Setting next_dagrun for example_trigger_target_dag to None, run_after=None
[2025-04-01T17:19:43.604-0500] {processor.py:208} INFO - Processing /mnt/d/Universidad/ETL/Proyecto_airflow/venv/lib/python3.12/site-packages/airflow/example_dags/example_trigger_target_dag.py took 0.221 seconds
[2025-04-01T17:20:31.488-0500] {processor.py:186} INFO - Started process (PID=6968) to work on /mnt/d/Universidad/ETL/Proyecto_airflow/venv/lib/python3.12/site-packages/airflow/example_dags/example_trigger_target_dag.py
[2025-04-01T17:20:31.489-0500] {processor.py:914} INFO - Processing file /mnt/d/Universidad/ETL/Proyecto_airflow/venv/lib/python3.12/site-packages/airflow/example_dags/example_trigger_target_dag.py for tasks to queue
[2025-04-01T17:20:31.492-0500] {logging_mixin.py:190} INFO - [2025-04-01T17:20:31.491-0500] {dagbag.py:588} INFO - Filling up the DagBag from /mnt/d/Universidad/ETL/Proyecto_airflow/venv/lib/python3.12/site-packages/airflow/example_dags/example_trigger_target_dag.py
[2025-04-01T17:20:31.546-0500] {processor.py:925} INFO - DAG(s) 'example_trigger_target_dag' retrieved from /mnt/d/Universidad/ETL/Proyecto_airflow/venv/lib/python3.12/site-packages/airflow/example_dags/example_trigger_target_dag.py
[2025-04-01T17:20:31.565-0500] {logging_mixin.py:190} INFO - [2025-04-01T17:20:31.564-0500] {dag.py:3239} INFO - Sync 1 DAGs
[2025-04-01T17:20:31.575-0500] {logging_mixin.py:190} INFO - [2025-04-01T17:20:31.574-0500] {dag.py:4180} INFO - Setting next_dagrun for example_trigger_target_dag to None, run_after=None
[2025-04-01T17:20:31.677-0500] {processor.py:208} INFO - Processing /mnt/d/Universidad/ETL/Proyecto_airflow/venv/lib/python3.12/site-packages/airflow/example_dags/example_trigger_target_dag.py took 0.197 seconds
[2025-04-01T17:21:25.223-0500] {processor.py:186} INFO - Started process (PID=7004) to work on /mnt/d/Universidad/ETL/Proyecto_airflow/venv/lib/python3.12/site-packages/airflow/example_dags/example_trigger_target_dag.py
[2025-04-01T17:21:25.224-0500] {processor.py:914} INFO - Processing file /mnt/d/Universidad/ETL/Proyecto_airflow/venv/lib/python3.12/site-packages/airflow/example_dags/example_trigger_target_dag.py for tasks to queue
[2025-04-01T17:21:25.226-0500] {logging_mixin.py:190} INFO - [2025-04-01T17:21:25.225-0500] {dagbag.py:588} INFO - Filling up the DagBag from /mnt/d/Universidad/ETL/Proyecto_airflow/venv/lib/python3.12/site-packages/airflow/example_dags/example_trigger_target_dag.py
[2025-04-01T17:21:25.279-0500] {processor.py:925} INFO - DAG(s) 'example_trigger_target_dag' retrieved from /mnt/d/Universidad/ETL/Proyecto_airflow/venv/lib/python3.12/site-packages/airflow/example_dags/example_trigger_target_dag.py
[2025-04-01T17:21:25.297-0500] {logging_mixin.py:190} INFO - [2025-04-01T17:21:25.296-0500] {dag.py:3239} INFO - Sync 1 DAGs
[2025-04-01T17:21:25.305-0500] {logging_mixin.py:190} INFO - [2025-04-01T17:21:25.305-0500] {dag.py:4180} INFO - Setting next_dagrun for example_trigger_target_dag to None, run_after=None
[2025-04-01T17:21:25.406-0500] {processor.py:208} INFO - Processing /mnt/d/Universidad/ETL/Proyecto_airflow/venv/lib/python3.12/site-packages/airflow/example_dags/example_trigger_target_dag.py took 0.191 seconds
[2025-04-01T17:22:16.126-0500] {processor.py:186} INFO - Started process (PID=7042) to work on /mnt/d/Universidad/ETL/Proyecto_airflow/venv/lib/python3.12/site-packages/airflow/example_dags/example_trigger_target_dag.py
[2025-04-01T17:22:16.127-0500] {processor.py:914} INFO - Processing file /mnt/d/Universidad/ETL/Proyecto_airflow/venv/lib/python3.12/site-packages/airflow/example_dags/example_trigger_target_dag.py for tasks to queue
[2025-04-01T17:22:16.129-0500] {logging_mixin.py:190} INFO - [2025-04-01T17:22:16.129-0500] {dagbag.py:588} INFO - Filling up the DagBag from /mnt/d/Universidad/ETL/Proyecto_airflow/venv/lib/python3.12/site-packages/airflow/example_dags/example_trigger_target_dag.py
[2025-04-01T17:22:16.183-0500] {processor.py:925} INFO - DAG(s) 'example_trigger_target_dag' retrieved from /mnt/d/Universidad/ETL/Proyecto_airflow/venv/lib/python3.12/site-packages/airflow/example_dags/example_trigger_target_dag.py
[2025-04-01T17:22:16.200-0500] {logging_mixin.py:190} INFO - [2025-04-01T17:22:16.199-0500] {dag.py:3239} INFO - Sync 1 DAGs
[2025-04-01T17:22:16.210-0500] {logging_mixin.py:190} INFO - [2025-04-01T17:22:16.209-0500] {dag.py:4180} INFO - Setting next_dagrun for example_trigger_target_dag to None, run_after=None
[2025-04-01T17:22:16.316-0500] {processor.py:208} INFO - Processing /mnt/d/Universidad/ETL/Proyecto_airflow/venv/lib/python3.12/site-packages/airflow/example_dags/example_trigger_target_dag.py took 0.198 seconds
[2025-04-01T17:23:50.546-0500] {processor.py:186} INFO - Started process (PID=7112) to work on /mnt/d/Universidad/ETL/Proyecto_airflow/venv/lib/python3.12/site-packages/airflow/example_dags/example_trigger_target_dag.py
[2025-04-01T17:23:50.547-0500] {processor.py:914} INFO - Processing file /mnt/d/Universidad/ETL/Proyecto_airflow/venv/lib/python3.12/site-packages/airflow/example_dags/example_trigger_target_dag.py for tasks to queue
[2025-04-01T17:23:50.549-0500] {logging_mixin.py:190} INFO - [2025-04-01T17:23:50.549-0500] {dagbag.py:588} INFO - Filling up the DagBag from /mnt/d/Universidad/ETL/Proyecto_airflow/venv/lib/python3.12/site-packages/airflow/example_dags/example_trigger_target_dag.py
[2025-04-01T17:23:50.602-0500] {processor.py:925} INFO - DAG(s) 'example_trigger_target_dag' retrieved from /mnt/d/Universidad/ETL/Proyecto_airflow/venv/lib/python3.12/site-packages/airflow/example_dags/example_trigger_target_dag.py
[2025-04-01T17:23:50.619-0500] {logging_mixin.py:190} INFO - [2025-04-01T17:23:50.618-0500] {dag.py:3239} INFO - Sync 1 DAGs
[2025-04-01T17:23:50.628-0500] {logging_mixin.py:190} INFO - [2025-04-01T17:23:50.627-0500] {dag.py:4180} INFO - Setting next_dagrun for example_trigger_target_dag to None, run_after=None
[2025-04-01T17:23:50.727-0500] {processor.py:208} INFO - Processing /mnt/d/Universidad/ETL/Proyecto_airflow/venv/lib/python3.12/site-packages/airflow/example_dags/example_trigger_target_dag.py took 0.188 seconds
[2025-04-01T17:24:39.283-0500] {processor.py:186} INFO - Started process (PID=7149) to work on /mnt/d/Universidad/ETL/Proyecto_airflow/venv/lib/python3.12/site-packages/airflow/example_dags/example_trigger_target_dag.py
[2025-04-01T17:24:39.284-0500] {processor.py:914} INFO - Processing file /mnt/d/Universidad/ETL/Proyecto_airflow/venv/lib/python3.12/site-packages/airflow/example_dags/example_trigger_target_dag.py for tasks to queue
[2025-04-01T17:24:39.287-0500] {logging_mixin.py:190} INFO - [2025-04-01T17:24:39.286-0500] {dagbag.py:588} INFO - Filling up the DagBag from /mnt/d/Universidad/ETL/Proyecto_airflow/venv/lib/python3.12/site-packages/airflow/example_dags/example_trigger_target_dag.py
[2025-04-01T17:24:39.340-0500] {processor.py:925} INFO - DAG(s) 'example_trigger_target_dag' retrieved from /mnt/d/Universidad/ETL/Proyecto_airflow/venv/lib/python3.12/site-packages/airflow/example_dags/example_trigger_target_dag.py
[2025-04-01T17:24:39.357-0500] {logging_mixin.py:190} INFO - [2025-04-01T17:24:39.356-0500] {dag.py:3239} INFO - Sync 1 DAGs
[2025-04-01T17:24:39.366-0500] {logging_mixin.py:190} INFO - [2025-04-01T17:24:39.365-0500] {dag.py:4180} INFO - Setting next_dagrun for example_trigger_target_dag to None, run_after=None
[2025-04-01T17:24:39.477-0500] {processor.py:208} INFO - Processing /mnt/d/Universidad/ETL/Proyecto_airflow/venv/lib/python3.12/site-packages/airflow/example_dags/example_trigger_target_dag.py took 0.202 seconds
[2025-04-01T17:26:14.794-0500] {processor.py:186} INFO - Started process (PID=7219) to work on /mnt/d/Universidad/ETL/Proyecto_airflow/venv/lib/python3.12/site-packages/airflow/example_dags/example_trigger_target_dag.py
[2025-04-01T17:26:14.795-0500] {processor.py:914} INFO - Processing file /mnt/d/Universidad/ETL/Proyecto_airflow/venv/lib/python3.12/site-packages/airflow/example_dags/example_trigger_target_dag.py for tasks to queue
[2025-04-01T17:26:14.797-0500] {logging_mixin.py:190} INFO - [2025-04-01T17:26:14.796-0500] {dagbag.py:588} INFO - Filling up the DagBag from /mnt/d/Universidad/ETL/Proyecto_airflow/venv/lib/python3.12/site-packages/airflow/example_dags/example_trigger_target_dag.py
[2025-04-01T17:26:14.851-0500] {processor.py:925} INFO - DAG(s) 'example_trigger_target_dag' retrieved from /mnt/d/Universidad/ETL/Proyecto_airflow/venv/lib/python3.12/site-packages/airflow/example_dags/example_trigger_target_dag.py
[2025-04-01T17:26:14.870-0500] {logging_mixin.py:190} INFO - [2025-04-01T17:26:14.869-0500] {dag.py:3239} INFO - Sync 1 DAGs
[2025-04-01T17:26:14.880-0500] {logging_mixin.py:190} INFO - [2025-04-01T17:26:14.879-0500] {dag.py:4180} INFO - Setting next_dagrun for example_trigger_target_dag to None, run_after=None
[2025-04-01T17:26:14.979-0500] {processor.py:208} INFO - Processing /mnt/d/Universidad/ETL/Proyecto_airflow/venv/lib/python3.12/site-packages/airflow/example_dags/example_trigger_target_dag.py took 0.193 seconds
[2025-04-01T17:27:02.738-0500] {processor.py:186} INFO - Started process (PID=7255) to work on /mnt/d/Universidad/ETL/Proyecto_airflow/venv/lib/python3.12/site-packages/airflow/example_dags/example_trigger_target_dag.py
[2025-04-01T17:27:02.739-0500] {processor.py:914} INFO - Processing file /mnt/d/Universidad/ETL/Proyecto_airflow/venv/lib/python3.12/site-packages/airflow/example_dags/example_trigger_target_dag.py for tasks to queue
[2025-04-01T17:27:02.741-0500] {logging_mixin.py:190} INFO - [2025-04-01T17:27:02.740-0500] {dagbag.py:588} INFO - Filling up the DagBag from /mnt/d/Universidad/ETL/Proyecto_airflow/venv/lib/python3.12/site-packages/airflow/example_dags/example_trigger_target_dag.py
[2025-04-01T17:27:02.795-0500] {processor.py:925} INFO - DAG(s) 'example_trigger_target_dag' retrieved from /mnt/d/Universidad/ETL/Proyecto_airflow/venv/lib/python3.12/site-packages/airflow/example_dags/example_trigger_target_dag.py
[2025-04-01T17:27:02.812-0500] {logging_mixin.py:190} INFO - [2025-04-01T17:27:02.812-0500] {dag.py:3239} INFO - Sync 1 DAGs
[2025-04-01T17:27:02.821-0500] {logging_mixin.py:190} INFO - [2025-04-01T17:27:02.821-0500] {dag.py:4180} INFO - Setting next_dagrun for example_trigger_target_dag to None, run_after=None
[2025-04-01T17:27:02.924-0500] {processor.py:208} INFO - Processing /mnt/d/Universidad/ETL/Proyecto_airflow/venv/lib/python3.12/site-packages/airflow/example_dags/example_trigger_target_dag.py took 0.194 seconds
[2025-04-01T17:27:52.668-0500] {processor.py:186} INFO - Started process (PID=7291) to work on /mnt/d/Universidad/ETL/Proyecto_airflow/venv/lib/python3.12/site-packages/airflow/example_dags/example_trigger_target_dag.py
[2025-04-01T17:27:52.669-0500] {processor.py:914} INFO - Processing file /mnt/d/Universidad/ETL/Proyecto_airflow/venv/lib/python3.12/site-packages/airflow/example_dags/example_trigger_target_dag.py for tasks to queue
[2025-04-01T17:27:52.671-0500] {logging_mixin.py:190} INFO - [2025-04-01T17:27:52.670-0500] {dagbag.py:588} INFO - Filling up the DagBag from /mnt/d/Universidad/ETL/Proyecto_airflow/venv/lib/python3.12/site-packages/airflow/example_dags/example_trigger_target_dag.py
[2025-04-01T17:27:52.727-0500] {processor.py:925} INFO - DAG(s) 'example_trigger_target_dag' retrieved from /mnt/d/Universidad/ETL/Proyecto_airflow/venv/lib/python3.12/site-packages/airflow/example_dags/example_trigger_target_dag.py
[2025-04-01T17:27:52.744-0500] {logging_mixin.py:190} INFO - [2025-04-01T17:27:52.743-0500] {dag.py:3239} INFO - Sync 1 DAGs
[2025-04-01T17:27:52.753-0500] {logging_mixin.py:190} INFO - [2025-04-01T17:27:52.753-0500] {dag.py:4180} INFO - Setting next_dagrun for example_trigger_target_dag to None, run_after=None
[2025-04-01T17:27:52.852-0500] {processor.py:208} INFO - Processing /mnt/d/Universidad/ETL/Proyecto_airflow/venv/lib/python3.12/site-packages/airflow/example_dags/example_trigger_target_dag.py took 0.192 seconds
[2025-04-01T17:29:17.907-0500] {processor.py:186} INFO - Started process (PID=7358) to work on /mnt/d/Universidad/ETL/Proyecto_airflow/venv/lib/python3.12/site-packages/airflow/example_dags/example_trigger_target_dag.py
[2025-04-01T17:29:17.908-0500] {processor.py:914} INFO - Processing file /mnt/d/Universidad/ETL/Proyecto_airflow/venv/lib/python3.12/site-packages/airflow/example_dags/example_trigger_target_dag.py for tasks to queue
[2025-04-01T17:29:17.911-0500] {logging_mixin.py:190} INFO - [2025-04-01T17:29:17.910-0500] {dagbag.py:588} INFO - Filling up the DagBag from /mnt/d/Universidad/ETL/Proyecto_airflow/venv/lib/python3.12/site-packages/airflow/example_dags/example_trigger_target_dag.py
[2025-04-01T17:29:17.964-0500] {processor.py:925} INFO - DAG(s) 'example_trigger_target_dag' retrieved from /mnt/d/Universidad/ETL/Proyecto_airflow/venv/lib/python3.12/site-packages/airflow/example_dags/example_trigger_target_dag.py
[2025-04-01T17:29:17.982-0500] {logging_mixin.py:190} INFO - [2025-04-01T17:29:17.981-0500] {dag.py:3239} INFO - Sync 1 DAGs
[2025-04-01T17:29:17.992-0500] {logging_mixin.py:190} INFO - [2025-04-01T17:29:17.991-0500] {dag.py:4180} INFO - Setting next_dagrun for example_trigger_target_dag to None, run_after=None
[2025-04-01T17:29:18.072-0500] {processor.py:208} INFO - Processing /mnt/d/Universidad/ETL/Proyecto_airflow/venv/lib/python3.12/site-packages/airflow/example_dags/example_trigger_target_dag.py took 0.173 seconds
