[2025-04-01T16:14:11.027-0500] {processor.py:186} INFO - Started process (PID=4004) to work on /mnt/d/Universidad/ETL/Proyecto_airflow/venv/lib/python3.12/site-packages/airflow/example_dags/example_task_group_decorator.py
[2025-04-01T16:14:11.028-0500] {processor.py:914} INFO - Processing file /mnt/d/Universidad/ETL/Proyecto_airflow/venv/lib/python3.12/site-packages/airflow/example_dags/example_task_group_decorator.py for tasks to queue
[2025-04-01T16:14:11.031-0500] {logging_mixin.py:190} INFO - [2025-04-01T16:14:11.030-0500] {dagbag.py:588} INFO - Filling up the DagBag from /mnt/d/Universidad/ETL/Proyecto_airflow/venv/lib/python3.12/site-packages/airflow/example_dags/example_task_group_decorator.py
[2025-04-01T16:14:11.091-0500] {processor.py:925} INFO - DAG(s) 'example_task_group_decorator' retrieved from /mnt/d/Universidad/ETL/Proyecto_airflow/venv/lib/python3.12/site-packages/airflow/example_dags/example_task_group_decorator.py
[2025-04-01T16:14:12.148-0500] {logging_mixin.py:190} INFO - [2025-04-01T16:14:12.146-0500] {override.py:1930} INFO - Created Permission View: can delete on DAG:example_task_group_decorator
[2025-04-01T16:14:12.238-0500] {logging_mixin.py:190} INFO - [2025-04-01T16:14:12.237-0500] {override.py:1930} INFO - Created Permission View: can edit on DAG:example_task_group_decorator
[2025-04-01T16:14:12.292-0500] {logging_mixin.py:190} INFO - [2025-04-01T16:14:12.291-0500] {override.py:1930} INFO - Created Permission View: can read on DAG:example_task_group_decorator
[2025-04-01T16:14:12.422-0500] {logging_mixin.py:190} INFO - [2025-04-01T16:14:12.421-0500] {override.py:1930} INFO - Created Permission View: can create on DAG Run:example_task_group_decorator
[2025-04-01T16:14:12.491-0500] {logging_mixin.py:190} INFO - [2025-04-01T16:14:12.490-0500] {override.py:1930} INFO - Created Permission View: can delete on DAG Run:example_task_group_decorator
[2025-04-01T16:14:12.560-0500] {logging_mixin.py:190} INFO - [2025-04-01T16:14:12.559-0500] {override.py:1930} INFO - Created Permission View: menu access on DAG Run:example_task_group_decorator
[2025-04-01T16:14:12.629-0500] {logging_mixin.py:190} INFO - [2025-04-01T16:14:12.628-0500] {override.py:1930} INFO - Created Permission View: can read on DAG Run:example_task_group_decorator
[2025-04-01T16:14:12.630-0500] {logging_mixin.py:190} INFO - [2025-04-01T16:14:12.630-0500] {dag.py:3239} INFO - Sync 1 DAGs
[2025-04-01T16:14:12.645-0500] {logging_mixin.py:190} INFO - [2025-04-01T16:14:12.644-0500] {dag.py:3262} INFO - Creating ORM DAG for example_task_group_decorator
[2025-04-01T16:14:12.647-0500] {logging_mixin.py:190} INFO - [2025-04-01T16:14:12.646-0500] {dag.py:4180} INFO - Setting next_dagrun for example_task_group_decorator to None, run_after=None
[2025-04-01T16:14:12.740-0500] {processor.py:208} INFO - Processing /mnt/d/Universidad/ETL/Proyecto_airflow/venv/lib/python3.12/site-packages/airflow/example_dags/example_task_group_decorator.py took 1.722 seconds
[2025-04-01T16:16:17.002-0500] {processor.py:186} INFO - Started process (PID=4066) to work on /mnt/d/Universidad/ETL/Proyecto_airflow/venv/lib/python3.12/site-packages/airflow/example_dags/example_task_group_decorator.py
[2025-04-01T16:16:17.003-0500] {processor.py:914} INFO - Processing file /mnt/d/Universidad/ETL/Proyecto_airflow/venv/lib/python3.12/site-packages/airflow/example_dags/example_task_group_decorator.py for tasks to queue
[2025-04-01T16:16:17.005-0500] {logging_mixin.py:190} INFO - [2025-04-01T16:16:17.005-0500] {dagbag.py:588} INFO - Filling up the DagBag from /mnt/d/Universidad/ETL/Proyecto_airflow/venv/lib/python3.12/site-packages/airflow/example_dags/example_task_group_decorator.py
[2025-04-01T16:16:17.064-0500] {processor.py:925} INFO - DAG(s) 'example_task_group_decorator' retrieved from /mnt/d/Universidad/ETL/Proyecto_airflow/venv/lib/python3.12/site-packages/airflow/example_dags/example_task_group_decorator.py
[2025-04-01T16:16:17.091-0500] {logging_mixin.py:190} INFO - [2025-04-01T16:16:17.091-0500] {dag.py:3239} INFO - Sync 1 DAGs
[2025-04-01T16:16:17.101-0500] {logging_mixin.py:190} INFO - [2025-04-01T16:16:17.100-0500] {dag.py:4180} INFO - Setting next_dagrun for example_task_group_decorator to None, run_after=None
[2025-04-01T16:16:17.212-0500] {processor.py:208} INFO - Processing /mnt/d/Universidad/ETL/Proyecto_airflow/venv/lib/python3.12/site-packages/airflow/example_dags/example_task_group_decorator.py took 0.217 seconds
[2025-04-01T16:18:18.678-0500] {processor.py:186} INFO - Started process (PID=4136) to work on /mnt/d/Universidad/ETL/Proyecto_airflow/venv/lib/python3.12/site-packages/airflow/example_dags/example_task_group_decorator.py
[2025-04-01T16:18:18.679-0500] {processor.py:914} INFO - Processing file /mnt/d/Universidad/ETL/Proyecto_airflow/venv/lib/python3.12/site-packages/airflow/example_dags/example_task_group_decorator.py for tasks to queue
[2025-04-01T16:18:18.681-0500] {logging_mixin.py:190} INFO - [2025-04-01T16:18:18.680-0500] {dagbag.py:588} INFO - Filling up the DagBag from /mnt/d/Universidad/ETL/Proyecto_airflow/venv/lib/python3.12/site-packages/airflow/example_dags/example_task_group_decorator.py
[2025-04-01T16:18:18.738-0500] {processor.py:925} INFO - DAG(s) 'example_task_group_decorator' retrieved from /mnt/d/Universidad/ETL/Proyecto_airflow/venv/lib/python3.12/site-packages/airflow/example_dags/example_task_group_decorator.py
[2025-04-01T16:18:18.759-0500] {logging_mixin.py:190} INFO - [2025-04-01T16:18:18.758-0500] {dag.py:3239} INFO - Sync 1 DAGs
[2025-04-01T16:18:18.768-0500] {logging_mixin.py:190} INFO - [2025-04-01T16:18:18.768-0500] {dag.py:4180} INFO - Setting next_dagrun for example_task_group_decorator to None, run_after=None
[2025-04-01T16:18:18.869-0500] {processor.py:208} INFO - Processing /mnt/d/Universidad/ETL/Proyecto_airflow/venv/lib/python3.12/site-packages/airflow/example_dags/example_task_group_decorator.py took 0.199 seconds
[2025-04-01T16:19:19.888-0500] {processor.py:186} INFO - Started process (PID=4184) to work on /mnt/d/Universidad/ETL/Proyecto_airflow/venv/lib/python3.12/site-packages/airflow/example_dags/example_task_group_decorator.py
[2025-04-01T16:19:19.889-0500] {processor.py:914} INFO - Processing file /mnt/d/Universidad/ETL/Proyecto_airflow/venv/lib/python3.12/site-packages/airflow/example_dags/example_task_group_decorator.py for tasks to queue
[2025-04-01T16:19:19.892-0500] {logging_mixin.py:190} INFO - [2025-04-01T16:19:19.891-0500] {dagbag.py:588} INFO - Filling up the DagBag from /mnt/d/Universidad/ETL/Proyecto_airflow/venv/lib/python3.12/site-packages/airflow/example_dags/example_task_group_decorator.py
[2025-04-01T16:19:19.954-0500] {processor.py:925} INFO - DAG(s) 'example_task_group_decorator' retrieved from /mnt/d/Universidad/ETL/Proyecto_airflow/venv/lib/python3.12/site-packages/airflow/example_dags/example_task_group_decorator.py
[2025-04-01T16:19:19.976-0500] {logging_mixin.py:190} INFO - [2025-04-01T16:19:19.975-0500] {dag.py:3239} INFO - Sync 1 DAGs
[2025-04-01T16:19:19.985-0500] {logging_mixin.py:190} INFO - [2025-04-01T16:19:19.985-0500] {dag.py:4180} INFO - Setting next_dagrun for example_task_group_decorator to None, run_after=None
[2025-04-01T16:19:20.071-0500] {processor.py:208} INFO - Processing /mnt/d/Universidad/ETL/Proyecto_airflow/venv/lib/python3.12/site-packages/airflow/example_dags/example_task_group_decorator.py took 0.192 seconds
[2025-04-01T16:20:45.256-0500] {processor.py:186} INFO - Started process (PID=4256) to work on /mnt/d/Universidad/ETL/Proyecto_airflow/venv/lib/python3.12/site-packages/airflow/example_dags/example_task_group_decorator.py
[2025-04-01T16:20:45.257-0500] {processor.py:914} INFO - Processing file /mnt/d/Universidad/ETL/Proyecto_airflow/venv/lib/python3.12/site-packages/airflow/example_dags/example_task_group_decorator.py for tasks to queue
[2025-04-01T16:20:45.260-0500] {logging_mixin.py:190} INFO - [2025-04-01T16:20:45.259-0500] {dagbag.py:588} INFO - Filling up the DagBag from /mnt/d/Universidad/ETL/Proyecto_airflow/venv/lib/python3.12/site-packages/airflow/example_dags/example_task_group_decorator.py
[2025-04-01T16:20:45.322-0500] {processor.py:925} INFO - DAG(s) 'example_task_group_decorator' retrieved from /mnt/d/Universidad/ETL/Proyecto_airflow/venv/lib/python3.12/site-packages/airflow/example_dags/example_task_group_decorator.py
[2025-04-01T16:20:45.346-0500] {logging_mixin.py:190} INFO - [2025-04-01T16:20:45.345-0500] {dag.py:3239} INFO - Sync 1 DAGs
[2025-04-01T16:20:45.358-0500] {logging_mixin.py:190} INFO - [2025-04-01T16:20:45.357-0500] {dag.py:4180} INFO - Setting next_dagrun for example_task_group_decorator to None, run_after=None
[2025-04-01T16:20:45.452-0500] {processor.py:208} INFO - Processing /mnt/d/Universidad/ETL/Proyecto_airflow/venv/lib/python3.12/site-packages/airflow/example_dags/example_task_group_decorator.py took 0.204 seconds
[2025-04-01T16:22:13.070-0500] {processor.py:186} INFO - Started process (PID=4325) to work on /mnt/d/Universidad/ETL/Proyecto_airflow/venv/lib/python3.12/site-packages/airflow/example_dags/example_task_group_decorator.py
[2025-04-01T16:22:13.072-0500] {processor.py:914} INFO - Processing file /mnt/d/Universidad/ETL/Proyecto_airflow/venv/lib/python3.12/site-packages/airflow/example_dags/example_task_group_decorator.py for tasks to queue
[2025-04-01T16:22:13.074-0500] {logging_mixin.py:190} INFO - [2025-04-01T16:22:13.073-0500] {dagbag.py:588} INFO - Filling up the DagBag from /mnt/d/Universidad/ETL/Proyecto_airflow/venv/lib/python3.12/site-packages/airflow/example_dags/example_task_group_decorator.py
[2025-04-01T16:22:13.131-0500] {processor.py:925} INFO - DAG(s) 'example_task_group_decorator' retrieved from /mnt/d/Universidad/ETL/Proyecto_airflow/venv/lib/python3.12/site-packages/airflow/example_dags/example_task_group_decorator.py
[2025-04-01T16:22:13.151-0500] {logging_mixin.py:190} INFO - [2025-04-01T16:22:13.150-0500] {dag.py:3239} INFO - Sync 1 DAGs
[2025-04-01T16:22:13.160-0500] {logging_mixin.py:190} INFO - [2025-04-01T16:22:13.159-0500] {dag.py:4180} INFO - Setting next_dagrun for example_task_group_decorator to None, run_after=None
[2025-04-01T16:22:13.238-0500] {processor.py:208} INFO - Processing /mnt/d/Universidad/ETL/Proyecto_airflow/venv/lib/python3.12/site-packages/airflow/example_dags/example_task_group_decorator.py took 0.175 seconds
[2025-04-01T16:23:38.316-0500] {processor.py:186} INFO - Started process (PID=4394) to work on /mnt/d/Universidad/ETL/Proyecto_airflow/venv/lib/python3.12/site-packages/airflow/example_dags/example_task_group_decorator.py
[2025-04-01T16:23:38.317-0500] {processor.py:914} INFO - Processing file /mnt/d/Universidad/ETL/Proyecto_airflow/venv/lib/python3.12/site-packages/airflow/example_dags/example_task_group_decorator.py for tasks to queue
[2025-04-01T16:23:38.320-0500] {logging_mixin.py:190} INFO - [2025-04-01T16:23:38.319-0500] {dagbag.py:588} INFO - Filling up the DagBag from /mnt/d/Universidad/ETL/Proyecto_airflow/venv/lib/python3.12/site-packages/airflow/example_dags/example_task_group_decorator.py
[2025-04-01T16:23:38.377-0500] {processor.py:925} INFO - DAG(s) 'example_task_group_decorator' retrieved from /mnt/d/Universidad/ETL/Proyecto_airflow/venv/lib/python3.12/site-packages/airflow/example_dags/example_task_group_decorator.py
[2025-04-01T16:23:38.397-0500] {logging_mixin.py:190} INFO - [2025-04-01T16:23:38.396-0500] {dag.py:3239} INFO - Sync 1 DAGs
[2025-04-01T16:23:38.406-0500] {logging_mixin.py:190} INFO - [2025-04-01T16:23:38.405-0500] {dag.py:4180} INFO - Setting next_dagrun for example_task_group_decorator to None, run_after=None
[2025-04-01T16:23:38.494-0500] {processor.py:208} INFO - Processing /mnt/d/Universidad/ETL/Proyecto_airflow/venv/lib/python3.12/site-packages/airflow/example_dags/example_task_group_decorator.py took 0.186 seconds
[2025-04-01T16:25:12.922-0500] {processor.py:186} INFO - Started process (PID=4465) to work on /mnt/d/Universidad/ETL/Proyecto_airflow/venv/lib/python3.12/site-packages/airflow/example_dags/example_task_group_decorator.py
[2025-04-01T16:25:12.923-0500] {processor.py:914} INFO - Processing file /mnt/d/Universidad/ETL/Proyecto_airflow/venv/lib/python3.12/site-packages/airflow/example_dags/example_task_group_decorator.py for tasks to queue
[2025-04-01T16:25:12.926-0500] {logging_mixin.py:190} INFO - [2025-04-01T16:25:12.925-0500] {dagbag.py:588} INFO - Filling up the DagBag from /mnt/d/Universidad/ETL/Proyecto_airflow/venv/lib/python3.12/site-packages/airflow/example_dags/example_task_group_decorator.py
[2025-04-01T16:25:12.983-0500] {processor.py:925} INFO - DAG(s) 'example_task_group_decorator' retrieved from /mnt/d/Universidad/ETL/Proyecto_airflow/venv/lib/python3.12/site-packages/airflow/example_dags/example_task_group_decorator.py
[2025-04-01T16:25:13.006-0500] {logging_mixin.py:190} INFO - [2025-04-01T16:25:13.005-0500] {dag.py:3239} INFO - Sync 1 DAGs
[2025-04-01T16:25:13.015-0500] {logging_mixin.py:190} INFO - [2025-04-01T16:25:13.015-0500] {dag.py:4180} INFO - Setting next_dagrun for example_task_group_decorator to None, run_after=None
[2025-04-01T16:25:13.122-0500] {processor.py:208} INFO - Processing /mnt/d/Universidad/ETL/Proyecto_airflow/venv/lib/python3.12/site-packages/airflow/example_dags/example_task_group_decorator.py took 0.207 seconds
[2025-04-01T16:26:47.660-0500] {processor.py:186} INFO - Started process (PID=4537) to work on /mnt/d/Universidad/ETL/Proyecto_airflow/venv/lib/python3.12/site-packages/airflow/example_dags/example_task_group_decorator.py
[2025-04-01T16:26:47.661-0500] {processor.py:914} INFO - Processing file /mnt/d/Universidad/ETL/Proyecto_airflow/venv/lib/python3.12/site-packages/airflow/example_dags/example_task_group_decorator.py for tasks to queue
[2025-04-01T16:26:47.663-0500] {logging_mixin.py:190} INFO - [2025-04-01T16:26:47.662-0500] {dagbag.py:588} INFO - Filling up the DagBag from /mnt/d/Universidad/ETL/Proyecto_airflow/venv/lib/python3.12/site-packages/airflow/example_dags/example_task_group_decorator.py
[2025-04-01T16:26:47.721-0500] {processor.py:925} INFO - DAG(s) 'example_task_group_decorator' retrieved from /mnt/d/Universidad/ETL/Proyecto_airflow/venv/lib/python3.12/site-packages/airflow/example_dags/example_task_group_decorator.py
[2025-04-01T16:26:47.743-0500] {logging_mixin.py:190} INFO - [2025-04-01T16:26:47.742-0500] {dag.py:3239} INFO - Sync 1 DAGs
[2025-04-01T16:26:47.753-0500] {logging_mixin.py:190} INFO - [2025-04-01T16:26:47.752-0500] {dag.py:4180} INFO - Setting next_dagrun for example_task_group_decorator to None, run_after=None
[2025-04-01T16:26:47.836-0500] {processor.py:208} INFO - Processing /mnt/d/Universidad/ETL/Proyecto_airflow/venv/lib/python3.12/site-packages/airflow/example_dags/example_task_group_decorator.py took 0.184 seconds
[2025-04-01T16:28:19.844-0500] {processor.py:186} INFO - Started process (PID=4608) to work on /mnt/d/Universidad/ETL/Proyecto_airflow/venv/lib/python3.12/site-packages/airflow/example_dags/example_task_group_decorator.py
[2025-04-01T16:28:19.845-0500] {processor.py:914} INFO - Processing file /mnt/d/Universidad/ETL/Proyecto_airflow/venv/lib/python3.12/site-packages/airflow/example_dags/example_task_group_decorator.py for tasks to queue
[2025-04-01T16:28:19.847-0500] {logging_mixin.py:190} INFO - [2025-04-01T16:28:19.847-0500] {dagbag.py:588} INFO - Filling up the DagBag from /mnt/d/Universidad/ETL/Proyecto_airflow/venv/lib/python3.12/site-packages/airflow/example_dags/example_task_group_decorator.py
[2025-04-01T16:28:19.904-0500] {processor.py:925} INFO - DAG(s) 'example_task_group_decorator' retrieved from /mnt/d/Universidad/ETL/Proyecto_airflow/venv/lib/python3.12/site-packages/airflow/example_dags/example_task_group_decorator.py
[2025-04-01T16:28:19.924-0500] {logging_mixin.py:190} INFO - [2025-04-01T16:28:19.924-0500] {dag.py:3239} INFO - Sync 1 DAGs
[2025-04-01T16:28:19.934-0500] {logging_mixin.py:190} INFO - [2025-04-01T16:28:19.933-0500] {dag.py:4180} INFO - Setting next_dagrun for example_task_group_decorator to None, run_after=None
[2025-04-01T16:28:20.000-0500] {processor.py:208} INFO - Processing /mnt/d/Universidad/ETL/Proyecto_airflow/venv/lib/python3.12/site-packages/airflow/example_dags/example_task_group_decorator.py took 0.164 seconds
[2025-04-01T16:29:52.160-0500] {processor.py:186} INFO - Started process (PID=4679) to work on /mnt/d/Universidad/ETL/Proyecto_airflow/venv/lib/python3.12/site-packages/airflow/example_dags/example_task_group_decorator.py
[2025-04-01T16:29:52.161-0500] {processor.py:914} INFO - Processing file /mnt/d/Universidad/ETL/Proyecto_airflow/venv/lib/python3.12/site-packages/airflow/example_dags/example_task_group_decorator.py for tasks to queue
[2025-04-01T16:29:52.164-0500] {logging_mixin.py:190} INFO - [2025-04-01T16:29:52.163-0500] {dagbag.py:588} INFO - Filling up the DagBag from /mnt/d/Universidad/ETL/Proyecto_airflow/venv/lib/python3.12/site-packages/airflow/example_dags/example_task_group_decorator.py
[2025-04-01T16:29:52.221-0500] {processor.py:925} INFO - DAG(s) 'example_task_group_decorator' retrieved from /mnt/d/Universidad/ETL/Proyecto_airflow/venv/lib/python3.12/site-packages/airflow/example_dags/example_task_group_decorator.py
[2025-04-01T16:29:52.241-0500] {logging_mixin.py:190} INFO - [2025-04-01T16:29:52.240-0500] {dag.py:3239} INFO - Sync 1 DAGs
[2025-04-01T16:29:52.250-0500] {logging_mixin.py:190} INFO - [2025-04-01T16:29:52.250-0500] {dag.py:4180} INFO - Setting next_dagrun for example_task_group_decorator to None, run_after=None
[2025-04-01T16:29:52.355-0500] {processor.py:208} INFO - Processing /mnt/d/Universidad/ETL/Proyecto_airflow/venv/lib/python3.12/site-packages/airflow/example_dags/example_task_group_decorator.py took 0.203 seconds
[2025-04-01T16:31:20.039-0500] {processor.py:186} INFO - Started process (PID=4749) to work on /mnt/d/Universidad/ETL/Proyecto_airflow/venv/lib/python3.12/site-packages/airflow/example_dags/example_task_group_decorator.py
[2025-04-01T16:31:20.040-0500] {processor.py:914} INFO - Processing file /mnt/d/Universidad/ETL/Proyecto_airflow/venv/lib/python3.12/site-packages/airflow/example_dags/example_task_group_decorator.py for tasks to queue
[2025-04-01T16:31:20.043-0500] {logging_mixin.py:190} INFO - [2025-04-01T16:31:20.042-0500] {dagbag.py:588} INFO - Filling up the DagBag from /mnt/d/Universidad/ETL/Proyecto_airflow/venv/lib/python3.12/site-packages/airflow/example_dags/example_task_group_decorator.py
[2025-04-01T16:31:20.100-0500] {processor.py:925} INFO - DAG(s) 'example_task_group_decorator' retrieved from /mnt/d/Universidad/ETL/Proyecto_airflow/venv/lib/python3.12/site-packages/airflow/example_dags/example_task_group_decorator.py
[2025-04-01T16:31:20.120-0500] {logging_mixin.py:190} INFO - [2025-04-01T16:31:20.119-0500] {dag.py:3239} INFO - Sync 1 DAGs
[2025-04-01T16:31:20.129-0500] {logging_mixin.py:190} INFO - [2025-04-01T16:31:20.129-0500] {dag.py:4180} INFO - Setting next_dagrun for example_task_group_decorator to None, run_after=None
[2025-04-01T16:31:20.202-0500] {processor.py:208} INFO - Processing /mnt/d/Universidad/ETL/Proyecto_airflow/venv/lib/python3.12/site-packages/airflow/example_dags/example_task_group_decorator.py took 0.171 seconds
[2025-04-01T16:32:59.452-0500] {processor.py:186} INFO - Started process (PID=4823) to work on /mnt/d/Universidad/ETL/Proyecto_airflow/venv/lib/python3.12/site-packages/airflow/example_dags/example_task_group_decorator.py
[2025-04-01T16:32:59.453-0500] {processor.py:914} INFO - Processing file /mnt/d/Universidad/ETL/Proyecto_airflow/venv/lib/python3.12/site-packages/airflow/example_dags/example_task_group_decorator.py for tasks to queue
[2025-04-01T16:32:59.455-0500] {logging_mixin.py:190} INFO - [2025-04-01T16:32:59.455-0500] {dagbag.py:588} INFO - Filling up the DagBag from /mnt/d/Universidad/ETL/Proyecto_airflow/venv/lib/python3.12/site-packages/airflow/example_dags/example_task_group_decorator.py
[2025-04-01T16:32:59.513-0500] {processor.py:925} INFO - DAG(s) 'example_task_group_decorator' retrieved from /mnt/d/Universidad/ETL/Proyecto_airflow/venv/lib/python3.12/site-packages/airflow/example_dags/example_task_group_decorator.py
[2025-04-01T16:32:59.533-0500] {logging_mixin.py:190} INFO - [2025-04-01T16:32:59.532-0500] {dag.py:3239} INFO - Sync 1 DAGs
[2025-04-01T16:32:59.542-0500] {logging_mixin.py:190} INFO - [2025-04-01T16:32:59.542-0500] {dag.py:4180} INFO - Setting next_dagrun for example_task_group_decorator to None, run_after=None
[2025-04-01T16:32:59.617-0500] {processor.py:208} INFO - Processing /mnt/d/Universidad/ETL/Proyecto_airflow/venv/lib/python3.12/site-packages/airflow/example_dags/example_task_group_decorator.py took 0.173 seconds
[2025-04-01T16:34:26.818-0500] {processor.py:186} INFO - Started process (PID=4891) to work on /mnt/d/Universidad/ETL/Proyecto_airflow/venv/lib/python3.12/site-packages/airflow/example_dags/example_task_group_decorator.py
[2025-04-01T16:34:26.819-0500] {processor.py:914} INFO - Processing file /mnt/d/Universidad/ETL/Proyecto_airflow/venv/lib/python3.12/site-packages/airflow/example_dags/example_task_group_decorator.py for tasks to queue
[2025-04-01T16:34:26.822-0500] {logging_mixin.py:190} INFO - [2025-04-01T16:34:26.821-0500] {dagbag.py:588} INFO - Filling up the DagBag from /mnt/d/Universidad/ETL/Proyecto_airflow/venv/lib/python3.12/site-packages/airflow/example_dags/example_task_group_decorator.py
[2025-04-01T16:34:26.879-0500] {processor.py:925} INFO - DAG(s) 'example_task_group_decorator' retrieved from /mnt/d/Universidad/ETL/Proyecto_airflow/venv/lib/python3.12/site-packages/airflow/example_dags/example_task_group_decorator.py
[2025-04-01T16:34:26.900-0500] {logging_mixin.py:190} INFO - [2025-04-01T16:34:26.899-0500] {dag.py:3239} INFO - Sync 1 DAGs
[2025-04-01T16:34:26.909-0500] {logging_mixin.py:190} INFO - [2025-04-01T16:34:26.908-0500] {dag.py:4180} INFO - Setting next_dagrun for example_task_group_decorator to None, run_after=None
[2025-04-01T16:34:26.991-0500] {processor.py:208} INFO - Processing /mnt/d/Universidad/ETL/Proyecto_airflow/venv/lib/python3.12/site-packages/airflow/example_dags/example_task_group_decorator.py took 0.181 seconds
[2025-04-01T16:35:51.793-0500] {processor.py:186} INFO - Started process (PID=4960) to work on /mnt/d/Universidad/ETL/Proyecto_airflow/venv/lib/python3.12/site-packages/airflow/example_dags/example_task_group_decorator.py
[2025-04-01T16:35:51.794-0500] {processor.py:914} INFO - Processing file /mnt/d/Universidad/ETL/Proyecto_airflow/venv/lib/python3.12/site-packages/airflow/example_dags/example_task_group_decorator.py for tasks to queue
[2025-04-01T16:35:51.797-0500] {logging_mixin.py:190} INFO - [2025-04-01T16:35:51.796-0500] {dagbag.py:588} INFO - Filling up the DagBag from /mnt/d/Universidad/ETL/Proyecto_airflow/venv/lib/python3.12/site-packages/airflow/example_dags/example_task_group_decorator.py
[2025-04-01T16:35:51.856-0500] {processor.py:925} INFO - DAG(s) 'example_task_group_decorator' retrieved from /mnt/d/Universidad/ETL/Proyecto_airflow/venv/lib/python3.12/site-packages/airflow/example_dags/example_task_group_decorator.py
[2025-04-01T16:35:51.879-0500] {logging_mixin.py:190} INFO - [2025-04-01T16:35:51.879-0500] {dag.py:3239} INFO - Sync 1 DAGs
[2025-04-01T16:35:51.890-0500] {logging_mixin.py:190} INFO - [2025-04-01T16:35:51.889-0500] {dag.py:4180} INFO - Setting next_dagrun for example_task_group_decorator to None, run_after=None
[2025-04-01T16:35:51.968-0500] {processor.py:208} INFO - Processing /mnt/d/Universidad/ETL/Proyecto_airflow/venv/lib/python3.12/site-packages/airflow/example_dags/example_task_group_decorator.py took 0.184 seconds
[2025-04-01T16:37:27.670-0500] {processor.py:186} INFO - Started process (PID=5030) to work on /mnt/d/Universidad/ETL/Proyecto_airflow/venv/lib/python3.12/site-packages/airflow/example_dags/example_task_group_decorator.py
[2025-04-01T16:37:27.671-0500] {processor.py:914} INFO - Processing file /mnt/d/Universidad/ETL/Proyecto_airflow/venv/lib/python3.12/site-packages/airflow/example_dags/example_task_group_decorator.py for tasks to queue
[2025-04-01T16:37:27.673-0500] {logging_mixin.py:190} INFO - [2025-04-01T16:37:27.672-0500] {dagbag.py:588} INFO - Filling up the DagBag from /mnt/d/Universidad/ETL/Proyecto_airflow/venv/lib/python3.12/site-packages/airflow/example_dags/example_task_group_decorator.py
[2025-04-01T16:37:27.730-0500] {processor.py:925} INFO - DAG(s) 'example_task_group_decorator' retrieved from /mnt/d/Universidad/ETL/Proyecto_airflow/venv/lib/python3.12/site-packages/airflow/example_dags/example_task_group_decorator.py
[2025-04-01T16:37:27.751-0500] {logging_mixin.py:190} INFO - [2025-04-01T16:37:27.750-0500] {dag.py:3239} INFO - Sync 1 DAGs
[2025-04-01T16:37:27.759-0500] {logging_mixin.py:190} INFO - [2025-04-01T16:37:27.759-0500] {dag.py:4180} INFO - Setting next_dagrun for example_task_group_decorator to None, run_after=None
[2025-04-01T16:37:27.858-0500] {processor.py:208} INFO - Processing /mnt/d/Universidad/ETL/Proyecto_airflow/venv/lib/python3.12/site-packages/airflow/example_dags/example_task_group_decorator.py took 0.196 seconds
[2025-04-01T16:38:59.048-0500] {processor.py:186} INFO - Started process (PID=5100) to work on /mnt/d/Universidad/ETL/Proyecto_airflow/venv/lib/python3.12/site-packages/airflow/example_dags/example_task_group_decorator.py
[2025-04-01T16:38:59.049-0500] {processor.py:914} INFO - Processing file /mnt/d/Universidad/ETL/Proyecto_airflow/venv/lib/python3.12/site-packages/airflow/example_dags/example_task_group_decorator.py for tasks to queue
[2025-04-01T16:38:59.051-0500] {logging_mixin.py:190} INFO - [2025-04-01T16:38:59.050-0500] {dagbag.py:588} INFO - Filling up the DagBag from /mnt/d/Universidad/ETL/Proyecto_airflow/venv/lib/python3.12/site-packages/airflow/example_dags/example_task_group_decorator.py
[2025-04-01T16:38:59.110-0500] {processor.py:925} INFO - DAG(s) 'example_task_group_decorator' retrieved from /mnt/d/Universidad/ETL/Proyecto_airflow/venv/lib/python3.12/site-packages/airflow/example_dags/example_task_group_decorator.py
[2025-04-01T16:38:59.131-0500] {logging_mixin.py:190} INFO - [2025-04-01T16:38:59.130-0500] {dag.py:3239} INFO - Sync 1 DAGs
[2025-04-01T16:38:59.140-0500] {logging_mixin.py:190} INFO - [2025-04-01T16:38:59.139-0500] {dag.py:4180} INFO - Setting next_dagrun for example_task_group_decorator to None, run_after=None
[2025-04-01T16:38:59.241-0500] {processor.py:208} INFO - Processing /mnt/d/Universidad/ETL/Proyecto_airflow/venv/lib/python3.12/site-packages/airflow/example_dags/example_task_group_decorator.py took 0.201 seconds
[2025-04-01T16:40:33.302-0500] {processor.py:186} INFO - Started process (PID=5173) to work on /mnt/d/Universidad/ETL/Proyecto_airflow/venv/lib/python3.12/site-packages/airflow/example_dags/example_task_group_decorator.py
[2025-04-01T16:40:33.303-0500] {processor.py:914} INFO - Processing file /mnt/d/Universidad/ETL/Proyecto_airflow/venv/lib/python3.12/site-packages/airflow/example_dags/example_task_group_decorator.py for tasks to queue
[2025-04-01T16:40:33.306-0500] {logging_mixin.py:190} INFO - [2025-04-01T16:40:33.305-0500] {dagbag.py:588} INFO - Filling up the DagBag from /mnt/d/Universidad/ETL/Proyecto_airflow/venv/lib/python3.12/site-packages/airflow/example_dags/example_task_group_decorator.py
[2025-04-01T16:40:33.363-0500] {processor.py:925} INFO - DAG(s) 'example_task_group_decorator' retrieved from /mnt/d/Universidad/ETL/Proyecto_airflow/venv/lib/python3.12/site-packages/airflow/example_dags/example_task_group_decorator.py
[2025-04-01T16:40:33.385-0500] {logging_mixin.py:190} INFO - [2025-04-01T16:40:33.385-0500] {dag.py:3239} INFO - Sync 1 DAGs
[2025-04-01T16:40:33.396-0500] {logging_mixin.py:190} INFO - [2025-04-01T16:40:33.395-0500] {dag.py:4180} INFO - Setting next_dagrun for example_task_group_decorator to None, run_after=None
[2025-04-01T16:40:33.501-0500] {processor.py:208} INFO - Processing /mnt/d/Universidad/ETL/Proyecto_airflow/venv/lib/python3.12/site-packages/airflow/example_dags/example_task_group_decorator.py took 0.207 seconds
[2025-04-01T16:42:12.524-0500] {processor.py:186} INFO - Started process (PID=5246) to work on /mnt/d/Universidad/ETL/Proyecto_airflow/venv/lib/python3.12/site-packages/airflow/example_dags/example_task_group_decorator.py
[2025-04-01T16:42:12.525-0500] {processor.py:914} INFO - Processing file /mnt/d/Universidad/ETL/Proyecto_airflow/venv/lib/python3.12/site-packages/airflow/example_dags/example_task_group_decorator.py for tasks to queue
[2025-04-01T16:42:12.528-0500] {logging_mixin.py:190} INFO - [2025-04-01T16:42:12.527-0500] {dagbag.py:588} INFO - Filling up the DagBag from /mnt/d/Universidad/ETL/Proyecto_airflow/venv/lib/python3.12/site-packages/airflow/example_dags/example_task_group_decorator.py
[2025-04-01T16:42:12.585-0500] {processor.py:925} INFO - DAG(s) 'example_task_group_decorator' retrieved from /mnt/d/Universidad/ETL/Proyecto_airflow/venv/lib/python3.12/site-packages/airflow/example_dags/example_task_group_decorator.py
[2025-04-01T16:42:12.606-0500] {logging_mixin.py:190} INFO - [2025-04-01T16:42:12.605-0500] {dag.py:3239} INFO - Sync 1 DAGs
[2025-04-01T16:42:12.616-0500] {logging_mixin.py:190} INFO - [2025-04-01T16:42:12.615-0500] {dag.py:4180} INFO - Setting next_dagrun for example_task_group_decorator to None, run_after=None
[2025-04-01T16:42:12.712-0500] {processor.py:208} INFO - Processing /mnt/d/Universidad/ETL/Proyecto_airflow/venv/lib/python3.12/site-packages/airflow/example_dags/example_task_group_decorator.py took 0.196 seconds
[2025-04-01T16:43:46.575-0500] {processor.py:186} INFO - Started process (PID=5316) to work on /mnt/d/Universidad/ETL/Proyecto_airflow/venv/lib/python3.12/site-packages/airflow/example_dags/example_task_group_decorator.py
[2025-04-01T16:43:46.576-0500] {processor.py:914} INFO - Processing file /mnt/d/Universidad/ETL/Proyecto_airflow/venv/lib/python3.12/site-packages/airflow/example_dags/example_task_group_decorator.py for tasks to queue
[2025-04-01T16:43:46.578-0500] {logging_mixin.py:190} INFO - [2025-04-01T16:43:46.578-0500] {dagbag.py:588} INFO - Filling up the DagBag from /mnt/d/Universidad/ETL/Proyecto_airflow/venv/lib/python3.12/site-packages/airflow/example_dags/example_task_group_decorator.py
[2025-04-01T16:43:46.635-0500] {processor.py:925} INFO - DAG(s) 'example_task_group_decorator' retrieved from /mnt/d/Universidad/ETL/Proyecto_airflow/venv/lib/python3.12/site-packages/airflow/example_dags/example_task_group_decorator.py
[2025-04-01T16:43:46.655-0500] {logging_mixin.py:190} INFO - [2025-04-01T16:43:46.655-0500] {dag.py:3239} INFO - Sync 1 DAGs
[2025-04-01T16:43:46.664-0500] {logging_mixin.py:190} INFO - [2025-04-01T16:43:46.663-0500] {dag.py:4180} INFO - Setting next_dagrun for example_task_group_decorator to None, run_after=None
[2025-04-01T16:43:46.763-0500] {processor.py:208} INFO - Processing /mnt/d/Universidad/ETL/Proyecto_airflow/venv/lib/python3.12/site-packages/airflow/example_dags/example_task_group_decorator.py took 0.196 seconds
[2025-04-01T16:45:16.388-0500] {processor.py:186} INFO - Started process (PID=5387) to work on /mnt/d/Universidad/ETL/Proyecto_airflow/venv/lib/python3.12/site-packages/airflow/example_dags/example_task_group_decorator.py
[2025-04-01T16:45:16.389-0500] {processor.py:914} INFO - Processing file /mnt/d/Universidad/ETL/Proyecto_airflow/venv/lib/python3.12/site-packages/airflow/example_dags/example_task_group_decorator.py for tasks to queue
[2025-04-01T16:45:16.391-0500] {logging_mixin.py:190} INFO - [2025-04-01T16:45:16.391-0500] {dagbag.py:588} INFO - Filling up the DagBag from /mnt/d/Universidad/ETL/Proyecto_airflow/venv/lib/python3.12/site-packages/airflow/example_dags/example_task_group_decorator.py
[2025-04-01T16:45:16.449-0500] {processor.py:925} INFO - DAG(s) 'example_task_group_decorator' retrieved from /mnt/d/Universidad/ETL/Proyecto_airflow/venv/lib/python3.12/site-packages/airflow/example_dags/example_task_group_decorator.py
[2025-04-01T16:45:16.470-0500] {logging_mixin.py:190} INFO - [2025-04-01T16:45:16.469-0500] {dag.py:3239} INFO - Sync 1 DAGs
[2025-04-01T16:45:16.479-0500] {logging_mixin.py:190} INFO - [2025-04-01T16:45:16.478-0500] {dag.py:4180} INFO - Setting next_dagrun for example_task_group_decorator to None, run_after=None
[2025-04-01T16:45:16.619-0500] {processor.py:208} INFO - Processing /mnt/d/Universidad/ETL/Proyecto_airflow/venv/lib/python3.12/site-packages/airflow/example_dags/example_task_group_decorator.py took 0.239 seconds
[2025-04-01T16:46:58.586-0500] {processor.py:186} INFO - Started process (PID=5461) to work on /mnt/d/Universidad/ETL/Proyecto_airflow/venv/lib/python3.12/site-packages/airflow/example_dags/example_task_group_decorator.py
[2025-04-01T16:46:58.587-0500] {processor.py:914} INFO - Processing file /mnt/d/Universidad/ETL/Proyecto_airflow/venv/lib/python3.12/site-packages/airflow/example_dags/example_task_group_decorator.py for tasks to queue
[2025-04-01T16:46:58.589-0500] {logging_mixin.py:190} INFO - [2025-04-01T16:46:58.589-0500] {dagbag.py:588} INFO - Filling up the DagBag from /mnt/d/Universidad/ETL/Proyecto_airflow/venv/lib/python3.12/site-packages/airflow/example_dags/example_task_group_decorator.py
[2025-04-01T16:46:58.645-0500] {processor.py:925} INFO - DAG(s) 'example_task_group_decorator' retrieved from /mnt/d/Universidad/ETL/Proyecto_airflow/venv/lib/python3.12/site-packages/airflow/example_dags/example_task_group_decorator.py
[2025-04-01T16:46:58.665-0500] {logging_mixin.py:190} INFO - [2025-04-01T16:46:58.664-0500] {dag.py:3239} INFO - Sync 1 DAGs
[2025-04-01T16:46:58.674-0500] {logging_mixin.py:190} INFO - [2025-04-01T16:46:58.673-0500] {dag.py:4180} INFO - Setting next_dagrun for example_task_group_decorator to None, run_after=None
[2025-04-01T16:46:58.758-0500] {processor.py:208} INFO - Processing /mnt/d/Universidad/ETL/Proyecto_airflow/venv/lib/python3.12/site-packages/airflow/example_dags/example_task_group_decorator.py took 0.180 seconds
[2025-04-01T16:48:28.806-0500] {processor.py:186} INFO - Started process (PID=5530) to work on /mnt/d/Universidad/ETL/Proyecto_airflow/venv/lib/python3.12/site-packages/airflow/example_dags/example_task_group_decorator.py
[2025-04-01T16:48:28.807-0500] {processor.py:914} INFO - Processing file /mnt/d/Universidad/ETL/Proyecto_airflow/venv/lib/python3.12/site-packages/airflow/example_dags/example_task_group_decorator.py for tasks to queue
[2025-04-01T16:48:28.810-0500] {logging_mixin.py:190} INFO - [2025-04-01T16:48:28.809-0500] {dagbag.py:588} INFO - Filling up the DagBag from /mnt/d/Universidad/ETL/Proyecto_airflow/venv/lib/python3.12/site-packages/airflow/example_dags/example_task_group_decorator.py
[2025-04-01T16:48:28.865-0500] {processor.py:925} INFO - DAG(s) 'example_task_group_decorator' retrieved from /mnt/d/Universidad/ETL/Proyecto_airflow/venv/lib/python3.12/site-packages/airflow/example_dags/example_task_group_decorator.py
[2025-04-01T16:48:28.885-0500] {logging_mixin.py:190} INFO - [2025-04-01T16:48:28.884-0500] {dag.py:3239} INFO - Sync 1 DAGs
[2025-04-01T16:48:28.894-0500] {logging_mixin.py:190} INFO - [2025-04-01T16:48:28.893-0500] {dag.py:4180} INFO - Setting next_dagrun for example_task_group_decorator to None, run_after=None
[2025-04-01T16:48:28.994-0500] {processor.py:208} INFO - Processing /mnt/d/Universidad/ETL/Proyecto_airflow/venv/lib/python3.12/site-packages/airflow/example_dags/example_task_group_decorator.py took 0.195 seconds
[2025-04-01T16:49:55.504-0500] {processor.py:186} INFO - Started process (PID=5599) to work on /mnt/d/Universidad/ETL/Proyecto_airflow/venv/lib/python3.12/site-packages/airflow/example_dags/example_task_group_decorator.py
[2025-04-01T16:49:55.505-0500] {processor.py:914} INFO - Processing file /mnt/d/Universidad/ETL/Proyecto_airflow/venv/lib/python3.12/site-packages/airflow/example_dags/example_task_group_decorator.py for tasks to queue
[2025-04-01T16:49:55.507-0500] {logging_mixin.py:190} INFO - [2025-04-01T16:49:55.506-0500] {dagbag.py:588} INFO - Filling up the DagBag from /mnt/d/Universidad/ETL/Proyecto_airflow/venv/lib/python3.12/site-packages/airflow/example_dags/example_task_group_decorator.py
[2025-04-01T16:49:55.563-0500] {processor.py:925} INFO - DAG(s) 'example_task_group_decorator' retrieved from /mnt/d/Universidad/ETL/Proyecto_airflow/venv/lib/python3.12/site-packages/airflow/example_dags/example_task_group_decorator.py
[2025-04-01T16:49:55.583-0500] {logging_mixin.py:190} INFO - [2025-04-01T16:49:55.583-0500] {dag.py:3239} INFO - Sync 1 DAGs
[2025-04-01T16:49:55.592-0500] {logging_mixin.py:190} INFO - [2025-04-01T16:49:55.591-0500] {dag.py:4180} INFO - Setting next_dagrun for example_task_group_decorator to None, run_after=None
[2025-04-01T16:49:55.697-0500] {processor.py:208} INFO - Processing /mnt/d/Universidad/ETL/Proyecto_airflow/venv/lib/python3.12/site-packages/airflow/example_dags/example_task_group_decorator.py took 0.201 seconds
[2025-04-01T16:51:35.319-0500] {processor.py:186} INFO - Started process (PID=5672) to work on /mnt/d/Universidad/ETL/Proyecto_airflow/venv/lib/python3.12/site-packages/airflow/example_dags/example_task_group_decorator.py
[2025-04-01T16:51:35.320-0500] {processor.py:914} INFO - Processing file /mnt/d/Universidad/ETL/Proyecto_airflow/venv/lib/python3.12/site-packages/airflow/example_dags/example_task_group_decorator.py for tasks to queue
[2025-04-01T16:51:35.323-0500] {logging_mixin.py:190} INFO - [2025-04-01T16:51:35.322-0500] {dagbag.py:588} INFO - Filling up the DagBag from /mnt/d/Universidad/ETL/Proyecto_airflow/venv/lib/python3.12/site-packages/airflow/example_dags/example_task_group_decorator.py
[2025-04-01T16:51:35.382-0500] {processor.py:925} INFO - DAG(s) 'example_task_group_decorator' retrieved from /mnt/d/Universidad/ETL/Proyecto_airflow/venv/lib/python3.12/site-packages/airflow/example_dags/example_task_group_decorator.py
[2025-04-01T16:51:35.404-0500] {logging_mixin.py:190} INFO - [2025-04-01T16:51:35.403-0500] {dag.py:3239} INFO - Sync 1 DAGs
[2025-04-01T16:51:35.414-0500] {logging_mixin.py:190} INFO - [2025-04-01T16:51:35.413-0500] {dag.py:4180} INFO - Setting next_dagrun for example_task_group_decorator to None, run_after=None
[2025-04-01T16:51:35.536-0500] {processor.py:208} INFO - Processing /mnt/d/Universidad/ETL/Proyecto_airflow/venv/lib/python3.12/site-packages/airflow/example_dags/example_task_group_decorator.py took 0.225 seconds
[2025-04-01T16:53:13.466-0500] {processor.py:186} INFO - Started process (PID=5744) to work on /mnt/d/Universidad/ETL/Proyecto_airflow/venv/lib/python3.12/site-packages/airflow/example_dags/example_task_group_decorator.py
[2025-04-01T16:53:13.467-0500] {processor.py:914} INFO - Processing file /mnt/d/Universidad/ETL/Proyecto_airflow/venv/lib/python3.12/site-packages/airflow/example_dags/example_task_group_decorator.py for tasks to queue
[2025-04-01T16:53:13.470-0500] {logging_mixin.py:190} INFO - [2025-04-01T16:53:13.469-0500] {dagbag.py:588} INFO - Filling up the DagBag from /mnt/d/Universidad/ETL/Proyecto_airflow/venv/lib/python3.12/site-packages/airflow/example_dags/example_task_group_decorator.py
[2025-04-01T16:53:13.529-0500] {processor.py:925} INFO - DAG(s) 'example_task_group_decorator' retrieved from /mnt/d/Universidad/ETL/Proyecto_airflow/venv/lib/python3.12/site-packages/airflow/example_dags/example_task_group_decorator.py
[2025-04-01T16:53:13.549-0500] {logging_mixin.py:190} INFO - [2025-04-01T16:53:13.549-0500] {dag.py:3239} INFO - Sync 1 DAGs
[2025-04-01T16:53:13.559-0500] {logging_mixin.py:190} INFO - [2025-04-01T16:53:13.558-0500] {dag.py:4180} INFO - Setting next_dagrun for example_task_group_decorator to None, run_after=None
[2025-04-01T16:53:13.640-0500] {processor.py:208} INFO - Processing /mnt/d/Universidad/ETL/Proyecto_airflow/venv/lib/python3.12/site-packages/airflow/example_dags/example_task_group_decorator.py took 0.182 seconds
[2025-04-01T16:54:48.570-0500] {processor.py:186} INFO - Started process (PID=5816) to work on /mnt/d/Universidad/ETL/Proyecto_airflow/venv/lib/python3.12/site-packages/airflow/example_dags/example_task_group_decorator.py
[2025-04-01T16:54:48.571-0500] {processor.py:914} INFO - Processing file /mnt/d/Universidad/ETL/Proyecto_airflow/venv/lib/python3.12/site-packages/airflow/example_dags/example_task_group_decorator.py for tasks to queue
[2025-04-01T16:54:48.574-0500] {logging_mixin.py:190} INFO - [2025-04-01T16:54:48.573-0500] {dagbag.py:588} INFO - Filling up the DagBag from /mnt/d/Universidad/ETL/Proyecto_airflow/venv/lib/python3.12/site-packages/airflow/example_dags/example_task_group_decorator.py
[2025-04-01T16:54:48.631-0500] {processor.py:925} INFO - DAG(s) 'example_task_group_decorator' retrieved from /mnt/d/Universidad/ETL/Proyecto_airflow/venv/lib/python3.12/site-packages/airflow/example_dags/example_task_group_decorator.py
[2025-04-01T16:54:48.651-0500] {logging_mixin.py:190} INFO - [2025-04-01T16:54:48.651-0500] {dag.py:3239} INFO - Sync 1 DAGs
[2025-04-01T16:54:48.660-0500] {logging_mixin.py:190} INFO - [2025-04-01T16:54:48.660-0500] {dag.py:4180} INFO - Setting next_dagrun for example_task_group_decorator to None, run_after=None
[2025-04-01T16:54:48.759-0500] {processor.py:208} INFO - Processing /mnt/d/Universidad/ETL/Proyecto_airflow/venv/lib/python3.12/site-packages/airflow/example_dags/example_task_group_decorator.py took 0.196 seconds
[2025-04-01T16:56:21.205-0500] {processor.py:186} INFO - Started process (PID=5887) to work on /mnt/d/Universidad/ETL/Proyecto_airflow/venv/lib/python3.12/site-packages/airflow/example_dags/example_task_group_decorator.py
[2025-04-01T16:56:21.206-0500] {processor.py:914} INFO - Processing file /mnt/d/Universidad/ETL/Proyecto_airflow/venv/lib/python3.12/site-packages/airflow/example_dags/example_task_group_decorator.py for tasks to queue
[2025-04-01T16:56:21.209-0500] {logging_mixin.py:190} INFO - [2025-04-01T16:56:21.208-0500] {dagbag.py:588} INFO - Filling up the DagBag from /mnt/d/Universidad/ETL/Proyecto_airflow/venv/lib/python3.12/site-packages/airflow/example_dags/example_task_group_decorator.py
[2025-04-01T16:56:21.265-0500] {processor.py:925} INFO - DAG(s) 'example_task_group_decorator' retrieved from /mnt/d/Universidad/ETL/Proyecto_airflow/venv/lib/python3.12/site-packages/airflow/example_dags/example_task_group_decorator.py
[2025-04-01T16:56:21.285-0500] {logging_mixin.py:190} INFO - [2025-04-01T16:56:21.285-0500] {dag.py:3239} INFO - Sync 1 DAGs
[2025-04-01T16:56:21.294-0500] {logging_mixin.py:190} INFO - [2025-04-01T16:56:21.294-0500] {dag.py:4180} INFO - Setting next_dagrun for example_task_group_decorator to None, run_after=None
[2025-04-01T16:56:21.394-0500] {processor.py:208} INFO - Processing /mnt/d/Universidad/ETL/Proyecto_airflow/venv/lib/python3.12/site-packages/airflow/example_dags/example_task_group_decorator.py took 0.197 seconds
[2025-04-01T16:57:52.681-0500] {processor.py:186} INFO - Started process (PID=5957) to work on /mnt/d/Universidad/ETL/Proyecto_airflow/venv/lib/python3.12/site-packages/airflow/example_dags/example_task_group_decorator.py
[2025-04-01T16:57:52.682-0500] {processor.py:914} INFO - Processing file /mnt/d/Universidad/ETL/Proyecto_airflow/venv/lib/python3.12/site-packages/airflow/example_dags/example_task_group_decorator.py for tasks to queue
[2025-04-01T16:57:52.685-0500] {logging_mixin.py:190} INFO - [2025-04-01T16:57:52.684-0500] {dagbag.py:588} INFO - Filling up the DagBag from /mnt/d/Universidad/ETL/Proyecto_airflow/venv/lib/python3.12/site-packages/airflow/example_dags/example_task_group_decorator.py
[2025-04-01T16:57:52.743-0500] {processor.py:925} INFO - DAG(s) 'example_task_group_decorator' retrieved from /mnt/d/Universidad/ETL/Proyecto_airflow/venv/lib/python3.12/site-packages/airflow/example_dags/example_task_group_decorator.py
[2025-04-01T16:57:52.763-0500] {logging_mixin.py:190} INFO - [2025-04-01T16:57:52.763-0500] {dag.py:3239} INFO - Sync 1 DAGs
[2025-04-01T16:57:52.772-0500] {logging_mixin.py:190} INFO - [2025-04-01T16:57:52.772-0500] {dag.py:4180} INFO - Setting next_dagrun for example_task_group_decorator to None, run_after=None
[2025-04-01T16:57:52.875-0500] {processor.py:208} INFO - Processing /mnt/d/Universidad/ETL/Proyecto_airflow/venv/lib/python3.12/site-packages/airflow/example_dags/example_task_group_decorator.py took 0.201 seconds
[2025-04-01T16:59:28.565-0500] {processor.py:186} INFO - Started process (PID=6028) to work on /mnt/d/Universidad/ETL/Proyecto_airflow/venv/lib/python3.12/site-packages/airflow/example_dags/example_task_group_decorator.py
[2025-04-01T16:59:28.566-0500] {processor.py:914} INFO - Processing file /mnt/d/Universidad/ETL/Proyecto_airflow/venv/lib/python3.12/site-packages/airflow/example_dags/example_task_group_decorator.py for tasks to queue
[2025-04-01T16:59:28.569-0500] {logging_mixin.py:190} INFO - [2025-04-01T16:59:28.568-0500] {dagbag.py:588} INFO - Filling up the DagBag from /mnt/d/Universidad/ETL/Proyecto_airflow/venv/lib/python3.12/site-packages/airflow/example_dags/example_task_group_decorator.py
[2025-04-01T16:59:28.626-0500] {processor.py:925} INFO - DAG(s) 'example_task_group_decorator' retrieved from /mnt/d/Universidad/ETL/Proyecto_airflow/venv/lib/python3.12/site-packages/airflow/example_dags/example_task_group_decorator.py
[2025-04-01T16:59:28.646-0500] {logging_mixin.py:190} INFO - [2025-04-01T16:59:28.646-0500] {dag.py:3239} INFO - Sync 1 DAGs
[2025-04-01T16:59:28.656-0500] {logging_mixin.py:190} INFO - [2025-04-01T16:59:28.655-0500] {dag.py:4180} INFO - Setting next_dagrun for example_task_group_decorator to None, run_after=None
[2025-04-01T16:59:28.789-0500] {processor.py:208} INFO - Processing /mnt/d/Universidad/ETL/Proyecto_airflow/venv/lib/python3.12/site-packages/airflow/example_dags/example_task_group_decorator.py took 0.232 seconds
[2025-04-01T17:01:05.295-0500] {processor.py:186} INFO - Started process (PID=6100) to work on /mnt/d/Universidad/ETL/Proyecto_airflow/venv/lib/python3.12/site-packages/airflow/example_dags/example_task_group_decorator.py
[2025-04-01T17:01:05.296-0500] {processor.py:914} INFO - Processing file /mnt/d/Universidad/ETL/Proyecto_airflow/venv/lib/python3.12/site-packages/airflow/example_dags/example_task_group_decorator.py for tasks to queue
[2025-04-01T17:01:05.299-0500] {logging_mixin.py:190} INFO - [2025-04-01T17:01:05.298-0500] {dagbag.py:588} INFO - Filling up the DagBag from /mnt/d/Universidad/ETL/Proyecto_airflow/venv/lib/python3.12/site-packages/airflow/example_dags/example_task_group_decorator.py
[2025-04-01T17:01:05.355-0500] {processor.py:925} INFO - DAG(s) 'example_task_group_decorator' retrieved from /mnt/d/Universidad/ETL/Proyecto_airflow/venv/lib/python3.12/site-packages/airflow/example_dags/example_task_group_decorator.py
[2025-04-01T17:01:05.375-0500] {logging_mixin.py:190} INFO - [2025-04-01T17:01:05.374-0500] {dag.py:3239} INFO - Sync 1 DAGs
[2025-04-01T17:01:05.384-0500] {logging_mixin.py:190} INFO - [2025-04-01T17:01:05.383-0500] {dag.py:4180} INFO - Setting next_dagrun for example_task_group_decorator to None, run_after=None
[2025-04-01T17:01:05.489-0500] {processor.py:208} INFO - Processing /mnt/d/Universidad/ETL/Proyecto_airflow/venv/lib/python3.12/site-packages/airflow/example_dags/example_task_group_decorator.py took 0.202 seconds
[2025-04-01T17:02:37.464-0500] {processor.py:186} INFO - Started process (PID=6170) to work on /mnt/d/Universidad/ETL/Proyecto_airflow/venv/lib/python3.12/site-packages/airflow/example_dags/example_task_group_decorator.py
[2025-04-01T17:02:37.465-0500] {processor.py:914} INFO - Processing file /mnt/d/Universidad/ETL/Proyecto_airflow/venv/lib/python3.12/site-packages/airflow/example_dags/example_task_group_decorator.py for tasks to queue
[2025-04-01T17:02:37.468-0500] {logging_mixin.py:190} INFO - [2025-04-01T17:02:37.467-0500] {dagbag.py:588} INFO - Filling up the DagBag from /mnt/d/Universidad/ETL/Proyecto_airflow/venv/lib/python3.12/site-packages/airflow/example_dags/example_task_group_decorator.py
[2025-04-01T17:02:37.524-0500] {processor.py:925} INFO - DAG(s) 'example_task_group_decorator' retrieved from /mnt/d/Universidad/ETL/Proyecto_airflow/venv/lib/python3.12/site-packages/airflow/example_dags/example_task_group_decorator.py
[2025-04-01T17:02:37.544-0500] {logging_mixin.py:190} INFO - [2025-04-01T17:02:37.543-0500] {dag.py:3239} INFO - Sync 1 DAGs
[2025-04-01T17:02:37.553-0500] {logging_mixin.py:190} INFO - [2025-04-01T17:02:37.553-0500] {dag.py:4180} INFO - Setting next_dagrun for example_task_group_decorator to None, run_after=None
[2025-04-01T17:02:37.663-0500] {processor.py:208} INFO - Processing /mnt/d/Universidad/ETL/Proyecto_airflow/venv/lib/python3.12/site-packages/airflow/example_dags/example_task_group_decorator.py took 0.206 seconds
[2025-04-01T17:04:15.261-0500] {processor.py:186} INFO - Started process (PID=6242) to work on /mnt/d/Universidad/ETL/Proyecto_airflow/venv/lib/python3.12/site-packages/airflow/example_dags/example_task_group_decorator.py
[2025-04-01T17:04:15.262-0500] {processor.py:914} INFO - Processing file /mnt/d/Universidad/ETL/Proyecto_airflow/venv/lib/python3.12/site-packages/airflow/example_dags/example_task_group_decorator.py for tasks to queue
[2025-04-01T17:04:15.264-0500] {logging_mixin.py:190} INFO - [2025-04-01T17:04:15.264-0500] {dagbag.py:588} INFO - Filling up the DagBag from /mnt/d/Universidad/ETL/Proyecto_airflow/venv/lib/python3.12/site-packages/airflow/example_dags/example_task_group_decorator.py
[2025-04-01T17:04:15.322-0500] {processor.py:925} INFO - DAG(s) 'example_task_group_decorator' retrieved from /mnt/d/Universidad/ETL/Proyecto_airflow/venv/lib/python3.12/site-packages/airflow/example_dags/example_task_group_decorator.py
[2025-04-01T17:04:15.342-0500] {logging_mixin.py:190} INFO - [2025-04-01T17:04:15.342-0500] {dag.py:3239} INFO - Sync 1 DAGs
[2025-04-01T17:04:15.351-0500] {logging_mixin.py:190} INFO - [2025-04-01T17:04:15.351-0500] {dag.py:4180} INFO - Setting next_dagrun for example_task_group_decorator to None, run_after=None
[2025-04-01T17:04:15.457-0500] {processor.py:208} INFO - Processing /mnt/d/Universidad/ETL/Proyecto_airflow/venv/lib/python3.12/site-packages/airflow/example_dags/example_task_group_decorator.py took 0.204 seconds
[2025-04-01T17:05:50.654-0500] {processor.py:186} INFO - Started process (PID=6313) to work on /mnt/d/Universidad/ETL/Proyecto_airflow/venv/lib/python3.12/site-packages/airflow/example_dags/example_task_group_decorator.py
[2025-04-01T17:05:50.655-0500] {processor.py:914} INFO - Processing file /mnt/d/Universidad/ETL/Proyecto_airflow/venv/lib/python3.12/site-packages/airflow/example_dags/example_task_group_decorator.py for tasks to queue
[2025-04-01T17:05:50.657-0500] {logging_mixin.py:190} INFO - [2025-04-01T17:05:50.657-0500] {dagbag.py:588} INFO - Filling up the DagBag from /mnt/d/Universidad/ETL/Proyecto_airflow/venv/lib/python3.12/site-packages/airflow/example_dags/example_task_group_decorator.py
[2025-04-01T17:05:50.714-0500] {processor.py:925} INFO - DAG(s) 'example_task_group_decorator' retrieved from /mnt/d/Universidad/ETL/Proyecto_airflow/venv/lib/python3.12/site-packages/airflow/example_dags/example_task_group_decorator.py
[2025-04-01T17:05:50.737-0500] {logging_mixin.py:190} INFO - [2025-04-01T17:05:50.736-0500] {dag.py:3239} INFO - Sync 1 DAGs
[2025-04-01T17:05:50.746-0500] {logging_mixin.py:190} INFO - [2025-04-01T17:05:50.746-0500] {dag.py:4180} INFO - Setting next_dagrun for example_task_group_decorator to None, run_after=None
[2025-04-01T17:05:50.851-0500] {processor.py:208} INFO - Processing /mnt/d/Universidad/ETL/Proyecto_airflow/venv/lib/python3.12/site-packages/airflow/example_dags/example_task_group_decorator.py took 0.205 seconds
[2025-04-01T17:06:43.935-0500] {processor.py:186} INFO - Started process (PID=6350) to work on /mnt/d/Universidad/ETL/Proyecto_airflow/venv/lib/python3.12/site-packages/airflow/example_dags/example_task_group_decorator.py
[2025-04-01T17:06:43.936-0500] {processor.py:914} INFO - Processing file /mnt/d/Universidad/ETL/Proyecto_airflow/venv/lib/python3.12/site-packages/airflow/example_dags/example_task_group_decorator.py for tasks to queue
[2025-04-01T17:06:43.938-0500] {logging_mixin.py:190} INFO - [2025-04-01T17:06:43.938-0500] {dagbag.py:588} INFO - Filling up the DagBag from /mnt/d/Universidad/ETL/Proyecto_airflow/venv/lib/python3.12/site-packages/airflow/example_dags/example_task_group_decorator.py
[2025-04-01T17:06:43.996-0500] {processor.py:925} INFO - DAG(s) 'example_task_group_decorator' retrieved from /mnt/d/Universidad/ETL/Proyecto_airflow/venv/lib/python3.12/site-packages/airflow/example_dags/example_task_group_decorator.py
[2025-04-01T17:06:44.016-0500] {logging_mixin.py:190} INFO - [2025-04-01T17:06:44.015-0500] {dag.py:3239} INFO - Sync 1 DAGs
[2025-04-01T17:06:44.025-0500] {logging_mixin.py:190} INFO - [2025-04-01T17:06:44.024-0500] {dag.py:4180} INFO - Setting next_dagrun for example_task_group_decorator to None, run_after=None
[2025-04-01T17:06:44.126-0500] {processor.py:208} INFO - Processing /mnt/d/Universidad/ETL/Proyecto_airflow/venv/lib/python3.12/site-packages/airflow/example_dags/example_task_group_decorator.py took 0.199 seconds
[2025-04-01T17:08:14.151-0500] {processor.py:186} INFO - Started process (PID=6422) to work on /mnt/d/Universidad/ETL/Proyecto_airflow/venv/lib/python3.12/site-packages/airflow/example_dags/example_task_group_decorator.py
[2025-04-01T17:08:14.152-0500] {processor.py:914} INFO - Processing file /mnt/d/Universidad/ETL/Proyecto_airflow/venv/lib/python3.12/site-packages/airflow/example_dags/example_task_group_decorator.py for tasks to queue
[2025-04-01T17:08:14.154-0500] {logging_mixin.py:190} INFO - [2025-04-01T17:08:14.153-0500] {dagbag.py:588} INFO - Filling up the DagBag from /mnt/d/Universidad/ETL/Proyecto_airflow/venv/lib/python3.12/site-packages/airflow/example_dags/example_task_group_decorator.py
[2025-04-01T17:08:14.210-0500] {processor.py:925} INFO - DAG(s) 'example_task_group_decorator' retrieved from /mnt/d/Universidad/ETL/Proyecto_airflow/venv/lib/python3.12/site-packages/airflow/example_dags/example_task_group_decorator.py
[2025-04-01T17:08:14.230-0500] {logging_mixin.py:190} INFO - [2025-04-01T17:08:14.229-0500] {dag.py:3239} INFO - Sync 1 DAGs
[2025-04-01T17:08:14.239-0500] {logging_mixin.py:190} INFO - [2025-04-01T17:08:14.238-0500] {dag.py:4180} INFO - Setting next_dagrun for example_task_group_decorator to None, run_after=None
[2025-04-01T17:08:14.337-0500] {processor.py:208} INFO - Processing /mnt/d/Universidad/ETL/Proyecto_airflow/venv/lib/python3.12/site-packages/airflow/example_dags/example_task_group_decorator.py took 0.194 seconds
[2025-04-01T17:09:55.543-0500] {processor.py:186} INFO - Started process (PID=6494) to work on /mnt/d/Universidad/ETL/Proyecto_airflow/venv/lib/python3.12/site-packages/airflow/example_dags/example_task_group_decorator.py
[2025-04-01T17:09:55.544-0500] {processor.py:914} INFO - Processing file /mnt/d/Universidad/ETL/Proyecto_airflow/venv/lib/python3.12/site-packages/airflow/example_dags/example_task_group_decorator.py for tasks to queue
[2025-04-01T17:09:55.546-0500] {logging_mixin.py:190} INFO - [2025-04-01T17:09:55.546-0500] {dagbag.py:588} INFO - Filling up the DagBag from /mnt/d/Universidad/ETL/Proyecto_airflow/venv/lib/python3.12/site-packages/airflow/example_dags/example_task_group_decorator.py
[2025-04-01T17:09:55.603-0500] {processor.py:925} INFO - DAG(s) 'example_task_group_decorator' retrieved from /mnt/d/Universidad/ETL/Proyecto_airflow/venv/lib/python3.12/site-packages/airflow/example_dags/example_task_group_decorator.py
[2025-04-01T17:09:55.623-0500] {logging_mixin.py:190} INFO - [2025-04-01T17:09:55.623-0500] {dag.py:3239} INFO - Sync 1 DAGs
[2025-04-01T17:09:55.632-0500] {logging_mixin.py:190} INFO - [2025-04-01T17:09:55.632-0500] {dag.py:4180} INFO - Setting next_dagrun for example_task_group_decorator to None, run_after=None
[2025-04-01T17:09:55.734-0500] {processor.py:208} INFO - Processing /mnt/d/Universidad/ETL/Proyecto_airflow/venv/lib/python3.12/site-packages/airflow/example_dags/example_task_group_decorator.py took 0.199 seconds
[2025-04-01T17:10:49.643-0500] {processor.py:186} INFO - Started process (PID=6532) to work on /mnt/d/Universidad/ETL/Proyecto_airflow/venv/lib/python3.12/site-packages/airflow/example_dags/example_task_group_decorator.py
[2025-04-01T17:10:49.644-0500] {processor.py:914} INFO - Processing file /mnt/d/Universidad/ETL/Proyecto_airflow/venv/lib/python3.12/site-packages/airflow/example_dags/example_task_group_decorator.py for tasks to queue
[2025-04-01T17:10:49.647-0500] {logging_mixin.py:190} INFO - [2025-04-01T17:10:49.646-0500] {dagbag.py:588} INFO - Filling up the DagBag from /mnt/d/Universidad/ETL/Proyecto_airflow/venv/lib/python3.12/site-packages/airflow/example_dags/example_task_group_decorator.py
[2025-04-01T17:10:49.702-0500] {processor.py:925} INFO - DAG(s) 'example_task_group_decorator' retrieved from /mnt/d/Universidad/ETL/Proyecto_airflow/venv/lib/python3.12/site-packages/airflow/example_dags/example_task_group_decorator.py
[2025-04-01T17:10:49.723-0500] {logging_mixin.py:190} INFO - [2025-04-01T17:10:49.722-0500] {dag.py:3239} INFO - Sync 1 DAGs
[2025-04-01T17:10:49.731-0500] {logging_mixin.py:190} INFO - [2025-04-01T17:10:49.731-0500] {dag.py:4180} INFO - Setting next_dagrun for example_task_group_decorator to None, run_after=None
[2025-04-01T17:10:49.832-0500] {processor.py:208} INFO - Processing /mnt/d/Universidad/ETL/Proyecto_airflow/venv/lib/python3.12/site-packages/airflow/example_dags/example_task_group_decorator.py took 0.197 seconds
[2025-04-01T17:11:39.610-0500] {processor.py:186} INFO - Started process (PID=6569) to work on /mnt/d/Universidad/ETL/Proyecto_airflow/venv/lib/python3.12/site-packages/airflow/example_dags/example_task_group_decorator.py
[2025-04-01T17:11:39.612-0500] {processor.py:914} INFO - Processing file /mnt/d/Universidad/ETL/Proyecto_airflow/venv/lib/python3.12/site-packages/airflow/example_dags/example_task_group_decorator.py for tasks to queue
[2025-04-01T17:11:39.614-0500] {logging_mixin.py:190} INFO - [2025-04-01T17:11:39.613-0500] {dagbag.py:588} INFO - Filling up the DagBag from /mnt/d/Universidad/ETL/Proyecto_airflow/venv/lib/python3.12/site-packages/airflow/example_dags/example_task_group_decorator.py
[2025-04-01T17:11:39.670-0500] {processor.py:925} INFO - DAG(s) 'example_task_group_decorator' retrieved from /mnt/d/Universidad/ETL/Proyecto_airflow/venv/lib/python3.12/site-packages/airflow/example_dags/example_task_group_decorator.py
[2025-04-01T17:11:39.690-0500] {logging_mixin.py:190} INFO - [2025-04-01T17:11:39.689-0500] {dag.py:3239} INFO - Sync 1 DAGs
[2025-04-01T17:11:39.699-0500] {logging_mixin.py:190} INFO - [2025-04-01T17:11:39.698-0500] {dag.py:4180} INFO - Setting next_dagrun for example_task_group_decorator to None, run_after=None
[2025-04-01T17:11:39.796-0500] {processor.py:208} INFO - Processing /mnt/d/Universidad/ETL/Proyecto_airflow/venv/lib/python3.12/site-packages/airflow/example_dags/example_task_group_decorator.py took 0.194 seconds
[2025-04-01T17:12:34.279-0500] {processor.py:186} INFO - Started process (PID=6607) to work on /mnt/d/Universidad/ETL/Proyecto_airflow/venv/lib/python3.12/site-packages/airflow/example_dags/example_task_group_decorator.py
[2025-04-01T17:12:34.280-0500] {processor.py:914} INFO - Processing file /mnt/d/Universidad/ETL/Proyecto_airflow/venv/lib/python3.12/site-packages/airflow/example_dags/example_task_group_decorator.py for tasks to queue
[2025-04-01T17:12:34.282-0500] {logging_mixin.py:190} INFO - [2025-04-01T17:12:34.282-0500] {dagbag.py:588} INFO - Filling up the DagBag from /mnt/d/Universidad/ETL/Proyecto_airflow/venv/lib/python3.12/site-packages/airflow/example_dags/example_task_group_decorator.py
[2025-04-01T17:12:34.339-0500] {processor.py:925} INFO - DAG(s) 'example_task_group_decorator' retrieved from /mnt/d/Universidad/ETL/Proyecto_airflow/venv/lib/python3.12/site-packages/airflow/example_dags/example_task_group_decorator.py
[2025-04-01T17:12:34.359-0500] {logging_mixin.py:190} INFO - [2025-04-01T17:12:34.359-0500] {dag.py:3239} INFO - Sync 1 DAGs
[2025-04-01T17:12:34.368-0500] {logging_mixin.py:190} INFO - [2025-04-01T17:12:34.368-0500] {dag.py:4180} INFO - Setting next_dagrun for example_task_group_decorator to None, run_after=None
[2025-04-01T17:12:34.492-0500] {processor.py:208} INFO - Processing /mnt/d/Universidad/ETL/Proyecto_airflow/venv/lib/python3.12/site-packages/airflow/example_dags/example_task_group_decorator.py took 0.220 seconds
[2025-04-01T17:14:05.862-0500] {processor.py:186} INFO - Started process (PID=6679) to work on /mnt/d/Universidad/ETL/Proyecto_airflow/venv/lib/python3.12/site-packages/airflow/example_dags/example_task_group_decorator.py
[2025-04-01T17:14:05.863-0500] {processor.py:914} INFO - Processing file /mnt/d/Universidad/ETL/Proyecto_airflow/venv/lib/python3.12/site-packages/airflow/example_dags/example_task_group_decorator.py for tasks to queue
[2025-04-01T17:14:05.866-0500] {logging_mixin.py:190} INFO - [2025-04-01T17:14:05.865-0500] {dagbag.py:588} INFO - Filling up the DagBag from /mnt/d/Universidad/ETL/Proyecto_airflow/venv/lib/python3.12/site-packages/airflow/example_dags/example_task_group_decorator.py
[2025-04-01T17:14:05.922-0500] {processor.py:925} INFO - DAG(s) 'example_task_group_decorator' retrieved from /mnt/d/Universidad/ETL/Proyecto_airflow/venv/lib/python3.12/site-packages/airflow/example_dags/example_task_group_decorator.py
[2025-04-01T17:14:05.944-0500] {logging_mixin.py:190} INFO - [2025-04-01T17:14:05.944-0500] {dag.py:3239} INFO - Sync 1 DAGs
[2025-04-01T17:14:05.954-0500] {logging_mixin.py:190} INFO - [2025-04-01T17:14:05.954-0500] {dag.py:4180} INFO - Setting next_dagrun for example_task_group_decorator to None, run_after=None
[2025-04-01T17:14:06.061-0500] {processor.py:208} INFO - Processing /mnt/d/Universidad/ETL/Proyecto_airflow/venv/lib/python3.12/site-packages/airflow/example_dags/example_task_group_decorator.py took 0.207 seconds
[2025-04-01T17:15:38.635-0500] {processor.py:186} INFO - Started process (PID=6749) to work on /mnt/d/Universidad/ETL/Proyecto_airflow/venv/lib/python3.12/site-packages/airflow/example_dags/example_task_group_decorator.py
[2025-04-01T17:15:38.636-0500] {processor.py:914} INFO - Processing file /mnt/d/Universidad/ETL/Proyecto_airflow/venv/lib/python3.12/site-packages/airflow/example_dags/example_task_group_decorator.py for tasks to queue
[2025-04-01T17:15:38.638-0500] {logging_mixin.py:190} INFO - [2025-04-01T17:15:38.637-0500] {dagbag.py:588} INFO - Filling up the DagBag from /mnt/d/Universidad/ETL/Proyecto_airflow/venv/lib/python3.12/site-packages/airflow/example_dags/example_task_group_decorator.py
[2025-04-01T17:15:38.695-0500] {processor.py:925} INFO - DAG(s) 'example_task_group_decorator' retrieved from /mnt/d/Universidad/ETL/Proyecto_airflow/venv/lib/python3.12/site-packages/airflow/example_dags/example_task_group_decorator.py
[2025-04-01T17:15:38.715-0500] {logging_mixin.py:190} INFO - [2025-04-01T17:15:38.714-0500] {dag.py:3239} INFO - Sync 1 DAGs
[2025-04-01T17:15:38.724-0500] {logging_mixin.py:190} INFO - [2025-04-01T17:15:38.723-0500] {dag.py:4180} INFO - Setting next_dagrun for example_task_group_decorator to None, run_after=None
[2025-04-01T17:15:38.829-0500] {processor.py:208} INFO - Processing /mnt/d/Universidad/ETL/Proyecto_airflow/venv/lib/python3.12/site-packages/airflow/example_dags/example_task_group_decorator.py took 0.202 seconds
[2025-04-01T17:17:15.868-0500] {processor.py:186} INFO - Started process (PID=6824) to work on /mnt/d/Universidad/ETL/Proyecto_airflow/venv/lib/python3.12/site-packages/airflow/example_dags/example_task_group_decorator.py
[2025-04-01T17:17:15.869-0500] {processor.py:914} INFO - Processing file /mnt/d/Universidad/ETL/Proyecto_airflow/venv/lib/python3.12/site-packages/airflow/example_dags/example_task_group_decorator.py for tasks to queue
[2025-04-01T17:17:15.872-0500] {logging_mixin.py:190} INFO - [2025-04-01T17:17:15.871-0500] {dagbag.py:588} INFO - Filling up the DagBag from /mnt/d/Universidad/ETL/Proyecto_airflow/venv/lib/python3.12/site-packages/airflow/example_dags/example_task_group_decorator.py
[2025-04-01T17:17:15.934-0500] {processor.py:925} INFO - DAG(s) 'example_task_group_decorator' retrieved from /mnt/d/Universidad/ETL/Proyecto_airflow/venv/lib/python3.12/site-packages/airflow/example_dags/example_task_group_decorator.py
[2025-04-01T17:17:15.956-0500] {logging_mixin.py:190} INFO - [2025-04-01T17:17:15.955-0500] {dag.py:3239} INFO - Sync 1 DAGs
[2025-04-01T17:17:15.966-0500] {logging_mixin.py:190} INFO - [2025-04-01T17:17:15.965-0500] {dag.py:4180} INFO - Setting next_dagrun for example_task_group_decorator to None, run_after=None
[2025-04-01T17:17:16.079-0500] {processor.py:208} INFO - Processing /mnt/d/Universidad/ETL/Proyecto_airflow/venv/lib/python3.12/site-packages/airflow/example_dags/example_task_group_decorator.py took 0.220 seconds
[2025-04-01T17:18:53.179-0500] {processor.py:186} INFO - Started process (PID=6897) to work on /mnt/d/Universidad/ETL/Proyecto_airflow/venv/lib/python3.12/site-packages/airflow/example_dags/example_task_group_decorator.py
[2025-04-01T17:18:53.180-0500] {processor.py:914} INFO - Processing file /mnt/d/Universidad/ETL/Proyecto_airflow/venv/lib/python3.12/site-packages/airflow/example_dags/example_task_group_decorator.py for tasks to queue
[2025-04-01T17:18:53.183-0500] {logging_mixin.py:190} INFO - [2025-04-01T17:18:53.182-0500] {dagbag.py:588} INFO - Filling up the DagBag from /mnt/d/Universidad/ETL/Proyecto_airflow/venv/lib/python3.12/site-packages/airflow/example_dags/example_task_group_decorator.py
[2025-04-01T17:18:53.240-0500] {processor.py:925} INFO - DAG(s) 'example_task_group_decorator' retrieved from /mnt/d/Universidad/ETL/Proyecto_airflow/venv/lib/python3.12/site-packages/airflow/example_dags/example_task_group_decorator.py
[2025-04-01T17:18:53.261-0500] {logging_mixin.py:190} INFO - [2025-04-01T17:18:53.261-0500] {dag.py:3239} INFO - Sync 1 DAGs
[2025-04-01T17:18:53.271-0500] {logging_mixin.py:190} INFO - [2025-04-01T17:18:53.270-0500] {dag.py:4180} INFO - Setting next_dagrun for example_task_group_decorator to None, run_after=None
[2025-04-01T17:18:53.376-0500] {processor.py:208} INFO - Processing /mnt/d/Universidad/ETL/Proyecto_airflow/venv/lib/python3.12/site-packages/airflow/example_dags/example_task_group_decorator.py took 0.204 seconds
[2025-04-01T17:20:34.250-0500] {processor.py:186} INFO - Started process (PID=6970) to work on /mnt/d/Universidad/ETL/Proyecto_airflow/venv/lib/python3.12/site-packages/airflow/example_dags/example_task_group_decorator.py
[2025-04-01T17:20:34.251-0500] {processor.py:914} INFO - Processing file /mnt/d/Universidad/ETL/Proyecto_airflow/venv/lib/python3.12/site-packages/airflow/example_dags/example_task_group_decorator.py for tasks to queue
[2025-04-01T17:20:34.254-0500] {logging_mixin.py:190} INFO - [2025-04-01T17:20:34.253-0500] {dagbag.py:588} INFO - Filling up the DagBag from /mnt/d/Universidad/ETL/Proyecto_airflow/venv/lib/python3.12/site-packages/airflow/example_dags/example_task_group_decorator.py
[2025-04-01T17:20:34.311-0500] {processor.py:925} INFO - DAG(s) 'example_task_group_decorator' retrieved from /mnt/d/Universidad/ETL/Proyecto_airflow/venv/lib/python3.12/site-packages/airflow/example_dags/example_task_group_decorator.py
[2025-04-01T17:20:34.331-0500] {logging_mixin.py:190} INFO - [2025-04-01T17:20:34.331-0500] {dag.py:3239} INFO - Sync 1 DAGs
[2025-04-01T17:20:34.340-0500] {logging_mixin.py:190} INFO - [2025-04-01T17:20:34.339-0500] {dag.py:4180} INFO - Setting next_dagrun for example_task_group_decorator to None, run_after=None
[2025-04-01T17:20:34.442-0500] {processor.py:208} INFO - Processing /mnt/d/Universidad/ETL/Proyecto_airflow/venv/lib/python3.12/site-packages/airflow/example_dags/example_task_group_decorator.py took 0.200 seconds
[2025-04-01T17:21:29.224-0500] {processor.py:186} INFO - Started process (PID=7007) to work on /mnt/d/Universidad/ETL/Proyecto_airflow/venv/lib/python3.12/site-packages/airflow/example_dags/example_task_group_decorator.py
[2025-04-01T17:21:29.225-0500] {processor.py:914} INFO - Processing file /mnt/d/Universidad/ETL/Proyecto_airflow/venv/lib/python3.12/site-packages/airflow/example_dags/example_task_group_decorator.py for tasks to queue
[2025-04-01T17:21:29.227-0500] {logging_mixin.py:190} INFO - [2025-04-01T17:21:29.226-0500] {dagbag.py:588} INFO - Filling up the DagBag from /mnt/d/Universidad/ETL/Proyecto_airflow/venv/lib/python3.12/site-packages/airflow/example_dags/example_task_group_decorator.py
[2025-04-01T17:21:29.284-0500] {processor.py:925} INFO - DAG(s) 'example_task_group_decorator' retrieved from /mnt/d/Universidad/ETL/Proyecto_airflow/venv/lib/python3.12/site-packages/airflow/example_dags/example_task_group_decorator.py
[2025-04-01T17:21:29.304-0500] {logging_mixin.py:190} INFO - [2025-04-01T17:21:29.303-0500] {dag.py:3239} INFO - Sync 1 DAGs
[2025-04-01T17:21:29.313-0500] {logging_mixin.py:190} INFO - [2025-04-01T17:21:29.312-0500] {dag.py:4180} INFO - Setting next_dagrun for example_task_group_decorator to None, run_after=None
[2025-04-01T17:21:29.421-0500] {processor.py:208} INFO - Processing /mnt/d/Universidad/ETL/Proyecto_airflow/venv/lib/python3.12/site-packages/airflow/example_dags/example_task_group_decorator.py took 0.206 seconds
[2025-04-01T17:23:06.329-0500] {processor.py:186} INFO - Started process (PID=7078) to work on /mnt/d/Universidad/ETL/Proyecto_airflow/venv/lib/python3.12/site-packages/airflow/example_dags/example_task_group_decorator.py
[2025-04-01T17:23:06.331-0500] {processor.py:914} INFO - Processing file /mnt/d/Universidad/ETL/Proyecto_airflow/venv/lib/python3.12/site-packages/airflow/example_dags/example_task_group_decorator.py for tasks to queue
[2025-04-01T17:23:06.333-0500] {logging_mixin.py:190} INFO - [2025-04-01T17:23:06.332-0500] {dagbag.py:588} INFO - Filling up the DagBag from /mnt/d/Universidad/ETL/Proyecto_airflow/venv/lib/python3.12/site-packages/airflow/example_dags/example_task_group_decorator.py
[2025-04-01T17:23:06.396-0500] {processor.py:925} INFO - DAG(s) 'example_task_group_decorator' retrieved from /mnt/d/Universidad/ETL/Proyecto_airflow/venv/lib/python3.12/site-packages/airflow/example_dags/example_task_group_decorator.py
[2025-04-01T17:23:06.419-0500] {logging_mixin.py:190} INFO - [2025-04-01T17:23:06.419-0500] {dag.py:3239} INFO - Sync 1 DAGs
[2025-04-01T17:23:06.430-0500] {logging_mixin.py:190} INFO - [2025-04-01T17:23:06.429-0500] {dag.py:4180} INFO - Setting next_dagrun for example_task_group_decorator to None, run_after=None
[2025-04-01T17:23:06.544-0500] {processor.py:208} INFO - Processing /mnt/d/Universidad/ETL/Proyecto_airflow/venv/lib/python3.12/site-packages/airflow/example_dags/example_task_group_decorator.py took 0.223 seconds
[2025-04-01T17:24:39.903-0500] {processor.py:186} INFO - Started process (PID=7150) to work on /mnt/d/Universidad/ETL/Proyecto_airflow/venv/lib/python3.12/site-packages/airflow/example_dags/example_task_group_decorator.py
[2025-04-01T17:24:39.904-0500] {processor.py:914} INFO - Processing file /mnt/d/Universidad/ETL/Proyecto_airflow/venv/lib/python3.12/site-packages/airflow/example_dags/example_task_group_decorator.py for tasks to queue
[2025-04-01T17:24:39.906-0500] {logging_mixin.py:190} INFO - [2025-04-01T17:24:39.906-0500] {dagbag.py:588} INFO - Filling up the DagBag from /mnt/d/Universidad/ETL/Proyecto_airflow/venv/lib/python3.12/site-packages/airflow/example_dags/example_task_group_decorator.py
[2025-04-01T17:24:39.963-0500] {processor.py:925} INFO - DAG(s) 'example_task_group_decorator' retrieved from /mnt/d/Universidad/ETL/Proyecto_airflow/venv/lib/python3.12/site-packages/airflow/example_dags/example_task_group_decorator.py
[2025-04-01T17:24:39.983-0500] {logging_mixin.py:190} INFO - [2025-04-01T17:24:39.982-0500] {dag.py:3239} INFO - Sync 1 DAGs
[2025-04-01T17:24:39.991-0500] {logging_mixin.py:190} INFO - [2025-04-01T17:24:39.991-0500] {dag.py:4180} INFO - Setting next_dagrun for example_task_group_decorator to None, run_after=None
[2025-04-01T17:24:40.099-0500] {processor.py:208} INFO - Processing /mnt/d/Universidad/ETL/Proyecto_airflow/venv/lib/python3.12/site-packages/airflow/example_dags/example_task_group_decorator.py took 0.203 seconds
[2025-04-01T17:26:16.170-0500] {processor.py:186} INFO - Started process (PID=7220) to work on /mnt/d/Universidad/ETL/Proyecto_airflow/venv/lib/python3.12/site-packages/airflow/example_dags/example_task_group_decorator.py
[2025-04-01T17:26:16.172-0500] {processor.py:914} INFO - Processing file /mnt/d/Universidad/ETL/Proyecto_airflow/venv/lib/python3.12/site-packages/airflow/example_dags/example_task_group_decorator.py for tasks to queue
[2025-04-01T17:26:16.174-0500] {logging_mixin.py:190} INFO - [2025-04-01T17:26:16.173-0500] {dagbag.py:588} INFO - Filling up the DagBag from /mnt/d/Universidad/ETL/Proyecto_airflow/venv/lib/python3.12/site-packages/airflow/example_dags/example_task_group_decorator.py
[2025-04-01T17:26:16.231-0500] {processor.py:925} INFO - DAG(s) 'example_task_group_decorator' retrieved from /mnt/d/Universidad/ETL/Proyecto_airflow/venv/lib/python3.12/site-packages/airflow/example_dags/example_task_group_decorator.py
[2025-04-01T17:26:16.251-0500] {logging_mixin.py:190} INFO - [2025-04-01T17:26:16.250-0500] {dag.py:3239} INFO - Sync 1 DAGs
[2025-04-01T17:26:16.260-0500] {logging_mixin.py:190} INFO - [2025-04-01T17:26:16.259-0500] {dag.py:4180} INFO - Setting next_dagrun for example_task_group_decorator to None, run_after=None
[2025-04-01T17:26:16.365-0500] {processor.py:208} INFO - Processing /mnt/d/Universidad/ETL/Proyecto_airflow/venv/lib/python3.12/site-packages/airflow/example_dags/example_task_group_decorator.py took 0.203 seconds
[2025-04-01T17:27:53.894-0500] {processor.py:186} INFO - Started process (PID=7292) to work on /mnt/d/Universidad/ETL/Proyecto_airflow/venv/lib/python3.12/site-packages/airflow/example_dags/example_task_group_decorator.py
[2025-04-01T17:27:53.896-0500] {processor.py:914} INFO - Processing file /mnt/d/Universidad/ETL/Proyecto_airflow/venv/lib/python3.12/site-packages/airflow/example_dags/example_task_group_decorator.py for tasks to queue
[2025-04-01T17:27:53.898-0500] {logging_mixin.py:190} INFO - [2025-04-01T17:27:53.897-0500] {dagbag.py:588} INFO - Filling up the DagBag from /mnt/d/Universidad/ETL/Proyecto_airflow/venv/lib/python3.12/site-packages/airflow/example_dags/example_task_group_decorator.py
[2025-04-01T17:27:53.956-0500] {processor.py:925} INFO - DAG(s) 'example_task_group_decorator' retrieved from /mnt/d/Universidad/ETL/Proyecto_airflow/venv/lib/python3.12/site-packages/airflow/example_dags/example_task_group_decorator.py
[2025-04-01T17:27:53.978-0500] {logging_mixin.py:190} INFO - [2025-04-01T17:27:53.977-0500] {dag.py:3239} INFO - Sync 1 DAGs
[2025-04-01T17:27:53.987-0500] {logging_mixin.py:190} INFO - [2025-04-01T17:27:53.986-0500] {dag.py:4180} INFO - Setting next_dagrun for example_task_group_decorator to None, run_after=None
[2025-04-01T17:27:54.143-0500] {processor.py:208} INFO - Processing /mnt/d/Universidad/ETL/Proyecto_airflow/venv/lib/python3.12/site-packages/airflow/example_dags/example_task_group_decorator.py took 0.256 seconds
[2025-04-01T17:29:19.183-0500] {processor.py:186} INFO - Started process (PID=7359) to work on /mnt/d/Universidad/ETL/Proyecto_airflow/venv/lib/python3.12/site-packages/airflow/example_dags/example_task_group_decorator.py
[2025-04-01T17:29:19.184-0500] {processor.py:914} INFO - Processing file /mnt/d/Universidad/ETL/Proyecto_airflow/venv/lib/python3.12/site-packages/airflow/example_dags/example_task_group_decorator.py for tasks to queue
[2025-04-01T17:29:19.186-0500] {logging_mixin.py:190} INFO - [2025-04-01T17:29:19.185-0500] {dagbag.py:588} INFO - Filling up the DagBag from /mnt/d/Universidad/ETL/Proyecto_airflow/venv/lib/python3.12/site-packages/airflow/example_dags/example_task_group_decorator.py
[2025-04-01T17:29:19.243-0500] {processor.py:925} INFO - DAG(s) 'example_task_group_decorator' retrieved from /mnt/d/Universidad/ETL/Proyecto_airflow/venv/lib/python3.12/site-packages/airflow/example_dags/example_task_group_decorator.py
[2025-04-01T17:29:19.263-0500] {logging_mixin.py:190} INFO - [2025-04-01T17:29:19.263-0500] {dag.py:3239} INFO - Sync 1 DAGs
[2025-04-01T17:29:19.272-0500] {logging_mixin.py:190} INFO - [2025-04-01T17:29:19.271-0500] {dag.py:4180} INFO - Setting next_dagrun for example_task_group_decorator to None, run_after=None
[2025-04-01T17:29:19.368-0500] {processor.py:208} INFO - Processing /mnt/d/Universidad/ETL/Proyecto_airflow/venv/lib/python3.12/site-packages/airflow/example_dags/example_task_group_decorator.py took 0.193 seconds
