[2025-04-01T16:14:55.526-0500] {processor.py:186} INFO - Started process (PID=4018) to work on /mnt/d/Universidad/ETL/Proyecto_airflow/venv/lib/python3.12/site-packages/airflow/example_dags/example_params_ui_tutorial.py
[2025-04-01T16:14:55.527-0500] {processor.py:914} INFO - Processing file /mnt/d/Universidad/ETL/Proyecto_airflow/venv/lib/python3.12/site-packages/airflow/example_dags/example_params_ui_tutorial.py for tasks to queue
[2025-04-01T16:14:55.529-0500] {logging_mixin.py:190} INFO - [2025-04-01T16:14:55.528-0500] {dagbag.py:588} INFO - Filling up the DagBag from /mnt/d/Universidad/ETL/Proyecto_airflow/venv/lib/python3.12/site-packages/airflow/example_dags/example_params_ui_tutorial.py
[2025-04-01T16:14:55.585-0500] {processor.py:925} INFO - DAG(s) 'example_params_ui_tutorial' retrieved from /mnt/d/Universidad/ETL/Proyecto_airflow/venv/lib/python3.12/site-packages/airflow/example_dags/example_params_ui_tutorial.py
[2025-04-01T16:14:56.712-0500] {logging_mixin.py:190} INFO - [2025-04-01T16:14:56.711-0500] {override.py:1930} INFO - Created Permission View: can delete on DAG:example_params_ui_tutorial
[2025-04-01T16:14:56.801-0500] {logging_mixin.py:190} INFO - [2025-04-01T16:14:56.800-0500] {override.py:1930} INFO - Created Permission View: can edit on DAG:example_params_ui_tutorial
[2025-04-01T16:14:56.887-0500] {logging_mixin.py:190} INFO - [2025-04-01T16:14:56.886-0500] {override.py:1930} INFO - Created Permission View: can read on DAG:example_params_ui_tutorial
[2025-04-01T16:14:57.025-0500] {logging_mixin.py:190} INFO - [2025-04-01T16:14:57.024-0500] {override.py:1930} INFO - Created Permission View: can create on DAG Run:example_params_ui_tutorial
[2025-04-01T16:14:57.094-0500] {logging_mixin.py:190} INFO - [2025-04-01T16:14:57.093-0500] {override.py:1930} INFO - Created Permission View: can delete on DAG Run:example_params_ui_tutorial
[2025-04-01T16:14:57.163-0500] {logging_mixin.py:190} INFO - [2025-04-01T16:14:57.162-0500] {override.py:1930} INFO - Created Permission View: menu access on DAG Run:example_params_ui_tutorial
[2025-04-01T16:14:57.231-0500] {logging_mixin.py:190} INFO - [2025-04-01T16:14:57.230-0500] {override.py:1930} INFO - Created Permission View: can read on DAG Run:example_params_ui_tutorial
[2025-04-01T16:14:57.233-0500] {logging_mixin.py:190} INFO - [2025-04-01T16:14:57.232-0500] {dag.py:3239} INFO - Sync 1 DAGs
[2025-04-01T16:14:57.247-0500] {logging_mixin.py:190} INFO - [2025-04-01T16:14:57.246-0500] {dag.py:3262} INFO - Creating ORM DAG for example_params_ui_tutorial
[2025-04-01T16:14:57.249-0500] {logging_mixin.py:190} INFO - [2025-04-01T16:14:57.248-0500] {dag.py:4180} INFO - Setting next_dagrun for example_params_ui_tutorial to None, run_after=None
[2025-04-01T16:14:57.338-0500] {processor.py:208} INFO - Processing /mnt/d/Universidad/ETL/Proyecto_airflow/venv/lib/python3.12/site-packages/airflow/example_dags/example_params_ui_tutorial.py took 1.821 seconds
[2025-04-01T16:16:37.006-0500] {processor.py:186} INFO - Started process (PID=4080) to work on /mnt/d/Universidad/ETL/Proyecto_airflow/venv/lib/python3.12/site-packages/airflow/example_dags/example_params_ui_tutorial.py
[2025-04-01T16:16:37.008-0500] {processor.py:914} INFO - Processing file /mnt/d/Universidad/ETL/Proyecto_airflow/venv/lib/python3.12/site-packages/airflow/example_dags/example_params_ui_tutorial.py for tasks to queue
[2025-04-01T16:16:37.010-0500] {logging_mixin.py:190} INFO - [2025-04-01T16:16:37.009-0500] {dagbag.py:588} INFO - Filling up the DagBag from /mnt/d/Universidad/ETL/Proyecto_airflow/venv/lib/python3.12/site-packages/airflow/example_dags/example_params_ui_tutorial.py
[2025-04-01T16:16:37.067-0500] {processor.py:925} INFO - DAG(s) 'example_params_ui_tutorial' retrieved from /mnt/d/Universidad/ETL/Proyecto_airflow/venv/lib/python3.12/site-packages/airflow/example_dags/example_params_ui_tutorial.py
[2025-04-01T16:16:37.108-0500] {logging_mixin.py:190} INFO - [2025-04-01T16:16:37.107-0500] {dag.py:3239} INFO - Sync 1 DAGs
[2025-04-01T16:16:37.119-0500] {logging_mixin.py:190} INFO - [2025-04-01T16:16:37.118-0500] {dag.py:4180} INFO - Setting next_dagrun for example_params_ui_tutorial to None, run_after=None
[2025-04-01T16:16:37.189-0500] {processor.py:208} INFO - Processing /mnt/d/Universidad/ETL/Proyecto_airflow/venv/lib/python3.12/site-packages/airflow/example_dags/example_params_ui_tutorial.py took 0.191 seconds
[2025-04-01T16:18:35.780-0500] {processor.py:186} INFO - Started process (PID=4151) to work on /mnt/d/Universidad/ETL/Proyecto_airflow/venv/lib/python3.12/site-packages/airflow/example_dags/example_params_ui_tutorial.py
[2025-04-01T16:18:35.781-0500] {processor.py:914} INFO - Processing file /mnt/d/Universidad/ETL/Proyecto_airflow/venv/lib/python3.12/site-packages/airflow/example_dags/example_params_ui_tutorial.py for tasks to queue
[2025-04-01T16:18:35.783-0500] {logging_mixin.py:190} INFO - [2025-04-01T16:18:35.783-0500] {dagbag.py:588} INFO - Filling up the DagBag from /mnt/d/Universidad/ETL/Proyecto_airflow/venv/lib/python3.12/site-packages/airflow/example_dags/example_params_ui_tutorial.py
[2025-04-01T16:18:35.837-0500] {processor.py:925} INFO - DAG(s) 'example_params_ui_tutorial' retrieved from /mnt/d/Universidad/ETL/Proyecto_airflow/venv/lib/python3.12/site-packages/airflow/example_dags/example_params_ui_tutorial.py
[2025-04-01T16:18:35.869-0500] {logging_mixin.py:190} INFO - [2025-04-01T16:18:35.868-0500] {dag.py:3239} INFO - Sync 1 DAGs
[2025-04-01T16:18:35.879-0500] {logging_mixin.py:190} INFO - [2025-04-01T16:18:35.878-0500] {dag.py:4180} INFO - Setting next_dagrun for example_params_ui_tutorial to None, run_after=None
[2025-04-01T16:18:35.959-0500] {processor.py:208} INFO - Processing /mnt/d/Universidad/ETL/Proyecto_airflow/venv/lib/python3.12/site-packages/airflow/example_dags/example_params_ui_tutorial.py took 0.188 seconds
[2025-04-01T16:20:07.338-0500] {processor.py:186} INFO - Started process (PID=4223) to work on /mnt/d/Universidad/ETL/Proyecto_airflow/venv/lib/python3.12/site-packages/airflow/example_dags/example_params_ui_tutorial.py
[2025-04-01T16:20:07.339-0500] {processor.py:914} INFO - Processing file /mnt/d/Universidad/ETL/Proyecto_airflow/venv/lib/python3.12/site-packages/airflow/example_dags/example_params_ui_tutorial.py for tasks to queue
[2025-04-01T16:20:07.341-0500] {logging_mixin.py:190} INFO - [2025-04-01T16:20:07.340-0500] {dagbag.py:588} INFO - Filling up the DagBag from /mnt/d/Universidad/ETL/Proyecto_airflow/venv/lib/python3.12/site-packages/airflow/example_dags/example_params_ui_tutorial.py
[2025-04-01T16:20:07.396-0500] {processor.py:925} INFO - DAG(s) 'example_params_ui_tutorial' retrieved from /mnt/d/Universidad/ETL/Proyecto_airflow/venv/lib/python3.12/site-packages/airflow/example_dags/example_params_ui_tutorial.py
[2025-04-01T16:20:07.426-0500] {logging_mixin.py:190} INFO - [2025-04-01T16:20:07.425-0500] {dag.py:3239} INFO - Sync 1 DAGs
[2025-04-01T16:20:07.435-0500] {logging_mixin.py:190} INFO - [2025-04-01T16:20:07.434-0500] {dag.py:4180} INFO - Setting next_dagrun for example_params_ui_tutorial to None, run_after=None
[2025-04-01T16:20:07.528-0500] {processor.py:208} INFO - Processing /mnt/d/Universidad/ETL/Proyecto_airflow/venv/lib/python3.12/site-packages/airflow/example_dags/example_params_ui_tutorial.py took 0.198 seconds
[2025-04-01T16:21:35.874-0500] {processor.py:186} INFO - Started process (PID=4296) to work on /mnt/d/Universidad/ETL/Proyecto_airflow/venv/lib/python3.12/site-packages/airflow/example_dags/example_params_ui_tutorial.py
[2025-04-01T16:21:35.875-0500] {processor.py:914} INFO - Processing file /mnt/d/Universidad/ETL/Proyecto_airflow/venv/lib/python3.12/site-packages/airflow/example_dags/example_params_ui_tutorial.py for tasks to queue
[2025-04-01T16:21:35.877-0500] {logging_mixin.py:190} INFO - [2025-04-01T16:21:35.877-0500] {dagbag.py:588} INFO - Filling up the DagBag from /mnt/d/Universidad/ETL/Proyecto_airflow/venv/lib/python3.12/site-packages/airflow/example_dags/example_params_ui_tutorial.py
[2025-04-01T16:21:35.931-0500] {processor.py:925} INFO - DAG(s) 'example_params_ui_tutorial' retrieved from /mnt/d/Universidad/ETL/Proyecto_airflow/venv/lib/python3.12/site-packages/airflow/example_dags/example_params_ui_tutorial.py
[2025-04-01T16:21:35.962-0500] {logging_mixin.py:190} INFO - [2025-04-01T16:21:35.961-0500] {dag.py:3239} INFO - Sync 1 DAGs
[2025-04-01T16:21:35.971-0500] {logging_mixin.py:190} INFO - [2025-04-01T16:21:35.970-0500] {dag.py:4180} INFO - Setting next_dagrun for example_params_ui_tutorial to None, run_after=None
[2025-04-01T16:21:36.073-0500] {processor.py:208} INFO - Processing /mnt/d/Universidad/ETL/Proyecto_airflow/venv/lib/python3.12/site-packages/airflow/example_dags/example_params_ui_tutorial.py took 0.207 seconds
[2025-04-01T16:22:58.084-0500] {processor.py:186} INFO - Started process (PID=4362) to work on /mnt/d/Universidad/ETL/Proyecto_airflow/venv/lib/python3.12/site-packages/airflow/example_dags/example_params_ui_tutorial.py
[2025-04-01T16:22:58.085-0500] {processor.py:914} INFO - Processing file /mnt/d/Universidad/ETL/Proyecto_airflow/venv/lib/python3.12/site-packages/airflow/example_dags/example_params_ui_tutorial.py for tasks to queue
[2025-04-01T16:22:58.087-0500] {logging_mixin.py:190} INFO - [2025-04-01T16:22:58.086-0500] {dagbag.py:588} INFO - Filling up the DagBag from /mnt/d/Universidad/ETL/Proyecto_airflow/venv/lib/python3.12/site-packages/airflow/example_dags/example_params_ui_tutorial.py
[2025-04-01T16:22:58.141-0500] {processor.py:925} INFO - DAG(s) 'example_params_ui_tutorial' retrieved from /mnt/d/Universidad/ETL/Proyecto_airflow/venv/lib/python3.12/site-packages/airflow/example_dags/example_params_ui_tutorial.py
[2025-04-01T16:22:58.171-0500] {logging_mixin.py:190} INFO - [2025-04-01T16:22:58.171-0500] {dag.py:3239} INFO - Sync 1 DAGs
[2025-04-01T16:22:58.181-0500] {logging_mixin.py:190} INFO - [2025-04-01T16:22:58.180-0500] {dag.py:4180} INFO - Setting next_dagrun for example_params_ui_tutorial to None, run_after=None
[2025-04-01T16:22:58.281-0500] {processor.py:208} INFO - Processing /mnt/d/Universidad/ETL/Proyecto_airflow/venv/lib/python3.12/site-packages/airflow/example_dags/example_params_ui_tutorial.py took 0.206 seconds
[2025-04-01T16:24:33.206-0500] {processor.py:186} INFO - Started process (PID=4434) to work on /mnt/d/Universidad/ETL/Proyecto_airflow/venv/lib/python3.12/site-packages/airflow/example_dags/example_params_ui_tutorial.py
[2025-04-01T16:24:33.207-0500] {processor.py:914} INFO - Processing file /mnt/d/Universidad/ETL/Proyecto_airflow/venv/lib/python3.12/site-packages/airflow/example_dags/example_params_ui_tutorial.py for tasks to queue
[2025-04-01T16:24:33.209-0500] {logging_mixin.py:190} INFO - [2025-04-01T16:24:33.209-0500] {dagbag.py:588} INFO - Filling up the DagBag from /mnt/d/Universidad/ETL/Proyecto_airflow/venv/lib/python3.12/site-packages/airflow/example_dags/example_params_ui_tutorial.py
[2025-04-01T16:24:33.263-0500] {processor.py:925} INFO - DAG(s) 'example_params_ui_tutorial' retrieved from /mnt/d/Universidad/ETL/Proyecto_airflow/venv/lib/python3.12/site-packages/airflow/example_dags/example_params_ui_tutorial.py
[2025-04-01T16:24:33.294-0500] {logging_mixin.py:190} INFO - [2025-04-01T16:24:33.293-0500] {dag.py:3239} INFO - Sync 1 DAGs
[2025-04-01T16:24:33.303-0500] {logging_mixin.py:190} INFO - [2025-04-01T16:24:33.302-0500] {dag.py:4180} INFO - Setting next_dagrun for example_params_ui_tutorial to None, run_after=None
[2025-04-01T16:24:33.386-0500] {processor.py:208} INFO - Processing /mnt/d/Universidad/ETL/Proyecto_airflow/venv/lib/python3.12/site-packages/airflow/example_dags/example_params_ui_tutorial.py took 0.188 seconds
[2025-04-01T16:26:09.023-0500] {processor.py:186} INFO - Started process (PID=4505) to work on /mnt/d/Universidad/ETL/Proyecto_airflow/venv/lib/python3.12/site-packages/airflow/example_dags/example_params_ui_tutorial.py
[2025-04-01T16:26:09.024-0500] {processor.py:914} INFO - Processing file /mnt/d/Universidad/ETL/Proyecto_airflow/venv/lib/python3.12/site-packages/airflow/example_dags/example_params_ui_tutorial.py for tasks to queue
[2025-04-01T16:26:09.027-0500] {logging_mixin.py:190} INFO - [2025-04-01T16:26:09.026-0500] {dagbag.py:588} INFO - Filling up the DagBag from /mnt/d/Universidad/ETL/Proyecto_airflow/venv/lib/python3.12/site-packages/airflow/example_dags/example_params_ui_tutorial.py
[2025-04-01T16:26:09.085-0500] {processor.py:925} INFO - DAG(s) 'example_params_ui_tutorial' retrieved from /mnt/d/Universidad/ETL/Proyecto_airflow/venv/lib/python3.12/site-packages/airflow/example_dags/example_params_ui_tutorial.py
[2025-04-01T16:26:09.177-0500] {logging_mixin.py:190} INFO - [2025-04-01T16:26:09.176-0500] {dag.py:3239} INFO - Sync 1 DAGs
[2025-04-01T16:26:09.186-0500] {logging_mixin.py:190} INFO - [2025-04-01T16:26:09.185-0500] {dag.py:4180} INFO - Setting next_dagrun for example_params_ui_tutorial to None, run_after=None
[2025-04-01T16:26:09.301-0500] {processor.py:208} INFO - Processing /mnt/d/Universidad/ETL/Proyecto_airflow/venv/lib/python3.12/site-packages/airflow/example_dags/example_params_ui_tutorial.py took 0.286 seconds
[2025-04-01T16:27:39.864-0500] {processor.py:186} INFO - Started process (PID=4576) to work on /mnt/d/Universidad/ETL/Proyecto_airflow/venv/lib/python3.12/site-packages/airflow/example_dags/example_params_ui_tutorial.py
[2025-04-01T16:27:39.866-0500] {processor.py:914} INFO - Processing file /mnt/d/Universidad/ETL/Proyecto_airflow/venv/lib/python3.12/site-packages/airflow/example_dags/example_params_ui_tutorial.py for tasks to queue
[2025-04-01T16:27:39.868-0500] {logging_mixin.py:190} INFO - [2025-04-01T16:27:39.867-0500] {dagbag.py:588} INFO - Filling up the DagBag from /mnt/d/Universidad/ETL/Proyecto_airflow/venv/lib/python3.12/site-packages/airflow/example_dags/example_params_ui_tutorial.py
[2025-04-01T16:27:39.923-0500] {processor.py:925} INFO - DAG(s) 'example_params_ui_tutorial' retrieved from /mnt/d/Universidad/ETL/Proyecto_airflow/venv/lib/python3.12/site-packages/airflow/example_dags/example_params_ui_tutorial.py
[2025-04-01T16:27:39.954-0500] {logging_mixin.py:190} INFO - [2025-04-01T16:27:39.953-0500] {dag.py:3239} INFO - Sync 1 DAGs
[2025-04-01T16:27:39.963-0500] {logging_mixin.py:190} INFO - [2025-04-01T16:27:39.963-0500] {dag.py:4180} INFO - Setting next_dagrun for example_params_ui_tutorial to None, run_after=None
[2025-04-01T16:27:40.040-0500] {processor.py:208} INFO - Processing /mnt/d/Universidad/ETL/Proyecto_airflow/venv/lib/python3.12/site-packages/airflow/example_dags/example_params_ui_tutorial.py took 0.183 seconds
[2025-04-01T16:29:09.286-0500] {processor.py:186} INFO - Started process (PID=4646) to work on /mnt/d/Universidad/ETL/Proyecto_airflow/venv/lib/python3.12/site-packages/airflow/example_dags/example_params_ui_tutorial.py
[2025-04-01T16:29:09.287-0500] {processor.py:914} INFO - Processing file /mnt/d/Universidad/ETL/Proyecto_airflow/venv/lib/python3.12/site-packages/airflow/example_dags/example_params_ui_tutorial.py for tasks to queue
[2025-04-01T16:29:09.289-0500] {logging_mixin.py:190} INFO - [2025-04-01T16:29:09.289-0500] {dagbag.py:588} INFO - Filling up the DagBag from /mnt/d/Universidad/ETL/Proyecto_airflow/venv/lib/python3.12/site-packages/airflow/example_dags/example_params_ui_tutorial.py
[2025-04-01T16:29:09.343-0500] {processor.py:925} INFO - DAG(s) 'example_params_ui_tutorial' retrieved from /mnt/d/Universidad/ETL/Proyecto_airflow/venv/lib/python3.12/site-packages/airflow/example_dags/example_params_ui_tutorial.py
[2025-04-01T16:29:09.374-0500] {logging_mixin.py:190} INFO - [2025-04-01T16:29:09.373-0500] {dag.py:3239} INFO - Sync 1 DAGs
[2025-04-01T16:29:09.383-0500] {logging_mixin.py:190} INFO - [2025-04-01T16:29:09.382-0500] {dag.py:4180} INFO - Setting next_dagrun for example_params_ui_tutorial to None, run_after=None
[2025-04-01T16:29:09.474-0500] {processor.py:208} INFO - Processing /mnt/d/Universidad/ETL/Proyecto_airflow/venv/lib/python3.12/site-packages/airflow/example_dags/example_params_ui_tutorial.py took 0.195 seconds
[2025-04-01T16:30:40.108-0500] {processor.py:186} INFO - Started process (PID=4718) to work on /mnt/d/Universidad/ETL/Proyecto_airflow/venv/lib/python3.12/site-packages/airflow/example_dags/example_params_ui_tutorial.py
[2025-04-01T16:30:40.109-0500] {processor.py:914} INFO - Processing file /mnt/d/Universidad/ETL/Proyecto_airflow/venv/lib/python3.12/site-packages/airflow/example_dags/example_params_ui_tutorial.py for tasks to queue
[2025-04-01T16:30:40.111-0500] {logging_mixin.py:190} INFO - [2025-04-01T16:30:40.111-0500] {dagbag.py:588} INFO - Filling up the DagBag from /mnt/d/Universidad/ETL/Proyecto_airflow/venv/lib/python3.12/site-packages/airflow/example_dags/example_params_ui_tutorial.py
[2025-04-01T16:30:40.167-0500] {processor.py:925} INFO - DAG(s) 'example_params_ui_tutorial' retrieved from /mnt/d/Universidad/ETL/Proyecto_airflow/venv/lib/python3.12/site-packages/airflow/example_dags/example_params_ui_tutorial.py
[2025-04-01T16:30:40.198-0500] {logging_mixin.py:190} INFO - [2025-04-01T16:30:40.198-0500] {dag.py:3239} INFO - Sync 1 DAGs
[2025-04-01T16:30:40.207-0500] {logging_mixin.py:190} INFO - [2025-04-01T16:30:40.207-0500] {dag.py:4180} INFO - Setting next_dagrun for example_params_ui_tutorial to None, run_after=None
[2025-04-01T16:30:40.298-0500] {processor.py:208} INFO - Processing /mnt/d/Universidad/ETL/Proyecto_airflow/venv/lib/python3.12/site-packages/airflow/example_dags/example_params_ui_tutorial.py took 0.198 seconds
[2025-04-01T16:32:17.934-0500] {processor.py:186} INFO - Started process (PID=4791) to work on /mnt/d/Universidad/ETL/Proyecto_airflow/venv/lib/python3.12/site-packages/airflow/example_dags/example_params_ui_tutorial.py
[2025-04-01T16:32:17.935-0500] {processor.py:914} INFO - Processing file /mnt/d/Universidad/ETL/Proyecto_airflow/venv/lib/python3.12/site-packages/airflow/example_dags/example_params_ui_tutorial.py for tasks to queue
[2025-04-01T16:32:17.937-0500] {logging_mixin.py:190} INFO - [2025-04-01T16:32:17.936-0500] {dagbag.py:588} INFO - Filling up the DagBag from /mnt/d/Universidad/ETL/Proyecto_airflow/venv/lib/python3.12/site-packages/airflow/example_dags/example_params_ui_tutorial.py
[2025-04-01T16:32:17.991-0500] {processor.py:925} INFO - DAG(s) 'example_params_ui_tutorial' retrieved from /mnt/d/Universidad/ETL/Proyecto_airflow/venv/lib/python3.12/site-packages/airflow/example_dags/example_params_ui_tutorial.py
[2025-04-01T16:32:18.022-0500] {logging_mixin.py:190} INFO - [2025-04-01T16:32:18.021-0500] {dag.py:3239} INFO - Sync 1 DAGs
[2025-04-01T16:32:18.031-0500] {logging_mixin.py:190} INFO - [2025-04-01T16:32:18.031-0500] {dag.py:4180} INFO - Setting next_dagrun for example_params_ui_tutorial to None, run_after=None
[2025-04-01T16:32:18.133-0500] {processor.py:208} INFO - Processing /mnt/d/Universidad/ETL/Proyecto_airflow/venv/lib/python3.12/site-packages/airflow/example_dags/example_params_ui_tutorial.py took 0.207 seconds
[2025-04-01T16:33:49.548-0500] {processor.py:186} INFO - Started process (PID=4861) to work on /mnt/d/Universidad/ETL/Proyecto_airflow/venv/lib/python3.12/site-packages/airflow/example_dags/example_params_ui_tutorial.py
[2025-04-01T16:33:49.549-0500] {processor.py:914} INFO - Processing file /mnt/d/Universidad/ETL/Proyecto_airflow/venv/lib/python3.12/site-packages/airflow/example_dags/example_params_ui_tutorial.py for tasks to queue
[2025-04-01T16:33:49.552-0500] {logging_mixin.py:190} INFO - [2025-04-01T16:33:49.551-0500] {dagbag.py:588} INFO - Filling up the DagBag from /mnt/d/Universidad/ETL/Proyecto_airflow/venv/lib/python3.12/site-packages/airflow/example_dags/example_params_ui_tutorial.py
[2025-04-01T16:33:49.610-0500] {processor.py:925} INFO - DAG(s) 'example_params_ui_tutorial' retrieved from /mnt/d/Universidad/ETL/Proyecto_airflow/venv/lib/python3.12/site-packages/airflow/example_dags/example_params_ui_tutorial.py
[2025-04-01T16:33:49.644-0500] {logging_mixin.py:190} INFO - [2025-04-01T16:33:49.644-0500] {dag.py:3239} INFO - Sync 1 DAGs
[2025-04-01T16:33:49.654-0500] {logging_mixin.py:190} INFO - [2025-04-01T16:33:49.654-0500] {dag.py:4180} INFO - Setting next_dagrun for example_params_ui_tutorial to None, run_after=None
[2025-04-01T16:33:49.744-0500] {processor.py:208} INFO - Processing /mnt/d/Universidad/ETL/Proyecto_airflow/venv/lib/python3.12/site-packages/airflow/example_dags/example_params_ui_tutorial.py took 0.205 seconds
[2025-04-01T16:35:16.034-0500] {processor.py:186} INFO - Started process (PID=4930) to work on /mnt/d/Universidad/ETL/Proyecto_airflow/venv/lib/python3.12/site-packages/airflow/example_dags/example_params_ui_tutorial.py
[2025-04-01T16:35:16.035-0500] {processor.py:914} INFO - Processing file /mnt/d/Universidad/ETL/Proyecto_airflow/venv/lib/python3.12/site-packages/airflow/example_dags/example_params_ui_tutorial.py for tasks to queue
[2025-04-01T16:35:16.037-0500] {logging_mixin.py:190} INFO - [2025-04-01T16:35:16.036-0500] {dagbag.py:588} INFO - Filling up the DagBag from /mnt/d/Universidad/ETL/Proyecto_airflow/venv/lib/python3.12/site-packages/airflow/example_dags/example_params_ui_tutorial.py
[2025-04-01T16:35:16.092-0500] {processor.py:925} INFO - DAG(s) 'example_params_ui_tutorial' retrieved from /mnt/d/Universidad/ETL/Proyecto_airflow/venv/lib/python3.12/site-packages/airflow/example_dags/example_params_ui_tutorial.py
[2025-04-01T16:35:16.125-0500] {logging_mixin.py:190} INFO - [2025-04-01T16:35:16.124-0500] {dag.py:3239} INFO - Sync 1 DAGs
[2025-04-01T16:35:16.135-0500] {logging_mixin.py:190} INFO - [2025-04-01T16:35:16.134-0500] {dag.py:4180} INFO - Setting next_dagrun for example_params_ui_tutorial to None, run_after=None
[2025-04-01T16:35:16.236-0500] {processor.py:208} INFO - Processing /mnt/d/Universidad/ETL/Proyecto_airflow/venv/lib/python3.12/site-packages/airflow/example_dags/example_params_ui_tutorial.py took 0.210 seconds
[2025-04-01T16:36:50.660-0500] {processor.py:186} INFO - Started process (PID=5001) to work on /mnt/d/Universidad/ETL/Proyecto_airflow/venv/lib/python3.12/site-packages/airflow/example_dags/example_params_ui_tutorial.py
[2025-04-01T16:36:50.661-0500] {processor.py:914} INFO - Processing file /mnt/d/Universidad/ETL/Proyecto_airflow/venv/lib/python3.12/site-packages/airflow/example_dags/example_params_ui_tutorial.py for tasks to queue
[2025-04-01T16:36:50.663-0500] {logging_mixin.py:190} INFO - [2025-04-01T16:36:50.662-0500] {dagbag.py:588} INFO - Filling up the DagBag from /mnt/d/Universidad/ETL/Proyecto_airflow/venv/lib/python3.12/site-packages/airflow/example_dags/example_params_ui_tutorial.py
[2025-04-01T16:36:50.718-0500] {processor.py:925} INFO - DAG(s) 'example_params_ui_tutorial' retrieved from /mnt/d/Universidad/ETL/Proyecto_airflow/venv/lib/python3.12/site-packages/airflow/example_dags/example_params_ui_tutorial.py
[2025-04-01T16:36:50.749-0500] {logging_mixin.py:190} INFO - [2025-04-01T16:36:50.748-0500] {dag.py:3239} INFO - Sync 1 DAGs
[2025-04-01T16:36:50.758-0500] {logging_mixin.py:190} INFO - [2025-04-01T16:36:50.757-0500] {dag.py:4180} INFO - Setting next_dagrun for example_params_ui_tutorial to None, run_after=None
[2025-04-01T16:36:50.835-0500] {processor.py:208} INFO - Processing /mnt/d/Universidad/ETL/Proyecto_airflow/venv/lib/python3.12/site-packages/airflow/example_dags/example_params_ui_tutorial.py took 0.183 seconds
[2025-04-01T16:38:23.265-0500] {processor.py:186} INFO - Started process (PID=5070) to work on /mnt/d/Universidad/ETL/Proyecto_airflow/venv/lib/python3.12/site-packages/airflow/example_dags/example_params_ui_tutorial.py
[2025-04-01T16:38:23.266-0500] {processor.py:914} INFO - Processing file /mnt/d/Universidad/ETL/Proyecto_airflow/venv/lib/python3.12/site-packages/airflow/example_dags/example_params_ui_tutorial.py for tasks to queue
[2025-04-01T16:38:23.268-0500] {logging_mixin.py:190} INFO - [2025-04-01T16:38:23.267-0500] {dagbag.py:588} INFO - Filling up the DagBag from /mnt/d/Universidad/ETL/Proyecto_airflow/venv/lib/python3.12/site-packages/airflow/example_dags/example_params_ui_tutorial.py
[2025-04-01T16:38:23.327-0500] {processor.py:925} INFO - DAG(s) 'example_params_ui_tutorial' retrieved from /mnt/d/Universidad/ETL/Proyecto_airflow/venv/lib/python3.12/site-packages/airflow/example_dags/example_params_ui_tutorial.py
[2025-04-01T16:38:23.362-0500] {logging_mixin.py:190} INFO - [2025-04-01T16:38:23.361-0500] {dag.py:3239} INFO - Sync 1 DAGs
[2025-04-01T16:38:23.371-0500] {logging_mixin.py:190} INFO - [2025-04-01T16:38:23.371-0500] {dag.py:4180} INFO - Setting next_dagrun for example_params_ui_tutorial to None, run_after=None
[2025-04-01T16:38:23.481-0500] {processor.py:208} INFO - Processing /mnt/d/Universidad/ETL/Proyecto_airflow/venv/lib/python3.12/site-packages/airflow/example_dags/example_params_ui_tutorial.py took 0.225 seconds
[2025-04-01T16:39:53.503-0500] {processor.py:186} INFO - Started process (PID=5141) to work on /mnt/d/Universidad/ETL/Proyecto_airflow/venv/lib/python3.12/site-packages/airflow/example_dags/example_params_ui_tutorial.py
[2025-04-01T16:39:53.504-0500] {processor.py:914} INFO - Processing file /mnt/d/Universidad/ETL/Proyecto_airflow/venv/lib/python3.12/site-packages/airflow/example_dags/example_params_ui_tutorial.py for tasks to queue
[2025-04-01T16:39:53.506-0500] {logging_mixin.py:190} INFO - [2025-04-01T16:39:53.506-0500] {dagbag.py:588} INFO - Filling up the DagBag from /mnt/d/Universidad/ETL/Proyecto_airflow/venv/lib/python3.12/site-packages/airflow/example_dags/example_params_ui_tutorial.py
[2025-04-01T16:39:53.561-0500] {processor.py:925} INFO - DAG(s) 'example_params_ui_tutorial' retrieved from /mnt/d/Universidad/ETL/Proyecto_airflow/venv/lib/python3.12/site-packages/airflow/example_dags/example_params_ui_tutorial.py
[2025-04-01T16:39:53.611-0500] {logging_mixin.py:190} INFO - [2025-04-01T16:39:53.610-0500] {dag.py:3239} INFO - Sync 1 DAGs
[2025-04-01T16:39:53.620-0500] {logging_mixin.py:190} INFO - [2025-04-01T16:39:53.619-0500] {dag.py:4180} INFO - Setting next_dagrun for example_params_ui_tutorial to None, run_after=None
[2025-04-01T16:39:53.689-0500] {processor.py:208} INFO - Processing /mnt/d/Universidad/ETL/Proyecto_airflow/venv/lib/python3.12/site-packages/airflow/example_dags/example_params_ui_tutorial.py took 0.194 seconds
[2025-04-01T16:41:32.636-0500] {processor.py:186} INFO - Started process (PID=5215) to work on /mnt/d/Universidad/ETL/Proyecto_airflow/venv/lib/python3.12/site-packages/airflow/example_dags/example_params_ui_tutorial.py
[2025-04-01T16:41:32.637-0500] {processor.py:914} INFO - Processing file /mnt/d/Universidad/ETL/Proyecto_airflow/venv/lib/python3.12/site-packages/airflow/example_dags/example_params_ui_tutorial.py for tasks to queue
[2025-04-01T16:41:32.639-0500] {logging_mixin.py:190} INFO - [2025-04-01T16:41:32.638-0500] {dagbag.py:588} INFO - Filling up the DagBag from /mnt/d/Universidad/ETL/Proyecto_airflow/venv/lib/python3.12/site-packages/airflow/example_dags/example_params_ui_tutorial.py
[2025-04-01T16:41:32.695-0500] {processor.py:925} INFO - DAG(s) 'example_params_ui_tutorial' retrieved from /mnt/d/Universidad/ETL/Proyecto_airflow/venv/lib/python3.12/site-packages/airflow/example_dags/example_params_ui_tutorial.py
[2025-04-01T16:41:32.728-0500] {logging_mixin.py:190} INFO - [2025-04-01T16:41:32.728-0500] {dag.py:3239} INFO - Sync 1 DAGs
[2025-04-01T16:41:32.739-0500] {logging_mixin.py:190} INFO - [2025-04-01T16:41:32.738-0500] {dag.py:4180} INFO - Setting next_dagrun for example_params_ui_tutorial to None, run_after=None
[2025-04-01T16:41:32.825-0500] {processor.py:208} INFO - Processing /mnt/d/Universidad/ETL/Proyecto_airflow/venv/lib/python3.12/site-packages/airflow/example_dags/example_params_ui_tutorial.py took 0.197 seconds
[2025-04-01T16:43:04.574-0500] {processor.py:186} INFO - Started process (PID=5285) to work on /mnt/d/Universidad/ETL/Proyecto_airflow/venv/lib/python3.12/site-packages/airflow/example_dags/example_params_ui_tutorial.py
[2025-04-01T16:43:04.575-0500] {processor.py:914} INFO - Processing file /mnt/d/Universidad/ETL/Proyecto_airflow/venv/lib/python3.12/site-packages/airflow/example_dags/example_params_ui_tutorial.py for tasks to queue
[2025-04-01T16:43:04.577-0500] {logging_mixin.py:190} INFO - [2025-04-01T16:43:04.576-0500] {dagbag.py:588} INFO - Filling up the DagBag from /mnt/d/Universidad/ETL/Proyecto_airflow/venv/lib/python3.12/site-packages/airflow/example_dags/example_params_ui_tutorial.py
[2025-04-01T16:43:04.631-0500] {processor.py:925} INFO - DAG(s) 'example_params_ui_tutorial' retrieved from /mnt/d/Universidad/ETL/Proyecto_airflow/venv/lib/python3.12/site-packages/airflow/example_dags/example_params_ui_tutorial.py
[2025-04-01T16:43:04.661-0500] {logging_mixin.py:190} INFO - [2025-04-01T16:43:04.660-0500] {dag.py:3239} INFO - Sync 1 DAGs
[2025-04-01T16:43:04.670-0500] {logging_mixin.py:190} INFO - [2025-04-01T16:43:04.670-0500] {dag.py:4180} INFO - Setting next_dagrun for example_params_ui_tutorial to None, run_after=None
[2025-04-01T16:43:04.772-0500] {processor.py:208} INFO - Processing /mnt/d/Universidad/ETL/Proyecto_airflow/venv/lib/python3.12/site-packages/airflow/example_dags/example_params_ui_tutorial.py took 0.206 seconds
[2025-04-01T16:44:37.740-0500] {processor.py:186} INFO - Started process (PID=5356) to work on /mnt/d/Universidad/ETL/Proyecto_airflow/venv/lib/python3.12/site-packages/airflow/example_dags/example_params_ui_tutorial.py
[2025-04-01T16:44:37.741-0500] {processor.py:914} INFO - Processing file /mnt/d/Universidad/ETL/Proyecto_airflow/venv/lib/python3.12/site-packages/airflow/example_dags/example_params_ui_tutorial.py for tasks to queue
[2025-04-01T16:44:37.744-0500] {logging_mixin.py:190} INFO - [2025-04-01T16:44:37.743-0500] {dagbag.py:588} INFO - Filling up the DagBag from /mnt/d/Universidad/ETL/Proyecto_airflow/venv/lib/python3.12/site-packages/airflow/example_dags/example_params_ui_tutorial.py
[2025-04-01T16:44:37.797-0500] {processor.py:925} INFO - DAG(s) 'example_params_ui_tutorial' retrieved from /mnt/d/Universidad/ETL/Proyecto_airflow/venv/lib/python3.12/site-packages/airflow/example_dags/example_params_ui_tutorial.py
[2025-04-01T16:44:37.828-0500] {logging_mixin.py:190} INFO - [2025-04-01T16:44:37.828-0500] {dag.py:3239} INFO - Sync 1 DAGs
[2025-04-01T16:44:37.837-0500] {logging_mixin.py:190} INFO - [2025-04-01T16:44:37.837-0500] {dag.py:4180} INFO - Setting next_dagrun for example_params_ui_tutorial to None, run_after=None
[2025-04-01T16:44:37.918-0500] {processor.py:208} INFO - Processing /mnt/d/Universidad/ETL/Proyecto_airflow/venv/lib/python3.12/site-packages/airflow/example_dags/example_params_ui_tutorial.py took 0.186 seconds
[2025-04-01T16:46:16.136-0500] {processor.py:186} INFO - Started process (PID=5429) to work on /mnt/d/Universidad/ETL/Proyecto_airflow/venv/lib/python3.12/site-packages/airflow/example_dags/example_params_ui_tutorial.py
[2025-04-01T16:46:16.137-0500] {processor.py:914} INFO - Processing file /mnt/d/Universidad/ETL/Proyecto_airflow/venv/lib/python3.12/site-packages/airflow/example_dags/example_params_ui_tutorial.py for tasks to queue
[2025-04-01T16:46:16.140-0500] {logging_mixin.py:190} INFO - [2025-04-01T16:46:16.139-0500] {dagbag.py:588} INFO - Filling up the DagBag from /mnt/d/Universidad/ETL/Proyecto_airflow/venv/lib/python3.12/site-packages/airflow/example_dags/example_params_ui_tutorial.py
[2025-04-01T16:46:16.193-0500] {processor.py:925} INFO - DAG(s) 'example_params_ui_tutorial' retrieved from /mnt/d/Universidad/ETL/Proyecto_airflow/venv/lib/python3.12/site-packages/airflow/example_dags/example_params_ui_tutorial.py
[2025-04-01T16:46:16.223-0500] {logging_mixin.py:190} INFO - [2025-04-01T16:46:16.222-0500] {dag.py:3239} INFO - Sync 1 DAGs
[2025-04-01T16:46:16.232-0500] {logging_mixin.py:190} INFO - [2025-04-01T16:46:16.231-0500] {dag.py:4180} INFO - Setting next_dagrun for example_params_ui_tutorial to None, run_after=None
[2025-04-01T16:46:16.312-0500] {processor.py:208} INFO - Processing /mnt/d/Universidad/ETL/Proyecto_airflow/venv/lib/python3.12/site-packages/airflow/example_dags/example_params_ui_tutorial.py took 0.184 seconds
[2025-04-01T16:47:52.616-0500] {processor.py:186} INFO - Started process (PID=5501) to work on /mnt/d/Universidad/ETL/Proyecto_airflow/venv/lib/python3.12/site-packages/airflow/example_dags/example_params_ui_tutorial.py
[2025-04-01T16:47:52.617-0500] {processor.py:914} INFO - Processing file /mnt/d/Universidad/ETL/Proyecto_airflow/venv/lib/python3.12/site-packages/airflow/example_dags/example_params_ui_tutorial.py for tasks to queue
[2025-04-01T16:47:52.619-0500] {logging_mixin.py:190} INFO - [2025-04-01T16:47:52.618-0500] {dagbag.py:588} INFO - Filling up the DagBag from /mnt/d/Universidad/ETL/Proyecto_airflow/venv/lib/python3.12/site-packages/airflow/example_dags/example_params_ui_tutorial.py
[2025-04-01T16:47:52.674-0500] {processor.py:925} INFO - DAG(s) 'example_params_ui_tutorial' retrieved from /mnt/d/Universidad/ETL/Proyecto_airflow/venv/lib/python3.12/site-packages/airflow/example_dags/example_params_ui_tutorial.py
[2025-04-01T16:47:52.706-0500] {logging_mixin.py:190} INFO - [2025-04-01T16:47:52.705-0500] {dag.py:3239} INFO - Sync 1 DAGs
[2025-04-01T16:47:52.715-0500] {logging_mixin.py:190} INFO - [2025-04-01T16:47:52.714-0500] {dag.py:4180} INFO - Setting next_dagrun for example_params_ui_tutorial to None, run_after=None
[2025-04-01T16:47:52.802-0500] {processor.py:208} INFO - Processing /mnt/d/Universidad/ETL/Proyecto_airflow/venv/lib/python3.12/site-packages/airflow/example_dags/example_params_ui_tutorial.py took 0.195 seconds
[2025-04-01T16:49:22.168-0500] {processor.py:186} INFO - Started process (PID=5570) to work on /mnt/d/Universidad/ETL/Proyecto_airflow/venv/lib/python3.12/site-packages/airflow/example_dags/example_params_ui_tutorial.py
[2025-04-01T16:49:22.169-0500] {processor.py:914} INFO - Processing file /mnt/d/Universidad/ETL/Proyecto_airflow/venv/lib/python3.12/site-packages/airflow/example_dags/example_params_ui_tutorial.py for tasks to queue
[2025-04-01T16:49:22.172-0500] {logging_mixin.py:190} INFO - [2025-04-01T16:49:22.171-0500] {dagbag.py:588} INFO - Filling up the DagBag from /mnt/d/Universidad/ETL/Proyecto_airflow/venv/lib/python3.12/site-packages/airflow/example_dags/example_params_ui_tutorial.py
[2025-04-01T16:49:22.224-0500] {processor.py:925} INFO - DAG(s) 'example_params_ui_tutorial' retrieved from /mnt/d/Universidad/ETL/Proyecto_airflow/venv/lib/python3.12/site-packages/airflow/example_dags/example_params_ui_tutorial.py
[2025-04-01T16:49:22.255-0500] {logging_mixin.py:190} INFO - [2025-04-01T16:49:22.254-0500] {dag.py:3239} INFO - Sync 1 DAGs
[2025-04-01T16:49:22.264-0500] {logging_mixin.py:190} INFO - [2025-04-01T16:49:22.263-0500] {dag.py:4180} INFO - Setting next_dagrun for example_params_ui_tutorial to None, run_after=None
[2025-04-01T16:49:22.356-0500] {processor.py:208} INFO - Processing /mnt/d/Universidad/ETL/Proyecto_airflow/venv/lib/python3.12/site-packages/airflow/example_dags/example_params_ui_tutorial.py took 0.195 seconds
[2025-04-01T16:50:50.039-0500] {processor.py:186} INFO - Started process (PID=5639) to work on /mnt/d/Universidad/ETL/Proyecto_airflow/venv/lib/python3.12/site-packages/airflow/example_dags/example_params_ui_tutorial.py
[2025-04-01T16:50:50.040-0500] {processor.py:914} INFO - Processing file /mnt/d/Universidad/ETL/Proyecto_airflow/venv/lib/python3.12/site-packages/airflow/example_dags/example_params_ui_tutorial.py for tasks to queue
[2025-04-01T16:50:50.043-0500] {logging_mixin.py:190} INFO - [2025-04-01T16:50:50.042-0500] {dagbag.py:588} INFO - Filling up the DagBag from /mnt/d/Universidad/ETL/Proyecto_airflow/venv/lib/python3.12/site-packages/airflow/example_dags/example_params_ui_tutorial.py
[2025-04-01T16:50:50.095-0500] {processor.py:925} INFO - DAG(s) 'example_params_ui_tutorial' retrieved from /mnt/d/Universidad/ETL/Proyecto_airflow/venv/lib/python3.12/site-packages/airflow/example_dags/example_params_ui_tutorial.py
[2025-04-01T16:50:50.125-0500] {logging_mixin.py:190} INFO - [2025-04-01T16:50:50.125-0500] {dag.py:3239} INFO - Sync 1 DAGs
[2025-04-01T16:50:50.134-0500] {logging_mixin.py:190} INFO - [2025-04-01T16:50:50.134-0500] {dag.py:4180} INFO - Setting next_dagrun for example_params_ui_tutorial to None, run_after=None
[2025-04-01T16:50:50.210-0500] {processor.py:208} INFO - Processing /mnt/d/Universidad/ETL/Proyecto_airflow/venv/lib/python3.12/site-packages/airflow/example_dags/example_params_ui_tutorial.py took 0.179 seconds
[2025-04-01T16:52:33.371-0500] {processor.py:186} INFO - Started process (PID=5713) to work on /mnt/d/Universidad/ETL/Proyecto_airflow/venv/lib/python3.12/site-packages/airflow/example_dags/example_params_ui_tutorial.py
[2025-04-01T16:52:33.372-0500] {processor.py:914} INFO - Processing file /mnt/d/Universidad/ETL/Proyecto_airflow/venv/lib/python3.12/site-packages/airflow/example_dags/example_params_ui_tutorial.py for tasks to queue
[2025-04-01T16:52:33.374-0500] {logging_mixin.py:190} INFO - [2025-04-01T16:52:33.374-0500] {dagbag.py:588} INFO - Filling up the DagBag from /mnt/d/Universidad/ETL/Proyecto_airflow/venv/lib/python3.12/site-packages/airflow/example_dags/example_params_ui_tutorial.py
[2025-04-01T16:52:33.431-0500] {processor.py:925} INFO - DAG(s) 'example_params_ui_tutorial' retrieved from /mnt/d/Universidad/ETL/Proyecto_airflow/venv/lib/python3.12/site-packages/airflow/example_dags/example_params_ui_tutorial.py
[2025-04-01T16:52:33.462-0500] {logging_mixin.py:190} INFO - [2025-04-01T16:52:33.461-0500] {dag.py:3239} INFO - Sync 1 DAGs
[2025-04-01T16:52:33.472-0500] {logging_mixin.py:190} INFO - [2025-04-01T16:52:33.471-0500] {dag.py:4180} INFO - Setting next_dagrun for example_params_ui_tutorial to None, run_after=None
[2025-04-01T16:52:33.553-0500] {processor.py:208} INFO - Processing /mnt/d/Universidad/ETL/Proyecto_airflow/venv/lib/python3.12/site-packages/airflow/example_dags/example_params_ui_tutorial.py took 0.191 seconds
[2025-04-01T16:54:06.190-0500] {processor.py:186} INFO - Started process (PID=5785) to work on /mnt/d/Universidad/ETL/Proyecto_airflow/venv/lib/python3.12/site-packages/airflow/example_dags/example_params_ui_tutorial.py
[2025-04-01T16:54:06.191-0500] {processor.py:914} INFO - Processing file /mnt/d/Universidad/ETL/Proyecto_airflow/venv/lib/python3.12/site-packages/airflow/example_dags/example_params_ui_tutorial.py for tasks to queue
[2025-04-01T16:54:06.193-0500] {logging_mixin.py:190} INFO - [2025-04-01T16:54:06.192-0500] {dagbag.py:588} INFO - Filling up the DagBag from /mnt/d/Universidad/ETL/Proyecto_airflow/venv/lib/python3.12/site-packages/airflow/example_dags/example_params_ui_tutorial.py
[2025-04-01T16:54:06.247-0500] {processor.py:925} INFO - DAG(s) 'example_params_ui_tutorial' retrieved from /mnt/d/Universidad/ETL/Proyecto_airflow/venv/lib/python3.12/site-packages/airflow/example_dags/example_params_ui_tutorial.py
[2025-04-01T16:54:06.281-0500] {logging_mixin.py:190} INFO - [2025-04-01T16:54:06.280-0500] {dag.py:3239} INFO - Sync 1 DAGs
[2025-04-01T16:54:06.291-0500] {logging_mixin.py:190} INFO - [2025-04-01T16:54:06.290-0500] {dag.py:4180} INFO - Setting next_dagrun for example_params_ui_tutorial to None, run_after=None
[2025-04-01T16:54:06.400-0500] {processor.py:208} INFO - Processing /mnt/d/Universidad/ETL/Proyecto_airflow/venv/lib/python3.12/site-packages/airflow/example_dags/example_params_ui_tutorial.py took 0.218 seconds
[2025-04-01T16:55:40.447-0500] {processor.py:186} INFO - Started process (PID=5856) to work on /mnt/d/Universidad/ETL/Proyecto_airflow/venv/lib/python3.12/site-packages/airflow/example_dags/example_params_ui_tutorial.py
[2025-04-01T16:55:40.448-0500] {processor.py:914} INFO - Processing file /mnt/d/Universidad/ETL/Proyecto_airflow/venv/lib/python3.12/site-packages/airflow/example_dags/example_params_ui_tutorial.py for tasks to queue
[2025-04-01T16:55:40.451-0500] {logging_mixin.py:190} INFO - [2025-04-01T16:55:40.450-0500] {dagbag.py:588} INFO - Filling up the DagBag from /mnt/d/Universidad/ETL/Proyecto_airflow/venv/lib/python3.12/site-packages/airflow/example_dags/example_params_ui_tutorial.py
[2025-04-01T16:55:40.504-0500] {processor.py:925} INFO - DAG(s) 'example_params_ui_tutorial' retrieved from /mnt/d/Universidad/ETL/Proyecto_airflow/venv/lib/python3.12/site-packages/airflow/example_dags/example_params_ui_tutorial.py
[2025-04-01T16:55:40.534-0500] {logging_mixin.py:190} INFO - [2025-04-01T16:55:40.533-0500] {dag.py:3239} INFO - Sync 1 DAGs
[2025-04-01T16:55:40.543-0500] {logging_mixin.py:190} INFO - [2025-04-01T16:55:40.542-0500] {dag.py:4180} INFO - Setting next_dagrun for example_params_ui_tutorial to None, run_after=None
[2025-04-01T16:55:40.642-0500] {processor.py:208} INFO - Processing /mnt/d/Universidad/ETL/Proyecto_airflow/venv/lib/python3.12/site-packages/airflow/example_dags/example_params_ui_tutorial.py took 0.203 seconds
[2025-04-01T16:57:16.022-0500] {processor.py:186} INFO - Started process (PID=5928) to work on /mnt/d/Universidad/ETL/Proyecto_airflow/venv/lib/python3.12/site-packages/airflow/example_dags/example_params_ui_tutorial.py
[2025-04-01T16:57:16.023-0500] {processor.py:914} INFO - Processing file /mnt/d/Universidad/ETL/Proyecto_airflow/venv/lib/python3.12/site-packages/airflow/example_dags/example_params_ui_tutorial.py for tasks to queue
[2025-04-01T16:57:16.025-0500] {logging_mixin.py:190} INFO - [2025-04-01T16:57:16.024-0500] {dagbag.py:588} INFO - Filling up the DagBag from /mnt/d/Universidad/ETL/Proyecto_airflow/venv/lib/python3.12/site-packages/airflow/example_dags/example_params_ui_tutorial.py
[2025-04-01T16:57:16.080-0500] {processor.py:925} INFO - DAG(s) 'example_params_ui_tutorial' retrieved from /mnt/d/Universidad/ETL/Proyecto_airflow/venv/lib/python3.12/site-packages/airflow/example_dags/example_params_ui_tutorial.py
[2025-04-01T16:57:16.111-0500] {logging_mixin.py:190} INFO - [2025-04-01T16:57:16.110-0500] {dag.py:3239} INFO - Sync 1 DAGs
[2025-04-01T16:57:16.120-0500] {logging_mixin.py:190} INFO - [2025-04-01T16:57:16.119-0500] {dag.py:4180} INFO - Setting next_dagrun for example_params_ui_tutorial to None, run_after=None
[2025-04-01T16:57:16.226-0500] {processor.py:208} INFO - Processing /mnt/d/Universidad/ETL/Proyecto_airflow/venv/lib/python3.12/site-packages/airflow/example_dags/example_params_ui_tutorial.py took 0.212 seconds
[2025-04-01T16:58:45.758-0500] {processor.py:186} INFO - Started process (PID=5998) to work on /mnt/d/Universidad/ETL/Proyecto_airflow/venv/lib/python3.12/site-packages/airflow/example_dags/example_params_ui_tutorial.py
[2025-04-01T16:58:45.759-0500] {processor.py:914} INFO - Processing file /mnt/d/Universidad/ETL/Proyecto_airflow/venv/lib/python3.12/site-packages/airflow/example_dags/example_params_ui_tutorial.py for tasks to queue
[2025-04-01T16:58:45.761-0500] {logging_mixin.py:190} INFO - [2025-04-01T16:58:45.760-0500] {dagbag.py:588} INFO - Filling up the DagBag from /mnt/d/Universidad/ETL/Proyecto_airflow/venv/lib/python3.12/site-packages/airflow/example_dags/example_params_ui_tutorial.py
[2025-04-01T16:58:45.814-0500] {processor.py:925} INFO - DAG(s) 'example_params_ui_tutorial' retrieved from /mnt/d/Universidad/ETL/Proyecto_airflow/venv/lib/python3.12/site-packages/airflow/example_dags/example_params_ui_tutorial.py
[2025-04-01T16:58:45.845-0500] {logging_mixin.py:190} INFO - [2025-04-01T16:58:45.844-0500] {dag.py:3239} INFO - Sync 1 DAGs
[2025-04-01T16:58:45.854-0500] {logging_mixin.py:190} INFO - [2025-04-01T16:58:45.853-0500] {dag.py:4180} INFO - Setting next_dagrun for example_params_ui_tutorial to None, run_after=None
[2025-04-01T16:58:45.964-0500] {processor.py:208} INFO - Processing /mnt/d/Universidad/ETL/Proyecto_airflow/venv/lib/python3.12/site-packages/airflow/example_dags/example_params_ui_tutorial.py took 0.214 seconds
[2025-04-01T17:00:24.182-0500] {processor.py:186} INFO - Started process (PID=6069) to work on /mnt/d/Universidad/ETL/Proyecto_airflow/venv/lib/python3.12/site-packages/airflow/example_dags/example_params_ui_tutorial.py
[2025-04-01T17:00:24.183-0500] {processor.py:914} INFO - Processing file /mnt/d/Universidad/ETL/Proyecto_airflow/venv/lib/python3.12/site-packages/airflow/example_dags/example_params_ui_tutorial.py for tasks to queue
[2025-04-01T17:00:24.185-0500] {logging_mixin.py:190} INFO - [2025-04-01T17:00:24.185-0500] {dagbag.py:588} INFO - Filling up the DagBag from /mnt/d/Universidad/ETL/Proyecto_airflow/venv/lib/python3.12/site-packages/airflow/example_dags/example_params_ui_tutorial.py
[2025-04-01T17:00:24.239-0500] {processor.py:925} INFO - DAG(s) 'example_params_ui_tutorial' retrieved from /mnt/d/Universidad/ETL/Proyecto_airflow/venv/lib/python3.12/site-packages/airflow/example_dags/example_params_ui_tutorial.py
[2025-04-01T17:00:24.269-0500] {logging_mixin.py:190} INFO - [2025-04-01T17:00:24.269-0500] {dag.py:3239} INFO - Sync 1 DAGs
[2025-04-01T17:00:24.279-0500] {logging_mixin.py:190} INFO - [2025-04-01T17:00:24.278-0500] {dag.py:4180} INFO - Setting next_dagrun for example_params_ui_tutorial to None, run_after=None
[2025-04-01T17:00:24.376-0500] {processor.py:208} INFO - Processing /mnt/d/Universidad/ETL/Proyecto_airflow/venv/lib/python3.12/site-packages/airflow/example_dags/example_params_ui_tutorial.py took 0.202 seconds
[2025-04-01T17:01:59.028-0500] {processor.py:186} INFO - Started process (PID=6140) to work on /mnt/d/Universidad/ETL/Proyecto_airflow/venv/lib/python3.12/site-packages/airflow/example_dags/example_params_ui_tutorial.py
[2025-04-01T17:01:59.029-0500] {processor.py:914} INFO - Processing file /mnt/d/Universidad/ETL/Proyecto_airflow/venv/lib/python3.12/site-packages/airflow/example_dags/example_params_ui_tutorial.py for tasks to queue
[2025-04-01T17:01:59.031-0500] {logging_mixin.py:190} INFO - [2025-04-01T17:01:59.030-0500] {dagbag.py:588} INFO - Filling up the DagBag from /mnt/d/Universidad/ETL/Proyecto_airflow/venv/lib/python3.12/site-packages/airflow/example_dags/example_params_ui_tutorial.py
[2025-04-01T17:01:59.086-0500] {processor.py:925} INFO - DAG(s) 'example_params_ui_tutorial' retrieved from /mnt/d/Universidad/ETL/Proyecto_airflow/venv/lib/python3.12/site-packages/airflow/example_dags/example_params_ui_tutorial.py
[2025-04-01T17:01:59.117-0500] {logging_mixin.py:190} INFO - [2025-04-01T17:01:59.117-0500] {dag.py:3239} INFO - Sync 1 DAGs
[2025-04-01T17:01:59.126-0500] {logging_mixin.py:190} INFO - [2025-04-01T17:01:59.126-0500] {dag.py:4180} INFO - Setting next_dagrun for example_params_ui_tutorial to None, run_after=None
[2025-04-01T17:01:59.219-0500] {processor.py:208} INFO - Processing /mnt/d/Universidad/ETL/Proyecto_airflow/venv/lib/python3.12/site-packages/airflow/example_dags/example_params_ui_tutorial.py took 0.198 seconds
[2025-04-01T17:03:37.379-0500] {processor.py:186} INFO - Started process (PID=6212) to work on /mnt/d/Universidad/ETL/Proyecto_airflow/venv/lib/python3.12/site-packages/airflow/example_dags/example_params_ui_tutorial.py
[2025-04-01T17:03:37.380-0500] {processor.py:914} INFO - Processing file /mnt/d/Universidad/ETL/Proyecto_airflow/venv/lib/python3.12/site-packages/airflow/example_dags/example_params_ui_tutorial.py for tasks to queue
[2025-04-01T17:03:37.382-0500] {logging_mixin.py:190} INFO - [2025-04-01T17:03:37.381-0500] {dagbag.py:588} INFO - Filling up the DagBag from /mnt/d/Universidad/ETL/Proyecto_airflow/venv/lib/python3.12/site-packages/airflow/example_dags/example_params_ui_tutorial.py
[2025-04-01T17:03:37.435-0500] {processor.py:925} INFO - DAG(s) 'example_params_ui_tutorial' retrieved from /mnt/d/Universidad/ETL/Proyecto_airflow/venv/lib/python3.12/site-packages/airflow/example_dags/example_params_ui_tutorial.py
[2025-04-01T17:03:37.465-0500] {logging_mixin.py:190} INFO - [2025-04-01T17:03:37.465-0500] {dag.py:3239} INFO - Sync 1 DAGs
[2025-04-01T17:03:37.474-0500] {logging_mixin.py:190} INFO - [2025-04-01T17:03:37.474-0500] {dag.py:4180} INFO - Setting next_dagrun for example_params_ui_tutorial to None, run_after=None
[2025-04-01T17:03:37.580-0500] {processor.py:208} INFO - Processing /mnt/d/Universidad/ETL/Proyecto_airflow/venv/lib/python3.12/site-packages/airflow/example_dags/example_params_ui_tutorial.py took 0.209 seconds
[2025-04-01T17:05:07.214-0500] {processor.py:186} INFO - Started process (PID=6281) to work on /mnt/d/Universidad/ETL/Proyecto_airflow/venv/lib/python3.12/site-packages/airflow/example_dags/example_params_ui_tutorial.py
[2025-04-01T17:05:07.215-0500] {processor.py:914} INFO - Processing file /mnt/d/Universidad/ETL/Proyecto_airflow/venv/lib/python3.12/site-packages/airflow/example_dags/example_params_ui_tutorial.py for tasks to queue
[2025-04-01T17:05:07.217-0500] {logging_mixin.py:190} INFO - [2025-04-01T17:05:07.216-0500] {dagbag.py:588} INFO - Filling up the DagBag from /mnt/d/Universidad/ETL/Proyecto_airflow/venv/lib/python3.12/site-packages/airflow/example_dags/example_params_ui_tutorial.py
[2025-04-01T17:05:07.270-0500] {processor.py:925} INFO - DAG(s) 'example_params_ui_tutorial' retrieved from /mnt/d/Universidad/ETL/Proyecto_airflow/venv/lib/python3.12/site-packages/airflow/example_dags/example_params_ui_tutorial.py
[2025-04-01T17:05:07.300-0500] {logging_mixin.py:190} INFO - [2025-04-01T17:05:07.300-0500] {dag.py:3239} INFO - Sync 1 DAGs
[2025-04-01T17:05:07.309-0500] {logging_mixin.py:190} INFO - [2025-04-01T17:05:07.309-0500] {dag.py:4180} INFO - Setting next_dagrun for example_params_ui_tutorial to None, run_after=None
[2025-04-01T17:05:07.408-0500] {processor.py:208} INFO - Processing /mnt/d/Universidad/ETL/Proyecto_airflow/venv/lib/python3.12/site-packages/airflow/example_dags/example_params_ui_tutorial.py took 0.203 seconds
[2025-04-01T17:06:50.657-0500] {processor.py:186} INFO - Started process (PID=6356) to work on /mnt/d/Universidad/ETL/Proyecto_airflow/venv/lib/python3.12/site-packages/airflow/example_dags/example_params_ui_tutorial.py
[2025-04-01T17:06:50.658-0500] {processor.py:914} INFO - Processing file /mnt/d/Universidad/ETL/Proyecto_airflow/venv/lib/python3.12/site-packages/airflow/example_dags/example_params_ui_tutorial.py for tasks to queue
[2025-04-01T17:06:50.660-0500] {logging_mixin.py:190} INFO - [2025-04-01T17:06:50.660-0500] {dagbag.py:588} INFO - Filling up the DagBag from /mnt/d/Universidad/ETL/Proyecto_airflow/venv/lib/python3.12/site-packages/airflow/example_dags/example_params_ui_tutorial.py
[2025-04-01T17:06:50.714-0500] {processor.py:925} INFO - DAG(s) 'example_params_ui_tutorial' retrieved from /mnt/d/Universidad/ETL/Proyecto_airflow/venv/lib/python3.12/site-packages/airflow/example_dags/example_params_ui_tutorial.py
[2025-04-01T17:06:50.744-0500] {logging_mixin.py:190} INFO - [2025-04-01T17:06:50.743-0500] {dag.py:3239} INFO - Sync 1 DAGs
[2025-04-01T17:06:50.753-0500] {logging_mixin.py:190} INFO - [2025-04-01T17:06:50.752-0500] {dag.py:4180} INFO - Setting next_dagrun for example_params_ui_tutorial to None, run_after=None
[2025-04-01T17:06:50.863-0500] {processor.py:208} INFO - Processing /mnt/d/Universidad/ETL/Proyecto_airflow/venv/lib/python3.12/site-packages/airflow/example_dags/example_params_ui_tutorial.py took 0.213 seconds
[2025-04-01T17:08:24.199-0500] {processor.py:186} INFO - Started process (PID=6428) to work on /mnt/d/Universidad/ETL/Proyecto_airflow/venv/lib/python3.12/site-packages/airflow/example_dags/example_params_ui_tutorial.py
[2025-04-01T17:08:24.200-0500] {processor.py:914} INFO - Processing file /mnt/d/Universidad/ETL/Proyecto_airflow/venv/lib/python3.12/site-packages/airflow/example_dags/example_params_ui_tutorial.py for tasks to queue
[2025-04-01T17:08:24.202-0500] {logging_mixin.py:190} INFO - [2025-04-01T17:08:24.201-0500] {dagbag.py:588} INFO - Filling up the DagBag from /mnt/d/Universidad/ETL/Proyecto_airflow/venv/lib/python3.12/site-packages/airflow/example_dags/example_params_ui_tutorial.py
[2025-04-01T17:08:24.257-0500] {processor.py:925} INFO - DAG(s) 'example_params_ui_tutorial' retrieved from /mnt/d/Universidad/ETL/Proyecto_airflow/venv/lib/python3.12/site-packages/airflow/example_dags/example_params_ui_tutorial.py
[2025-04-01T17:08:24.289-0500] {logging_mixin.py:190} INFO - [2025-04-01T17:08:24.288-0500] {dag.py:3239} INFO - Sync 1 DAGs
[2025-04-01T17:08:24.298-0500] {logging_mixin.py:190} INFO - [2025-04-01T17:08:24.297-0500] {dag.py:4180} INFO - Setting next_dagrun for example_params_ui_tutorial to None, run_after=None
[2025-04-01T17:08:24.396-0500] {processor.py:208} INFO - Processing /mnt/d/Universidad/ETL/Proyecto_airflow/venv/lib/python3.12/site-packages/airflow/example_dags/example_params_ui_tutorial.py took 0.206 seconds
[2025-04-01T17:10:03.785-0500] {processor.py:186} INFO - Started process (PID=6500) to work on /mnt/d/Universidad/ETL/Proyecto_airflow/venv/lib/python3.12/site-packages/airflow/example_dags/example_params_ui_tutorial.py
[2025-04-01T17:10:03.786-0500] {processor.py:914} INFO - Processing file /mnt/d/Universidad/ETL/Proyecto_airflow/venv/lib/python3.12/site-packages/airflow/example_dags/example_params_ui_tutorial.py for tasks to queue
[2025-04-01T17:10:03.789-0500] {logging_mixin.py:190} INFO - [2025-04-01T17:10:03.788-0500] {dagbag.py:588} INFO - Filling up the DagBag from /mnt/d/Universidad/ETL/Proyecto_airflow/venv/lib/python3.12/site-packages/airflow/example_dags/example_params_ui_tutorial.py
[2025-04-01T17:10:03.842-0500] {processor.py:925} INFO - DAG(s) 'example_params_ui_tutorial' retrieved from /mnt/d/Universidad/ETL/Proyecto_airflow/venv/lib/python3.12/site-packages/airflow/example_dags/example_params_ui_tutorial.py
[2025-04-01T17:10:03.873-0500] {logging_mixin.py:190} INFO - [2025-04-01T17:10:03.872-0500] {dag.py:3239} INFO - Sync 1 DAGs
[2025-04-01T17:10:03.882-0500] {logging_mixin.py:190} INFO - [2025-04-01T17:10:03.882-0500] {dag.py:4180} INFO - Setting next_dagrun for example_params_ui_tutorial to None, run_after=None
[2025-04-01T17:10:03.988-0500] {processor.py:208} INFO - Processing /mnt/d/Universidad/ETL/Proyecto_airflow/venv/lib/python3.12/site-packages/airflow/example_dags/example_params_ui_tutorial.py took 0.210 seconds
[2025-04-01T17:11:47.768-0500] {processor.py:186} INFO - Started process (PID=6575) to work on /mnt/d/Universidad/ETL/Proyecto_airflow/venv/lib/python3.12/site-packages/airflow/example_dags/example_params_ui_tutorial.py
[2025-04-01T17:11:47.769-0500] {processor.py:914} INFO - Processing file /mnt/d/Universidad/ETL/Proyecto_airflow/venv/lib/python3.12/site-packages/airflow/example_dags/example_params_ui_tutorial.py for tasks to queue
[2025-04-01T17:11:47.771-0500] {logging_mixin.py:190} INFO - [2025-04-01T17:11:47.771-0500] {dagbag.py:588} INFO - Filling up the DagBag from /mnt/d/Universidad/ETL/Proyecto_airflow/venv/lib/python3.12/site-packages/airflow/example_dags/example_params_ui_tutorial.py
[2025-04-01T17:11:47.827-0500] {processor.py:925} INFO - DAG(s) 'example_params_ui_tutorial' retrieved from /mnt/d/Universidad/ETL/Proyecto_airflow/venv/lib/python3.12/site-packages/airflow/example_dags/example_params_ui_tutorial.py
[2025-04-01T17:11:47.910-0500] {logging_mixin.py:190} INFO - [2025-04-01T17:11:47.910-0500] {dag.py:3239} INFO - Sync 1 DAGs
[2025-04-01T17:11:47.920-0500] {logging_mixin.py:190} INFO - [2025-04-01T17:11:47.919-0500] {dag.py:4180} INFO - Setting next_dagrun for example_params_ui_tutorial to None, run_after=None
[2025-04-01T17:11:48.025-0500] {processor.py:208} INFO - Processing /mnt/d/Universidad/ETL/Proyecto_airflow/venv/lib/python3.12/site-packages/airflow/example_dags/example_params_ui_tutorial.py took 0.265 seconds
[2025-04-01T17:13:26.808-0500] {processor.py:186} INFO - Started process (PID=6648) to work on /mnt/d/Universidad/ETL/Proyecto_airflow/venv/lib/python3.12/site-packages/airflow/example_dags/example_params_ui_tutorial.py
[2025-04-01T17:13:26.809-0500] {processor.py:914} INFO - Processing file /mnt/d/Universidad/ETL/Proyecto_airflow/venv/lib/python3.12/site-packages/airflow/example_dags/example_params_ui_tutorial.py for tasks to queue
[2025-04-01T17:13:26.811-0500] {logging_mixin.py:190} INFO - [2025-04-01T17:13:26.810-0500] {dagbag.py:588} INFO - Filling up the DagBag from /mnt/d/Universidad/ETL/Proyecto_airflow/venv/lib/python3.12/site-packages/airflow/example_dags/example_params_ui_tutorial.py
[2025-04-01T17:13:26.865-0500] {processor.py:925} INFO - DAG(s) 'example_params_ui_tutorial' retrieved from /mnt/d/Universidad/ETL/Proyecto_airflow/venv/lib/python3.12/site-packages/airflow/example_dags/example_params_ui_tutorial.py
[2025-04-01T17:13:26.895-0500] {logging_mixin.py:190} INFO - [2025-04-01T17:13:26.894-0500] {dag.py:3239} INFO - Sync 1 DAGs
[2025-04-01T17:13:26.904-0500] {logging_mixin.py:190} INFO - [2025-04-01T17:13:26.903-0500] {dag.py:4180} INFO - Setting next_dagrun for example_params_ui_tutorial to None, run_after=None
[2025-04-01T17:13:27.008-0500] {processor.py:208} INFO - Processing /mnt/d/Universidad/ETL/Proyecto_airflow/venv/lib/python3.12/site-packages/airflow/example_dags/example_params_ui_tutorial.py took 0.208 seconds
[2025-04-01T17:15:01.167-0500] {processor.py:186} INFO - Started process (PID=6719) to work on /mnt/d/Universidad/ETL/Proyecto_airflow/venv/lib/python3.12/site-packages/airflow/example_dags/example_params_ui_tutorial.py
[2025-04-01T17:15:01.168-0500] {processor.py:914} INFO - Processing file /mnt/d/Universidad/ETL/Proyecto_airflow/venv/lib/python3.12/site-packages/airflow/example_dags/example_params_ui_tutorial.py for tasks to queue
[2025-04-01T17:15:01.170-0500] {logging_mixin.py:190} INFO - [2025-04-01T17:15:01.169-0500] {dagbag.py:588} INFO - Filling up the DagBag from /mnt/d/Universidad/ETL/Proyecto_airflow/venv/lib/python3.12/site-packages/airflow/example_dags/example_params_ui_tutorial.py
[2025-04-01T17:15:01.223-0500] {processor.py:925} INFO - DAG(s) 'example_params_ui_tutorial' retrieved from /mnt/d/Universidad/ETL/Proyecto_airflow/venv/lib/python3.12/site-packages/airflow/example_dags/example_params_ui_tutorial.py
[2025-04-01T17:15:01.253-0500] {logging_mixin.py:190} INFO - [2025-04-01T17:15:01.253-0500] {dag.py:3239} INFO - Sync 1 DAGs
[2025-04-01T17:15:01.262-0500] {logging_mixin.py:190} INFO - [2025-04-01T17:15:01.262-0500] {dag.py:4180} INFO - Setting next_dagrun for example_params_ui_tutorial to None, run_after=None
[2025-04-01T17:15:01.371-0500] {processor.py:208} INFO - Processing /mnt/d/Universidad/ETL/Proyecto_airflow/venv/lib/python3.12/site-packages/airflow/example_dags/example_params_ui_tutorial.py took 0.213 seconds
[2025-04-01T17:16:31.508-0500] {processor.py:186} INFO - Started process (PID=6790) to work on /mnt/d/Universidad/ETL/Proyecto_airflow/venv/lib/python3.12/site-packages/airflow/example_dags/example_params_ui_tutorial.py
[2025-04-01T17:16:31.509-0500] {processor.py:914} INFO - Processing file /mnt/d/Universidad/ETL/Proyecto_airflow/venv/lib/python3.12/site-packages/airflow/example_dags/example_params_ui_tutorial.py for tasks to queue
[2025-04-01T17:16:31.512-0500] {logging_mixin.py:190} INFO - [2025-04-01T17:16:31.511-0500] {dagbag.py:588} INFO - Filling up the DagBag from /mnt/d/Universidad/ETL/Proyecto_airflow/venv/lib/python3.12/site-packages/airflow/example_dags/example_params_ui_tutorial.py
[2025-04-01T17:16:31.568-0500] {processor.py:925} INFO - DAG(s) 'example_params_ui_tutorial' retrieved from /mnt/d/Universidad/ETL/Proyecto_airflow/venv/lib/python3.12/site-packages/airflow/example_dags/example_params_ui_tutorial.py
[2025-04-01T17:16:31.600-0500] {logging_mixin.py:190} INFO - [2025-04-01T17:16:31.600-0500] {dag.py:3239} INFO - Sync 1 DAGs
[2025-04-01T17:16:31.610-0500] {logging_mixin.py:190} INFO - [2025-04-01T17:16:31.610-0500] {dag.py:4180} INFO - Setting next_dagrun for example_params_ui_tutorial to None, run_after=None
[2025-04-01T17:16:31.715-0500] {processor.py:208} INFO - Processing /mnt/d/Universidad/ETL/Proyecto_airflow/venv/lib/python3.12/site-packages/airflow/example_dags/example_params_ui_tutorial.py took 0.216 seconds
[2025-04-01T17:18:10.021-0500] {processor.py:186} INFO - Started process (PID=6864) to work on /mnt/d/Universidad/ETL/Proyecto_airflow/venv/lib/python3.12/site-packages/airflow/example_dags/example_params_ui_tutorial.py
[2025-04-01T17:18:10.024-0500] {processor.py:914} INFO - Processing file /mnt/d/Universidad/ETL/Proyecto_airflow/venv/lib/python3.12/site-packages/airflow/example_dags/example_params_ui_tutorial.py for tasks to queue
[2025-04-01T17:18:10.026-0500] {logging_mixin.py:190} INFO - [2025-04-01T17:18:10.025-0500] {dagbag.py:588} INFO - Filling up the DagBag from /mnt/d/Universidad/ETL/Proyecto_airflow/venv/lib/python3.12/site-packages/airflow/example_dags/example_params_ui_tutorial.py
[2025-04-01T17:18:10.080-0500] {processor.py:925} INFO - DAG(s) 'example_params_ui_tutorial' retrieved from /mnt/d/Universidad/ETL/Proyecto_airflow/venv/lib/python3.12/site-packages/airflow/example_dags/example_params_ui_tutorial.py
[2025-04-01T17:18:10.110-0500] {logging_mixin.py:190} INFO - [2025-04-01T17:18:10.109-0500] {dag.py:3239} INFO - Sync 1 DAGs
[2025-04-01T17:18:10.120-0500] {logging_mixin.py:190} INFO - [2025-04-01T17:18:10.120-0500] {dag.py:4180} INFO - Setting next_dagrun for example_params_ui_tutorial to None, run_after=None
[2025-04-01T17:18:10.223-0500] {processor.py:208} INFO - Processing /mnt/d/Universidad/ETL/Proyecto_airflow/venv/lib/python3.12/site-packages/airflow/example_dags/example_params_ui_tutorial.py took 0.209 seconds
[2025-04-01T17:19:52.778-0500] {processor.py:186} INFO - Started process (PID=6939) to work on /mnt/d/Universidad/ETL/Proyecto_airflow/venv/lib/python3.12/site-packages/airflow/example_dags/example_params_ui_tutorial.py
[2025-04-01T17:19:52.779-0500] {processor.py:914} INFO - Processing file /mnt/d/Universidad/ETL/Proyecto_airflow/venv/lib/python3.12/site-packages/airflow/example_dags/example_params_ui_tutorial.py for tasks to queue
[2025-04-01T17:19:52.782-0500] {logging_mixin.py:190} INFO - [2025-04-01T17:19:52.781-0500] {dagbag.py:588} INFO - Filling up the DagBag from /mnt/d/Universidad/ETL/Proyecto_airflow/venv/lib/python3.12/site-packages/airflow/example_dags/example_params_ui_tutorial.py
[2025-04-01T17:19:52.835-0500] {processor.py:925} INFO - DAG(s) 'example_params_ui_tutorial' retrieved from /mnt/d/Universidad/ETL/Proyecto_airflow/venv/lib/python3.12/site-packages/airflow/example_dags/example_params_ui_tutorial.py
[2025-04-01T17:19:52.865-0500] {logging_mixin.py:190} INFO - [2025-04-01T17:19:52.865-0500] {dag.py:3239} INFO - Sync 1 DAGs
[2025-04-01T17:19:52.874-0500] {logging_mixin.py:190} INFO - [2025-04-01T17:19:52.874-0500] {dag.py:4180} INFO - Setting next_dagrun for example_params_ui_tutorial to None, run_after=None
[2025-04-01T17:19:52.970-0500] {processor.py:208} INFO - Processing /mnt/d/Universidad/ETL/Proyecto_airflow/venv/lib/python3.12/site-packages/airflow/example_dags/example_params_ui_tutorial.py took 0.200 seconds
[2025-04-01T17:21:37.225-0500] {processor.py:186} INFO - Started process (PID=7013) to work on /mnt/d/Universidad/ETL/Proyecto_airflow/venv/lib/python3.12/site-packages/airflow/example_dags/example_params_ui_tutorial.py
[2025-04-01T17:21:37.226-0500] {processor.py:914} INFO - Processing file /mnt/d/Universidad/ETL/Proyecto_airflow/venv/lib/python3.12/site-packages/airflow/example_dags/example_params_ui_tutorial.py for tasks to queue
[2025-04-01T17:21:37.228-0500] {logging_mixin.py:190} INFO - [2025-04-01T17:21:37.227-0500] {dagbag.py:588} INFO - Filling up the DagBag from /mnt/d/Universidad/ETL/Proyecto_airflow/venv/lib/python3.12/site-packages/airflow/example_dags/example_params_ui_tutorial.py
[2025-04-01T17:21:37.282-0500] {processor.py:925} INFO - DAG(s) 'example_params_ui_tutorial' retrieved from /mnt/d/Universidad/ETL/Proyecto_airflow/venv/lib/python3.12/site-packages/airflow/example_dags/example_params_ui_tutorial.py
[2025-04-01T17:21:37.312-0500] {logging_mixin.py:190} INFO - [2025-04-01T17:21:37.311-0500] {dag.py:3239} INFO - Sync 1 DAGs
[2025-04-01T17:21:37.321-0500] {logging_mixin.py:190} INFO - [2025-04-01T17:21:37.320-0500] {dag.py:4180} INFO - Setting next_dagrun for example_params_ui_tutorial to None, run_after=None
[2025-04-01T17:21:37.418-0500] {processor.py:208} INFO - Processing /mnt/d/Universidad/ETL/Proyecto_airflow/venv/lib/python3.12/site-packages/airflow/example_dags/example_params_ui_tutorial.py took 0.201 seconds
[2025-04-01T17:23:14.120-0500] {processor.py:186} INFO - Started process (PID=7084) to work on /mnt/d/Universidad/ETL/Proyecto_airflow/venv/lib/python3.12/site-packages/airflow/example_dags/example_params_ui_tutorial.py
[2025-04-01T17:23:14.122-0500] {processor.py:914} INFO - Processing file /mnt/d/Universidad/ETL/Proyecto_airflow/venv/lib/python3.12/site-packages/airflow/example_dags/example_params_ui_tutorial.py for tasks to queue
[2025-04-01T17:23:14.124-0500] {logging_mixin.py:190} INFO - [2025-04-01T17:23:14.123-0500] {dagbag.py:588} INFO - Filling up the DagBag from /mnt/d/Universidad/ETL/Proyecto_airflow/venv/lib/python3.12/site-packages/airflow/example_dags/example_params_ui_tutorial.py
[2025-04-01T17:23:14.178-0500] {processor.py:925} INFO - DAG(s) 'example_params_ui_tutorial' retrieved from /mnt/d/Universidad/ETL/Proyecto_airflow/venv/lib/python3.12/site-packages/airflow/example_dags/example_params_ui_tutorial.py
[2025-04-01T17:23:14.210-0500] {logging_mixin.py:190} INFO - [2025-04-01T17:23:14.209-0500] {dag.py:3239} INFO - Sync 1 DAGs
[2025-04-01T17:23:14.220-0500] {logging_mixin.py:190} INFO - [2025-04-01T17:23:14.219-0500] {dag.py:4180} INFO - Setting next_dagrun for example_params_ui_tutorial to None, run_after=None
[2025-04-01T17:23:14.322-0500] {processor.py:208} INFO - Processing /mnt/d/Universidad/ETL/Proyecto_airflow/venv/lib/python3.12/site-packages/airflow/example_dags/example_params_ui_tutorial.py took 0.210 seconds
[2025-04-01T17:24:47.321-0500] {processor.py:186} INFO - Started process (PID=7156) to work on /mnt/d/Universidad/ETL/Proyecto_airflow/venv/lib/python3.12/site-packages/airflow/example_dags/example_params_ui_tutorial.py
[2025-04-01T17:24:47.322-0500] {processor.py:914} INFO - Processing file /mnt/d/Universidad/ETL/Proyecto_airflow/venv/lib/python3.12/site-packages/airflow/example_dags/example_params_ui_tutorial.py for tasks to queue
[2025-04-01T17:24:47.324-0500] {logging_mixin.py:190} INFO - [2025-04-01T17:24:47.323-0500] {dagbag.py:588} INFO - Filling up the DagBag from /mnt/d/Universidad/ETL/Proyecto_airflow/venv/lib/python3.12/site-packages/airflow/example_dags/example_params_ui_tutorial.py
[2025-04-01T17:24:47.377-0500] {processor.py:925} INFO - DAG(s) 'example_params_ui_tutorial' retrieved from /mnt/d/Universidad/ETL/Proyecto_airflow/venv/lib/python3.12/site-packages/airflow/example_dags/example_params_ui_tutorial.py
[2025-04-01T17:24:47.407-0500] {logging_mixin.py:190} INFO - [2025-04-01T17:24:47.407-0500] {dag.py:3239} INFO - Sync 1 DAGs
[2025-04-01T17:24:47.416-0500] {logging_mixin.py:190} INFO - [2025-04-01T17:24:47.416-0500] {dag.py:4180} INFO - Setting next_dagrun for example_params_ui_tutorial to None, run_after=None
[2025-04-01T17:24:47.511-0500] {processor.py:208} INFO - Processing /mnt/d/Universidad/ETL/Proyecto_airflow/venv/lib/python3.12/site-packages/airflow/example_dags/example_params_ui_tutorial.py took 0.198 seconds
[2025-04-01T17:26:22.866-0500] {processor.py:186} INFO - Started process (PID=7226) to work on /mnt/d/Universidad/ETL/Proyecto_airflow/venv/lib/python3.12/site-packages/airflow/example_dags/example_params_ui_tutorial.py
[2025-04-01T17:26:22.867-0500] {processor.py:914} INFO - Processing file /mnt/d/Universidad/ETL/Proyecto_airflow/venv/lib/python3.12/site-packages/airflow/example_dags/example_params_ui_tutorial.py for tasks to queue
[2025-04-01T17:26:22.869-0500] {logging_mixin.py:190} INFO - [2025-04-01T17:26:22.869-0500] {dagbag.py:588} INFO - Filling up the DagBag from /mnt/d/Universidad/ETL/Proyecto_airflow/venv/lib/python3.12/site-packages/airflow/example_dags/example_params_ui_tutorial.py
[2025-04-01T17:26:22.923-0500] {processor.py:925} INFO - DAG(s) 'example_params_ui_tutorial' retrieved from /mnt/d/Universidad/ETL/Proyecto_airflow/venv/lib/python3.12/site-packages/airflow/example_dags/example_params_ui_tutorial.py
[2025-04-01T17:26:22.954-0500] {logging_mixin.py:190} INFO - [2025-04-01T17:26:22.953-0500] {dag.py:3239} INFO - Sync 1 DAGs
[2025-04-01T17:26:22.963-0500] {logging_mixin.py:190} INFO - [2025-04-01T17:26:22.962-0500] {dag.py:4180} INFO - Setting next_dagrun for example_params_ui_tutorial to None, run_after=None
[2025-04-01T17:26:23.066-0500] {processor.py:208} INFO - Processing /mnt/d/Universidad/ETL/Proyecto_airflow/venv/lib/python3.12/site-packages/airflow/example_dags/example_params_ui_tutorial.py took 0.208 seconds
[2025-04-01T17:28:00.885-0500] {processor.py:186} INFO - Started process (PID=7298) to work on /mnt/d/Universidad/ETL/Proyecto_airflow/venv/lib/python3.12/site-packages/airflow/example_dags/example_params_ui_tutorial.py
[2025-04-01T17:28:00.886-0500] {processor.py:914} INFO - Processing file /mnt/d/Universidad/ETL/Proyecto_airflow/venv/lib/python3.12/site-packages/airflow/example_dags/example_params_ui_tutorial.py for tasks to queue
[2025-04-01T17:28:00.888-0500] {logging_mixin.py:190} INFO - [2025-04-01T17:28:00.887-0500] {dagbag.py:588} INFO - Filling up the DagBag from /mnt/d/Universidad/ETL/Proyecto_airflow/venv/lib/python3.12/site-packages/airflow/example_dags/example_params_ui_tutorial.py
[2025-04-01T17:28:00.941-0500] {processor.py:925} INFO - DAG(s) 'example_params_ui_tutorial' retrieved from /mnt/d/Universidad/ETL/Proyecto_airflow/venv/lib/python3.12/site-packages/airflow/example_dags/example_params_ui_tutorial.py
[2025-04-01T17:28:00.974-0500] {logging_mixin.py:190} INFO - [2025-04-01T17:28:00.973-0500] {dag.py:3239} INFO - Sync 1 DAGs
[2025-04-01T17:28:00.983-0500] {logging_mixin.py:190} INFO - [2025-04-01T17:28:00.983-0500] {dag.py:4180} INFO - Setting next_dagrun for example_params_ui_tutorial to None, run_after=None
[2025-04-01T17:28:01.077-0500] {processor.py:208} INFO - Processing /mnt/d/Universidad/ETL/Proyecto_airflow/venv/lib/python3.12/site-packages/airflow/example_dags/example_params_ui_tutorial.py took 0.200 seconds
[2025-04-01T17:29:26.002-0500] {processor.py:186} INFO - Started process (PID=7365) to work on /mnt/d/Universidad/ETL/Proyecto_airflow/venv/lib/python3.12/site-packages/airflow/example_dags/example_params_ui_tutorial.py
[2025-04-01T17:29:26.003-0500] {processor.py:914} INFO - Processing file /mnt/d/Universidad/ETL/Proyecto_airflow/venv/lib/python3.12/site-packages/airflow/example_dags/example_params_ui_tutorial.py for tasks to queue
[2025-04-01T17:29:26.005-0500] {logging_mixin.py:190} INFO - [2025-04-01T17:29:26.005-0500] {dagbag.py:588} INFO - Filling up the DagBag from /mnt/d/Universidad/ETL/Proyecto_airflow/venv/lib/python3.12/site-packages/airflow/example_dags/example_params_ui_tutorial.py
[2025-04-01T17:29:26.059-0500] {processor.py:925} INFO - DAG(s) 'example_params_ui_tutorial' retrieved from /mnt/d/Universidad/ETL/Proyecto_airflow/venv/lib/python3.12/site-packages/airflow/example_dags/example_params_ui_tutorial.py
[2025-04-01T17:29:26.089-0500] {logging_mixin.py:190} INFO - [2025-04-01T17:29:26.088-0500] {dag.py:3239} INFO - Sync 1 DAGs
[2025-04-01T17:29:26.098-0500] {logging_mixin.py:190} INFO - [2025-04-01T17:29:26.098-0500] {dag.py:4180} INFO - Setting next_dagrun for example_params_ui_tutorial to None, run_after=None
[2025-04-01T17:29:26.207-0500] {processor.py:208} INFO - Processing /mnt/d/Universidad/ETL/Proyecto_airflow/venv/lib/python3.12/site-packages/airflow/example_dags/example_params_ui_tutorial.py took 0.212 seconds
