[2025-04-01T16:16:43.587-0500] {processor.py:186} INFO - Started process (PID=4083) to work on /mnt/d/Universidad/ETL/Proyecto_airflow/venv/lib/python3.12/site-packages/airflow/example_dags/example_nested_branch_dag.py
[2025-04-01T16:16:43.588-0500] {processor.py:914} INFO - Processing file /mnt/d/Universidad/ETL/Proyecto_airflow/venv/lib/python3.12/site-packages/airflow/example_dags/example_nested_branch_dag.py for tasks to queue
[2025-04-01T16:16:43.590-0500] {logging_mixin.py:190} INFO - [2025-04-01T16:16:43.590-0500] {dagbag.py:588} INFO - Filling up the DagBag from /mnt/d/Universidad/ETL/Proyecto_airflow/venv/lib/python3.12/site-packages/airflow/example_dags/example_nested_branch_dag.py
[2025-04-01T16:16:43.659-0500] {processor.py:925} INFO - DAG(s) 'example_nested_branch_dag' retrieved from /mnt/d/Universidad/ETL/Proyecto_airflow/venv/lib/python3.12/site-packages/airflow/example_dags/example_nested_branch_dag.py
[2025-04-01T16:16:44.870-0500] {logging_mixin.py:190} INFO - [2025-04-01T16:16:44.869-0500] {override.py:1930} INFO - Created Permission View: can read on DAG:example_nested_branch_dag
[2025-04-01T16:16:44.963-0500] {logging_mixin.py:190} INFO - [2025-04-01T16:16:44.962-0500] {override.py:1930} INFO - Created Permission View: can edit on DAG:example_nested_branch_dag
[2025-04-01T16:16:45.054-0500] {logging_mixin.py:190} INFO - [2025-04-01T16:16:45.052-0500] {override.py:1930} INFO - Created Permission View: can delete on DAG:example_nested_branch_dag
[2025-04-01T16:16:45.230-0500] {logging_mixin.py:190} INFO - [2025-04-01T16:16:45.229-0500] {override.py:1930} INFO - Created Permission View: can create on DAG Run:example_nested_branch_dag
[2025-04-01T16:16:45.292-0500] {logging_mixin.py:190} INFO - [2025-04-01T16:16:45.291-0500] {override.py:1930} INFO - Created Permission View: menu access on DAG Run:example_nested_branch_dag
[2025-04-01T16:16:45.361-0500] {logging_mixin.py:190} INFO - [2025-04-01T16:16:45.360-0500] {override.py:1930} INFO - Created Permission View: can read on DAG Run:example_nested_branch_dag
[2025-04-01T16:16:45.429-0500] {logging_mixin.py:190} INFO - [2025-04-01T16:16:45.428-0500] {override.py:1930} INFO - Created Permission View: can delete on DAG Run:example_nested_branch_dag
[2025-04-01T16:16:45.431-0500] {logging_mixin.py:190} INFO - [2025-04-01T16:16:45.430-0500] {dag.py:3239} INFO - Sync 1 DAGs
[2025-04-01T16:16:45.445-0500] {logging_mixin.py:190} INFO - [2025-04-01T16:16:45.444-0500] {dag.py:3262} INFO - Creating ORM DAG for example_nested_branch_dag
[2025-04-01T16:16:45.454-0500] {logging_mixin.py:190} INFO - [2025-04-01T16:16:45.453-0500] {dag.py:4180} INFO - Setting next_dagrun for example_nested_branch_dag to 2025-03-31 00:00:00+00:00, run_after=2025-04-01 00:00:00+00:00
[2025-04-01T16:16:45.549-0500] {processor.py:208} INFO - Processing /mnt/d/Universidad/ETL/Proyecto_airflow/venv/lib/python3.12/site-packages/airflow/example_dags/example_nested_branch_dag.py took 1.971 seconds
[2025-04-01T16:18:41.860-0500] {processor.py:186} INFO - Started process (PID=4154) to work on /mnt/d/Universidad/ETL/Proyecto_airflow/venv/lib/python3.12/site-packages/airflow/example_dags/example_nested_branch_dag.py
[2025-04-01T16:18:41.862-0500] {processor.py:914} INFO - Processing file /mnt/d/Universidad/ETL/Proyecto_airflow/venv/lib/python3.12/site-packages/airflow/example_dags/example_nested_branch_dag.py for tasks to queue
[2025-04-01T16:18:41.864-0500] {logging_mixin.py:190} INFO - [2025-04-01T16:18:41.863-0500] {dagbag.py:588} INFO - Filling up the DagBag from /mnt/d/Universidad/ETL/Proyecto_airflow/venv/lib/python3.12/site-packages/airflow/example_dags/example_nested_branch_dag.py
[2025-04-01T16:18:41.931-0500] {processor.py:925} INFO - DAG(s) 'example_nested_branch_dag' retrieved from /mnt/d/Universidad/ETL/Proyecto_airflow/venv/lib/python3.12/site-packages/airflow/example_dags/example_nested_branch_dag.py
[2025-04-01T16:18:41.951-0500] {logging_mixin.py:190} INFO - [2025-04-01T16:18:41.950-0500] {dag.py:3239} INFO - Sync 1 DAGs
[2025-04-01T16:18:41.967-0500] {logging_mixin.py:190} INFO - [2025-04-01T16:18:41.967-0500] {dag.py:4180} INFO - Setting next_dagrun for example_nested_branch_dag to 2025-03-31 00:00:00+00:00, run_after=2025-04-01 00:00:00+00:00
[2025-04-01T16:18:42.083-0500] {processor.py:208} INFO - Processing /mnt/d/Universidad/ETL/Proyecto_airflow/venv/lib/python3.12/site-packages/airflow/example_dags/example_nested_branch_dag.py took 0.231 seconds
[2025-04-01T16:20:10.826-0500] {processor.py:186} INFO - Started process (PID=4226) to work on /mnt/d/Universidad/ETL/Proyecto_airflow/venv/lib/python3.12/site-packages/airflow/example_dags/example_nested_branch_dag.py
[2025-04-01T16:20:10.827-0500] {processor.py:914} INFO - Processing file /mnt/d/Universidad/ETL/Proyecto_airflow/venv/lib/python3.12/site-packages/airflow/example_dags/example_nested_branch_dag.py for tasks to queue
[2025-04-01T16:20:10.829-0500] {logging_mixin.py:190} INFO - [2025-04-01T16:20:10.828-0500] {dagbag.py:588} INFO - Filling up the DagBag from /mnt/d/Universidad/ETL/Proyecto_airflow/venv/lib/python3.12/site-packages/airflow/example_dags/example_nested_branch_dag.py
[2025-04-01T16:20:10.891-0500] {processor.py:925} INFO - DAG(s) 'example_nested_branch_dag' retrieved from /mnt/d/Universidad/ETL/Proyecto_airflow/venv/lib/python3.12/site-packages/airflow/example_dags/example_nested_branch_dag.py
[2025-04-01T16:20:10.912-0500] {logging_mixin.py:190} INFO - [2025-04-01T16:20:10.911-0500] {dag.py:3239} INFO - Sync 1 DAGs
[2025-04-01T16:20:10.927-0500] {logging_mixin.py:190} INFO - [2025-04-01T16:20:10.927-0500] {dag.py:4180} INFO - Setting next_dagrun for example_nested_branch_dag to 2025-03-31 00:00:00+00:00, run_after=2025-04-01 00:00:00+00:00
[2025-04-01T16:20:10.996-0500] {processor.py:208} INFO - Processing /mnt/d/Universidad/ETL/Proyecto_airflow/venv/lib/python3.12/site-packages/airflow/example_dags/example_nested_branch_dag.py took 0.178 seconds
[2025-04-01T16:21:40.015-0500] {processor.py:186} INFO - Started process (PID=4299) to work on /mnt/d/Universidad/ETL/Proyecto_airflow/venv/lib/python3.12/site-packages/airflow/example_dags/example_nested_branch_dag.py
[2025-04-01T16:21:40.016-0500] {processor.py:914} INFO - Processing file /mnt/d/Universidad/ETL/Proyecto_airflow/venv/lib/python3.12/site-packages/airflow/example_dags/example_nested_branch_dag.py for tasks to queue
[2025-04-01T16:21:40.018-0500] {logging_mixin.py:190} INFO - [2025-04-01T16:21:40.018-0500] {dagbag.py:588} INFO - Filling up the DagBag from /mnt/d/Universidad/ETL/Proyecto_airflow/venv/lib/python3.12/site-packages/airflow/example_dags/example_nested_branch_dag.py
[2025-04-01T16:21:40.079-0500] {processor.py:925} INFO - DAG(s) 'example_nested_branch_dag' retrieved from /mnt/d/Universidad/ETL/Proyecto_airflow/venv/lib/python3.12/site-packages/airflow/example_dags/example_nested_branch_dag.py
[2025-04-01T16:21:40.097-0500] {logging_mixin.py:190} INFO - [2025-04-01T16:21:40.097-0500] {dag.py:3239} INFO - Sync 1 DAGs
[2025-04-01T16:21:40.112-0500] {logging_mixin.py:190} INFO - [2025-04-01T16:21:40.111-0500] {dag.py:4180} INFO - Setting next_dagrun for example_nested_branch_dag to 2025-03-31 00:00:00+00:00, run_after=2025-04-01 00:00:00+00:00
[2025-04-01T16:21:40.194-0500] {processor.py:208} INFO - Processing /mnt/d/Universidad/ETL/Proyecto_airflow/venv/lib/python3.12/site-packages/airflow/example_dags/example_nested_branch_dag.py took 0.187 seconds
[2025-04-01T16:23:02.175-0500] {processor.py:186} INFO - Started process (PID=4365) to work on /mnt/d/Universidad/ETL/Proyecto_airflow/venv/lib/python3.12/site-packages/airflow/example_dags/example_nested_branch_dag.py
[2025-04-01T16:23:02.176-0500] {processor.py:914} INFO - Processing file /mnt/d/Universidad/ETL/Proyecto_airflow/venv/lib/python3.12/site-packages/airflow/example_dags/example_nested_branch_dag.py for tasks to queue
[2025-04-01T16:23:02.178-0500] {logging_mixin.py:190} INFO - [2025-04-01T16:23:02.177-0500] {dagbag.py:588} INFO - Filling up the DagBag from /mnt/d/Universidad/ETL/Proyecto_airflow/venv/lib/python3.12/site-packages/airflow/example_dags/example_nested_branch_dag.py
[2025-04-01T16:23:02.240-0500] {processor.py:925} INFO - DAG(s) 'example_nested_branch_dag' retrieved from /mnt/d/Universidad/ETL/Proyecto_airflow/venv/lib/python3.12/site-packages/airflow/example_dags/example_nested_branch_dag.py
[2025-04-01T16:23:02.261-0500] {logging_mixin.py:190} INFO - [2025-04-01T16:23:02.260-0500] {dag.py:3239} INFO - Sync 1 DAGs
[2025-04-01T16:23:02.277-0500] {logging_mixin.py:190} INFO - [2025-04-01T16:23:02.276-0500] {dag.py:4180} INFO - Setting next_dagrun for example_nested_branch_dag to 2025-03-31 00:00:00+00:00, run_after=2025-04-01 00:00:00+00:00
[2025-04-01T16:23:02.370-0500] {processor.py:208} INFO - Processing /mnt/d/Universidad/ETL/Proyecto_airflow/venv/lib/python3.12/site-packages/airflow/example_dags/example_nested_branch_dag.py took 0.204 seconds
[2025-04-01T16:24:37.132-0500] {processor.py:186} INFO - Started process (PID=4437) to work on /mnt/d/Universidad/ETL/Proyecto_airflow/venv/lib/python3.12/site-packages/airflow/example_dags/example_nested_branch_dag.py
[2025-04-01T16:24:37.133-0500] {processor.py:914} INFO - Processing file /mnt/d/Universidad/ETL/Proyecto_airflow/venv/lib/python3.12/site-packages/airflow/example_dags/example_nested_branch_dag.py for tasks to queue
[2025-04-01T16:24:37.135-0500] {logging_mixin.py:190} INFO - [2025-04-01T16:24:37.134-0500] {dagbag.py:588} INFO - Filling up the DagBag from /mnt/d/Universidad/ETL/Proyecto_airflow/venv/lib/python3.12/site-packages/airflow/example_dags/example_nested_branch_dag.py
[2025-04-01T16:24:37.196-0500] {processor.py:925} INFO - DAG(s) 'example_nested_branch_dag' retrieved from /mnt/d/Universidad/ETL/Proyecto_airflow/venv/lib/python3.12/site-packages/airflow/example_dags/example_nested_branch_dag.py
[2025-04-01T16:24:37.215-0500] {logging_mixin.py:190} INFO - [2025-04-01T16:24:37.214-0500] {dag.py:3239} INFO - Sync 1 DAGs
[2025-04-01T16:24:37.230-0500] {logging_mixin.py:190} INFO - [2025-04-01T16:24:37.229-0500] {dag.py:4180} INFO - Setting next_dagrun for example_nested_branch_dag to 2025-03-31 00:00:00+00:00, run_after=2025-04-01 00:00:00+00:00
[2025-04-01T16:24:37.334-0500] {processor.py:208} INFO - Processing /mnt/d/Universidad/ETL/Proyecto_airflow/venv/lib/python3.12/site-packages/airflow/example_dags/example_nested_branch_dag.py took 0.210 seconds
[2025-04-01T16:26:12.625-0500] {processor.py:186} INFO - Started process (PID=4508) to work on /mnt/d/Universidad/ETL/Proyecto_airflow/venv/lib/python3.12/site-packages/airflow/example_dags/example_nested_branch_dag.py
[2025-04-01T16:26:12.627-0500] {processor.py:914} INFO - Processing file /mnt/d/Universidad/ETL/Proyecto_airflow/venv/lib/python3.12/site-packages/airflow/example_dags/example_nested_branch_dag.py for tasks to queue
[2025-04-01T16:26:12.629-0500] {logging_mixin.py:190} INFO - [2025-04-01T16:26:12.628-0500] {dagbag.py:588} INFO - Filling up the DagBag from /mnt/d/Universidad/ETL/Proyecto_airflow/venv/lib/python3.12/site-packages/airflow/example_dags/example_nested_branch_dag.py
[2025-04-01T16:26:12.691-0500] {processor.py:925} INFO - DAG(s) 'example_nested_branch_dag' retrieved from /mnt/d/Universidad/ETL/Proyecto_airflow/venv/lib/python3.12/site-packages/airflow/example_dags/example_nested_branch_dag.py
[2025-04-01T16:26:12.765-0500] {logging_mixin.py:190} INFO - [2025-04-01T16:26:12.764-0500] {dag.py:3239} INFO - Sync 1 DAGs
[2025-04-01T16:26:12.778-0500] {logging_mixin.py:190} INFO - [2025-04-01T16:26:12.778-0500] {dag.py:4180} INFO - Setting next_dagrun for example_nested_branch_dag to 2025-03-31 00:00:00+00:00, run_after=2025-04-01 00:00:00+00:00
[2025-04-01T16:26:12.845-0500] {processor.py:208} INFO - Processing /mnt/d/Universidad/ETL/Proyecto_airflow/venv/lib/python3.12/site-packages/airflow/example_dags/example_nested_branch_dag.py took 0.228 seconds
[2025-04-01T16:27:43.865-0500] {processor.py:186} INFO - Started process (PID=4579) to work on /mnt/d/Universidad/ETL/Proyecto_airflow/venv/lib/python3.12/site-packages/airflow/example_dags/example_nested_branch_dag.py
[2025-04-01T16:27:43.866-0500] {processor.py:914} INFO - Processing file /mnt/d/Universidad/ETL/Proyecto_airflow/venv/lib/python3.12/site-packages/airflow/example_dags/example_nested_branch_dag.py for tasks to queue
[2025-04-01T16:27:43.868-0500] {logging_mixin.py:190} INFO - [2025-04-01T16:27:43.868-0500] {dagbag.py:588} INFO - Filling up the DagBag from /mnt/d/Universidad/ETL/Proyecto_airflow/venv/lib/python3.12/site-packages/airflow/example_dags/example_nested_branch_dag.py
[2025-04-01T16:27:43.930-0500] {processor.py:925} INFO - DAG(s) 'example_nested_branch_dag' retrieved from /mnt/d/Universidad/ETL/Proyecto_airflow/venv/lib/python3.12/site-packages/airflow/example_dags/example_nested_branch_dag.py
[2025-04-01T16:27:43.948-0500] {logging_mixin.py:190} INFO - [2025-04-01T16:27:43.947-0500] {dag.py:3239} INFO - Sync 1 DAGs
[2025-04-01T16:27:43.964-0500] {logging_mixin.py:190} INFO - [2025-04-01T16:27:43.963-0500] {dag.py:4180} INFO - Setting next_dagrun for example_nested_branch_dag to 2025-03-31 00:00:00+00:00, run_after=2025-04-01 00:00:00+00:00
[2025-04-01T16:27:44.057-0500] {processor.py:208} INFO - Processing /mnt/d/Universidad/ETL/Proyecto_airflow/venv/lib/python3.12/site-packages/airflow/example_dags/example_nested_branch_dag.py took 0.199 seconds
[2025-04-01T16:29:13.494-0500] {processor.py:186} INFO - Started process (PID=4649) to work on /mnt/d/Universidad/ETL/Proyecto_airflow/venv/lib/python3.12/site-packages/airflow/example_dags/example_nested_branch_dag.py
[2025-04-01T16:29:13.495-0500] {processor.py:914} INFO - Processing file /mnt/d/Universidad/ETL/Proyecto_airflow/venv/lib/python3.12/site-packages/airflow/example_dags/example_nested_branch_dag.py for tasks to queue
[2025-04-01T16:29:13.497-0500] {logging_mixin.py:190} INFO - [2025-04-01T16:29:13.497-0500] {dagbag.py:588} INFO - Filling up the DagBag from /mnt/d/Universidad/ETL/Proyecto_airflow/venv/lib/python3.12/site-packages/airflow/example_dags/example_nested_branch_dag.py
[2025-04-01T16:29:13.559-0500] {processor.py:925} INFO - DAG(s) 'example_nested_branch_dag' retrieved from /mnt/d/Universidad/ETL/Proyecto_airflow/venv/lib/python3.12/site-packages/airflow/example_dags/example_nested_branch_dag.py
[2025-04-01T16:29:13.578-0500] {logging_mixin.py:190} INFO - [2025-04-01T16:29:13.577-0500] {dag.py:3239} INFO - Sync 1 DAGs
[2025-04-01T16:29:13.594-0500] {logging_mixin.py:190} INFO - [2025-04-01T16:29:13.593-0500] {dag.py:4180} INFO - Setting next_dagrun for example_nested_branch_dag to 2025-03-31 00:00:00+00:00, run_after=2025-04-01 00:00:00+00:00
[2025-04-01T16:29:13.680-0500] {processor.py:208} INFO - Processing /mnt/d/Universidad/ETL/Proyecto_airflow/venv/lib/python3.12/site-packages/airflow/example_dags/example_nested_branch_dag.py took 0.194 seconds
[2025-04-01T16:30:44.441-0500] {processor.py:186} INFO - Started process (PID=4721) to work on /mnt/d/Universidad/ETL/Proyecto_airflow/venv/lib/python3.12/site-packages/airflow/example_dags/example_nested_branch_dag.py
[2025-04-01T16:30:44.442-0500] {processor.py:914} INFO - Processing file /mnt/d/Universidad/ETL/Proyecto_airflow/venv/lib/python3.12/site-packages/airflow/example_dags/example_nested_branch_dag.py for tasks to queue
[2025-04-01T16:30:44.444-0500] {logging_mixin.py:190} INFO - [2025-04-01T16:30:44.443-0500] {dagbag.py:588} INFO - Filling up the DagBag from /mnt/d/Universidad/ETL/Proyecto_airflow/venv/lib/python3.12/site-packages/airflow/example_dags/example_nested_branch_dag.py
[2025-04-01T16:30:44.505-0500] {processor.py:925} INFO - DAG(s) 'example_nested_branch_dag' retrieved from /mnt/d/Universidad/ETL/Proyecto_airflow/venv/lib/python3.12/site-packages/airflow/example_dags/example_nested_branch_dag.py
[2025-04-01T16:30:44.525-0500] {logging_mixin.py:190} INFO - [2025-04-01T16:30:44.525-0500] {dag.py:3239} INFO - Sync 1 DAGs
[2025-04-01T16:30:44.542-0500] {logging_mixin.py:190} INFO - [2025-04-01T16:30:44.542-0500] {dag.py:4180} INFO - Setting next_dagrun for example_nested_branch_dag to 2025-03-31 00:00:00+00:00, run_after=2025-04-01 00:00:00+00:00
[2025-04-01T16:30:44.638-0500] {processor.py:208} INFO - Processing /mnt/d/Universidad/ETL/Proyecto_airflow/venv/lib/python3.12/site-packages/airflow/example_dags/example_nested_branch_dag.py took 0.205 seconds
[2025-04-01T16:32:22.094-0500] {processor.py:186} INFO - Started process (PID=4794) to work on /mnt/d/Universidad/ETL/Proyecto_airflow/venv/lib/python3.12/site-packages/airflow/example_dags/example_nested_branch_dag.py
[2025-04-01T16:32:22.095-0500] {processor.py:914} INFO - Processing file /mnt/d/Universidad/ETL/Proyecto_airflow/venv/lib/python3.12/site-packages/airflow/example_dags/example_nested_branch_dag.py for tasks to queue
[2025-04-01T16:32:22.097-0500] {logging_mixin.py:190} INFO - [2025-04-01T16:32:22.096-0500] {dagbag.py:588} INFO - Filling up the DagBag from /mnt/d/Universidad/ETL/Proyecto_airflow/venv/lib/python3.12/site-packages/airflow/example_dags/example_nested_branch_dag.py
[2025-04-01T16:32:22.159-0500] {processor.py:925} INFO - DAG(s) 'example_nested_branch_dag' retrieved from /mnt/d/Universidad/ETL/Proyecto_airflow/venv/lib/python3.12/site-packages/airflow/example_dags/example_nested_branch_dag.py
[2025-04-01T16:32:22.179-0500] {logging_mixin.py:190} INFO - [2025-04-01T16:32:22.178-0500] {dag.py:3239} INFO - Sync 1 DAGs
[2025-04-01T16:32:22.196-0500] {logging_mixin.py:190} INFO - [2025-04-01T16:32:22.195-0500] {dag.py:4180} INFO - Setting next_dagrun for example_nested_branch_dag to 2025-03-31 00:00:00+00:00, run_after=2025-04-01 00:00:00+00:00
[2025-04-01T16:32:22.301-0500] {processor.py:208} INFO - Processing /mnt/d/Universidad/ETL/Proyecto_airflow/venv/lib/python3.12/site-packages/airflow/example_dags/example_nested_branch_dag.py took 0.215 seconds
[2025-04-01T16:33:53.678-0500] {processor.py:186} INFO - Started process (PID=4864) to work on /mnt/d/Universidad/ETL/Proyecto_airflow/venv/lib/python3.12/site-packages/airflow/example_dags/example_nested_branch_dag.py
[2025-04-01T16:33:53.680-0500] {processor.py:914} INFO - Processing file /mnt/d/Universidad/ETL/Proyecto_airflow/venv/lib/python3.12/site-packages/airflow/example_dags/example_nested_branch_dag.py for tasks to queue
[2025-04-01T16:33:53.682-0500] {logging_mixin.py:190} INFO - [2025-04-01T16:33:53.681-0500] {dagbag.py:588} INFO - Filling up the DagBag from /mnt/d/Universidad/ETL/Proyecto_airflow/venv/lib/python3.12/site-packages/airflow/example_dags/example_nested_branch_dag.py
[2025-04-01T16:33:53.744-0500] {processor.py:925} INFO - DAG(s) 'example_nested_branch_dag' retrieved from /mnt/d/Universidad/ETL/Proyecto_airflow/venv/lib/python3.12/site-packages/airflow/example_dags/example_nested_branch_dag.py
[2025-04-01T16:33:53.762-0500] {logging_mixin.py:190} INFO - [2025-04-01T16:33:53.762-0500] {dag.py:3239} INFO - Sync 1 DAGs
[2025-04-01T16:33:53.777-0500] {logging_mixin.py:190} INFO - [2025-04-01T16:33:53.777-0500] {dag.py:4180} INFO - Setting next_dagrun for example_nested_branch_dag to 2025-03-31 00:00:00+00:00, run_after=2025-04-01 00:00:00+00:00
[2025-04-01T16:33:53.850-0500] {processor.py:208} INFO - Processing /mnt/d/Universidad/ETL/Proyecto_airflow/venv/lib/python3.12/site-packages/airflow/example_dags/example_nested_branch_dag.py took 0.180 seconds
[2025-04-01T16:35:18.646-0500] {processor.py:186} INFO - Started process (PID=4933) to work on /mnt/d/Universidad/ETL/Proyecto_airflow/venv/lib/python3.12/site-packages/airflow/example_dags/example_nested_branch_dag.py
[2025-04-01T16:35:18.647-0500] {processor.py:914} INFO - Processing file /mnt/d/Universidad/ETL/Proyecto_airflow/venv/lib/python3.12/site-packages/airflow/example_dags/example_nested_branch_dag.py for tasks to queue
[2025-04-01T16:35:18.650-0500] {logging_mixin.py:190} INFO - [2025-04-01T16:35:18.649-0500] {dagbag.py:588} INFO - Filling up the DagBag from /mnt/d/Universidad/ETL/Proyecto_airflow/venv/lib/python3.12/site-packages/airflow/example_dags/example_nested_branch_dag.py
[2025-04-01T16:35:18.712-0500] {processor.py:925} INFO - DAG(s) 'example_nested_branch_dag' retrieved from /mnt/d/Universidad/ETL/Proyecto_airflow/venv/lib/python3.12/site-packages/airflow/example_dags/example_nested_branch_dag.py
[2025-04-01T16:35:18.730-0500] {logging_mixin.py:190} INFO - [2025-04-01T16:35:18.729-0500] {dag.py:3239} INFO - Sync 1 DAGs
[2025-04-01T16:35:18.745-0500] {logging_mixin.py:190} INFO - [2025-04-01T16:35:18.745-0500] {dag.py:4180} INFO - Setting next_dagrun for example_nested_branch_dag to 2025-03-31 00:00:00+00:00, run_after=2025-04-01 00:00:00+00:00
[2025-04-01T16:35:18.810-0500] {processor.py:208} INFO - Processing /mnt/d/Universidad/ETL/Proyecto_airflow/venv/lib/python3.12/site-packages/airflow/example_dags/example_nested_branch_dag.py took 0.172 seconds
[2025-04-01T16:36:54.784-0500] {processor.py:186} INFO - Started process (PID=5004) to work on /mnt/d/Universidad/ETL/Proyecto_airflow/venv/lib/python3.12/site-packages/airflow/example_dags/example_nested_branch_dag.py
[2025-04-01T16:36:54.785-0500] {processor.py:914} INFO - Processing file /mnt/d/Universidad/ETL/Proyecto_airflow/venv/lib/python3.12/site-packages/airflow/example_dags/example_nested_branch_dag.py for tasks to queue
[2025-04-01T16:36:54.787-0500] {logging_mixin.py:190} INFO - [2025-04-01T16:36:54.786-0500] {dagbag.py:588} INFO - Filling up the DagBag from /mnt/d/Universidad/ETL/Proyecto_airflow/venv/lib/python3.12/site-packages/airflow/example_dags/example_nested_branch_dag.py
[2025-04-01T16:36:54.849-0500] {processor.py:925} INFO - DAG(s) 'example_nested_branch_dag' retrieved from /mnt/d/Universidad/ETL/Proyecto_airflow/venv/lib/python3.12/site-packages/airflow/example_dags/example_nested_branch_dag.py
[2025-04-01T16:36:54.869-0500] {logging_mixin.py:190} INFO - [2025-04-01T16:36:54.868-0500] {dag.py:3239} INFO - Sync 1 DAGs
[2025-04-01T16:36:54.885-0500] {logging_mixin.py:190} INFO - [2025-04-01T16:36:54.884-0500] {dag.py:4180} INFO - Setting next_dagrun for example_nested_branch_dag to 2025-03-31 00:00:00+00:00, run_after=2025-04-01 00:00:00+00:00
[2025-04-01T16:36:54.980-0500] {processor.py:208} INFO - Processing /mnt/d/Universidad/ETL/Proyecto_airflow/venv/lib/python3.12/site-packages/airflow/example_dags/example_nested_branch_dag.py took 0.205 seconds
[2025-04-01T16:38:26.710-0500] {processor.py:186} INFO - Started process (PID=5073) to work on /mnt/d/Universidad/ETL/Proyecto_airflow/venv/lib/python3.12/site-packages/airflow/example_dags/example_nested_branch_dag.py
[2025-04-01T16:38:26.711-0500] {processor.py:914} INFO - Processing file /mnt/d/Universidad/ETL/Proyecto_airflow/venv/lib/python3.12/site-packages/airflow/example_dags/example_nested_branch_dag.py for tasks to queue
[2025-04-01T16:38:26.714-0500] {logging_mixin.py:190} INFO - [2025-04-01T16:38:26.713-0500] {dagbag.py:588} INFO - Filling up the DagBag from /mnt/d/Universidad/ETL/Proyecto_airflow/venv/lib/python3.12/site-packages/airflow/example_dags/example_nested_branch_dag.py
[2025-04-01T16:38:26.776-0500] {processor.py:925} INFO - DAG(s) 'example_nested_branch_dag' retrieved from /mnt/d/Universidad/ETL/Proyecto_airflow/venv/lib/python3.12/site-packages/airflow/example_dags/example_nested_branch_dag.py
[2025-04-01T16:38:26.796-0500] {logging_mixin.py:190} INFO - [2025-04-01T16:38:26.795-0500] {dag.py:3239} INFO - Sync 1 DAGs
[2025-04-01T16:38:26.812-0500] {logging_mixin.py:190} INFO - [2025-04-01T16:38:26.811-0500] {dag.py:4180} INFO - Setting next_dagrun for example_nested_branch_dag to 2025-03-31 00:00:00+00:00, run_after=2025-04-01 00:00:00+00:00
[2025-04-01T16:38:26.918-0500] {processor.py:208} INFO - Processing /mnt/d/Universidad/ETL/Proyecto_airflow/venv/lib/python3.12/site-packages/airflow/example_dags/example_nested_branch_dag.py took 0.216 seconds
[2025-04-01T16:39:57.219-0500] {processor.py:186} INFO - Started process (PID=5144) to work on /mnt/d/Universidad/ETL/Proyecto_airflow/venv/lib/python3.12/site-packages/airflow/example_dags/example_nested_branch_dag.py
[2025-04-01T16:39:57.220-0500] {processor.py:914} INFO - Processing file /mnt/d/Universidad/ETL/Proyecto_airflow/venv/lib/python3.12/site-packages/airflow/example_dags/example_nested_branch_dag.py for tasks to queue
[2025-04-01T16:39:57.223-0500] {logging_mixin.py:190} INFO - [2025-04-01T16:39:57.222-0500] {dagbag.py:588} INFO - Filling up the DagBag from /mnt/d/Universidad/ETL/Proyecto_airflow/venv/lib/python3.12/site-packages/airflow/example_dags/example_nested_branch_dag.py
[2025-04-01T16:39:57.284-0500] {processor.py:925} INFO - DAG(s) 'example_nested_branch_dag' retrieved from /mnt/d/Universidad/ETL/Proyecto_airflow/venv/lib/python3.12/site-packages/airflow/example_dags/example_nested_branch_dag.py
[2025-04-01T16:39:57.305-0500] {logging_mixin.py:190} INFO - [2025-04-01T16:39:57.304-0500] {dag.py:3239} INFO - Sync 1 DAGs
[2025-04-01T16:39:57.321-0500] {logging_mixin.py:190} INFO - [2025-04-01T16:39:57.320-0500] {dag.py:4180} INFO - Setting next_dagrun for example_nested_branch_dag to 2025-03-31 00:00:00+00:00, run_after=2025-04-01 00:00:00+00:00
[2025-04-01T16:39:57.425-0500] {processor.py:208} INFO - Processing /mnt/d/Universidad/ETL/Proyecto_airflow/venv/lib/python3.12/site-packages/airflow/example_dags/example_nested_branch_dag.py took 0.213 seconds
[2025-04-01T16:41:35.991-0500] {processor.py:186} INFO - Started process (PID=5218) to work on /mnt/d/Universidad/ETL/Proyecto_airflow/venv/lib/python3.12/site-packages/airflow/example_dags/example_nested_branch_dag.py
[2025-04-01T16:41:35.992-0500] {processor.py:914} INFO - Processing file /mnt/d/Universidad/ETL/Proyecto_airflow/venv/lib/python3.12/site-packages/airflow/example_dags/example_nested_branch_dag.py for tasks to queue
[2025-04-01T16:41:35.995-0500] {logging_mixin.py:190} INFO - [2025-04-01T16:41:35.994-0500] {dagbag.py:588} INFO - Filling up the DagBag from /mnt/d/Universidad/ETL/Proyecto_airflow/venv/lib/python3.12/site-packages/airflow/example_dags/example_nested_branch_dag.py
[2025-04-01T16:41:36.059-0500] {processor.py:925} INFO - DAG(s) 'example_nested_branch_dag' retrieved from /mnt/d/Universidad/ETL/Proyecto_airflow/venv/lib/python3.12/site-packages/airflow/example_dags/example_nested_branch_dag.py
[2025-04-01T16:41:36.078-0500] {logging_mixin.py:190} INFO - [2025-04-01T16:41:36.077-0500] {dag.py:3239} INFO - Sync 1 DAGs
[2025-04-01T16:41:36.094-0500] {logging_mixin.py:190} INFO - [2025-04-01T16:41:36.093-0500] {dag.py:4180} INFO - Setting next_dagrun for example_nested_branch_dag to 2025-03-31 00:00:00+00:00, run_after=2025-04-01 00:00:00+00:00
[2025-04-01T16:41:36.222-0500] {processor.py:208} INFO - Processing /mnt/d/Universidad/ETL/Proyecto_airflow/venv/lib/python3.12/site-packages/airflow/example_dags/example_nested_branch_dag.py took 0.239 seconds
[2025-04-01T16:43:08.657-0500] {processor.py:186} INFO - Started process (PID=5288) to work on /mnt/d/Universidad/ETL/Proyecto_airflow/venv/lib/python3.12/site-packages/airflow/example_dags/example_nested_branch_dag.py
[2025-04-01T16:43:08.658-0500] {processor.py:914} INFO - Processing file /mnt/d/Universidad/ETL/Proyecto_airflow/venv/lib/python3.12/site-packages/airflow/example_dags/example_nested_branch_dag.py for tasks to queue
[2025-04-01T16:43:08.661-0500] {logging_mixin.py:190} INFO - [2025-04-01T16:43:08.660-0500] {dagbag.py:588} INFO - Filling up the DagBag from /mnt/d/Universidad/ETL/Proyecto_airflow/venv/lib/python3.12/site-packages/airflow/example_dags/example_nested_branch_dag.py
[2025-04-01T16:43:08.722-0500] {processor.py:925} INFO - DAG(s) 'example_nested_branch_dag' retrieved from /mnt/d/Universidad/ETL/Proyecto_airflow/venv/lib/python3.12/site-packages/airflow/example_dags/example_nested_branch_dag.py
[2025-04-01T16:43:08.741-0500] {logging_mixin.py:190} INFO - [2025-04-01T16:43:08.740-0500] {dag.py:3239} INFO - Sync 1 DAGs
[2025-04-01T16:43:08.756-0500] {logging_mixin.py:190} INFO - [2025-04-01T16:43:08.755-0500] {dag.py:4180} INFO - Setting next_dagrun for example_nested_branch_dag to 2025-03-31 00:00:00+00:00, run_after=2025-04-01 00:00:00+00:00
[2025-04-01T16:43:08.867-0500] {processor.py:208} INFO - Processing /mnt/d/Universidad/ETL/Proyecto_airflow/venv/lib/python3.12/site-packages/airflow/example_dags/example_nested_branch_dag.py took 0.217 seconds
[2025-04-01T16:44:41.242-0500] {processor.py:186} INFO - Started process (PID=5359) to work on /mnt/d/Universidad/ETL/Proyecto_airflow/venv/lib/python3.12/site-packages/airflow/example_dags/example_nested_branch_dag.py
[2025-04-01T16:44:41.243-0500] {processor.py:914} INFO - Processing file /mnt/d/Universidad/ETL/Proyecto_airflow/venv/lib/python3.12/site-packages/airflow/example_dags/example_nested_branch_dag.py for tasks to queue
[2025-04-01T16:44:41.245-0500] {logging_mixin.py:190} INFO - [2025-04-01T16:44:41.244-0500] {dagbag.py:588} INFO - Filling up the DagBag from /mnt/d/Universidad/ETL/Proyecto_airflow/venv/lib/python3.12/site-packages/airflow/example_dags/example_nested_branch_dag.py
[2025-04-01T16:44:41.306-0500] {processor.py:925} INFO - DAG(s) 'example_nested_branch_dag' retrieved from /mnt/d/Universidad/ETL/Proyecto_airflow/venv/lib/python3.12/site-packages/airflow/example_dags/example_nested_branch_dag.py
[2025-04-01T16:44:41.325-0500] {logging_mixin.py:190} INFO - [2025-04-01T16:44:41.324-0500] {dag.py:3239} INFO - Sync 1 DAGs
[2025-04-01T16:44:41.340-0500] {logging_mixin.py:190} INFO - [2025-04-01T16:44:41.339-0500] {dag.py:4180} INFO - Setting next_dagrun for example_nested_branch_dag to 2025-03-31 00:00:00+00:00, run_after=2025-04-01 00:00:00+00:00
[2025-04-01T16:44:41.440-0500] {processor.py:208} INFO - Processing /mnt/d/Universidad/ETL/Proyecto_airflow/venv/lib/python3.12/site-packages/airflow/example_dags/example_nested_branch_dag.py took 0.206 seconds
[2025-04-01T16:46:19.838-0500] {processor.py:186} INFO - Started process (PID=5432) to work on /mnt/d/Universidad/ETL/Proyecto_airflow/venv/lib/python3.12/site-packages/airflow/example_dags/example_nested_branch_dag.py
[2025-04-01T16:46:19.839-0500] {processor.py:914} INFO - Processing file /mnt/d/Universidad/ETL/Proyecto_airflow/venv/lib/python3.12/site-packages/airflow/example_dags/example_nested_branch_dag.py for tasks to queue
[2025-04-01T16:46:19.841-0500] {logging_mixin.py:190} INFO - [2025-04-01T16:46:19.840-0500] {dagbag.py:588} INFO - Filling up the DagBag from /mnt/d/Universidad/ETL/Proyecto_airflow/venv/lib/python3.12/site-packages/airflow/example_dags/example_nested_branch_dag.py
[2025-04-01T16:46:19.902-0500] {processor.py:925} INFO - DAG(s) 'example_nested_branch_dag' retrieved from /mnt/d/Universidad/ETL/Proyecto_airflow/venv/lib/python3.12/site-packages/airflow/example_dags/example_nested_branch_dag.py
[2025-04-01T16:46:19.920-0500] {logging_mixin.py:190} INFO - [2025-04-01T16:46:19.919-0500] {dag.py:3239} INFO - Sync 1 DAGs
[2025-04-01T16:46:19.935-0500] {logging_mixin.py:190} INFO - [2025-04-01T16:46:19.934-0500] {dag.py:4180} INFO - Setting next_dagrun for example_nested_branch_dag to 2025-03-31 00:00:00+00:00, run_after=2025-04-01 00:00:00+00:00
[2025-04-01T16:46:20.002-0500] {processor.py:208} INFO - Processing /mnt/d/Universidad/ETL/Proyecto_airflow/venv/lib/python3.12/site-packages/airflow/example_dags/example_nested_branch_dag.py took 0.172 seconds
[2025-04-01T16:47:56.820-0500] {processor.py:186} INFO - Started process (PID=5504) to work on /mnt/d/Universidad/ETL/Proyecto_airflow/venv/lib/python3.12/site-packages/airflow/example_dags/example_nested_branch_dag.py
[2025-04-01T16:47:56.821-0500] {processor.py:914} INFO - Processing file /mnt/d/Universidad/ETL/Proyecto_airflow/venv/lib/python3.12/site-packages/airflow/example_dags/example_nested_branch_dag.py for tasks to queue
[2025-04-01T16:47:56.823-0500] {logging_mixin.py:190} INFO - [2025-04-01T16:47:56.822-0500] {dagbag.py:588} INFO - Filling up the DagBag from /mnt/d/Universidad/ETL/Proyecto_airflow/venv/lib/python3.12/site-packages/airflow/example_dags/example_nested_branch_dag.py
[2025-04-01T16:47:56.886-0500] {processor.py:925} INFO - DAG(s) 'example_nested_branch_dag' retrieved from /mnt/d/Universidad/ETL/Proyecto_airflow/venv/lib/python3.12/site-packages/airflow/example_dags/example_nested_branch_dag.py
[2025-04-01T16:47:56.905-0500] {logging_mixin.py:190} INFO - [2025-04-01T16:47:56.904-0500] {dag.py:3239} INFO - Sync 1 DAGs
[2025-04-01T16:47:56.921-0500] {logging_mixin.py:190} INFO - [2025-04-01T16:47:56.920-0500] {dag.py:4180} INFO - Setting next_dagrun for example_nested_branch_dag to 2025-03-31 00:00:00+00:00, run_after=2025-04-01 00:00:00+00:00
[2025-04-01T16:47:57.004-0500] {processor.py:208} INFO - Processing /mnt/d/Universidad/ETL/Proyecto_airflow/venv/lib/python3.12/site-packages/airflow/example_dags/example_nested_branch_dag.py took 0.193 seconds
[2025-04-01T16:49:27.629-0500] {processor.py:186} INFO - Started process (PID=5573) to work on /mnt/d/Universidad/ETL/Proyecto_airflow/venv/lib/python3.12/site-packages/airflow/example_dags/example_nested_branch_dag.py
[2025-04-01T16:49:27.630-0500] {processor.py:914} INFO - Processing file /mnt/d/Universidad/ETL/Proyecto_airflow/venv/lib/python3.12/site-packages/airflow/example_dags/example_nested_branch_dag.py for tasks to queue
[2025-04-01T16:49:27.632-0500] {logging_mixin.py:190} INFO - [2025-04-01T16:49:27.631-0500] {dagbag.py:588} INFO - Filling up the DagBag from /mnt/d/Universidad/ETL/Proyecto_airflow/venv/lib/python3.12/site-packages/airflow/example_dags/example_nested_branch_dag.py
[2025-04-01T16:49:27.695-0500] {processor.py:925} INFO - DAG(s) 'example_nested_branch_dag' retrieved from /mnt/d/Universidad/ETL/Proyecto_airflow/venv/lib/python3.12/site-packages/airflow/example_dags/example_nested_branch_dag.py
[2025-04-01T16:49:27.792-0500] {logging_mixin.py:190} INFO - [2025-04-01T16:49:27.791-0500] {dag.py:3239} INFO - Sync 1 DAGs
[2025-04-01T16:49:27.807-0500] {logging_mixin.py:190} INFO - [2025-04-01T16:49:27.806-0500] {dag.py:4180} INFO - Setting next_dagrun for example_nested_branch_dag to 2025-03-31 00:00:00+00:00, run_after=2025-04-01 00:00:00+00:00
[2025-04-01T16:49:27.908-0500] {processor.py:208} INFO - Processing /mnt/d/Universidad/ETL/Proyecto_airflow/venv/lib/python3.12/site-packages/airflow/example_dags/example_nested_branch_dag.py took 0.287 seconds
[2025-04-01T16:50:54.141-0500] {processor.py:186} INFO - Started process (PID=5642) to work on /mnt/d/Universidad/ETL/Proyecto_airflow/venv/lib/python3.12/site-packages/airflow/example_dags/example_nested_branch_dag.py
[2025-04-01T16:50:54.142-0500] {processor.py:914} INFO - Processing file /mnt/d/Universidad/ETL/Proyecto_airflow/venv/lib/python3.12/site-packages/airflow/example_dags/example_nested_branch_dag.py for tasks to queue
[2025-04-01T16:50:54.144-0500] {logging_mixin.py:190} INFO - [2025-04-01T16:50:54.143-0500] {dagbag.py:588} INFO - Filling up the DagBag from /mnt/d/Universidad/ETL/Proyecto_airflow/venv/lib/python3.12/site-packages/airflow/example_dags/example_nested_branch_dag.py
[2025-04-01T16:50:54.204-0500] {processor.py:925} INFO - DAG(s) 'example_nested_branch_dag' retrieved from /mnt/d/Universidad/ETL/Proyecto_airflow/venv/lib/python3.12/site-packages/airflow/example_dags/example_nested_branch_dag.py
[2025-04-01T16:50:54.222-0500] {logging_mixin.py:190} INFO - [2025-04-01T16:50:54.222-0500] {dag.py:3239} INFO - Sync 1 DAGs
[2025-04-01T16:50:54.237-0500] {logging_mixin.py:190} INFO - [2025-04-01T16:50:54.236-0500] {dag.py:4180} INFO - Setting next_dagrun for example_nested_branch_dag to 2025-03-31 00:00:00+00:00, run_after=2025-04-01 00:00:00+00:00
[2025-04-01T16:50:54.337-0500] {processor.py:208} INFO - Processing /mnt/d/Universidad/ETL/Proyecto_airflow/venv/lib/python3.12/site-packages/airflow/example_dags/example_nested_branch_dag.py took 0.205 seconds
[2025-04-01T16:52:37.369-0500] {processor.py:186} INFO - Started process (PID=5716) to work on /mnt/d/Universidad/ETL/Proyecto_airflow/venv/lib/python3.12/site-packages/airflow/example_dags/example_nested_branch_dag.py
[2025-04-01T16:52:37.370-0500] {processor.py:914} INFO - Processing file /mnt/d/Universidad/ETL/Proyecto_airflow/venv/lib/python3.12/site-packages/airflow/example_dags/example_nested_branch_dag.py for tasks to queue
[2025-04-01T16:52:37.373-0500] {logging_mixin.py:190} INFO - [2025-04-01T16:52:37.372-0500] {dagbag.py:588} INFO - Filling up the DagBag from /mnt/d/Universidad/ETL/Proyecto_airflow/venv/lib/python3.12/site-packages/airflow/example_dags/example_nested_branch_dag.py
[2025-04-01T16:52:37.436-0500] {processor.py:925} INFO - DAG(s) 'example_nested_branch_dag' retrieved from /mnt/d/Universidad/ETL/Proyecto_airflow/venv/lib/python3.12/site-packages/airflow/example_dags/example_nested_branch_dag.py
[2025-04-01T16:52:37.456-0500] {logging_mixin.py:190} INFO - [2025-04-01T16:52:37.456-0500] {dag.py:3239} INFO - Sync 1 DAGs
[2025-04-01T16:52:37.473-0500] {logging_mixin.py:190} INFO - [2025-04-01T16:52:37.473-0500] {dag.py:4180} INFO - Setting next_dagrun for example_nested_branch_dag to 2025-03-31 00:00:00+00:00, run_after=2025-04-01 00:00:00+00:00
[2025-04-01T16:52:37.573-0500] {processor.py:208} INFO - Processing /mnt/d/Universidad/ETL/Proyecto_airflow/venv/lib/python3.12/site-packages/airflow/example_dags/example_nested_branch_dag.py took 0.211 seconds
[2025-04-01T16:54:13.128-0500] {processor.py:186} INFO - Started process (PID=5788) to work on /mnt/d/Universidad/ETL/Proyecto_airflow/venv/lib/python3.12/site-packages/airflow/example_dags/example_nested_branch_dag.py
[2025-04-01T16:54:13.129-0500] {processor.py:914} INFO - Processing file /mnt/d/Universidad/ETL/Proyecto_airflow/venv/lib/python3.12/site-packages/airflow/example_dags/example_nested_branch_dag.py for tasks to queue
[2025-04-01T16:54:13.131-0500] {logging_mixin.py:190} INFO - [2025-04-01T16:54:13.130-0500] {dagbag.py:588} INFO - Filling up the DagBag from /mnt/d/Universidad/ETL/Proyecto_airflow/venv/lib/python3.12/site-packages/airflow/example_dags/example_nested_branch_dag.py
[2025-04-01T16:54:13.192-0500] {processor.py:925} INFO - DAG(s) 'example_nested_branch_dag' retrieved from /mnt/d/Universidad/ETL/Proyecto_airflow/venv/lib/python3.12/site-packages/airflow/example_dags/example_nested_branch_dag.py
[2025-04-01T16:54:13.211-0500] {logging_mixin.py:190} INFO - [2025-04-01T16:54:13.210-0500] {dag.py:3239} INFO - Sync 1 DAGs
[2025-04-01T16:54:13.226-0500] {logging_mixin.py:190} INFO - [2025-04-01T16:54:13.225-0500] {dag.py:4180} INFO - Setting next_dagrun for example_nested_branch_dag to 2025-03-31 00:00:00+00:00, run_after=2025-04-01 00:00:00+00:00
[2025-04-01T16:54:13.330-0500] {processor.py:208} INFO - Processing /mnt/d/Universidad/ETL/Proyecto_airflow/venv/lib/python3.12/site-packages/airflow/example_dags/example_nested_branch_dag.py took 0.211 seconds
[2025-04-01T16:55:44.447-0500] {processor.py:186} INFO - Started process (PID=5859) to work on /mnt/d/Universidad/ETL/Proyecto_airflow/venv/lib/python3.12/site-packages/airflow/example_dags/example_nested_branch_dag.py
[2025-04-01T16:55:44.448-0500] {processor.py:914} INFO - Processing file /mnt/d/Universidad/ETL/Proyecto_airflow/venv/lib/python3.12/site-packages/airflow/example_dags/example_nested_branch_dag.py for tasks to queue
[2025-04-01T16:55:44.450-0500] {logging_mixin.py:190} INFO - [2025-04-01T16:55:44.449-0500] {dagbag.py:588} INFO - Filling up the DagBag from /mnt/d/Universidad/ETL/Proyecto_airflow/venv/lib/python3.12/site-packages/airflow/example_dags/example_nested_branch_dag.py
[2025-04-01T16:55:44.512-0500] {processor.py:925} INFO - DAG(s) 'example_nested_branch_dag' retrieved from /mnt/d/Universidad/ETL/Proyecto_airflow/venv/lib/python3.12/site-packages/airflow/example_dags/example_nested_branch_dag.py
[2025-04-01T16:55:44.532-0500] {logging_mixin.py:190} INFO - [2025-04-01T16:55:44.531-0500] {dag.py:3239} INFO - Sync 1 DAGs
[2025-04-01T16:55:44.547-0500] {logging_mixin.py:190} INFO - [2025-04-01T16:55:44.547-0500] {dag.py:4180} INFO - Setting next_dagrun for example_nested_branch_dag to 2025-03-31 00:00:00+00:00, run_after=2025-04-01 00:00:00+00:00
[2025-04-01T16:55:44.649-0500] {processor.py:208} INFO - Processing /mnt/d/Universidad/ETL/Proyecto_airflow/venv/lib/python3.12/site-packages/airflow/example_dags/example_nested_branch_dag.py took 0.210 seconds
[2025-04-01T16:57:18.635-0500] {processor.py:186} INFO - Started process (PID=5931) to work on /mnt/d/Universidad/ETL/Proyecto_airflow/venv/lib/python3.12/site-packages/airflow/example_dags/example_nested_branch_dag.py
[2025-04-01T16:57:18.636-0500] {processor.py:914} INFO - Processing file /mnt/d/Universidad/ETL/Proyecto_airflow/venv/lib/python3.12/site-packages/airflow/example_dags/example_nested_branch_dag.py for tasks to queue
[2025-04-01T16:57:18.639-0500] {logging_mixin.py:190} INFO - [2025-04-01T16:57:18.638-0500] {dagbag.py:588} INFO - Filling up the DagBag from /mnt/d/Universidad/ETL/Proyecto_airflow/venv/lib/python3.12/site-packages/airflow/example_dags/example_nested_branch_dag.py
[2025-04-01T16:57:18.700-0500] {processor.py:925} INFO - DAG(s) 'example_nested_branch_dag' retrieved from /mnt/d/Universidad/ETL/Proyecto_airflow/venv/lib/python3.12/site-packages/airflow/example_dags/example_nested_branch_dag.py
[2025-04-01T16:57:18.719-0500] {logging_mixin.py:190} INFO - [2025-04-01T16:57:18.718-0500] {dag.py:3239} INFO - Sync 1 DAGs
[2025-04-01T16:57:18.734-0500] {logging_mixin.py:190} INFO - [2025-04-01T16:57:18.734-0500] {dag.py:4180} INFO - Setting next_dagrun for example_nested_branch_dag to 2025-03-31 00:00:00+00:00, run_after=2025-04-01 00:00:00+00:00
[2025-04-01T16:57:18.844-0500] {processor.py:208} INFO - Processing /mnt/d/Universidad/ETL/Proyecto_airflow/venv/lib/python3.12/site-packages/airflow/example_dags/example_nested_branch_dag.py took 0.216 seconds
[2025-04-01T16:58:53.155-0500] {processor.py:186} INFO - Started process (PID=6001) to work on /mnt/d/Universidad/ETL/Proyecto_airflow/venv/lib/python3.12/site-packages/airflow/example_dags/example_nested_branch_dag.py
[2025-04-01T16:58:53.156-0500] {processor.py:914} INFO - Processing file /mnt/d/Universidad/ETL/Proyecto_airflow/venv/lib/python3.12/site-packages/airflow/example_dags/example_nested_branch_dag.py for tasks to queue
[2025-04-01T16:58:53.158-0500] {logging_mixin.py:190} INFO - [2025-04-01T16:58:53.157-0500] {dagbag.py:588} INFO - Filling up the DagBag from /mnt/d/Universidad/ETL/Proyecto_airflow/venv/lib/python3.12/site-packages/airflow/example_dags/example_nested_branch_dag.py
[2025-04-01T16:58:53.220-0500] {processor.py:925} INFO - DAG(s) 'example_nested_branch_dag' retrieved from /mnt/d/Universidad/ETL/Proyecto_airflow/venv/lib/python3.12/site-packages/airflow/example_dags/example_nested_branch_dag.py
[2025-04-01T16:58:53.239-0500] {logging_mixin.py:190} INFO - [2025-04-01T16:58:53.238-0500] {dag.py:3239} INFO - Sync 1 DAGs
[2025-04-01T16:58:53.254-0500] {logging_mixin.py:190} INFO - [2025-04-01T16:58:53.253-0500] {dag.py:4180} INFO - Setting next_dagrun for example_nested_branch_dag to 2025-03-31 00:00:00+00:00, run_after=2025-04-01 00:00:00+00:00
[2025-04-01T16:58:53.360-0500] {processor.py:208} INFO - Processing /mnt/d/Universidad/ETL/Proyecto_airflow/venv/lib/python3.12/site-packages/airflow/example_dags/example_nested_branch_dag.py took 0.213 seconds
[2025-04-01T17:00:27.630-0500] {processor.py:186} INFO - Started process (PID=6072) to work on /mnt/d/Universidad/ETL/Proyecto_airflow/venv/lib/python3.12/site-packages/airflow/example_dags/example_nested_branch_dag.py
[2025-04-01T17:00:27.632-0500] {processor.py:914} INFO - Processing file /mnt/d/Universidad/ETL/Proyecto_airflow/venv/lib/python3.12/site-packages/airflow/example_dags/example_nested_branch_dag.py for tasks to queue
[2025-04-01T17:00:27.634-0500] {logging_mixin.py:190} INFO - [2025-04-01T17:00:27.633-0500] {dagbag.py:588} INFO - Filling up the DagBag from /mnt/d/Universidad/ETL/Proyecto_airflow/venv/lib/python3.12/site-packages/airflow/example_dags/example_nested_branch_dag.py
[2025-04-01T17:00:27.695-0500] {processor.py:925} INFO - DAG(s) 'example_nested_branch_dag' retrieved from /mnt/d/Universidad/ETL/Proyecto_airflow/venv/lib/python3.12/site-packages/airflow/example_dags/example_nested_branch_dag.py
[2025-04-01T17:00:27.713-0500] {logging_mixin.py:190} INFO - [2025-04-01T17:00:27.712-0500] {dag.py:3239} INFO - Sync 1 DAGs
[2025-04-01T17:00:27.728-0500] {logging_mixin.py:190} INFO - [2025-04-01T17:00:27.727-0500] {dag.py:4180} INFO - Setting next_dagrun for example_nested_branch_dag to 2025-03-31 00:00:00+00:00, run_after=2025-04-01 00:00:00+00:00
[2025-04-01T17:00:27.828-0500] {processor.py:208} INFO - Processing /mnt/d/Universidad/ETL/Proyecto_airflow/venv/lib/python3.12/site-packages/airflow/example_dags/example_nested_branch_dag.py took 0.205 seconds
[2025-04-01T17:02:02.280-0500] {processor.py:186} INFO - Started process (PID=6143) to work on /mnt/d/Universidad/ETL/Proyecto_airflow/venv/lib/python3.12/site-packages/airflow/example_dags/example_nested_branch_dag.py
[2025-04-01T17:02:02.281-0500] {processor.py:914} INFO - Processing file /mnt/d/Universidad/ETL/Proyecto_airflow/venv/lib/python3.12/site-packages/airflow/example_dags/example_nested_branch_dag.py for tasks to queue
[2025-04-01T17:02:02.284-0500] {logging_mixin.py:190} INFO - [2025-04-01T17:02:02.283-0500] {dagbag.py:588} INFO - Filling up the DagBag from /mnt/d/Universidad/ETL/Proyecto_airflow/venv/lib/python3.12/site-packages/airflow/example_dags/example_nested_branch_dag.py
[2025-04-01T17:02:02.344-0500] {processor.py:925} INFO - DAG(s) 'example_nested_branch_dag' retrieved from /mnt/d/Universidad/ETL/Proyecto_airflow/venv/lib/python3.12/site-packages/airflow/example_dags/example_nested_branch_dag.py
[2025-04-01T17:02:02.362-0500] {logging_mixin.py:190} INFO - [2025-04-01T17:02:02.361-0500] {dag.py:3239} INFO - Sync 1 DAGs
[2025-04-01T17:02:02.377-0500] {logging_mixin.py:190} INFO - [2025-04-01T17:02:02.377-0500] {dag.py:4180} INFO - Setting next_dagrun for example_nested_branch_dag to 2025-03-31 00:00:00+00:00, run_after=2025-04-01 00:00:00+00:00
[2025-04-01T17:02:02.498-0500] {processor.py:208} INFO - Processing /mnt/d/Universidad/ETL/Proyecto_airflow/venv/lib/python3.12/site-packages/airflow/example_dags/example_nested_branch_dag.py took 0.225 seconds
[2025-04-01T17:03:40.950-0500] {processor.py:186} INFO - Started process (PID=6215) to work on /mnt/d/Universidad/ETL/Proyecto_airflow/venv/lib/python3.12/site-packages/airflow/example_dags/example_nested_branch_dag.py
[2025-04-01T17:03:40.951-0500] {processor.py:914} INFO - Processing file /mnt/d/Universidad/ETL/Proyecto_airflow/venv/lib/python3.12/site-packages/airflow/example_dags/example_nested_branch_dag.py for tasks to queue
[2025-04-01T17:03:40.954-0500] {logging_mixin.py:190} INFO - [2025-04-01T17:03:40.953-0500] {dagbag.py:588} INFO - Filling up the DagBag from /mnt/d/Universidad/ETL/Proyecto_airflow/venv/lib/python3.12/site-packages/airflow/example_dags/example_nested_branch_dag.py
[2025-04-01T17:03:41.016-0500] {processor.py:925} INFO - DAG(s) 'example_nested_branch_dag' retrieved from /mnt/d/Universidad/ETL/Proyecto_airflow/venv/lib/python3.12/site-packages/airflow/example_dags/example_nested_branch_dag.py
[2025-04-01T17:03:41.034-0500] {logging_mixin.py:190} INFO - [2025-04-01T17:03:41.033-0500] {dag.py:3239} INFO - Sync 1 DAGs
[2025-04-01T17:03:41.050-0500] {logging_mixin.py:190} INFO - [2025-04-01T17:03:41.049-0500] {dag.py:4180} INFO - Setting next_dagrun for example_nested_branch_dag to 2025-03-31 00:00:00+00:00, run_after=2025-04-01 00:00:00+00:00
[2025-04-01T17:03:41.152-0500] {processor.py:208} INFO - Processing /mnt/d/Universidad/ETL/Proyecto_airflow/venv/lib/python3.12/site-packages/airflow/example_dags/example_nested_branch_dag.py took 0.210 seconds
[2025-04-01T17:05:11.226-0500] {processor.py:186} INFO - Started process (PID=6284) to work on /mnt/d/Universidad/ETL/Proyecto_airflow/venv/lib/python3.12/site-packages/airflow/example_dags/example_nested_branch_dag.py
[2025-04-01T17:05:11.227-0500] {processor.py:914} INFO - Processing file /mnt/d/Universidad/ETL/Proyecto_airflow/venv/lib/python3.12/site-packages/airflow/example_dags/example_nested_branch_dag.py for tasks to queue
[2025-04-01T17:05:11.229-0500] {logging_mixin.py:190} INFO - [2025-04-01T17:05:11.228-0500] {dagbag.py:588} INFO - Filling up the DagBag from /mnt/d/Universidad/ETL/Proyecto_airflow/venv/lib/python3.12/site-packages/airflow/example_dags/example_nested_branch_dag.py
[2025-04-01T17:05:11.289-0500] {processor.py:925} INFO - DAG(s) 'example_nested_branch_dag' retrieved from /mnt/d/Universidad/ETL/Proyecto_airflow/venv/lib/python3.12/site-packages/airflow/example_dags/example_nested_branch_dag.py
[2025-04-01T17:05:11.307-0500] {logging_mixin.py:190} INFO - [2025-04-01T17:05:11.306-0500] {dag.py:3239} INFO - Sync 1 DAGs
[2025-04-01T17:05:11.322-0500] {logging_mixin.py:190} INFO - [2025-04-01T17:05:11.321-0500] {dag.py:4180} INFO - Setting next_dagrun for example_nested_branch_dag to 2025-03-31 00:00:00+00:00, run_after=2025-04-01 00:00:00+00:00
[2025-04-01T17:05:11.422-0500] {processor.py:208} INFO - Processing /mnt/d/Universidad/ETL/Proyecto_airflow/venv/lib/python3.12/site-packages/airflow/example_dags/example_nested_branch_dag.py took 0.204 seconds
[2025-04-01T17:06:54.320-0500] {processor.py:186} INFO - Started process (PID=6359) to work on /mnt/d/Universidad/ETL/Proyecto_airflow/venv/lib/python3.12/site-packages/airflow/example_dags/example_nested_branch_dag.py
[2025-04-01T17:06:54.321-0500] {processor.py:914} INFO - Processing file /mnt/d/Universidad/ETL/Proyecto_airflow/venv/lib/python3.12/site-packages/airflow/example_dags/example_nested_branch_dag.py for tasks to queue
[2025-04-01T17:06:54.324-0500] {logging_mixin.py:190} INFO - [2025-04-01T17:06:54.323-0500] {dagbag.py:588} INFO - Filling up the DagBag from /mnt/d/Universidad/ETL/Proyecto_airflow/venv/lib/python3.12/site-packages/airflow/example_dags/example_nested_branch_dag.py
[2025-04-01T17:06:54.384-0500] {processor.py:925} INFO - DAG(s) 'example_nested_branch_dag' retrieved from /mnt/d/Universidad/ETL/Proyecto_airflow/venv/lib/python3.12/site-packages/airflow/example_dags/example_nested_branch_dag.py
[2025-04-01T17:06:54.402-0500] {logging_mixin.py:190} INFO - [2025-04-01T17:06:54.401-0500] {dag.py:3239} INFO - Sync 1 DAGs
[2025-04-01T17:06:54.416-0500] {logging_mixin.py:190} INFO - [2025-04-01T17:06:54.416-0500] {dag.py:4180} INFO - Setting next_dagrun for example_nested_branch_dag to 2025-03-31 00:00:00+00:00, run_after=2025-04-01 00:00:00+00:00
[2025-04-01T17:06:54.563-0500] {processor.py:208} INFO - Processing /mnt/d/Universidad/ETL/Proyecto_airflow/venv/lib/python3.12/site-packages/airflow/example_dags/example_nested_branch_dag.py took 0.251 seconds
[2025-04-01T17:08:28.336-0500] {processor.py:186} INFO - Started process (PID=6431) to work on /mnt/d/Universidad/ETL/Proyecto_airflow/venv/lib/python3.12/site-packages/airflow/example_dags/example_nested_branch_dag.py
[2025-04-01T17:08:28.337-0500] {processor.py:914} INFO - Processing file /mnt/d/Universidad/ETL/Proyecto_airflow/venv/lib/python3.12/site-packages/airflow/example_dags/example_nested_branch_dag.py for tasks to queue
[2025-04-01T17:08:28.339-0500] {logging_mixin.py:190} INFO - [2025-04-01T17:08:28.339-0500] {dagbag.py:588} INFO - Filling up the DagBag from /mnt/d/Universidad/ETL/Proyecto_airflow/venv/lib/python3.12/site-packages/airflow/example_dags/example_nested_branch_dag.py
[2025-04-01T17:08:28.402-0500] {processor.py:925} INFO - DAG(s) 'example_nested_branch_dag' retrieved from /mnt/d/Universidad/ETL/Proyecto_airflow/venv/lib/python3.12/site-packages/airflow/example_dags/example_nested_branch_dag.py
[2025-04-01T17:08:28.421-0500] {logging_mixin.py:190} INFO - [2025-04-01T17:08:28.420-0500] {dag.py:3239} INFO - Sync 1 DAGs
[2025-04-01T17:08:28.436-0500] {logging_mixin.py:190} INFO - [2025-04-01T17:08:28.435-0500] {dag.py:4180} INFO - Setting next_dagrun for example_nested_branch_dag to 2025-03-31 00:00:00+00:00, run_after=2025-04-01 00:00:00+00:00
[2025-04-01T17:08:28.540-0500] {processor.py:208} INFO - Processing /mnt/d/Universidad/ETL/Proyecto_airflow/venv/lib/python3.12/site-packages/airflow/example_dags/example_nested_branch_dag.py took 0.213 seconds
[2025-04-01T17:10:10.500-0500] {processor.py:186} INFO - Started process (PID=6503) to work on /mnt/d/Universidad/ETL/Proyecto_airflow/venv/lib/python3.12/site-packages/airflow/example_dags/example_nested_branch_dag.py
[2025-04-01T17:10:10.501-0500] {processor.py:914} INFO - Processing file /mnt/d/Universidad/ETL/Proyecto_airflow/venv/lib/python3.12/site-packages/airflow/example_dags/example_nested_branch_dag.py for tasks to queue
[2025-04-01T17:10:10.503-0500] {logging_mixin.py:190} INFO - [2025-04-01T17:10:10.502-0500] {dagbag.py:588} INFO - Filling up the DagBag from /mnt/d/Universidad/ETL/Proyecto_airflow/venv/lib/python3.12/site-packages/airflow/example_dags/example_nested_branch_dag.py
[2025-04-01T17:10:10.565-0500] {processor.py:925} INFO - DAG(s) 'example_nested_branch_dag' retrieved from /mnt/d/Universidad/ETL/Proyecto_airflow/venv/lib/python3.12/site-packages/airflow/example_dags/example_nested_branch_dag.py
[2025-04-01T17:10:10.583-0500] {logging_mixin.py:190} INFO - [2025-04-01T17:10:10.582-0500] {dag.py:3239} INFO - Sync 1 DAGs
[2025-04-01T17:10:10.598-0500] {logging_mixin.py:190} INFO - [2025-04-01T17:10:10.597-0500] {dag.py:4180} INFO - Setting next_dagrun for example_nested_branch_dag to 2025-03-31 00:00:00+00:00, run_after=2025-04-01 00:00:00+00:00
[2025-04-01T17:10:10.704-0500] {processor.py:208} INFO - Processing /mnt/d/Universidad/ETL/Proyecto_airflow/venv/lib/python3.12/site-packages/airflow/example_dags/example_nested_branch_dag.py took 0.211 seconds
[2025-04-01T17:11:55.254-0500] {processor.py:186} INFO - Started process (PID=6578) to work on /mnt/d/Universidad/ETL/Proyecto_airflow/venv/lib/python3.12/site-packages/airflow/example_dags/example_nested_branch_dag.py
[2025-04-01T17:11:55.255-0500] {processor.py:914} INFO - Processing file /mnt/d/Universidad/ETL/Proyecto_airflow/venv/lib/python3.12/site-packages/airflow/example_dags/example_nested_branch_dag.py for tasks to queue
[2025-04-01T17:11:55.257-0500] {logging_mixin.py:190} INFO - [2025-04-01T17:11:55.257-0500] {dagbag.py:588} INFO - Filling up the DagBag from /mnt/d/Universidad/ETL/Proyecto_airflow/venv/lib/python3.12/site-packages/airflow/example_dags/example_nested_branch_dag.py
[2025-04-01T17:11:55.318-0500] {processor.py:925} INFO - DAG(s) 'example_nested_branch_dag' retrieved from /mnt/d/Universidad/ETL/Proyecto_airflow/venv/lib/python3.12/site-packages/airflow/example_dags/example_nested_branch_dag.py
[2025-04-01T17:11:55.338-0500] {logging_mixin.py:190} INFO - [2025-04-01T17:11:55.337-0500] {dag.py:3239} INFO - Sync 1 DAGs
[2025-04-01T17:11:55.355-0500] {logging_mixin.py:190} INFO - [2025-04-01T17:11:55.354-0500] {dag.py:4180} INFO - Setting next_dagrun for example_nested_branch_dag to 2025-03-31 00:00:00+00:00, run_after=2025-04-01 00:00:00+00:00
[2025-04-01T17:11:55.456-0500] {processor.py:208} INFO - Processing /mnt/d/Universidad/ETL/Proyecto_airflow/venv/lib/python3.12/site-packages/airflow/example_dags/example_nested_branch_dag.py took 0.209 seconds
[2025-04-01T17:13:30.807-0500] {processor.py:186} INFO - Started process (PID=6651) to work on /mnt/d/Universidad/ETL/Proyecto_airflow/venv/lib/python3.12/site-packages/airflow/example_dags/example_nested_branch_dag.py
[2025-04-01T17:13:30.808-0500] {processor.py:914} INFO - Processing file /mnt/d/Universidad/ETL/Proyecto_airflow/venv/lib/python3.12/site-packages/airflow/example_dags/example_nested_branch_dag.py for tasks to queue
[2025-04-01T17:13:30.811-0500] {logging_mixin.py:190} INFO - [2025-04-01T17:13:30.810-0500] {dagbag.py:588} INFO - Filling up the DagBag from /mnt/d/Universidad/ETL/Proyecto_airflow/venv/lib/python3.12/site-packages/airflow/example_dags/example_nested_branch_dag.py
[2025-04-01T17:13:30.873-0500] {processor.py:925} INFO - DAG(s) 'example_nested_branch_dag' retrieved from /mnt/d/Universidad/ETL/Proyecto_airflow/venv/lib/python3.12/site-packages/airflow/example_dags/example_nested_branch_dag.py
[2025-04-01T17:13:30.891-0500] {logging_mixin.py:190} INFO - [2025-04-01T17:13:30.890-0500] {dag.py:3239} INFO - Sync 1 DAGs
[2025-04-01T17:13:30.907-0500] {logging_mixin.py:190} INFO - [2025-04-01T17:13:30.907-0500] {dag.py:4180} INFO - Setting next_dagrun for example_nested_branch_dag to 2025-03-31 00:00:00+00:00, run_after=2025-04-01 00:00:00+00:00
[2025-04-01T17:13:31.008-0500] {processor.py:208} INFO - Processing /mnt/d/Universidad/ETL/Proyecto_airflow/venv/lib/python3.12/site-packages/airflow/example_dags/example_nested_branch_dag.py took 0.208 seconds
[2025-04-01T17:15:03.797-0500] {processor.py:186} INFO - Started process (PID=6722) to work on /mnt/d/Universidad/ETL/Proyecto_airflow/venv/lib/python3.12/site-packages/airflow/example_dags/example_nested_branch_dag.py
[2025-04-01T17:15:03.798-0500] {processor.py:914} INFO - Processing file /mnt/d/Universidad/ETL/Proyecto_airflow/venv/lib/python3.12/site-packages/airflow/example_dags/example_nested_branch_dag.py for tasks to queue
[2025-04-01T17:15:03.800-0500] {logging_mixin.py:190} INFO - [2025-04-01T17:15:03.799-0500] {dagbag.py:588} INFO - Filling up the DagBag from /mnt/d/Universidad/ETL/Proyecto_airflow/venv/lib/python3.12/site-packages/airflow/example_dags/example_nested_branch_dag.py
[2025-04-01T17:15:03.862-0500] {processor.py:925} INFO - DAG(s) 'example_nested_branch_dag' retrieved from /mnt/d/Universidad/ETL/Proyecto_airflow/venv/lib/python3.12/site-packages/airflow/example_dags/example_nested_branch_dag.py
[2025-04-01T17:15:03.880-0500] {logging_mixin.py:190} INFO - [2025-04-01T17:15:03.880-0500] {dag.py:3239} INFO - Sync 1 DAGs
[2025-04-01T17:15:03.895-0500] {logging_mixin.py:190} INFO - [2025-04-01T17:15:03.894-0500] {dag.py:4180} INFO - Setting next_dagrun for example_nested_branch_dag to 2025-03-31 00:00:00+00:00, run_after=2025-04-01 00:00:00+00:00
[2025-04-01T17:15:04.001-0500] {processor.py:208} INFO - Processing /mnt/d/Universidad/ETL/Proyecto_airflow/venv/lib/python3.12/site-packages/airflow/example_dags/example_nested_branch_dag.py took 0.212 seconds
[2025-04-01T17:16:38.597-0500] {processor.py:186} INFO - Started process (PID=6793) to work on /mnt/d/Universidad/ETL/Proyecto_airflow/venv/lib/python3.12/site-packages/airflow/example_dags/example_nested_branch_dag.py
[2025-04-01T17:16:38.598-0500] {processor.py:914} INFO - Processing file /mnt/d/Universidad/ETL/Proyecto_airflow/venv/lib/python3.12/site-packages/airflow/example_dags/example_nested_branch_dag.py for tasks to queue
[2025-04-01T17:16:38.600-0500] {logging_mixin.py:190} INFO - [2025-04-01T17:16:38.599-0500] {dagbag.py:588} INFO - Filling up the DagBag from /mnt/d/Universidad/ETL/Proyecto_airflow/venv/lib/python3.12/site-packages/airflow/example_dags/example_nested_branch_dag.py
[2025-04-01T17:16:38.661-0500] {processor.py:925} INFO - DAG(s) 'example_nested_branch_dag' retrieved from /mnt/d/Universidad/ETL/Proyecto_airflow/venv/lib/python3.12/site-packages/airflow/example_dags/example_nested_branch_dag.py
[2025-04-01T17:16:38.679-0500] {logging_mixin.py:190} INFO - [2025-04-01T17:16:38.678-0500] {dag.py:3239} INFO - Sync 1 DAGs
[2025-04-01T17:16:38.694-0500] {logging_mixin.py:190} INFO - [2025-04-01T17:16:38.694-0500] {dag.py:4180} INFO - Setting next_dagrun for example_nested_branch_dag to 2025-03-31 00:00:00+00:00, run_after=2025-04-01 00:00:00+00:00
[2025-04-01T17:16:38.796-0500] {processor.py:208} INFO - Processing /mnt/d/Universidad/ETL/Proyecto_airflow/venv/lib/python3.12/site-packages/airflow/example_dags/example_nested_branch_dag.py took 0.207 seconds
[2025-04-01T17:18:13.964-0500] {processor.py:186} INFO - Started process (PID=6867) to work on /mnt/d/Universidad/ETL/Proyecto_airflow/venv/lib/python3.12/site-packages/airflow/example_dags/example_nested_branch_dag.py
[2025-04-01T17:18:13.966-0500] {processor.py:914} INFO - Processing file /mnt/d/Universidad/ETL/Proyecto_airflow/venv/lib/python3.12/site-packages/airflow/example_dags/example_nested_branch_dag.py for tasks to queue
[2025-04-01T17:18:13.968-0500] {logging_mixin.py:190} INFO - [2025-04-01T17:18:13.967-0500] {dagbag.py:588} INFO - Filling up the DagBag from /mnt/d/Universidad/ETL/Proyecto_airflow/venv/lib/python3.12/site-packages/airflow/example_dags/example_nested_branch_dag.py
[2025-04-01T17:18:14.029-0500] {processor.py:925} INFO - DAG(s) 'example_nested_branch_dag' retrieved from /mnt/d/Universidad/ETL/Proyecto_airflow/venv/lib/python3.12/site-packages/airflow/example_dags/example_nested_branch_dag.py
[2025-04-01T17:18:14.047-0500] {logging_mixin.py:190} INFO - [2025-04-01T17:18:14.046-0500] {dag.py:3239} INFO - Sync 1 DAGs
[2025-04-01T17:18:14.062-0500] {logging_mixin.py:190} INFO - [2025-04-01T17:18:14.061-0500] {dag.py:4180} INFO - Setting next_dagrun for example_nested_branch_dag to 2025-03-31 00:00:00+00:00, run_after=2025-04-01 00:00:00+00:00
[2025-04-01T17:18:14.174-0500] {processor.py:208} INFO - Processing /mnt/d/Universidad/ETL/Proyecto_airflow/venv/lib/python3.12/site-packages/airflow/example_dags/example_nested_branch_dag.py took 0.218 seconds
[2025-04-01T17:19:56.778-0500] {processor.py:186} INFO - Started process (PID=6942) to work on /mnt/d/Universidad/ETL/Proyecto_airflow/venv/lib/python3.12/site-packages/airflow/example_dags/example_nested_branch_dag.py
[2025-04-01T17:19:56.779-0500] {processor.py:914} INFO - Processing file /mnt/d/Universidad/ETL/Proyecto_airflow/venv/lib/python3.12/site-packages/airflow/example_dags/example_nested_branch_dag.py for tasks to queue
[2025-04-01T17:19:56.782-0500] {logging_mixin.py:190} INFO - [2025-04-01T17:19:56.781-0500] {dagbag.py:588} INFO - Filling up the DagBag from /mnt/d/Universidad/ETL/Proyecto_airflow/venv/lib/python3.12/site-packages/airflow/example_dags/example_nested_branch_dag.py
[2025-04-01T17:19:56.843-0500] {processor.py:925} INFO - DAG(s) 'example_nested_branch_dag' retrieved from /mnt/d/Universidad/ETL/Proyecto_airflow/venv/lib/python3.12/site-packages/airflow/example_dags/example_nested_branch_dag.py
[2025-04-01T17:19:56.861-0500] {logging_mixin.py:190} INFO - [2025-04-01T17:19:56.861-0500] {dag.py:3239} INFO - Sync 1 DAGs
[2025-04-01T17:19:56.876-0500] {logging_mixin.py:190} INFO - [2025-04-01T17:19:56.876-0500] {dag.py:4180} INFO - Setting next_dagrun for example_nested_branch_dag to 2025-03-31 00:00:00+00:00, run_after=2025-04-01 00:00:00+00:00
[2025-04-01T17:19:56.977-0500] {processor.py:208} INFO - Processing /mnt/d/Universidad/ETL/Proyecto_airflow/venv/lib/python3.12/site-packages/airflow/example_dags/example_nested_branch_dag.py took 0.207 seconds
[2025-04-01T17:21:40.713-0500] {processor.py:186} INFO - Started process (PID=7016) to work on /mnt/d/Universidad/ETL/Proyecto_airflow/venv/lib/python3.12/site-packages/airflow/example_dags/example_nested_branch_dag.py
[2025-04-01T17:21:40.714-0500] {processor.py:914} INFO - Processing file /mnt/d/Universidad/ETL/Proyecto_airflow/venv/lib/python3.12/site-packages/airflow/example_dags/example_nested_branch_dag.py for tasks to queue
[2025-04-01T17:21:40.717-0500] {logging_mixin.py:190} INFO - [2025-04-01T17:21:40.716-0500] {dagbag.py:588} INFO - Filling up the DagBag from /mnt/d/Universidad/ETL/Proyecto_airflow/venv/lib/python3.12/site-packages/airflow/example_dags/example_nested_branch_dag.py
[2025-04-01T17:21:40.779-0500] {processor.py:925} INFO - DAG(s) 'example_nested_branch_dag' retrieved from /mnt/d/Universidad/ETL/Proyecto_airflow/venv/lib/python3.12/site-packages/airflow/example_dags/example_nested_branch_dag.py
[2025-04-01T17:21:40.797-0500] {logging_mixin.py:190} INFO - [2025-04-01T17:21:40.796-0500] {dag.py:3239} INFO - Sync 1 DAGs
[2025-04-01T17:21:40.812-0500] {logging_mixin.py:190} INFO - [2025-04-01T17:21:40.812-0500] {dag.py:4180} INFO - Setting next_dagrun for example_nested_branch_dag to 2025-03-31 00:00:00+00:00, run_after=2025-04-01 00:00:00+00:00
[2025-04-01T17:21:40.911-0500] {processor.py:208} INFO - Processing /mnt/d/Universidad/ETL/Proyecto_airflow/venv/lib/python3.12/site-packages/airflow/example_dags/example_nested_branch_dag.py took 0.206 seconds
[2025-04-01T17:23:18.213-0500] {processor.py:186} INFO - Started process (PID=7087) to work on /mnt/d/Universidad/ETL/Proyecto_airflow/venv/lib/python3.12/site-packages/airflow/example_dags/example_nested_branch_dag.py
[2025-04-01T17:23:18.214-0500] {processor.py:914} INFO - Processing file /mnt/d/Universidad/ETL/Proyecto_airflow/venv/lib/python3.12/site-packages/airflow/example_dags/example_nested_branch_dag.py for tasks to queue
[2025-04-01T17:23:18.216-0500] {logging_mixin.py:190} INFO - [2025-04-01T17:23:18.216-0500] {dagbag.py:588} INFO - Filling up the DagBag from /mnt/d/Universidad/ETL/Proyecto_airflow/venv/lib/python3.12/site-packages/airflow/example_dags/example_nested_branch_dag.py
[2025-04-01T17:23:18.277-0500] {processor.py:925} INFO - DAG(s) 'example_nested_branch_dag' retrieved from /mnt/d/Universidad/ETL/Proyecto_airflow/venv/lib/python3.12/site-packages/airflow/example_dags/example_nested_branch_dag.py
[2025-04-01T17:23:18.296-0500] {logging_mixin.py:190} INFO - [2025-04-01T17:23:18.295-0500] {dag.py:3239} INFO - Sync 1 DAGs
[2025-04-01T17:23:18.311-0500] {logging_mixin.py:190} INFO - [2025-04-01T17:23:18.310-0500] {dag.py:4180} INFO - Setting next_dagrun for example_nested_branch_dag to 2025-03-31 00:00:00+00:00, run_after=2025-04-01 00:00:00+00:00
[2025-04-01T17:23:18.421-0500] {processor.py:208} INFO - Processing /mnt/d/Universidad/ETL/Proyecto_airflow/venv/lib/python3.12/site-packages/airflow/example_dags/example_nested_branch_dag.py took 0.215 seconds
[2025-04-01T17:24:54.388-0500] {processor.py:186} INFO - Started process (PID=7159) to work on /mnt/d/Universidad/ETL/Proyecto_airflow/venv/lib/python3.12/site-packages/airflow/example_dags/example_nested_branch_dag.py
[2025-04-01T17:24:54.389-0500] {processor.py:914} INFO - Processing file /mnt/d/Universidad/ETL/Proyecto_airflow/venv/lib/python3.12/site-packages/airflow/example_dags/example_nested_branch_dag.py for tasks to queue
[2025-04-01T17:24:54.391-0500] {logging_mixin.py:190} INFO - [2025-04-01T17:24:54.390-0500] {dagbag.py:588} INFO - Filling up the DagBag from /mnt/d/Universidad/ETL/Proyecto_airflow/venv/lib/python3.12/site-packages/airflow/example_dags/example_nested_branch_dag.py
[2025-04-01T17:24:54.452-0500] {processor.py:925} INFO - DAG(s) 'example_nested_branch_dag' retrieved from /mnt/d/Universidad/ETL/Proyecto_airflow/venv/lib/python3.12/site-packages/airflow/example_dags/example_nested_branch_dag.py
[2025-04-01T17:24:54.470-0500] {logging_mixin.py:190} INFO - [2025-04-01T17:24:54.469-0500] {dag.py:3239} INFO - Sync 1 DAGs
[2025-04-01T17:24:54.485-0500] {logging_mixin.py:190} INFO - [2025-04-01T17:24:54.485-0500] {dag.py:4180} INFO - Setting next_dagrun for example_nested_branch_dag to 2025-03-31 00:00:00+00:00, run_after=2025-04-01 00:00:00+00:00
[2025-04-01T17:24:54.594-0500] {processor.py:208} INFO - Processing /mnt/d/Universidad/ETL/Proyecto_airflow/venv/lib/python3.12/site-packages/airflow/example_dags/example_nested_branch_dag.py took 0.214 seconds
[2025-04-01T17:26:27.230-0500] {processor.py:186} INFO - Started process (PID=7229) to work on /mnt/d/Universidad/ETL/Proyecto_airflow/venv/lib/python3.12/site-packages/airflow/example_dags/example_nested_branch_dag.py
[2025-04-01T17:26:27.231-0500] {processor.py:914} INFO - Processing file /mnt/d/Universidad/ETL/Proyecto_airflow/venv/lib/python3.12/site-packages/airflow/example_dags/example_nested_branch_dag.py for tasks to queue
[2025-04-01T17:26:27.233-0500] {logging_mixin.py:190} INFO - [2025-04-01T17:26:27.233-0500] {dagbag.py:588} INFO - Filling up the DagBag from /mnt/d/Universidad/ETL/Proyecto_airflow/venv/lib/python3.12/site-packages/airflow/example_dags/example_nested_branch_dag.py
[2025-04-01T17:26:27.296-0500] {processor.py:925} INFO - DAG(s) 'example_nested_branch_dag' retrieved from /mnt/d/Universidad/ETL/Proyecto_airflow/venv/lib/python3.12/site-packages/airflow/example_dags/example_nested_branch_dag.py
[2025-04-01T17:26:27.314-0500] {logging_mixin.py:190} INFO - [2025-04-01T17:26:27.314-0500] {dag.py:3239} INFO - Sync 1 DAGs
[2025-04-01T17:26:27.330-0500] {logging_mixin.py:190} INFO - [2025-04-01T17:26:27.329-0500] {dag.py:4180} INFO - Setting next_dagrun for example_nested_branch_dag to 2025-03-31 00:00:00+00:00, run_after=2025-04-01 00:00:00+00:00
[2025-04-01T17:26:27.440-0500] {processor.py:208} INFO - Processing /mnt/d/Universidad/ETL/Proyecto_airflow/venv/lib/python3.12/site-packages/airflow/example_dags/example_nested_branch_dag.py took 0.218 seconds
[2025-04-01T17:28:04.371-0500] {processor.py:186} INFO - Started process (PID=7301) to work on /mnt/d/Universidad/ETL/Proyecto_airflow/venv/lib/python3.12/site-packages/airflow/example_dags/example_nested_branch_dag.py
[2025-04-01T17:28:04.372-0500] {processor.py:914} INFO - Processing file /mnt/d/Universidad/ETL/Proyecto_airflow/venv/lib/python3.12/site-packages/airflow/example_dags/example_nested_branch_dag.py for tasks to queue
[2025-04-01T17:28:04.374-0500] {logging_mixin.py:190} INFO - [2025-04-01T17:28:04.374-0500] {dagbag.py:588} INFO - Filling up the DagBag from /mnt/d/Universidad/ETL/Proyecto_airflow/venv/lib/python3.12/site-packages/airflow/example_dags/example_nested_branch_dag.py
[2025-04-01T17:28:04.435-0500] {processor.py:925} INFO - DAG(s) 'example_nested_branch_dag' retrieved from /mnt/d/Universidad/ETL/Proyecto_airflow/venv/lib/python3.12/site-packages/airflow/example_dags/example_nested_branch_dag.py
[2025-04-01T17:28:04.454-0500] {logging_mixin.py:190} INFO - [2025-04-01T17:28:04.453-0500] {dag.py:3239} INFO - Sync 1 DAGs
[2025-04-01T17:28:04.468-0500] {logging_mixin.py:190} INFO - [2025-04-01T17:28:04.468-0500] {dag.py:4180} INFO - Setting next_dagrun for example_nested_branch_dag to 2025-03-31 00:00:00+00:00, run_after=2025-04-01 00:00:00+00:00
[2025-04-01T17:28:04.573-0500] {processor.py:208} INFO - Processing /mnt/d/Universidad/ETL/Proyecto_airflow/venv/lib/python3.12/site-packages/airflow/example_dags/example_nested_branch_dag.py took 0.209 seconds
[2025-04-01T17:29:29.297-0500] {processor.py:186} INFO - Started process (PID=7368) to work on /mnt/d/Universidad/ETL/Proyecto_airflow/venv/lib/python3.12/site-packages/airflow/example_dags/example_nested_branch_dag.py
[2025-04-01T17:29:29.298-0500] {processor.py:914} INFO - Processing file /mnt/d/Universidad/ETL/Proyecto_airflow/venv/lib/python3.12/site-packages/airflow/example_dags/example_nested_branch_dag.py for tasks to queue
[2025-04-01T17:29:29.300-0500] {logging_mixin.py:190} INFO - [2025-04-01T17:29:29.299-0500] {dagbag.py:588} INFO - Filling up the DagBag from /mnt/d/Universidad/ETL/Proyecto_airflow/venv/lib/python3.12/site-packages/airflow/example_dags/example_nested_branch_dag.py
[2025-04-01T17:29:29.361-0500] {processor.py:925} INFO - DAG(s) 'example_nested_branch_dag' retrieved from /mnt/d/Universidad/ETL/Proyecto_airflow/venv/lib/python3.12/site-packages/airflow/example_dags/example_nested_branch_dag.py
[2025-04-01T17:29:29.379-0500] {logging_mixin.py:190} INFO - [2025-04-01T17:29:29.378-0500] {dag.py:3239} INFO - Sync 1 DAGs
[2025-04-01T17:29:29.394-0500] {logging_mixin.py:190} INFO - [2025-04-01T17:29:29.393-0500] {dag.py:4180} INFO - Setting next_dagrun for example_nested_branch_dag to 2025-03-31 00:00:00+00:00, run_after=2025-04-01 00:00:00+00:00
[2025-04-01T17:29:29.490-0500] {processor.py:208} INFO - Processing /mnt/d/Universidad/ETL/Proyecto_airflow/venv/lib/python3.12/site-packages/airflow/example_dags/example_nested_branch_dag.py took 0.201 seconds
