[2025-04-01T16:17:46.646-0500] {processor.py:186} INFO - Started process (PID=4111) to work on /mnt/d/Universidad/ETL/Proyecto_airflow/venv/lib/python3.12/site-packages/airflow/example_dags/example_branch_day_of_week_operator.py
[2025-04-01T16:17:46.648-0500] {processor.py:914} INFO - Processing file /mnt/d/Universidad/ETL/Proyecto_airflow/venv/lib/python3.12/site-packages/airflow/example_dags/example_branch_day_of_week_operator.py for tasks to queue
[2025-04-01T16:17:46.650-0500] {logging_mixin.py:190} INFO - [2025-04-01T16:17:46.649-0500] {dagbag.py:588} INFO - Filling up the DagBag from /mnt/d/Universidad/ETL/Proyecto_airflow/venv/lib/python3.12/site-packages/airflow/example_dags/example_branch_day_of_week_operator.py
[2025-04-01T16:17:46.712-0500] {processor.py:925} INFO - DAG(s) 'example_weekday_branch_operator' retrieved from /mnt/d/Universidad/ETL/Proyecto_airflow/venv/lib/python3.12/site-packages/airflow/example_dags/example_branch_day_of_week_operator.py
[2025-04-01T16:17:47.744-0500] {logging_mixin.py:190} INFO - [2025-04-01T16:17:47.743-0500] {override.py:1930} INFO - Created Permission View: can read on DAG:example_weekday_branch_operator
[2025-04-01T16:17:47.790-0500] {logging_mixin.py:190} INFO - [2025-04-01T16:17:47.789-0500] {override.py:1930} INFO - Created Permission View: can edit on DAG:example_weekday_branch_operator
[2025-04-01T16:17:47.829-0500] {logging_mixin.py:190} INFO - [2025-04-01T16:17:47.828-0500] {override.py:1930} INFO - Created Permission View: can delete on DAG:example_weekday_branch_operator
[2025-04-01T16:17:47.952-0500] {logging_mixin.py:190} INFO - [2025-04-01T16:17:47.951-0500] {override.py:1930} INFO - Created Permission View: can create on DAG Run:example_weekday_branch_operator
[2025-04-01T16:17:48.021-0500] {logging_mixin.py:190} INFO - [2025-04-01T16:17:48.020-0500] {override.py:1930} INFO - Created Permission View: menu access on DAG Run:example_weekday_branch_operator
[2025-04-01T16:17:48.060-0500] {logging_mixin.py:190} INFO - [2025-04-01T16:17:48.059-0500] {override.py:1930} INFO - Created Permission View: can read on DAG Run:example_weekday_branch_operator
[2025-04-01T16:17:48.098-0500] {logging_mixin.py:190} INFO - [2025-04-01T16:17:48.097-0500] {override.py:1930} INFO - Created Permission View: can delete on DAG Run:example_weekday_branch_operator
[2025-04-01T16:17:48.100-0500] {logging_mixin.py:190} INFO - [2025-04-01T16:17:48.099-0500] {dag.py:3239} INFO - Sync 1 DAGs
[2025-04-01T16:17:48.113-0500] {logging_mixin.py:190} INFO - [2025-04-01T16:17:48.112-0500] {dag.py:3262} INFO - Creating ORM DAG for example_weekday_branch_operator
[2025-04-01T16:17:48.121-0500] {logging_mixin.py:190} INFO - [2025-04-01T16:17:48.120-0500] {dag.py:4180} INFO - Setting next_dagrun for example_weekday_branch_operator to 2025-03-31 00:00:00+00:00, run_after=2025-04-01 00:00:00+00:00
[2025-04-01T16:17:48.227-0500] {processor.py:208} INFO - Processing /mnt/d/Universidad/ETL/Proyecto_airflow/venv/lib/python3.12/site-packages/airflow/example_dags/example_branch_day_of_week_operator.py took 1.588 seconds
[2025-04-01T16:19:38.051-0500] {processor.py:186} INFO - Started process (PID=4198) to work on /mnt/d/Universidad/ETL/Proyecto_airflow/venv/lib/python3.12/site-packages/airflow/example_dags/example_branch_day_of_week_operator.py
[2025-04-01T16:19:38.052-0500] {processor.py:914} INFO - Processing file /mnt/d/Universidad/ETL/Proyecto_airflow/venv/lib/python3.12/site-packages/airflow/example_dags/example_branch_day_of_week_operator.py for tasks to queue
[2025-04-01T16:19:38.055-0500] {logging_mixin.py:190} INFO - [2025-04-01T16:19:38.054-0500] {dagbag.py:588} INFO - Filling up the DagBag from /mnt/d/Universidad/ETL/Proyecto_airflow/venv/lib/python3.12/site-packages/airflow/example_dags/example_branch_day_of_week_operator.py
[2025-04-01T16:19:38.121-0500] {processor.py:925} INFO - DAG(s) 'example_weekday_branch_operator' retrieved from /mnt/d/Universidad/ETL/Proyecto_airflow/venv/lib/python3.12/site-packages/airflow/example_dags/example_branch_day_of_week_operator.py
[2025-04-01T16:19:38.142-0500] {logging_mixin.py:190} INFO - [2025-04-01T16:19:38.141-0500] {dag.py:3239} INFO - Sync 1 DAGs
[2025-04-01T16:19:38.159-0500] {logging_mixin.py:190} INFO - [2025-04-01T16:19:38.159-0500] {dag.py:4180} INFO - Setting next_dagrun for example_weekday_branch_operator to 2025-03-31 00:00:00+00:00, run_after=2025-04-01 00:00:00+00:00
[2025-04-01T16:19:38.232-0500] {processor.py:208} INFO - Processing /mnt/d/Universidad/ETL/Proyecto_airflow/venv/lib/python3.12/site-packages/airflow/example_dags/example_branch_day_of_week_operator.py took 0.190 seconds
[2025-04-01T16:21:06.445-0500] {processor.py:186} INFO - Started process (PID=4270) to work on /mnt/d/Universidad/ETL/Proyecto_airflow/venv/lib/python3.12/site-packages/airflow/example_dags/example_branch_day_of_week_operator.py
[2025-04-01T16:21:06.446-0500] {processor.py:914} INFO - Processing file /mnt/d/Universidad/ETL/Proyecto_airflow/venv/lib/python3.12/site-packages/airflow/example_dags/example_branch_day_of_week_operator.py for tasks to queue
[2025-04-01T16:21:06.449-0500] {logging_mixin.py:190} INFO - [2025-04-01T16:21:06.448-0500] {dagbag.py:588} INFO - Filling up the DagBag from /mnt/d/Universidad/ETL/Proyecto_airflow/venv/lib/python3.12/site-packages/airflow/example_dags/example_branch_day_of_week_operator.py
[2025-04-01T16:21:06.515-0500] {processor.py:925} INFO - DAG(s) 'example_weekday_branch_operator' retrieved from /mnt/d/Universidad/ETL/Proyecto_airflow/venv/lib/python3.12/site-packages/airflow/example_dags/example_branch_day_of_week_operator.py
[2025-04-01T16:21:06.535-0500] {logging_mixin.py:190} INFO - [2025-04-01T16:21:06.534-0500] {dag.py:3239} INFO - Sync 1 DAGs
[2025-04-01T16:21:06.551-0500] {logging_mixin.py:190} INFO - [2025-04-01T16:21:06.550-0500] {dag.py:4180} INFO - Setting next_dagrun for example_weekday_branch_operator to 2025-03-31 00:00:00+00:00, run_after=2025-04-01 00:00:00+00:00
[2025-04-01T16:21:06.624-0500] {processor.py:208} INFO - Processing /mnt/d/Universidad/ETL/Proyecto_airflow/venv/lib/python3.12/site-packages/airflow/example_dags/example_branch_day_of_week_operator.py took 0.188 seconds
[2025-04-01T16:22:29.917-0500] {processor.py:186} INFO - Started process (PID=4339) to work on /mnt/d/Universidad/ETL/Proyecto_airflow/venv/lib/python3.12/site-packages/airflow/example_dags/example_branch_day_of_week_operator.py
[2025-04-01T16:22:29.918-0500] {processor.py:914} INFO - Processing file /mnt/d/Universidad/ETL/Proyecto_airflow/venv/lib/python3.12/site-packages/airflow/example_dags/example_branch_day_of_week_operator.py for tasks to queue
[2025-04-01T16:22:29.920-0500] {logging_mixin.py:190} INFO - [2025-04-01T16:22:29.920-0500] {dagbag.py:588} INFO - Filling up the DagBag from /mnt/d/Universidad/ETL/Proyecto_airflow/venv/lib/python3.12/site-packages/airflow/example_dags/example_branch_day_of_week_operator.py
[2025-04-01T16:22:29.980-0500] {processor.py:925} INFO - DAG(s) 'example_weekday_branch_operator' retrieved from /mnt/d/Universidad/ETL/Proyecto_airflow/venv/lib/python3.12/site-packages/airflow/example_dags/example_branch_day_of_week_operator.py
[2025-04-01T16:22:29.998-0500] {logging_mixin.py:190} INFO - [2025-04-01T16:22:29.997-0500] {dag.py:3239} INFO - Sync 1 DAGs
[2025-04-01T16:22:30.013-0500] {logging_mixin.py:190} INFO - [2025-04-01T16:22:30.012-0500] {dag.py:4180} INFO - Setting next_dagrun for example_weekday_branch_operator to 2025-03-31 00:00:00+00:00, run_after=2025-04-01 00:00:00+00:00
[2025-04-01T16:22:30.089-0500] {processor.py:208} INFO - Processing /mnt/d/Universidad/ETL/Proyecto_airflow/venv/lib/python3.12/site-packages/airflow/example_dags/example_branch_day_of_week_operator.py took 0.180 seconds
[2025-04-01T16:23:58.893-0500] {processor.py:186} INFO - Started process (PID=4408) to work on /mnt/d/Universidad/ETL/Proyecto_airflow/venv/lib/python3.12/site-packages/airflow/example_dags/example_branch_day_of_week_operator.py
[2025-04-01T16:23:58.894-0500] {processor.py:914} INFO - Processing file /mnt/d/Universidad/ETL/Proyecto_airflow/venv/lib/python3.12/site-packages/airflow/example_dags/example_branch_day_of_week_operator.py for tasks to queue
[2025-04-01T16:23:58.896-0500] {logging_mixin.py:190} INFO - [2025-04-01T16:23:58.896-0500] {dagbag.py:588} INFO - Filling up the DagBag from /mnt/d/Universidad/ETL/Proyecto_airflow/venv/lib/python3.12/site-packages/airflow/example_dags/example_branch_day_of_week_operator.py
[2025-04-01T16:23:58.957-0500] {processor.py:925} INFO - DAG(s) 'example_weekday_branch_operator' retrieved from /mnt/d/Universidad/ETL/Proyecto_airflow/venv/lib/python3.12/site-packages/airflow/example_dags/example_branch_day_of_week_operator.py
[2025-04-01T16:23:58.975-0500] {logging_mixin.py:190} INFO - [2025-04-01T16:23:58.974-0500] {dag.py:3239} INFO - Sync 1 DAGs
[2025-04-01T16:23:58.990-0500] {logging_mixin.py:190} INFO - [2025-04-01T16:23:58.989-0500] {dag.py:4180} INFO - Setting next_dagrun for example_weekday_branch_operator to 2025-03-31 00:00:00+00:00, run_after=2025-04-01 00:00:00+00:00
[2025-04-01T16:23:59.066-0500] {processor.py:208} INFO - Processing /mnt/d/Universidad/ETL/Proyecto_airflow/venv/lib/python3.12/site-packages/airflow/example_dags/example_branch_day_of_week_operator.py took 0.181 seconds
[2025-04-01T16:25:35.753-0500] {processor.py:186} INFO - Started process (PID=4479) to work on /mnt/d/Universidad/ETL/Proyecto_airflow/venv/lib/python3.12/site-packages/airflow/example_dags/example_branch_day_of_week_operator.py
[2025-04-01T16:25:35.754-0500] {processor.py:914} INFO - Processing file /mnt/d/Universidad/ETL/Proyecto_airflow/venv/lib/python3.12/site-packages/airflow/example_dags/example_branch_day_of_week_operator.py for tasks to queue
[2025-04-01T16:25:35.757-0500] {logging_mixin.py:190} INFO - [2025-04-01T16:25:35.756-0500] {dagbag.py:588} INFO - Filling up the DagBag from /mnt/d/Universidad/ETL/Proyecto_airflow/venv/lib/python3.12/site-packages/airflow/example_dags/example_branch_day_of_week_operator.py
[2025-04-01T16:25:35.818-0500] {processor.py:925} INFO - DAG(s) 'example_weekday_branch_operator' retrieved from /mnt/d/Universidad/ETL/Proyecto_airflow/venv/lib/python3.12/site-packages/airflow/example_dags/example_branch_day_of_week_operator.py
[2025-04-01T16:25:35.838-0500] {logging_mixin.py:190} INFO - [2025-04-01T16:25:35.837-0500] {dag.py:3239} INFO - Sync 1 DAGs
[2025-04-01T16:25:35.854-0500] {logging_mixin.py:190} INFO - [2025-04-01T16:25:35.854-0500] {dag.py:4180} INFO - Setting next_dagrun for example_weekday_branch_operator to 2025-03-31 00:00:00+00:00, run_after=2025-04-01 00:00:00+00:00
[2025-04-01T16:25:35.998-0500] {processor.py:208} INFO - Processing /mnt/d/Universidad/ETL/Proyecto_airflow/venv/lib/python3.12/site-packages/airflow/example_dags/example_branch_day_of_week_operator.py took 0.252 seconds
[2025-04-01T16:27:05.988-0500] {processor.py:186} INFO - Started process (PID=4551) to work on /mnt/d/Universidad/ETL/Proyecto_airflow/venv/lib/python3.12/site-packages/airflow/example_dags/example_branch_day_of_week_operator.py
[2025-04-01T16:27:05.989-0500] {processor.py:914} INFO - Processing file /mnt/d/Universidad/ETL/Proyecto_airflow/venv/lib/python3.12/site-packages/airflow/example_dags/example_branch_day_of_week_operator.py for tasks to queue
[2025-04-01T16:27:05.991-0500] {logging_mixin.py:190} INFO - [2025-04-01T16:27:05.991-0500] {dagbag.py:588} INFO - Filling up the DagBag from /mnt/d/Universidad/ETL/Proyecto_airflow/venv/lib/python3.12/site-packages/airflow/example_dags/example_branch_day_of_week_operator.py
[2025-04-01T16:27:06.052-0500] {processor.py:925} INFO - DAG(s) 'example_weekday_branch_operator' retrieved from /mnt/d/Universidad/ETL/Proyecto_airflow/venv/lib/python3.12/site-packages/airflow/example_dags/example_branch_day_of_week_operator.py
[2025-04-01T16:27:06.070-0500] {logging_mixin.py:190} INFO - [2025-04-01T16:27:06.070-0500] {dag.py:3239} INFO - Sync 1 DAGs
[2025-04-01T16:27:06.086-0500] {logging_mixin.py:190} INFO - [2025-04-01T16:27:06.085-0500] {dag.py:4180} INFO - Setting next_dagrun for example_weekday_branch_operator to 2025-03-31 00:00:00+00:00, run_after=2025-04-01 00:00:00+00:00
[2025-04-01T16:27:06.176-0500] {processor.py:208} INFO - Processing /mnt/d/Universidad/ETL/Proyecto_airflow/venv/lib/python3.12/site-packages/airflow/example_dags/example_branch_day_of_week_operator.py took 0.195 seconds
[2025-04-01T16:28:38.950-0500] {processor.py:186} INFO - Started process (PID=4622) to work on /mnt/d/Universidad/ETL/Proyecto_airflow/venv/lib/python3.12/site-packages/airflow/example_dags/example_branch_day_of_week_operator.py
[2025-04-01T16:28:38.951-0500] {processor.py:914} INFO - Processing file /mnt/d/Universidad/ETL/Proyecto_airflow/venv/lib/python3.12/site-packages/airflow/example_dags/example_branch_day_of_week_operator.py for tasks to queue
[2025-04-01T16:28:38.954-0500] {logging_mixin.py:190} INFO - [2025-04-01T16:28:38.953-0500] {dagbag.py:588} INFO - Filling up the DagBag from /mnt/d/Universidad/ETL/Proyecto_airflow/venv/lib/python3.12/site-packages/airflow/example_dags/example_branch_day_of_week_operator.py
[2025-04-01T16:28:39.017-0500] {processor.py:925} INFO - DAG(s) 'example_weekday_branch_operator' retrieved from /mnt/d/Universidad/ETL/Proyecto_airflow/venv/lib/python3.12/site-packages/airflow/example_dags/example_branch_day_of_week_operator.py
[2025-04-01T16:28:39.037-0500] {logging_mixin.py:190} INFO - [2025-04-01T16:28:39.037-0500] {dag.py:3239} INFO - Sync 1 DAGs
[2025-04-01T16:28:39.055-0500] {logging_mixin.py:190} INFO - [2025-04-01T16:28:39.054-0500] {dag.py:4180} INFO - Setting next_dagrun for example_weekday_branch_operator to 2025-03-31 00:00:00+00:00, run_after=2025-04-01 00:00:00+00:00
[2025-04-01T16:28:39.127-0500] {processor.py:208} INFO - Processing /mnt/d/Universidad/ETL/Proyecto_airflow/venv/lib/python3.12/site-packages/airflow/example_dags/example_branch_day_of_week_operator.py took 0.186 seconds
[2025-04-01T16:30:09.563-0500] {processor.py:186} INFO - Started process (PID=4694) to work on /mnt/d/Universidad/ETL/Proyecto_airflow/venv/lib/python3.12/site-packages/airflow/example_dags/example_branch_day_of_week_operator.py
[2025-04-01T16:30:09.564-0500] {processor.py:914} INFO - Processing file /mnt/d/Universidad/ETL/Proyecto_airflow/venv/lib/python3.12/site-packages/airflow/example_dags/example_branch_day_of_week_operator.py for tasks to queue
[2025-04-01T16:30:09.566-0500] {logging_mixin.py:190} INFO - [2025-04-01T16:30:09.565-0500] {dagbag.py:588} INFO - Filling up the DagBag from /mnt/d/Universidad/ETL/Proyecto_airflow/venv/lib/python3.12/site-packages/airflow/example_dags/example_branch_day_of_week_operator.py
[2025-04-01T16:30:09.627-0500] {processor.py:925} INFO - DAG(s) 'example_weekday_branch_operator' retrieved from /mnt/d/Universidad/ETL/Proyecto_airflow/venv/lib/python3.12/site-packages/airflow/example_dags/example_branch_day_of_week_operator.py
[2025-04-01T16:30:09.645-0500] {logging_mixin.py:190} INFO - [2025-04-01T16:30:09.644-0500] {dag.py:3239} INFO - Sync 1 DAGs
[2025-04-01T16:30:09.661-0500] {logging_mixin.py:190} INFO - [2025-04-01T16:30:09.660-0500] {dag.py:4180} INFO - Setting next_dagrun for example_weekday_branch_operator to 2025-03-31 00:00:00+00:00, run_after=2025-04-01 00:00:00+00:00
[2025-04-01T16:30:09.742-0500] {processor.py:208} INFO - Processing /mnt/d/Universidad/ETL/Proyecto_airflow/venv/lib/python3.12/site-packages/airflow/example_dags/example_branch_day_of_week_operator.py took 0.187 seconds
[2025-04-01T16:31:43.436-0500] {processor.py:186} INFO - Started process (PID=4764) to work on /mnt/d/Universidad/ETL/Proyecto_airflow/venv/lib/python3.12/site-packages/airflow/example_dags/example_branch_day_of_week_operator.py
[2025-04-01T16:31:43.437-0500] {processor.py:914} INFO - Processing file /mnt/d/Universidad/ETL/Proyecto_airflow/venv/lib/python3.12/site-packages/airflow/example_dags/example_branch_day_of_week_operator.py for tasks to queue
[2025-04-01T16:31:43.439-0500] {logging_mixin.py:190} INFO - [2025-04-01T16:31:43.439-0500] {dagbag.py:588} INFO - Filling up the DagBag from /mnt/d/Universidad/ETL/Proyecto_airflow/venv/lib/python3.12/site-packages/airflow/example_dags/example_branch_day_of_week_operator.py
[2025-04-01T16:31:43.500-0500] {processor.py:925} INFO - DAG(s) 'example_weekday_branch_operator' retrieved from /mnt/d/Universidad/ETL/Proyecto_airflow/venv/lib/python3.12/site-packages/airflow/example_dags/example_branch_day_of_week_operator.py
[2025-04-01T16:31:43.518-0500] {logging_mixin.py:190} INFO - [2025-04-01T16:31:43.517-0500] {dag.py:3239} INFO - Sync 1 DAGs
[2025-04-01T16:31:43.533-0500] {logging_mixin.py:190} INFO - [2025-04-01T16:31:43.533-0500] {dag.py:4180} INFO - Setting next_dagrun for example_weekday_branch_operator to 2025-03-31 00:00:00+00:00, run_after=2025-04-01 00:00:00+00:00
[2025-04-01T16:31:43.616-0500] {processor.py:208} INFO - Processing /mnt/d/Universidad/ETL/Proyecto_airflow/venv/lib/python3.12/site-packages/airflow/example_dags/example_branch_day_of_week_operator.py took 0.188 seconds
[2025-04-01T16:33:19.310-0500] {processor.py:186} INFO - Started process (PID=4838) to work on /mnt/d/Universidad/ETL/Proyecto_airflow/venv/lib/python3.12/site-packages/airflow/example_dags/example_branch_day_of_week_operator.py
[2025-04-01T16:33:19.311-0500] {processor.py:914} INFO - Processing file /mnt/d/Universidad/ETL/Proyecto_airflow/venv/lib/python3.12/site-packages/airflow/example_dags/example_branch_day_of_week_operator.py for tasks to queue
[2025-04-01T16:33:19.314-0500] {logging_mixin.py:190} INFO - [2025-04-01T16:33:19.313-0500] {dagbag.py:588} INFO - Filling up the DagBag from /mnt/d/Universidad/ETL/Proyecto_airflow/venv/lib/python3.12/site-packages/airflow/example_dags/example_branch_day_of_week_operator.py
[2025-04-01T16:33:19.375-0500] {processor.py:925} INFO - DAG(s) 'example_weekday_branch_operator' retrieved from /mnt/d/Universidad/ETL/Proyecto_airflow/venv/lib/python3.12/site-packages/airflow/example_dags/example_branch_day_of_week_operator.py
[2025-04-01T16:33:19.393-0500] {logging_mixin.py:190} INFO - [2025-04-01T16:33:19.392-0500] {dag.py:3239} INFO - Sync 1 DAGs
[2025-04-01T16:33:19.409-0500] {logging_mixin.py:190} INFO - [2025-04-01T16:33:19.408-0500] {dag.py:4180} INFO - Setting next_dagrun for example_weekday_branch_operator to 2025-03-31 00:00:00+00:00, run_after=2025-04-01 00:00:00+00:00
[2025-04-01T16:33:19.493-0500] {processor.py:208} INFO - Processing /mnt/d/Universidad/ETL/Proyecto_airflow/venv/lib/python3.12/site-packages/airflow/example_dags/example_branch_day_of_week_operator.py took 0.190 seconds
[2025-04-01T16:34:45.230-0500] {processor.py:186} INFO - Started process (PID=4906) to work on /mnt/d/Universidad/ETL/Proyecto_airflow/venv/lib/python3.12/site-packages/airflow/example_dags/example_branch_day_of_week_operator.py
[2025-04-01T16:34:45.231-0500] {processor.py:914} INFO - Processing file /mnt/d/Universidad/ETL/Proyecto_airflow/venv/lib/python3.12/site-packages/airflow/example_dags/example_branch_day_of_week_operator.py for tasks to queue
[2025-04-01T16:34:45.234-0500] {logging_mixin.py:190} INFO - [2025-04-01T16:34:45.233-0500] {dagbag.py:588} INFO - Filling up the DagBag from /mnt/d/Universidad/ETL/Proyecto_airflow/venv/lib/python3.12/site-packages/airflow/example_dags/example_branch_day_of_week_operator.py
[2025-04-01T16:34:45.294-0500] {processor.py:925} INFO - DAG(s) 'example_weekday_branch_operator' retrieved from /mnt/d/Universidad/ETL/Proyecto_airflow/venv/lib/python3.12/site-packages/airflow/example_dags/example_branch_day_of_week_operator.py
[2025-04-01T16:34:45.312-0500] {logging_mixin.py:190} INFO - [2025-04-01T16:34:45.311-0500] {dag.py:3239} INFO - Sync 1 DAGs
[2025-04-01T16:34:45.327-0500] {logging_mixin.py:190} INFO - [2025-04-01T16:34:45.327-0500] {dag.py:4180} INFO - Setting next_dagrun for example_weekday_branch_operator to 2025-03-31 00:00:00+00:00, run_after=2025-04-01 00:00:00+00:00
[2025-04-01T16:34:45.408-0500] {processor.py:208} INFO - Processing /mnt/d/Universidad/ETL/Proyecto_airflow/venv/lib/python3.12/site-packages/airflow/example_dags/example_branch_day_of_week_operator.py took 0.186 seconds
[2025-04-01T16:36:15.118-0500] {processor.py:186} INFO - Started process (PID=4975) to work on /mnt/d/Universidad/ETL/Proyecto_airflow/venv/lib/python3.12/site-packages/airflow/example_dags/example_branch_day_of_week_operator.py
[2025-04-01T16:36:15.119-0500] {processor.py:914} INFO - Processing file /mnt/d/Universidad/ETL/Proyecto_airflow/venv/lib/python3.12/site-packages/airflow/example_dags/example_branch_day_of_week_operator.py for tasks to queue
[2025-04-01T16:36:15.121-0500] {logging_mixin.py:190} INFO - [2025-04-01T16:36:15.120-0500] {dagbag.py:588} INFO - Filling up the DagBag from /mnt/d/Universidad/ETL/Proyecto_airflow/venv/lib/python3.12/site-packages/airflow/example_dags/example_branch_day_of_week_operator.py
[2025-04-01T16:36:15.183-0500] {processor.py:925} INFO - DAG(s) 'example_weekday_branch_operator' retrieved from /mnt/d/Universidad/ETL/Proyecto_airflow/venv/lib/python3.12/site-packages/airflow/example_dags/example_branch_day_of_week_operator.py
[2025-04-01T16:36:15.202-0500] {logging_mixin.py:190} INFO - [2025-04-01T16:36:15.201-0500] {dag.py:3239} INFO - Sync 1 DAGs
[2025-04-01T16:36:15.218-0500] {logging_mixin.py:190} INFO - [2025-04-01T16:36:15.217-0500] {dag.py:4180} INFO - Setting next_dagrun for example_weekday_branch_operator to 2025-03-31 00:00:00+00:00, run_after=2025-04-01 00:00:00+00:00
[2025-04-01T16:36:15.319-0500] {processor.py:208} INFO - Processing /mnt/d/Universidad/ETL/Proyecto_airflow/venv/lib/python3.12/site-packages/airflow/example_dags/example_branch_day_of_week_operator.py took 0.209 seconds
[2025-04-01T16:37:48.950-0500] {processor.py:186} INFO - Started process (PID=5045) to work on /mnt/d/Universidad/ETL/Proyecto_airflow/venv/lib/python3.12/site-packages/airflow/example_dags/example_branch_day_of_week_operator.py
[2025-04-01T16:37:48.951-0500] {processor.py:914} INFO - Processing file /mnt/d/Universidad/ETL/Proyecto_airflow/venv/lib/python3.12/site-packages/airflow/example_dags/example_branch_day_of_week_operator.py for tasks to queue
[2025-04-01T16:37:48.953-0500] {logging_mixin.py:190} INFO - [2025-04-01T16:37:48.952-0500] {dagbag.py:588} INFO - Filling up the DagBag from /mnt/d/Universidad/ETL/Proyecto_airflow/venv/lib/python3.12/site-packages/airflow/example_dags/example_branch_day_of_week_operator.py
[2025-04-01T16:37:49.015-0500] {processor.py:925} INFO - DAG(s) 'example_weekday_branch_operator' retrieved from /mnt/d/Universidad/ETL/Proyecto_airflow/venv/lib/python3.12/site-packages/airflow/example_dags/example_branch_day_of_week_operator.py
[2025-04-01T16:37:49.034-0500] {logging_mixin.py:190} INFO - [2025-04-01T16:37:49.033-0500] {dag.py:3239} INFO - Sync 1 DAGs
[2025-04-01T16:37:49.049-0500] {logging_mixin.py:190} INFO - [2025-04-01T16:37:49.048-0500] {dag.py:4180} INFO - Setting next_dagrun for example_weekday_branch_operator to 2025-03-31 00:00:00+00:00, run_after=2025-04-01 00:00:00+00:00
[2025-04-01T16:37:49.147-0500] {processor.py:208} INFO - Processing /mnt/d/Universidad/ETL/Proyecto_airflow/venv/lib/python3.12/site-packages/airflow/example_dags/example_branch_day_of_week_operator.py took 0.206 seconds
[2025-04-01T16:39:19.482-0500] {processor.py:186} INFO - Started process (PID=5115) to work on /mnt/d/Universidad/ETL/Proyecto_airflow/venv/lib/python3.12/site-packages/airflow/example_dags/example_branch_day_of_week_operator.py
[2025-04-01T16:39:19.483-0500] {processor.py:914} INFO - Processing file /mnt/d/Universidad/ETL/Proyecto_airflow/venv/lib/python3.12/site-packages/airflow/example_dags/example_branch_day_of_week_operator.py for tasks to queue
[2025-04-01T16:39:19.485-0500] {logging_mixin.py:190} INFO - [2025-04-01T16:39:19.484-0500] {dagbag.py:588} INFO - Filling up the DagBag from /mnt/d/Universidad/ETL/Proyecto_airflow/venv/lib/python3.12/site-packages/airflow/example_dags/example_branch_day_of_week_operator.py
[2025-04-01T16:39:19.547-0500] {processor.py:925} INFO - DAG(s) 'example_weekday_branch_operator' retrieved from /mnt/d/Universidad/ETL/Proyecto_airflow/venv/lib/python3.12/site-packages/airflow/example_dags/example_branch_day_of_week_operator.py
[2025-04-01T16:39:19.565-0500] {logging_mixin.py:190} INFO - [2025-04-01T16:39:19.564-0500] {dag.py:3239} INFO - Sync 1 DAGs
[2025-04-01T16:39:19.580-0500] {logging_mixin.py:190} INFO - [2025-04-01T16:39:19.579-0500] {dag.py:4180} INFO - Setting next_dagrun for example_weekday_branch_operator to 2025-03-31 00:00:00+00:00, run_after=2025-04-01 00:00:00+00:00
[2025-04-01T16:39:19.679-0500] {processor.py:208} INFO - Processing /mnt/d/Universidad/ETL/Proyecto_airflow/venv/lib/python3.12/site-packages/airflow/example_dags/example_branch_day_of_week_operator.py took 0.206 seconds
[2025-04-01T16:40:55.709-0500] {processor.py:186} INFO - Started process (PID=5188) to work on /mnt/d/Universidad/ETL/Proyecto_airflow/venv/lib/python3.12/site-packages/airflow/example_dags/example_branch_day_of_week_operator.py
[2025-04-01T16:40:55.710-0500] {processor.py:914} INFO - Processing file /mnt/d/Universidad/ETL/Proyecto_airflow/venv/lib/python3.12/site-packages/airflow/example_dags/example_branch_day_of_week_operator.py for tasks to queue
[2025-04-01T16:40:55.712-0500] {logging_mixin.py:190} INFO - [2025-04-01T16:40:55.711-0500] {dagbag.py:588} INFO - Filling up the DagBag from /mnt/d/Universidad/ETL/Proyecto_airflow/venv/lib/python3.12/site-packages/airflow/example_dags/example_branch_day_of_week_operator.py
[2025-04-01T16:40:55.773-0500] {processor.py:925} INFO - DAG(s) 'example_weekday_branch_operator' retrieved from /mnt/d/Universidad/ETL/Proyecto_airflow/venv/lib/python3.12/site-packages/airflow/example_dags/example_branch_day_of_week_operator.py
[2025-04-01T16:40:55.790-0500] {logging_mixin.py:190} INFO - [2025-04-01T16:40:55.790-0500] {dag.py:3239} INFO - Sync 1 DAGs
[2025-04-01T16:40:55.805-0500] {logging_mixin.py:190} INFO - [2025-04-01T16:40:55.805-0500] {dag.py:4180} INFO - Setting next_dagrun for example_weekday_branch_operator to 2025-03-31 00:00:00+00:00, run_after=2025-04-01 00:00:00+00:00
[2025-04-01T16:40:55.906-0500] {processor.py:208} INFO - Processing /mnt/d/Universidad/ETL/Proyecto_airflow/venv/lib/python3.12/site-packages/airflow/example_dags/example_branch_day_of_week_operator.py took 0.206 seconds
[2025-04-01T16:42:33.543-0500] {processor.py:186} INFO - Started process (PID=5261) to work on /mnt/d/Universidad/ETL/Proyecto_airflow/venv/lib/python3.12/site-packages/airflow/example_dags/example_branch_day_of_week_operator.py
[2025-04-01T16:42:33.544-0500] {processor.py:914} INFO - Processing file /mnt/d/Universidad/ETL/Proyecto_airflow/venv/lib/python3.12/site-packages/airflow/example_dags/example_branch_day_of_week_operator.py for tasks to queue
[2025-04-01T16:42:33.546-0500] {logging_mixin.py:190} INFO - [2025-04-01T16:42:33.546-0500] {dagbag.py:588} INFO - Filling up the DagBag from /mnt/d/Universidad/ETL/Proyecto_airflow/venv/lib/python3.12/site-packages/airflow/example_dags/example_branch_day_of_week_operator.py
[2025-04-01T16:42:33.609-0500] {processor.py:925} INFO - DAG(s) 'example_weekday_branch_operator' retrieved from /mnt/d/Universidad/ETL/Proyecto_airflow/venv/lib/python3.12/site-packages/airflow/example_dags/example_branch_day_of_week_operator.py
[2025-04-01T16:42:33.627-0500] {logging_mixin.py:190} INFO - [2025-04-01T16:42:33.627-0500] {dag.py:3239} INFO - Sync 1 DAGs
[2025-04-01T16:42:33.643-0500] {logging_mixin.py:190} INFO - [2025-04-01T16:42:33.643-0500] {dag.py:4180} INFO - Setting next_dagrun for example_weekday_branch_operator to 2025-03-31 00:00:00+00:00, run_after=2025-04-01 00:00:00+00:00
[2025-04-01T16:42:33.750-0500] {processor.py:208} INFO - Processing /mnt/d/Universidad/ETL/Proyecto_airflow/venv/lib/python3.12/site-packages/airflow/example_dags/example_branch_day_of_week_operator.py took 0.215 seconds
[2025-04-01T16:44:05.166-0500] {processor.py:186} INFO - Started process (PID=5331) to work on /mnt/d/Universidad/ETL/Proyecto_airflow/venv/lib/python3.12/site-packages/airflow/example_dags/example_branch_day_of_week_operator.py
[2025-04-01T16:44:05.167-0500] {processor.py:914} INFO - Processing file /mnt/d/Universidad/ETL/Proyecto_airflow/venv/lib/python3.12/site-packages/airflow/example_dags/example_branch_day_of_week_operator.py for tasks to queue
[2025-04-01T16:44:05.169-0500] {logging_mixin.py:190} INFO - [2025-04-01T16:44:05.168-0500] {dagbag.py:588} INFO - Filling up the DagBag from /mnt/d/Universidad/ETL/Proyecto_airflow/venv/lib/python3.12/site-packages/airflow/example_dags/example_branch_day_of_week_operator.py
[2025-04-01T16:44:05.230-0500] {processor.py:925} INFO - DAG(s) 'example_weekday_branch_operator' retrieved from /mnt/d/Universidad/ETL/Proyecto_airflow/venv/lib/python3.12/site-packages/airflow/example_dags/example_branch_day_of_week_operator.py
[2025-04-01T16:44:05.248-0500] {logging_mixin.py:190} INFO - [2025-04-01T16:44:05.247-0500] {dag.py:3239} INFO - Sync 1 DAGs
[2025-04-01T16:44:05.263-0500] {logging_mixin.py:190} INFO - [2025-04-01T16:44:05.263-0500] {dag.py:4180} INFO - Setting next_dagrun for example_weekday_branch_operator to 2025-03-31 00:00:00+00:00, run_after=2025-04-01 00:00:00+00:00
[2025-04-01T16:44:05.351-0500] {processor.py:208} INFO - Processing /mnt/d/Universidad/ETL/Proyecto_airflow/venv/lib/python3.12/site-packages/airflow/example_dags/example_branch_day_of_week_operator.py took 0.194 seconds
[2025-04-01T16:45:39.474-0500] {processor.py:186} INFO - Started process (PID=5402) to work on /mnt/d/Universidad/ETL/Proyecto_airflow/venv/lib/python3.12/site-packages/airflow/example_dags/example_branch_day_of_week_operator.py
[2025-04-01T16:45:39.475-0500] {processor.py:914} INFO - Processing file /mnt/d/Universidad/ETL/Proyecto_airflow/venv/lib/python3.12/site-packages/airflow/example_dags/example_branch_day_of_week_operator.py for tasks to queue
[2025-04-01T16:45:39.477-0500] {logging_mixin.py:190} INFO - [2025-04-01T16:45:39.477-0500] {dagbag.py:588} INFO - Filling up the DagBag from /mnt/d/Universidad/ETL/Proyecto_airflow/venv/lib/python3.12/site-packages/airflow/example_dags/example_branch_day_of_week_operator.py
[2025-04-01T16:45:39.539-0500] {processor.py:925} INFO - DAG(s) 'example_weekday_branch_operator' retrieved from /mnt/d/Universidad/ETL/Proyecto_airflow/venv/lib/python3.12/site-packages/airflow/example_dags/example_branch_day_of_week_operator.py
[2025-04-01T16:45:39.591-0500] {logging_mixin.py:190} INFO - [2025-04-01T16:45:39.590-0500] {dag.py:3239} INFO - Sync 1 DAGs
[2025-04-01T16:45:39.607-0500] {logging_mixin.py:190} INFO - [2025-04-01T16:45:39.606-0500] {dag.py:4180} INFO - Setting next_dagrun for example_weekday_branch_operator to 2025-03-31 00:00:00+00:00, run_after=2025-04-01 00:00:00+00:00
[2025-04-01T16:45:39.715-0500] {processor.py:208} INFO - Processing /mnt/d/Universidad/ETL/Proyecto_airflow/venv/lib/python3.12/site-packages/airflow/example_dags/example_branch_day_of_week_operator.py took 0.249 seconds
[2025-04-01T16:47:21.174-0500] {processor.py:186} INFO - Started process (PID=5476) to work on /mnt/d/Universidad/ETL/Proyecto_airflow/venv/lib/python3.12/site-packages/airflow/example_dags/example_branch_day_of_week_operator.py
[2025-04-01T16:47:21.175-0500] {processor.py:914} INFO - Processing file /mnt/d/Universidad/ETL/Proyecto_airflow/venv/lib/python3.12/site-packages/airflow/example_dags/example_branch_day_of_week_operator.py for tasks to queue
[2025-04-01T16:47:21.177-0500] {logging_mixin.py:190} INFO - [2025-04-01T16:47:21.176-0500] {dagbag.py:588} INFO - Filling up the DagBag from /mnt/d/Universidad/ETL/Proyecto_airflow/venv/lib/python3.12/site-packages/airflow/example_dags/example_branch_day_of_week_operator.py
[2025-04-01T16:47:21.237-0500] {processor.py:925} INFO - DAG(s) 'example_weekday_branch_operator' retrieved from /mnt/d/Universidad/ETL/Proyecto_airflow/venv/lib/python3.12/site-packages/airflow/example_dags/example_branch_day_of_week_operator.py
[2025-04-01T16:47:21.254-0500] {logging_mixin.py:190} INFO - [2025-04-01T16:47:21.254-0500] {dag.py:3239} INFO - Sync 1 DAGs
[2025-04-01T16:47:21.269-0500] {logging_mixin.py:190} INFO - [2025-04-01T16:47:21.268-0500] {dag.py:4180} INFO - Setting next_dagrun for example_weekday_branch_operator to 2025-03-31 00:00:00+00:00, run_after=2025-04-01 00:00:00+00:00
[2025-04-01T16:47:21.358-0500] {processor.py:208} INFO - Processing /mnt/d/Universidad/ETL/Proyecto_airflow/venv/lib/python3.12/site-packages/airflow/example_dags/example_branch_day_of_week_operator.py took 0.192 seconds
[2025-04-01T16:48:53.382-0500] {processor.py:186} INFO - Started process (PID=5545) to work on /mnt/d/Universidad/ETL/Proyecto_airflow/venv/lib/python3.12/site-packages/airflow/example_dags/example_branch_day_of_week_operator.py
[2025-04-01T16:48:53.383-0500] {processor.py:914} INFO - Processing file /mnt/d/Universidad/ETL/Proyecto_airflow/venv/lib/python3.12/site-packages/airflow/example_dags/example_branch_day_of_week_operator.py for tasks to queue
[2025-04-01T16:48:53.385-0500] {logging_mixin.py:190} INFO - [2025-04-01T16:48:53.385-0500] {dagbag.py:588} INFO - Filling up the DagBag from /mnt/d/Universidad/ETL/Proyecto_airflow/venv/lib/python3.12/site-packages/airflow/example_dags/example_branch_day_of_week_operator.py
[2025-04-01T16:48:53.449-0500] {processor.py:925} INFO - DAG(s) 'example_weekday_branch_operator' retrieved from /mnt/d/Universidad/ETL/Proyecto_airflow/venv/lib/python3.12/site-packages/airflow/example_dags/example_branch_day_of_week_operator.py
[2025-04-01T16:48:53.468-0500] {logging_mixin.py:190} INFO - [2025-04-01T16:48:53.467-0500] {dag.py:3239} INFO - Sync 1 DAGs
[2025-04-01T16:48:53.484-0500] {logging_mixin.py:190} INFO - [2025-04-01T16:48:53.484-0500] {dag.py:4180} INFO - Setting next_dagrun for example_weekday_branch_operator to 2025-03-31 00:00:00+00:00, run_after=2025-04-01 00:00:00+00:00
[2025-04-01T16:48:53.562-0500] {processor.py:208} INFO - Processing /mnt/d/Universidad/ETL/Proyecto_airflow/venv/lib/python3.12/site-packages/airflow/example_dags/example_branch_day_of_week_operator.py took 0.188 seconds
[2025-04-01T16:50:18.612-0500] {processor.py:186} INFO - Started process (PID=5614) to work on /mnt/d/Universidad/ETL/Proyecto_airflow/venv/lib/python3.12/site-packages/airflow/example_dags/example_branch_day_of_week_operator.py
[2025-04-01T16:50:18.613-0500] {processor.py:914} INFO - Processing file /mnt/d/Universidad/ETL/Proyecto_airflow/venv/lib/python3.12/site-packages/airflow/example_dags/example_branch_day_of_week_operator.py for tasks to queue
[2025-04-01T16:50:18.615-0500] {logging_mixin.py:190} INFO - [2025-04-01T16:50:18.614-0500] {dagbag.py:588} INFO - Filling up the DagBag from /mnt/d/Universidad/ETL/Proyecto_airflow/venv/lib/python3.12/site-packages/airflow/example_dags/example_branch_day_of_week_operator.py
[2025-04-01T16:50:18.674-0500] {processor.py:925} INFO - DAG(s) 'example_weekday_branch_operator' retrieved from /mnt/d/Universidad/ETL/Proyecto_airflow/venv/lib/python3.12/site-packages/airflow/example_dags/example_branch_day_of_week_operator.py
[2025-04-01T16:50:18.691-0500] {logging_mixin.py:190} INFO - [2025-04-01T16:50:18.691-0500] {dag.py:3239} INFO - Sync 1 DAGs
[2025-04-01T16:50:18.706-0500] {logging_mixin.py:190} INFO - [2025-04-01T16:50:18.705-0500] {dag.py:4180} INFO - Setting next_dagrun for example_weekday_branch_operator to 2025-03-31 00:00:00+00:00, run_after=2025-04-01 00:00:00+00:00
[2025-04-01T16:50:18.810-0500] {processor.py:208} INFO - Processing /mnt/d/Universidad/ETL/Proyecto_airflow/venv/lib/python3.12/site-packages/airflow/example_dags/example_branch_day_of_week_operator.py took 0.206 seconds
[2025-04-01T16:51:58.461-0500] {processor.py:186} INFO - Started process (PID=5688) to work on /mnt/d/Universidad/ETL/Proyecto_airflow/venv/lib/python3.12/site-packages/airflow/example_dags/example_branch_day_of_week_operator.py
[2025-04-01T16:51:58.462-0500] {processor.py:914} INFO - Processing file /mnt/d/Universidad/ETL/Proyecto_airflow/venv/lib/python3.12/site-packages/airflow/example_dags/example_branch_day_of_week_operator.py for tasks to queue
[2025-04-01T16:51:58.464-0500] {logging_mixin.py:190} INFO - [2025-04-01T16:51:58.464-0500] {dagbag.py:588} INFO - Filling up the DagBag from /mnt/d/Universidad/ETL/Proyecto_airflow/venv/lib/python3.12/site-packages/airflow/example_dags/example_branch_day_of_week_operator.py
[2025-04-01T16:51:58.525-0500] {processor.py:925} INFO - DAG(s) 'example_weekday_branch_operator' retrieved from /mnt/d/Universidad/ETL/Proyecto_airflow/venv/lib/python3.12/site-packages/airflow/example_dags/example_branch_day_of_week_operator.py
[2025-04-01T16:51:58.544-0500] {logging_mixin.py:190} INFO - [2025-04-01T16:51:58.543-0500] {dag.py:3239} INFO - Sync 1 DAGs
[2025-04-01T16:51:58.560-0500] {logging_mixin.py:190} INFO - [2025-04-01T16:51:58.559-0500] {dag.py:4180} INFO - Setting next_dagrun for example_weekday_branch_operator to 2025-03-31 00:00:00+00:00, run_after=2025-04-01 00:00:00+00:00
[2025-04-01T16:51:58.668-0500] {processor.py:208} INFO - Processing /mnt/d/Universidad/ETL/Proyecto_airflow/venv/lib/python3.12/site-packages/airflow/example_dags/example_branch_day_of_week_operator.py took 0.214 seconds
[2025-04-01T16:53:36.451-0500] {processor.py:186} INFO - Started process (PID=5760) to work on /mnt/d/Universidad/ETL/Proyecto_airflow/venv/lib/python3.12/site-packages/airflow/example_dags/example_branch_day_of_week_operator.py
[2025-04-01T16:53:36.452-0500] {processor.py:914} INFO - Processing file /mnt/d/Universidad/ETL/Proyecto_airflow/venv/lib/python3.12/site-packages/airflow/example_dags/example_branch_day_of_week_operator.py for tasks to queue
[2025-04-01T16:53:36.454-0500] {logging_mixin.py:190} INFO - [2025-04-01T16:53:36.453-0500] {dagbag.py:588} INFO - Filling up the DagBag from /mnt/d/Universidad/ETL/Proyecto_airflow/venv/lib/python3.12/site-packages/airflow/example_dags/example_branch_day_of_week_operator.py
[2025-04-01T16:53:36.515-0500] {processor.py:925} INFO - DAG(s) 'example_weekday_branch_operator' retrieved from /mnt/d/Universidad/ETL/Proyecto_airflow/venv/lib/python3.12/site-packages/airflow/example_dags/example_branch_day_of_week_operator.py
[2025-04-01T16:53:36.534-0500] {logging_mixin.py:190} INFO - [2025-04-01T16:53:36.533-0500] {dag.py:3239} INFO - Sync 1 DAGs
[2025-04-01T16:53:36.549-0500] {logging_mixin.py:190} INFO - [2025-04-01T16:53:36.549-0500] {dag.py:4180} INFO - Setting next_dagrun for example_weekday_branch_operator to 2025-03-31 00:00:00+00:00, run_after=2025-04-01 00:00:00+00:00
[2025-04-01T16:53:36.655-0500] {processor.py:208} INFO - Processing /mnt/d/Universidad/ETL/Proyecto_airflow/venv/lib/python3.12/site-packages/airflow/example_dags/example_branch_day_of_week_operator.py took 0.212 seconds
[2025-04-01T16:55:07.671-0500] {processor.py:186} INFO - Started process (PID=5832) to work on /mnt/d/Universidad/ETL/Proyecto_airflow/venv/lib/python3.12/site-packages/airflow/example_dags/example_branch_day_of_week_operator.py
[2025-04-01T16:55:07.672-0500] {processor.py:914} INFO - Processing file /mnt/d/Universidad/ETL/Proyecto_airflow/venv/lib/python3.12/site-packages/airflow/example_dags/example_branch_day_of_week_operator.py for tasks to queue
[2025-04-01T16:55:07.674-0500] {logging_mixin.py:190} INFO - [2025-04-01T16:55:07.673-0500] {dagbag.py:588} INFO - Filling up the DagBag from /mnt/d/Universidad/ETL/Proyecto_airflow/venv/lib/python3.12/site-packages/airflow/example_dags/example_branch_day_of_week_operator.py
[2025-04-01T16:55:07.736-0500] {processor.py:925} INFO - DAG(s) 'example_weekday_branch_operator' retrieved from /mnt/d/Universidad/ETL/Proyecto_airflow/venv/lib/python3.12/site-packages/airflow/example_dags/example_branch_day_of_week_operator.py
[2025-04-01T16:55:07.755-0500] {logging_mixin.py:190} INFO - [2025-04-01T16:55:07.755-0500] {dag.py:3239} INFO - Sync 1 DAGs
[2025-04-01T16:55:07.771-0500] {logging_mixin.py:190} INFO - [2025-04-01T16:55:07.770-0500] {dag.py:4180} INFO - Setting next_dagrun for example_weekday_branch_operator to 2025-03-31 00:00:00+00:00, run_after=2025-04-01 00:00:00+00:00
[2025-04-01T16:55:07.881-0500] {processor.py:208} INFO - Processing /mnt/d/Universidad/ETL/Proyecto_airflow/venv/lib/python3.12/site-packages/airflow/example_dags/example_branch_day_of_week_operator.py took 0.218 seconds
[2025-04-01T16:56:42.768-0500] {processor.py:186} INFO - Started process (PID=5904) to work on /mnt/d/Universidad/ETL/Proyecto_airflow/venv/lib/python3.12/site-packages/airflow/example_dags/example_branch_day_of_week_operator.py
[2025-04-01T16:56:42.769-0500] {processor.py:914} INFO - Processing file /mnt/d/Universidad/ETL/Proyecto_airflow/venv/lib/python3.12/site-packages/airflow/example_dags/example_branch_day_of_week_operator.py for tasks to queue
[2025-04-01T16:56:42.771-0500] {logging_mixin.py:190} INFO - [2025-04-01T16:56:42.770-0500] {dagbag.py:588} INFO - Filling up the DagBag from /mnt/d/Universidad/ETL/Proyecto_airflow/venv/lib/python3.12/site-packages/airflow/example_dags/example_branch_day_of_week_operator.py
[2025-04-01T16:56:42.832-0500] {processor.py:925} INFO - DAG(s) 'example_weekday_branch_operator' retrieved from /mnt/d/Universidad/ETL/Proyecto_airflow/venv/lib/python3.12/site-packages/airflow/example_dags/example_branch_day_of_week_operator.py
[2025-04-01T16:56:42.850-0500] {logging_mixin.py:190} INFO - [2025-04-01T16:56:42.849-0500] {dag.py:3239} INFO - Sync 1 DAGs
[2025-04-01T16:56:42.865-0500] {logging_mixin.py:190} INFO - [2025-04-01T16:56:42.865-0500] {dag.py:4180} INFO - Setting next_dagrun for example_weekday_branch_operator to 2025-03-31 00:00:00+00:00, run_after=2025-04-01 00:00:00+00:00
[2025-04-01T16:56:42.979-0500] {processor.py:208} INFO - Processing /mnt/d/Universidad/ETL/Proyecto_airflow/venv/lib/python3.12/site-packages/airflow/example_dags/example_branch_day_of_week_operator.py took 0.219 seconds
[2025-04-01T16:58:13.616-0500] {processor.py:186} INFO - Started process (PID=5973) to work on /mnt/d/Universidad/ETL/Proyecto_airflow/venv/lib/python3.12/site-packages/airflow/example_dags/example_branch_day_of_week_operator.py
[2025-04-01T16:58:13.617-0500] {processor.py:914} INFO - Processing file /mnt/d/Universidad/ETL/Proyecto_airflow/venv/lib/python3.12/site-packages/airflow/example_dags/example_branch_day_of_week_operator.py for tasks to queue
[2025-04-01T16:58:13.619-0500] {logging_mixin.py:190} INFO - [2025-04-01T16:58:13.619-0500] {dagbag.py:588} INFO - Filling up the DagBag from /mnt/d/Universidad/ETL/Proyecto_airflow/venv/lib/python3.12/site-packages/airflow/example_dags/example_branch_day_of_week_operator.py
[2025-04-01T16:58:13.681-0500] {processor.py:925} INFO - DAG(s) 'example_weekday_branch_operator' retrieved from /mnt/d/Universidad/ETL/Proyecto_airflow/venv/lib/python3.12/site-packages/airflow/example_dags/example_branch_day_of_week_operator.py
[2025-04-01T16:58:13.698-0500] {logging_mixin.py:190} INFO - [2025-04-01T16:58:13.698-0500] {dag.py:3239} INFO - Sync 1 DAGs
[2025-04-01T16:58:13.714-0500] {logging_mixin.py:190} INFO - [2025-04-01T16:58:13.713-0500] {dag.py:4180} INFO - Setting next_dagrun for example_weekday_branch_operator to 2025-03-31 00:00:00+00:00, run_after=2025-04-01 00:00:00+00:00
[2025-04-01T16:58:13.816-0500] {processor.py:208} INFO - Processing /mnt/d/Universidad/ETL/Proyecto_airflow/venv/lib/python3.12/site-packages/airflow/example_dags/example_branch_day_of_week_operator.py took 0.208 seconds
[2025-04-01T16:59:49.053-0500] {processor.py:186} INFO - Started process (PID=6044) to work on /mnt/d/Universidad/ETL/Proyecto_airflow/venv/lib/python3.12/site-packages/airflow/example_dags/example_branch_day_of_week_operator.py
[2025-04-01T16:59:49.054-0500] {processor.py:914} INFO - Processing file /mnt/d/Universidad/ETL/Proyecto_airflow/venv/lib/python3.12/site-packages/airflow/example_dags/example_branch_day_of_week_operator.py for tasks to queue
[2025-04-01T16:59:49.056-0500] {logging_mixin.py:190} INFO - [2025-04-01T16:59:49.056-0500] {dagbag.py:588} INFO - Filling up the DagBag from /mnt/d/Universidad/ETL/Proyecto_airflow/venv/lib/python3.12/site-packages/airflow/example_dags/example_branch_day_of_week_operator.py
[2025-04-01T16:59:49.117-0500] {processor.py:925} INFO - DAG(s) 'example_weekday_branch_operator' retrieved from /mnt/d/Universidad/ETL/Proyecto_airflow/venv/lib/python3.12/site-packages/airflow/example_dags/example_branch_day_of_week_operator.py
[2025-04-01T16:59:49.136-0500] {logging_mixin.py:190} INFO - [2025-04-01T16:59:49.135-0500] {dag.py:3239} INFO - Sync 1 DAGs
[2025-04-01T16:59:49.153-0500] {logging_mixin.py:190} INFO - [2025-04-01T16:59:49.152-0500] {dag.py:4180} INFO - Setting next_dagrun for example_weekday_branch_operator to 2025-03-31 00:00:00+00:00, run_after=2025-04-01 00:00:00+00:00
[2025-04-01T16:59:49.260-0500] {processor.py:208} INFO - Processing /mnt/d/Universidad/ETL/Proyecto_airflow/venv/lib/python3.12/site-packages/airflow/example_dags/example_branch_day_of_week_operator.py took 0.215 seconds
[2025-04-01T17:01:28.561-0500] {processor.py:186} INFO - Started process (PID=6116) to work on /mnt/d/Universidad/ETL/Proyecto_airflow/venv/lib/python3.12/site-packages/airflow/example_dags/example_branch_day_of_week_operator.py
[2025-04-01T17:01:28.562-0500] {processor.py:914} INFO - Processing file /mnt/d/Universidad/ETL/Proyecto_airflow/venv/lib/python3.12/site-packages/airflow/example_dags/example_branch_day_of_week_operator.py for tasks to queue
[2025-04-01T17:01:28.564-0500] {logging_mixin.py:190} INFO - [2025-04-01T17:01:28.563-0500] {dagbag.py:588} INFO - Filling up the DagBag from /mnt/d/Universidad/ETL/Proyecto_airflow/venv/lib/python3.12/site-packages/airflow/example_dags/example_branch_day_of_week_operator.py
[2025-04-01T17:01:28.624-0500] {processor.py:925} INFO - DAG(s) 'example_weekday_branch_operator' retrieved from /mnt/d/Universidad/ETL/Proyecto_airflow/venv/lib/python3.12/site-packages/airflow/example_dags/example_branch_day_of_week_operator.py
[2025-04-01T17:01:28.641-0500] {logging_mixin.py:190} INFO - [2025-04-01T17:01:28.640-0500] {dag.py:3239} INFO - Sync 1 DAGs
[2025-04-01T17:01:28.657-0500] {logging_mixin.py:190} INFO - [2025-04-01T17:01:28.656-0500] {dag.py:4180} INFO - Setting next_dagrun for example_weekday_branch_operator to 2025-03-31 00:00:00+00:00, run_after=2025-04-01 00:00:00+00:00
[2025-04-01T17:01:28.755-0500] {processor.py:208} INFO - Processing /mnt/d/Universidad/ETL/Proyecto_airflow/venv/lib/python3.12/site-packages/airflow/example_dags/example_branch_day_of_week_operator.py took 0.202 seconds
[2025-04-01T17:03:02.452-0500] {processor.py:186} INFO - Started process (PID=6186) to work on /mnt/d/Universidad/ETL/Proyecto_airflow/venv/lib/python3.12/site-packages/airflow/example_dags/example_branch_day_of_week_operator.py
[2025-04-01T17:03:02.453-0500] {processor.py:914} INFO - Processing file /mnt/d/Universidad/ETL/Proyecto_airflow/venv/lib/python3.12/site-packages/airflow/example_dags/example_branch_day_of_week_operator.py for tasks to queue
[2025-04-01T17:03:02.456-0500] {logging_mixin.py:190} INFO - [2025-04-01T17:03:02.455-0500] {dagbag.py:588} INFO - Filling up the DagBag from /mnt/d/Universidad/ETL/Proyecto_airflow/venv/lib/python3.12/site-packages/airflow/example_dags/example_branch_day_of_week_operator.py
[2025-04-01T17:03:02.518-0500] {processor.py:925} INFO - DAG(s) 'example_weekday_branch_operator' retrieved from /mnt/d/Universidad/ETL/Proyecto_airflow/venv/lib/python3.12/site-packages/airflow/example_dags/example_branch_day_of_week_operator.py
[2025-04-01T17:03:02.538-0500] {logging_mixin.py:190} INFO - [2025-04-01T17:03:02.537-0500] {dag.py:3239} INFO - Sync 1 DAGs
[2025-04-01T17:03:02.554-0500] {logging_mixin.py:190} INFO - [2025-04-01T17:03:02.554-0500] {dag.py:4180} INFO - Setting next_dagrun for example_weekday_branch_operator to 2025-03-31 00:00:00+00:00, run_after=2025-04-01 00:00:00+00:00
[2025-04-01T17:03:02.668-0500] {processor.py:208} INFO - Processing /mnt/d/Universidad/ETL/Proyecto_airflow/venv/lib/python3.12/site-packages/airflow/example_dags/example_branch_day_of_week_operator.py took 0.225 seconds
[2025-04-01T17:04:37.305-0500] {processor.py:186} INFO - Started process (PID=6258) to work on /mnt/d/Universidad/ETL/Proyecto_airflow/venv/lib/python3.12/site-packages/airflow/example_dags/example_branch_day_of_week_operator.py
[2025-04-01T17:04:37.306-0500] {processor.py:914} INFO - Processing file /mnt/d/Universidad/ETL/Proyecto_airflow/venv/lib/python3.12/site-packages/airflow/example_dags/example_branch_day_of_week_operator.py for tasks to queue
[2025-04-01T17:04:37.308-0500] {logging_mixin.py:190} INFO - [2025-04-01T17:04:37.307-0500] {dagbag.py:588} INFO - Filling up the DagBag from /mnt/d/Universidad/ETL/Proyecto_airflow/venv/lib/python3.12/site-packages/airflow/example_dags/example_branch_day_of_week_operator.py
[2025-04-01T17:04:37.368-0500] {processor.py:925} INFO - DAG(s) 'example_weekday_branch_operator' retrieved from /mnt/d/Universidad/ETL/Proyecto_airflow/venv/lib/python3.12/site-packages/airflow/example_dags/example_branch_day_of_week_operator.py
[2025-04-01T17:04:37.386-0500] {logging_mixin.py:190} INFO - [2025-04-01T17:04:37.386-0500] {dag.py:3239} INFO - Sync 1 DAGs
[2025-04-01T17:04:37.402-0500] {logging_mixin.py:190} INFO - [2025-04-01T17:04:37.401-0500] {dag.py:4180} INFO - Setting next_dagrun for example_weekday_branch_operator to 2025-03-31 00:00:00+00:00, run_after=2025-04-01 00:00:00+00:00
[2025-04-01T17:04:37.502-0500] {processor.py:208} INFO - Processing /mnt/d/Universidad/ETL/Proyecto_airflow/venv/lib/python3.12/site-packages/airflow/example_dags/example_branch_day_of_week_operator.py took 0.205 seconds
[2025-04-01T17:06:16.409-0500] {processor.py:186} INFO - Started process (PID=6329) to work on /mnt/d/Universidad/ETL/Proyecto_airflow/venv/lib/python3.12/site-packages/airflow/example_dags/example_branch_day_of_week_operator.py
[2025-04-01T17:06:16.410-0500] {processor.py:914} INFO - Processing file /mnt/d/Universidad/ETL/Proyecto_airflow/venv/lib/python3.12/site-packages/airflow/example_dags/example_branch_day_of_week_operator.py for tasks to queue
[2025-04-01T17:06:16.412-0500] {logging_mixin.py:190} INFO - [2025-04-01T17:06:16.411-0500] {dagbag.py:588} INFO - Filling up the DagBag from /mnt/d/Universidad/ETL/Proyecto_airflow/venv/lib/python3.12/site-packages/airflow/example_dags/example_branch_day_of_week_operator.py
[2025-04-01T17:06:16.471-0500] {processor.py:925} INFO - DAG(s) 'example_weekday_branch_operator' retrieved from /mnt/d/Universidad/ETL/Proyecto_airflow/venv/lib/python3.12/site-packages/airflow/example_dags/example_branch_day_of_week_operator.py
[2025-04-01T17:06:16.489-0500] {logging_mixin.py:190} INFO - [2025-04-01T17:06:16.488-0500] {dag.py:3239} INFO - Sync 1 DAGs
[2025-04-01T17:06:16.504-0500] {logging_mixin.py:190} INFO - [2025-04-01T17:06:16.503-0500] {dag.py:4180} INFO - Setting next_dagrun for example_weekday_branch_operator to 2025-03-31 00:00:00+00:00, run_after=2025-04-01 00:00:00+00:00
[2025-04-01T17:06:16.609-0500] {processor.py:208} INFO - Processing /mnt/d/Universidad/ETL/Proyecto_airflow/venv/lib/python3.12/site-packages/airflow/example_dags/example_branch_day_of_week_operator.py took 0.208 seconds
[2025-04-01T17:07:52.442-0500] {processor.py:186} INFO - Started process (PID=6403) to work on /mnt/d/Universidad/ETL/Proyecto_airflow/venv/lib/python3.12/site-packages/airflow/example_dags/example_branch_day_of_week_operator.py
[2025-04-01T17:07:52.443-0500] {processor.py:914} INFO - Processing file /mnt/d/Universidad/ETL/Proyecto_airflow/venv/lib/python3.12/site-packages/airflow/example_dags/example_branch_day_of_week_operator.py for tasks to queue
[2025-04-01T17:07:52.446-0500] {logging_mixin.py:190} INFO - [2025-04-01T17:07:52.445-0500] {dagbag.py:588} INFO - Filling up the DagBag from /mnt/d/Universidad/ETL/Proyecto_airflow/venv/lib/python3.12/site-packages/airflow/example_dags/example_branch_day_of_week_operator.py
[2025-04-01T17:07:52.508-0500] {processor.py:925} INFO - DAG(s) 'example_weekday_branch_operator' retrieved from /mnt/d/Universidad/ETL/Proyecto_airflow/venv/lib/python3.12/site-packages/airflow/example_dags/example_branch_day_of_week_operator.py
[2025-04-01T17:07:52.579-0500] {logging_mixin.py:190} INFO - [2025-04-01T17:07:52.578-0500] {dag.py:3239} INFO - Sync 1 DAGs
[2025-04-01T17:07:52.594-0500] {logging_mixin.py:190} INFO - [2025-04-01T17:07:52.594-0500] {dag.py:4180} INFO - Setting next_dagrun for example_weekday_branch_operator to 2025-03-31 00:00:00+00:00, run_after=2025-04-01 00:00:00+00:00
[2025-04-01T17:07:52.697-0500] {processor.py:208} INFO - Processing /mnt/d/Universidad/ETL/Proyecto_airflow/venv/lib/python3.12/site-packages/airflow/example_dags/example_branch_day_of_week_operator.py took 0.263 seconds
[2025-04-01T17:09:27.375-0500] {processor.py:186} INFO - Started process (PID=6475) to work on /mnt/d/Universidad/ETL/Proyecto_airflow/venv/lib/python3.12/site-packages/airflow/example_dags/example_branch_day_of_week_operator.py
[2025-04-01T17:09:27.376-0500] {processor.py:914} INFO - Processing file /mnt/d/Universidad/ETL/Proyecto_airflow/venv/lib/python3.12/site-packages/airflow/example_dags/example_branch_day_of_week_operator.py for tasks to queue
[2025-04-01T17:09:27.379-0500] {logging_mixin.py:190} INFO - [2025-04-01T17:09:27.378-0500] {dagbag.py:588} INFO - Filling up the DagBag from /mnt/d/Universidad/ETL/Proyecto_airflow/venv/lib/python3.12/site-packages/airflow/example_dags/example_branch_day_of_week_operator.py
[2025-04-01T17:09:27.438-0500] {processor.py:925} INFO - DAG(s) 'example_weekday_branch_operator' retrieved from /mnt/d/Universidad/ETL/Proyecto_airflow/venv/lib/python3.12/site-packages/airflow/example_dags/example_branch_day_of_week_operator.py
[2025-04-01T17:09:27.457-0500] {logging_mixin.py:190} INFO - [2025-04-01T17:09:27.456-0500] {dag.py:3239} INFO - Sync 1 DAGs
[2025-04-01T17:09:27.472-0500] {logging_mixin.py:190} INFO - [2025-04-01T17:09:27.471-0500] {dag.py:4180} INFO - Setting next_dagrun for example_weekday_branch_operator to 2025-03-31 00:00:00+00:00, run_after=2025-04-01 00:00:00+00:00
[2025-04-01T17:09:27.576-0500] {processor.py:208} INFO - Processing /mnt/d/Universidad/ETL/Proyecto_airflow/venv/lib/python3.12/site-packages/airflow/example_dags/example_branch_day_of_week_operator.py took 0.208 seconds
[2025-04-01T17:11:12.538-0500] {processor.py:186} INFO - Started process (PID=6548) to work on /mnt/d/Universidad/ETL/Proyecto_airflow/venv/lib/python3.12/site-packages/airflow/example_dags/example_branch_day_of_week_operator.py
[2025-04-01T17:11:12.539-0500] {processor.py:914} INFO - Processing file /mnt/d/Universidad/ETL/Proyecto_airflow/venv/lib/python3.12/site-packages/airflow/example_dags/example_branch_day_of_week_operator.py for tasks to queue
[2025-04-01T17:11:12.541-0500] {logging_mixin.py:190} INFO - [2025-04-01T17:11:12.540-0500] {dagbag.py:588} INFO - Filling up the DagBag from /mnt/d/Universidad/ETL/Proyecto_airflow/venv/lib/python3.12/site-packages/airflow/example_dags/example_branch_day_of_week_operator.py
[2025-04-01T17:11:12.600-0500] {processor.py:925} INFO - DAG(s) 'example_weekday_branch_operator' retrieved from /mnt/d/Universidad/ETL/Proyecto_airflow/venv/lib/python3.12/site-packages/airflow/example_dags/example_branch_day_of_week_operator.py
[2025-04-01T17:11:12.620-0500] {logging_mixin.py:190} INFO - [2025-04-01T17:11:12.619-0500] {dag.py:3239} INFO - Sync 1 DAGs
[2025-04-01T17:11:12.636-0500] {logging_mixin.py:190} INFO - [2025-04-01T17:11:12.636-0500] {dag.py:4180} INFO - Setting next_dagrun for example_weekday_branch_operator to 2025-03-31 00:00:00+00:00, run_after=2025-04-01 00:00:00+00:00
[2025-04-01T17:11:12.736-0500] {processor.py:208} INFO - Processing /mnt/d/Universidad/ETL/Proyecto_airflow/venv/lib/python3.12/site-packages/airflow/example_dags/example_branch_day_of_week_operator.py took 0.206 seconds
[2025-04-01T17:12:54.183-0500] {processor.py:186} INFO - Started process (PID=6623) to work on /mnt/d/Universidad/ETL/Proyecto_airflow/venv/lib/python3.12/site-packages/airflow/example_dags/example_branch_day_of_week_operator.py
[2025-04-01T17:12:54.184-0500] {processor.py:914} INFO - Processing file /mnt/d/Universidad/ETL/Proyecto_airflow/venv/lib/python3.12/site-packages/airflow/example_dags/example_branch_day_of_week_operator.py for tasks to queue
[2025-04-01T17:12:54.186-0500] {logging_mixin.py:190} INFO - [2025-04-01T17:12:54.186-0500] {dagbag.py:588} INFO - Filling up the DagBag from /mnt/d/Universidad/ETL/Proyecto_airflow/venv/lib/python3.12/site-packages/airflow/example_dags/example_branch_day_of_week_operator.py
[2025-04-01T17:12:54.246-0500] {processor.py:925} INFO - DAG(s) 'example_weekday_branch_operator' retrieved from /mnt/d/Universidad/ETL/Proyecto_airflow/venv/lib/python3.12/site-packages/airflow/example_dags/example_branch_day_of_week_operator.py
[2025-04-01T17:12:54.264-0500] {logging_mixin.py:190} INFO - [2025-04-01T17:12:54.263-0500] {dag.py:3239} INFO - Sync 1 DAGs
[2025-04-01T17:12:54.278-0500] {logging_mixin.py:190} INFO - [2025-04-01T17:12:54.278-0500] {dag.py:4180} INFO - Setting next_dagrun for example_weekday_branch_operator to 2025-03-31 00:00:00+00:00, run_after=2025-04-01 00:00:00+00:00
[2025-04-01T17:12:54.379-0500] {processor.py:208} INFO - Processing /mnt/d/Universidad/ETL/Proyecto_airflow/venv/lib/python3.12/site-packages/airflow/example_dags/example_branch_day_of_week_operator.py took 0.203 seconds
[2025-04-01T17:14:29.612-0500] {processor.py:186} INFO - Started process (PID=6695) to work on /mnt/d/Universidad/ETL/Proyecto_airflow/venv/lib/python3.12/site-packages/airflow/example_dags/example_branch_day_of_week_operator.py
[2025-04-01T17:14:29.613-0500] {processor.py:914} INFO - Processing file /mnt/d/Universidad/ETL/Proyecto_airflow/venv/lib/python3.12/site-packages/airflow/example_dags/example_branch_day_of_week_operator.py for tasks to queue
[2025-04-01T17:14:29.615-0500] {logging_mixin.py:190} INFO - [2025-04-01T17:14:29.614-0500] {dagbag.py:588} INFO - Filling up the DagBag from /mnt/d/Universidad/ETL/Proyecto_airflow/venv/lib/python3.12/site-packages/airflow/example_dags/example_branch_day_of_week_operator.py
[2025-04-01T17:14:29.675-0500] {processor.py:925} INFO - DAG(s) 'example_weekday_branch_operator' retrieved from /mnt/d/Universidad/ETL/Proyecto_airflow/venv/lib/python3.12/site-packages/airflow/example_dags/example_branch_day_of_week_operator.py
[2025-04-01T17:14:29.693-0500] {logging_mixin.py:190} INFO - [2025-04-01T17:14:29.692-0500] {dag.py:3239} INFO - Sync 1 DAGs
[2025-04-01T17:14:29.709-0500] {logging_mixin.py:190} INFO - [2025-04-01T17:14:29.708-0500] {dag.py:4180} INFO - Setting next_dagrun for example_weekday_branch_operator to 2025-03-31 00:00:00+00:00, run_after=2025-04-01 00:00:00+00:00
[2025-04-01T17:14:29.811-0500] {processor.py:208} INFO - Processing /mnt/d/Universidad/ETL/Proyecto_airflow/venv/lib/python3.12/site-packages/airflow/example_dags/example_branch_day_of_week_operator.py took 0.207 seconds
[2025-04-01T17:16:02.264-0500] {processor.py:186} INFO - Started process (PID=6765) to work on /mnt/d/Universidad/ETL/Proyecto_airflow/venv/lib/python3.12/site-packages/airflow/example_dags/example_branch_day_of_week_operator.py
[2025-04-01T17:16:02.266-0500] {processor.py:914} INFO - Processing file /mnt/d/Universidad/ETL/Proyecto_airflow/venv/lib/python3.12/site-packages/airflow/example_dags/example_branch_day_of_week_operator.py for tasks to queue
[2025-04-01T17:16:02.268-0500] {logging_mixin.py:190} INFO - [2025-04-01T17:16:02.267-0500] {dagbag.py:588} INFO - Filling up the DagBag from /mnt/d/Universidad/ETL/Proyecto_airflow/venv/lib/python3.12/site-packages/airflow/example_dags/example_branch_day_of_week_operator.py
[2025-04-01T17:16:02.336-0500] {processor.py:925} INFO - DAG(s) 'example_weekday_branch_operator' retrieved from /mnt/d/Universidad/ETL/Proyecto_airflow/venv/lib/python3.12/site-packages/airflow/example_dags/example_branch_day_of_week_operator.py
[2025-04-01T17:16:02.355-0500] {logging_mixin.py:190} INFO - [2025-04-01T17:16:02.355-0500] {dag.py:3239} INFO - Sync 1 DAGs
[2025-04-01T17:16:02.372-0500] {logging_mixin.py:190} INFO - [2025-04-01T17:16:02.372-0500] {dag.py:4180} INFO - Setting next_dagrun for example_weekday_branch_operator to 2025-03-31 00:00:00+00:00, run_after=2025-04-01 00:00:00+00:00
[2025-04-01T17:16:02.494-0500] {processor.py:208} INFO - Processing /mnt/d/Universidad/ETL/Proyecto_airflow/venv/lib/python3.12/site-packages/airflow/example_dags/example_branch_day_of_week_operator.py took 0.238 seconds
[2025-04-01T17:17:37.850-0500] {processor.py:186} INFO - Started process (PID=6840) to work on /mnt/d/Universidad/ETL/Proyecto_airflow/venv/lib/python3.12/site-packages/airflow/example_dags/example_branch_day_of_week_operator.py
[2025-04-01T17:17:37.851-0500] {processor.py:914} INFO - Processing file /mnt/d/Universidad/ETL/Proyecto_airflow/venv/lib/python3.12/site-packages/airflow/example_dags/example_branch_day_of_week_operator.py for tasks to queue
[2025-04-01T17:17:37.853-0500] {logging_mixin.py:190} INFO - [2025-04-01T17:17:37.852-0500] {dagbag.py:588} INFO - Filling up the DagBag from /mnt/d/Universidad/ETL/Proyecto_airflow/venv/lib/python3.12/site-packages/airflow/example_dags/example_branch_day_of_week_operator.py
[2025-04-01T17:17:37.913-0500] {processor.py:925} INFO - DAG(s) 'example_weekday_branch_operator' retrieved from /mnt/d/Universidad/ETL/Proyecto_airflow/venv/lib/python3.12/site-packages/airflow/example_dags/example_branch_day_of_week_operator.py
[2025-04-01T17:17:37.931-0500] {logging_mixin.py:190} INFO - [2025-04-01T17:17:37.930-0500] {dag.py:3239} INFO - Sync 1 DAGs
[2025-04-01T17:17:37.947-0500] {logging_mixin.py:190} INFO - [2025-04-01T17:17:37.946-0500] {dag.py:4180} INFO - Setting next_dagrun for example_weekday_branch_operator to 2025-03-31 00:00:00+00:00, run_after=2025-04-01 00:00:00+00:00
[2025-04-01T17:17:38.063-0500] {processor.py:208} INFO - Processing /mnt/d/Universidad/ETL/Proyecto_airflow/venv/lib/python3.12/site-packages/airflow/example_dags/example_branch_day_of_week_operator.py took 0.221 seconds
[2025-04-01T17:19:17.566-0500] {processor.py:186} INFO - Started process (PID=6913) to work on /mnt/d/Universidad/ETL/Proyecto_airflow/venv/lib/python3.12/site-packages/airflow/example_dags/example_branch_day_of_week_operator.py
[2025-04-01T17:19:17.567-0500] {processor.py:914} INFO - Processing file /mnt/d/Universidad/ETL/Proyecto_airflow/venv/lib/python3.12/site-packages/airflow/example_dags/example_branch_day_of_week_operator.py for tasks to queue
[2025-04-01T17:19:17.570-0500] {logging_mixin.py:190} INFO - [2025-04-01T17:19:17.569-0500] {dagbag.py:588} INFO - Filling up the DagBag from /mnt/d/Universidad/ETL/Proyecto_airflow/venv/lib/python3.12/site-packages/airflow/example_dags/example_branch_day_of_week_operator.py
[2025-04-01T17:19:17.630-0500] {processor.py:925} INFO - DAG(s) 'example_weekday_branch_operator' retrieved from /mnt/d/Universidad/ETL/Proyecto_airflow/venv/lib/python3.12/site-packages/airflow/example_dags/example_branch_day_of_week_operator.py
[2025-04-01T17:19:17.647-0500] {logging_mixin.py:190} INFO - [2025-04-01T17:19:17.646-0500] {dag.py:3239} INFO - Sync 1 DAGs
[2025-04-01T17:19:17.662-0500] {logging_mixin.py:190} INFO - [2025-04-01T17:19:17.662-0500] {dag.py:4180} INFO - Setting next_dagrun for example_weekday_branch_operator to 2025-03-31 00:00:00+00:00, run_after=2025-04-01 00:00:00+00:00
[2025-04-01T17:19:17.770-0500] {processor.py:208} INFO - Processing /mnt/d/Universidad/ETL/Proyecto_airflow/venv/lib/python3.12/site-packages/airflow/example_dags/example_branch_day_of_week_operator.py took 0.211 seconds
[2025-04-01T17:20:59.839-0500] {processor.py:186} INFO - Started process (PID=6986) to work on /mnt/d/Universidad/ETL/Proyecto_airflow/venv/lib/python3.12/site-packages/airflow/example_dags/example_branch_day_of_week_operator.py
[2025-04-01T17:20:59.840-0500] {processor.py:914} INFO - Processing file /mnt/d/Universidad/ETL/Proyecto_airflow/venv/lib/python3.12/site-packages/airflow/example_dags/example_branch_day_of_week_operator.py for tasks to queue
[2025-04-01T17:20:59.842-0500] {logging_mixin.py:190} INFO - [2025-04-01T17:20:59.841-0500] {dagbag.py:588} INFO - Filling up the DagBag from /mnt/d/Universidad/ETL/Proyecto_airflow/venv/lib/python3.12/site-packages/airflow/example_dags/example_branch_day_of_week_operator.py
[2025-04-01T17:20:59.903-0500] {processor.py:925} INFO - DAG(s) 'example_weekday_branch_operator' retrieved from /mnt/d/Universidad/ETL/Proyecto_airflow/venv/lib/python3.12/site-packages/airflow/example_dags/example_branch_day_of_week_operator.py
[2025-04-01T17:20:59.922-0500] {logging_mixin.py:190} INFO - [2025-04-01T17:20:59.921-0500] {dag.py:3239} INFO - Sync 1 DAGs
[2025-04-01T17:20:59.937-0500] {logging_mixin.py:190} INFO - [2025-04-01T17:20:59.936-0500] {dag.py:4180} INFO - Setting next_dagrun for example_weekday_branch_operator to 2025-03-31 00:00:00+00:00, run_after=2025-04-01 00:00:00+00:00
[2025-04-01T17:21:00.035-0500] {processor.py:208} INFO - Processing /mnt/d/Universidad/ETL/Proyecto_airflow/venv/lib/python3.12/site-packages/airflow/example_dags/example_branch_day_of_week_operator.py took 0.204 seconds
[2025-04-01T17:22:41.126-0500] {processor.py:186} INFO - Started process (PID=7060) to work on /mnt/d/Universidad/ETL/Proyecto_airflow/venv/lib/python3.12/site-packages/airflow/example_dags/example_branch_day_of_week_operator.py
[2025-04-01T17:22:41.127-0500] {processor.py:914} INFO - Processing file /mnt/d/Universidad/ETL/Proyecto_airflow/venv/lib/python3.12/site-packages/airflow/example_dags/example_branch_day_of_week_operator.py for tasks to queue
[2025-04-01T17:22:41.129-0500] {logging_mixin.py:190} INFO - [2025-04-01T17:22:41.128-0500] {dagbag.py:588} INFO - Filling up the DagBag from /mnt/d/Universidad/ETL/Proyecto_airflow/venv/lib/python3.12/site-packages/airflow/example_dags/example_branch_day_of_week_operator.py
[2025-04-01T17:22:41.190-0500] {processor.py:925} INFO - DAG(s) 'example_weekday_branch_operator' retrieved from /mnt/d/Universidad/ETL/Proyecto_airflow/venv/lib/python3.12/site-packages/airflow/example_dags/example_branch_day_of_week_operator.py
[2025-04-01T17:22:41.208-0500] {logging_mixin.py:190} INFO - [2025-04-01T17:22:41.207-0500] {dag.py:3239} INFO - Sync 1 DAGs
[2025-04-01T17:22:41.223-0500] {logging_mixin.py:190} INFO - [2025-04-01T17:22:41.222-0500] {dag.py:4180} INFO - Setting next_dagrun for example_weekday_branch_operator to 2025-03-31 00:00:00+00:00, run_after=2025-04-01 00:00:00+00:00
[2025-04-01T17:22:41.332-0500] {processor.py:208} INFO - Processing /mnt/d/Universidad/ETL/Proyecto_airflow/venv/lib/python3.12/site-packages/airflow/example_dags/example_branch_day_of_week_operator.py took 0.215 seconds
[2025-04-01T17:24:16.254-0500] {processor.py:186} INFO - Started process (PID=7131) to work on /mnt/d/Universidad/ETL/Proyecto_airflow/venv/lib/python3.12/site-packages/airflow/example_dags/example_branch_day_of_week_operator.py
[2025-04-01T17:24:16.255-0500] {processor.py:914} INFO - Processing file /mnt/d/Universidad/ETL/Proyecto_airflow/venv/lib/python3.12/site-packages/airflow/example_dags/example_branch_day_of_week_operator.py for tasks to queue
[2025-04-01T17:24:16.257-0500] {logging_mixin.py:190} INFO - [2025-04-01T17:24:16.257-0500] {dagbag.py:588} INFO - Filling up the DagBag from /mnt/d/Universidad/ETL/Proyecto_airflow/venv/lib/python3.12/site-packages/airflow/example_dags/example_branch_day_of_week_operator.py
[2025-04-01T17:24:16.317-0500] {processor.py:925} INFO - DAG(s) 'example_weekday_branch_operator' retrieved from /mnt/d/Universidad/ETL/Proyecto_airflow/venv/lib/python3.12/site-packages/airflow/example_dags/example_branch_day_of_week_operator.py
[2025-04-01T17:24:16.335-0500] {logging_mixin.py:190} INFO - [2025-04-01T17:24:16.335-0500] {dag.py:3239} INFO - Sync 1 DAGs
[2025-04-01T17:24:16.351-0500] {logging_mixin.py:190} INFO - [2025-04-01T17:24:16.350-0500] {dag.py:4180} INFO - Setting next_dagrun for example_weekday_branch_operator to 2025-03-31 00:00:00+00:00, run_after=2025-04-01 00:00:00+00:00
[2025-04-01T17:24:16.460-0500] {processor.py:208} INFO - Processing /mnt/d/Universidad/ETL/Proyecto_airflow/venv/lib/python3.12/site-packages/airflow/example_dags/example_branch_day_of_week_operator.py took 0.213 seconds
[2025-04-01T17:25:50.319-0500] {processor.py:186} INFO - Started process (PID=7202) to work on /mnt/d/Universidad/ETL/Proyecto_airflow/venv/lib/python3.12/site-packages/airflow/example_dags/example_branch_day_of_week_operator.py
[2025-04-01T17:25:50.320-0500] {processor.py:914} INFO - Processing file /mnt/d/Universidad/ETL/Proyecto_airflow/venv/lib/python3.12/site-packages/airflow/example_dags/example_branch_day_of_week_operator.py for tasks to queue
[2025-04-01T17:25:50.322-0500] {logging_mixin.py:190} INFO - [2025-04-01T17:25:50.321-0500] {dagbag.py:588} INFO - Filling up the DagBag from /mnt/d/Universidad/ETL/Proyecto_airflow/venv/lib/python3.12/site-packages/airflow/example_dags/example_branch_day_of_week_operator.py
[2025-04-01T17:25:50.384-0500] {processor.py:925} INFO - DAG(s) 'example_weekday_branch_operator' retrieved from /mnt/d/Universidad/ETL/Proyecto_airflow/venv/lib/python3.12/site-packages/airflow/example_dags/example_branch_day_of_week_operator.py
[2025-04-01T17:25:50.401-0500] {logging_mixin.py:190} INFO - [2025-04-01T17:25:50.401-0500] {dag.py:3239} INFO - Sync 1 DAGs
[2025-04-01T17:25:50.417-0500] {logging_mixin.py:190} INFO - [2025-04-01T17:25:50.416-0500] {dag.py:4180} INFO - Setting next_dagrun for example_weekday_branch_operator to 2025-03-31 00:00:00+00:00, run_after=2025-04-01 00:00:00+00:00
[2025-04-01T17:25:50.532-0500] {processor.py:208} INFO - Processing /mnt/d/Universidad/ETL/Proyecto_airflow/venv/lib/python3.12/site-packages/airflow/example_dags/example_branch_day_of_week_operator.py took 0.221 seconds
[2025-04-01T17:27:29.647-0500] {processor.py:186} INFO - Started process (PID=7273) to work on /mnt/d/Universidad/ETL/Proyecto_airflow/venv/lib/python3.12/site-packages/airflow/example_dags/example_branch_day_of_week_operator.py
[2025-04-01T17:27:29.648-0500] {processor.py:914} INFO - Processing file /mnt/d/Universidad/ETL/Proyecto_airflow/venv/lib/python3.12/site-packages/airflow/example_dags/example_branch_day_of_week_operator.py for tasks to queue
[2025-04-01T17:27:29.650-0500] {logging_mixin.py:190} INFO - [2025-04-01T17:27:29.650-0500] {dagbag.py:588} INFO - Filling up the DagBag from /mnt/d/Universidad/ETL/Proyecto_airflow/venv/lib/python3.12/site-packages/airflow/example_dags/example_branch_day_of_week_operator.py
[2025-04-01T17:27:29.711-0500] {processor.py:925} INFO - DAG(s) 'example_weekday_branch_operator' retrieved from /mnt/d/Universidad/ETL/Proyecto_airflow/venv/lib/python3.12/site-packages/airflow/example_dags/example_branch_day_of_week_operator.py
[2025-04-01T17:27:29.728-0500] {logging_mixin.py:190} INFO - [2025-04-01T17:27:29.728-0500] {dag.py:3239} INFO - Sync 1 DAGs
[2025-04-01T17:27:29.744-0500] {logging_mixin.py:190} INFO - [2025-04-01T17:27:29.743-0500] {dag.py:4180} INFO - Setting next_dagrun for example_weekday_branch_operator to 2025-03-31 00:00:00+00:00, run_after=2025-04-01 00:00:00+00:00
[2025-04-01T17:27:29.852-0500] {processor.py:208} INFO - Processing /mnt/d/Universidad/ETL/Proyecto_airflow/venv/lib/python3.12/site-packages/airflow/example_dags/example_branch_day_of_week_operator.py took 0.213 seconds
[2025-04-01T17:28:54.213-0500] {processor.py:186} INFO - Started process (PID=7341) to work on /mnt/d/Universidad/ETL/Proyecto_airflow/venv/lib/python3.12/site-packages/airflow/example_dags/example_branch_day_of_week_operator.py
[2025-04-01T17:28:54.214-0500] {processor.py:914} INFO - Processing file /mnt/d/Universidad/ETL/Proyecto_airflow/venv/lib/python3.12/site-packages/airflow/example_dags/example_branch_day_of_week_operator.py for tasks to queue
[2025-04-01T17:28:54.216-0500] {logging_mixin.py:190} INFO - [2025-04-01T17:28:54.215-0500] {dagbag.py:588} INFO - Filling up the DagBag from /mnt/d/Universidad/ETL/Proyecto_airflow/venv/lib/python3.12/site-packages/airflow/example_dags/example_branch_day_of_week_operator.py
[2025-04-01T17:28:54.277-0500] {processor.py:925} INFO - DAG(s) 'example_weekday_branch_operator' retrieved from /mnt/d/Universidad/ETL/Proyecto_airflow/venv/lib/python3.12/site-packages/airflow/example_dags/example_branch_day_of_week_operator.py
[2025-04-01T17:28:54.294-0500] {logging_mixin.py:190} INFO - [2025-04-01T17:28:54.294-0500] {dag.py:3239} INFO - Sync 1 DAGs
[2025-04-01T17:28:54.310-0500] {logging_mixin.py:190} INFO - [2025-04-01T17:28:54.309-0500] {dag.py:4180} INFO - Setting next_dagrun for example_weekday_branch_operator to 2025-03-31 00:00:00+00:00, run_after=2025-04-01 00:00:00+00:00
[2025-04-01T17:28:54.419-0500] {processor.py:208} INFO - Processing /mnt/d/Universidad/ETL/Proyecto_airflow/venv/lib/python3.12/site-packages/airflow/example_dags/example_branch_day_of_week_operator.py took 0.214 seconds
