[2025-04-01T16:17:41.576-0500] {processor.py:186} INFO - Started process (PID=4108) to work on /mnt/d/Universidad/ETL/Proyecto_airflow/venv/lib/python3.12/site-packages/airflow/example_dags/example_branch_operator_decorator.py
[2025-04-01T16:17:41.577-0500] {processor.py:914} INFO - Processing file /mnt/d/Universidad/ETL/Proyecto_airflow/venv/lib/python3.12/site-packages/airflow/example_dags/example_branch_operator_decorator.py for tasks to queue
[2025-04-01T16:17:41.579-0500] {logging_mixin.py:190} INFO - [2025-04-01T16:17:41.578-0500] {dagbag.py:588} INFO - Filling up the DagBag from /mnt/d/Universidad/ETL/Proyecto_airflow/venv/lib/python3.12/site-packages/airflow/example_dags/example_branch_operator_decorator.py
[2025-04-01T16:17:41.633-0500] {processor.py:927} WARNING - No viable dags retrieved from /mnt/d/Universidad/ETL/Proyecto_airflow/venv/lib/python3.12/site-packages/airflow/example_dags/example_branch_operator_decorator.py
[2025-04-01T16:17:41.648-0500] {processor.py:208} INFO - Processing /mnt/d/Universidad/ETL/Proyecto_airflow/venv/lib/python3.12/site-packages/airflow/example_dags/example_branch_operator_decorator.py took 0.080 seconds
[2025-04-01T16:19:34.962-0500] {processor.py:186} INFO - Started process (PID=4195) to work on /mnt/d/Universidad/ETL/Proyecto_airflow/venv/lib/python3.12/site-packages/airflow/example_dags/example_branch_operator_decorator.py
[2025-04-01T16:19:34.963-0500] {processor.py:914} INFO - Processing file /mnt/d/Universidad/ETL/Proyecto_airflow/venv/lib/python3.12/site-packages/airflow/example_dags/example_branch_operator_decorator.py for tasks to queue
[2025-04-01T16:19:34.966-0500] {logging_mixin.py:190} INFO - [2025-04-01T16:19:34.965-0500] {dagbag.py:588} INFO - Filling up the DagBag from /mnt/d/Universidad/ETL/Proyecto_airflow/venv/lib/python3.12/site-packages/airflow/example_dags/example_branch_operator_decorator.py
[2025-04-01T16:19:35.023-0500] {processor.py:927} WARNING - No viable dags retrieved from /mnt/d/Universidad/ETL/Proyecto_airflow/venv/lib/python3.12/site-packages/airflow/example_dags/example_branch_operator_decorator.py
[2025-04-01T16:19:35.038-0500] {processor.py:208} INFO - Processing /mnt/d/Universidad/ETL/Proyecto_airflow/venv/lib/python3.12/site-packages/airflow/example_dags/example_branch_operator_decorator.py took 0.084 seconds
[2025-04-01T16:21:02.678-0500] {processor.py:186} INFO - Started process (PID=4267) to work on /mnt/d/Universidad/ETL/Proyecto_airflow/venv/lib/python3.12/site-packages/airflow/example_dags/example_branch_operator_decorator.py
[2025-04-01T16:21:02.679-0500] {processor.py:914} INFO - Processing file /mnt/d/Universidad/ETL/Proyecto_airflow/venv/lib/python3.12/site-packages/airflow/example_dags/example_branch_operator_decorator.py for tasks to queue
[2025-04-01T16:21:02.681-0500] {logging_mixin.py:190} INFO - [2025-04-01T16:21:02.681-0500] {dagbag.py:588} INFO - Filling up the DagBag from /mnt/d/Universidad/ETL/Proyecto_airflow/venv/lib/python3.12/site-packages/airflow/example_dags/example_branch_operator_decorator.py
[2025-04-01T16:21:02.739-0500] {processor.py:927} WARNING - No viable dags retrieved from /mnt/d/Universidad/ETL/Proyecto_airflow/venv/lib/python3.12/site-packages/airflow/example_dags/example_branch_operator_decorator.py
[2025-04-01T16:21:02.754-0500] {processor.py:208} INFO - Processing /mnt/d/Universidad/ETL/Proyecto_airflow/venv/lib/python3.12/site-packages/airflow/example_dags/example_branch_operator_decorator.py took 0.084 seconds
[2025-04-01T16:22:26.173-0500] {processor.py:186} INFO - Started process (PID=4336) to work on /mnt/d/Universidad/ETL/Proyecto_airflow/venv/lib/python3.12/site-packages/airflow/example_dags/example_branch_operator_decorator.py
[2025-04-01T16:22:26.174-0500] {processor.py:914} INFO - Processing file /mnt/d/Universidad/ETL/Proyecto_airflow/venv/lib/python3.12/site-packages/airflow/example_dags/example_branch_operator_decorator.py for tasks to queue
[2025-04-01T16:22:26.177-0500] {logging_mixin.py:190} INFO - [2025-04-01T16:22:26.176-0500] {dagbag.py:588} INFO - Filling up the DagBag from /mnt/d/Universidad/ETL/Proyecto_airflow/venv/lib/python3.12/site-packages/airflow/example_dags/example_branch_operator_decorator.py
[2025-04-01T16:22:26.231-0500] {processor.py:927} WARNING - No viable dags retrieved from /mnt/d/Universidad/ETL/Proyecto_airflow/venv/lib/python3.12/site-packages/airflow/example_dags/example_branch_operator_decorator.py
[2025-04-01T16:22:26.244-0500] {processor.py:208} INFO - Processing /mnt/d/Universidad/ETL/Proyecto_airflow/venv/lib/python3.12/site-packages/airflow/example_dags/example_branch_operator_decorator.py took 0.078 seconds
[2025-04-01T16:23:55.870-0500] {processor.py:186} INFO - Started process (PID=4405) to work on /mnt/d/Universidad/ETL/Proyecto_airflow/venv/lib/python3.12/site-packages/airflow/example_dags/example_branch_operator_decorator.py
[2025-04-01T16:23:55.871-0500] {processor.py:914} INFO - Processing file /mnt/d/Universidad/ETL/Proyecto_airflow/venv/lib/python3.12/site-packages/airflow/example_dags/example_branch_operator_decorator.py for tasks to queue
[2025-04-01T16:23:55.873-0500] {logging_mixin.py:190} INFO - [2025-04-01T16:23:55.872-0500] {dagbag.py:588} INFO - Filling up the DagBag from /mnt/d/Universidad/ETL/Proyecto_airflow/venv/lib/python3.12/site-packages/airflow/example_dags/example_branch_operator_decorator.py
[2025-04-01T16:23:55.926-0500] {processor.py:927} WARNING - No viable dags retrieved from /mnt/d/Universidad/ETL/Proyecto_airflow/venv/lib/python3.12/site-packages/airflow/example_dags/example_branch_operator_decorator.py
[2025-04-01T16:23:55.939-0500] {processor.py:208} INFO - Processing /mnt/d/Universidad/ETL/Proyecto_airflow/venv/lib/python3.12/site-packages/airflow/example_dags/example_branch_operator_decorator.py took 0.077 seconds
[2025-04-01T16:25:28.889-0500] {processor.py:186} INFO - Started process (PID=4476) to work on /mnt/d/Universidad/ETL/Proyecto_airflow/venv/lib/python3.12/site-packages/airflow/example_dags/example_branch_operator_decorator.py
[2025-04-01T16:25:28.890-0500] {processor.py:914} INFO - Processing file /mnt/d/Universidad/ETL/Proyecto_airflow/venv/lib/python3.12/site-packages/airflow/example_dags/example_branch_operator_decorator.py for tasks to queue
[2025-04-01T16:25:28.892-0500] {logging_mixin.py:190} INFO - [2025-04-01T16:25:28.891-0500] {dagbag.py:588} INFO - Filling up the DagBag from /mnt/d/Universidad/ETL/Proyecto_airflow/venv/lib/python3.12/site-packages/airflow/example_dags/example_branch_operator_decorator.py
[2025-04-01T16:25:28.944-0500] {processor.py:927} WARNING - No viable dags retrieved from /mnt/d/Universidad/ETL/Proyecto_airflow/venv/lib/python3.12/site-packages/airflow/example_dags/example_branch_operator_decorator.py
[2025-04-01T16:25:28.958-0500] {processor.py:208} INFO - Processing /mnt/d/Universidad/ETL/Proyecto_airflow/venv/lib/python3.12/site-packages/airflow/example_dags/example_branch_operator_decorator.py took 0.076 seconds
[2025-04-01T16:27:02.802-0500] {processor.py:186} INFO - Started process (PID=4548) to work on /mnt/d/Universidad/ETL/Proyecto_airflow/venv/lib/python3.12/site-packages/airflow/example_dags/example_branch_operator_decorator.py
[2025-04-01T16:27:02.803-0500] {processor.py:914} INFO - Processing file /mnt/d/Universidad/ETL/Proyecto_airflow/venv/lib/python3.12/site-packages/airflow/example_dags/example_branch_operator_decorator.py for tasks to queue
[2025-04-01T16:27:02.805-0500] {logging_mixin.py:190} INFO - [2025-04-01T16:27:02.805-0500] {dagbag.py:588} INFO - Filling up the DagBag from /mnt/d/Universidad/ETL/Proyecto_airflow/venv/lib/python3.12/site-packages/airflow/example_dags/example_branch_operator_decorator.py
[2025-04-01T16:27:02.858-0500] {processor.py:927} WARNING - No viable dags retrieved from /mnt/d/Universidad/ETL/Proyecto_airflow/venv/lib/python3.12/site-packages/airflow/example_dags/example_branch_operator_decorator.py
[2025-04-01T16:27:02.871-0500] {processor.py:208} INFO - Processing /mnt/d/Universidad/ETL/Proyecto_airflow/venv/lib/python3.12/site-packages/airflow/example_dags/example_branch_operator_decorator.py took 0.077 seconds
[2025-04-01T16:28:36.398-0500] {processor.py:186} INFO - Started process (PID=4619) to work on /mnt/d/Universidad/ETL/Proyecto_airflow/venv/lib/python3.12/site-packages/airflow/example_dags/example_branch_operator_decorator.py
[2025-04-01T16:28:36.399-0500] {processor.py:914} INFO - Processing file /mnt/d/Universidad/ETL/Proyecto_airflow/venv/lib/python3.12/site-packages/airflow/example_dags/example_branch_operator_decorator.py for tasks to queue
[2025-04-01T16:28:36.401-0500] {logging_mixin.py:190} INFO - [2025-04-01T16:28:36.400-0500] {dagbag.py:588} INFO - Filling up the DagBag from /mnt/d/Universidad/ETL/Proyecto_airflow/venv/lib/python3.12/site-packages/airflow/example_dags/example_branch_operator_decorator.py
[2025-04-01T16:28:36.458-0500] {processor.py:927} WARNING - No viable dags retrieved from /mnt/d/Universidad/ETL/Proyecto_airflow/venv/lib/python3.12/site-packages/airflow/example_dags/example_branch_operator_decorator.py
[2025-04-01T16:28:36.472-0500] {processor.py:208} INFO - Processing /mnt/d/Universidad/ETL/Proyecto_airflow/venv/lib/python3.12/site-packages/airflow/example_dags/example_branch_operator_decorator.py took 0.083 seconds
[2025-04-01T16:30:06.468-0500] {processor.py:186} INFO - Started process (PID=4691) to work on /mnt/d/Universidad/ETL/Proyecto_airflow/venv/lib/python3.12/site-packages/airflow/example_dags/example_branch_operator_decorator.py
[2025-04-01T16:30:06.469-0500] {processor.py:914} INFO - Processing file /mnt/d/Universidad/ETL/Proyecto_airflow/venv/lib/python3.12/site-packages/airflow/example_dags/example_branch_operator_decorator.py for tasks to queue
[2025-04-01T16:30:06.471-0500] {logging_mixin.py:190} INFO - [2025-04-01T16:30:06.470-0500] {dagbag.py:588} INFO - Filling up the DagBag from /mnt/d/Universidad/ETL/Proyecto_airflow/venv/lib/python3.12/site-packages/airflow/example_dags/example_branch_operator_decorator.py
[2025-04-01T16:30:06.523-0500] {processor.py:927} WARNING - No viable dags retrieved from /mnt/d/Universidad/ETL/Proyecto_airflow/venv/lib/python3.12/site-packages/airflow/example_dags/example_branch_operator_decorator.py
[2025-04-01T16:30:06.537-0500] {processor.py:208} INFO - Processing /mnt/d/Universidad/ETL/Proyecto_airflow/venv/lib/python3.12/site-packages/airflow/example_dags/example_branch_operator_decorator.py took 0.078 seconds
[2025-04-01T16:31:40.065-0500] {processor.py:186} INFO - Started process (PID=4761) to work on /mnt/d/Universidad/ETL/Proyecto_airflow/venv/lib/python3.12/site-packages/airflow/example_dags/example_branch_operator_decorator.py
[2025-04-01T16:31:40.066-0500] {processor.py:914} INFO - Processing file /mnt/d/Universidad/ETL/Proyecto_airflow/venv/lib/python3.12/site-packages/airflow/example_dags/example_branch_operator_decorator.py for tasks to queue
[2025-04-01T16:31:40.068-0500] {logging_mixin.py:190} INFO - [2025-04-01T16:31:40.068-0500] {dagbag.py:588} INFO - Filling up the DagBag from /mnt/d/Universidad/ETL/Proyecto_airflow/venv/lib/python3.12/site-packages/airflow/example_dags/example_branch_operator_decorator.py
[2025-04-01T16:31:40.122-0500] {processor.py:927} WARNING - No viable dags retrieved from /mnt/d/Universidad/ETL/Proyecto_airflow/venv/lib/python3.12/site-packages/airflow/example_dags/example_branch_operator_decorator.py
[2025-04-01T16:31:40.134-0500] {processor.py:208} INFO - Processing /mnt/d/Universidad/ETL/Proyecto_airflow/venv/lib/python3.12/site-packages/airflow/example_dags/example_branch_operator_decorator.py took 0.077 seconds
[2025-04-01T16:33:15.943-0500] {processor.py:186} INFO - Started process (PID=4835) to work on /mnt/d/Universidad/ETL/Proyecto_airflow/venv/lib/python3.12/site-packages/airflow/example_dags/example_branch_operator_decorator.py
[2025-04-01T16:33:15.944-0500] {processor.py:914} INFO - Processing file /mnt/d/Universidad/ETL/Proyecto_airflow/venv/lib/python3.12/site-packages/airflow/example_dags/example_branch_operator_decorator.py for tasks to queue
[2025-04-01T16:33:15.947-0500] {logging_mixin.py:190} INFO - [2025-04-01T16:33:15.946-0500] {dagbag.py:588} INFO - Filling up the DagBag from /mnt/d/Universidad/ETL/Proyecto_airflow/venv/lib/python3.12/site-packages/airflow/example_dags/example_branch_operator_decorator.py
[2025-04-01T16:33:15.999-0500] {processor.py:927} WARNING - No viable dags retrieved from /mnt/d/Universidad/ETL/Proyecto_airflow/venv/lib/python3.12/site-packages/airflow/example_dags/example_branch_operator_decorator.py
[2025-04-01T16:33:16.012-0500] {processor.py:208} INFO - Processing /mnt/d/Universidad/ETL/Proyecto_airflow/venv/lib/python3.12/site-packages/airflow/example_dags/example_branch_operator_decorator.py took 0.077 seconds
[2025-04-01T16:34:42.475-0500] {processor.py:186} INFO - Started process (PID=4903) to work on /mnt/d/Universidad/ETL/Proyecto_airflow/venv/lib/python3.12/site-packages/airflow/example_dags/example_branch_operator_decorator.py
[2025-04-01T16:34:42.476-0500] {processor.py:914} INFO - Processing file /mnt/d/Universidad/ETL/Proyecto_airflow/venv/lib/python3.12/site-packages/airflow/example_dags/example_branch_operator_decorator.py for tasks to queue
[2025-04-01T16:34:42.478-0500] {logging_mixin.py:190} INFO - [2025-04-01T16:34:42.477-0500] {dagbag.py:588} INFO - Filling up the DagBag from /mnt/d/Universidad/ETL/Proyecto_airflow/venv/lib/python3.12/site-packages/airflow/example_dags/example_branch_operator_decorator.py
[2025-04-01T16:34:42.530-0500] {processor.py:927} WARNING - No viable dags retrieved from /mnt/d/Universidad/ETL/Proyecto_airflow/venv/lib/python3.12/site-packages/airflow/example_dags/example_branch_operator_decorator.py
[2025-04-01T16:34:42.543-0500] {processor.py:208} INFO - Processing /mnt/d/Universidad/ETL/Proyecto_airflow/venv/lib/python3.12/site-packages/airflow/example_dags/example_branch_operator_decorator.py took 0.076 seconds
[2025-04-01T16:36:12.553-0500] {processor.py:186} INFO - Started process (PID=4972) to work on /mnt/d/Universidad/ETL/Proyecto_airflow/venv/lib/python3.12/site-packages/airflow/example_dags/example_branch_operator_decorator.py
[2025-04-01T16:36:12.554-0500] {processor.py:914} INFO - Processing file /mnt/d/Universidad/ETL/Proyecto_airflow/venv/lib/python3.12/site-packages/airflow/example_dags/example_branch_operator_decorator.py for tasks to queue
[2025-04-01T16:36:12.557-0500] {logging_mixin.py:190} INFO - [2025-04-01T16:36:12.556-0500] {dagbag.py:588} INFO - Filling up the DagBag from /mnt/d/Universidad/ETL/Proyecto_airflow/venv/lib/python3.12/site-packages/airflow/example_dags/example_branch_operator_decorator.py
[2025-04-01T16:36:12.609-0500] {processor.py:927} WARNING - No viable dags retrieved from /mnt/d/Universidad/ETL/Proyecto_airflow/venv/lib/python3.12/site-packages/airflow/example_dags/example_branch_operator_decorator.py
[2025-04-01T16:36:12.622-0500] {processor.py:208} INFO - Processing /mnt/d/Universidad/ETL/Proyecto_airflow/venv/lib/python3.12/site-packages/airflow/example_dags/example_branch_operator_decorator.py took 0.077 seconds
[2025-04-01T16:37:43.195-0500] {processor.py:186} INFO - Started process (PID=5042) to work on /mnt/d/Universidad/ETL/Proyecto_airflow/venv/lib/python3.12/site-packages/airflow/example_dags/example_branch_operator_decorator.py
[2025-04-01T16:37:43.196-0500] {processor.py:914} INFO - Processing file /mnt/d/Universidad/ETL/Proyecto_airflow/venv/lib/python3.12/site-packages/airflow/example_dags/example_branch_operator_decorator.py for tasks to queue
[2025-04-01T16:37:43.198-0500] {logging_mixin.py:190} INFO - [2025-04-01T16:37:43.197-0500] {dagbag.py:588} INFO - Filling up the DagBag from /mnt/d/Universidad/ETL/Proyecto_airflow/venv/lib/python3.12/site-packages/airflow/example_dags/example_branch_operator_decorator.py
[2025-04-01T16:37:43.253-0500] {processor.py:927} WARNING - No viable dags retrieved from /mnt/d/Universidad/ETL/Proyecto_airflow/venv/lib/python3.12/site-packages/airflow/example_dags/example_branch_operator_decorator.py
[2025-04-01T16:37:43.266-0500] {processor.py:208} INFO - Processing /mnt/d/Universidad/ETL/Proyecto_airflow/venv/lib/python3.12/site-packages/airflow/example_dags/example_branch_operator_decorator.py took 0.079 seconds
[2025-04-01T16:39:15.840-0500] {processor.py:186} INFO - Started process (PID=5112) to work on /mnt/d/Universidad/ETL/Proyecto_airflow/venv/lib/python3.12/site-packages/airflow/example_dags/example_branch_operator_decorator.py
[2025-04-01T16:39:15.841-0500] {processor.py:914} INFO - Processing file /mnt/d/Universidad/ETL/Proyecto_airflow/venv/lib/python3.12/site-packages/airflow/example_dags/example_branch_operator_decorator.py for tasks to queue
[2025-04-01T16:39:15.843-0500] {logging_mixin.py:190} INFO - [2025-04-01T16:39:15.842-0500] {dagbag.py:588} INFO - Filling up the DagBag from /mnt/d/Universidad/ETL/Proyecto_airflow/venv/lib/python3.12/site-packages/airflow/example_dags/example_branch_operator_decorator.py
[2025-04-01T16:39:15.895-0500] {processor.py:927} WARNING - No viable dags retrieved from /mnt/d/Universidad/ETL/Proyecto_airflow/venv/lib/python3.12/site-packages/airflow/example_dags/example_branch_operator_decorator.py
[2025-04-01T16:39:15.908-0500] {processor.py:208} INFO - Processing /mnt/d/Universidad/ETL/Proyecto_airflow/venv/lib/python3.12/site-packages/airflow/example_dags/example_branch_operator_decorator.py took 0.076 seconds
[2025-04-01T16:40:52.401-0500] {processor.py:186} INFO - Started process (PID=5185) to work on /mnt/d/Universidad/ETL/Proyecto_airflow/venv/lib/python3.12/site-packages/airflow/example_dags/example_branch_operator_decorator.py
[2025-04-01T16:40:52.402-0500] {processor.py:914} INFO - Processing file /mnt/d/Universidad/ETL/Proyecto_airflow/venv/lib/python3.12/site-packages/airflow/example_dags/example_branch_operator_decorator.py for tasks to queue
[2025-04-01T16:40:52.404-0500] {logging_mixin.py:190} INFO - [2025-04-01T16:40:52.404-0500] {dagbag.py:588} INFO - Filling up the DagBag from /mnt/d/Universidad/ETL/Proyecto_airflow/venv/lib/python3.12/site-packages/airflow/example_dags/example_branch_operator_decorator.py
[2025-04-01T16:40:52.459-0500] {processor.py:927} WARNING - No viable dags retrieved from /mnt/d/Universidad/ETL/Proyecto_airflow/venv/lib/python3.12/site-packages/airflow/example_dags/example_branch_operator_decorator.py
[2025-04-01T16:40:52.472-0500] {processor.py:208} INFO - Processing /mnt/d/Universidad/ETL/Proyecto_airflow/venv/lib/python3.12/site-packages/airflow/example_dags/example_branch_operator_decorator.py took 0.080 seconds
[2025-04-01T16:42:30.453-0500] {processor.py:186} INFO - Started process (PID=5258) to work on /mnt/d/Universidad/ETL/Proyecto_airflow/venv/lib/python3.12/site-packages/airflow/example_dags/example_branch_operator_decorator.py
[2025-04-01T16:42:30.454-0500] {processor.py:914} INFO - Processing file /mnt/d/Universidad/ETL/Proyecto_airflow/venv/lib/python3.12/site-packages/airflow/example_dags/example_branch_operator_decorator.py for tasks to queue
[2025-04-01T16:42:30.456-0500] {logging_mixin.py:190} INFO - [2025-04-01T16:42:30.456-0500] {dagbag.py:588} INFO - Filling up the DagBag from /mnt/d/Universidad/ETL/Proyecto_airflow/venv/lib/python3.12/site-packages/airflow/example_dags/example_branch_operator_decorator.py
[2025-04-01T16:42:30.510-0500] {processor.py:927} WARNING - No viable dags retrieved from /mnt/d/Universidad/ETL/Proyecto_airflow/venv/lib/python3.12/site-packages/airflow/example_dags/example_branch_operator_decorator.py
[2025-04-01T16:42:30.524-0500] {processor.py:208} INFO - Processing /mnt/d/Universidad/ETL/Proyecto_airflow/venv/lib/python3.12/site-packages/airflow/example_dags/example_branch_operator_decorator.py took 0.079 seconds
[2025-04-01T16:44:02.623-0500] {processor.py:186} INFO - Started process (PID=5328) to work on /mnt/d/Universidad/ETL/Proyecto_airflow/venv/lib/python3.12/site-packages/airflow/example_dags/example_branch_operator_decorator.py
[2025-04-01T16:44:02.624-0500] {processor.py:914} INFO - Processing file /mnt/d/Universidad/ETL/Proyecto_airflow/venv/lib/python3.12/site-packages/airflow/example_dags/example_branch_operator_decorator.py for tasks to queue
[2025-04-01T16:44:02.626-0500] {logging_mixin.py:190} INFO - [2025-04-01T16:44:02.625-0500] {dagbag.py:588} INFO - Filling up the DagBag from /mnt/d/Universidad/ETL/Proyecto_airflow/venv/lib/python3.12/site-packages/airflow/example_dags/example_branch_operator_decorator.py
[2025-04-01T16:44:02.678-0500] {processor.py:927} WARNING - No viable dags retrieved from /mnt/d/Universidad/ETL/Proyecto_airflow/venv/lib/python3.12/site-packages/airflow/example_dags/example_branch_operator_decorator.py
[2025-04-01T16:44:02.693-0500] {processor.py:208} INFO - Processing /mnt/d/Universidad/ETL/Proyecto_airflow/venv/lib/python3.12/site-packages/airflow/example_dags/example_branch_operator_decorator.py took 0.079 seconds
[2025-04-01T16:45:35.745-0500] {processor.py:186} INFO - Started process (PID=5399) to work on /mnt/d/Universidad/ETL/Proyecto_airflow/venv/lib/python3.12/site-packages/airflow/example_dags/example_branch_operator_decorator.py
[2025-04-01T16:45:35.746-0500] {processor.py:914} INFO - Processing file /mnt/d/Universidad/ETL/Proyecto_airflow/venv/lib/python3.12/site-packages/airflow/example_dags/example_branch_operator_decorator.py for tasks to queue
[2025-04-01T16:45:35.749-0500] {logging_mixin.py:190} INFO - [2025-04-01T16:45:35.748-0500] {dagbag.py:588} INFO - Filling up the DagBag from /mnt/d/Universidad/ETL/Proyecto_airflow/venv/lib/python3.12/site-packages/airflow/example_dags/example_branch_operator_decorator.py
[2025-04-01T16:45:35.801-0500] {processor.py:927} WARNING - No viable dags retrieved from /mnt/d/Universidad/ETL/Proyecto_airflow/venv/lib/python3.12/site-packages/airflow/example_dags/example_branch_operator_decorator.py
[2025-04-01T16:45:35.814-0500] {processor.py:208} INFO - Processing /mnt/d/Universidad/ETL/Proyecto_airflow/venv/lib/python3.12/site-packages/airflow/example_dags/example_branch_operator_decorator.py took 0.076 seconds
[2025-04-01T16:47:17.364-0500] {processor.py:186} INFO - Started process (PID=5473) to work on /mnt/d/Universidad/ETL/Proyecto_airflow/venv/lib/python3.12/site-packages/airflow/example_dags/example_branch_operator_decorator.py
[2025-04-01T16:47:17.365-0500] {processor.py:914} INFO - Processing file /mnt/d/Universidad/ETL/Proyecto_airflow/venv/lib/python3.12/site-packages/airflow/example_dags/example_branch_operator_decorator.py for tasks to queue
[2025-04-01T16:47:17.367-0500] {logging_mixin.py:190} INFO - [2025-04-01T16:47:17.367-0500] {dagbag.py:588} INFO - Filling up the DagBag from /mnt/d/Universidad/ETL/Proyecto_airflow/venv/lib/python3.12/site-packages/airflow/example_dags/example_branch_operator_decorator.py
[2025-04-01T16:47:17.419-0500] {processor.py:927} WARNING - No viable dags retrieved from /mnt/d/Universidad/ETL/Proyecto_airflow/venv/lib/python3.12/site-packages/airflow/example_dags/example_branch_operator_decorator.py
[2025-04-01T16:47:17.432-0500] {processor.py:208} INFO - Processing /mnt/d/Universidad/ETL/Proyecto_airflow/venv/lib/python3.12/site-packages/airflow/example_dags/example_branch_operator_decorator.py took 0.076 seconds
[2025-04-01T16:48:46.622-0500] {processor.py:186} INFO - Started process (PID=5542) to work on /mnt/d/Universidad/ETL/Proyecto_airflow/venv/lib/python3.12/site-packages/airflow/example_dags/example_branch_operator_decorator.py
[2025-04-01T16:48:46.623-0500] {processor.py:914} INFO - Processing file /mnt/d/Universidad/ETL/Proyecto_airflow/venv/lib/python3.12/site-packages/airflow/example_dags/example_branch_operator_decorator.py for tasks to queue
[2025-04-01T16:48:46.625-0500] {logging_mixin.py:190} INFO - [2025-04-01T16:48:46.624-0500] {dagbag.py:588} INFO - Filling up the DagBag from /mnt/d/Universidad/ETL/Proyecto_airflow/venv/lib/python3.12/site-packages/airflow/example_dags/example_branch_operator_decorator.py
[2025-04-01T16:48:46.676-0500] {processor.py:927} WARNING - No viable dags retrieved from /mnt/d/Universidad/ETL/Proyecto_airflow/venv/lib/python3.12/site-packages/airflow/example_dags/example_branch_operator_decorator.py
[2025-04-01T16:48:46.689-0500] {processor.py:208} INFO - Processing /mnt/d/Universidad/ETL/Proyecto_airflow/venv/lib/python3.12/site-packages/airflow/example_dags/example_branch_operator_decorator.py took 0.075 seconds
[2025-04-01T16:50:14.801-0500] {processor.py:186} INFO - Started process (PID=5611) to work on /mnt/d/Universidad/ETL/Proyecto_airflow/venv/lib/python3.12/site-packages/airflow/example_dags/example_branch_operator_decorator.py
[2025-04-01T16:50:14.802-0500] {processor.py:914} INFO - Processing file /mnt/d/Universidad/ETL/Proyecto_airflow/venv/lib/python3.12/site-packages/airflow/example_dags/example_branch_operator_decorator.py for tasks to queue
[2025-04-01T16:50:14.805-0500] {logging_mixin.py:190} INFO - [2025-04-01T16:50:14.804-0500] {dagbag.py:588} INFO - Filling up the DagBag from /mnt/d/Universidad/ETL/Proyecto_airflow/venv/lib/python3.12/site-packages/airflow/example_dags/example_branch_operator_decorator.py
[2025-04-01T16:50:14.856-0500] {processor.py:927} WARNING - No viable dags retrieved from /mnt/d/Universidad/ETL/Proyecto_airflow/venv/lib/python3.12/site-packages/airflow/example_dags/example_branch_operator_decorator.py
[2025-04-01T16:50:14.869-0500] {processor.py:208} INFO - Processing /mnt/d/Universidad/ETL/Proyecto_airflow/venv/lib/python3.12/site-packages/airflow/example_dags/example_branch_operator_decorator.py took 0.076 seconds
[2025-04-01T16:51:55.082-0500] {processor.py:186} INFO - Started process (PID=5685) to work on /mnt/d/Universidad/ETL/Proyecto_airflow/venv/lib/python3.12/site-packages/airflow/example_dags/example_branch_operator_decorator.py
[2025-04-01T16:51:55.083-0500] {processor.py:914} INFO - Processing file /mnt/d/Universidad/ETL/Proyecto_airflow/venv/lib/python3.12/site-packages/airflow/example_dags/example_branch_operator_decorator.py for tasks to queue
[2025-04-01T16:51:55.085-0500] {logging_mixin.py:190} INFO - [2025-04-01T16:51:55.085-0500] {dagbag.py:588} INFO - Filling up the DagBag from /mnt/d/Universidad/ETL/Proyecto_airflow/venv/lib/python3.12/site-packages/airflow/example_dags/example_branch_operator_decorator.py
[2025-04-01T16:51:55.136-0500] {processor.py:927} WARNING - No viable dags retrieved from /mnt/d/Universidad/ETL/Proyecto_airflow/venv/lib/python3.12/site-packages/airflow/example_dags/example_branch_operator_decorator.py
[2025-04-01T16:51:55.149-0500] {processor.py:208} INFO - Processing /mnt/d/Universidad/ETL/Proyecto_airflow/venv/lib/python3.12/site-packages/airflow/example_dags/example_branch_operator_decorator.py took 0.075 seconds
[2025-04-01T16:53:29.920-0500] {processor.py:186} INFO - Started process (PID=5757) to work on /mnt/d/Universidad/ETL/Proyecto_airflow/venv/lib/python3.12/site-packages/airflow/example_dags/example_branch_operator_decorator.py
[2025-04-01T16:53:29.921-0500] {processor.py:914} INFO - Processing file /mnt/d/Universidad/ETL/Proyecto_airflow/venv/lib/python3.12/site-packages/airflow/example_dags/example_branch_operator_decorator.py for tasks to queue
[2025-04-01T16:53:29.923-0500] {logging_mixin.py:190} INFO - [2025-04-01T16:53:29.923-0500] {dagbag.py:588} INFO - Filling up the DagBag from /mnt/d/Universidad/ETL/Proyecto_airflow/venv/lib/python3.12/site-packages/airflow/example_dags/example_branch_operator_decorator.py
[2025-04-01T16:53:29.976-0500] {processor.py:927} WARNING - No viable dags retrieved from /mnt/d/Universidad/ETL/Proyecto_airflow/venv/lib/python3.12/site-packages/airflow/example_dags/example_branch_operator_decorator.py
[2025-04-01T16:53:29.989-0500] {processor.py:208} INFO - Processing /mnt/d/Universidad/ETL/Proyecto_airflow/venv/lib/python3.12/site-packages/airflow/example_dags/example_branch_operator_decorator.py took 0.077 seconds
[2025-04-01T16:55:04.004-0500] {processor.py:186} INFO - Started process (PID=5829) to work on /mnt/d/Universidad/ETL/Proyecto_airflow/venv/lib/python3.12/site-packages/airflow/example_dags/example_branch_operator_decorator.py
[2025-04-01T16:55:04.005-0500] {processor.py:914} INFO - Processing file /mnt/d/Universidad/ETL/Proyecto_airflow/venv/lib/python3.12/site-packages/airflow/example_dags/example_branch_operator_decorator.py for tasks to queue
[2025-04-01T16:55:04.007-0500] {logging_mixin.py:190} INFO - [2025-04-01T16:55:04.006-0500] {dagbag.py:588} INFO - Filling up the DagBag from /mnt/d/Universidad/ETL/Proyecto_airflow/venv/lib/python3.12/site-packages/airflow/example_dags/example_branch_operator_decorator.py
[2025-04-01T16:55:04.059-0500] {processor.py:927} WARNING - No viable dags retrieved from /mnt/d/Universidad/ETL/Proyecto_airflow/venv/lib/python3.12/site-packages/airflow/example_dags/example_branch_operator_decorator.py
[2025-04-01T16:55:04.072-0500] {processor.py:208} INFO - Processing /mnt/d/Universidad/ETL/Proyecto_airflow/venv/lib/python3.12/site-packages/airflow/example_dags/example_branch_operator_decorator.py took 0.077 seconds
[2025-04-01T16:56:39.382-0500] {processor.py:186} INFO - Started process (PID=5900) to work on /mnt/d/Universidad/ETL/Proyecto_airflow/venv/lib/python3.12/site-packages/airflow/example_dags/example_branch_operator_decorator.py
[2025-04-01T16:56:39.383-0500] {processor.py:914} INFO - Processing file /mnt/d/Universidad/ETL/Proyecto_airflow/venv/lib/python3.12/site-packages/airflow/example_dags/example_branch_operator_decorator.py for tasks to queue
[2025-04-01T16:56:39.386-0500] {logging_mixin.py:190} INFO - [2025-04-01T16:56:39.385-0500] {dagbag.py:588} INFO - Filling up the DagBag from /mnt/d/Universidad/ETL/Proyecto_airflow/venv/lib/python3.12/site-packages/airflow/example_dags/example_branch_operator_decorator.py
[2025-04-01T16:56:39.438-0500] {processor.py:927} WARNING - No viable dags retrieved from /mnt/d/Universidad/ETL/Proyecto_airflow/venv/lib/python3.12/site-packages/airflow/example_dags/example_branch_operator_decorator.py
[2025-04-01T16:56:39.451-0500] {processor.py:208} INFO - Processing /mnt/d/Universidad/ETL/Proyecto_airflow/venv/lib/python3.12/site-packages/airflow/example_dags/example_branch_operator_decorator.py took 0.077 seconds
[2025-04-01T16:58:09.791-0500] {processor.py:186} INFO - Started process (PID=5970) to work on /mnt/d/Universidad/ETL/Proyecto_airflow/venv/lib/python3.12/site-packages/airflow/example_dags/example_branch_operator_decorator.py
[2025-04-01T16:58:09.792-0500] {processor.py:914} INFO - Processing file /mnt/d/Universidad/ETL/Proyecto_airflow/venv/lib/python3.12/site-packages/airflow/example_dags/example_branch_operator_decorator.py for tasks to queue
[2025-04-01T16:58:09.794-0500] {logging_mixin.py:190} INFO - [2025-04-01T16:58:09.793-0500] {dagbag.py:588} INFO - Filling up the DagBag from /mnt/d/Universidad/ETL/Proyecto_airflow/venv/lib/python3.12/site-packages/airflow/example_dags/example_branch_operator_decorator.py
[2025-04-01T16:58:09.846-0500] {processor.py:927} WARNING - No viable dags retrieved from /mnt/d/Universidad/ETL/Proyecto_airflow/venv/lib/python3.12/site-packages/airflow/example_dags/example_branch_operator_decorator.py
[2025-04-01T16:58:09.859-0500] {processor.py:208} INFO - Processing /mnt/d/Universidad/ETL/Proyecto_airflow/venv/lib/python3.12/site-packages/airflow/example_dags/example_branch_operator_decorator.py took 0.077 seconds
[2025-04-01T16:59:45.314-0500] {processor.py:186} INFO - Started process (PID=6041) to work on /mnt/d/Universidad/ETL/Proyecto_airflow/venv/lib/python3.12/site-packages/airflow/example_dags/example_branch_operator_decorator.py
[2025-04-01T16:59:45.315-0500] {processor.py:914} INFO - Processing file /mnt/d/Universidad/ETL/Proyecto_airflow/venv/lib/python3.12/site-packages/airflow/example_dags/example_branch_operator_decorator.py for tasks to queue
[2025-04-01T16:59:45.317-0500] {logging_mixin.py:190} INFO - [2025-04-01T16:59:45.316-0500] {dagbag.py:588} INFO - Filling up the DagBag from /mnt/d/Universidad/ETL/Proyecto_airflow/venv/lib/python3.12/site-packages/airflow/example_dags/example_branch_operator_decorator.py
[2025-04-01T16:59:45.370-0500] {processor.py:927} WARNING - No viable dags retrieved from /mnt/d/Universidad/ETL/Proyecto_airflow/venv/lib/python3.12/site-packages/airflow/example_dags/example_branch_operator_decorator.py
[2025-04-01T16:59:45.383-0500] {processor.py:208} INFO - Processing /mnt/d/Universidad/ETL/Proyecto_airflow/venv/lib/python3.12/site-packages/airflow/example_dags/example_branch_operator_decorator.py took 0.077 seconds
[2025-04-01T17:01:25.177-0500] {processor.py:186} INFO - Started process (PID=6113) to work on /mnt/d/Universidad/ETL/Proyecto_airflow/venv/lib/python3.12/site-packages/airflow/example_dags/example_branch_operator_decorator.py
[2025-04-01T17:01:25.178-0500] {processor.py:914} INFO - Processing file /mnt/d/Universidad/ETL/Proyecto_airflow/venv/lib/python3.12/site-packages/airflow/example_dags/example_branch_operator_decorator.py for tasks to queue
[2025-04-01T17:01:25.180-0500] {logging_mixin.py:190} INFO - [2025-04-01T17:01:25.180-0500] {dagbag.py:588} INFO - Filling up the DagBag from /mnt/d/Universidad/ETL/Proyecto_airflow/venv/lib/python3.12/site-packages/airflow/example_dags/example_branch_operator_decorator.py
[2025-04-01T17:01:25.231-0500] {processor.py:927} WARNING - No viable dags retrieved from /mnt/d/Universidad/ETL/Proyecto_airflow/venv/lib/python3.12/site-packages/airflow/example_dags/example_branch_operator_decorator.py
[2025-04-01T17:01:25.244-0500] {processor.py:208} INFO - Processing /mnt/d/Universidad/ETL/Proyecto_airflow/venv/lib/python3.12/site-packages/airflow/example_dags/example_branch_operator_decorator.py took 0.075 seconds
[2025-04-01T17:02:55.348-0500] {processor.py:186} INFO - Started process (PID=6183) to work on /mnt/d/Universidad/ETL/Proyecto_airflow/venv/lib/python3.12/site-packages/airflow/example_dags/example_branch_operator_decorator.py
[2025-04-01T17:02:55.349-0500] {processor.py:914} INFO - Processing file /mnt/d/Universidad/ETL/Proyecto_airflow/venv/lib/python3.12/site-packages/airflow/example_dags/example_branch_operator_decorator.py for tasks to queue
[2025-04-01T17:02:55.351-0500] {logging_mixin.py:190} INFO - [2025-04-01T17:02:55.350-0500] {dagbag.py:588} INFO - Filling up the DagBag from /mnt/d/Universidad/ETL/Proyecto_airflow/venv/lib/python3.12/site-packages/airflow/example_dags/example_branch_operator_decorator.py
[2025-04-01T17:02:55.404-0500] {processor.py:927} WARNING - No viable dags retrieved from /mnt/d/Universidad/ETL/Proyecto_airflow/venv/lib/python3.12/site-packages/airflow/example_dags/example_branch_operator_decorator.py
[2025-04-01T17:02:55.417-0500] {processor.py:208} INFO - Processing /mnt/d/Universidad/ETL/Proyecto_airflow/venv/lib/python3.12/site-packages/airflow/example_dags/example_branch_operator_decorator.py took 0.077 seconds
[2025-04-01T17:04:33.646-0500] {processor.py:186} INFO - Started process (PID=6255) to work on /mnt/d/Universidad/ETL/Proyecto_airflow/venv/lib/python3.12/site-packages/airflow/example_dags/example_branch_operator_decorator.py
[2025-04-01T17:04:33.647-0500] {processor.py:914} INFO - Processing file /mnt/d/Universidad/ETL/Proyecto_airflow/venv/lib/python3.12/site-packages/airflow/example_dags/example_branch_operator_decorator.py for tasks to queue
[2025-04-01T17:04:33.649-0500] {logging_mixin.py:190} INFO - [2025-04-01T17:04:33.648-0500] {dagbag.py:588} INFO - Filling up the DagBag from /mnt/d/Universidad/ETL/Proyecto_airflow/venv/lib/python3.12/site-packages/airflow/example_dags/example_branch_operator_decorator.py
[2025-04-01T17:04:33.701-0500] {processor.py:927} WARNING - No viable dags retrieved from /mnt/d/Universidad/ETL/Proyecto_airflow/venv/lib/python3.12/site-packages/airflow/example_dags/example_branch_operator_decorator.py
[2025-04-01T17:04:33.714-0500] {processor.py:208} INFO - Processing /mnt/d/Universidad/ETL/Proyecto_airflow/venv/lib/python3.12/site-packages/airflow/example_dags/example_branch_operator_decorator.py took 0.075 seconds
[2025-04-01T17:06:13.395-0500] {processor.py:186} INFO - Started process (PID=6326) to work on /mnt/d/Universidad/ETL/Proyecto_airflow/venv/lib/python3.12/site-packages/airflow/example_dags/example_branch_operator_decorator.py
[2025-04-01T17:06:13.396-0500] {processor.py:914} INFO - Processing file /mnt/d/Universidad/ETL/Proyecto_airflow/venv/lib/python3.12/site-packages/airflow/example_dags/example_branch_operator_decorator.py for tasks to queue
[2025-04-01T17:06:13.398-0500] {logging_mixin.py:190} INFO - [2025-04-01T17:06:13.397-0500] {dagbag.py:588} INFO - Filling up the DagBag from /mnt/d/Universidad/ETL/Proyecto_airflow/venv/lib/python3.12/site-packages/airflow/example_dags/example_branch_operator_decorator.py
[2025-04-01T17:06:13.450-0500] {processor.py:927} WARNING - No viable dags retrieved from /mnt/d/Universidad/ETL/Proyecto_airflow/venv/lib/python3.12/site-packages/airflow/example_dags/example_branch_operator_decorator.py
[2025-04-01T17:06:13.463-0500] {processor.py:208} INFO - Processing /mnt/d/Universidad/ETL/Proyecto_airflow/venv/lib/python3.12/site-packages/airflow/example_dags/example_branch_operator_decorator.py took 0.076 seconds
[2025-04-01T17:07:49.730-0500] {processor.py:186} INFO - Started process (PID=6400) to work on /mnt/d/Universidad/ETL/Proyecto_airflow/venv/lib/python3.12/site-packages/airflow/example_dags/example_branch_operator_decorator.py
[2025-04-01T17:07:49.731-0500] {processor.py:914} INFO - Processing file /mnt/d/Universidad/ETL/Proyecto_airflow/venv/lib/python3.12/site-packages/airflow/example_dags/example_branch_operator_decorator.py for tasks to queue
[2025-04-01T17:07:49.733-0500] {logging_mixin.py:190} INFO - [2025-04-01T17:07:49.732-0500] {dagbag.py:588} INFO - Filling up the DagBag from /mnt/d/Universidad/ETL/Proyecto_airflow/venv/lib/python3.12/site-packages/airflow/example_dags/example_branch_operator_decorator.py
[2025-04-01T17:07:49.785-0500] {processor.py:927} WARNING - No viable dags retrieved from /mnt/d/Universidad/ETL/Proyecto_airflow/venv/lib/python3.12/site-packages/airflow/example_dags/example_branch_operator_decorator.py
[2025-04-01T17:07:49.798-0500] {processor.py:208} INFO - Processing /mnt/d/Universidad/ETL/Proyecto_airflow/venv/lib/python3.12/site-packages/airflow/example_dags/example_branch_operator_decorator.py took 0.076 seconds
[2025-04-01T17:09:23.937-0500] {processor.py:186} INFO - Started process (PID=6472) to work on /mnt/d/Universidad/ETL/Proyecto_airflow/venv/lib/python3.12/site-packages/airflow/example_dags/example_branch_operator_decorator.py
[2025-04-01T17:09:23.938-0500] {processor.py:914} INFO - Processing file /mnt/d/Universidad/ETL/Proyecto_airflow/venv/lib/python3.12/site-packages/airflow/example_dags/example_branch_operator_decorator.py for tasks to queue
[2025-04-01T17:09:23.940-0500] {logging_mixin.py:190} INFO - [2025-04-01T17:09:23.939-0500] {dagbag.py:588} INFO - Filling up the DagBag from /mnt/d/Universidad/ETL/Proyecto_airflow/venv/lib/python3.12/site-packages/airflow/example_dags/example_branch_operator_decorator.py
[2025-04-01T17:09:23.991-0500] {processor.py:927} WARNING - No viable dags retrieved from /mnt/d/Universidad/ETL/Proyecto_airflow/venv/lib/python3.12/site-packages/airflow/example_dags/example_branch_operator_decorator.py
[2025-04-01T17:09:24.004-0500] {processor.py:208} INFO - Processing /mnt/d/Universidad/ETL/Proyecto_airflow/venv/lib/python3.12/site-packages/airflow/example_dags/example_branch_operator_decorator.py took 0.075 seconds
[2025-04-01T17:11:08.614-0500] {processor.py:186} INFO - Started process (PID=6545) to work on /mnt/d/Universidad/ETL/Proyecto_airflow/venv/lib/python3.12/site-packages/airflow/example_dags/example_branch_operator_decorator.py
[2025-04-01T17:11:08.615-0500] {processor.py:914} INFO - Processing file /mnt/d/Universidad/ETL/Proyecto_airflow/venv/lib/python3.12/site-packages/airflow/example_dags/example_branch_operator_decorator.py for tasks to queue
[2025-04-01T17:11:08.617-0500] {logging_mixin.py:190} INFO - [2025-04-01T17:11:08.617-0500] {dagbag.py:588} INFO - Filling up the DagBag from /mnt/d/Universidad/ETL/Proyecto_airflow/venv/lib/python3.12/site-packages/airflow/example_dags/example_branch_operator_decorator.py
[2025-04-01T17:11:08.669-0500] {processor.py:927} WARNING - No viable dags retrieved from /mnt/d/Universidad/ETL/Proyecto_airflow/venv/lib/python3.12/site-packages/airflow/example_dags/example_branch_operator_decorator.py
[2025-04-01T17:11:08.681-0500] {processor.py:208} INFO - Processing /mnt/d/Universidad/ETL/Proyecto_airflow/venv/lib/python3.12/site-packages/airflow/example_dags/example_branch_operator_decorator.py took 0.075 seconds
[2025-04-01T17:12:50.444-0500] {processor.py:186} INFO - Started process (PID=6620) to work on /mnt/d/Universidad/ETL/Proyecto_airflow/venv/lib/python3.12/site-packages/airflow/example_dags/example_branch_operator_decorator.py
[2025-04-01T17:12:50.445-0500] {processor.py:914} INFO - Processing file /mnt/d/Universidad/ETL/Proyecto_airflow/venv/lib/python3.12/site-packages/airflow/example_dags/example_branch_operator_decorator.py for tasks to queue
[2025-04-01T17:12:50.447-0500] {logging_mixin.py:190} INFO - [2025-04-01T17:12:50.446-0500] {dagbag.py:588} INFO - Filling up the DagBag from /mnt/d/Universidad/ETL/Proyecto_airflow/venv/lib/python3.12/site-packages/airflow/example_dags/example_branch_operator_decorator.py
[2025-04-01T17:12:50.499-0500] {processor.py:927} WARNING - No viable dags retrieved from /mnt/d/Universidad/ETL/Proyecto_airflow/venv/lib/python3.12/site-packages/airflow/example_dags/example_branch_operator_decorator.py
[2025-04-01T17:12:50.512-0500] {processor.py:208} INFO - Processing /mnt/d/Universidad/ETL/Proyecto_airflow/venv/lib/python3.12/site-packages/airflow/example_dags/example_branch_operator_decorator.py took 0.076 seconds
[2025-04-01T17:14:25.882-0500] {processor.py:186} INFO - Started process (PID=6692) to work on /mnt/d/Universidad/ETL/Proyecto_airflow/venv/lib/python3.12/site-packages/airflow/example_dags/example_branch_operator_decorator.py
[2025-04-01T17:14:25.883-0500] {processor.py:914} INFO - Processing file /mnt/d/Universidad/ETL/Proyecto_airflow/venv/lib/python3.12/site-packages/airflow/example_dags/example_branch_operator_decorator.py for tasks to queue
[2025-04-01T17:14:25.886-0500] {logging_mixin.py:190} INFO - [2025-04-01T17:14:25.885-0500] {dagbag.py:588} INFO - Filling up the DagBag from /mnt/d/Universidad/ETL/Proyecto_airflow/venv/lib/python3.12/site-packages/airflow/example_dags/example_branch_operator_decorator.py
[2025-04-01T17:14:25.938-0500] {processor.py:927} WARNING - No viable dags retrieved from /mnt/d/Universidad/ETL/Proyecto_airflow/venv/lib/python3.12/site-packages/airflow/example_dags/example_branch_operator_decorator.py
[2025-04-01T17:14:25.953-0500] {processor.py:208} INFO - Processing /mnt/d/Universidad/ETL/Proyecto_airflow/venv/lib/python3.12/site-packages/airflow/example_dags/example_branch_operator_decorator.py took 0.080 seconds
[2025-04-01T17:15:56.062-0500] {processor.py:186} INFO - Started process (PID=6762) to work on /mnt/d/Universidad/ETL/Proyecto_airflow/venv/lib/python3.12/site-packages/airflow/example_dags/example_branch_operator_decorator.py
[2025-04-01T17:15:56.063-0500] {processor.py:914} INFO - Processing file /mnt/d/Universidad/ETL/Proyecto_airflow/venv/lib/python3.12/site-packages/airflow/example_dags/example_branch_operator_decorator.py for tasks to queue
[2025-04-01T17:15:56.065-0500] {logging_mixin.py:190} INFO - [2025-04-01T17:15:56.064-0500] {dagbag.py:588} INFO - Filling up the DagBag from /mnt/d/Universidad/ETL/Proyecto_airflow/venv/lib/python3.12/site-packages/airflow/example_dags/example_branch_operator_decorator.py
[2025-04-01T17:15:56.117-0500] {processor.py:927} WARNING - No viable dags retrieved from /mnt/d/Universidad/ETL/Proyecto_airflow/venv/lib/python3.12/site-packages/airflow/example_dags/example_branch_operator_decorator.py
[2025-04-01T17:15:56.130-0500] {processor.py:208} INFO - Processing /mnt/d/Universidad/ETL/Proyecto_airflow/venv/lib/python3.12/site-packages/airflow/example_dags/example_branch_operator_decorator.py took 0.076 seconds
[2025-04-01T17:17:34.027-0500] {processor.py:186} INFO - Started process (PID=6837) to work on /mnt/d/Universidad/ETL/Proyecto_airflow/venv/lib/python3.12/site-packages/airflow/example_dags/example_branch_operator_decorator.py
[2025-04-01T17:17:34.028-0500] {processor.py:914} INFO - Processing file /mnt/d/Universidad/ETL/Proyecto_airflow/venv/lib/python3.12/site-packages/airflow/example_dags/example_branch_operator_decorator.py for tasks to queue
[2025-04-01T17:17:34.030-0500] {logging_mixin.py:190} INFO - [2025-04-01T17:17:34.030-0500] {dagbag.py:588} INFO - Filling up the DagBag from /mnt/d/Universidad/ETL/Proyecto_airflow/venv/lib/python3.12/site-packages/airflow/example_dags/example_branch_operator_decorator.py
[2025-04-01T17:17:34.082-0500] {processor.py:927} WARNING - No viable dags retrieved from /mnt/d/Universidad/ETL/Proyecto_airflow/venv/lib/python3.12/site-packages/airflow/example_dags/example_branch_operator_decorator.py
[2025-04-01T17:17:34.098-0500] {processor.py:208} INFO - Processing /mnt/d/Universidad/ETL/Proyecto_airflow/venv/lib/python3.12/site-packages/airflow/example_dags/example_branch_operator_decorator.py took 0.079 seconds
[2025-04-01T17:19:14.068-0500] {processor.py:186} INFO - Started process (PID=6910) to work on /mnt/d/Universidad/ETL/Proyecto_airflow/venv/lib/python3.12/site-packages/airflow/example_dags/example_branch_operator_decorator.py
[2025-04-01T17:19:14.069-0500] {processor.py:914} INFO - Processing file /mnt/d/Universidad/ETL/Proyecto_airflow/venv/lib/python3.12/site-packages/airflow/example_dags/example_branch_operator_decorator.py for tasks to queue
[2025-04-01T17:19:14.071-0500] {logging_mixin.py:190} INFO - [2025-04-01T17:19:14.070-0500] {dagbag.py:588} INFO - Filling up the DagBag from /mnt/d/Universidad/ETL/Proyecto_airflow/venv/lib/python3.12/site-packages/airflow/example_dags/example_branch_operator_decorator.py
[2025-04-01T17:19:14.123-0500] {processor.py:927} WARNING - No viable dags retrieved from /mnt/d/Universidad/ETL/Proyecto_airflow/venv/lib/python3.12/site-packages/airflow/example_dags/example_branch_operator_decorator.py
[2025-04-01T17:19:14.138-0500] {processor.py:208} INFO - Processing /mnt/d/Universidad/ETL/Proyecto_airflow/venv/lib/python3.12/site-packages/airflow/example_dags/example_branch_operator_decorator.py took 0.077 seconds
[2025-04-01T17:20:56.174-0500] {processor.py:186} INFO - Started process (PID=6983) to work on /mnt/d/Universidad/ETL/Proyecto_airflow/venv/lib/python3.12/site-packages/airflow/example_dags/example_branch_operator_decorator.py
[2025-04-01T17:20:56.175-0500] {processor.py:914} INFO - Processing file /mnt/d/Universidad/ETL/Proyecto_airflow/venv/lib/python3.12/site-packages/airflow/example_dags/example_branch_operator_decorator.py for tasks to queue
[2025-04-01T17:20:56.177-0500] {logging_mixin.py:190} INFO - [2025-04-01T17:20:56.177-0500] {dagbag.py:588} INFO - Filling up the DagBag from /mnt/d/Universidad/ETL/Proyecto_airflow/venv/lib/python3.12/site-packages/airflow/example_dags/example_branch_operator_decorator.py
[2025-04-01T17:20:56.230-0500] {processor.py:927} WARNING - No viable dags retrieved from /mnt/d/Universidad/ETL/Proyecto_airflow/venv/lib/python3.12/site-packages/airflow/example_dags/example_branch_operator_decorator.py
[2025-04-01T17:20:56.243-0500] {processor.py:208} INFO - Processing /mnt/d/Universidad/ETL/Proyecto_airflow/venv/lib/python3.12/site-packages/airflow/example_dags/example_branch_operator_decorator.py took 0.076 seconds
[2025-04-01T17:22:38.067-0500] {processor.py:186} INFO - Started process (PID=7057) to work on /mnt/d/Universidad/ETL/Proyecto_airflow/venv/lib/python3.12/site-packages/airflow/example_dags/example_branch_operator_decorator.py
[2025-04-01T17:22:38.068-0500] {processor.py:914} INFO - Processing file /mnt/d/Universidad/ETL/Proyecto_airflow/venv/lib/python3.12/site-packages/airflow/example_dags/example_branch_operator_decorator.py for tasks to queue
[2025-04-01T17:22:38.071-0500] {logging_mixin.py:190} INFO - [2025-04-01T17:22:38.070-0500] {dagbag.py:588} INFO - Filling up the DagBag from /mnt/d/Universidad/ETL/Proyecto_airflow/venv/lib/python3.12/site-packages/airflow/example_dags/example_branch_operator_decorator.py
[2025-04-01T17:22:38.122-0500] {processor.py:927} WARNING - No viable dags retrieved from /mnt/d/Universidad/ETL/Proyecto_airflow/venv/lib/python3.12/site-packages/airflow/example_dags/example_branch_operator_decorator.py
[2025-04-01T17:22:38.135-0500] {processor.py:208} INFO - Processing /mnt/d/Universidad/ETL/Proyecto_airflow/venv/lib/python3.12/site-packages/airflow/example_dags/example_branch_operator_decorator.py took 0.076 seconds
[2025-04-01T17:24:09.421-0500] {processor.py:186} INFO - Started process (PID=7128) to work on /mnt/d/Universidad/ETL/Proyecto_airflow/venv/lib/python3.12/site-packages/airflow/example_dags/example_branch_operator_decorator.py
[2025-04-01T17:24:09.422-0500] {processor.py:914} INFO - Processing file /mnt/d/Universidad/ETL/Proyecto_airflow/venv/lib/python3.12/site-packages/airflow/example_dags/example_branch_operator_decorator.py for tasks to queue
[2025-04-01T17:24:09.424-0500] {logging_mixin.py:190} INFO - [2025-04-01T17:24:09.424-0500] {dagbag.py:588} INFO - Filling up the DagBag from /mnt/d/Universidad/ETL/Proyecto_airflow/venv/lib/python3.12/site-packages/airflow/example_dags/example_branch_operator_decorator.py
[2025-04-01T17:24:09.476-0500] {processor.py:927} WARNING - No viable dags retrieved from /mnt/d/Universidad/ETL/Proyecto_airflow/venv/lib/python3.12/site-packages/airflow/example_dags/example_branch_operator_decorator.py
[2025-04-01T17:24:09.489-0500] {processor.py:208} INFO - Processing /mnt/d/Universidad/ETL/Proyecto_airflow/venv/lib/python3.12/site-packages/airflow/example_dags/example_branch_operator_decorator.py took 0.076 seconds
[2025-04-01T17:25:47.493-0500] {processor.py:186} INFO - Started process (PID=7199) to work on /mnt/d/Universidad/ETL/Proyecto_airflow/venv/lib/python3.12/site-packages/airflow/example_dags/example_branch_operator_decorator.py
[2025-04-01T17:25:47.494-0500] {processor.py:914} INFO - Processing file /mnt/d/Universidad/ETL/Proyecto_airflow/venv/lib/python3.12/site-packages/airflow/example_dags/example_branch_operator_decorator.py for tasks to queue
[2025-04-01T17:25:47.496-0500] {logging_mixin.py:190} INFO - [2025-04-01T17:25:47.495-0500] {dagbag.py:588} INFO - Filling up the DagBag from /mnt/d/Universidad/ETL/Proyecto_airflow/venv/lib/python3.12/site-packages/airflow/example_dags/example_branch_operator_decorator.py
[2025-04-01T17:25:47.548-0500] {processor.py:927} WARNING - No viable dags retrieved from /mnt/d/Universidad/ETL/Proyecto_airflow/venv/lib/python3.12/site-packages/airflow/example_dags/example_branch_operator_decorator.py
[2025-04-01T17:25:47.562-0500] {processor.py:208} INFO - Processing /mnt/d/Universidad/ETL/Proyecto_airflow/venv/lib/python3.12/site-packages/airflow/example_dags/example_branch_operator_decorator.py took 0.076 seconds
[2025-04-01T17:27:25.916-0500] {processor.py:186} INFO - Started process (PID=7270) to work on /mnt/d/Universidad/ETL/Proyecto_airflow/venv/lib/python3.12/site-packages/airflow/example_dags/example_branch_operator_decorator.py
[2025-04-01T17:27:25.917-0500] {processor.py:914} INFO - Processing file /mnt/d/Universidad/ETL/Proyecto_airflow/venv/lib/python3.12/site-packages/airflow/example_dags/example_branch_operator_decorator.py for tasks to queue
[2025-04-01T17:27:25.919-0500] {logging_mixin.py:190} INFO - [2025-04-01T17:27:25.919-0500] {dagbag.py:588} INFO - Filling up the DagBag from /mnt/d/Universidad/ETL/Proyecto_airflow/venv/lib/python3.12/site-packages/airflow/example_dags/example_branch_operator_decorator.py
[2025-04-01T17:27:25.971-0500] {processor.py:927} WARNING - No viable dags retrieved from /mnt/d/Universidad/ETL/Proyecto_airflow/venv/lib/python3.12/site-packages/airflow/example_dags/example_branch_operator_decorator.py
[2025-04-01T17:27:25.984-0500] {processor.py:208} INFO - Processing /mnt/d/Universidad/ETL/Proyecto_airflow/venv/lib/python3.12/site-packages/airflow/example_dags/example_branch_operator_decorator.py took 0.076 seconds
[2025-04-01T17:28:51.247-0500] {processor.py:186} INFO - Started process (PID=7338) to work on /mnt/d/Universidad/ETL/Proyecto_airflow/venv/lib/python3.12/site-packages/airflow/example_dags/example_branch_operator_decorator.py
[2025-04-01T17:28:51.248-0500] {processor.py:914} INFO - Processing file /mnt/d/Universidad/ETL/Proyecto_airflow/venv/lib/python3.12/site-packages/airflow/example_dags/example_branch_operator_decorator.py for tasks to queue
[2025-04-01T17:28:51.250-0500] {logging_mixin.py:190} INFO - [2025-04-01T17:28:51.249-0500] {dagbag.py:588} INFO - Filling up the DagBag from /mnt/d/Universidad/ETL/Proyecto_airflow/venv/lib/python3.12/site-packages/airflow/example_dags/example_branch_operator_decorator.py
[2025-04-01T17:28:51.302-0500] {processor.py:927} WARNING - No viable dags retrieved from /mnt/d/Universidad/ETL/Proyecto_airflow/venv/lib/python3.12/site-packages/airflow/example_dags/example_branch_operator_decorator.py
[2025-04-01T17:28:51.317-0500] {processor.py:208} INFO - Processing /mnt/d/Universidad/ETL/Proyecto_airflow/venv/lib/python3.12/site-packages/airflow/example_dags/example_branch_operator_decorator.py took 0.078 seconds
