[2025-04-01T16:14:13.997-0500] {processor.py:186} INFO - Started process (PID=4005) to work on /mnt/d/Universidad/ETL/Proyecto_airflow/venv/lib/python3.12/site-packages/airflow/example_dags/example_task_group.py
[2025-04-01T16:14:13.998-0500] {processor.py:914} INFO - Processing file /mnt/d/Universidad/ETL/Proyecto_airflow/venv/lib/python3.12/site-packages/airflow/example_dags/example_task_group.py for tasks to queue
[2025-04-01T16:14:14.000-0500] {logging_mixin.py:190} INFO - [2025-04-01T16:14:14.000-0500] {dagbag.py:588} INFO - Filling up the DagBag from /mnt/d/Universidad/ETL/Proyecto_airflow/venv/lib/python3.12/site-packages/airflow/example_dags/example_task_group.py
[2025-04-01T16:14:14.054-0500] {processor.py:925} INFO - DAG(s) 'example_task_group' retrieved from /mnt/d/Universidad/ETL/Proyecto_airflow/venv/lib/python3.12/site-packages/airflow/example_dags/example_task_group.py
[2025-04-01T16:14:15.165-0500] {logging_mixin.py:190} INFO - [2025-04-01T16:14:15.164-0500] {override.py:1930} INFO - Created Permission View: can delete on DAG:example_task_group
[2025-04-01T16:14:15.234-0500] {logging_mixin.py:190} INFO - [2025-04-01T16:14:15.233-0500] {override.py:1930} INFO - Created Permission View: can edit on DAG:example_task_group
[2025-04-01T16:14:15.302-0500] {logging_mixin.py:190} INFO - [2025-04-01T16:14:15.302-0500] {override.py:1930} INFO - Created Permission View: can read on DAG:example_task_group
[2025-04-01T16:14:15.551-0500] {logging_mixin.py:190} INFO - [2025-04-01T16:14:15.550-0500] {override.py:1930} INFO - Created Permission View: can create on DAG Run:example_task_group
[2025-04-01T16:14:15.632-0500] {logging_mixin.py:190} INFO - [2025-04-01T16:14:15.631-0500] {override.py:1930} INFO - Created Permission View: can delete on DAG Run:example_task_group
[2025-04-01T16:14:15.727-0500] {logging_mixin.py:190} INFO - [2025-04-01T16:14:15.726-0500] {override.py:1930} INFO - Created Permission View: menu access on DAG Run:example_task_group
[2025-04-01T16:14:15.792-0500] {logging_mixin.py:190} INFO - [2025-04-01T16:14:15.791-0500] {override.py:1930} INFO - Created Permission View: can read on DAG Run:example_task_group
[2025-04-01T16:14:15.794-0500] {logging_mixin.py:190} INFO - [2025-04-01T16:14:15.793-0500] {dag.py:3239} INFO - Sync 1 DAGs
[2025-04-01T16:14:15.808-0500] {logging_mixin.py:190} INFO - [2025-04-01T16:14:15.807-0500] {dag.py:3262} INFO - Creating ORM DAG for example_task_group
[2025-04-01T16:14:15.810-0500] {logging_mixin.py:190} INFO - [2025-04-01T16:14:15.809-0500] {dag.py:4180} INFO - Setting next_dagrun for example_task_group to None, run_after=None
[2025-04-01T16:14:15.911-0500] {processor.py:208} INFO - Processing /mnt/d/Universidad/ETL/Proyecto_airflow/venv/lib/python3.12/site-packages/airflow/example_dags/example_task_group.py took 1.921 seconds
[2025-04-01T16:16:18.480-0500] {processor.py:186} INFO - Started process (PID=4067) to work on /mnt/d/Universidad/ETL/Proyecto_airflow/venv/lib/python3.12/site-packages/airflow/example_dags/example_task_group.py
[2025-04-01T16:16:18.481-0500] {processor.py:914} INFO - Processing file /mnt/d/Universidad/ETL/Proyecto_airflow/venv/lib/python3.12/site-packages/airflow/example_dags/example_task_group.py for tasks to queue
[2025-04-01T16:16:18.483-0500] {logging_mixin.py:190} INFO - [2025-04-01T16:16:18.483-0500] {dagbag.py:588} INFO - Filling up the DagBag from /mnt/d/Universidad/ETL/Proyecto_airflow/venv/lib/python3.12/site-packages/airflow/example_dags/example_task_group.py
[2025-04-01T16:16:18.540-0500] {processor.py:925} INFO - DAG(s) 'example_task_group' retrieved from /mnt/d/Universidad/ETL/Proyecto_airflow/venv/lib/python3.12/site-packages/airflow/example_dags/example_task_group.py
[2025-04-01T16:16:18.569-0500] {logging_mixin.py:190} INFO - [2025-04-01T16:16:18.568-0500] {dag.py:3239} INFO - Sync 1 DAGs
[2025-04-01T16:16:18.580-0500] {logging_mixin.py:190} INFO - [2025-04-01T16:16:18.579-0500] {dag.py:4180} INFO - Setting next_dagrun for example_task_group to None, run_after=None
[2025-04-01T16:16:18.659-0500] {processor.py:208} INFO - Processing /mnt/d/Universidad/ETL/Proyecto_airflow/venv/lib/python3.12/site-packages/airflow/example_dags/example_task_group.py took 0.187 seconds
[2025-04-01T16:18:20.106-0500] {processor.py:186} INFO - Started process (PID=4137) to work on /mnt/d/Universidad/ETL/Proyecto_airflow/venv/lib/python3.12/site-packages/airflow/example_dags/example_task_group.py
[2025-04-01T16:18:20.108-0500] {processor.py:914} INFO - Processing file /mnt/d/Universidad/ETL/Proyecto_airflow/venv/lib/python3.12/site-packages/airflow/example_dags/example_task_group.py for tasks to queue
[2025-04-01T16:18:20.110-0500] {logging_mixin.py:190} INFO - [2025-04-01T16:18:20.109-0500] {dagbag.py:588} INFO - Filling up the DagBag from /mnt/d/Universidad/ETL/Proyecto_airflow/venv/lib/python3.12/site-packages/airflow/example_dags/example_task_group.py
[2025-04-01T16:18:20.167-0500] {processor.py:925} INFO - DAG(s) 'example_task_group' retrieved from /mnt/d/Universidad/ETL/Proyecto_airflow/venv/lib/python3.12/site-packages/airflow/example_dags/example_task_group.py
[2025-04-01T16:18:20.187-0500] {logging_mixin.py:190} INFO - [2025-04-01T16:18:20.187-0500] {dag.py:3239} INFO - Sync 1 DAGs
[2025-04-01T16:18:20.198-0500] {logging_mixin.py:190} INFO - [2025-04-01T16:18:20.198-0500] {dag.py:4180} INFO - Setting next_dagrun for example_task_group to None, run_after=None
[2025-04-01T16:18:20.264-0500] {processor.py:208} INFO - Processing /mnt/d/Universidad/ETL/Proyecto_airflow/venv/lib/python3.12/site-packages/airflow/example_dags/example_task_group.py took 0.166 seconds
[2025-04-01T16:19:21.268-0500] {processor.py:186} INFO - Started process (PID=4185) to work on /mnt/d/Universidad/ETL/Proyecto_airflow/venv/lib/python3.12/site-packages/airflow/example_dags/example_task_group.py
[2025-04-01T16:19:21.269-0500] {processor.py:914} INFO - Processing file /mnt/d/Universidad/ETL/Proyecto_airflow/venv/lib/python3.12/site-packages/airflow/example_dags/example_task_group.py for tasks to queue
[2025-04-01T16:19:21.271-0500] {logging_mixin.py:190} INFO - [2025-04-01T16:19:21.271-0500] {dagbag.py:588} INFO - Filling up the DagBag from /mnt/d/Universidad/ETL/Proyecto_airflow/venv/lib/python3.12/site-packages/airflow/example_dags/example_task_group.py
[2025-04-01T16:19:21.328-0500] {processor.py:925} INFO - DAG(s) 'example_task_group' retrieved from /mnt/d/Universidad/ETL/Proyecto_airflow/venv/lib/python3.12/site-packages/airflow/example_dags/example_task_group.py
[2025-04-01T16:19:21.347-0500] {logging_mixin.py:190} INFO - [2025-04-01T16:19:21.347-0500] {dag.py:3239} INFO - Sync 1 DAGs
[2025-04-01T16:19:21.357-0500] {logging_mixin.py:190} INFO - [2025-04-01T16:19:21.356-0500] {dag.py:4180} INFO - Setting next_dagrun for example_task_group to None, run_after=None
[2025-04-01T16:19:21.462-0500] {processor.py:208} INFO - Processing /mnt/d/Universidad/ETL/Proyecto_airflow/venv/lib/python3.12/site-packages/airflow/example_dags/example_task_group.py took 0.202 seconds
[2025-04-01T16:20:46.087-0500] {processor.py:186} INFO - Started process (PID=4257) to work on /mnt/d/Universidad/ETL/Proyecto_airflow/venv/lib/python3.12/site-packages/airflow/example_dags/example_task_group.py
[2025-04-01T16:20:46.088-0500] {processor.py:914} INFO - Processing file /mnt/d/Universidad/ETL/Proyecto_airflow/venv/lib/python3.12/site-packages/airflow/example_dags/example_task_group.py for tasks to queue
[2025-04-01T16:20:46.091-0500] {logging_mixin.py:190} INFO - [2025-04-01T16:20:46.090-0500] {dagbag.py:588} INFO - Filling up the DagBag from /mnt/d/Universidad/ETL/Proyecto_airflow/venv/lib/python3.12/site-packages/airflow/example_dags/example_task_group.py
[2025-04-01T16:20:46.151-0500] {processor.py:925} INFO - DAG(s) 'example_task_group' retrieved from /mnt/d/Universidad/ETL/Proyecto_airflow/venv/lib/python3.12/site-packages/airflow/example_dags/example_task_group.py
[2025-04-01T16:20:46.171-0500] {logging_mixin.py:190} INFO - [2025-04-01T16:20:46.170-0500] {dag.py:3239} INFO - Sync 1 DAGs
[2025-04-01T16:20:46.181-0500] {logging_mixin.py:190} INFO - [2025-04-01T16:20:46.181-0500] {dag.py:4180} INFO - Setting next_dagrun for example_task_group to None, run_after=None
[2025-04-01T16:20:46.268-0500] {processor.py:208} INFO - Processing /mnt/d/Universidad/ETL/Proyecto_airflow/venv/lib/python3.12/site-packages/airflow/example_dags/example_task_group.py took 0.189 seconds
[2025-04-01T16:22:14.347-0500] {processor.py:186} INFO - Started process (PID=4326) to work on /mnt/d/Universidad/ETL/Proyecto_airflow/venv/lib/python3.12/site-packages/airflow/example_dags/example_task_group.py
[2025-04-01T16:22:14.348-0500] {processor.py:914} INFO - Processing file /mnt/d/Universidad/ETL/Proyecto_airflow/venv/lib/python3.12/site-packages/airflow/example_dags/example_task_group.py for tasks to queue
[2025-04-01T16:22:14.351-0500] {logging_mixin.py:190} INFO - [2025-04-01T16:22:14.350-0500] {dagbag.py:588} INFO - Filling up the DagBag from /mnt/d/Universidad/ETL/Proyecto_airflow/venv/lib/python3.12/site-packages/airflow/example_dags/example_task_group.py
[2025-04-01T16:22:14.404-0500] {processor.py:925} INFO - DAG(s) 'example_task_group' retrieved from /mnt/d/Universidad/ETL/Proyecto_airflow/venv/lib/python3.12/site-packages/airflow/example_dags/example_task_group.py
[2025-04-01T16:22:14.422-0500] {logging_mixin.py:190} INFO - [2025-04-01T16:22:14.421-0500] {dag.py:3239} INFO - Sync 1 DAGs
[2025-04-01T16:22:14.431-0500] {logging_mixin.py:190} INFO - [2025-04-01T16:22:14.431-0500] {dag.py:4180} INFO - Setting next_dagrun for example_task_group to None, run_after=None
[2025-04-01T16:22:14.542-0500] {processor.py:208} INFO - Processing /mnt/d/Universidad/ETL/Proyecto_airflow/venv/lib/python3.12/site-packages/airflow/example_dags/example_task_group.py took 0.203 seconds
[2025-04-01T16:23:39.596-0500] {processor.py:186} INFO - Started process (PID=4395) to work on /mnt/d/Universidad/ETL/Proyecto_airflow/venv/lib/python3.12/site-packages/airflow/example_dags/example_task_group.py
[2025-04-01T16:23:39.598-0500] {processor.py:914} INFO - Processing file /mnt/d/Universidad/ETL/Proyecto_airflow/venv/lib/python3.12/site-packages/airflow/example_dags/example_task_group.py for tasks to queue
[2025-04-01T16:23:39.600-0500] {logging_mixin.py:190} INFO - [2025-04-01T16:23:39.599-0500] {dagbag.py:588} INFO - Filling up the DagBag from /mnt/d/Universidad/ETL/Proyecto_airflow/venv/lib/python3.12/site-packages/airflow/example_dags/example_task_group.py
[2025-04-01T16:23:39.654-0500] {processor.py:925} INFO - DAG(s) 'example_task_group' retrieved from /mnt/d/Universidad/ETL/Proyecto_airflow/venv/lib/python3.12/site-packages/airflow/example_dags/example_task_group.py
[2025-04-01T16:23:39.672-0500] {logging_mixin.py:190} INFO - [2025-04-01T16:23:39.671-0500] {dag.py:3239} INFO - Sync 1 DAGs
[2025-04-01T16:23:39.681-0500] {logging_mixin.py:190} INFO - [2025-04-01T16:23:39.680-0500] {dag.py:4180} INFO - Setting next_dagrun for example_task_group to None, run_after=None
[2025-04-01T16:23:39.783-0500] {processor.py:208} INFO - Processing /mnt/d/Universidad/ETL/Proyecto_airflow/venv/lib/python3.12/site-packages/airflow/example_dags/example_task_group.py took 0.195 seconds
[2025-04-01T16:25:14.024-0500] {processor.py:186} INFO - Started process (PID=4466) to work on /mnt/d/Universidad/ETL/Proyecto_airflow/venv/lib/python3.12/site-packages/airflow/example_dags/example_task_group.py
[2025-04-01T16:25:14.026-0500] {processor.py:914} INFO - Processing file /mnt/d/Universidad/ETL/Proyecto_airflow/venv/lib/python3.12/site-packages/airflow/example_dags/example_task_group.py for tasks to queue
[2025-04-01T16:25:14.028-0500] {logging_mixin.py:190} INFO - [2025-04-01T16:25:14.027-0500] {dagbag.py:588} INFO - Filling up the DagBag from /mnt/d/Universidad/ETL/Proyecto_airflow/venv/lib/python3.12/site-packages/airflow/example_dags/example_task_group.py
[2025-04-01T16:25:14.082-0500] {processor.py:925} INFO - DAG(s) 'example_task_group' retrieved from /mnt/d/Universidad/ETL/Proyecto_airflow/venv/lib/python3.12/site-packages/airflow/example_dags/example_task_group.py
[2025-04-01T16:25:14.100-0500] {logging_mixin.py:190} INFO - [2025-04-01T16:25:14.099-0500] {dag.py:3239} INFO - Sync 1 DAGs
[2025-04-01T16:25:14.109-0500] {logging_mixin.py:190} INFO - [2025-04-01T16:25:14.108-0500] {dag.py:4180} INFO - Setting next_dagrun for example_task_group to None, run_after=None
[2025-04-01T16:25:14.206-0500] {processor.py:208} INFO - Processing /mnt/d/Universidad/ETL/Proyecto_airflow/venv/lib/python3.12/site-packages/airflow/example_dags/example_task_group.py took 0.189 seconds
[2025-04-01T16:26:48.947-0500] {processor.py:186} INFO - Started process (PID=4538) to work on /mnt/d/Universidad/ETL/Proyecto_airflow/venv/lib/python3.12/site-packages/airflow/example_dags/example_task_group.py
[2025-04-01T16:26:48.948-0500] {processor.py:914} INFO - Processing file /mnt/d/Universidad/ETL/Proyecto_airflow/venv/lib/python3.12/site-packages/airflow/example_dags/example_task_group.py for tasks to queue
[2025-04-01T16:26:48.950-0500] {logging_mixin.py:190} INFO - [2025-04-01T16:26:48.949-0500] {dagbag.py:588} INFO - Filling up the DagBag from /mnt/d/Universidad/ETL/Proyecto_airflow/venv/lib/python3.12/site-packages/airflow/example_dags/example_task_group.py
[2025-04-01T16:26:49.004-0500] {processor.py:925} INFO - DAG(s) 'example_task_group' retrieved from /mnt/d/Universidad/ETL/Proyecto_airflow/venv/lib/python3.12/site-packages/airflow/example_dags/example_task_group.py
[2025-04-01T16:26:49.024-0500] {logging_mixin.py:190} INFO - [2025-04-01T16:26:49.024-0500] {dag.py:3239} INFO - Sync 1 DAGs
[2025-04-01T16:26:49.034-0500] {logging_mixin.py:190} INFO - [2025-04-01T16:26:49.034-0500] {dag.py:4180} INFO - Setting next_dagrun for example_task_group to None, run_after=None
[2025-04-01T16:26:49.107-0500] {processor.py:208} INFO - Processing /mnt/d/Universidad/ETL/Proyecto_airflow/venv/lib/python3.12/site-packages/airflow/example_dags/example_task_group.py took 0.168 seconds
[2025-04-01T16:28:21.122-0500] {processor.py:186} INFO - Started process (PID=4609) to work on /mnt/d/Universidad/ETL/Proyecto_airflow/venv/lib/python3.12/site-packages/airflow/example_dags/example_task_group.py
[2025-04-01T16:28:21.124-0500] {processor.py:914} INFO - Processing file /mnt/d/Universidad/ETL/Proyecto_airflow/venv/lib/python3.12/site-packages/airflow/example_dags/example_task_group.py for tasks to queue
[2025-04-01T16:28:21.126-0500] {logging_mixin.py:190} INFO - [2025-04-01T16:28:21.125-0500] {dagbag.py:588} INFO - Filling up the DagBag from /mnt/d/Universidad/ETL/Proyecto_airflow/venv/lib/python3.12/site-packages/airflow/example_dags/example_task_group.py
[2025-04-01T16:28:21.180-0500] {processor.py:925} INFO - DAG(s) 'example_task_group' retrieved from /mnt/d/Universidad/ETL/Proyecto_airflow/venv/lib/python3.12/site-packages/airflow/example_dags/example_task_group.py
[2025-04-01T16:28:21.199-0500] {logging_mixin.py:190} INFO - [2025-04-01T16:28:21.198-0500] {dag.py:3239} INFO - Sync 1 DAGs
[2025-04-01T16:28:21.208-0500] {logging_mixin.py:190} INFO - [2025-04-01T16:28:21.207-0500] {dag.py:4180} INFO - Setting next_dagrun for example_task_group to None, run_after=None
[2025-04-01T16:28:21.284-0500] {processor.py:208} INFO - Processing /mnt/d/Universidad/ETL/Proyecto_airflow/venv/lib/python3.12/site-packages/airflow/example_dags/example_task_group.py took 0.170 seconds
[2025-04-01T16:29:53.549-0500] {processor.py:186} INFO - Started process (PID=4680) to work on /mnt/d/Universidad/ETL/Proyecto_airflow/venv/lib/python3.12/site-packages/airflow/example_dags/example_task_group.py
[2025-04-01T16:29:53.550-0500] {processor.py:914} INFO - Processing file /mnt/d/Universidad/ETL/Proyecto_airflow/venv/lib/python3.12/site-packages/airflow/example_dags/example_task_group.py for tasks to queue
[2025-04-01T16:29:53.552-0500] {logging_mixin.py:190} INFO - [2025-04-01T16:29:53.551-0500] {dagbag.py:588} INFO - Filling up the DagBag from /mnt/d/Universidad/ETL/Proyecto_airflow/venv/lib/python3.12/site-packages/airflow/example_dags/example_task_group.py
[2025-04-01T16:29:53.606-0500] {processor.py:925} INFO - DAG(s) 'example_task_group' retrieved from /mnt/d/Universidad/ETL/Proyecto_airflow/venv/lib/python3.12/site-packages/airflow/example_dags/example_task_group.py
[2025-04-01T16:29:53.624-0500] {logging_mixin.py:190} INFO - [2025-04-01T16:29:53.623-0500] {dag.py:3239} INFO - Sync 1 DAGs
[2025-04-01T16:29:53.633-0500] {logging_mixin.py:190} INFO - [2025-04-01T16:29:53.633-0500] {dag.py:4180} INFO - Setting next_dagrun for example_task_group to None, run_after=None
[2025-04-01T16:29:53.730-0500] {processor.py:208} INFO - Processing /mnt/d/Universidad/ETL/Proyecto_airflow/venv/lib/python3.12/site-packages/airflow/example_dags/example_task_group.py took 0.190 seconds
[2025-04-01T16:31:24.151-0500] {processor.py:186} INFO - Started process (PID=4750) to work on /mnt/d/Universidad/ETL/Proyecto_airflow/venv/lib/python3.12/site-packages/airflow/example_dags/example_task_group.py
[2025-04-01T16:31:24.152-0500] {processor.py:914} INFO - Processing file /mnt/d/Universidad/ETL/Proyecto_airflow/venv/lib/python3.12/site-packages/airflow/example_dags/example_task_group.py for tasks to queue
[2025-04-01T16:31:24.155-0500] {logging_mixin.py:190} INFO - [2025-04-01T16:31:24.154-0500] {dagbag.py:588} INFO - Filling up the DagBag from /mnt/d/Universidad/ETL/Proyecto_airflow/venv/lib/python3.12/site-packages/airflow/example_dags/example_task_group.py
[2025-04-01T16:31:24.213-0500] {processor.py:925} INFO - DAG(s) 'example_task_group' retrieved from /mnt/d/Universidad/ETL/Proyecto_airflow/venv/lib/python3.12/site-packages/airflow/example_dags/example_task_group.py
[2025-04-01T16:31:24.232-0500] {logging_mixin.py:190} INFO - [2025-04-01T16:31:24.231-0500] {dag.py:3239} INFO - Sync 1 DAGs
[2025-04-01T16:31:24.242-0500] {logging_mixin.py:190} INFO - [2025-04-01T16:31:24.241-0500] {dag.py:4180} INFO - Setting next_dagrun for example_task_group to None, run_after=None
[2025-04-01T16:31:24.329-0500] {processor.py:208} INFO - Processing /mnt/d/Universidad/ETL/Proyecto_airflow/venv/lib/python3.12/site-packages/airflow/example_dags/example_task_group.py took 0.186 seconds
[2025-04-01T16:33:00.729-0500] {processor.py:186} INFO - Started process (PID=4824) to work on /mnt/d/Universidad/ETL/Proyecto_airflow/venv/lib/python3.12/site-packages/airflow/example_dags/example_task_group.py
[2025-04-01T16:33:00.730-0500] {processor.py:914} INFO - Processing file /mnt/d/Universidad/ETL/Proyecto_airflow/venv/lib/python3.12/site-packages/airflow/example_dags/example_task_group.py for tasks to queue
[2025-04-01T16:33:00.732-0500] {logging_mixin.py:190} INFO - [2025-04-01T16:33:00.731-0500] {dagbag.py:588} INFO - Filling up the DagBag from /mnt/d/Universidad/ETL/Proyecto_airflow/venv/lib/python3.12/site-packages/airflow/example_dags/example_task_group.py
[2025-04-01T16:33:00.785-0500] {processor.py:925} INFO - DAG(s) 'example_task_group' retrieved from /mnt/d/Universidad/ETL/Proyecto_airflow/venv/lib/python3.12/site-packages/airflow/example_dags/example_task_group.py
[2025-04-01T16:33:00.806-0500] {logging_mixin.py:190} INFO - [2025-04-01T16:33:00.805-0500] {dag.py:3239} INFO - Sync 1 DAGs
[2025-04-01T16:33:00.816-0500] {logging_mixin.py:190} INFO - [2025-04-01T16:33:00.815-0500] {dag.py:4180} INFO - Setting next_dagrun for example_task_group to None, run_after=None
[2025-04-01T16:33:00.899-0500] {processor.py:208} INFO - Processing /mnt/d/Universidad/ETL/Proyecto_airflow/venv/lib/python3.12/site-packages/airflow/example_dags/example_task_group.py took 0.178 seconds
[2025-04-01T16:34:28.088-0500] {processor.py:186} INFO - Started process (PID=4892) to work on /mnt/d/Universidad/ETL/Proyecto_airflow/venv/lib/python3.12/site-packages/airflow/example_dags/example_task_group.py
[2025-04-01T16:34:28.089-0500] {processor.py:914} INFO - Processing file /mnt/d/Universidad/ETL/Proyecto_airflow/venv/lib/python3.12/site-packages/airflow/example_dags/example_task_group.py for tasks to queue
[2025-04-01T16:34:28.092-0500] {logging_mixin.py:190} INFO - [2025-04-01T16:34:28.091-0500] {dagbag.py:588} INFO - Filling up the DagBag from /mnt/d/Universidad/ETL/Proyecto_airflow/venv/lib/python3.12/site-packages/airflow/example_dags/example_task_group.py
[2025-04-01T16:34:28.146-0500] {processor.py:925} INFO - DAG(s) 'example_task_group' retrieved from /mnt/d/Universidad/ETL/Proyecto_airflow/venv/lib/python3.12/site-packages/airflow/example_dags/example_task_group.py
[2025-04-01T16:34:28.165-0500] {logging_mixin.py:190} INFO - [2025-04-01T16:34:28.163-0500] {dag.py:3239} INFO - Sync 1 DAGs
[2025-04-01T16:34:28.174-0500] {logging_mixin.py:190} INFO - [2025-04-01T16:34:28.174-0500] {dag.py:4180} INFO - Setting next_dagrun for example_task_group to None, run_after=None
[2025-04-01T16:34:28.267-0500] {processor.py:208} INFO - Processing /mnt/d/Universidad/ETL/Proyecto_airflow/venv/lib/python3.12/site-packages/airflow/example_dags/example_task_group.py took 0.187 seconds
[2025-04-01T16:35:53.064-0500] {processor.py:186} INFO - Started process (PID=4961) to work on /mnt/d/Universidad/ETL/Proyecto_airflow/venv/lib/python3.12/site-packages/airflow/example_dags/example_task_group.py
[2025-04-01T16:35:53.065-0500] {processor.py:914} INFO - Processing file /mnt/d/Universidad/ETL/Proyecto_airflow/venv/lib/python3.12/site-packages/airflow/example_dags/example_task_group.py for tasks to queue
[2025-04-01T16:35:53.068-0500] {logging_mixin.py:190} INFO - [2025-04-01T16:35:53.067-0500] {dagbag.py:588} INFO - Filling up the DagBag from /mnt/d/Universidad/ETL/Proyecto_airflow/venv/lib/python3.12/site-packages/airflow/example_dags/example_task_group.py
[2025-04-01T16:35:53.123-0500] {processor.py:925} INFO - DAG(s) 'example_task_group' retrieved from /mnt/d/Universidad/ETL/Proyecto_airflow/venv/lib/python3.12/site-packages/airflow/example_dags/example_task_group.py
[2025-04-01T16:35:53.143-0500] {logging_mixin.py:190} INFO - [2025-04-01T16:35:53.143-0500] {dag.py:3239} INFO - Sync 1 DAGs
[2025-04-01T16:35:53.154-0500] {logging_mixin.py:190} INFO - [2025-04-01T16:35:53.153-0500] {dag.py:4180} INFO - Setting next_dagrun for example_task_group to None, run_after=None
[2025-04-01T16:35:53.246-0500] {processor.py:208} INFO - Processing /mnt/d/Universidad/ETL/Proyecto_airflow/venv/lib/python3.12/site-packages/airflow/example_dags/example_task_group.py took 0.190 seconds
[2025-04-01T16:37:29.066-0500] {processor.py:186} INFO - Started process (PID=5031) to work on /mnt/d/Universidad/ETL/Proyecto_airflow/venv/lib/python3.12/site-packages/airflow/example_dags/example_task_group.py
[2025-04-01T16:37:29.067-0500] {processor.py:914} INFO - Processing file /mnt/d/Universidad/ETL/Proyecto_airflow/venv/lib/python3.12/site-packages/airflow/example_dags/example_task_group.py for tasks to queue
[2025-04-01T16:37:29.069-0500] {logging_mixin.py:190} INFO - [2025-04-01T16:37:29.068-0500] {dagbag.py:588} INFO - Filling up the DagBag from /mnt/d/Universidad/ETL/Proyecto_airflow/venv/lib/python3.12/site-packages/airflow/example_dags/example_task_group.py
[2025-04-01T16:37:29.123-0500] {processor.py:925} INFO - DAG(s) 'example_task_group' retrieved from /mnt/d/Universidad/ETL/Proyecto_airflow/venv/lib/python3.12/site-packages/airflow/example_dags/example_task_group.py
[2025-04-01T16:37:29.142-0500] {logging_mixin.py:190} INFO - [2025-04-01T16:37:29.141-0500] {dag.py:3239} INFO - Sync 1 DAGs
[2025-04-01T16:37:29.151-0500] {logging_mixin.py:190} INFO - [2025-04-01T16:37:29.150-0500] {dag.py:4180} INFO - Setting next_dagrun for example_task_group to None, run_after=None
[2025-04-01T16:37:29.275-0500] {processor.py:208} INFO - Processing /mnt/d/Universidad/ETL/Proyecto_airflow/venv/lib/python3.12/site-packages/airflow/example_dags/example_task_group.py took 0.217 seconds
[2025-04-01T16:39:00.204-0500] {processor.py:186} INFO - Started process (PID=5101) to work on /mnt/d/Universidad/ETL/Proyecto_airflow/venv/lib/python3.12/site-packages/airflow/example_dags/example_task_group.py
[2025-04-01T16:39:00.205-0500] {processor.py:914} INFO - Processing file /mnt/d/Universidad/ETL/Proyecto_airflow/venv/lib/python3.12/site-packages/airflow/example_dags/example_task_group.py for tasks to queue
[2025-04-01T16:39:00.208-0500] {logging_mixin.py:190} INFO - [2025-04-01T16:39:00.207-0500] {dagbag.py:588} INFO - Filling up the DagBag from /mnt/d/Universidad/ETL/Proyecto_airflow/venv/lib/python3.12/site-packages/airflow/example_dags/example_task_group.py
[2025-04-01T16:39:00.262-0500] {processor.py:925} INFO - DAG(s) 'example_task_group' retrieved from /mnt/d/Universidad/ETL/Proyecto_airflow/venv/lib/python3.12/site-packages/airflow/example_dags/example_task_group.py
[2025-04-01T16:39:00.281-0500] {logging_mixin.py:190} INFO - [2025-04-01T16:39:00.280-0500] {dag.py:3239} INFO - Sync 1 DAGs
[2025-04-01T16:39:00.290-0500] {logging_mixin.py:190} INFO - [2025-04-01T16:39:00.290-0500] {dag.py:4180} INFO - Setting next_dagrun for example_task_group to None, run_after=None
[2025-04-01T16:39:00.398-0500] {processor.py:208} INFO - Processing /mnt/d/Universidad/ETL/Proyecto_airflow/venv/lib/python3.12/site-packages/airflow/example_dags/example_task_group.py took 0.202 seconds
[2025-04-01T16:40:34.681-0500] {processor.py:186} INFO - Started process (PID=5174) to work on /mnt/d/Universidad/ETL/Proyecto_airflow/venv/lib/python3.12/site-packages/airflow/example_dags/example_task_group.py
[2025-04-01T16:40:34.682-0500] {processor.py:914} INFO - Processing file /mnt/d/Universidad/ETL/Proyecto_airflow/venv/lib/python3.12/site-packages/airflow/example_dags/example_task_group.py for tasks to queue
[2025-04-01T16:40:34.684-0500] {logging_mixin.py:190} INFO - [2025-04-01T16:40:34.684-0500] {dagbag.py:588} INFO - Filling up the DagBag from /mnt/d/Universidad/ETL/Proyecto_airflow/venv/lib/python3.12/site-packages/airflow/example_dags/example_task_group.py
[2025-04-01T16:40:34.740-0500] {processor.py:925} INFO - DAG(s) 'example_task_group' retrieved from /mnt/d/Universidad/ETL/Proyecto_airflow/venv/lib/python3.12/site-packages/airflow/example_dags/example_task_group.py
[2025-04-01T16:40:34.759-0500] {logging_mixin.py:190} INFO - [2025-04-01T16:40:34.759-0500] {dag.py:3239} INFO - Sync 1 DAGs
[2025-04-01T16:40:34.769-0500] {logging_mixin.py:190} INFO - [2025-04-01T16:40:34.768-0500] {dag.py:4180} INFO - Setting next_dagrun for example_task_group to None, run_after=None
[2025-04-01T16:40:34.868-0500] {processor.py:208} INFO - Processing /mnt/d/Universidad/ETL/Proyecto_airflow/venv/lib/python3.12/site-packages/airflow/example_dags/example_task_group.py took 0.195 seconds
[2025-04-01T16:42:13.137-0500] {processor.py:186} INFO - Started process (PID=5247) to work on /mnt/d/Universidad/ETL/Proyecto_airflow/venv/lib/python3.12/site-packages/airflow/example_dags/example_task_group.py
[2025-04-01T16:42:13.138-0500] {processor.py:914} INFO - Processing file /mnt/d/Universidad/ETL/Proyecto_airflow/venv/lib/python3.12/site-packages/airflow/example_dags/example_task_group.py for tasks to queue
[2025-04-01T16:42:13.140-0500] {logging_mixin.py:190} INFO - [2025-04-01T16:42:13.140-0500] {dagbag.py:588} INFO - Filling up the DagBag from /mnt/d/Universidad/ETL/Proyecto_airflow/venv/lib/python3.12/site-packages/airflow/example_dags/example_task_group.py
[2025-04-01T16:42:13.194-0500] {processor.py:925} INFO - DAG(s) 'example_task_group' retrieved from /mnt/d/Universidad/ETL/Proyecto_airflow/venv/lib/python3.12/site-packages/airflow/example_dags/example_task_group.py
[2025-04-01T16:42:13.213-0500] {logging_mixin.py:190} INFO - [2025-04-01T16:42:13.212-0500] {dag.py:3239} INFO - Sync 1 DAGs
[2025-04-01T16:42:13.223-0500] {logging_mixin.py:190} INFO - [2025-04-01T16:42:13.222-0500] {dag.py:4180} INFO - Setting next_dagrun for example_task_group to None, run_after=None
[2025-04-01T16:42:13.349-0500] {processor.py:208} INFO - Processing /mnt/d/Universidad/ETL/Proyecto_airflow/venv/lib/python3.12/site-packages/airflow/example_dags/example_task_group.py took 0.220 seconds
[2025-04-01T16:43:47.919-0500] {processor.py:186} INFO - Started process (PID=5317) to work on /mnt/d/Universidad/ETL/Proyecto_airflow/venv/lib/python3.12/site-packages/airflow/example_dags/example_task_group.py
[2025-04-01T16:43:47.920-0500] {processor.py:914} INFO - Processing file /mnt/d/Universidad/ETL/Proyecto_airflow/venv/lib/python3.12/site-packages/airflow/example_dags/example_task_group.py for tasks to queue
[2025-04-01T16:43:47.922-0500] {logging_mixin.py:190} INFO - [2025-04-01T16:43:47.922-0500] {dagbag.py:588} INFO - Filling up the DagBag from /mnt/d/Universidad/ETL/Proyecto_airflow/venv/lib/python3.12/site-packages/airflow/example_dags/example_task_group.py
[2025-04-01T16:43:47.976-0500] {processor.py:925} INFO - DAG(s) 'example_task_group' retrieved from /mnt/d/Universidad/ETL/Proyecto_airflow/venv/lib/python3.12/site-packages/airflow/example_dags/example_task_group.py
[2025-04-01T16:43:47.994-0500] {logging_mixin.py:190} INFO - [2025-04-01T16:43:47.994-0500] {dag.py:3239} INFO - Sync 1 DAGs
[2025-04-01T16:43:48.003-0500] {logging_mixin.py:190} INFO - [2025-04-01T16:43:48.003-0500] {dag.py:4180} INFO - Setting next_dagrun for example_task_group to None, run_after=None
[2025-04-01T16:43:48.085-0500] {processor.py:208} INFO - Processing /mnt/d/Universidad/ETL/Proyecto_airflow/venv/lib/python3.12/site-packages/airflow/example_dags/example_task_group.py took 0.175 seconds
[2025-04-01T16:45:17.630-0500] {processor.py:186} INFO - Started process (PID=5388) to work on /mnt/d/Universidad/ETL/Proyecto_airflow/venv/lib/python3.12/site-packages/airflow/example_dags/example_task_group.py
[2025-04-01T16:45:17.632-0500] {processor.py:914} INFO - Processing file /mnt/d/Universidad/ETL/Proyecto_airflow/venv/lib/python3.12/site-packages/airflow/example_dags/example_task_group.py for tasks to queue
[2025-04-01T16:45:17.634-0500] {logging_mixin.py:190} INFO - [2025-04-01T16:45:17.634-0500] {dagbag.py:588} INFO - Filling up the DagBag from /mnt/d/Universidad/ETL/Proyecto_airflow/venv/lib/python3.12/site-packages/airflow/example_dags/example_task_group.py
[2025-04-01T16:45:17.691-0500] {processor.py:925} INFO - DAG(s) 'example_task_group' retrieved from /mnt/d/Universidad/ETL/Proyecto_airflow/venv/lib/python3.12/site-packages/airflow/example_dags/example_task_group.py
[2025-04-01T16:45:17.787-0500] {logging_mixin.py:190} INFO - [2025-04-01T16:45:17.787-0500] {dag.py:3239} INFO - Sync 1 DAGs
[2025-04-01T16:45:17.796-0500] {logging_mixin.py:190} INFO - [2025-04-01T16:45:17.796-0500] {dag.py:4180} INFO - Setting next_dagrun for example_task_group to None, run_after=None
[2025-04-01T16:45:17.882-0500] {processor.py:208} INFO - Processing /mnt/d/Universidad/ETL/Proyecto_airflow/venv/lib/python3.12/site-packages/airflow/example_dags/example_task_group.py took 0.260 seconds
[2025-04-01T16:46:59.951-0500] {processor.py:186} INFO - Started process (PID=5462) to work on /mnt/d/Universidad/ETL/Proyecto_airflow/venv/lib/python3.12/site-packages/airflow/example_dags/example_task_group.py
[2025-04-01T16:46:59.952-0500] {processor.py:914} INFO - Processing file /mnt/d/Universidad/ETL/Proyecto_airflow/venv/lib/python3.12/site-packages/airflow/example_dags/example_task_group.py for tasks to queue
[2025-04-01T16:46:59.955-0500] {logging_mixin.py:190} INFO - [2025-04-01T16:46:59.954-0500] {dagbag.py:588} INFO - Filling up the DagBag from /mnt/d/Universidad/ETL/Proyecto_airflow/venv/lib/python3.12/site-packages/airflow/example_dags/example_task_group.py
[2025-04-01T16:47:00.007-0500] {processor.py:925} INFO - DAG(s) 'example_task_group' retrieved from /mnt/d/Universidad/ETL/Proyecto_airflow/venv/lib/python3.12/site-packages/airflow/example_dags/example_task_group.py
[2025-04-01T16:47:00.025-0500] {logging_mixin.py:190} INFO - [2025-04-01T16:47:00.025-0500] {dag.py:3239} INFO - Sync 1 DAGs
[2025-04-01T16:47:00.034-0500] {logging_mixin.py:190} INFO - [2025-04-01T16:47:00.033-0500] {dag.py:4180} INFO - Setting next_dagrun for example_task_group to None, run_after=None
[2025-04-01T16:47:00.110-0500] {processor.py:208} INFO - Processing /mnt/d/Universidad/ETL/Proyecto_airflow/venv/lib/python3.12/site-packages/airflow/example_dags/example_task_group.py took 0.166 seconds
[2025-04-01T16:48:30.278-0500] {processor.py:186} INFO - Started process (PID=5531) to work on /mnt/d/Universidad/ETL/Proyecto_airflow/venv/lib/python3.12/site-packages/airflow/example_dags/example_task_group.py
[2025-04-01T16:48:30.279-0500] {processor.py:914} INFO - Processing file /mnt/d/Universidad/ETL/Proyecto_airflow/venv/lib/python3.12/site-packages/airflow/example_dags/example_task_group.py for tasks to queue
[2025-04-01T16:48:30.281-0500] {logging_mixin.py:190} INFO - [2025-04-01T16:48:30.280-0500] {dagbag.py:588} INFO - Filling up the DagBag from /mnt/d/Universidad/ETL/Proyecto_airflow/venv/lib/python3.12/site-packages/airflow/example_dags/example_task_group.py
[2025-04-01T16:48:30.334-0500] {processor.py:925} INFO - DAG(s) 'example_task_group' retrieved from /mnt/d/Universidad/ETL/Proyecto_airflow/venv/lib/python3.12/site-packages/airflow/example_dags/example_task_group.py
[2025-04-01T16:48:30.354-0500] {logging_mixin.py:190} INFO - [2025-04-01T16:48:30.354-0500] {dag.py:3239} INFO - Sync 1 DAGs
[2025-04-01T16:48:30.364-0500] {logging_mixin.py:190} INFO - [2025-04-01T16:48:30.364-0500] {dag.py:4180} INFO - Setting next_dagrun for example_task_group to None, run_after=None
[2025-04-01T16:48:30.465-0500] {processor.py:208} INFO - Processing /mnt/d/Universidad/ETL/Proyecto_airflow/venv/lib/python3.12/site-packages/airflow/example_dags/example_task_group.py took 0.195 seconds
[2025-04-01T16:49:56.887-0500] {processor.py:186} INFO - Started process (PID=5600) to work on /mnt/d/Universidad/ETL/Proyecto_airflow/venv/lib/python3.12/site-packages/airflow/example_dags/example_task_group.py
[2025-04-01T16:49:56.888-0500] {processor.py:914} INFO - Processing file /mnt/d/Universidad/ETL/Proyecto_airflow/venv/lib/python3.12/site-packages/airflow/example_dags/example_task_group.py for tasks to queue
[2025-04-01T16:49:56.890-0500] {logging_mixin.py:190} INFO - [2025-04-01T16:49:56.890-0500] {dagbag.py:588} INFO - Filling up the DagBag from /mnt/d/Universidad/ETL/Proyecto_airflow/venv/lib/python3.12/site-packages/airflow/example_dags/example_task_group.py
[2025-04-01T16:49:56.943-0500] {processor.py:925} INFO - DAG(s) 'example_task_group' retrieved from /mnt/d/Universidad/ETL/Proyecto_airflow/venv/lib/python3.12/site-packages/airflow/example_dags/example_task_group.py
[2025-04-01T16:49:56.961-0500] {logging_mixin.py:190} INFO - [2025-04-01T16:49:56.961-0500] {dag.py:3239} INFO - Sync 1 DAGs
[2025-04-01T16:49:56.970-0500] {logging_mixin.py:190} INFO - [2025-04-01T16:49:56.970-0500] {dag.py:4180} INFO - Setting next_dagrun for example_task_group to None, run_after=None
[2025-04-01T16:49:57.047-0500] {processor.py:208} INFO - Processing /mnt/d/Universidad/ETL/Proyecto_airflow/venv/lib/python3.12/site-packages/airflow/example_dags/example_task_group.py took 0.168 seconds
[2025-04-01T16:51:36.748-0500] {processor.py:186} INFO - Started process (PID=5673) to work on /mnt/d/Universidad/ETL/Proyecto_airflow/venv/lib/python3.12/site-packages/airflow/example_dags/example_task_group.py
[2025-04-01T16:51:36.749-0500] {processor.py:914} INFO - Processing file /mnt/d/Universidad/ETL/Proyecto_airflow/venv/lib/python3.12/site-packages/airflow/example_dags/example_task_group.py for tasks to queue
[2025-04-01T16:51:36.751-0500] {logging_mixin.py:190} INFO - [2025-04-01T16:51:36.750-0500] {dagbag.py:588} INFO - Filling up the DagBag from /mnt/d/Universidad/ETL/Proyecto_airflow/venv/lib/python3.12/site-packages/airflow/example_dags/example_task_group.py
[2025-04-01T16:51:36.804-0500] {processor.py:925} INFO - DAG(s) 'example_task_group' retrieved from /mnt/d/Universidad/ETL/Proyecto_airflow/venv/lib/python3.12/site-packages/airflow/example_dags/example_task_group.py
[2025-04-01T16:51:36.822-0500] {logging_mixin.py:190} INFO - [2025-04-01T16:51:36.821-0500] {dag.py:3239} INFO - Sync 1 DAGs
[2025-04-01T16:51:36.831-0500] {logging_mixin.py:190} INFO - [2025-04-01T16:51:36.830-0500] {dag.py:4180} INFO - Setting next_dagrun for example_task_group to None, run_after=None
[2025-04-01T16:51:36.932-0500] {processor.py:208} INFO - Processing /mnt/d/Universidad/ETL/Proyecto_airflow/venv/lib/python3.12/site-packages/airflow/example_dags/example_task_group.py took 0.192 seconds
[2025-04-01T16:53:14.743-0500] {processor.py:186} INFO - Started process (PID=5745) to work on /mnt/d/Universidad/ETL/Proyecto_airflow/venv/lib/python3.12/site-packages/airflow/example_dags/example_task_group.py
[2025-04-01T16:53:14.744-0500] {processor.py:914} INFO - Processing file /mnt/d/Universidad/ETL/Proyecto_airflow/venv/lib/python3.12/site-packages/airflow/example_dags/example_task_group.py for tasks to queue
[2025-04-01T16:53:14.746-0500] {logging_mixin.py:190} INFO - [2025-04-01T16:53:14.745-0500] {dagbag.py:588} INFO - Filling up the DagBag from /mnt/d/Universidad/ETL/Proyecto_airflow/venv/lib/python3.12/site-packages/airflow/example_dags/example_task_group.py
[2025-04-01T16:53:14.800-0500] {processor.py:925} INFO - DAG(s) 'example_task_group' retrieved from /mnt/d/Universidad/ETL/Proyecto_airflow/venv/lib/python3.12/site-packages/airflow/example_dags/example_task_group.py
[2025-04-01T16:53:14.818-0500] {logging_mixin.py:190} INFO - [2025-04-01T16:53:14.817-0500] {dag.py:3239} INFO - Sync 1 DAGs
[2025-04-01T16:53:14.827-0500] {logging_mixin.py:190} INFO - [2025-04-01T16:53:14.826-0500] {dag.py:4180} INFO - Setting next_dagrun for example_task_group to None, run_after=None
[2025-04-01T16:53:14.928-0500] {processor.py:208} INFO - Processing /mnt/d/Universidad/ETL/Proyecto_airflow/venv/lib/python3.12/site-packages/airflow/example_dags/example_task_group.py took 0.193 seconds
[2025-04-01T16:54:49.948-0500] {processor.py:186} INFO - Started process (PID=5817) to work on /mnt/d/Universidad/ETL/Proyecto_airflow/venv/lib/python3.12/site-packages/airflow/example_dags/example_task_group.py
[2025-04-01T16:54:49.949-0500] {processor.py:914} INFO - Processing file /mnt/d/Universidad/ETL/Proyecto_airflow/venv/lib/python3.12/site-packages/airflow/example_dags/example_task_group.py for tasks to queue
[2025-04-01T16:54:49.952-0500] {logging_mixin.py:190} INFO - [2025-04-01T16:54:49.951-0500] {dagbag.py:588} INFO - Filling up the DagBag from /mnt/d/Universidad/ETL/Proyecto_airflow/venv/lib/python3.12/site-packages/airflow/example_dags/example_task_group.py
[2025-04-01T16:54:50.005-0500] {processor.py:925} INFO - DAG(s) 'example_task_group' retrieved from /mnt/d/Universidad/ETL/Proyecto_airflow/venv/lib/python3.12/site-packages/airflow/example_dags/example_task_group.py
[2025-04-01T16:54:50.023-0500] {logging_mixin.py:190} INFO - [2025-04-01T16:54:50.023-0500] {dag.py:3239} INFO - Sync 1 DAGs
[2025-04-01T16:54:50.033-0500] {logging_mixin.py:190} INFO - [2025-04-01T16:54:50.032-0500] {dag.py:4180} INFO - Setting next_dagrun for example_task_group to None, run_after=None
[2025-04-01T16:54:50.130-0500] {processor.py:208} INFO - Processing /mnt/d/Universidad/ETL/Proyecto_airflow/venv/lib/python3.12/site-packages/airflow/example_dags/example_task_group.py took 0.190 seconds
[2025-04-01T16:56:21.793-0500] {processor.py:186} INFO - Started process (PID=5888) to work on /mnt/d/Universidad/ETL/Proyecto_airflow/venv/lib/python3.12/site-packages/airflow/example_dags/example_task_group.py
[2025-04-01T16:56:21.794-0500] {processor.py:914} INFO - Processing file /mnt/d/Universidad/ETL/Proyecto_airflow/venv/lib/python3.12/site-packages/airflow/example_dags/example_task_group.py for tasks to queue
[2025-04-01T16:56:21.796-0500] {logging_mixin.py:190} INFO - [2025-04-01T16:56:21.795-0500] {dagbag.py:588} INFO - Filling up the DagBag from /mnt/d/Universidad/ETL/Proyecto_airflow/venv/lib/python3.12/site-packages/airflow/example_dags/example_task_group.py
[2025-04-01T16:56:21.850-0500] {processor.py:925} INFO - DAG(s) 'example_task_group' retrieved from /mnt/d/Universidad/ETL/Proyecto_airflow/venv/lib/python3.12/site-packages/airflow/example_dags/example_task_group.py
[2025-04-01T16:56:21.868-0500] {logging_mixin.py:190} INFO - [2025-04-01T16:56:21.867-0500] {dag.py:3239} INFO - Sync 1 DAGs
[2025-04-01T16:56:21.877-0500] {logging_mixin.py:190} INFO - [2025-04-01T16:56:21.876-0500] {dag.py:4180} INFO - Setting next_dagrun for example_task_group to None, run_after=None
[2025-04-01T16:56:21.980-0500] {processor.py:208} INFO - Processing /mnt/d/Universidad/ETL/Proyecto_airflow/venv/lib/python3.12/site-packages/airflow/example_dags/example_task_group.py took 0.195 seconds
[2025-04-01T16:57:53.925-0500] {processor.py:186} INFO - Started process (PID=5958) to work on /mnt/d/Universidad/ETL/Proyecto_airflow/venv/lib/python3.12/site-packages/airflow/example_dags/example_task_group.py
[2025-04-01T16:57:53.926-0500] {processor.py:914} INFO - Processing file /mnt/d/Universidad/ETL/Proyecto_airflow/venv/lib/python3.12/site-packages/airflow/example_dags/example_task_group.py for tasks to queue
[2025-04-01T16:57:53.928-0500] {logging_mixin.py:190} INFO - [2025-04-01T16:57:53.927-0500] {dagbag.py:588} INFO - Filling up the DagBag from /mnt/d/Universidad/ETL/Proyecto_airflow/venv/lib/python3.12/site-packages/airflow/example_dags/example_task_group.py
[2025-04-01T16:57:53.983-0500] {processor.py:925} INFO - DAG(s) 'example_task_group' retrieved from /mnt/d/Universidad/ETL/Proyecto_airflow/venv/lib/python3.12/site-packages/airflow/example_dags/example_task_group.py
[2025-04-01T16:57:54.002-0500] {logging_mixin.py:190} INFO - [2025-04-01T16:57:54.001-0500] {dag.py:3239} INFO - Sync 1 DAGs
[2025-04-01T16:57:54.011-0500] {logging_mixin.py:190} INFO - [2025-04-01T16:57:54.010-0500] {dag.py:4180} INFO - Setting next_dagrun for example_task_group to None, run_after=None
[2025-04-01T16:57:54.115-0500] {processor.py:208} INFO - Processing /mnt/d/Universidad/ETL/Proyecto_airflow/venv/lib/python3.12/site-packages/airflow/example_dags/example_task_group.py took 0.199 seconds
[2025-04-01T16:59:29.046-0500] {processor.py:186} INFO - Started process (PID=6029) to work on /mnt/d/Universidad/ETL/Proyecto_airflow/venv/lib/python3.12/site-packages/airflow/example_dags/example_task_group.py
[2025-04-01T16:59:29.047-0500] {processor.py:914} INFO - Processing file /mnt/d/Universidad/ETL/Proyecto_airflow/venv/lib/python3.12/site-packages/airflow/example_dags/example_task_group.py for tasks to queue
[2025-04-01T16:59:29.049-0500] {logging_mixin.py:190} INFO - [2025-04-01T16:59:29.048-0500] {dagbag.py:588} INFO - Filling up the DagBag from /mnt/d/Universidad/ETL/Proyecto_airflow/venv/lib/python3.12/site-packages/airflow/example_dags/example_task_group.py
[2025-04-01T16:59:29.102-0500] {processor.py:925} INFO - DAG(s) 'example_task_group' retrieved from /mnt/d/Universidad/ETL/Proyecto_airflow/venv/lib/python3.12/site-packages/airflow/example_dags/example_task_group.py
[2025-04-01T16:59:29.120-0500] {logging_mixin.py:190} INFO - [2025-04-01T16:59:29.120-0500] {dag.py:3239} INFO - Sync 1 DAGs
[2025-04-01T16:59:29.129-0500] {logging_mixin.py:190} INFO - [2025-04-01T16:59:29.129-0500] {dag.py:4180} INFO - Setting next_dagrun for example_task_group to None, run_after=None
[2025-04-01T16:59:29.239-0500] {processor.py:208} INFO - Processing /mnt/d/Universidad/ETL/Proyecto_airflow/venv/lib/python3.12/site-packages/airflow/example_dags/example_task_group.py took 0.201 seconds
[2025-04-01T17:01:06.681-0500] {processor.py:186} INFO - Started process (PID=6101) to work on /mnt/d/Universidad/ETL/Proyecto_airflow/venv/lib/python3.12/site-packages/airflow/example_dags/example_task_group.py
[2025-04-01T17:01:06.683-0500] {processor.py:914} INFO - Processing file /mnt/d/Universidad/ETL/Proyecto_airflow/venv/lib/python3.12/site-packages/airflow/example_dags/example_task_group.py for tasks to queue
[2025-04-01T17:01:06.685-0500] {logging_mixin.py:190} INFO - [2025-04-01T17:01:06.684-0500] {dagbag.py:588} INFO - Filling up the DagBag from /mnt/d/Universidad/ETL/Proyecto_airflow/venv/lib/python3.12/site-packages/airflow/example_dags/example_task_group.py
[2025-04-01T17:01:06.741-0500] {processor.py:925} INFO - DAG(s) 'example_task_group' retrieved from /mnt/d/Universidad/ETL/Proyecto_airflow/venv/lib/python3.12/site-packages/airflow/example_dags/example_task_group.py
[2025-04-01T17:01:06.760-0500] {logging_mixin.py:190} INFO - [2025-04-01T17:01:06.760-0500] {dag.py:3239} INFO - Sync 1 DAGs
[2025-04-01T17:01:06.771-0500] {logging_mixin.py:190} INFO - [2025-04-01T17:01:06.770-0500] {dag.py:4180} INFO - Setting next_dagrun for example_task_group to None, run_after=None
[2025-04-01T17:01:06.873-0500] {processor.py:208} INFO - Processing /mnt/d/Universidad/ETL/Proyecto_airflow/venv/lib/python3.12/site-packages/airflow/example_dags/example_task_group.py took 0.199 seconds
[2025-04-01T17:02:38.931-0500] {processor.py:186} INFO - Started process (PID=6171) to work on /mnt/d/Universidad/ETL/Proyecto_airflow/venv/lib/python3.12/site-packages/airflow/example_dags/example_task_group.py
[2025-04-01T17:02:38.932-0500] {processor.py:914} INFO - Processing file /mnt/d/Universidad/ETL/Proyecto_airflow/venv/lib/python3.12/site-packages/airflow/example_dags/example_task_group.py for tasks to queue
[2025-04-01T17:02:38.935-0500] {logging_mixin.py:190} INFO - [2025-04-01T17:02:38.934-0500] {dagbag.py:588} INFO - Filling up the DagBag from /mnt/d/Universidad/ETL/Proyecto_airflow/venv/lib/python3.12/site-packages/airflow/example_dags/example_task_group.py
[2025-04-01T17:02:38.987-0500] {processor.py:925} INFO - DAG(s) 'example_task_group' retrieved from /mnt/d/Universidad/ETL/Proyecto_airflow/venv/lib/python3.12/site-packages/airflow/example_dags/example_task_group.py
[2025-04-01T17:02:39.005-0500] {logging_mixin.py:190} INFO - [2025-04-01T17:02:39.005-0500] {dag.py:3239} INFO - Sync 1 DAGs
[2025-04-01T17:02:39.015-0500] {logging_mixin.py:190} INFO - [2025-04-01T17:02:39.014-0500] {dag.py:4180} INFO - Setting next_dagrun for example_task_group to None, run_after=None
[2025-04-01T17:02:39.109-0500] {processor.py:208} INFO - Processing /mnt/d/Universidad/ETL/Proyecto_airflow/venv/lib/python3.12/site-packages/airflow/example_dags/example_task_group.py took 0.186 seconds
[2025-04-01T17:04:16.638-0500] {processor.py:186} INFO - Started process (PID=6243) to work on /mnt/d/Universidad/ETL/Proyecto_airflow/venv/lib/python3.12/site-packages/airflow/example_dags/example_task_group.py
[2025-04-01T17:04:16.639-0500] {processor.py:914} INFO - Processing file /mnt/d/Universidad/ETL/Proyecto_airflow/venv/lib/python3.12/site-packages/airflow/example_dags/example_task_group.py for tasks to queue
[2025-04-01T17:04:16.641-0500] {logging_mixin.py:190} INFO - [2025-04-01T17:04:16.640-0500] {dagbag.py:588} INFO - Filling up the DagBag from /mnt/d/Universidad/ETL/Proyecto_airflow/venv/lib/python3.12/site-packages/airflow/example_dags/example_task_group.py
[2025-04-01T17:04:16.694-0500] {processor.py:925} INFO - DAG(s) 'example_task_group' retrieved from /mnt/d/Universidad/ETL/Proyecto_airflow/venv/lib/python3.12/site-packages/airflow/example_dags/example_task_group.py
[2025-04-01T17:04:16.712-0500] {logging_mixin.py:190} INFO - [2025-04-01T17:04:16.712-0500] {dag.py:3239} INFO - Sync 1 DAGs
[2025-04-01T17:04:16.722-0500] {logging_mixin.py:190} INFO - [2025-04-01T17:04:16.721-0500] {dag.py:4180} INFO - Setting next_dagrun for example_task_group to None, run_after=None
[2025-04-01T17:04:16.824-0500] {processor.py:208} INFO - Processing /mnt/d/Universidad/ETL/Proyecto_airflow/venv/lib/python3.12/site-packages/airflow/example_dags/example_task_group.py took 0.194 seconds
[2025-04-01T17:05:52.039-0500] {processor.py:186} INFO - Started process (PID=6314) to work on /mnt/d/Universidad/ETL/Proyecto_airflow/venv/lib/python3.12/site-packages/airflow/example_dags/example_task_group.py
[2025-04-01T17:05:52.040-0500] {processor.py:914} INFO - Processing file /mnt/d/Universidad/ETL/Proyecto_airflow/venv/lib/python3.12/site-packages/airflow/example_dags/example_task_group.py for tasks to queue
[2025-04-01T17:05:52.042-0500] {logging_mixin.py:190} INFO - [2025-04-01T17:05:52.041-0500] {dagbag.py:588} INFO - Filling up the DagBag from /mnt/d/Universidad/ETL/Proyecto_airflow/venv/lib/python3.12/site-packages/airflow/example_dags/example_task_group.py
[2025-04-01T17:05:52.096-0500] {processor.py:925} INFO - DAG(s) 'example_task_group' retrieved from /mnt/d/Universidad/ETL/Proyecto_airflow/venv/lib/python3.12/site-packages/airflow/example_dags/example_task_group.py
[2025-04-01T17:05:52.114-0500] {logging_mixin.py:190} INFO - [2025-04-01T17:05:52.113-0500] {dag.py:3239} INFO - Sync 1 DAGs
[2025-04-01T17:05:52.123-0500] {logging_mixin.py:190} INFO - [2025-04-01T17:05:52.122-0500] {dag.py:4180} INFO - Setting next_dagrun for example_task_group to None, run_after=None
[2025-04-01T17:05:52.231-0500] {processor.py:208} INFO - Processing /mnt/d/Universidad/ETL/Proyecto_airflow/venv/lib/python3.12/site-packages/airflow/example_dags/example_task_group.py took 0.200 seconds
[2025-04-01T17:07:30.200-0500] {processor.py:186} INFO - Started process (PID=6387) to work on /mnt/d/Universidad/ETL/Proyecto_airflow/venv/lib/python3.12/site-packages/airflow/example_dags/example_task_group.py
[2025-04-01T17:07:30.201-0500] {processor.py:914} INFO - Processing file /mnt/d/Universidad/ETL/Proyecto_airflow/venv/lib/python3.12/site-packages/airflow/example_dags/example_task_group.py for tasks to queue
[2025-04-01T17:07:30.204-0500] {logging_mixin.py:190} INFO - [2025-04-01T17:07:30.203-0500] {dagbag.py:588} INFO - Filling up the DagBag from /mnt/d/Universidad/ETL/Proyecto_airflow/venv/lib/python3.12/site-packages/airflow/example_dags/example_task_group.py
[2025-04-01T17:07:30.257-0500] {processor.py:925} INFO - DAG(s) 'example_task_group' retrieved from /mnt/d/Universidad/ETL/Proyecto_airflow/venv/lib/python3.12/site-packages/airflow/example_dags/example_task_group.py
[2025-04-01T17:07:30.275-0500] {logging_mixin.py:190} INFO - [2025-04-01T17:07:30.274-0500] {dag.py:3239} INFO - Sync 1 DAGs
[2025-04-01T17:07:30.284-0500] {logging_mixin.py:190} INFO - [2025-04-01T17:07:30.283-0500] {dag.py:4180} INFO - Setting next_dagrun for example_task_group to None, run_after=None
[2025-04-01T17:07:30.382-0500] {processor.py:208} INFO - Processing /mnt/d/Universidad/ETL/Proyecto_airflow/venv/lib/python3.12/site-packages/airflow/example_dags/example_task_group.py took 0.189 seconds
[2025-04-01T17:09:08.801-0500] {processor.py:186} INFO - Started process (PID=6460) to work on /mnt/d/Universidad/ETL/Proyecto_airflow/venv/lib/python3.12/site-packages/airflow/example_dags/example_task_group.py
[2025-04-01T17:09:08.802-0500] {processor.py:914} INFO - Processing file /mnt/d/Universidad/ETL/Proyecto_airflow/venv/lib/python3.12/site-packages/airflow/example_dags/example_task_group.py for tasks to queue
[2025-04-01T17:09:08.805-0500] {logging_mixin.py:190} INFO - [2025-04-01T17:09:08.804-0500] {dagbag.py:588} INFO - Filling up the DagBag from /mnt/d/Universidad/ETL/Proyecto_airflow/venv/lib/python3.12/site-packages/airflow/example_dags/example_task_group.py
[2025-04-01T17:09:08.858-0500] {processor.py:925} INFO - DAG(s) 'example_task_group' retrieved from /mnt/d/Universidad/ETL/Proyecto_airflow/venv/lib/python3.12/site-packages/airflow/example_dags/example_task_group.py
[2025-04-01T17:09:08.876-0500] {logging_mixin.py:190} INFO - [2025-04-01T17:09:08.876-0500] {dag.py:3239} INFO - Sync 1 DAGs
[2025-04-01T17:09:08.885-0500] {logging_mixin.py:190} INFO - [2025-04-01T17:09:08.885-0500] {dag.py:4180} INFO - Setting next_dagrun for example_task_group to None, run_after=None
[2025-04-01T17:09:08.989-0500] {processor.py:208} INFO - Processing /mnt/d/Universidad/ETL/Proyecto_airflow/venv/lib/python3.12/site-packages/airflow/example_dags/example_task_group.py took 0.196 seconds
[2025-04-01T17:10:51.107-0500] {processor.py:186} INFO - Started process (PID=6533) to work on /mnt/d/Universidad/ETL/Proyecto_airflow/venv/lib/python3.12/site-packages/airflow/example_dags/example_task_group.py
[2025-04-01T17:10:51.108-0500] {processor.py:914} INFO - Processing file /mnt/d/Universidad/ETL/Proyecto_airflow/venv/lib/python3.12/site-packages/airflow/example_dags/example_task_group.py for tasks to queue
[2025-04-01T17:10:51.111-0500] {logging_mixin.py:190} INFO - [2025-04-01T17:10:51.110-0500] {dagbag.py:588} INFO - Filling up the DagBag from /mnt/d/Universidad/ETL/Proyecto_airflow/venv/lib/python3.12/site-packages/airflow/example_dags/example_task_group.py
[2025-04-01T17:10:51.163-0500] {processor.py:925} INFO - DAG(s) 'example_task_group' retrieved from /mnt/d/Universidad/ETL/Proyecto_airflow/venv/lib/python3.12/site-packages/airflow/example_dags/example_task_group.py
[2025-04-01T17:10:51.182-0500] {logging_mixin.py:190} INFO - [2025-04-01T17:10:51.181-0500] {dag.py:3239} INFO - Sync 1 DAGs
[2025-04-01T17:10:51.191-0500] {logging_mixin.py:190} INFO - [2025-04-01T17:10:51.190-0500] {dag.py:4180} INFO - Setting next_dagrun for example_task_group to None, run_after=None
[2025-04-01T17:10:51.289-0500] {processor.py:208} INFO - Processing /mnt/d/Universidad/ETL/Proyecto_airflow/venv/lib/python3.12/site-packages/airflow/example_dags/example_task_group.py took 0.189 seconds
[2025-04-01T17:12:35.664-0500] {processor.py:186} INFO - Started process (PID=6608) to work on /mnt/d/Universidad/ETL/Proyecto_airflow/venv/lib/python3.12/site-packages/airflow/example_dags/example_task_group.py
[2025-04-01T17:12:35.666-0500] {processor.py:914} INFO - Processing file /mnt/d/Universidad/ETL/Proyecto_airflow/venv/lib/python3.12/site-packages/airflow/example_dags/example_task_group.py for tasks to queue
[2025-04-01T17:12:35.668-0500] {logging_mixin.py:190} INFO - [2025-04-01T17:12:35.667-0500] {dagbag.py:588} INFO - Filling up the DagBag from /mnt/d/Universidad/ETL/Proyecto_airflow/venv/lib/python3.12/site-packages/airflow/example_dags/example_task_group.py
[2025-04-01T17:12:35.722-0500] {processor.py:925} INFO - DAG(s) 'example_task_group' retrieved from /mnt/d/Universidad/ETL/Proyecto_airflow/venv/lib/python3.12/site-packages/airflow/example_dags/example_task_group.py
[2025-04-01T17:12:35.740-0500] {logging_mixin.py:190} INFO - [2025-04-01T17:12:35.739-0500] {dag.py:3239} INFO - Sync 1 DAGs
[2025-04-01T17:12:35.749-0500] {logging_mixin.py:190} INFO - [2025-04-01T17:12:35.748-0500] {dag.py:4180} INFO - Setting next_dagrun for example_task_group to None, run_after=None
[2025-04-01T17:12:35.852-0500] {processor.py:208} INFO - Processing /mnt/d/Universidad/ETL/Proyecto_airflow/venv/lib/python3.12/site-packages/airflow/example_dags/example_task_group.py took 0.195 seconds
[2025-04-01T17:14:06.632-0500] {processor.py:186} INFO - Started process (PID=6680) to work on /mnt/d/Universidad/ETL/Proyecto_airflow/venv/lib/python3.12/site-packages/airflow/example_dags/example_task_group.py
[2025-04-01T17:14:06.633-0500] {processor.py:914} INFO - Processing file /mnt/d/Universidad/ETL/Proyecto_airflow/venv/lib/python3.12/site-packages/airflow/example_dags/example_task_group.py for tasks to queue
[2025-04-01T17:14:06.636-0500] {logging_mixin.py:190} INFO - [2025-04-01T17:14:06.635-0500] {dagbag.py:588} INFO - Filling up the DagBag from /mnt/d/Universidad/ETL/Proyecto_airflow/venv/lib/python3.12/site-packages/airflow/example_dags/example_task_group.py
[2025-04-01T17:14:06.689-0500] {processor.py:925} INFO - DAG(s) 'example_task_group' retrieved from /mnt/d/Universidad/ETL/Proyecto_airflow/venv/lib/python3.12/site-packages/airflow/example_dags/example_task_group.py
[2025-04-01T17:14:06.707-0500] {logging_mixin.py:190} INFO - [2025-04-01T17:14:06.706-0500] {dag.py:3239} INFO - Sync 1 DAGs
[2025-04-01T17:14:06.716-0500] {logging_mixin.py:190} INFO - [2025-04-01T17:14:06.715-0500] {dag.py:4180} INFO - Setting next_dagrun for example_task_group to None, run_after=None
[2025-04-01T17:14:06.815-0500] {processor.py:208} INFO - Processing /mnt/d/Universidad/ETL/Proyecto_airflow/venv/lib/python3.12/site-packages/airflow/example_dags/example_task_group.py took 0.191 seconds
[2025-04-01T17:15:40.113-0500] {processor.py:186} INFO - Started process (PID=6750) to work on /mnt/d/Universidad/ETL/Proyecto_airflow/venv/lib/python3.12/site-packages/airflow/example_dags/example_task_group.py
[2025-04-01T17:15:40.114-0500] {processor.py:914} INFO - Processing file /mnt/d/Universidad/ETL/Proyecto_airflow/venv/lib/python3.12/site-packages/airflow/example_dags/example_task_group.py for tasks to queue
[2025-04-01T17:15:40.117-0500] {logging_mixin.py:190} INFO - [2025-04-01T17:15:40.116-0500] {dagbag.py:588} INFO - Filling up the DagBag from /mnt/d/Universidad/ETL/Proyecto_airflow/venv/lib/python3.12/site-packages/airflow/example_dags/example_task_group.py
[2025-04-01T17:15:40.170-0500] {processor.py:925} INFO - DAG(s) 'example_task_group' retrieved from /mnt/d/Universidad/ETL/Proyecto_airflow/venv/lib/python3.12/site-packages/airflow/example_dags/example_task_group.py
[2025-04-01T17:15:40.189-0500] {logging_mixin.py:190} INFO - [2025-04-01T17:15:40.188-0500] {dag.py:3239} INFO - Sync 1 DAGs
[2025-04-01T17:15:40.198-0500] {logging_mixin.py:190} INFO - [2025-04-01T17:15:40.197-0500] {dag.py:4180} INFO - Setting next_dagrun for example_task_group to None, run_after=None
[2025-04-01T17:15:40.301-0500] {processor.py:208} INFO - Processing /mnt/d/Universidad/ETL/Proyecto_airflow/venv/lib/python3.12/site-packages/airflow/example_dags/example_task_group.py took 0.196 seconds
[2025-04-01T17:17:17.248-0500] {processor.py:186} INFO - Started process (PID=6825) to work on /mnt/d/Universidad/ETL/Proyecto_airflow/venv/lib/python3.12/site-packages/airflow/example_dags/example_task_group.py
[2025-04-01T17:17:17.249-0500] {processor.py:914} INFO - Processing file /mnt/d/Universidad/ETL/Proyecto_airflow/venv/lib/python3.12/site-packages/airflow/example_dags/example_task_group.py for tasks to queue
[2025-04-01T17:17:17.251-0500] {logging_mixin.py:190} INFO - [2025-04-01T17:17:17.250-0500] {dagbag.py:588} INFO - Filling up the DagBag from /mnt/d/Universidad/ETL/Proyecto_airflow/venv/lib/python3.12/site-packages/airflow/example_dags/example_task_group.py
[2025-04-01T17:17:17.305-0500] {processor.py:925} INFO - DAG(s) 'example_task_group' retrieved from /mnt/d/Universidad/ETL/Proyecto_airflow/venv/lib/python3.12/site-packages/airflow/example_dags/example_task_group.py
[2025-04-01T17:17:17.324-0500] {logging_mixin.py:190} INFO - [2025-04-01T17:17:17.323-0500] {dag.py:3239} INFO - Sync 1 DAGs
[2025-04-01T17:17:17.334-0500] {logging_mixin.py:190} INFO - [2025-04-01T17:17:17.333-0500] {dag.py:4180} INFO - Setting next_dagrun for example_task_group to None, run_after=None
[2025-04-01T17:17:17.439-0500] {processor.py:208} INFO - Processing /mnt/d/Universidad/ETL/Proyecto_airflow/venv/lib/python3.12/site-packages/airflow/example_dags/example_task_group.py took 0.199 seconds
[2025-04-01T17:18:54.557-0500] {processor.py:186} INFO - Started process (PID=6898) to work on /mnt/d/Universidad/ETL/Proyecto_airflow/venv/lib/python3.12/site-packages/airflow/example_dags/example_task_group.py
[2025-04-01T17:18:54.558-0500] {processor.py:914} INFO - Processing file /mnt/d/Universidad/ETL/Proyecto_airflow/venv/lib/python3.12/site-packages/airflow/example_dags/example_task_group.py for tasks to queue
[2025-04-01T17:18:54.561-0500] {logging_mixin.py:190} INFO - [2025-04-01T17:18:54.560-0500] {dagbag.py:588} INFO - Filling up the DagBag from /mnt/d/Universidad/ETL/Proyecto_airflow/venv/lib/python3.12/site-packages/airflow/example_dags/example_task_group.py
[2025-04-01T17:18:54.614-0500] {processor.py:925} INFO - DAG(s) 'example_task_group' retrieved from /mnt/d/Universidad/ETL/Proyecto_airflow/venv/lib/python3.12/site-packages/airflow/example_dags/example_task_group.py
[2025-04-01T17:18:54.633-0500] {logging_mixin.py:190} INFO - [2025-04-01T17:18:54.632-0500] {dag.py:3239} INFO - Sync 1 DAGs
[2025-04-01T17:18:54.642-0500] {logging_mixin.py:190} INFO - [2025-04-01T17:18:54.641-0500] {dag.py:4180} INFO - Setting next_dagrun for example_task_group to None, run_after=None
[2025-04-01T17:18:54.740-0500] {processor.py:208} INFO - Processing /mnt/d/Universidad/ETL/Proyecto_airflow/venv/lib/python3.12/site-packages/airflow/example_dags/example_task_group.py took 0.191 seconds
[2025-04-01T17:20:35.627-0500] {processor.py:186} INFO - Started process (PID=6971) to work on /mnt/d/Universidad/ETL/Proyecto_airflow/venv/lib/python3.12/site-packages/airflow/example_dags/example_task_group.py
[2025-04-01T17:20:35.628-0500] {processor.py:914} INFO - Processing file /mnt/d/Universidad/ETL/Proyecto_airflow/venv/lib/python3.12/site-packages/airflow/example_dags/example_task_group.py for tasks to queue
[2025-04-01T17:20:35.631-0500] {logging_mixin.py:190} INFO - [2025-04-01T17:20:35.630-0500] {dagbag.py:588} INFO - Filling up the DagBag from /mnt/d/Universidad/ETL/Proyecto_airflow/venv/lib/python3.12/site-packages/airflow/example_dags/example_task_group.py
[2025-04-01T17:20:35.686-0500] {processor.py:925} INFO - DAG(s) 'example_task_group' retrieved from /mnt/d/Universidad/ETL/Proyecto_airflow/venv/lib/python3.12/site-packages/airflow/example_dags/example_task_group.py
[2025-04-01T17:20:35.784-0500] {logging_mixin.py:190} INFO - [2025-04-01T17:20:35.783-0500] {dag.py:3239} INFO - Sync 1 DAGs
[2025-04-01T17:20:35.794-0500] {logging_mixin.py:190} INFO - [2025-04-01T17:20:35.793-0500] {dag.py:4180} INFO - Setting next_dagrun for example_task_group to None, run_after=None
[2025-04-01T17:20:35.890-0500] {processor.py:208} INFO - Processing /mnt/d/Universidad/ETL/Proyecto_airflow/venv/lib/python3.12/site-packages/airflow/example_dags/example_task_group.py took 0.271 seconds
[2025-04-01T17:22:20.213-0500] {processor.py:186} INFO - Started process (PID=7045) to work on /mnt/d/Universidad/ETL/Proyecto_airflow/venv/lib/python3.12/site-packages/airflow/example_dags/example_task_group.py
[2025-04-01T17:22:20.214-0500] {processor.py:914} INFO - Processing file /mnt/d/Universidad/ETL/Proyecto_airflow/venv/lib/python3.12/site-packages/airflow/example_dags/example_task_group.py for tasks to queue
[2025-04-01T17:22:20.217-0500] {logging_mixin.py:190} INFO - [2025-04-01T17:22:20.216-0500] {dagbag.py:588} INFO - Filling up the DagBag from /mnt/d/Universidad/ETL/Proyecto_airflow/venv/lib/python3.12/site-packages/airflow/example_dags/example_task_group.py
[2025-04-01T17:22:20.270-0500] {processor.py:925} INFO - DAG(s) 'example_task_group' retrieved from /mnt/d/Universidad/ETL/Proyecto_airflow/venv/lib/python3.12/site-packages/airflow/example_dags/example_task_group.py
[2025-04-01T17:22:20.288-0500] {logging_mixin.py:190} INFO - [2025-04-01T17:22:20.287-0500] {dag.py:3239} INFO - Sync 1 DAGs
[2025-04-01T17:22:20.297-0500] {logging_mixin.py:190} INFO - [2025-04-01T17:22:20.296-0500] {dag.py:4180} INFO - Setting next_dagrun for example_task_group to None, run_after=None
[2025-04-01T17:22:20.401-0500] {processor.py:208} INFO - Processing /mnt/d/Universidad/ETL/Proyecto_airflow/venv/lib/python3.12/site-packages/airflow/example_dags/example_task_group.py took 0.195 seconds
[2025-04-01T17:23:53.946-0500] {processor.py:186} INFO - Started process (PID=7115) to work on /mnt/d/Universidad/ETL/Proyecto_airflow/venv/lib/python3.12/site-packages/airflow/example_dags/example_task_group.py
[2025-04-01T17:23:53.948-0500] {processor.py:914} INFO - Processing file /mnt/d/Universidad/ETL/Proyecto_airflow/venv/lib/python3.12/site-packages/airflow/example_dags/example_task_group.py for tasks to queue
[2025-04-01T17:23:53.950-0500] {logging_mixin.py:190} INFO - [2025-04-01T17:23:53.949-0500] {dagbag.py:588} INFO - Filling up the DagBag from /mnt/d/Universidad/ETL/Proyecto_airflow/venv/lib/python3.12/site-packages/airflow/example_dags/example_task_group.py
[2025-04-01T17:23:54.004-0500] {processor.py:925} INFO - DAG(s) 'example_task_group' retrieved from /mnt/d/Universidad/ETL/Proyecto_airflow/venv/lib/python3.12/site-packages/airflow/example_dags/example_task_group.py
[2025-04-01T17:23:54.023-0500] {logging_mixin.py:190} INFO - [2025-04-01T17:23:54.022-0500] {dag.py:3239} INFO - Sync 1 DAGs
[2025-04-01T17:23:54.032-0500] {logging_mixin.py:190} INFO - [2025-04-01T17:23:54.032-0500] {dag.py:4180} INFO - Setting next_dagrun for example_task_group to None, run_after=None
[2025-04-01T17:23:54.129-0500] {processor.py:208} INFO - Processing /mnt/d/Universidad/ETL/Proyecto_airflow/venv/lib/python3.12/site-packages/airflow/example_dags/example_task_group.py took 0.191 seconds
[2025-04-01T17:25:30.360-0500] {processor.py:186} INFO - Started process (PID=7187) to work on /mnt/d/Universidad/ETL/Proyecto_airflow/venv/lib/python3.12/site-packages/airflow/example_dags/example_task_group.py
[2025-04-01T17:25:30.361-0500] {processor.py:914} INFO - Processing file /mnt/d/Universidad/ETL/Proyecto_airflow/venv/lib/python3.12/site-packages/airflow/example_dags/example_task_group.py for tasks to queue
[2025-04-01T17:25:30.363-0500] {logging_mixin.py:190} INFO - [2025-04-01T17:25:30.363-0500] {dagbag.py:588} INFO - Filling up the DagBag from /mnt/d/Universidad/ETL/Proyecto_airflow/venv/lib/python3.12/site-packages/airflow/example_dags/example_task_group.py
[2025-04-01T17:25:30.417-0500] {processor.py:925} INFO - DAG(s) 'example_task_group' retrieved from /mnt/d/Universidad/ETL/Proyecto_airflow/venv/lib/python3.12/site-packages/airflow/example_dags/example_task_group.py
[2025-04-01T17:25:30.435-0500] {logging_mixin.py:190} INFO - [2025-04-01T17:25:30.434-0500] {dag.py:3239} INFO - Sync 1 DAGs
[2025-04-01T17:25:30.444-0500] {logging_mixin.py:190} INFO - [2025-04-01T17:25:30.443-0500] {dag.py:4180} INFO - Setting next_dagrun for example_task_group to None, run_after=None
[2025-04-01T17:25:30.547-0500] {processor.py:208} INFO - Processing /mnt/d/Universidad/ETL/Proyecto_airflow/venv/lib/python3.12/site-packages/airflow/example_dags/example_task_group.py took 0.195 seconds
[2025-04-01T17:27:06.266-0500] {processor.py:186} INFO - Started process (PID=7258) to work on /mnt/d/Universidad/ETL/Proyecto_airflow/venv/lib/python3.12/site-packages/airflow/example_dags/example_task_group.py
[2025-04-01T17:27:06.267-0500] {processor.py:914} INFO - Processing file /mnt/d/Universidad/ETL/Proyecto_airflow/venv/lib/python3.12/site-packages/airflow/example_dags/example_task_group.py for tasks to queue
[2025-04-01T17:27:06.270-0500] {logging_mixin.py:190} INFO - [2025-04-01T17:27:06.269-0500] {dagbag.py:588} INFO - Filling up the DagBag from /mnt/d/Universidad/ETL/Proyecto_airflow/venv/lib/python3.12/site-packages/airflow/example_dags/example_task_group.py
[2025-04-01T17:27:06.324-0500] {processor.py:925} INFO - DAG(s) 'example_task_group' retrieved from /mnt/d/Universidad/ETL/Proyecto_airflow/venv/lib/python3.12/site-packages/airflow/example_dags/example_task_group.py
[2025-04-01T17:27:06.344-0500] {logging_mixin.py:190} INFO - [2025-04-01T17:27:06.343-0500] {dag.py:3239} INFO - Sync 1 DAGs
[2025-04-01T17:27:06.354-0500] {logging_mixin.py:190} INFO - [2025-04-01T17:27:06.353-0500] {dag.py:4180} INFO - Setting next_dagrun for example_task_group to None, run_after=None
[2025-04-01T17:27:06.458-0500] {processor.py:208} INFO - Processing /mnt/d/Universidad/ETL/Proyecto_airflow/venv/lib/python3.12/site-packages/airflow/example_dags/example_task_group.py took 0.200 seconds
[2025-04-01T17:28:36.163-0500] {processor.py:186} INFO - Started process (PID=7326) to work on /mnt/d/Universidad/ETL/Proyecto_airflow/venv/lib/python3.12/site-packages/airflow/example_dags/example_task_group.py
[2025-04-01T17:28:36.164-0500] {processor.py:914} INFO - Processing file /mnt/d/Universidad/ETL/Proyecto_airflow/venv/lib/python3.12/site-packages/airflow/example_dags/example_task_group.py for tasks to queue
[2025-04-01T17:28:36.167-0500] {logging_mixin.py:190} INFO - [2025-04-01T17:28:36.166-0500] {dagbag.py:588} INFO - Filling up the DagBag from /mnt/d/Universidad/ETL/Proyecto_airflow/venv/lib/python3.12/site-packages/airflow/example_dags/example_task_group.py
[2025-04-01T17:28:36.220-0500] {processor.py:925} INFO - DAG(s) 'example_task_group' retrieved from /mnt/d/Universidad/ETL/Proyecto_airflow/venv/lib/python3.12/site-packages/airflow/example_dags/example_task_group.py
[2025-04-01T17:28:36.238-0500] {logging_mixin.py:190} INFO - [2025-04-01T17:28:36.237-0500] {dag.py:3239} INFO - Sync 1 DAGs
[2025-04-01T17:28:36.247-0500] {logging_mixin.py:190} INFO - [2025-04-01T17:28:36.246-0500] {dag.py:4180} INFO - Setting next_dagrun for example_task_group to None, run_after=None
[2025-04-01T17:28:36.338-0500] {processor.py:208} INFO - Processing /mnt/d/Universidad/ETL/Proyecto_airflow/venv/lib/python3.12/site-packages/airflow/example_dags/example_task_group.py took 0.183 seconds
[2025-04-01T17:30:10.209-0500] {processor.py:186} INFO - Started process (PID=7397) to work on /mnt/d/Universidad/ETL/Proyecto_airflow/venv/lib/python3.12/site-packages/airflow/example_dags/example_task_group.py
[2025-04-01T17:30:10.210-0500] {processor.py:914} INFO - Processing file /mnt/d/Universidad/ETL/Proyecto_airflow/venv/lib/python3.12/site-packages/airflow/example_dags/example_task_group.py for tasks to queue
[2025-04-01T17:30:10.212-0500] {logging_mixin.py:190} INFO - [2025-04-01T17:30:10.212-0500] {dagbag.py:588} INFO - Filling up the DagBag from /mnt/d/Universidad/ETL/Proyecto_airflow/venv/lib/python3.12/site-packages/airflow/example_dags/example_task_group.py
[2025-04-01T17:30:10.267-0500] {processor.py:925} INFO - DAG(s) 'example_task_group' retrieved from /mnt/d/Universidad/ETL/Proyecto_airflow/venv/lib/python3.12/site-packages/airflow/example_dags/example_task_group.py
[2025-04-01T17:30:10.287-0500] {logging_mixin.py:190} INFO - [2025-04-01T17:30:10.286-0500] {dag.py:3239} INFO - Sync 1 DAGs
[2025-04-01T17:30:10.297-0500] {logging_mixin.py:190} INFO - [2025-04-01T17:30:10.296-0500] {dag.py:4180} INFO - Setting next_dagrun for example_task_group to None, run_after=None
[2025-04-01T17:30:10.382-0500] {processor.py:208} INFO - Processing /mnt/d/Universidad/ETL/Proyecto_airflow/venv/lib/python3.12/site-packages/airflow/example_dags/example_task_group.py took 0.181 seconds
