[2025-04-01T16:14:29.253-0500] {processor.py:186} INFO - Started process (PID=4010) to work on /mnt/d/Universidad/ETL/Proyecto_airflow/venv/lib/python3.12/site-packages/airflow/example_dags/example_short_circuit_decorator.py
[2025-04-01T16:14:29.254-0500] {processor.py:914} INFO - Processing file /mnt/d/Universidad/ETL/Proyecto_airflow/venv/lib/python3.12/site-packages/airflow/example_dags/example_short_circuit_decorator.py for tasks to queue
[2025-04-01T16:14:29.257-0500] {logging_mixin.py:190} INFO - [2025-04-01T16:14:29.256-0500] {dagbag.py:588} INFO - Filling up the DagBag from /mnt/d/Universidad/ETL/Proyecto_airflow/venv/lib/python3.12/site-packages/airflow/example_dags/example_short_circuit_decorator.py
[2025-04-01T16:14:29.314-0500] {processor.py:925} INFO - DAG(s) 'example_short_circuit_decorator' retrieved from /mnt/d/Universidad/ETL/Proyecto_airflow/venv/lib/python3.12/site-packages/airflow/example_dags/example_short_circuit_decorator.py
[2025-04-01T16:14:30.460-0500] {logging_mixin.py:190} INFO - [2025-04-01T16:14:30.459-0500] {override.py:1930} INFO - Created Permission View: can delete on DAG:example_short_circuit_decorator
[2025-04-01T16:14:30.523-0500] {logging_mixin.py:190} INFO - [2025-04-01T16:14:30.522-0500] {override.py:1930} INFO - Created Permission View: can edit on DAG:example_short_circuit_decorator
[2025-04-01T16:14:30.592-0500] {logging_mixin.py:190} INFO - [2025-04-01T16:14:30.591-0500] {override.py:1930} INFO - Created Permission View: can read on DAG:example_short_circuit_decorator
[2025-04-01T16:14:30.730-0500] {logging_mixin.py:190} INFO - [2025-04-01T16:14:30.729-0500] {override.py:1930} INFO - Created Permission View: can create on DAG Run:example_short_circuit_decorator
[2025-04-01T16:14:30.799-0500] {logging_mixin.py:190} INFO - [2025-04-01T16:14:30.798-0500] {override.py:1930} INFO - Created Permission View: can delete on DAG Run:example_short_circuit_decorator
[2025-04-01T16:14:30.874-0500] {logging_mixin.py:190} INFO - [2025-04-01T16:14:30.874-0500] {override.py:1930} INFO - Created Permission View: menu access on DAG Run:example_short_circuit_decorator
[2025-04-01T16:14:30.951-0500] {logging_mixin.py:190} INFO - [2025-04-01T16:14:30.950-0500] {override.py:1930} INFO - Created Permission View: can read on DAG Run:example_short_circuit_decorator
[2025-04-01T16:14:30.952-0500] {logging_mixin.py:190} INFO - [2025-04-01T16:14:30.952-0500] {dag.py:3239} INFO - Sync 1 DAGs
[2025-04-01T16:14:30.967-0500] {logging_mixin.py:190} INFO - [2025-04-01T16:14:30.966-0500] {dag.py:3262} INFO - Creating ORM DAG for example_short_circuit_decorator
[2025-04-01T16:14:30.968-0500] {logging_mixin.py:190} INFO - [2025-04-01T16:14:30.968-0500] {dag.py:4180} INFO - Setting next_dagrun for example_short_circuit_decorator to None, run_after=None
[2025-04-01T16:14:31.070-0500] {processor.py:208} INFO - Processing /mnt/d/Universidad/ETL/Proyecto_airflow/venv/lib/python3.12/site-packages/airflow/example_dags/example_short_circuit_decorator.py took 1.826 seconds
[2025-04-01T16:16:27.664-0500] {processor.py:186} INFO - Started process (PID=4072) to work on /mnt/d/Universidad/ETL/Proyecto_airflow/venv/lib/python3.12/site-packages/airflow/example_dags/example_short_circuit_decorator.py
[2025-04-01T16:16:27.665-0500] {processor.py:914} INFO - Processing file /mnt/d/Universidad/ETL/Proyecto_airflow/venv/lib/python3.12/site-packages/airflow/example_dags/example_short_circuit_decorator.py for tasks to queue
[2025-04-01T16:16:27.668-0500] {logging_mixin.py:190} INFO - [2025-04-01T16:16:27.667-0500] {dagbag.py:588} INFO - Filling up the DagBag from /mnt/d/Universidad/ETL/Proyecto_airflow/venv/lib/python3.12/site-packages/airflow/example_dags/example_short_circuit_decorator.py
[2025-04-01T16:16:27.724-0500] {processor.py:925} INFO - DAG(s) 'example_short_circuit_decorator' retrieved from /mnt/d/Universidad/ETL/Proyecto_airflow/venv/lib/python3.12/site-packages/airflow/example_dags/example_short_circuit_decorator.py
[2025-04-01T16:16:27.752-0500] {logging_mixin.py:190} INFO - [2025-04-01T16:16:27.751-0500] {dag.py:3239} INFO - Sync 1 DAGs
[2025-04-01T16:16:27.761-0500] {logging_mixin.py:190} INFO - [2025-04-01T16:16:27.760-0500] {dag.py:4180} INFO - Setting next_dagrun for example_short_circuit_decorator to None, run_after=None
[2025-04-01T16:16:27.830-0500] {processor.py:208} INFO - Processing /mnt/d/Universidad/ETL/Proyecto_airflow/venv/lib/python3.12/site-packages/airflow/example_dags/example_short_circuit_decorator.py took 0.175 seconds
[2025-04-01T16:18:26.248-0500] {processor.py:186} INFO - Started process (PID=4143) to work on /mnt/d/Universidad/ETL/Proyecto_airflow/venv/lib/python3.12/site-packages/airflow/example_dags/example_short_circuit_decorator.py
[2025-04-01T16:18:26.249-0500] {processor.py:914} INFO - Processing file /mnt/d/Universidad/ETL/Proyecto_airflow/venv/lib/python3.12/site-packages/airflow/example_dags/example_short_circuit_decorator.py for tasks to queue
[2025-04-01T16:18:26.251-0500] {logging_mixin.py:190} INFO - [2025-04-01T16:18:26.250-0500] {dagbag.py:588} INFO - Filling up the DagBag from /mnt/d/Universidad/ETL/Proyecto_airflow/venv/lib/python3.12/site-packages/airflow/example_dags/example_short_circuit_decorator.py
[2025-04-01T16:18:26.307-0500] {processor.py:925} INFO - DAG(s) 'example_short_circuit_decorator' retrieved from /mnt/d/Universidad/ETL/Proyecto_airflow/venv/lib/python3.12/site-packages/airflow/example_dags/example_short_circuit_decorator.py
[2025-04-01T16:18:26.326-0500] {logging_mixin.py:190} INFO - [2025-04-01T16:18:26.326-0500] {dag.py:3239} INFO - Sync 1 DAGs
[2025-04-01T16:18:26.335-0500] {logging_mixin.py:190} INFO - [2025-04-01T16:18:26.335-0500] {dag.py:4180} INFO - Setting next_dagrun for example_short_circuit_decorator to None, run_after=None
[2025-04-01T16:18:26.436-0500] {processor.py:208} INFO - Processing /mnt/d/Universidad/ETL/Proyecto_airflow/venv/lib/python3.12/site-packages/airflow/example_dags/example_short_circuit_decorator.py took 0.196 seconds
[2025-04-01T16:19:28.056-0500] {processor.py:186} INFO - Started process (PID=4190) to work on /mnt/d/Universidad/ETL/Proyecto_airflow/venv/lib/python3.12/site-packages/airflow/example_dags/example_short_circuit_decorator.py
[2025-04-01T16:19:28.058-0500] {processor.py:914} INFO - Processing file /mnt/d/Universidad/ETL/Proyecto_airflow/venv/lib/python3.12/site-packages/airflow/example_dags/example_short_circuit_decorator.py for tasks to queue
[2025-04-01T16:19:28.060-0500] {logging_mixin.py:190} INFO - [2025-04-01T16:19:28.059-0500] {dagbag.py:588} INFO - Filling up the DagBag from /mnt/d/Universidad/ETL/Proyecto_airflow/venv/lib/python3.12/site-packages/airflow/example_dags/example_short_circuit_decorator.py
[2025-04-01T16:19:28.124-0500] {processor.py:925} INFO - DAG(s) 'example_short_circuit_decorator' retrieved from /mnt/d/Universidad/ETL/Proyecto_airflow/venv/lib/python3.12/site-packages/airflow/example_dags/example_short_circuit_decorator.py
[2025-04-01T16:19:28.147-0500] {logging_mixin.py:190} INFO - [2025-04-01T16:19:28.146-0500] {dag.py:3239} INFO - Sync 1 DAGs
[2025-04-01T16:19:28.157-0500] {logging_mixin.py:190} INFO - [2025-04-01T16:19:28.156-0500] {dag.py:4180} INFO - Setting next_dagrun for example_short_circuit_decorator to None, run_after=None
[2025-04-01T16:19:28.238-0500] {processor.py:208} INFO - Processing /mnt/d/Universidad/ETL/Proyecto_airflow/venv/lib/python3.12/site-packages/airflow/example_dags/example_short_circuit_decorator.py took 0.191 seconds
[2025-04-01T16:20:55.499-0500] {processor.py:186} INFO - Started process (PID=4262) to work on /mnt/d/Universidad/ETL/Proyecto_airflow/venv/lib/python3.12/site-packages/airflow/example_dags/example_short_circuit_decorator.py
[2025-04-01T16:20:55.500-0500] {processor.py:914} INFO - Processing file /mnt/d/Universidad/ETL/Proyecto_airflow/venv/lib/python3.12/site-packages/airflow/example_dags/example_short_circuit_decorator.py for tasks to queue
[2025-04-01T16:20:55.503-0500] {logging_mixin.py:190} INFO - [2025-04-01T16:20:55.502-0500] {dagbag.py:588} INFO - Filling up the DagBag from /mnt/d/Universidad/ETL/Proyecto_airflow/venv/lib/python3.12/site-packages/airflow/example_dags/example_short_circuit_decorator.py
[2025-04-01T16:20:55.562-0500] {processor.py:925} INFO - DAG(s) 'example_short_circuit_decorator' retrieved from /mnt/d/Universidad/ETL/Proyecto_airflow/venv/lib/python3.12/site-packages/airflow/example_dags/example_short_circuit_decorator.py
[2025-04-01T16:20:55.585-0500] {logging_mixin.py:190} INFO - [2025-04-01T16:20:55.584-0500] {dag.py:3239} INFO - Sync 1 DAGs
[2025-04-01T16:20:55.596-0500] {logging_mixin.py:190} INFO - [2025-04-01T16:20:55.595-0500] {dag.py:4180} INFO - Setting next_dagrun for example_short_circuit_decorator to None, run_after=None
[2025-04-01T16:20:55.675-0500] {processor.py:208} INFO - Processing /mnt/d/Universidad/ETL/Proyecto_airflow/venv/lib/python3.12/site-packages/airflow/example_dags/example_short_circuit_decorator.py took 0.184 seconds
[2025-04-01T16:22:20.195-0500] {processor.py:186} INFO - Started process (PID=4331) to work on /mnt/d/Universidad/ETL/Proyecto_airflow/venv/lib/python3.12/site-packages/airflow/example_dags/example_short_circuit_decorator.py
[2025-04-01T16:22:20.197-0500] {processor.py:914} INFO - Processing file /mnt/d/Universidad/ETL/Proyecto_airflow/venv/lib/python3.12/site-packages/airflow/example_dags/example_short_circuit_decorator.py for tasks to queue
[2025-04-01T16:22:20.199-0500] {logging_mixin.py:190} INFO - [2025-04-01T16:22:20.198-0500] {dagbag.py:588} INFO - Filling up the DagBag from /mnt/d/Universidad/ETL/Proyecto_airflow/venv/lib/python3.12/site-packages/airflow/example_dags/example_short_circuit_decorator.py
[2025-04-01T16:22:20.253-0500] {processor.py:925} INFO - DAG(s) 'example_short_circuit_decorator' retrieved from /mnt/d/Universidad/ETL/Proyecto_airflow/venv/lib/python3.12/site-packages/airflow/example_dags/example_short_circuit_decorator.py
[2025-04-01T16:22:20.272-0500] {logging_mixin.py:190} INFO - [2025-04-01T16:22:20.272-0500] {dag.py:3239} INFO - Sync 1 DAGs
[2025-04-01T16:22:20.282-0500] {logging_mixin.py:190} INFO - [2025-04-01T16:22:20.281-0500] {dag.py:4180} INFO - Setting next_dagrun for example_short_circuit_decorator to None, run_after=None
[2025-04-01T16:22:20.351-0500] {processor.py:208} INFO - Processing /mnt/d/Universidad/ETL/Proyecto_airflow/venv/lib/python3.12/site-packages/airflow/example_dags/example_short_circuit_decorator.py took 0.164 seconds
[2025-04-01T16:23:48.698-0500] {processor.py:186} INFO - Started process (PID=4400) to work on /mnt/d/Universidad/ETL/Proyecto_airflow/venv/lib/python3.12/site-packages/airflow/example_dags/example_short_circuit_decorator.py
[2025-04-01T16:23:48.700-0500] {processor.py:914} INFO - Processing file /mnt/d/Universidad/ETL/Proyecto_airflow/venv/lib/python3.12/site-packages/airflow/example_dags/example_short_circuit_decorator.py for tasks to queue
[2025-04-01T16:23:48.702-0500] {logging_mixin.py:190} INFO - [2025-04-01T16:23:48.701-0500] {dagbag.py:588} INFO - Filling up the DagBag from /mnt/d/Universidad/ETL/Proyecto_airflow/venv/lib/python3.12/site-packages/airflow/example_dags/example_short_circuit_decorator.py
[2025-04-01T16:23:48.757-0500] {processor.py:925} INFO - DAG(s) 'example_short_circuit_decorator' retrieved from /mnt/d/Universidad/ETL/Proyecto_airflow/venv/lib/python3.12/site-packages/airflow/example_dags/example_short_circuit_decorator.py
[2025-04-01T16:23:48.777-0500] {logging_mixin.py:190} INFO - [2025-04-01T16:23:48.776-0500] {dag.py:3239} INFO - Sync 1 DAGs
[2025-04-01T16:23:48.786-0500] {logging_mixin.py:190} INFO - [2025-04-01T16:23:48.785-0500] {dag.py:4180} INFO - Setting next_dagrun for example_short_circuit_decorator to None, run_after=None
[2025-04-01T16:23:48.850-0500] {processor.py:208} INFO - Processing /mnt/d/Universidad/ETL/Proyecto_airflow/venv/lib/python3.12/site-packages/airflow/example_dags/example_short_circuit_decorator.py took 0.160 seconds
[2025-04-01T16:25:20.834-0500] {processor.py:186} INFO - Started process (PID=4471) to work on /mnt/d/Universidad/ETL/Proyecto_airflow/venv/lib/python3.12/site-packages/airflow/example_dags/example_short_circuit_decorator.py
[2025-04-01T16:25:20.835-0500] {processor.py:914} INFO - Processing file /mnt/d/Universidad/ETL/Proyecto_airflow/venv/lib/python3.12/site-packages/airflow/example_dags/example_short_circuit_decorator.py for tasks to queue
[2025-04-01T16:25:20.838-0500] {logging_mixin.py:190} INFO - [2025-04-01T16:25:20.837-0500] {dagbag.py:588} INFO - Filling up the DagBag from /mnt/d/Universidad/ETL/Proyecto_airflow/venv/lib/python3.12/site-packages/airflow/example_dags/example_short_circuit_decorator.py
[2025-04-01T16:25:20.891-0500] {processor.py:925} INFO - DAG(s) 'example_short_circuit_decorator' retrieved from /mnt/d/Universidad/ETL/Proyecto_airflow/venv/lib/python3.12/site-packages/airflow/example_dags/example_short_circuit_decorator.py
[2025-04-01T16:25:20.910-0500] {logging_mixin.py:190} INFO - [2025-04-01T16:25:20.909-0500] {dag.py:3239} INFO - Sync 1 DAGs
[2025-04-01T16:25:20.919-0500] {logging_mixin.py:190} INFO - [2025-04-01T16:25:20.918-0500] {dag.py:4180} INFO - Setting next_dagrun for example_short_circuit_decorator to None, run_after=None
[2025-04-01T16:25:21.061-0500] {processor.py:208} INFO - Processing /mnt/d/Universidad/ETL/Proyecto_airflow/venv/lib/python3.12/site-packages/airflow/example_dags/example_short_circuit_decorator.py took 0.234 seconds
[2025-04-01T16:26:55.518-0500] {processor.py:186} INFO - Started process (PID=4543) to work on /mnt/d/Universidad/ETL/Proyecto_airflow/venv/lib/python3.12/site-packages/airflow/example_dags/example_short_circuit_decorator.py
[2025-04-01T16:26:55.519-0500] {processor.py:914} INFO - Processing file /mnt/d/Universidad/ETL/Proyecto_airflow/venv/lib/python3.12/site-packages/airflow/example_dags/example_short_circuit_decorator.py for tasks to queue
[2025-04-01T16:26:55.522-0500] {logging_mixin.py:190} INFO - [2025-04-01T16:26:55.521-0500] {dagbag.py:588} INFO - Filling up the DagBag from /mnt/d/Universidad/ETL/Proyecto_airflow/venv/lib/python3.12/site-packages/airflow/example_dags/example_short_circuit_decorator.py
[2025-04-01T16:26:55.575-0500] {processor.py:925} INFO - DAG(s) 'example_short_circuit_decorator' retrieved from /mnt/d/Universidad/ETL/Proyecto_airflow/venv/lib/python3.12/site-packages/airflow/example_dags/example_short_circuit_decorator.py
[2025-04-01T16:26:55.595-0500] {logging_mixin.py:190} INFO - [2025-04-01T16:26:55.594-0500] {dag.py:3239} INFO - Sync 1 DAGs
[2025-04-01T16:26:55.604-0500] {logging_mixin.py:190} INFO - [2025-04-01T16:26:55.603-0500] {dag.py:4180} INFO - Setting next_dagrun for example_short_circuit_decorator to None, run_after=None
[2025-04-01T16:26:55.704-0500] {processor.py:208} INFO - Processing /mnt/d/Universidad/ETL/Proyecto_airflow/venv/lib/python3.12/site-packages/airflow/example_dags/example_short_circuit_decorator.py took 0.193 seconds
[2025-04-01T16:28:29.465-0500] {processor.py:186} INFO - Started process (PID=4614) to work on /mnt/d/Universidad/ETL/Proyecto_airflow/venv/lib/python3.12/site-packages/airflow/example_dags/example_short_circuit_decorator.py
[2025-04-01T16:28:29.466-0500] {processor.py:914} INFO - Processing file /mnt/d/Universidad/ETL/Proyecto_airflow/venv/lib/python3.12/site-packages/airflow/example_dags/example_short_circuit_decorator.py for tasks to queue
[2025-04-01T16:28:29.468-0500] {logging_mixin.py:190} INFO - [2025-04-01T16:28:29.467-0500] {dagbag.py:588} INFO - Filling up the DagBag from /mnt/d/Universidad/ETL/Proyecto_airflow/venv/lib/python3.12/site-packages/airflow/example_dags/example_short_circuit_decorator.py
[2025-04-01T16:28:29.524-0500] {processor.py:925} INFO - DAG(s) 'example_short_circuit_decorator' retrieved from /mnt/d/Universidad/ETL/Proyecto_airflow/venv/lib/python3.12/site-packages/airflow/example_dags/example_short_circuit_decorator.py
[2025-04-01T16:28:29.624-0500] {logging_mixin.py:190} INFO - [2025-04-01T16:28:29.624-0500] {dag.py:3239} INFO - Sync 1 DAGs
[2025-04-01T16:28:29.635-0500] {logging_mixin.py:190} INFO - [2025-04-01T16:28:29.634-0500] {dag.py:4180} INFO - Setting next_dagrun for example_short_circuit_decorator to None, run_after=None
[2025-04-01T16:28:29.733-0500] {processor.py:208} INFO - Processing /mnt/d/Universidad/ETL/Proyecto_airflow/venv/lib/python3.12/site-packages/airflow/example_dags/example_short_circuit_decorator.py took 0.276 seconds
[2025-04-01T16:29:59.583-0500] {processor.py:186} INFO - Started process (PID=4685) to work on /mnt/d/Universidad/ETL/Proyecto_airflow/venv/lib/python3.12/site-packages/airflow/example_dags/example_short_circuit_decorator.py
[2025-04-01T16:29:59.584-0500] {processor.py:914} INFO - Processing file /mnt/d/Universidad/ETL/Proyecto_airflow/venv/lib/python3.12/site-packages/airflow/example_dags/example_short_circuit_decorator.py for tasks to queue
[2025-04-01T16:29:59.586-0500] {logging_mixin.py:190} INFO - [2025-04-01T16:29:59.585-0500] {dagbag.py:588} INFO - Filling up the DagBag from /mnt/d/Universidad/ETL/Proyecto_airflow/venv/lib/python3.12/site-packages/airflow/example_dags/example_short_circuit_decorator.py
[2025-04-01T16:29:59.641-0500] {processor.py:925} INFO - DAG(s) 'example_short_circuit_decorator' retrieved from /mnt/d/Universidad/ETL/Proyecto_airflow/venv/lib/python3.12/site-packages/airflow/example_dags/example_short_circuit_decorator.py
[2025-04-01T16:29:59.660-0500] {logging_mixin.py:190} INFO - [2025-04-01T16:29:59.659-0500] {dag.py:3239} INFO - Sync 1 DAGs
[2025-04-01T16:29:59.669-0500] {logging_mixin.py:190} INFO - [2025-04-01T16:29:59.668-0500] {dag.py:4180} INFO - Setting next_dagrun for example_short_circuit_decorator to None, run_after=None
[2025-04-01T16:29:59.771-0500] {processor.py:208} INFO - Processing /mnt/d/Universidad/ETL/Proyecto_airflow/venv/lib/python3.12/site-packages/airflow/example_dags/example_short_circuit_decorator.py took 0.196 seconds
[2025-04-01T16:31:30.782-0500] {processor.py:186} INFO - Started process (PID=4755) to work on /mnt/d/Universidad/ETL/Proyecto_airflow/venv/lib/python3.12/site-packages/airflow/example_dags/example_short_circuit_decorator.py
[2025-04-01T16:31:30.783-0500] {processor.py:914} INFO - Processing file /mnt/d/Universidad/ETL/Proyecto_airflow/venv/lib/python3.12/site-packages/airflow/example_dags/example_short_circuit_decorator.py for tasks to queue
[2025-04-01T16:31:30.786-0500] {logging_mixin.py:190} INFO - [2025-04-01T16:31:30.785-0500] {dagbag.py:588} INFO - Filling up the DagBag from /mnt/d/Universidad/ETL/Proyecto_airflow/venv/lib/python3.12/site-packages/airflow/example_dags/example_short_circuit_decorator.py
[2025-04-01T16:31:30.844-0500] {processor.py:925} INFO - DAG(s) 'example_short_circuit_decorator' retrieved from /mnt/d/Universidad/ETL/Proyecto_airflow/venv/lib/python3.12/site-packages/airflow/example_dags/example_short_circuit_decorator.py
[2025-04-01T16:31:30.865-0500] {logging_mixin.py:190} INFO - [2025-04-01T16:31:30.865-0500] {dag.py:3239} INFO - Sync 1 DAGs
[2025-04-01T16:31:30.876-0500] {logging_mixin.py:190} INFO - [2025-04-01T16:31:30.875-0500] {dag.py:4180} INFO - Setting next_dagrun for example_short_circuit_decorator to None, run_after=None
[2025-04-01T16:31:30.971-0500] {processor.py:208} INFO - Processing /mnt/d/Universidad/ETL/Proyecto_airflow/venv/lib/python3.12/site-packages/airflow/example_dags/example_short_circuit_decorator.py took 0.197 seconds
[2025-04-01T16:33:06.102-0500] {processor.py:186} INFO - Started process (PID=4829) to work on /mnt/d/Universidad/ETL/Proyecto_airflow/venv/lib/python3.12/site-packages/airflow/example_dags/example_short_circuit_decorator.py
[2025-04-01T16:33:06.103-0500] {processor.py:914} INFO - Processing file /mnt/d/Universidad/ETL/Proyecto_airflow/venv/lib/python3.12/site-packages/airflow/example_dags/example_short_circuit_decorator.py for tasks to queue
[2025-04-01T16:33:06.105-0500] {logging_mixin.py:190} INFO - [2025-04-01T16:33:06.104-0500] {dagbag.py:588} INFO - Filling up the DagBag from /mnt/d/Universidad/ETL/Proyecto_airflow/venv/lib/python3.12/site-packages/airflow/example_dags/example_short_circuit_decorator.py
[2025-04-01T16:33:06.160-0500] {processor.py:925} INFO - DAG(s) 'example_short_circuit_decorator' retrieved from /mnt/d/Universidad/ETL/Proyecto_airflow/venv/lib/python3.12/site-packages/airflow/example_dags/example_short_circuit_decorator.py
[2025-04-01T16:33:06.179-0500] {logging_mixin.py:190} INFO - [2025-04-01T16:33:06.178-0500] {dag.py:3239} INFO - Sync 1 DAGs
[2025-04-01T16:33:08.579-0500] {logging_mixin.py:190} INFO - [2025-04-01T16:33:08.578-0500] {dag.py:4180} INFO - Setting next_dagrun for example_short_circuit_decorator to None, run_after=None
[2025-04-01T16:33:08.676-0500] {processor.py:208} INFO - Processing /mnt/d/Universidad/ETL/Proyecto_airflow/venv/lib/python3.12/site-packages/airflow/example_dags/example_short_circuit_decorator.py took 0.190 seconds
[2025-04-01T16:34:33.095-0500] {processor.py:186} INFO - Started process (PID=4897) to work on /mnt/d/Universidad/ETL/Proyecto_airflow/venv/lib/python3.12/site-packages/airflow/example_dags/example_short_circuit_decorator.py
[2025-04-01T16:34:33.096-0500] {processor.py:914} INFO - Processing file /mnt/d/Universidad/ETL/Proyecto_airflow/venv/lib/python3.12/site-packages/airflow/example_dags/example_short_circuit_decorator.py for tasks to queue
[2025-04-01T16:34:33.098-0500] {logging_mixin.py:190} INFO - [2025-04-01T16:34:33.098-0500] {dagbag.py:588} INFO - Filling up the DagBag from /mnt/d/Universidad/ETL/Proyecto_airflow/venv/lib/python3.12/site-packages/airflow/example_dags/example_short_circuit_decorator.py
[2025-04-01T16:34:33.153-0500] {processor.py:925} INFO - DAG(s) 'example_short_circuit_decorator' retrieved from /mnt/d/Universidad/ETL/Proyecto_airflow/venv/lib/python3.12/site-packages/airflow/example_dags/example_short_circuit_decorator.py
[2025-04-01T16:34:33.174-0500] {logging_mixin.py:190} INFO - [2025-04-01T16:34:33.173-0500] {dag.py:3239} INFO - Sync 1 DAGs
[2025-04-01T16:34:33.184-0500] {logging_mixin.py:190} INFO - [2025-04-01T16:34:33.183-0500] {dag.py:4180} INFO - Setting next_dagrun for example_short_circuit_decorator to None, run_after=None
[2025-04-01T16:34:33.295-0500] {processor.py:208} INFO - Processing /mnt/d/Universidad/ETL/Proyecto_airflow/venv/lib/python3.12/site-packages/airflow/example_dags/example_short_circuit_decorator.py took 0.208 seconds
[2025-04-01T16:36:00.652-0500] {processor.py:186} INFO - Started process (PID=4966) to work on /mnt/d/Universidad/ETL/Proyecto_airflow/venv/lib/python3.12/site-packages/airflow/example_dags/example_short_circuit_decorator.py
[2025-04-01T16:36:00.653-0500] {processor.py:914} INFO - Processing file /mnt/d/Universidad/ETL/Proyecto_airflow/venv/lib/python3.12/site-packages/airflow/example_dags/example_short_circuit_decorator.py for tasks to queue
[2025-04-01T16:36:00.655-0500] {logging_mixin.py:190} INFO - [2025-04-01T16:36:00.655-0500] {dagbag.py:588} INFO - Filling up the DagBag from /mnt/d/Universidad/ETL/Proyecto_airflow/venv/lib/python3.12/site-packages/airflow/example_dags/example_short_circuit_decorator.py
[2025-04-01T16:36:00.710-0500] {processor.py:925} INFO - DAG(s) 'example_short_circuit_decorator' retrieved from /mnt/d/Universidad/ETL/Proyecto_airflow/venv/lib/python3.12/site-packages/airflow/example_dags/example_short_circuit_decorator.py
[2025-04-01T16:36:00.731-0500] {logging_mixin.py:190} INFO - [2025-04-01T16:36:00.731-0500] {dag.py:3239} INFO - Sync 1 DAGs
[2025-04-01T16:36:00.741-0500] {logging_mixin.py:190} INFO - [2025-04-01T16:36:00.741-0500] {dag.py:4180} INFO - Setting next_dagrun for example_short_circuit_decorator to None, run_after=None
[2025-04-01T16:36:00.827-0500] {processor.py:208} INFO - Processing /mnt/d/Universidad/ETL/Proyecto_airflow/venv/lib/python3.12/site-packages/airflow/example_dags/example_short_circuit_decorator.py took 0.182 seconds
[2025-04-01T16:37:33.591-0500] {processor.py:186} INFO - Started process (PID=5036) to work on /mnt/d/Universidad/ETL/Proyecto_airflow/venv/lib/python3.12/site-packages/airflow/example_dags/example_short_circuit_decorator.py
[2025-04-01T16:37:33.592-0500] {processor.py:914} INFO - Processing file /mnt/d/Universidad/ETL/Proyecto_airflow/venv/lib/python3.12/site-packages/airflow/example_dags/example_short_circuit_decorator.py for tasks to queue
[2025-04-01T16:37:33.594-0500] {logging_mixin.py:190} INFO - [2025-04-01T16:37:33.593-0500] {dagbag.py:588} INFO - Filling up the DagBag from /mnt/d/Universidad/ETL/Proyecto_airflow/venv/lib/python3.12/site-packages/airflow/example_dags/example_short_circuit_decorator.py
[2025-04-01T16:37:33.649-0500] {processor.py:925} INFO - DAG(s) 'example_short_circuit_decorator' retrieved from /mnt/d/Universidad/ETL/Proyecto_airflow/venv/lib/python3.12/site-packages/airflow/example_dags/example_short_circuit_decorator.py
[2025-04-01T16:37:33.668-0500] {logging_mixin.py:190} INFO - [2025-04-01T16:37:33.668-0500] {dag.py:3239} INFO - Sync 1 DAGs
[2025-04-01T16:37:33.677-0500] {logging_mixin.py:190} INFO - [2025-04-01T16:37:33.677-0500] {dag.py:4180} INFO - Setting next_dagrun for example_short_circuit_decorator to None, run_after=None
[2025-04-01T16:37:33.783-0500] {processor.py:208} INFO - Processing /mnt/d/Universidad/ETL/Proyecto_airflow/venv/lib/python3.12/site-packages/airflow/example_dags/example_short_circuit_decorator.py took 0.200 seconds
[2025-04-01T16:39:07.015-0500] {processor.py:186} INFO - Started process (PID=5106) to work on /mnt/d/Universidad/ETL/Proyecto_airflow/venv/lib/python3.12/site-packages/airflow/example_dags/example_short_circuit_decorator.py
[2025-04-01T16:39:07.016-0500] {processor.py:914} INFO - Processing file /mnt/d/Universidad/ETL/Proyecto_airflow/venv/lib/python3.12/site-packages/airflow/example_dags/example_short_circuit_decorator.py for tasks to queue
[2025-04-01T16:39:07.019-0500] {logging_mixin.py:190} INFO - [2025-04-01T16:39:07.018-0500] {dagbag.py:588} INFO - Filling up the DagBag from /mnt/d/Universidad/ETL/Proyecto_airflow/venv/lib/python3.12/site-packages/airflow/example_dags/example_short_circuit_decorator.py
[2025-04-01T16:39:07.074-0500] {processor.py:925} INFO - DAG(s) 'example_short_circuit_decorator' retrieved from /mnt/d/Universidad/ETL/Proyecto_airflow/venv/lib/python3.12/site-packages/airflow/example_dags/example_short_circuit_decorator.py
[2025-04-01T16:39:07.094-0500] {logging_mixin.py:190} INFO - [2025-04-01T16:39:07.093-0500] {dag.py:3239} INFO - Sync 1 DAGs
[2025-04-01T16:39:07.103-0500] {logging_mixin.py:190} INFO - [2025-04-01T16:39:07.103-0500] {dag.py:4180} INFO - Setting next_dagrun for example_short_circuit_decorator to None, run_after=None
[2025-04-01T16:39:07.204-0500] {processor.py:208} INFO - Processing /mnt/d/Universidad/ETL/Proyecto_airflow/venv/lib/python3.12/site-packages/airflow/example_dags/example_short_circuit_decorator.py took 0.197 seconds
[2025-04-01T16:40:43.401-0500] {processor.py:186} INFO - Started process (PID=5179) to work on /mnt/d/Universidad/ETL/Proyecto_airflow/venv/lib/python3.12/site-packages/airflow/example_dags/example_short_circuit_decorator.py
[2025-04-01T16:40:43.402-0500] {processor.py:914} INFO - Processing file /mnt/d/Universidad/ETL/Proyecto_airflow/venv/lib/python3.12/site-packages/airflow/example_dags/example_short_circuit_decorator.py for tasks to queue
[2025-04-01T16:40:43.405-0500] {logging_mixin.py:190} INFO - [2025-04-01T16:40:43.404-0500] {dagbag.py:588} INFO - Filling up the DagBag from /mnt/d/Universidad/ETL/Proyecto_airflow/venv/lib/python3.12/site-packages/airflow/example_dags/example_short_circuit_decorator.py
[2025-04-01T16:40:43.460-0500] {processor.py:925} INFO - DAG(s) 'example_short_circuit_decorator' retrieved from /mnt/d/Universidad/ETL/Proyecto_airflow/venv/lib/python3.12/site-packages/airflow/example_dags/example_short_circuit_decorator.py
[2025-04-01T16:40:43.480-0500] {logging_mixin.py:190} INFO - [2025-04-01T16:40:43.479-0500] {dag.py:3239} INFO - Sync 1 DAGs
[2025-04-01T16:40:43.489-0500] {logging_mixin.py:190} INFO - [2025-04-01T16:40:43.488-0500] {dag.py:4180} INFO - Setting next_dagrun for example_short_circuit_decorator to None, run_after=None
[2025-04-01T16:40:43.591-0500] {processor.py:208} INFO - Processing /mnt/d/Universidad/ETL/Proyecto_airflow/venv/lib/python3.12/site-packages/airflow/example_dags/example_short_circuit_decorator.py took 0.197 seconds
[2025-04-01T16:42:19.227-0500] {processor.py:186} INFO - Started process (PID=5252) to work on /mnt/d/Universidad/ETL/Proyecto_airflow/venv/lib/python3.12/site-packages/airflow/example_dags/example_short_circuit_decorator.py
[2025-04-01T16:42:19.228-0500] {processor.py:914} INFO - Processing file /mnt/d/Universidad/ETL/Proyecto_airflow/venv/lib/python3.12/site-packages/airflow/example_dags/example_short_circuit_decorator.py for tasks to queue
[2025-04-01T16:42:19.230-0500] {logging_mixin.py:190} INFO - [2025-04-01T16:42:19.229-0500] {dagbag.py:588} INFO - Filling up the DagBag from /mnt/d/Universidad/ETL/Proyecto_airflow/venv/lib/python3.12/site-packages/airflow/example_dags/example_short_circuit_decorator.py
[2025-04-01T16:42:19.286-0500] {processor.py:925} INFO - DAG(s) 'example_short_circuit_decorator' retrieved from /mnt/d/Universidad/ETL/Proyecto_airflow/venv/lib/python3.12/site-packages/airflow/example_dags/example_short_circuit_decorator.py
[2025-04-01T16:42:19.306-0500] {logging_mixin.py:190} INFO - [2025-04-01T16:42:19.305-0500] {dag.py:3239} INFO - Sync 1 DAGs
[2025-04-01T16:42:19.315-0500] {logging_mixin.py:190} INFO - [2025-04-01T16:42:19.315-0500] {dag.py:4180} INFO - Setting next_dagrun for example_short_circuit_decorator to None, run_after=None
[2025-04-01T16:42:19.395-0500] {processor.py:208} INFO - Processing /mnt/d/Universidad/ETL/Proyecto_airflow/venv/lib/python3.12/site-packages/airflow/example_dags/example_short_circuit_decorator.py took 0.176 seconds
[2025-04-01T16:43:53.259-0500] {processor.py:186} INFO - Started process (PID=5322) to work on /mnt/d/Universidad/ETL/Proyecto_airflow/venv/lib/python3.12/site-packages/airflow/example_dags/example_short_circuit_decorator.py
[2025-04-01T16:43:53.260-0500] {processor.py:914} INFO - Processing file /mnt/d/Universidad/ETL/Proyecto_airflow/venv/lib/python3.12/site-packages/airflow/example_dags/example_short_circuit_decorator.py for tasks to queue
[2025-04-01T16:43:53.262-0500] {logging_mixin.py:190} INFO - [2025-04-01T16:43:53.261-0500] {dagbag.py:588} INFO - Filling up the DagBag from /mnt/d/Universidad/ETL/Proyecto_airflow/venv/lib/python3.12/site-packages/airflow/example_dags/example_short_circuit_decorator.py
[2025-04-01T16:43:53.318-0500] {processor.py:925} INFO - DAG(s) 'example_short_circuit_decorator' retrieved from /mnt/d/Universidad/ETL/Proyecto_airflow/venv/lib/python3.12/site-packages/airflow/example_dags/example_short_circuit_decorator.py
[2025-04-01T16:43:53.443-0500] {logging_mixin.py:190} INFO - [2025-04-01T16:43:53.442-0500] {dag.py:3239} INFO - Sync 1 DAGs
[2025-04-01T16:43:53.452-0500] {logging_mixin.py:190} INFO - [2025-04-01T16:43:53.451-0500] {dag.py:4180} INFO - Setting next_dagrun for example_short_circuit_decorator to None, run_after=None
[2025-04-01T16:43:53.525-0500] {processor.py:208} INFO - Processing /mnt/d/Universidad/ETL/Proyecto_airflow/venv/lib/python3.12/site-packages/airflow/example_dags/example_short_circuit_decorator.py took 0.274 seconds
[2025-04-01T16:45:27.408-0500] {processor.py:186} INFO - Started process (PID=5393) to work on /mnt/d/Universidad/ETL/Proyecto_airflow/venv/lib/python3.12/site-packages/airflow/example_dags/example_short_circuit_decorator.py
[2025-04-01T16:45:27.409-0500] {processor.py:914} INFO - Processing file /mnt/d/Universidad/ETL/Proyecto_airflow/venv/lib/python3.12/site-packages/airflow/example_dags/example_short_circuit_decorator.py for tasks to queue
[2025-04-01T16:45:27.411-0500] {logging_mixin.py:190} INFO - [2025-04-01T16:45:27.410-0500] {dagbag.py:588} INFO - Filling up the DagBag from /mnt/d/Universidad/ETL/Proyecto_airflow/venv/lib/python3.12/site-packages/airflow/example_dags/example_short_circuit_decorator.py
[2025-04-01T16:45:27.465-0500] {processor.py:925} INFO - DAG(s) 'example_short_circuit_decorator' retrieved from /mnt/d/Universidad/ETL/Proyecto_airflow/venv/lib/python3.12/site-packages/airflow/example_dags/example_short_circuit_decorator.py
[2025-04-01T16:45:27.484-0500] {logging_mixin.py:190} INFO - [2025-04-01T16:45:27.484-0500] {dag.py:3239} INFO - Sync 1 DAGs
[2025-04-01T16:45:27.493-0500] {logging_mixin.py:190} INFO - [2025-04-01T16:45:27.493-0500] {dag.py:4180} INFO - Setting next_dagrun for example_short_circuit_decorator to None, run_after=None
[2025-04-01T16:45:27.591-0500] {processor.py:208} INFO - Processing /mnt/d/Universidad/ETL/Proyecto_airflow/venv/lib/python3.12/site-packages/airflow/example_dags/example_short_circuit_decorator.py took 0.191 seconds
[2025-04-01T16:47:08.131-0500] {processor.py:186} INFO - Started process (PID=5467) to work on /mnt/d/Universidad/ETL/Proyecto_airflow/venv/lib/python3.12/site-packages/airflow/example_dags/example_short_circuit_decorator.py
[2025-04-01T16:47:08.132-0500] {processor.py:914} INFO - Processing file /mnt/d/Universidad/ETL/Proyecto_airflow/venv/lib/python3.12/site-packages/airflow/example_dags/example_short_circuit_decorator.py for tasks to queue
[2025-04-01T16:47:08.135-0500] {logging_mixin.py:190} INFO - [2025-04-01T16:47:08.134-0500] {dagbag.py:588} INFO - Filling up the DagBag from /mnt/d/Universidad/ETL/Proyecto_airflow/venv/lib/python3.12/site-packages/airflow/example_dags/example_short_circuit_decorator.py
[2025-04-01T16:47:08.190-0500] {processor.py:925} INFO - DAG(s) 'example_short_circuit_decorator' retrieved from /mnt/d/Universidad/ETL/Proyecto_airflow/venv/lib/python3.12/site-packages/airflow/example_dags/example_short_circuit_decorator.py
[2025-04-01T16:47:08.209-0500] {logging_mixin.py:190} INFO - [2025-04-01T16:47:08.209-0500] {dag.py:3239} INFO - Sync 1 DAGs
[2025-04-01T16:47:08.218-0500] {logging_mixin.py:190} INFO - [2025-04-01T16:47:08.218-0500] {dag.py:4180} INFO - Setting next_dagrun for example_short_circuit_decorator to None, run_after=None
[2025-04-01T16:47:08.316-0500] {processor.py:208} INFO - Processing /mnt/d/Universidad/ETL/Proyecto_airflow/venv/lib/python3.12/site-packages/airflow/example_dags/example_short_circuit_decorator.py took 0.192 seconds
[2025-04-01T16:48:37.044-0500] {processor.py:186} INFO - Started process (PID=5536) to work on /mnt/d/Universidad/ETL/Proyecto_airflow/venv/lib/python3.12/site-packages/airflow/example_dags/example_short_circuit_decorator.py
[2025-04-01T16:48:37.045-0500] {processor.py:914} INFO - Processing file /mnt/d/Universidad/ETL/Proyecto_airflow/venv/lib/python3.12/site-packages/airflow/example_dags/example_short_circuit_decorator.py for tasks to queue
[2025-04-01T16:48:37.047-0500] {logging_mixin.py:190} INFO - [2025-04-01T16:48:37.046-0500] {dagbag.py:588} INFO - Filling up the DagBag from /mnt/d/Universidad/ETL/Proyecto_airflow/venv/lib/python3.12/site-packages/airflow/example_dags/example_short_circuit_decorator.py
[2025-04-01T16:48:37.100-0500] {processor.py:925} INFO - DAG(s) 'example_short_circuit_decorator' retrieved from /mnt/d/Universidad/ETL/Proyecto_airflow/venv/lib/python3.12/site-packages/airflow/example_dags/example_short_circuit_decorator.py
[2025-04-01T16:48:37.119-0500] {logging_mixin.py:190} INFO - [2025-04-01T16:48:37.119-0500] {dag.py:3239} INFO - Sync 1 DAGs
[2025-04-01T16:48:37.128-0500] {logging_mixin.py:190} INFO - [2025-04-01T16:48:37.127-0500] {dag.py:4180} INFO - Setting next_dagrun for example_short_circuit_decorator to None, run_after=None
[2025-04-01T16:48:37.239-0500] {processor.py:208} INFO - Processing /mnt/d/Universidad/ETL/Proyecto_airflow/venv/lib/python3.12/site-packages/airflow/example_dags/example_short_circuit_decorator.py took 0.202 seconds
[2025-04-01T16:50:06.628-0500] {processor.py:186} INFO - Started process (PID=5605) to work on /mnt/d/Universidad/ETL/Proyecto_airflow/venv/lib/python3.12/site-packages/airflow/example_dags/example_short_circuit_decorator.py
[2025-04-01T16:50:06.629-0500] {processor.py:914} INFO - Processing file /mnt/d/Universidad/ETL/Proyecto_airflow/venv/lib/python3.12/site-packages/airflow/example_dags/example_short_circuit_decorator.py for tasks to queue
[2025-04-01T16:50:06.631-0500] {logging_mixin.py:190} INFO - [2025-04-01T16:50:06.631-0500] {dagbag.py:588} INFO - Filling up the DagBag from /mnt/d/Universidad/ETL/Proyecto_airflow/venv/lib/python3.12/site-packages/airflow/example_dags/example_short_circuit_decorator.py
[2025-04-01T16:50:06.690-0500] {processor.py:925} INFO - DAG(s) 'example_short_circuit_decorator' retrieved from /mnt/d/Universidad/ETL/Proyecto_airflow/venv/lib/python3.12/site-packages/airflow/example_dags/example_short_circuit_decorator.py
[2025-04-01T16:50:06.711-0500] {logging_mixin.py:190} INFO - [2025-04-01T16:50:06.710-0500] {dag.py:3239} INFO - Sync 1 DAGs
[2025-04-01T16:50:06.720-0500] {logging_mixin.py:190} INFO - [2025-04-01T16:50:06.720-0500] {dag.py:4180} INFO - Setting next_dagrun for example_short_circuit_decorator to None, run_after=None
[2025-04-01T16:50:06.808-0500] {processor.py:208} INFO - Processing /mnt/d/Universidad/ETL/Proyecto_airflow/venv/lib/python3.12/site-packages/airflow/example_dags/example_short_circuit_decorator.py took 0.188 seconds
[2025-04-01T16:51:42.941-0500] {processor.py:186} INFO - Started process (PID=5678) to work on /mnt/d/Universidad/ETL/Proyecto_airflow/venv/lib/python3.12/site-packages/airflow/example_dags/example_short_circuit_decorator.py
[2025-04-01T16:51:42.942-0500] {processor.py:914} INFO - Processing file /mnt/d/Universidad/ETL/Proyecto_airflow/venv/lib/python3.12/site-packages/airflow/example_dags/example_short_circuit_decorator.py for tasks to queue
[2025-04-01T16:51:42.945-0500] {logging_mixin.py:190} INFO - [2025-04-01T16:51:42.944-0500] {dagbag.py:588} INFO - Filling up the DagBag from /mnt/d/Universidad/ETL/Proyecto_airflow/venv/lib/python3.12/site-packages/airflow/example_dags/example_short_circuit_decorator.py
[2025-04-01T16:51:42.999-0500] {processor.py:925} INFO - DAG(s) 'example_short_circuit_decorator' retrieved from /mnt/d/Universidad/ETL/Proyecto_airflow/venv/lib/python3.12/site-packages/airflow/example_dags/example_short_circuit_decorator.py
[2025-04-01T16:51:43.019-0500] {logging_mixin.py:190} INFO - [2025-04-01T16:51:43.018-0500] {dag.py:3239} INFO - Sync 1 DAGs
[2025-04-01T16:51:43.028-0500] {logging_mixin.py:190} INFO - [2025-04-01T16:51:43.027-0500] {dag.py:4180} INFO - Setting next_dagrun for example_short_circuit_decorator to None, run_after=None
[2025-04-01T16:51:43.135-0500] {processor.py:208} INFO - Processing /mnt/d/Universidad/ETL/Proyecto_airflow/venv/lib/python3.12/site-packages/airflow/example_dags/example_short_circuit_decorator.py took 0.201 seconds
[2025-04-01T16:53:20.756-0500] {processor.py:186} INFO - Started process (PID=5750) to work on /mnt/d/Universidad/ETL/Proyecto_airflow/venv/lib/python3.12/site-packages/airflow/example_dags/example_short_circuit_decorator.py
[2025-04-01T16:53:20.757-0500] {processor.py:914} INFO - Processing file /mnt/d/Universidad/ETL/Proyecto_airflow/venv/lib/python3.12/site-packages/airflow/example_dags/example_short_circuit_decorator.py for tasks to queue
[2025-04-01T16:53:20.759-0500] {logging_mixin.py:190} INFO - [2025-04-01T16:53:20.758-0500] {dagbag.py:588} INFO - Filling up the DagBag from /mnt/d/Universidad/ETL/Proyecto_airflow/venv/lib/python3.12/site-packages/airflow/example_dags/example_short_circuit_decorator.py
[2025-04-01T16:53:20.813-0500] {processor.py:925} INFO - DAG(s) 'example_short_circuit_decorator' retrieved from /mnt/d/Universidad/ETL/Proyecto_airflow/venv/lib/python3.12/site-packages/airflow/example_dags/example_short_circuit_decorator.py
[2025-04-01T16:53:20.835-0500] {logging_mixin.py:190} INFO - [2025-04-01T16:53:20.834-0500] {dag.py:3239} INFO - Sync 1 DAGs
[2025-04-01T16:53:20.845-0500] {logging_mixin.py:190} INFO - [2025-04-01T16:53:20.844-0500] {dag.py:4180} INFO - Setting next_dagrun for example_short_circuit_decorator to None, run_after=None
[2025-04-01T16:53:20.955-0500] {processor.py:208} INFO - Processing /mnt/d/Universidad/ETL/Proyecto_airflow/venv/lib/python3.12/site-packages/airflow/example_dags/example_short_circuit_decorator.py took 0.207 seconds
[2025-04-01T16:54:56.800-0500] {processor.py:186} INFO - Started process (PID=5822) to work on /mnt/d/Universidad/ETL/Proyecto_airflow/venv/lib/python3.12/site-packages/airflow/example_dags/example_short_circuit_decorator.py
[2025-04-01T16:54:56.801-0500] {processor.py:914} INFO - Processing file /mnt/d/Universidad/ETL/Proyecto_airflow/venv/lib/python3.12/site-packages/airflow/example_dags/example_short_circuit_decorator.py for tasks to queue
[2025-04-01T16:54:56.804-0500] {logging_mixin.py:190} INFO - [2025-04-01T16:54:56.803-0500] {dagbag.py:588} INFO - Filling up the DagBag from /mnt/d/Universidad/ETL/Proyecto_airflow/venv/lib/python3.12/site-packages/airflow/example_dags/example_short_circuit_decorator.py
[2025-04-01T16:54:56.859-0500] {processor.py:925} INFO - DAG(s) 'example_short_circuit_decorator' retrieved from /mnt/d/Universidad/ETL/Proyecto_airflow/venv/lib/python3.12/site-packages/airflow/example_dags/example_short_circuit_decorator.py
[2025-04-01T16:54:56.879-0500] {logging_mixin.py:190} INFO - [2025-04-01T16:54:56.878-0500] {dag.py:3239} INFO - Sync 1 DAGs
[2025-04-01T16:54:56.888-0500] {logging_mixin.py:190} INFO - [2025-04-01T16:54:56.887-0500] {dag.py:4180} INFO - Setting next_dagrun for example_short_circuit_decorator to None, run_after=None
[2025-04-01T16:54:56.992-0500] {processor.py:208} INFO - Processing /mnt/d/Universidad/ETL/Proyecto_airflow/venv/lib/python3.12/site-packages/airflow/example_dags/example_short_circuit_decorator.py took 0.199 seconds
[2025-04-01T16:56:27.359-0500] {processor.py:186} INFO - Started process (PID=5893) to work on /mnt/d/Universidad/ETL/Proyecto_airflow/venv/lib/python3.12/site-packages/airflow/example_dags/example_short_circuit_decorator.py
[2025-04-01T16:56:27.360-0500] {processor.py:914} INFO - Processing file /mnt/d/Universidad/ETL/Proyecto_airflow/venv/lib/python3.12/site-packages/airflow/example_dags/example_short_circuit_decorator.py for tasks to queue
[2025-04-01T16:56:27.362-0500] {logging_mixin.py:190} INFO - [2025-04-01T16:56:27.361-0500] {dagbag.py:588} INFO - Filling up the DagBag from /mnt/d/Universidad/ETL/Proyecto_airflow/venv/lib/python3.12/site-packages/airflow/example_dags/example_short_circuit_decorator.py
[2025-04-01T16:56:27.416-0500] {processor.py:925} INFO - DAG(s) 'example_short_circuit_decorator' retrieved from /mnt/d/Universidad/ETL/Proyecto_airflow/venv/lib/python3.12/site-packages/airflow/example_dags/example_short_circuit_decorator.py
[2025-04-01T16:56:27.435-0500] {logging_mixin.py:190} INFO - [2025-04-01T16:56:27.434-0500] {dag.py:3239} INFO - Sync 1 DAGs
[2025-04-01T16:56:27.444-0500] {logging_mixin.py:190} INFO - [2025-04-01T16:56:27.443-0500] {dag.py:4180} INFO - Setting next_dagrun for example_short_circuit_decorator to None, run_after=None
[2025-04-01T16:56:27.613-0500] {processor.py:208} INFO - Processing /mnt/d/Universidad/ETL/Proyecto_airflow/venv/lib/python3.12/site-packages/airflow/example_dags/example_short_circuit_decorator.py took 0.262 seconds
[2025-04-01T16:58:00.696-0500] {processor.py:186} INFO - Started process (PID=5963) to work on /mnt/d/Universidad/ETL/Proyecto_airflow/venv/lib/python3.12/site-packages/airflow/example_dags/example_short_circuit_decorator.py
[2025-04-01T16:58:00.697-0500] {processor.py:914} INFO - Processing file /mnt/d/Universidad/ETL/Proyecto_airflow/venv/lib/python3.12/site-packages/airflow/example_dags/example_short_circuit_decorator.py for tasks to queue
[2025-04-01T16:58:00.699-0500] {logging_mixin.py:190} INFO - [2025-04-01T16:58:00.698-0500] {dagbag.py:588} INFO - Filling up the DagBag from /mnt/d/Universidad/ETL/Proyecto_airflow/venv/lib/python3.12/site-packages/airflow/example_dags/example_short_circuit_decorator.py
[2025-04-01T16:58:00.753-0500] {processor.py:925} INFO - DAG(s) 'example_short_circuit_decorator' retrieved from /mnt/d/Universidad/ETL/Proyecto_airflow/venv/lib/python3.12/site-packages/airflow/example_dags/example_short_circuit_decorator.py
[2025-04-01T16:58:00.773-0500] {logging_mixin.py:190} INFO - [2025-04-01T16:58:00.772-0500] {dag.py:3239} INFO - Sync 1 DAGs
[2025-04-01T16:58:00.782-0500] {logging_mixin.py:190} INFO - [2025-04-01T16:58:00.781-0500] {dag.py:4180} INFO - Setting next_dagrun for example_short_circuit_decorator to None, run_after=None
[2025-04-01T16:58:00.876-0500] {processor.py:208} INFO - Processing /mnt/d/Universidad/ETL/Proyecto_airflow/venv/lib/python3.12/site-packages/airflow/example_dags/example_short_circuit_decorator.py took 0.188 seconds
[2025-04-01T16:59:35.829-0500] {processor.py:186} INFO - Started process (PID=6034) to work on /mnt/d/Universidad/ETL/Proyecto_airflow/venv/lib/python3.12/site-packages/airflow/example_dags/example_short_circuit_decorator.py
[2025-04-01T16:59:35.830-0500] {processor.py:914} INFO - Processing file /mnt/d/Universidad/ETL/Proyecto_airflow/venv/lib/python3.12/site-packages/airflow/example_dags/example_short_circuit_decorator.py for tasks to queue
[2025-04-01T16:59:35.832-0500] {logging_mixin.py:190} INFO - [2025-04-01T16:59:35.831-0500] {dagbag.py:588} INFO - Filling up the DagBag from /mnt/d/Universidad/ETL/Proyecto_airflow/venv/lib/python3.12/site-packages/airflow/example_dags/example_short_circuit_decorator.py
[2025-04-01T16:59:35.887-0500] {processor.py:925} INFO - DAG(s) 'example_short_circuit_decorator' retrieved from /mnt/d/Universidad/ETL/Proyecto_airflow/venv/lib/python3.12/site-packages/airflow/example_dags/example_short_circuit_decorator.py
[2025-04-01T16:59:35.906-0500] {logging_mixin.py:190} INFO - [2025-04-01T16:59:35.906-0500] {dag.py:3239} INFO - Sync 1 DAGs
[2025-04-01T16:59:35.915-0500] {logging_mixin.py:190} INFO - [2025-04-01T16:59:35.915-0500] {dag.py:4180} INFO - Setting next_dagrun for example_short_circuit_decorator to None, run_after=None
[2025-04-01T16:59:36.016-0500] {processor.py:208} INFO - Processing /mnt/d/Universidad/ETL/Proyecto_airflow/venv/lib/python3.12/site-packages/airflow/example_dags/example_short_circuit_decorator.py took 0.195 seconds
[2025-04-01T17:01:15.459-0500] {processor.py:186} INFO - Started process (PID=6106) to work on /mnt/d/Universidad/ETL/Proyecto_airflow/venv/lib/python3.12/site-packages/airflow/example_dags/example_short_circuit_decorator.py
[2025-04-01T17:01:15.460-0500] {processor.py:914} INFO - Processing file /mnt/d/Universidad/ETL/Proyecto_airflow/venv/lib/python3.12/site-packages/airflow/example_dags/example_short_circuit_decorator.py for tasks to queue
[2025-04-01T17:01:15.462-0500] {logging_mixin.py:190} INFO - [2025-04-01T17:01:15.461-0500] {dagbag.py:588} INFO - Filling up the DagBag from /mnt/d/Universidad/ETL/Proyecto_airflow/venv/lib/python3.12/site-packages/airflow/example_dags/example_short_circuit_decorator.py
[2025-04-01T17:01:15.518-0500] {processor.py:925} INFO - DAG(s) 'example_short_circuit_decorator' retrieved from /mnt/d/Universidad/ETL/Proyecto_airflow/venv/lib/python3.12/site-packages/airflow/example_dags/example_short_circuit_decorator.py
[2025-04-01T17:01:15.539-0500] {logging_mixin.py:190} INFO - [2025-04-01T17:01:15.538-0500] {dag.py:3239} INFO - Sync 1 DAGs
[2025-04-01T17:01:15.549-0500] {logging_mixin.py:190} INFO - [2025-04-01T17:01:15.548-0500] {dag.py:4180} INFO - Setting next_dagrun for example_short_circuit_decorator to None, run_after=None
[2025-04-01T17:01:15.662-0500] {processor.py:208} INFO - Processing /mnt/d/Universidad/ETL/Proyecto_airflow/venv/lib/python3.12/site-packages/airflow/example_dags/example_short_circuit_decorator.py took 0.211 seconds
[2025-04-01T17:02:45.671-0500] {processor.py:186} INFO - Started process (PID=6176) to work on /mnt/d/Universidad/ETL/Proyecto_airflow/venv/lib/python3.12/site-packages/airflow/example_dags/example_short_circuit_decorator.py
[2025-04-01T17:02:45.672-0500] {processor.py:914} INFO - Processing file /mnt/d/Universidad/ETL/Proyecto_airflow/venv/lib/python3.12/site-packages/airflow/example_dags/example_short_circuit_decorator.py for tasks to queue
[2025-04-01T17:02:45.675-0500] {logging_mixin.py:190} INFO - [2025-04-01T17:02:45.674-0500] {dagbag.py:588} INFO - Filling up the DagBag from /mnt/d/Universidad/ETL/Proyecto_airflow/venv/lib/python3.12/site-packages/airflow/example_dags/example_short_circuit_decorator.py
[2025-04-01T17:02:45.730-0500] {processor.py:925} INFO - DAG(s) 'example_short_circuit_decorator' retrieved from /mnt/d/Universidad/ETL/Proyecto_airflow/venv/lib/python3.12/site-packages/airflow/example_dags/example_short_circuit_decorator.py
[2025-04-01T17:02:45.748-0500] {logging_mixin.py:190} INFO - [2025-04-01T17:02:45.748-0500] {dag.py:3239} INFO - Sync 1 DAGs
[2025-04-01T17:02:45.758-0500] {logging_mixin.py:190} INFO - [2025-04-01T17:02:45.757-0500] {dag.py:4180} INFO - Setting next_dagrun for example_short_circuit_decorator to None, run_after=None
[2025-04-01T17:02:45.857-0500] {processor.py:208} INFO - Processing /mnt/d/Universidad/ETL/Proyecto_airflow/venv/lib/python3.12/site-packages/airflow/example_dags/example_short_circuit_decorator.py took 0.193 seconds
[2025-04-01T17:04:23.487-0500] {processor.py:186} INFO - Started process (PID=6248) to work on /mnt/d/Universidad/ETL/Proyecto_airflow/venv/lib/python3.12/site-packages/airflow/example_dags/example_short_circuit_decorator.py
[2025-04-01T17:04:23.488-0500] {processor.py:914} INFO - Processing file /mnt/d/Universidad/ETL/Proyecto_airflow/venv/lib/python3.12/site-packages/airflow/example_dags/example_short_circuit_decorator.py for tasks to queue
[2025-04-01T17:04:23.490-0500] {logging_mixin.py:190} INFO - [2025-04-01T17:04:23.490-0500] {dagbag.py:588} INFO - Filling up the DagBag from /mnt/d/Universidad/ETL/Proyecto_airflow/venv/lib/python3.12/site-packages/airflow/example_dags/example_short_circuit_decorator.py
[2025-04-01T17:04:23.544-0500] {processor.py:925} INFO - DAG(s) 'example_short_circuit_decorator' retrieved from /mnt/d/Universidad/ETL/Proyecto_airflow/venv/lib/python3.12/site-packages/airflow/example_dags/example_short_circuit_decorator.py
[2025-04-01T17:04:23.566-0500] {logging_mixin.py:190} INFO - [2025-04-01T17:04:23.565-0500] {dag.py:3239} INFO - Sync 1 DAGs
[2025-04-01T17:04:23.576-0500] {logging_mixin.py:190} INFO - [2025-04-01T17:04:23.575-0500] {dag.py:4180} INFO - Setting next_dagrun for example_short_circuit_decorator to None, run_after=None
[2025-04-01T17:04:23.678-0500] {processor.py:208} INFO - Processing /mnt/d/Universidad/ETL/Proyecto_airflow/venv/lib/python3.12/site-packages/airflow/example_dags/example_short_circuit_decorator.py took 0.198 seconds
[2025-04-01T17:06:02.870-0500] {processor.py:186} INFO - Started process (PID=6319) to work on /mnt/d/Universidad/ETL/Proyecto_airflow/venv/lib/python3.12/site-packages/airflow/example_dags/example_short_circuit_decorator.py
[2025-04-01T17:06:02.871-0500] {processor.py:914} INFO - Processing file /mnt/d/Universidad/ETL/Proyecto_airflow/venv/lib/python3.12/site-packages/airflow/example_dags/example_short_circuit_decorator.py for tasks to queue
[2025-04-01T17:06:02.874-0500] {logging_mixin.py:190} INFO - [2025-04-01T17:06:02.873-0500] {dagbag.py:588} INFO - Filling up the DagBag from /mnt/d/Universidad/ETL/Proyecto_airflow/venv/lib/python3.12/site-packages/airflow/example_dags/example_short_circuit_decorator.py
[2025-04-01T17:06:02.929-0500] {processor.py:925} INFO - DAG(s) 'example_short_circuit_decorator' retrieved from /mnt/d/Universidad/ETL/Proyecto_airflow/venv/lib/python3.12/site-packages/airflow/example_dags/example_short_circuit_decorator.py
[2025-04-01T17:06:02.948-0500] {logging_mixin.py:190} INFO - [2025-04-01T17:06:02.947-0500] {dag.py:3239} INFO - Sync 1 DAGs
[2025-04-01T17:06:02.957-0500] {logging_mixin.py:190} INFO - [2025-04-01T17:06:02.956-0500] {dag.py:4180} INFO - Setting next_dagrun for example_short_circuit_decorator to None, run_after=None
[2025-04-01T17:06:03.063-0500] {processor.py:208} INFO - Processing /mnt/d/Universidad/ETL/Proyecto_airflow/venv/lib/python3.12/site-packages/airflow/example_dags/example_short_circuit_decorator.py took 0.201 seconds
[2025-04-01T17:07:36.440-0500] {processor.py:186} INFO - Started process (PID=6392) to work on /mnt/d/Universidad/ETL/Proyecto_airflow/venv/lib/python3.12/site-packages/airflow/example_dags/example_short_circuit_decorator.py
[2025-04-01T17:07:36.441-0500] {processor.py:914} INFO - Processing file /mnt/d/Universidad/ETL/Proyecto_airflow/venv/lib/python3.12/site-packages/airflow/example_dags/example_short_circuit_decorator.py for tasks to queue
[2025-04-01T17:07:36.443-0500] {logging_mixin.py:190} INFO - [2025-04-01T17:07:36.443-0500] {dagbag.py:588} INFO - Filling up the DagBag from /mnt/d/Universidad/ETL/Proyecto_airflow/venv/lib/python3.12/site-packages/airflow/example_dags/example_short_circuit_decorator.py
[2025-04-01T17:07:36.497-0500] {processor.py:925} INFO - DAG(s) 'example_short_circuit_decorator' retrieved from /mnt/d/Universidad/ETL/Proyecto_airflow/venv/lib/python3.12/site-packages/airflow/example_dags/example_short_circuit_decorator.py
[2025-04-01T17:07:36.524-0500] {logging_mixin.py:190} INFO - [2025-04-01T17:07:36.524-0500] {dag.py:3239} INFO - Sync 1 DAGs
[2025-04-01T17:07:36.533-0500] {logging_mixin.py:190} INFO - [2025-04-01T17:07:36.533-0500] {dag.py:4180} INFO - Setting next_dagrun for example_short_circuit_decorator to None, run_after=None
[2025-04-01T17:07:36.632-0500] {processor.py:208} INFO - Processing /mnt/d/Universidad/ETL/Proyecto_airflow/venv/lib/python3.12/site-packages/airflow/example_dags/example_short_circuit_decorator.py took 0.200 seconds
[2025-04-01T17:09:15.806-0500] {processor.py:186} INFO - Started process (PID=6465) to work on /mnt/d/Universidad/ETL/Proyecto_airflow/venv/lib/python3.12/site-packages/airflow/example_dags/example_short_circuit_decorator.py
[2025-04-01T17:09:15.807-0500] {processor.py:914} INFO - Processing file /mnt/d/Universidad/ETL/Proyecto_airflow/venv/lib/python3.12/site-packages/airflow/example_dags/example_short_circuit_decorator.py for tasks to queue
[2025-04-01T17:09:15.809-0500] {logging_mixin.py:190} INFO - [2025-04-01T17:09:15.808-0500] {dagbag.py:588} INFO - Filling up the DagBag from /mnt/d/Universidad/ETL/Proyecto_airflow/venv/lib/python3.12/site-packages/airflow/example_dags/example_short_circuit_decorator.py
[2025-04-01T17:09:15.862-0500] {processor.py:925} INFO - DAG(s) 'example_short_circuit_decorator' retrieved from /mnt/d/Universidad/ETL/Proyecto_airflow/venv/lib/python3.12/site-packages/airflow/example_dags/example_short_circuit_decorator.py
[2025-04-01T17:09:15.881-0500] {logging_mixin.py:190} INFO - [2025-04-01T17:09:15.880-0500] {dag.py:3239} INFO - Sync 1 DAGs
[2025-04-01T17:09:15.890-0500] {logging_mixin.py:190} INFO - [2025-04-01T17:09:15.889-0500] {dag.py:4180} INFO - Setting next_dagrun for example_short_circuit_decorator to None, run_after=None
[2025-04-01T17:09:15.990-0500] {processor.py:208} INFO - Processing /mnt/d/Universidad/ETL/Proyecto_airflow/venv/lib/python3.12/site-packages/airflow/example_dags/example_short_circuit_decorator.py took 0.191 seconds
[2025-04-01T17:10:57.704-0500] {processor.py:186} INFO - Started process (PID=6538) to work on /mnt/d/Universidad/ETL/Proyecto_airflow/venv/lib/python3.12/site-packages/airflow/example_dags/example_short_circuit_decorator.py
[2025-04-01T17:10:57.705-0500] {processor.py:914} INFO - Processing file /mnt/d/Universidad/ETL/Proyecto_airflow/venv/lib/python3.12/site-packages/airflow/example_dags/example_short_circuit_decorator.py for tasks to queue
[2025-04-01T17:10:57.707-0500] {logging_mixin.py:190} INFO - [2025-04-01T17:10:57.706-0500] {dagbag.py:588} INFO - Filling up the DagBag from /mnt/d/Universidad/ETL/Proyecto_airflow/venv/lib/python3.12/site-packages/airflow/example_dags/example_short_circuit_decorator.py
[2025-04-01T17:10:57.760-0500] {processor.py:925} INFO - DAG(s) 'example_short_circuit_decorator' retrieved from /mnt/d/Universidad/ETL/Proyecto_airflow/venv/lib/python3.12/site-packages/airflow/example_dags/example_short_circuit_decorator.py
[2025-04-01T17:10:57.781-0500] {logging_mixin.py:190} INFO - [2025-04-01T17:10:57.780-0500] {dag.py:3239} INFO - Sync 1 DAGs
[2025-04-01T17:10:57.791-0500] {logging_mixin.py:190} INFO - [2025-04-01T17:10:57.790-0500] {dag.py:4180} INFO - Setting next_dagrun for example_short_circuit_decorator to None, run_after=None
[2025-04-01T17:10:57.904-0500] {processor.py:208} INFO - Processing /mnt/d/Universidad/ETL/Proyecto_airflow/venv/lib/python3.12/site-packages/airflow/example_dags/example_short_circuit_decorator.py took 0.209 seconds
[2025-04-01T17:12:41.052-0500] {processor.py:186} INFO - Started process (PID=6613) to work on /mnt/d/Universidad/ETL/Proyecto_airflow/venv/lib/python3.12/site-packages/airflow/example_dags/example_short_circuit_decorator.py
[2025-04-01T17:12:41.053-0500] {processor.py:914} INFO - Processing file /mnt/d/Universidad/ETL/Proyecto_airflow/venv/lib/python3.12/site-packages/airflow/example_dags/example_short_circuit_decorator.py for tasks to queue
[2025-04-01T17:12:41.055-0500] {logging_mixin.py:190} INFO - [2025-04-01T17:12:41.054-0500] {dagbag.py:588} INFO - Filling up the DagBag from /mnt/d/Universidad/ETL/Proyecto_airflow/venv/lib/python3.12/site-packages/airflow/example_dags/example_short_circuit_decorator.py
[2025-04-01T17:12:41.110-0500] {processor.py:925} INFO - DAG(s) 'example_short_circuit_decorator' retrieved from /mnt/d/Universidad/ETL/Proyecto_airflow/venv/lib/python3.12/site-packages/airflow/example_dags/example_short_circuit_decorator.py
[2025-04-01T17:12:41.130-0500] {logging_mixin.py:190} INFO - [2025-04-01T17:12:41.129-0500] {dag.py:3239} INFO - Sync 1 DAGs
[2025-04-01T17:12:41.139-0500] {logging_mixin.py:190} INFO - [2025-04-01T17:12:41.138-0500] {dag.py:4180} INFO - Setting next_dagrun for example_short_circuit_decorator to None, run_after=None
[2025-04-01T17:12:41.243-0500] {processor.py:208} INFO - Processing /mnt/d/Universidad/ETL/Proyecto_airflow/venv/lib/python3.12/site-packages/airflow/example_dags/example_short_circuit_decorator.py took 0.199 seconds
[2025-04-01T17:14:13.834-0500] {processor.py:186} INFO - Started process (PID=6685) to work on /mnt/d/Universidad/ETL/Proyecto_airflow/venv/lib/python3.12/site-packages/airflow/example_dags/example_short_circuit_decorator.py
[2025-04-01T17:14:13.835-0500] {processor.py:914} INFO - Processing file /mnt/d/Universidad/ETL/Proyecto_airflow/venv/lib/python3.12/site-packages/airflow/example_dags/example_short_circuit_decorator.py for tasks to queue
[2025-04-01T17:14:13.837-0500] {logging_mixin.py:190} INFO - [2025-04-01T17:14:13.837-0500] {dagbag.py:588} INFO - Filling up the DagBag from /mnt/d/Universidad/ETL/Proyecto_airflow/venv/lib/python3.12/site-packages/airflow/example_dags/example_short_circuit_decorator.py
[2025-04-01T17:14:13.902-0500] {processor.py:925} INFO - DAG(s) 'example_short_circuit_decorator' retrieved from /mnt/d/Universidad/ETL/Proyecto_airflow/venv/lib/python3.12/site-packages/airflow/example_dags/example_short_circuit_decorator.py
[2025-04-01T17:14:13.925-0500] {logging_mixin.py:190} INFO - [2025-04-01T17:14:13.924-0500] {dag.py:3239} INFO - Sync 1 DAGs
[2025-04-01T17:14:13.935-0500] {logging_mixin.py:190} INFO - [2025-04-01T17:14:13.934-0500] {dag.py:4180} INFO - Setting next_dagrun for example_short_circuit_decorator to None, run_after=None
[2025-04-01T17:14:14.074-0500] {processor.py:208} INFO - Processing /mnt/d/Universidad/ETL/Proyecto_airflow/venv/lib/python3.12/site-packages/airflow/example_dags/example_short_circuit_decorator.py took 0.250 seconds
[2025-04-01T17:15:46.435-0500] {processor.py:186} INFO - Started process (PID=6755) to work on /mnt/d/Universidad/ETL/Proyecto_airflow/venv/lib/python3.12/site-packages/airflow/example_dags/example_short_circuit_decorator.py
[2025-04-01T17:15:46.436-0500] {processor.py:914} INFO - Processing file /mnt/d/Universidad/ETL/Proyecto_airflow/venv/lib/python3.12/site-packages/airflow/example_dags/example_short_circuit_decorator.py for tasks to queue
[2025-04-01T17:15:46.438-0500] {logging_mixin.py:190} INFO - [2025-04-01T17:15:46.437-0500] {dagbag.py:588} INFO - Filling up the DagBag from /mnt/d/Universidad/ETL/Proyecto_airflow/venv/lib/python3.12/site-packages/airflow/example_dags/example_short_circuit_decorator.py
[2025-04-01T17:15:46.492-0500] {processor.py:925} INFO - DAG(s) 'example_short_circuit_decorator' retrieved from /mnt/d/Universidad/ETL/Proyecto_airflow/venv/lib/python3.12/site-packages/airflow/example_dags/example_short_circuit_decorator.py
[2025-04-01T17:15:46.511-0500] {logging_mixin.py:190} INFO - [2025-04-01T17:15:46.510-0500] {dag.py:3239} INFO - Sync 1 DAGs
[2025-04-01T17:15:46.520-0500] {logging_mixin.py:190} INFO - [2025-04-01T17:15:46.519-0500] {dag.py:4180} INFO - Setting next_dagrun for example_short_circuit_decorator to None, run_after=None
[2025-04-01T17:15:46.620-0500] {processor.py:208} INFO - Processing /mnt/d/Universidad/ETL/Proyecto_airflow/venv/lib/python3.12/site-packages/airflow/example_dags/example_short_circuit_decorator.py took 0.193 seconds
[2025-04-01T17:17:23.865-0500] {processor.py:186} INFO - Started process (PID=6830) to work on /mnt/d/Universidad/ETL/Proyecto_airflow/venv/lib/python3.12/site-packages/airflow/example_dags/example_short_circuit_decorator.py
[2025-04-01T17:17:23.867-0500] {processor.py:914} INFO - Processing file /mnt/d/Universidad/ETL/Proyecto_airflow/venv/lib/python3.12/site-packages/airflow/example_dags/example_short_circuit_decorator.py for tasks to queue
[2025-04-01T17:17:23.869-0500] {logging_mixin.py:190} INFO - [2025-04-01T17:17:23.868-0500] {dagbag.py:588} INFO - Filling up the DagBag from /mnt/d/Universidad/ETL/Proyecto_airflow/venv/lib/python3.12/site-packages/airflow/example_dags/example_short_circuit_decorator.py
[2025-04-01T17:17:23.923-0500] {processor.py:925} INFO - DAG(s) 'example_short_circuit_decorator' retrieved from /mnt/d/Universidad/ETL/Proyecto_airflow/venv/lib/python3.12/site-packages/airflow/example_dags/example_short_circuit_decorator.py
[2025-04-01T17:17:23.942-0500] {logging_mixin.py:190} INFO - [2025-04-01T17:17:23.941-0500] {dag.py:3239} INFO - Sync 1 DAGs
[2025-04-01T17:17:23.951-0500] {logging_mixin.py:190} INFO - [2025-04-01T17:17:23.950-0500] {dag.py:4180} INFO - Setting next_dagrun for example_short_circuit_decorator to None, run_after=None
[2025-04-01T17:17:24.064-0500] {processor.py:208} INFO - Processing /mnt/d/Universidad/ETL/Proyecto_airflow/venv/lib/python3.12/site-packages/airflow/example_dags/example_short_circuit_decorator.py took 0.207 seconds
[2025-04-01T17:19:03.974-0500] {processor.py:186} INFO - Started process (PID=6903) to work on /mnt/d/Universidad/ETL/Proyecto_airflow/venv/lib/python3.12/site-packages/airflow/example_dags/example_short_circuit_decorator.py
[2025-04-01T17:19:03.976-0500] {processor.py:914} INFO - Processing file /mnt/d/Universidad/ETL/Proyecto_airflow/venv/lib/python3.12/site-packages/airflow/example_dags/example_short_circuit_decorator.py for tasks to queue
[2025-04-01T17:19:03.978-0500] {logging_mixin.py:190} INFO - [2025-04-01T17:19:03.977-0500] {dagbag.py:588} INFO - Filling up the DagBag from /mnt/d/Universidad/ETL/Proyecto_airflow/venv/lib/python3.12/site-packages/airflow/example_dags/example_short_circuit_decorator.py
[2025-04-01T17:19:04.032-0500] {processor.py:925} INFO - DAG(s) 'example_short_circuit_decorator' retrieved from /mnt/d/Universidad/ETL/Proyecto_airflow/venv/lib/python3.12/site-packages/airflow/example_dags/example_short_circuit_decorator.py
[2025-04-01T17:19:04.051-0500] {logging_mixin.py:190} INFO - [2025-04-01T17:19:04.051-0500] {dag.py:3239} INFO - Sync 1 DAGs
[2025-04-01T17:19:04.060-0500] {logging_mixin.py:190} INFO - [2025-04-01T17:19:04.060-0500] {dag.py:4180} INFO - Setting next_dagrun for example_short_circuit_decorator to None, run_after=None
[2025-04-01T17:19:04.157-0500] {processor.py:208} INFO - Processing /mnt/d/Universidad/ETL/Proyecto_airflow/venv/lib/python3.12/site-packages/airflow/example_dags/example_short_circuit_decorator.py took 0.191 seconds
[2025-04-01T17:20:45.511-0500] {processor.py:186} INFO - Started process (PID=6976) to work on /mnt/d/Universidad/ETL/Proyecto_airflow/venv/lib/python3.12/site-packages/airflow/example_dags/example_short_circuit_decorator.py
[2025-04-01T17:20:45.512-0500] {processor.py:914} INFO - Processing file /mnt/d/Universidad/ETL/Proyecto_airflow/venv/lib/python3.12/site-packages/airflow/example_dags/example_short_circuit_decorator.py for tasks to queue
[2025-04-01T17:20:45.514-0500] {logging_mixin.py:190} INFO - [2025-04-01T17:20:45.513-0500] {dagbag.py:588} INFO - Filling up the DagBag from /mnt/d/Universidad/ETL/Proyecto_airflow/venv/lib/python3.12/site-packages/airflow/example_dags/example_short_circuit_decorator.py
[2025-04-01T17:20:45.573-0500] {processor.py:925} INFO - DAG(s) 'example_short_circuit_decorator' retrieved from /mnt/d/Universidad/ETL/Proyecto_airflow/venv/lib/python3.12/site-packages/airflow/example_dags/example_short_circuit_decorator.py
[2025-04-01T17:20:45.594-0500] {logging_mixin.py:190} INFO - [2025-04-01T17:20:45.593-0500] {dag.py:3239} INFO - Sync 1 DAGs
[2025-04-01T17:20:45.603-0500] {logging_mixin.py:190} INFO - [2025-04-01T17:20:45.603-0500] {dag.py:4180} INFO - Setting next_dagrun for example_short_circuit_decorator to None, run_after=None
[2025-04-01T17:20:45.712-0500] {processor.py:208} INFO - Processing /mnt/d/Universidad/ETL/Proyecto_airflow/venv/lib/python3.12/site-packages/airflow/example_dags/example_short_circuit_decorator.py took 0.210 seconds
[2025-04-01T17:22:25.686-0500] {processor.py:186} INFO - Started process (PID=7050) to work on /mnt/d/Universidad/ETL/Proyecto_airflow/venv/lib/python3.12/site-packages/airflow/example_dags/example_short_circuit_decorator.py
[2025-04-01T17:22:25.687-0500] {processor.py:914} INFO - Processing file /mnt/d/Universidad/ETL/Proyecto_airflow/venv/lib/python3.12/site-packages/airflow/example_dags/example_short_circuit_decorator.py for tasks to queue
[2025-04-01T17:22:25.689-0500] {logging_mixin.py:190} INFO - [2025-04-01T17:22:25.688-0500] {dagbag.py:588} INFO - Filling up the DagBag from /mnt/d/Universidad/ETL/Proyecto_airflow/venv/lib/python3.12/site-packages/airflow/example_dags/example_short_circuit_decorator.py
[2025-04-01T17:22:25.743-0500] {processor.py:925} INFO - DAG(s) 'example_short_circuit_decorator' retrieved from /mnt/d/Universidad/ETL/Proyecto_airflow/venv/lib/python3.12/site-packages/airflow/example_dags/example_short_circuit_decorator.py
[2025-04-01T17:22:25.762-0500] {logging_mixin.py:190} INFO - [2025-04-01T17:22:25.761-0500] {dag.py:3239} INFO - Sync 1 DAGs
[2025-04-01T17:22:25.771-0500] {logging_mixin.py:190} INFO - [2025-04-01T17:22:25.770-0500] {dag.py:4180} INFO - Setting next_dagrun for example_short_circuit_decorator to None, run_after=None
[2025-04-01T17:22:25.874-0500] {processor.py:208} INFO - Processing /mnt/d/Universidad/ETL/Proyecto_airflow/venv/lib/python3.12/site-packages/airflow/example_dags/example_short_circuit_decorator.py took 0.196 seconds
[2025-04-01T17:23:59.945-0500] {processor.py:186} INFO - Started process (PID=7120) to work on /mnt/d/Universidad/ETL/Proyecto_airflow/venv/lib/python3.12/site-packages/airflow/example_dags/example_short_circuit_decorator.py
[2025-04-01T17:23:59.947-0500] {processor.py:914} INFO - Processing file /mnt/d/Universidad/ETL/Proyecto_airflow/venv/lib/python3.12/site-packages/airflow/example_dags/example_short_circuit_decorator.py for tasks to queue
[2025-04-01T17:23:59.949-0500] {logging_mixin.py:190} INFO - [2025-04-01T17:23:59.948-0500] {dagbag.py:588} INFO - Filling up the DagBag from /mnt/d/Universidad/ETL/Proyecto_airflow/venv/lib/python3.12/site-packages/airflow/example_dags/example_short_circuit_decorator.py
[2025-04-01T17:24:00.003-0500] {processor.py:925} INFO - DAG(s) 'example_short_circuit_decorator' retrieved from /mnt/d/Universidad/ETL/Proyecto_airflow/venv/lib/python3.12/site-packages/airflow/example_dags/example_short_circuit_decorator.py
[2025-04-01T17:24:00.022-0500] {logging_mixin.py:190} INFO - [2025-04-01T17:24:00.021-0500] {dag.py:3239} INFO - Sync 1 DAGs
[2025-04-01T17:24:00.031-0500] {logging_mixin.py:190} INFO - [2025-04-01T17:24:00.030-0500] {dag.py:4180} INFO - Setting next_dagrun for example_short_circuit_decorator to None, run_after=None
[2025-04-01T17:24:00.132-0500] {processor.py:208} INFO - Processing /mnt/d/Universidad/ETL/Proyecto_airflow/venv/lib/python3.12/site-packages/airflow/example_dags/example_short_circuit_decorator.py took 0.195 seconds
[2025-04-01T17:25:36.676-0500] {processor.py:186} INFO - Started process (PID=7192) to work on /mnt/d/Universidad/ETL/Proyecto_airflow/venv/lib/python3.12/site-packages/airflow/example_dags/example_short_circuit_decorator.py
[2025-04-01T17:25:36.677-0500] {processor.py:914} INFO - Processing file /mnt/d/Universidad/ETL/Proyecto_airflow/venv/lib/python3.12/site-packages/airflow/example_dags/example_short_circuit_decorator.py for tasks to queue
[2025-04-01T17:25:36.679-0500] {logging_mixin.py:190} INFO - [2025-04-01T17:25:36.679-0500] {dagbag.py:588} INFO - Filling up the DagBag from /mnt/d/Universidad/ETL/Proyecto_airflow/venv/lib/python3.12/site-packages/airflow/example_dags/example_short_circuit_decorator.py
[2025-04-01T17:25:36.733-0500] {processor.py:925} INFO - DAG(s) 'example_short_circuit_decorator' retrieved from /mnt/d/Universidad/ETL/Proyecto_airflow/venv/lib/python3.12/site-packages/airflow/example_dags/example_short_circuit_decorator.py
[2025-04-01T17:25:36.752-0500] {logging_mixin.py:190} INFO - [2025-04-01T17:25:36.752-0500] {dag.py:3239} INFO - Sync 1 DAGs
[2025-04-01T17:25:36.761-0500] {logging_mixin.py:190} INFO - [2025-04-01T17:25:36.761-0500] {dag.py:4180} INFO - Setting next_dagrun for example_short_circuit_decorator to None, run_after=None
[2025-04-01T17:25:36.868-0500] {processor.py:208} INFO - Processing /mnt/d/Universidad/ETL/Proyecto_airflow/venv/lib/python3.12/site-packages/airflow/example_dags/example_short_circuit_decorator.py took 0.200 seconds
[2025-04-01T17:27:16.286-0500] {processor.py:186} INFO - Started process (PID=7263) to work on /mnt/d/Universidad/ETL/Proyecto_airflow/venv/lib/python3.12/site-packages/airflow/example_dags/example_short_circuit_decorator.py
[2025-04-01T17:27:16.287-0500] {processor.py:914} INFO - Processing file /mnt/d/Universidad/ETL/Proyecto_airflow/venv/lib/python3.12/site-packages/airflow/example_dags/example_short_circuit_decorator.py for tasks to queue
[2025-04-01T17:27:16.290-0500] {logging_mixin.py:190} INFO - [2025-04-01T17:27:16.289-0500] {dagbag.py:588} INFO - Filling up the DagBag from /mnt/d/Universidad/ETL/Proyecto_airflow/venv/lib/python3.12/site-packages/airflow/example_dags/example_short_circuit_decorator.py
[2025-04-01T17:27:16.345-0500] {processor.py:925} INFO - DAG(s) 'example_short_circuit_decorator' retrieved from /mnt/d/Universidad/ETL/Proyecto_airflow/venv/lib/python3.12/site-packages/airflow/example_dags/example_short_circuit_decorator.py
[2025-04-01T17:27:16.364-0500] {logging_mixin.py:190} INFO - [2025-04-01T17:27:16.364-0500] {dag.py:3239} INFO - Sync 1 DAGs
[2025-04-01T17:27:16.373-0500] {logging_mixin.py:190} INFO - [2025-04-01T17:27:16.373-0500] {dag.py:4180} INFO - Setting next_dagrun for example_short_circuit_decorator to None, run_after=None
[2025-04-01T17:27:16.483-0500] {processor.py:208} INFO - Processing /mnt/d/Universidad/ETL/Proyecto_airflow/venv/lib/python3.12/site-packages/airflow/example_dags/example_short_circuit_decorator.py took 0.205 seconds
[2025-04-01T17:28:41.678-0500] {processor.py:186} INFO - Started process (PID=7331) to work on /mnt/d/Universidad/ETL/Proyecto_airflow/venv/lib/python3.12/site-packages/airflow/example_dags/example_short_circuit_decorator.py
[2025-04-01T17:28:41.679-0500] {processor.py:914} INFO - Processing file /mnt/d/Universidad/ETL/Proyecto_airflow/venv/lib/python3.12/site-packages/airflow/example_dags/example_short_circuit_decorator.py for tasks to queue
[2025-04-01T17:28:41.682-0500] {logging_mixin.py:190} INFO - [2025-04-01T17:28:41.681-0500] {dagbag.py:588} INFO - Filling up the DagBag from /mnt/d/Universidad/ETL/Proyecto_airflow/venv/lib/python3.12/site-packages/airflow/example_dags/example_short_circuit_decorator.py
[2025-04-01T17:28:41.735-0500] {processor.py:925} INFO - DAG(s) 'example_short_circuit_decorator' retrieved from /mnt/d/Universidad/ETL/Proyecto_airflow/venv/lib/python3.12/site-packages/airflow/example_dags/example_short_circuit_decorator.py
[2025-04-01T17:28:41.754-0500] {logging_mixin.py:190} INFO - [2025-04-01T17:28:41.753-0500] {dag.py:3239} INFO - Sync 1 DAGs
[2025-04-01T17:28:41.763-0500] {logging_mixin.py:190} INFO - [2025-04-01T17:28:41.762-0500] {dag.py:4180} INFO - Setting next_dagrun for example_short_circuit_decorator to None, run_after=None
[2025-04-01T17:28:41.875-0500] {processor.py:208} INFO - Processing /mnt/d/Universidad/ETL/Proyecto_airflow/venv/lib/python3.12/site-packages/airflow/example_dags/example_short_circuit_decorator.py took 0.205 seconds
[2025-04-01T17:30:16.053-0500] {processor.py:186} INFO - Started process (PID=7402) to work on /mnt/d/Universidad/ETL/Proyecto_airflow/venv/lib/python3.12/site-packages/airflow/example_dags/example_short_circuit_decorator.py
[2025-04-01T17:30:16.055-0500] {processor.py:914} INFO - Processing file /mnt/d/Universidad/ETL/Proyecto_airflow/venv/lib/python3.12/site-packages/airflow/example_dags/example_short_circuit_decorator.py for tasks to queue
[2025-04-01T17:30:16.057-0500] {logging_mixin.py:190} INFO - [2025-04-01T17:30:16.056-0500] {dagbag.py:588} INFO - Filling up the DagBag from /mnt/d/Universidad/ETL/Proyecto_airflow/venv/lib/python3.12/site-packages/airflow/example_dags/example_short_circuit_decorator.py
[2025-04-01T17:30:16.117-0500] {processor.py:925} INFO - DAG(s) 'example_short_circuit_decorator' retrieved from /mnt/d/Universidad/ETL/Proyecto_airflow/venv/lib/python3.12/site-packages/airflow/example_dags/example_short_circuit_decorator.py
[2025-04-01T17:30:16.139-0500] {logging_mixin.py:190} INFO - [2025-04-01T17:30:16.138-0500] {dag.py:3239} INFO - Sync 1 DAGs
[2025-04-01T17:30:16.149-0500] {logging_mixin.py:190} INFO - [2025-04-01T17:30:16.148-0500] {dag.py:4180} INFO - Setting next_dagrun for example_short_circuit_decorator to None, run_after=None
[2025-04-01T17:30:16.232-0500] {processor.py:208} INFO - Processing /mnt/d/Universidad/ETL/Proyecto_airflow/venv/lib/python3.12/site-packages/airflow/example_dags/example_short_circuit_decorator.py took 0.187 seconds
