[2025-04-01T16:17:55.567-0500] {processor.py:186} INFO - Started process (PID=4114) to work on /mnt/d/Universidad/ETL/Proyecto_airflow/venv/lib/python3.12/site-packages/airflow/example_dags/example_bash_decorator.py
[2025-04-01T16:17:55.568-0500] {processor.py:914} INFO - Processing file /mnt/d/Universidad/ETL/Proyecto_airflow/venv/lib/python3.12/site-packages/airflow/example_dags/example_bash_decorator.py for tasks to queue
[2025-04-01T16:17:55.570-0500] {logging_mixin.py:190} INFO - [2025-04-01T16:17:55.569-0500] {dagbag.py:588} INFO - Filling up the DagBag from /mnt/d/Universidad/ETL/Proyecto_airflow/venv/lib/python3.12/site-packages/airflow/example_dags/example_bash_decorator.py
[2025-04-01T16:17:55.632-0500] {processor.py:925} INFO - DAG(s) 'example_bash_decorator' retrieved from /mnt/d/Universidad/ETL/Proyecto_airflow/venv/lib/python3.12/site-packages/airflow/example_dags/example_bash_decorator.py
[2025-04-01T16:17:56.635-0500] {logging_mixin.py:190} INFO - [2025-04-01T16:17:56.634-0500] {override.py:1930} INFO - Created Permission View: can read on DAG:example_bash_decorator
[2025-04-01T16:17:56.681-0500] {logging_mixin.py:190} INFO - [2025-04-01T16:17:56.680-0500] {override.py:1930} INFO - Created Permission View: can edit on DAG:example_bash_decorator
[2025-04-01T16:17:56.720-0500] {logging_mixin.py:190} INFO - [2025-04-01T16:17:56.719-0500] {override.py:1930} INFO - Created Permission View: can delete on DAG:example_bash_decorator
[2025-04-01T16:17:56.827-0500] {logging_mixin.py:190} INFO - [2025-04-01T16:17:56.826-0500] {override.py:1930} INFO - Created Permission View: can create on DAG Run:example_bash_decorator
[2025-04-01T16:17:56.896-0500] {logging_mixin.py:190} INFO - [2025-04-01T16:17:56.895-0500] {override.py:1930} INFO - Created Permission View: menu access on DAG Run:example_bash_decorator
[2025-04-01T16:17:56.935-0500] {logging_mixin.py:190} INFO - [2025-04-01T16:17:56.934-0500] {override.py:1930} INFO - Created Permission View: can read on DAG Run:example_bash_decorator
[2025-04-01T16:17:56.973-0500] {logging_mixin.py:190} INFO - [2025-04-01T16:17:56.972-0500] {override.py:1930} INFO - Created Permission View: can delete on DAG Run:example_bash_decorator
[2025-04-01T16:17:56.974-0500] {logging_mixin.py:190} INFO - [2025-04-01T16:17:56.974-0500] {dag.py:3239} INFO - Sync 1 DAGs
[2025-04-01T16:17:56.988-0500] {logging_mixin.py:190} INFO - [2025-04-01T16:17:56.987-0500] {dag.py:3262} INFO - Creating ORM DAG for example_bash_decorator
[2025-04-01T16:17:56.989-0500] {logging_mixin.py:190} INFO - [2025-04-01T16:17:56.989-0500] {dag.py:4180} INFO - Setting next_dagrun for example_bash_decorator to None, run_after=None
[2025-04-01T16:17:57.059-0500] {processor.py:208} INFO - Processing /mnt/d/Universidad/ETL/Proyecto_airflow/venv/lib/python3.12/site-packages/airflow/example_dags/example_bash_decorator.py took 1.501 seconds
[2025-04-01T16:19:41.548-0500] {processor.py:186} INFO - Started process (PID=4201) to work on /mnt/d/Universidad/ETL/Proyecto_airflow/venv/lib/python3.12/site-packages/airflow/example_dags/example_bash_decorator.py
[2025-04-01T16:19:41.550-0500] {processor.py:914} INFO - Processing file /mnt/d/Universidad/ETL/Proyecto_airflow/venv/lib/python3.12/site-packages/airflow/example_dags/example_bash_decorator.py for tasks to queue
[2025-04-01T16:19:41.552-0500] {logging_mixin.py:190} INFO - [2025-04-01T16:19:41.551-0500] {dagbag.py:588} INFO - Filling up the DagBag from /mnt/d/Universidad/ETL/Proyecto_airflow/venv/lib/python3.12/site-packages/airflow/example_dags/example_bash_decorator.py
[2025-04-01T16:19:41.618-0500] {processor.py:925} INFO - DAG(s) 'example_bash_decorator' retrieved from /mnt/d/Universidad/ETL/Proyecto_airflow/venv/lib/python3.12/site-packages/airflow/example_dags/example_bash_decorator.py
[2025-04-01T16:19:41.639-0500] {logging_mixin.py:190} INFO - [2025-04-01T16:19:41.638-0500] {dag.py:3239} INFO - Sync 1 DAGs
[2025-04-01T16:19:41.649-0500] {logging_mixin.py:190} INFO - [2025-04-01T16:19:41.648-0500] {dag.py:4180} INFO - Setting next_dagrun for example_bash_decorator to None, run_after=None
[2025-04-01T16:19:41.749-0500] {processor.py:208} INFO - Processing /mnt/d/Universidad/ETL/Proyecto_airflow/venv/lib/python3.12/site-packages/airflow/example_dags/example_bash_decorator.py took 0.209 seconds
[2025-04-01T16:21:10.657-0500] {processor.py:186} INFO - Started process (PID=4273) to work on /mnt/d/Universidad/ETL/Proyecto_airflow/venv/lib/python3.12/site-packages/airflow/example_dags/example_bash_decorator.py
[2025-04-01T16:21:10.658-0500] {processor.py:914} INFO - Processing file /mnt/d/Universidad/ETL/Proyecto_airflow/venv/lib/python3.12/site-packages/airflow/example_dags/example_bash_decorator.py for tasks to queue
[2025-04-01T16:21:10.660-0500] {logging_mixin.py:190} INFO - [2025-04-01T16:21:10.660-0500] {dagbag.py:588} INFO - Filling up the DagBag from /mnt/d/Universidad/ETL/Proyecto_airflow/venv/lib/python3.12/site-packages/airflow/example_dags/example_bash_decorator.py
[2025-04-01T16:21:10.724-0500] {processor.py:925} INFO - DAG(s) 'example_bash_decorator' retrieved from /mnt/d/Universidad/ETL/Proyecto_airflow/venv/lib/python3.12/site-packages/airflow/example_dags/example_bash_decorator.py
[2025-04-01T16:21:10.744-0500] {logging_mixin.py:190} INFO - [2025-04-01T16:21:10.744-0500] {dag.py:3239} INFO - Sync 1 DAGs
[2025-04-01T16:21:10.754-0500] {logging_mixin.py:190} INFO - [2025-04-01T16:21:10.753-0500] {dag.py:4180} INFO - Setting next_dagrun for example_bash_decorator to None, run_after=None
[2025-04-01T16:21:10.863-0500] {processor.py:208} INFO - Processing /mnt/d/Universidad/ETL/Proyecto_airflow/venv/lib/python3.12/site-packages/airflow/example_dags/example_bash_decorator.py took 0.215 seconds
[2025-04-01T16:22:34.055-0500] {processor.py:186} INFO - Started process (PID=4342) to work on /mnt/d/Universidad/ETL/Proyecto_airflow/venv/lib/python3.12/site-packages/airflow/example_dags/example_bash_decorator.py
[2025-04-01T16:22:34.056-0500] {processor.py:914} INFO - Processing file /mnt/d/Universidad/ETL/Proyecto_airflow/venv/lib/python3.12/site-packages/airflow/example_dags/example_bash_decorator.py for tasks to queue
[2025-04-01T16:22:34.058-0500] {logging_mixin.py:190} INFO - [2025-04-01T16:22:34.057-0500] {dagbag.py:588} INFO - Filling up the DagBag from /mnt/d/Universidad/ETL/Proyecto_airflow/venv/lib/python3.12/site-packages/airflow/example_dags/example_bash_decorator.py
[2025-04-01T16:22:34.129-0500] {processor.py:925} INFO - DAG(s) 'example_bash_decorator' retrieved from /mnt/d/Universidad/ETL/Proyecto_airflow/venv/lib/python3.12/site-packages/airflow/example_dags/example_bash_decorator.py
[2025-04-01T16:22:34.150-0500] {logging_mixin.py:190} INFO - [2025-04-01T16:22:34.149-0500] {dag.py:3239} INFO - Sync 1 DAGs
[2025-04-01T16:22:34.160-0500] {logging_mixin.py:190} INFO - [2025-04-01T16:22:34.159-0500] {dag.py:4180} INFO - Setting next_dagrun for example_bash_decorator to None, run_after=None
[2025-04-01T16:22:34.247-0500] {processor.py:208} INFO - Processing /mnt/d/Universidad/ETL/Proyecto_airflow/venv/lib/python3.12/site-packages/airflow/example_dags/example_bash_decorator.py took 0.201 seconds
[2025-04-01T16:24:02.608-0500] {processor.py:186} INFO - Started process (PID=4412) to work on /mnt/d/Universidad/ETL/Proyecto_airflow/venv/lib/python3.12/site-packages/airflow/example_dags/example_bash_decorator.py
[2025-04-01T16:24:02.609-0500] {processor.py:914} INFO - Processing file /mnt/d/Universidad/ETL/Proyecto_airflow/venv/lib/python3.12/site-packages/airflow/example_dags/example_bash_decorator.py for tasks to queue
[2025-04-01T16:24:02.611-0500] {logging_mixin.py:190} INFO - [2025-04-01T16:24:02.610-0500] {dagbag.py:588} INFO - Filling up the DagBag from /mnt/d/Universidad/ETL/Proyecto_airflow/venv/lib/python3.12/site-packages/airflow/example_dags/example_bash_decorator.py
[2025-04-01T16:24:02.673-0500] {processor.py:925} INFO - DAG(s) 'example_bash_decorator' retrieved from /mnt/d/Universidad/ETL/Proyecto_airflow/venv/lib/python3.12/site-packages/airflow/example_dags/example_bash_decorator.py
[2025-04-01T16:24:02.692-0500] {logging_mixin.py:190} INFO - [2025-04-01T16:24:02.691-0500] {dag.py:3239} INFO - Sync 1 DAGs
[2025-04-01T16:24:02.701-0500] {logging_mixin.py:190} INFO - [2025-04-01T16:24:02.700-0500] {dag.py:4180} INFO - Setting next_dagrun for example_bash_decorator to None, run_after=None
[2025-04-01T16:24:02.778-0500] {processor.py:208} INFO - Processing /mnt/d/Universidad/ETL/Proyecto_airflow/venv/lib/python3.12/site-packages/airflow/example_dags/example_bash_decorator.py took 0.178 seconds
[2025-04-01T16:25:38.268-0500] {processor.py:186} INFO - Started process (PID=4482) to work on /mnt/d/Universidad/ETL/Proyecto_airflow/venv/lib/python3.12/site-packages/airflow/example_dags/example_bash_decorator.py
[2025-04-01T16:25:38.269-0500] {processor.py:914} INFO - Processing file /mnt/d/Universidad/ETL/Proyecto_airflow/venv/lib/python3.12/site-packages/airflow/example_dags/example_bash_decorator.py for tasks to queue
[2025-04-01T16:25:38.271-0500] {logging_mixin.py:190} INFO - [2025-04-01T16:25:38.270-0500] {dagbag.py:588} INFO - Filling up the DagBag from /mnt/d/Universidad/ETL/Proyecto_airflow/venv/lib/python3.12/site-packages/airflow/example_dags/example_bash_decorator.py
[2025-04-01T16:25:38.333-0500] {processor.py:925} INFO - DAG(s) 'example_bash_decorator' retrieved from /mnt/d/Universidad/ETL/Proyecto_airflow/venv/lib/python3.12/site-packages/airflow/example_dags/example_bash_decorator.py
[2025-04-01T16:25:38.352-0500] {logging_mixin.py:190} INFO - [2025-04-01T16:25:38.352-0500] {dag.py:3239} INFO - Sync 1 DAGs
[2025-04-01T16:25:38.361-0500] {logging_mixin.py:190} INFO - [2025-04-01T16:25:38.360-0500] {dag.py:4180} INFO - Setting next_dagrun for example_bash_decorator to None, run_after=None
[2025-04-01T16:25:38.484-0500] {processor.py:208} INFO - Processing /mnt/d/Universidad/ETL/Proyecto_airflow/venv/lib/python3.12/site-packages/airflow/example_dags/example_bash_decorator.py took 0.224 seconds
[2025-04-01T16:27:10.109-0500] {processor.py:186} INFO - Started process (PID=4554) to work on /mnt/d/Universidad/ETL/Proyecto_airflow/venv/lib/python3.12/site-packages/airflow/example_dags/example_bash_decorator.py
[2025-04-01T16:27:10.110-0500] {processor.py:914} INFO - Processing file /mnt/d/Universidad/ETL/Proyecto_airflow/venv/lib/python3.12/site-packages/airflow/example_dags/example_bash_decorator.py for tasks to queue
[2025-04-01T16:27:10.113-0500] {logging_mixin.py:190} INFO - [2025-04-01T16:27:10.112-0500] {dagbag.py:588} INFO - Filling up the DagBag from /mnt/d/Universidad/ETL/Proyecto_airflow/venv/lib/python3.12/site-packages/airflow/example_dags/example_bash_decorator.py
[2025-04-01T16:27:10.176-0500] {processor.py:925} INFO - DAG(s) 'example_bash_decorator' retrieved from /mnt/d/Universidad/ETL/Proyecto_airflow/venv/lib/python3.12/site-packages/airflow/example_dags/example_bash_decorator.py
[2025-04-01T16:27:10.197-0500] {logging_mixin.py:190} INFO - [2025-04-01T16:27:10.196-0500] {dag.py:3239} INFO - Sync 1 DAGs
[2025-04-01T16:27:10.207-0500] {logging_mixin.py:190} INFO - [2025-04-01T16:27:10.206-0500] {dag.py:4180} INFO - Setting next_dagrun for example_bash_decorator to None, run_after=None
[2025-04-01T16:27:10.285-0500] {processor.py:208} INFO - Processing /mnt/d/Universidad/ETL/Proyecto_airflow/venv/lib/python3.12/site-packages/airflow/example_dags/example_bash_decorator.py took 0.184 seconds
[2025-04-01T16:28:42.790-0500] {processor.py:186} INFO - Started process (PID=4625) to work on /mnt/d/Universidad/ETL/Proyecto_airflow/venv/lib/python3.12/site-packages/airflow/example_dags/example_bash_decorator.py
[2025-04-01T16:28:42.791-0500] {processor.py:914} INFO - Processing file /mnt/d/Universidad/ETL/Proyecto_airflow/venv/lib/python3.12/site-packages/airflow/example_dags/example_bash_decorator.py for tasks to queue
[2025-04-01T16:28:42.793-0500] {logging_mixin.py:190} INFO - [2025-04-01T16:28:42.792-0500] {dagbag.py:588} INFO - Filling up the DagBag from /mnt/d/Universidad/ETL/Proyecto_airflow/venv/lib/python3.12/site-packages/airflow/example_dags/example_bash_decorator.py
[2025-04-01T16:28:42.854-0500] {processor.py:925} INFO - DAG(s) 'example_bash_decorator' retrieved from /mnt/d/Universidad/ETL/Proyecto_airflow/venv/lib/python3.12/site-packages/airflow/example_dags/example_bash_decorator.py
[2025-04-01T16:28:42.873-0500] {logging_mixin.py:190} INFO - [2025-04-01T16:28:42.873-0500] {dag.py:3239} INFO - Sync 1 DAGs
[2025-04-01T16:28:42.883-0500] {logging_mixin.py:190} INFO - [2025-04-01T16:28:42.883-0500] {dag.py:4180} INFO - Setting next_dagrun for example_bash_decorator to None, run_after=None
[2025-04-01T16:28:42.969-0500] {processor.py:208} INFO - Processing /mnt/d/Universidad/ETL/Proyecto_airflow/venv/lib/python3.12/site-packages/airflow/example_dags/example_bash_decorator.py took 0.187 seconds
[2025-04-01T16:30:16.383-0500] {processor.py:186} INFO - Started process (PID=4697) to work on /mnt/d/Universidad/ETL/Proyecto_airflow/venv/lib/python3.12/site-packages/airflow/example_dags/example_bash_decorator.py
[2025-04-01T16:30:16.385-0500] {processor.py:914} INFO - Processing file /mnt/d/Universidad/ETL/Proyecto_airflow/venv/lib/python3.12/site-packages/airflow/example_dags/example_bash_decorator.py for tasks to queue
[2025-04-01T16:30:16.387-0500] {logging_mixin.py:190} INFO - [2025-04-01T16:30:16.386-0500] {dagbag.py:588} INFO - Filling up the DagBag from /mnt/d/Universidad/ETL/Proyecto_airflow/venv/lib/python3.12/site-packages/airflow/example_dags/example_bash_decorator.py
[2025-04-01T16:30:16.449-0500] {processor.py:925} INFO - DAG(s) 'example_bash_decorator' retrieved from /mnt/d/Universidad/ETL/Proyecto_airflow/venv/lib/python3.12/site-packages/airflow/example_dags/example_bash_decorator.py
[2025-04-01T16:30:16.468-0500] {logging_mixin.py:190} INFO - [2025-04-01T16:30:16.467-0500] {dag.py:3239} INFO - Sync 1 DAGs
[2025-04-01T16:30:16.477-0500] {logging_mixin.py:190} INFO - [2025-04-01T16:30:16.476-0500] {dag.py:4180} INFO - Setting next_dagrun for example_bash_decorator to None, run_after=None
[2025-04-01T16:30:16.584-0500] {processor.py:208} INFO - Processing /mnt/d/Universidad/ETL/Proyecto_airflow/venv/lib/python3.12/site-packages/airflow/example_dags/example_bash_decorator.py took 0.208 seconds
[2025-04-01T16:31:47.605-0500] {processor.py:186} INFO - Started process (PID=4767) to work on /mnt/d/Universidad/ETL/Proyecto_airflow/venv/lib/python3.12/site-packages/airflow/example_dags/example_bash_decorator.py
[2025-04-01T16:31:47.606-0500] {processor.py:914} INFO - Processing file /mnt/d/Universidad/ETL/Proyecto_airflow/venv/lib/python3.12/site-packages/airflow/example_dags/example_bash_decorator.py for tasks to queue
[2025-04-01T16:31:47.608-0500] {logging_mixin.py:190} INFO - [2025-04-01T16:31:47.607-0500] {dagbag.py:588} INFO - Filling up the DagBag from /mnt/d/Universidad/ETL/Proyecto_airflow/venv/lib/python3.12/site-packages/airflow/example_dags/example_bash_decorator.py
[2025-04-01T16:31:47.670-0500] {processor.py:925} INFO - DAG(s) 'example_bash_decorator' retrieved from /mnt/d/Universidad/ETL/Proyecto_airflow/venv/lib/python3.12/site-packages/airflow/example_dags/example_bash_decorator.py
[2025-04-01T16:31:47.690-0500] {logging_mixin.py:190} INFO - [2025-04-01T16:31:47.689-0500] {dag.py:3239} INFO - Sync 1 DAGs
[2025-04-01T16:31:47.699-0500] {logging_mixin.py:190} INFO - [2025-04-01T16:31:47.698-0500] {dag.py:4180} INFO - Setting next_dagrun for example_bash_decorator to None, run_after=None
[2025-04-01T16:31:47.803-0500] {processor.py:208} INFO - Processing /mnt/d/Universidad/ETL/Proyecto_airflow/venv/lib/python3.12/site-packages/airflow/example_dags/example_bash_decorator.py took 0.205 seconds
[2025-04-01T16:33:23.102-0500] {processor.py:186} INFO - Started process (PID=4841) to work on /mnt/d/Universidad/ETL/Proyecto_airflow/venv/lib/python3.12/site-packages/airflow/example_dags/example_bash_decorator.py
[2025-04-01T16:33:23.103-0500] {processor.py:914} INFO - Processing file /mnt/d/Universidad/ETL/Proyecto_airflow/venv/lib/python3.12/site-packages/airflow/example_dags/example_bash_decorator.py for tasks to queue
[2025-04-01T16:33:23.106-0500] {logging_mixin.py:190} INFO - [2025-04-01T16:33:23.105-0500] {dagbag.py:588} INFO - Filling up the DagBag from /mnt/d/Universidad/ETL/Proyecto_airflow/venv/lib/python3.12/site-packages/airflow/example_dags/example_bash_decorator.py
[2025-04-01T16:33:23.169-0500] {processor.py:925} INFO - DAG(s) 'example_bash_decorator' retrieved from /mnt/d/Universidad/ETL/Proyecto_airflow/venv/lib/python3.12/site-packages/airflow/example_dags/example_bash_decorator.py
[2025-04-01T16:33:23.189-0500] {logging_mixin.py:190} INFO - [2025-04-01T16:33:23.188-0500] {dag.py:3239} INFO - Sync 1 DAGs
[2025-04-01T16:33:23.197-0500] {logging_mixin.py:190} INFO - [2025-04-01T16:33:23.197-0500] {dag.py:4180} INFO - Setting next_dagrun for example_bash_decorator to None, run_after=None
[2025-04-01T16:33:23.289-0500] {processor.py:208} INFO - Processing /mnt/d/Universidad/ETL/Proyecto_airflow/venv/lib/python3.12/site-packages/airflow/example_dags/example_bash_decorator.py took 0.195 seconds
[2025-04-01T16:34:49.229-0500] {processor.py:186} INFO - Started process (PID=4909) to work on /mnt/d/Universidad/ETL/Proyecto_airflow/venv/lib/python3.12/site-packages/airflow/example_dags/example_bash_decorator.py
[2025-04-01T16:34:49.230-0500] {processor.py:914} INFO - Processing file /mnt/d/Universidad/ETL/Proyecto_airflow/venv/lib/python3.12/site-packages/airflow/example_dags/example_bash_decorator.py for tasks to queue
[2025-04-01T16:34:49.232-0500] {logging_mixin.py:190} INFO - [2025-04-01T16:34:49.231-0500] {dagbag.py:588} INFO - Filling up the DagBag from /mnt/d/Universidad/ETL/Proyecto_airflow/venv/lib/python3.12/site-packages/airflow/example_dags/example_bash_decorator.py
[2025-04-01T16:34:49.294-0500] {processor.py:925} INFO - DAG(s) 'example_bash_decorator' retrieved from /mnt/d/Universidad/ETL/Proyecto_airflow/venv/lib/python3.12/site-packages/airflow/example_dags/example_bash_decorator.py
[2025-04-01T16:34:49.313-0500] {logging_mixin.py:190} INFO - [2025-04-01T16:34:49.313-0500] {dag.py:3239} INFO - Sync 1 DAGs
[2025-04-01T16:34:49.322-0500] {logging_mixin.py:190} INFO - [2025-04-01T16:34:49.322-0500] {dag.py:4180} INFO - Setting next_dagrun for example_bash_decorator to None, run_after=None
[2025-04-01T16:34:49.393-0500] {processor.py:208} INFO - Processing /mnt/d/Universidad/ETL/Proyecto_airflow/venv/lib/python3.12/site-packages/airflow/example_dags/example_bash_decorator.py took 0.172 seconds
[2025-04-01T16:36:19.108-0500] {processor.py:186} INFO - Started process (PID=4978) to work on /mnt/d/Universidad/ETL/Proyecto_airflow/venv/lib/python3.12/site-packages/airflow/example_dags/example_bash_decorator.py
[2025-04-01T16:36:19.109-0500] {processor.py:914} INFO - Processing file /mnt/d/Universidad/ETL/Proyecto_airflow/venv/lib/python3.12/site-packages/airflow/example_dags/example_bash_decorator.py for tasks to queue
[2025-04-01T16:36:19.111-0500] {logging_mixin.py:190} INFO - [2025-04-01T16:36:19.111-0500] {dagbag.py:588} INFO - Filling up the DagBag from /mnt/d/Universidad/ETL/Proyecto_airflow/venv/lib/python3.12/site-packages/airflow/example_dags/example_bash_decorator.py
[2025-04-01T16:36:19.173-0500] {processor.py:925} INFO - DAG(s) 'example_bash_decorator' retrieved from /mnt/d/Universidad/ETL/Proyecto_airflow/venv/lib/python3.12/site-packages/airflow/example_dags/example_bash_decorator.py
[2025-04-01T16:36:19.193-0500] {logging_mixin.py:190} INFO - [2025-04-01T16:36:19.192-0500] {dag.py:3239} INFO - Sync 1 DAGs
[2025-04-01T16:36:19.201-0500] {logging_mixin.py:190} INFO - [2025-04-01T16:36:19.201-0500] {dag.py:4180} INFO - Setting next_dagrun for example_bash_decorator to None, run_after=None
[2025-04-01T16:36:19.282-0500] {processor.py:208} INFO - Processing /mnt/d/Universidad/ETL/Proyecto_airflow/venv/lib/python3.12/site-packages/airflow/example_dags/example_bash_decorator.py took 0.182 seconds
[2025-04-01T16:37:53.082-0500] {processor.py:186} INFO - Started process (PID=5048) to work on /mnt/d/Universidad/ETL/Proyecto_airflow/venv/lib/python3.12/site-packages/airflow/example_dags/example_bash_decorator.py
[2025-04-01T16:37:53.084-0500] {processor.py:914} INFO - Processing file /mnt/d/Universidad/ETL/Proyecto_airflow/venv/lib/python3.12/site-packages/airflow/example_dags/example_bash_decorator.py for tasks to queue
[2025-04-01T16:37:53.086-0500] {logging_mixin.py:190} INFO - [2025-04-01T16:37:53.085-0500] {dagbag.py:588} INFO - Filling up the DagBag from /mnt/d/Universidad/ETL/Proyecto_airflow/venv/lib/python3.12/site-packages/airflow/example_dags/example_bash_decorator.py
[2025-04-01T16:37:53.149-0500] {processor.py:925} INFO - DAG(s) 'example_bash_decorator' retrieved from /mnt/d/Universidad/ETL/Proyecto_airflow/venv/lib/python3.12/site-packages/airflow/example_dags/example_bash_decorator.py
[2025-04-01T16:37:53.171-0500] {logging_mixin.py:190} INFO - [2025-04-01T16:37:53.170-0500] {dag.py:3239} INFO - Sync 1 DAGs
[2025-04-01T16:37:53.181-0500] {logging_mixin.py:190} INFO - [2025-04-01T16:37:53.180-0500] {dag.py:4180} INFO - Setting next_dagrun for example_bash_decorator to None, run_after=None
[2025-04-01T16:37:53.284-0500] {processor.py:208} INFO - Processing /mnt/d/Universidad/ETL/Proyecto_airflow/venv/lib/python3.12/site-packages/airflow/example_dags/example_bash_decorator.py took 0.209 seconds
[2025-04-01T16:39:23.394-0500] {processor.py:186} INFO - Started process (PID=5118) to work on /mnt/d/Universidad/ETL/Proyecto_airflow/venv/lib/python3.12/site-packages/airflow/example_dags/example_bash_decorator.py
[2025-04-01T16:39:23.395-0500] {processor.py:914} INFO - Processing file /mnt/d/Universidad/ETL/Proyecto_airflow/venv/lib/python3.12/site-packages/airflow/example_dags/example_bash_decorator.py for tasks to queue
[2025-04-01T16:39:23.398-0500] {logging_mixin.py:190} INFO - [2025-04-01T16:39:23.397-0500] {dagbag.py:588} INFO - Filling up the DagBag from /mnt/d/Universidad/ETL/Proyecto_airflow/venv/lib/python3.12/site-packages/airflow/example_dags/example_bash_decorator.py
[2025-04-01T16:39:23.460-0500] {processor.py:925} INFO - DAG(s) 'example_bash_decorator' retrieved from /mnt/d/Universidad/ETL/Proyecto_airflow/venv/lib/python3.12/site-packages/airflow/example_dags/example_bash_decorator.py
[2025-04-01T16:39:23.479-0500] {logging_mixin.py:190} INFO - [2025-04-01T16:39:23.478-0500] {dag.py:3239} INFO - Sync 1 DAGs
[2025-04-01T16:39:23.488-0500] {logging_mixin.py:190} INFO - [2025-04-01T16:39:23.487-0500] {dag.py:4180} INFO - Setting next_dagrun for example_bash_decorator to None, run_after=None
[2025-04-01T16:39:23.593-0500] {processor.py:208} INFO - Processing /mnt/d/Universidad/ETL/Proyecto_airflow/venv/lib/python3.12/site-packages/airflow/example_dags/example_bash_decorator.py took 0.207 seconds
[2025-04-01T16:41:00.873-0500] {processor.py:186} INFO - Started process (PID=5191) to work on /mnt/d/Universidad/ETL/Proyecto_airflow/venv/lib/python3.12/site-packages/airflow/example_dags/example_bash_decorator.py
[2025-04-01T16:41:00.874-0500] {processor.py:914} INFO - Processing file /mnt/d/Universidad/ETL/Proyecto_airflow/venv/lib/python3.12/site-packages/airflow/example_dags/example_bash_decorator.py for tasks to queue
[2025-04-01T16:41:00.877-0500] {logging_mixin.py:190} INFO - [2025-04-01T16:41:00.876-0500] {dagbag.py:588} INFO - Filling up the DagBag from /mnt/d/Universidad/ETL/Proyecto_airflow/venv/lib/python3.12/site-packages/airflow/example_dags/example_bash_decorator.py
[2025-04-01T16:41:00.938-0500] {processor.py:925} INFO - DAG(s) 'example_bash_decorator' retrieved from /mnt/d/Universidad/ETL/Proyecto_airflow/venv/lib/python3.12/site-packages/airflow/example_dags/example_bash_decorator.py
[2025-04-01T16:41:00.958-0500] {logging_mixin.py:190} INFO - [2025-04-01T16:41:00.957-0500] {dag.py:3239} INFO - Sync 1 DAGs
[2025-04-01T16:41:00.967-0500] {logging_mixin.py:190} INFO - [2025-04-01T16:41:00.966-0500] {dag.py:4180} INFO - Setting next_dagrun for example_bash_decorator to None, run_after=None
[2025-04-01T16:41:01.078-0500] {processor.py:208} INFO - Processing /mnt/d/Universidad/ETL/Proyecto_airflow/venv/lib/python3.12/site-packages/airflow/example_dags/example_bash_decorator.py took 0.213 seconds
[2025-04-01T16:42:37.542-0500] {processor.py:186} INFO - Started process (PID=5264) to work on /mnt/d/Universidad/ETL/Proyecto_airflow/venv/lib/python3.12/site-packages/airflow/example_dags/example_bash_decorator.py
[2025-04-01T16:42:37.543-0500] {processor.py:914} INFO - Processing file /mnt/d/Universidad/ETL/Proyecto_airflow/venv/lib/python3.12/site-packages/airflow/example_dags/example_bash_decorator.py for tasks to queue
[2025-04-01T16:42:37.545-0500] {logging_mixin.py:190} INFO - [2025-04-01T16:42:37.544-0500] {dagbag.py:588} INFO - Filling up the DagBag from /mnt/d/Universidad/ETL/Proyecto_airflow/venv/lib/python3.12/site-packages/airflow/example_dags/example_bash_decorator.py
[2025-04-01T16:42:37.607-0500] {processor.py:925} INFO - DAG(s) 'example_bash_decorator' retrieved from /mnt/d/Universidad/ETL/Proyecto_airflow/venv/lib/python3.12/site-packages/airflow/example_dags/example_bash_decorator.py
[2025-04-01T16:42:37.627-0500] {logging_mixin.py:190} INFO - [2025-04-01T16:42:37.626-0500] {dag.py:3239} INFO - Sync 1 DAGs
[2025-04-01T16:42:37.635-0500] {logging_mixin.py:190} INFO - [2025-04-01T16:42:37.635-0500] {dag.py:4180} INFO - Setting next_dagrun for example_bash_decorator to None, run_after=None
[2025-04-01T16:42:37.733-0500] {processor.py:208} INFO - Processing /mnt/d/Universidad/ETL/Proyecto_airflow/venv/lib/python3.12/site-packages/airflow/example_dags/example_bash_decorator.py took 0.198 seconds
[2025-04-01T16:44:12.083-0500] {processor.py:186} INFO - Started process (PID=5334) to work on /mnt/d/Universidad/ETL/Proyecto_airflow/venv/lib/python3.12/site-packages/airflow/example_dags/example_bash_decorator.py
[2025-04-01T16:44:12.084-0500] {processor.py:914} INFO - Processing file /mnt/d/Universidad/ETL/Proyecto_airflow/venv/lib/python3.12/site-packages/airflow/example_dags/example_bash_decorator.py for tasks to queue
[2025-04-01T16:44:12.087-0500] {logging_mixin.py:190} INFO - [2025-04-01T16:44:12.086-0500] {dagbag.py:588} INFO - Filling up the DagBag from /mnt/d/Universidad/ETL/Proyecto_airflow/venv/lib/python3.12/site-packages/airflow/example_dags/example_bash_decorator.py
[2025-04-01T16:44:12.155-0500] {processor.py:925} INFO - DAG(s) 'example_bash_decorator' retrieved from /mnt/d/Universidad/ETL/Proyecto_airflow/venv/lib/python3.12/site-packages/airflow/example_dags/example_bash_decorator.py
[2025-04-01T16:44:12.177-0500] {logging_mixin.py:190} INFO - [2025-04-01T16:44:12.176-0500] {dag.py:3239} INFO - Sync 1 DAGs
[2025-04-01T16:44:12.187-0500] {logging_mixin.py:190} INFO - [2025-04-01T16:44:12.187-0500] {dag.py:4180} INFO - Setting next_dagrun for example_bash_decorator to None, run_after=None
[2025-04-01T16:44:12.280-0500] {processor.py:208} INFO - Processing /mnt/d/Universidad/ETL/Proyecto_airflow/venv/lib/python3.12/site-packages/airflow/example_dags/example_bash_decorator.py took 0.206 seconds
[2025-04-01T16:45:43.474-0500] {processor.py:186} INFO - Started process (PID=5406) to work on /mnt/d/Universidad/ETL/Proyecto_airflow/venv/lib/python3.12/site-packages/airflow/example_dags/example_bash_decorator.py
[2025-04-01T16:45:43.475-0500] {processor.py:914} INFO - Processing file /mnt/d/Universidad/ETL/Proyecto_airflow/venv/lib/python3.12/site-packages/airflow/example_dags/example_bash_decorator.py for tasks to queue
[2025-04-01T16:45:43.477-0500] {logging_mixin.py:190} INFO - [2025-04-01T16:45:43.476-0500] {dagbag.py:588} INFO - Filling up the DagBag from /mnt/d/Universidad/ETL/Proyecto_airflow/venv/lib/python3.12/site-packages/airflow/example_dags/example_bash_decorator.py
[2025-04-01T16:45:43.538-0500] {processor.py:925} INFO - DAG(s) 'example_bash_decorator' retrieved from /mnt/d/Universidad/ETL/Proyecto_airflow/venv/lib/python3.12/site-packages/airflow/example_dags/example_bash_decorator.py
[2025-04-01T16:45:43.557-0500] {logging_mixin.py:190} INFO - [2025-04-01T16:45:43.557-0500] {dag.py:3239} INFO - Sync 1 DAGs
[2025-04-01T16:45:43.566-0500] {logging_mixin.py:190} INFO - [2025-04-01T16:45:43.566-0500] {dag.py:4180} INFO - Setting next_dagrun for example_bash_decorator to None, run_after=None
[2025-04-01T16:45:43.633-0500] {processor.py:208} INFO - Processing /mnt/d/Universidad/ETL/Proyecto_airflow/venv/lib/python3.12/site-packages/airflow/example_dags/example_bash_decorator.py took 0.167 seconds
[2025-04-01T16:47:23.709-0500] {processor.py:186} INFO - Started process (PID=5479) to work on /mnt/d/Universidad/ETL/Proyecto_airflow/venv/lib/python3.12/site-packages/airflow/example_dags/example_bash_decorator.py
[2025-04-01T16:47:23.710-0500] {processor.py:914} INFO - Processing file /mnt/d/Universidad/ETL/Proyecto_airflow/venv/lib/python3.12/site-packages/airflow/example_dags/example_bash_decorator.py for tasks to queue
[2025-04-01T16:47:23.712-0500] {logging_mixin.py:190} INFO - [2025-04-01T16:47:23.711-0500] {dagbag.py:588} INFO - Filling up the DagBag from /mnt/d/Universidad/ETL/Proyecto_airflow/venv/lib/python3.12/site-packages/airflow/example_dags/example_bash_decorator.py
[2025-04-01T16:47:23.774-0500] {processor.py:925} INFO - DAG(s) 'example_bash_decorator' retrieved from /mnt/d/Universidad/ETL/Proyecto_airflow/venv/lib/python3.12/site-packages/airflow/example_dags/example_bash_decorator.py
[2025-04-01T16:47:23.795-0500] {logging_mixin.py:190} INFO - [2025-04-01T16:47:23.794-0500] {dag.py:3239} INFO - Sync 1 DAGs
[2025-04-01T16:47:23.805-0500] {logging_mixin.py:190} INFO - [2025-04-01T16:47:23.804-0500] {dag.py:4180} INFO - Setting next_dagrun for example_bash_decorator to None, run_after=None
[2025-04-01T16:47:23.886-0500] {processor.py:208} INFO - Processing /mnt/d/Universidad/ETL/Proyecto_airflow/venv/lib/python3.12/site-packages/airflow/example_dags/example_bash_decorator.py took 0.185 seconds
[2025-04-01T16:48:56.341-0500] {processor.py:186} INFO - Started process (PID=5548) to work on /mnt/d/Universidad/ETL/Proyecto_airflow/venv/lib/python3.12/site-packages/airflow/example_dags/example_bash_decorator.py
[2025-04-01T16:48:56.343-0500] {processor.py:914} INFO - Processing file /mnt/d/Universidad/ETL/Proyecto_airflow/venv/lib/python3.12/site-packages/airflow/example_dags/example_bash_decorator.py for tasks to queue
[2025-04-01T16:48:56.345-0500] {logging_mixin.py:190} INFO - [2025-04-01T16:48:56.344-0500] {dagbag.py:588} INFO - Filling up the DagBag from /mnt/d/Universidad/ETL/Proyecto_airflow/venv/lib/python3.12/site-packages/airflow/example_dags/example_bash_decorator.py
[2025-04-01T16:48:56.410-0500] {processor.py:925} INFO - DAG(s) 'example_bash_decorator' retrieved from /mnt/d/Universidad/ETL/Proyecto_airflow/venv/lib/python3.12/site-packages/airflow/example_dags/example_bash_decorator.py
[2025-04-01T16:48:56.430-0500] {logging_mixin.py:190} INFO - [2025-04-01T16:48:56.429-0500] {dag.py:3239} INFO - Sync 1 DAGs
[2025-04-01T16:48:56.439-0500] {logging_mixin.py:190} INFO - [2025-04-01T16:48:56.439-0500] {dag.py:4180} INFO - Setting next_dagrun for example_bash_decorator to None, run_after=None
[2025-04-01T16:48:56.553-0500] {processor.py:208} INFO - Processing /mnt/d/Universidad/ETL/Proyecto_airflow/venv/lib/python3.12/site-packages/airflow/example_dags/example_bash_decorator.py took 0.220 seconds
[2025-04-01T16:50:22.829-0500] {processor.py:186} INFO - Started process (PID=5617) to work on /mnt/d/Universidad/ETL/Proyecto_airflow/venv/lib/python3.12/site-packages/airflow/example_dags/example_bash_decorator.py
[2025-04-01T16:50:22.831-0500] {processor.py:914} INFO - Processing file /mnt/d/Universidad/ETL/Proyecto_airflow/venv/lib/python3.12/site-packages/airflow/example_dags/example_bash_decorator.py for tasks to queue
[2025-04-01T16:50:22.833-0500] {logging_mixin.py:190} INFO - [2025-04-01T16:50:22.832-0500] {dagbag.py:588} INFO - Filling up the DagBag from /mnt/d/Universidad/ETL/Proyecto_airflow/venv/lib/python3.12/site-packages/airflow/example_dags/example_bash_decorator.py
[2025-04-01T16:50:22.894-0500] {processor.py:925} INFO - DAG(s) 'example_bash_decorator' retrieved from /mnt/d/Universidad/ETL/Proyecto_airflow/venv/lib/python3.12/site-packages/airflow/example_dags/example_bash_decorator.py
[2025-04-01T16:50:22.912-0500] {logging_mixin.py:190} INFO - [2025-04-01T16:50:22.912-0500] {dag.py:3239} INFO - Sync 1 DAGs
[2025-04-01T16:50:22.921-0500] {logging_mixin.py:190} INFO - [2025-04-01T16:50:22.921-0500] {dag.py:4180} INFO - Setting next_dagrun for example_bash_decorator to None, run_after=None
[2025-04-01T16:50:23.025-0500] {processor.py:208} INFO - Processing /mnt/d/Universidad/ETL/Proyecto_airflow/venv/lib/python3.12/site-packages/airflow/example_dags/example_bash_decorator.py took 0.203 seconds
[2025-04-01T16:52:02.462-0500] {processor.py:186} INFO - Started process (PID=5691) to work on /mnt/d/Universidad/ETL/Proyecto_airflow/venv/lib/python3.12/site-packages/airflow/example_dags/example_bash_decorator.py
[2025-04-01T16:52:02.463-0500] {processor.py:914} INFO - Processing file /mnt/d/Universidad/ETL/Proyecto_airflow/venv/lib/python3.12/site-packages/airflow/example_dags/example_bash_decorator.py for tasks to queue
[2025-04-01T16:52:02.465-0500] {logging_mixin.py:190} INFO - [2025-04-01T16:52:02.465-0500] {dagbag.py:588} INFO - Filling up the DagBag from /mnt/d/Universidad/ETL/Proyecto_airflow/venv/lib/python3.12/site-packages/airflow/example_dags/example_bash_decorator.py
[2025-04-01T16:52:02.526-0500] {processor.py:925} INFO - DAG(s) 'example_bash_decorator' retrieved from /mnt/d/Universidad/ETL/Proyecto_airflow/venv/lib/python3.12/site-packages/airflow/example_dags/example_bash_decorator.py
[2025-04-01T16:52:02.546-0500] {logging_mixin.py:190} INFO - [2025-04-01T16:52:02.545-0500] {dag.py:3239} INFO - Sync 1 DAGs
[2025-04-01T16:52:02.554-0500] {logging_mixin.py:190} INFO - [2025-04-01T16:52:02.554-0500] {dag.py:4180} INFO - Setting next_dagrun for example_bash_decorator to None, run_after=None
[2025-04-01T16:52:02.658-0500] {processor.py:208} INFO - Processing /mnt/d/Universidad/ETL/Proyecto_airflow/venv/lib/python3.12/site-packages/airflow/example_dags/example_bash_decorator.py took 0.204 seconds
[2025-04-01T16:53:39.689-0500] {processor.py:186} INFO - Started process (PID=5763) to work on /mnt/d/Universidad/ETL/Proyecto_airflow/venv/lib/python3.12/site-packages/airflow/example_dags/example_bash_decorator.py
[2025-04-01T16:53:39.690-0500] {processor.py:914} INFO - Processing file /mnt/d/Universidad/ETL/Proyecto_airflow/venv/lib/python3.12/site-packages/airflow/example_dags/example_bash_decorator.py for tasks to queue
[2025-04-01T16:53:39.693-0500] {logging_mixin.py:190} INFO - [2025-04-01T16:53:39.692-0500] {dagbag.py:588} INFO - Filling up the DagBag from /mnt/d/Universidad/ETL/Proyecto_airflow/venv/lib/python3.12/site-packages/airflow/example_dags/example_bash_decorator.py
[2025-04-01T16:53:39.757-0500] {processor.py:925} INFO - DAG(s) 'example_bash_decorator' retrieved from /mnt/d/Universidad/ETL/Proyecto_airflow/venv/lib/python3.12/site-packages/airflow/example_dags/example_bash_decorator.py
[2025-04-01T16:53:39.778-0500] {logging_mixin.py:190} INFO - [2025-04-01T16:53:39.778-0500] {dag.py:3239} INFO - Sync 1 DAGs
[2025-04-01T16:53:39.788-0500] {logging_mixin.py:190} INFO - [2025-04-01T16:53:39.788-0500] {dag.py:4180} INFO - Setting next_dagrun for example_bash_decorator to None, run_after=None
[2025-04-01T16:53:39.889-0500] {processor.py:208} INFO - Processing /mnt/d/Universidad/ETL/Proyecto_airflow/venv/lib/python3.12/site-packages/airflow/example_dags/example_bash_decorator.py took 0.208 seconds
[2025-04-01T16:55:11.847-0500] {processor.py:186} INFO - Started process (PID=5835) to work on /mnt/d/Universidad/ETL/Proyecto_airflow/venv/lib/python3.12/site-packages/airflow/example_dags/example_bash_decorator.py
[2025-04-01T16:55:11.848-0500] {processor.py:914} INFO - Processing file /mnt/d/Universidad/ETL/Proyecto_airflow/venv/lib/python3.12/site-packages/airflow/example_dags/example_bash_decorator.py for tasks to queue
[2025-04-01T16:55:11.850-0500] {logging_mixin.py:190} INFO - [2025-04-01T16:55:11.849-0500] {dagbag.py:588} INFO - Filling up the DagBag from /mnt/d/Universidad/ETL/Proyecto_airflow/venv/lib/python3.12/site-packages/airflow/example_dags/example_bash_decorator.py
[2025-04-01T16:55:11.912-0500] {processor.py:925} INFO - DAG(s) 'example_bash_decorator' retrieved from /mnt/d/Universidad/ETL/Proyecto_airflow/venv/lib/python3.12/site-packages/airflow/example_dags/example_bash_decorator.py
[2025-04-01T16:55:11.931-0500] {logging_mixin.py:190} INFO - [2025-04-01T16:55:11.931-0500] {dag.py:3239} INFO - Sync 1 DAGs
[2025-04-01T16:55:11.941-0500] {logging_mixin.py:190} INFO - [2025-04-01T16:55:11.941-0500] {dag.py:4180} INFO - Setting next_dagrun for example_bash_decorator to None, run_after=None
[2025-04-01T16:55:12.048-0500] {processor.py:208} INFO - Processing /mnt/d/Universidad/ETL/Proyecto_airflow/venv/lib/python3.12/site-packages/airflow/example_dags/example_bash_decorator.py took 0.209 seconds
[2025-04-01T16:56:46.995-0500] {processor.py:186} INFO - Started process (PID=5907) to work on /mnt/d/Universidad/ETL/Proyecto_airflow/venv/lib/python3.12/site-packages/airflow/example_dags/example_bash_decorator.py
[2025-04-01T16:56:46.997-0500] {processor.py:914} INFO - Processing file /mnt/d/Universidad/ETL/Proyecto_airflow/venv/lib/python3.12/site-packages/airflow/example_dags/example_bash_decorator.py for tasks to queue
[2025-04-01T16:56:46.999-0500] {logging_mixin.py:190} INFO - [2025-04-01T16:56:46.998-0500] {dagbag.py:588} INFO - Filling up the DagBag from /mnt/d/Universidad/ETL/Proyecto_airflow/venv/lib/python3.12/site-packages/airflow/example_dags/example_bash_decorator.py
[2025-04-01T16:56:47.061-0500] {processor.py:925} INFO - DAG(s) 'example_bash_decorator' retrieved from /mnt/d/Universidad/ETL/Proyecto_airflow/venv/lib/python3.12/site-packages/airflow/example_dags/example_bash_decorator.py
[2025-04-01T16:56:47.080-0500] {logging_mixin.py:190} INFO - [2025-04-01T16:56:47.079-0500] {dag.py:3239} INFO - Sync 1 DAGs
[2025-04-01T16:56:47.089-0500] {logging_mixin.py:190} INFO - [2025-04-01T16:56:47.088-0500] {dag.py:4180} INFO - Setting next_dagrun for example_bash_decorator to None, run_after=None
[2025-04-01T16:56:47.182-0500] {processor.py:208} INFO - Processing /mnt/d/Universidad/ETL/Proyecto_airflow/venv/lib/python3.12/site-packages/airflow/example_dags/example_bash_decorator.py took 0.194 seconds
[2025-04-01T16:58:20.375-0500] {processor.py:186} INFO - Started process (PID=5976) to work on /mnt/d/Universidad/ETL/Proyecto_airflow/venv/lib/python3.12/site-packages/airflow/example_dags/example_bash_decorator.py
[2025-04-01T16:58:20.376-0500] {processor.py:914} INFO - Processing file /mnt/d/Universidad/ETL/Proyecto_airflow/venv/lib/python3.12/site-packages/airflow/example_dags/example_bash_decorator.py for tasks to queue
[2025-04-01T16:58:20.378-0500] {logging_mixin.py:190} INFO - [2025-04-01T16:58:20.377-0500] {dagbag.py:588} INFO - Filling up the DagBag from /mnt/d/Universidad/ETL/Proyecto_airflow/venv/lib/python3.12/site-packages/airflow/example_dags/example_bash_decorator.py
[2025-04-01T16:58:20.439-0500] {processor.py:925} INFO - DAG(s) 'example_bash_decorator' retrieved from /mnt/d/Universidad/ETL/Proyecto_airflow/venv/lib/python3.12/site-packages/airflow/example_dags/example_bash_decorator.py
[2025-04-01T16:58:20.459-0500] {logging_mixin.py:190} INFO - [2025-04-01T16:58:20.458-0500] {dag.py:3239} INFO - Sync 1 DAGs
[2025-04-01T16:58:20.467-0500] {logging_mixin.py:190} INFO - [2025-04-01T16:58:20.467-0500] {dag.py:4180} INFO - Setting next_dagrun for example_bash_decorator to None, run_after=None
[2025-04-01T16:58:20.570-0500] {processor.py:208} INFO - Processing /mnt/d/Universidad/ETL/Proyecto_airflow/venv/lib/python3.12/site-packages/airflow/example_dags/example_bash_decorator.py took 0.203 seconds
[2025-04-01T16:59:53.438-0500] {processor.py:186} INFO - Started process (PID=6047) to work on /mnt/d/Universidad/ETL/Proyecto_airflow/venv/lib/python3.12/site-packages/airflow/example_dags/example_bash_decorator.py
[2025-04-01T16:59:53.440-0500] {processor.py:914} INFO - Processing file /mnt/d/Universidad/ETL/Proyecto_airflow/venv/lib/python3.12/site-packages/airflow/example_dags/example_bash_decorator.py for tasks to queue
[2025-04-01T16:59:53.442-0500] {logging_mixin.py:190} INFO - [2025-04-01T16:59:53.441-0500] {dagbag.py:588} INFO - Filling up the DagBag from /mnt/d/Universidad/ETL/Proyecto_airflow/venv/lib/python3.12/site-packages/airflow/example_dags/example_bash_decorator.py
[2025-04-01T16:59:53.504-0500] {processor.py:925} INFO - DAG(s) 'example_bash_decorator' retrieved from /mnt/d/Universidad/ETL/Proyecto_airflow/venv/lib/python3.12/site-packages/airflow/example_dags/example_bash_decorator.py
[2025-04-01T16:59:53.524-0500] {logging_mixin.py:190} INFO - [2025-04-01T16:59:53.523-0500] {dag.py:3239} INFO - Sync 1 DAGs
[2025-04-01T16:59:53.533-0500] {logging_mixin.py:190} INFO - [2025-04-01T16:59:53.532-0500] {dag.py:4180} INFO - Setting next_dagrun for example_bash_decorator to None, run_after=None
[2025-04-01T16:59:53.628-0500] {processor.py:208} INFO - Processing /mnt/d/Universidad/ETL/Proyecto_airflow/venv/lib/python3.12/site-packages/airflow/example_dags/example_bash_decorator.py took 0.198 seconds
[2025-04-01T17:01:31.890-0500] {processor.py:186} INFO - Started process (PID=6119) to work on /mnt/d/Universidad/ETL/Proyecto_airflow/venv/lib/python3.12/site-packages/airflow/example_dags/example_bash_decorator.py
[2025-04-01T17:01:31.891-0500] {processor.py:914} INFO - Processing file /mnt/d/Universidad/ETL/Proyecto_airflow/venv/lib/python3.12/site-packages/airflow/example_dags/example_bash_decorator.py for tasks to queue
[2025-04-01T17:01:31.893-0500] {logging_mixin.py:190} INFO - [2025-04-01T17:01:31.892-0500] {dagbag.py:588} INFO - Filling up the DagBag from /mnt/d/Universidad/ETL/Proyecto_airflow/venv/lib/python3.12/site-packages/airflow/example_dags/example_bash_decorator.py
[2025-04-01T17:01:31.953-0500] {processor.py:925} INFO - DAG(s) 'example_bash_decorator' retrieved from /mnt/d/Universidad/ETL/Proyecto_airflow/venv/lib/python3.12/site-packages/airflow/example_dags/example_bash_decorator.py
[2025-04-01T17:01:31.972-0500] {logging_mixin.py:190} INFO - [2025-04-01T17:01:31.971-0500] {dag.py:3239} INFO - Sync 1 DAGs
[2025-04-01T17:01:31.981-0500] {logging_mixin.py:190} INFO - [2025-04-01T17:01:31.980-0500] {dag.py:4180} INFO - Setting next_dagrun for example_bash_decorator to None, run_after=None
[2025-04-01T17:01:32.085-0500] {processor.py:208} INFO - Processing /mnt/d/Universidad/ETL/Proyecto_airflow/venv/lib/python3.12/site-packages/airflow/example_dags/example_bash_decorator.py took 0.203 seconds
[2025-04-01T17:03:05.736-0500] {processor.py:186} INFO - Started process (PID=6189) to work on /mnt/d/Universidad/ETL/Proyecto_airflow/venv/lib/python3.12/site-packages/airflow/example_dags/example_bash_decorator.py
[2025-04-01T17:03:05.737-0500] {processor.py:914} INFO - Processing file /mnt/d/Universidad/ETL/Proyecto_airflow/venv/lib/python3.12/site-packages/airflow/example_dags/example_bash_decorator.py for tasks to queue
[2025-04-01T17:03:05.740-0500] {logging_mixin.py:190} INFO - [2025-04-01T17:03:05.739-0500] {dagbag.py:588} INFO - Filling up the DagBag from /mnt/d/Universidad/ETL/Proyecto_airflow/venv/lib/python3.12/site-packages/airflow/example_dags/example_bash_decorator.py
[2025-04-01T17:03:05.802-0500] {processor.py:925} INFO - DAG(s) 'example_bash_decorator' retrieved from /mnt/d/Universidad/ETL/Proyecto_airflow/venv/lib/python3.12/site-packages/airflow/example_dags/example_bash_decorator.py
[2025-04-01T17:03:05.822-0500] {logging_mixin.py:190} INFO - [2025-04-01T17:03:05.821-0500] {dag.py:3239} INFO - Sync 1 DAGs
[2025-04-01T17:03:05.831-0500] {logging_mixin.py:190} INFO - [2025-04-01T17:03:05.831-0500] {dag.py:4180} INFO - Setting next_dagrun for example_bash_decorator to None, run_after=None
[2025-04-01T17:03:05.957-0500] {processor.py:208} INFO - Processing /mnt/d/Universidad/ETL/Proyecto_airflow/venv/lib/python3.12/site-packages/airflow/example_dags/example_bash_decorator.py took 0.228 seconds
[2025-04-01T17:04:41.398-0500] {processor.py:186} INFO - Started process (PID=6261) to work on /mnt/d/Universidad/ETL/Proyecto_airflow/venv/lib/python3.12/site-packages/airflow/example_dags/example_bash_decorator.py
[2025-04-01T17:04:41.399-0500] {processor.py:914} INFO - Processing file /mnt/d/Universidad/ETL/Proyecto_airflow/venv/lib/python3.12/site-packages/airflow/example_dags/example_bash_decorator.py for tasks to queue
[2025-04-01T17:04:41.401-0500] {logging_mixin.py:190} INFO - [2025-04-01T17:04:41.401-0500] {dagbag.py:588} INFO - Filling up the DagBag from /mnt/d/Universidad/ETL/Proyecto_airflow/venv/lib/python3.12/site-packages/airflow/example_dags/example_bash_decorator.py
[2025-04-01T17:04:41.463-0500] {processor.py:925} INFO - DAG(s) 'example_bash_decorator' retrieved from /mnt/d/Universidad/ETL/Proyecto_airflow/venv/lib/python3.12/site-packages/airflow/example_dags/example_bash_decorator.py
[2025-04-01T17:04:41.482-0500] {logging_mixin.py:190} INFO - [2025-04-01T17:04:41.482-0500] {dag.py:3239} INFO - Sync 1 DAGs
[2025-04-01T17:04:41.492-0500] {logging_mixin.py:190} INFO - [2025-04-01T17:04:41.491-0500] {dag.py:4180} INFO - Setting next_dagrun for example_bash_decorator to None, run_after=None
[2025-04-01T17:04:41.592-0500] {processor.py:208} INFO - Processing /mnt/d/Universidad/ETL/Proyecto_airflow/venv/lib/python3.12/site-packages/airflow/example_dags/example_bash_decorator.py took 0.201 seconds
[2025-04-01T17:06:20.099-0500] {processor.py:186} INFO - Started process (PID=6332) to work on /mnt/d/Universidad/ETL/Proyecto_airflow/venv/lib/python3.12/site-packages/airflow/example_dags/example_bash_decorator.py
[2025-04-01T17:06:20.100-0500] {processor.py:914} INFO - Processing file /mnt/d/Universidad/ETL/Proyecto_airflow/venv/lib/python3.12/site-packages/airflow/example_dags/example_bash_decorator.py for tasks to queue
[2025-04-01T17:06:20.103-0500] {logging_mixin.py:190} INFO - [2025-04-01T17:06:20.102-0500] {dagbag.py:588} INFO - Filling up the DagBag from /mnt/d/Universidad/ETL/Proyecto_airflow/venv/lib/python3.12/site-packages/airflow/example_dags/example_bash_decorator.py
[2025-04-01T17:06:20.164-0500] {processor.py:925} INFO - DAG(s) 'example_bash_decorator' retrieved from /mnt/d/Universidad/ETL/Proyecto_airflow/venv/lib/python3.12/site-packages/airflow/example_dags/example_bash_decorator.py
[2025-04-01T17:06:20.182-0500] {logging_mixin.py:190} INFO - [2025-04-01T17:06:20.182-0500] {dag.py:3239} INFO - Sync 1 DAGs
[2025-04-01T17:06:20.192-0500] {logging_mixin.py:190} INFO - [2025-04-01T17:06:20.191-0500] {dag.py:4180} INFO - Setting next_dagrun for example_bash_decorator to None, run_after=None
[2025-04-01T17:06:20.285-0500] {processor.py:208} INFO - Processing /mnt/d/Universidad/ETL/Proyecto_airflow/venv/lib/python3.12/site-packages/airflow/example_dags/example_bash_decorator.py took 0.194 seconds
[2025-04-01T17:07:55.779-0500] {processor.py:186} INFO - Started process (PID=6406) to work on /mnt/d/Universidad/ETL/Proyecto_airflow/venv/lib/python3.12/site-packages/airflow/example_dags/example_bash_decorator.py
[2025-04-01T17:07:55.780-0500] {processor.py:914} INFO - Processing file /mnt/d/Universidad/ETL/Proyecto_airflow/venv/lib/python3.12/site-packages/airflow/example_dags/example_bash_decorator.py for tasks to queue
[2025-04-01T17:07:55.782-0500] {logging_mixin.py:190} INFO - [2025-04-01T17:07:55.781-0500] {dagbag.py:588} INFO - Filling up the DagBag from /mnt/d/Universidad/ETL/Proyecto_airflow/venv/lib/python3.12/site-packages/airflow/example_dags/example_bash_decorator.py
[2025-04-01T17:07:55.843-0500] {processor.py:925} INFO - DAG(s) 'example_bash_decorator' retrieved from /mnt/d/Universidad/ETL/Proyecto_airflow/venv/lib/python3.12/site-packages/airflow/example_dags/example_bash_decorator.py
[2025-04-01T17:07:55.862-0500] {logging_mixin.py:190} INFO - [2025-04-01T17:07:55.862-0500] {dag.py:3239} INFO - Sync 1 DAGs
[2025-04-01T17:07:55.871-0500] {logging_mixin.py:190} INFO - [2025-04-01T17:07:55.870-0500] {dag.py:4180} INFO - Setting next_dagrun for example_bash_decorator to None, run_after=None
[2025-04-01T17:07:55.979-0500] {processor.py:208} INFO - Processing /mnt/d/Universidad/ETL/Proyecto_airflow/venv/lib/python3.12/site-packages/airflow/example_dags/example_bash_decorator.py took 0.208 seconds
[2025-04-01T17:09:34.992-0500] {processor.py:186} INFO - Started process (PID=6478) to work on /mnt/d/Universidad/ETL/Proyecto_airflow/venv/lib/python3.12/site-packages/airflow/example_dags/example_bash_decorator.py
[2025-04-01T17:09:34.993-0500] {processor.py:914} INFO - Processing file /mnt/d/Universidad/ETL/Proyecto_airflow/venv/lib/python3.12/site-packages/airflow/example_dags/example_bash_decorator.py for tasks to queue
[2025-04-01T17:09:34.995-0500] {logging_mixin.py:190} INFO - [2025-04-01T17:09:34.995-0500] {dagbag.py:588} INFO - Filling up the DagBag from /mnt/d/Universidad/ETL/Proyecto_airflow/venv/lib/python3.12/site-packages/airflow/example_dags/example_bash_decorator.py
[2025-04-01T17:09:35.056-0500] {processor.py:925} INFO - DAG(s) 'example_bash_decorator' retrieved from /mnt/d/Universidad/ETL/Proyecto_airflow/venv/lib/python3.12/site-packages/airflow/example_dags/example_bash_decorator.py
[2025-04-01T17:09:35.075-0500] {logging_mixin.py:190} INFO - [2025-04-01T17:09:35.074-0500] {dag.py:3239} INFO - Sync 1 DAGs
[2025-04-01T17:09:35.084-0500] {logging_mixin.py:190} INFO - [2025-04-01T17:09:35.083-0500] {dag.py:4180} INFO - Setting next_dagrun for example_bash_decorator to None, run_after=None
[2025-04-01T17:09:35.192-0500] {processor.py:208} INFO - Processing /mnt/d/Universidad/ETL/Proyecto_airflow/venv/lib/python3.12/site-packages/airflow/example_dags/example_bash_decorator.py took 0.208 seconds
[2025-04-01T17:11:19.745-0500] {processor.py:186} INFO - Started process (PID=6551) to work on /mnt/d/Universidad/ETL/Proyecto_airflow/venv/lib/python3.12/site-packages/airflow/example_dags/example_bash_decorator.py
[2025-04-01T17:11:19.746-0500] {processor.py:914} INFO - Processing file /mnt/d/Universidad/ETL/Proyecto_airflow/venv/lib/python3.12/site-packages/airflow/example_dags/example_bash_decorator.py for tasks to queue
[2025-04-01T17:11:19.749-0500] {logging_mixin.py:190} INFO - [2025-04-01T17:11:19.748-0500] {dagbag.py:588} INFO - Filling up the DagBag from /mnt/d/Universidad/ETL/Proyecto_airflow/venv/lib/python3.12/site-packages/airflow/example_dags/example_bash_decorator.py
[2025-04-01T17:11:19.811-0500] {processor.py:925} INFO - DAG(s) 'example_bash_decorator' retrieved from /mnt/d/Universidad/ETL/Proyecto_airflow/venv/lib/python3.12/site-packages/airflow/example_dags/example_bash_decorator.py
[2025-04-01T17:11:19.830-0500] {logging_mixin.py:190} INFO - [2025-04-01T17:11:19.829-0500] {dag.py:3239} INFO - Sync 1 DAGs
[2025-04-01T17:11:19.839-0500] {logging_mixin.py:190} INFO - [2025-04-01T17:11:19.838-0500] {dag.py:4180} INFO - Setting next_dagrun for example_bash_decorator to None, run_after=None
[2025-04-01T17:11:19.938-0500] {processor.py:208} INFO - Processing /mnt/d/Universidad/ETL/Proyecto_airflow/venv/lib/python3.12/site-packages/airflow/example_dags/example_bash_decorator.py took 0.201 seconds
[2025-04-01T17:12:57.570-0500] {processor.py:186} INFO - Started process (PID=6626) to work on /mnt/d/Universidad/ETL/Proyecto_airflow/venv/lib/python3.12/site-packages/airflow/example_dags/example_bash_decorator.py
[2025-04-01T17:12:57.571-0500] {processor.py:914} INFO - Processing file /mnt/d/Universidad/ETL/Proyecto_airflow/venv/lib/python3.12/site-packages/airflow/example_dags/example_bash_decorator.py for tasks to queue
[2025-04-01T17:12:57.573-0500] {logging_mixin.py:190} INFO - [2025-04-01T17:12:57.572-0500] {dagbag.py:588} INFO - Filling up the DagBag from /mnt/d/Universidad/ETL/Proyecto_airflow/venv/lib/python3.12/site-packages/airflow/example_dags/example_bash_decorator.py
[2025-04-01T17:12:57.635-0500] {processor.py:925} INFO - DAG(s) 'example_bash_decorator' retrieved from /mnt/d/Universidad/ETL/Proyecto_airflow/venv/lib/python3.12/site-packages/airflow/example_dags/example_bash_decorator.py
[2025-04-01T17:12:57.655-0500] {logging_mixin.py:190} INFO - [2025-04-01T17:12:57.654-0500] {dag.py:3239} INFO - Sync 1 DAGs
[2025-04-01T17:12:57.664-0500] {logging_mixin.py:190} INFO - [2025-04-01T17:12:57.663-0500] {dag.py:4180} INFO - Setting next_dagrun for example_bash_decorator to None, run_after=None
[2025-04-01T17:12:57.769-0500] {processor.py:208} INFO - Processing /mnt/d/Universidad/ETL/Proyecto_airflow/venv/lib/python3.12/site-packages/airflow/example_dags/example_bash_decorator.py took 0.207 seconds
[2025-04-01T17:14:33.014-0500] {processor.py:186} INFO - Started process (PID=6698) to work on /mnt/d/Universidad/ETL/Proyecto_airflow/venv/lib/python3.12/site-packages/airflow/example_dags/example_bash_decorator.py
[2025-04-01T17:14:33.015-0500] {processor.py:914} INFO - Processing file /mnt/d/Universidad/ETL/Proyecto_airflow/venv/lib/python3.12/site-packages/airflow/example_dags/example_bash_decorator.py for tasks to queue
[2025-04-01T17:14:33.018-0500] {logging_mixin.py:190} INFO - [2025-04-01T17:14:33.017-0500] {dagbag.py:588} INFO - Filling up the DagBag from /mnt/d/Universidad/ETL/Proyecto_airflow/venv/lib/python3.12/site-packages/airflow/example_dags/example_bash_decorator.py
[2025-04-01T17:14:33.079-0500] {processor.py:925} INFO - DAG(s) 'example_bash_decorator' retrieved from /mnt/d/Universidad/ETL/Proyecto_airflow/venv/lib/python3.12/site-packages/airflow/example_dags/example_bash_decorator.py
[2025-04-01T17:14:33.098-0500] {logging_mixin.py:190} INFO - [2025-04-01T17:14:33.097-0500] {dag.py:3239} INFO - Sync 1 DAGs
[2025-04-01T17:14:33.107-0500] {logging_mixin.py:190} INFO - [2025-04-01T17:14:33.106-0500] {dag.py:4180} INFO - Setting next_dagrun for example_bash_decorator to None, run_after=None
[2025-04-01T17:14:33.207-0500] {processor.py:208} INFO - Processing /mnt/d/Universidad/ETL/Proyecto_airflow/venv/lib/python3.12/site-packages/airflow/example_dags/example_bash_decorator.py took 0.201 seconds
[2025-04-01T17:16:05.894-0500] {processor.py:186} INFO - Started process (PID=6768) to work on /mnt/d/Universidad/ETL/Proyecto_airflow/venv/lib/python3.12/site-packages/airflow/example_dags/example_bash_decorator.py
[2025-04-01T17:16:05.895-0500] {processor.py:914} INFO - Processing file /mnt/d/Universidad/ETL/Proyecto_airflow/venv/lib/python3.12/site-packages/airflow/example_dags/example_bash_decorator.py for tasks to queue
[2025-04-01T17:16:05.897-0500] {logging_mixin.py:190} INFO - [2025-04-01T17:16:05.896-0500] {dagbag.py:588} INFO - Filling up the DagBag from /mnt/d/Universidad/ETL/Proyecto_airflow/venv/lib/python3.12/site-packages/airflow/example_dags/example_bash_decorator.py
[2025-04-01T17:16:05.965-0500] {processor.py:925} INFO - DAG(s) 'example_bash_decorator' retrieved from /mnt/d/Universidad/ETL/Proyecto_airflow/venv/lib/python3.12/site-packages/airflow/example_dags/example_bash_decorator.py
[2025-04-01T17:16:05.986-0500] {logging_mixin.py:190} INFO - [2025-04-01T17:16:05.985-0500] {dag.py:3239} INFO - Sync 1 DAGs
[2025-04-01T17:16:05.995-0500] {logging_mixin.py:190} INFO - [2025-04-01T17:16:05.994-0500] {dag.py:4180} INFO - Setting next_dagrun for example_bash_decorator to None, run_after=None
[2025-04-01T17:16:06.131-0500] {processor.py:208} INFO - Processing /mnt/d/Universidad/ETL/Proyecto_airflow/venv/lib/python3.12/site-packages/airflow/example_dags/example_bash_decorator.py took 0.245 seconds
[2025-04-01T17:17:41.691-0500] {processor.py:186} INFO - Started process (PID=6843) to work on /mnt/d/Universidad/ETL/Proyecto_airflow/venv/lib/python3.12/site-packages/airflow/example_dags/example_bash_decorator.py
[2025-04-01T17:17:41.693-0500] {processor.py:914} INFO - Processing file /mnt/d/Universidad/ETL/Proyecto_airflow/venv/lib/python3.12/site-packages/airflow/example_dags/example_bash_decorator.py for tasks to queue
[2025-04-01T17:17:41.695-0500] {logging_mixin.py:190} INFO - [2025-04-01T17:17:41.694-0500] {dagbag.py:588} INFO - Filling up the DagBag from /mnt/d/Universidad/ETL/Proyecto_airflow/venv/lib/python3.12/site-packages/airflow/example_dags/example_bash_decorator.py
[2025-04-01T17:17:41.756-0500] {processor.py:925} INFO - DAG(s) 'example_bash_decorator' retrieved from /mnt/d/Universidad/ETL/Proyecto_airflow/venv/lib/python3.12/site-packages/airflow/example_dags/example_bash_decorator.py
[2025-04-01T17:17:41.775-0500] {logging_mixin.py:190} INFO - [2025-04-01T17:17:41.775-0500] {dag.py:3239} INFO - Sync 1 DAGs
[2025-04-01T17:17:41.784-0500] {logging_mixin.py:190} INFO - [2025-04-01T17:17:41.784-0500] {dag.py:4180} INFO - Setting next_dagrun for example_bash_decorator to None, run_after=None
[2025-04-01T17:17:41.884-0500] {processor.py:208} INFO - Processing /mnt/d/Universidad/ETL/Proyecto_airflow/venv/lib/python3.12/site-packages/airflow/example_dags/example_bash_decorator.py took 0.200 seconds
[2025-04-01T17:19:21.500-0500] {processor.py:186} INFO - Started process (PID=6916) to work on /mnt/d/Universidad/ETL/Proyecto_airflow/venv/lib/python3.12/site-packages/airflow/example_dags/example_bash_decorator.py
[2025-04-01T17:19:21.501-0500] {processor.py:914} INFO - Processing file /mnt/d/Universidad/ETL/Proyecto_airflow/venv/lib/python3.12/site-packages/airflow/example_dags/example_bash_decorator.py for tasks to queue
[2025-04-01T17:19:21.503-0500] {logging_mixin.py:190} INFO - [2025-04-01T17:19:21.502-0500] {dagbag.py:588} INFO - Filling up the DagBag from /mnt/d/Universidad/ETL/Proyecto_airflow/venv/lib/python3.12/site-packages/airflow/example_dags/example_bash_decorator.py
[2025-04-01T17:19:21.565-0500] {processor.py:925} INFO - DAG(s) 'example_bash_decorator' retrieved from /mnt/d/Universidad/ETL/Proyecto_airflow/venv/lib/python3.12/site-packages/airflow/example_dags/example_bash_decorator.py
[2025-04-01T17:19:21.584-0500] {logging_mixin.py:190} INFO - [2025-04-01T17:19:21.583-0500] {dag.py:3239} INFO - Sync 1 DAGs
[2025-04-01T17:19:21.593-0500] {logging_mixin.py:190} INFO - [2025-04-01T17:19:21.592-0500] {dag.py:4180} INFO - Setting next_dagrun for example_bash_decorator to None, run_after=None
[2025-04-01T17:19:21.712-0500] {processor.py:208} INFO - Processing /mnt/d/Universidad/ETL/Proyecto_airflow/venv/lib/python3.12/site-packages/airflow/example_dags/example_bash_decorator.py took 0.219 seconds
[2025-04-01T17:21:04.267-0500] {processor.py:186} INFO - Started process (PID=6989) to work on /mnt/d/Universidad/ETL/Proyecto_airflow/venv/lib/python3.12/site-packages/airflow/example_dags/example_bash_decorator.py
[2025-04-01T17:21:04.268-0500] {processor.py:914} INFO - Processing file /mnt/d/Universidad/ETL/Proyecto_airflow/venv/lib/python3.12/site-packages/airflow/example_dags/example_bash_decorator.py for tasks to queue
[2025-04-01T17:21:04.270-0500] {logging_mixin.py:190} INFO - [2025-04-01T17:21:04.270-0500] {dagbag.py:588} INFO - Filling up the DagBag from /mnt/d/Universidad/ETL/Proyecto_airflow/venv/lib/python3.12/site-packages/airflow/example_dags/example_bash_decorator.py
[2025-04-01T17:21:04.332-0500] {processor.py:925} INFO - DAG(s) 'example_bash_decorator' retrieved from /mnt/d/Universidad/ETL/Proyecto_airflow/venv/lib/python3.12/site-packages/airflow/example_dags/example_bash_decorator.py
[2025-04-01T17:21:04.351-0500] {logging_mixin.py:190} INFO - [2025-04-01T17:21:04.350-0500] {dag.py:3239} INFO - Sync 1 DAGs
[2025-04-01T17:21:04.360-0500] {logging_mixin.py:190} INFO - [2025-04-01T17:21:04.359-0500] {dag.py:4180} INFO - Setting next_dagrun for example_bash_decorator to None, run_after=None
[2025-04-01T17:21:04.460-0500] {processor.py:208} INFO - Processing /mnt/d/Universidad/ETL/Proyecto_airflow/venv/lib/python3.12/site-packages/airflow/example_dags/example_bash_decorator.py took 0.201 seconds
[2025-04-01T17:22:44.830-0500] {processor.py:186} INFO - Started process (PID=7063) to work on /mnt/d/Universidad/ETL/Proyecto_airflow/venv/lib/python3.12/site-packages/airflow/example_dags/example_bash_decorator.py
[2025-04-01T17:22:44.831-0500] {processor.py:914} INFO - Processing file /mnt/d/Universidad/ETL/Proyecto_airflow/venv/lib/python3.12/site-packages/airflow/example_dags/example_bash_decorator.py for tasks to queue
[2025-04-01T17:22:44.833-0500] {logging_mixin.py:190} INFO - [2025-04-01T17:22:44.833-0500] {dagbag.py:588} INFO - Filling up the DagBag from /mnt/d/Universidad/ETL/Proyecto_airflow/venv/lib/python3.12/site-packages/airflow/example_dags/example_bash_decorator.py
[2025-04-01T17:22:44.897-0500] {processor.py:925} INFO - DAG(s) 'example_bash_decorator' retrieved from /mnt/d/Universidad/ETL/Proyecto_airflow/venv/lib/python3.12/site-packages/airflow/example_dags/example_bash_decorator.py
[2025-04-01T17:22:44.916-0500] {logging_mixin.py:190} INFO - [2025-04-01T17:22:44.916-0500] {dag.py:3239} INFO - Sync 1 DAGs
[2025-04-01T17:22:44.925-0500] {logging_mixin.py:190} INFO - [2025-04-01T17:22:44.925-0500] {dag.py:4180} INFO - Setting next_dagrun for example_bash_decorator to None, run_after=None
[2025-04-01T17:22:45.020-0500] {processor.py:208} INFO - Processing /mnt/d/Universidad/ETL/Proyecto_airflow/venv/lib/python3.12/site-packages/airflow/example_dags/example_bash_decorator.py took 0.198 seconds
[2025-04-01T17:24:20.519-0500] {processor.py:186} INFO - Started process (PID=7134) to work on /mnt/d/Universidad/ETL/Proyecto_airflow/venv/lib/python3.12/site-packages/airflow/example_dags/example_bash_decorator.py
[2025-04-01T17:24:20.520-0500] {processor.py:914} INFO - Processing file /mnt/d/Universidad/ETL/Proyecto_airflow/venv/lib/python3.12/site-packages/airflow/example_dags/example_bash_decorator.py for tasks to queue
[2025-04-01T17:24:20.522-0500] {logging_mixin.py:190} INFO - [2025-04-01T17:24:20.521-0500] {dagbag.py:588} INFO - Filling up the DagBag from /mnt/d/Universidad/ETL/Proyecto_airflow/venv/lib/python3.12/site-packages/airflow/example_dags/example_bash_decorator.py
[2025-04-01T17:24:20.585-0500] {processor.py:925} INFO - DAG(s) 'example_bash_decorator' retrieved from /mnt/d/Universidad/ETL/Proyecto_airflow/venv/lib/python3.12/site-packages/airflow/example_dags/example_bash_decorator.py
[2025-04-01T17:24:20.605-0500] {logging_mixin.py:190} INFO - [2025-04-01T17:24:20.605-0500] {dag.py:3239} INFO - Sync 1 DAGs
[2025-04-01T17:24:20.615-0500] {logging_mixin.py:190} INFO - [2025-04-01T17:24:20.614-0500] {dag.py:4180} INFO - Setting next_dagrun for example_bash_decorator to None, run_after=None
[2025-04-01T17:24:20.713-0500] {processor.py:208} INFO - Processing /mnt/d/Universidad/ETL/Proyecto_airflow/venv/lib/python3.12/site-packages/airflow/example_dags/example_bash_decorator.py took 0.202 seconds
[2025-04-01T17:25:54.311-0500] {processor.py:186} INFO - Started process (PID=7205) to work on /mnt/d/Universidad/ETL/Proyecto_airflow/venv/lib/python3.12/site-packages/airflow/example_dags/example_bash_decorator.py
[2025-04-01T17:25:54.312-0500] {processor.py:914} INFO - Processing file /mnt/d/Universidad/ETL/Proyecto_airflow/venv/lib/python3.12/site-packages/airflow/example_dags/example_bash_decorator.py for tasks to queue
[2025-04-01T17:25:54.315-0500] {logging_mixin.py:190} INFO - [2025-04-01T17:25:54.314-0500] {dagbag.py:588} INFO - Filling up the DagBag from /mnt/d/Universidad/ETL/Proyecto_airflow/venv/lib/python3.12/site-packages/airflow/example_dags/example_bash_decorator.py
[2025-04-01T17:25:54.375-0500] {processor.py:925} INFO - DAG(s) 'example_bash_decorator' retrieved from /mnt/d/Universidad/ETL/Proyecto_airflow/venv/lib/python3.12/site-packages/airflow/example_dags/example_bash_decorator.py
[2025-04-01T17:25:54.394-0500] {logging_mixin.py:190} INFO - [2025-04-01T17:25:54.394-0500] {dag.py:3239} INFO - Sync 1 DAGs
[2025-04-01T17:25:54.403-0500] {logging_mixin.py:190} INFO - [2025-04-01T17:25:54.402-0500] {dag.py:4180} INFO - Setting next_dagrun for example_bash_decorator to None, run_after=None
[2025-04-01T17:25:54.506-0500] {processor.py:208} INFO - Processing /mnt/d/Universidad/ETL/Proyecto_airflow/venv/lib/python3.12/site-packages/airflow/example_dags/example_bash_decorator.py took 0.202 seconds
[2025-04-01T17:27:32.965-0500] {processor.py:186} INFO - Started process (PID=7276) to work on /mnt/d/Universidad/ETL/Proyecto_airflow/venv/lib/python3.12/site-packages/airflow/example_dags/example_bash_decorator.py
[2025-04-01T17:27:32.966-0500] {processor.py:914} INFO - Processing file /mnt/d/Universidad/ETL/Proyecto_airflow/venv/lib/python3.12/site-packages/airflow/example_dags/example_bash_decorator.py for tasks to queue
[2025-04-01T17:27:32.968-0500] {logging_mixin.py:190} INFO - [2025-04-01T17:27:32.967-0500] {dagbag.py:588} INFO - Filling up the DagBag from /mnt/d/Universidad/ETL/Proyecto_airflow/venv/lib/python3.12/site-packages/airflow/example_dags/example_bash_decorator.py
[2025-04-01T17:27:33.029-0500] {processor.py:925} INFO - DAG(s) 'example_bash_decorator' retrieved from /mnt/d/Universidad/ETL/Proyecto_airflow/venv/lib/python3.12/site-packages/airflow/example_dags/example_bash_decorator.py
[2025-04-01T17:27:33.048-0500] {logging_mixin.py:190} INFO - [2025-04-01T17:27:33.048-0500] {dag.py:3239} INFO - Sync 1 DAGs
[2025-04-01T17:27:33.057-0500] {logging_mixin.py:190} INFO - [2025-04-01T17:27:33.057-0500] {dag.py:4180} INFO - Setting next_dagrun for example_bash_decorator to None, run_after=None
[2025-04-01T17:27:33.164-0500] {processor.py:208} INFO - Processing /mnt/d/Universidad/ETL/Proyecto_airflow/venv/lib/python3.12/site-packages/airflow/example_dags/example_bash_decorator.py took 0.208 seconds
[2025-04-01T17:29:00.932-0500] {processor.py:186} INFO - Started process (PID=7344) to work on /mnt/d/Universidad/ETL/Proyecto_airflow/venv/lib/python3.12/site-packages/airflow/example_dags/example_bash_decorator.py
[2025-04-01T17:29:00.933-0500] {processor.py:914} INFO - Processing file /mnt/d/Universidad/ETL/Proyecto_airflow/venv/lib/python3.12/site-packages/airflow/example_dags/example_bash_decorator.py for tasks to queue
[2025-04-01T17:29:00.935-0500] {logging_mixin.py:190} INFO - [2025-04-01T17:29:00.934-0500] {dagbag.py:588} INFO - Filling up the DagBag from /mnt/d/Universidad/ETL/Proyecto_airflow/venv/lib/python3.12/site-packages/airflow/example_dags/example_bash_decorator.py
[2025-04-01T17:29:00.997-0500] {processor.py:925} INFO - DAG(s) 'example_bash_decorator' retrieved from /mnt/d/Universidad/ETL/Proyecto_airflow/venv/lib/python3.12/site-packages/airflow/example_dags/example_bash_decorator.py
[2025-04-01T17:29:01.018-0500] {logging_mixin.py:190} INFO - [2025-04-01T17:29:01.017-0500] {dag.py:3239} INFO - Sync 1 DAGs
[2025-04-01T17:29:01.027-0500] {logging_mixin.py:190} INFO - [2025-04-01T17:29:01.026-0500] {dag.py:4180} INFO - Setting next_dagrun for example_bash_decorator to None, run_after=None
[2025-04-01T17:29:01.136-0500] {processor.py:208} INFO - Processing /mnt/d/Universidad/ETL/Proyecto_airflow/venv/lib/python3.12/site-packages/airflow/example_dags/example_bash_decorator.py took 0.213 seconds
