[2025-04-01T16:16:53.763-0500] {processor.py:186} INFO - Started process (PID=4088) to work on /mnt/d/Universidad/ETL/Proyecto_airflow/venv/lib/python3.12/site-packages/airflow/example_dags/example_inlet_event_extra.py
[2025-04-01T16:16:53.765-0500] {processor.py:914} INFO - Processing file /mnt/d/Universidad/ETL/Proyecto_airflow/venv/lib/python3.12/site-packages/airflow/example_dags/example_inlet_event_extra.py for tasks to queue
[2025-04-01T16:16:53.767-0500] {logging_mixin.py:190} INFO - [2025-04-01T16:16:53.766-0500] {dagbag.py:588} INFO - Filling up the DagBag from /mnt/d/Universidad/ETL/Proyecto_airflow/venv/lib/python3.12/site-packages/airflow/example_dags/example_inlet_event_extra.py
[2025-04-01T16:16:53.889-0500] {processor.py:925} INFO - DAG(s) 'read_dataset_event_from_classic', 'read_dataset_event' retrieved from /mnt/d/Universidad/ETL/Proyecto_airflow/venv/lib/python3.12/site-packages/airflow/example_dags/example_inlet_event_extra.py
[2025-04-01T16:16:54.999-0500] {logging_mixin.py:190} INFO - [2025-04-01T16:16:54.998-0500] {override.py:1930} INFO - Created Permission View: can read on DAG:read_dataset_event_from_classic
[2025-04-01T16:16:57.501-0500] {logging_mixin.py:190} INFO - [2025-04-01T16:16:57.500-0500] {override.py:1930} INFO - Created Permission View: can edit on DAG:read_dataset_event_from_classic
[2025-04-01T16:16:57.573-0500] {logging_mixin.py:190} INFO - [2025-04-01T16:16:57.572-0500] {override.py:1930} INFO - Created Permission View: can delete on DAG:read_dataset_event_from_classic
[2025-04-01T16:16:57.765-0500] {logging_mixin.py:190} INFO - [2025-04-01T16:16:57.763-0500] {override.py:1930} INFO - Created Permission View: can create on DAG Run:read_dataset_event_from_classic
[2025-04-01T16:16:57.847-0500] {logging_mixin.py:190} INFO - [2025-04-01T16:16:57.846-0500] {override.py:1930} INFO - Created Permission View: menu access on DAG Run:read_dataset_event_from_classic
[2025-04-01T16:16:57.919-0500] {logging_mixin.py:190} INFO - [2025-04-01T16:16:57.918-0500] {override.py:1930} INFO - Created Permission View: can read on DAG Run:read_dataset_event_from_classic
[2025-04-01T16:16:57.991-0500] {logging_mixin.py:190} INFO - [2025-04-01T16:16:57.990-0500] {override.py:1930} INFO - Created Permission View: can delete on DAG Run:read_dataset_event_from_classic
[2025-04-01T16:16:58.127-0500] {logging_mixin.py:190} INFO - [2025-04-01T16:16:58.127-0500] {override.py:1930} INFO - Created Permission View: can read on DAG:read_dataset_event
[2025-04-01T16:16:58.215-0500] {logging_mixin.py:190} INFO - [2025-04-01T16:16:58.215-0500] {override.py:1930} INFO - Created Permission View: can edit on DAG:read_dataset_event
[2025-04-01T16:16:58.306-0500] {logging_mixin.py:190} INFO - [2025-04-01T16:16:58.305-0500] {override.py:1930} INFO - Created Permission View: can delete on DAG:read_dataset_event
[2025-04-01T16:16:58.476-0500] {logging_mixin.py:190} INFO - [2025-04-01T16:16:58.475-0500] {override.py:1930} INFO - Created Permission View: can create on DAG Run:read_dataset_event
[2025-04-01T16:16:58.566-0500] {logging_mixin.py:190} INFO - [2025-04-01T16:16:58.565-0500] {override.py:1930} INFO - Created Permission View: menu access on DAG Run:read_dataset_event
[2025-04-01T16:16:58.659-0500] {logging_mixin.py:190} INFO - [2025-04-01T16:16:58.658-0500] {override.py:1930} INFO - Created Permission View: can read on DAG Run:read_dataset_event
[2025-04-01T16:16:58.734-0500] {logging_mixin.py:190} INFO - [2025-04-01T16:16:58.733-0500] {override.py:1930} INFO - Created Permission View: can delete on DAG Run:read_dataset_event
[2025-04-01T16:16:58.736-0500] {logging_mixin.py:190} INFO - [2025-04-01T16:16:58.735-0500] {dag.py:3239} INFO - Sync 2 DAGs
[2025-04-01T16:16:58.829-0500] {logging_mixin.py:190} INFO - [2025-04-01T16:16:58.828-0500] {dag.py:3262} INFO - Creating ORM DAG for read_dataset_event_from_classic
[2025-04-01T16:16:58.831-0500] {logging_mixin.py:190} INFO - [2025-04-01T16:16:58.830-0500] {dag.py:3262} INFO - Creating ORM DAG for read_dataset_event
[2025-04-01T16:16:58.839-0500] {logging_mixin.py:190} INFO - [2025-04-01T16:16:58.839-0500] {dag.py:4180} INFO - Setting next_dagrun for read_dataset_event to 2025-03-31 00:00:00+00:00, run_after=2025-04-01 00:00:00+00:00
[2025-04-01T16:16:58.842-0500] {logging_mixin.py:190} INFO - [2025-04-01T16:16:58.841-0500] {dag.py:4180} INFO - Setting next_dagrun for read_dataset_event_from_classic to 2025-03-31 00:00:00+00:00, run_after=2025-04-01 00:00:00+00:00
[2025-04-01T16:16:58.938-0500] {processor.py:208} INFO - Processing /mnt/d/Universidad/ETL/Proyecto_airflow/venv/lib/python3.12/site-packages/airflow/example_dags/example_inlet_event_extra.py took 2.761 seconds
[2025-04-01T16:18:48.414-0500] {processor.py:186} INFO - Started process (PID=4160) to work on /mnt/d/Universidad/ETL/Proyecto_airflow/venv/lib/python3.12/site-packages/airflow/example_dags/example_inlet_event_extra.py
[2025-04-01T16:18:48.415-0500] {processor.py:914} INFO - Processing file /mnt/d/Universidad/ETL/Proyecto_airflow/venv/lib/python3.12/site-packages/airflow/example_dags/example_inlet_event_extra.py for tasks to queue
[2025-04-01T16:18:48.417-0500] {logging_mixin.py:190} INFO - [2025-04-01T16:18:48.416-0500] {dagbag.py:588} INFO - Filling up the DagBag from /mnt/d/Universidad/ETL/Proyecto_airflow/venv/lib/python3.12/site-packages/airflow/example_dags/example_inlet_event_extra.py
[2025-04-01T16:18:48.530-0500] {processor.py:925} INFO - DAG(s) 'read_dataset_event_from_classic', 'read_dataset_event' retrieved from /mnt/d/Universidad/ETL/Proyecto_airflow/venv/lib/python3.12/site-packages/airflow/example_dags/example_inlet_event_extra.py
[2025-04-01T16:18:48.550-0500] {logging_mixin.py:190} INFO - [2025-04-01T16:18:48.550-0500] {dag.py:3239} INFO - Sync 2 DAGs
[2025-04-01T16:18:48.566-0500] {logging_mixin.py:190} INFO - [2025-04-01T16:18:48.565-0500] {dag.py:4180} INFO - Setting next_dagrun for read_dataset_event to 2025-03-31 00:00:00+00:00, run_after=2025-04-01 00:00:00+00:00
[2025-04-01T16:18:48.570-0500] {logging_mixin.py:190} INFO - [2025-04-01T16:18:48.570-0500] {dag.py:4180} INFO - Setting next_dagrun for read_dataset_event_from_classic to 2025-03-31 00:00:00+00:00, run_after=2025-04-01 00:00:00+00:00
[2025-04-01T16:18:48.667-0500] {processor.py:208} INFO - Processing /mnt/d/Universidad/ETL/Proyecto_airflow/venv/lib/python3.12/site-packages/airflow/example_dags/example_inlet_event_extra.py took 0.261 seconds
[2025-04-01T16:20:16.920-0500] {processor.py:186} INFO - Started process (PID=4231) to work on /mnt/d/Universidad/ETL/Proyecto_airflow/venv/lib/python3.12/site-packages/airflow/example_dags/example_inlet_event_extra.py
[2025-04-01T16:20:16.922-0500] {processor.py:914} INFO - Processing file /mnt/d/Universidad/ETL/Proyecto_airflow/venv/lib/python3.12/site-packages/airflow/example_dags/example_inlet_event_extra.py for tasks to queue
[2025-04-01T16:20:16.924-0500] {logging_mixin.py:190} INFO - [2025-04-01T16:20:16.923-0500] {dagbag.py:588} INFO - Filling up the DagBag from /mnt/d/Universidad/ETL/Proyecto_airflow/venv/lib/python3.12/site-packages/airflow/example_dags/example_inlet_event_extra.py
[2025-04-01T16:20:17.036-0500] {processor.py:925} INFO - DAG(s) 'read_dataset_event', 'read_dataset_event_from_classic' retrieved from /mnt/d/Universidad/ETL/Proyecto_airflow/venv/lib/python3.12/site-packages/airflow/example_dags/example_inlet_event_extra.py
[2025-04-01T16:20:17.058-0500] {logging_mixin.py:190} INFO - [2025-04-01T16:20:17.057-0500] {dag.py:3239} INFO - Sync 2 DAGs
[2025-04-01T16:20:17.075-0500] {logging_mixin.py:190} INFO - [2025-04-01T16:20:17.074-0500] {dag.py:4180} INFO - Setting next_dagrun for read_dataset_event to 2025-03-31 00:00:00+00:00, run_after=2025-04-01 00:00:00+00:00
[2025-04-01T16:20:17.079-0500] {logging_mixin.py:190} INFO - [2025-04-01T16:20:17.079-0500] {dag.py:4180} INFO - Setting next_dagrun for read_dataset_event_from_classic to 2025-03-31 00:00:00+00:00, run_after=2025-04-01 00:00:00+00:00
[2025-04-01T16:20:17.161-0500] {processor.py:208} INFO - Processing /mnt/d/Universidad/ETL/Proyecto_airflow/venv/lib/python3.12/site-packages/airflow/example_dags/example_inlet_event_extra.py took 0.248 seconds
[2025-04-01T16:21:44.605-0500] {processor.py:186} INFO - Started process (PID=4304) to work on /mnt/d/Universidad/ETL/Proyecto_airflow/venv/lib/python3.12/site-packages/airflow/example_dags/example_inlet_event_extra.py
[2025-04-01T16:21:44.606-0500] {processor.py:914} INFO - Processing file /mnt/d/Universidad/ETL/Proyecto_airflow/venv/lib/python3.12/site-packages/airflow/example_dags/example_inlet_event_extra.py for tasks to queue
[2025-04-01T16:21:44.608-0500] {logging_mixin.py:190} INFO - [2025-04-01T16:21:44.608-0500] {dagbag.py:588} INFO - Filling up the DagBag from /mnt/d/Universidad/ETL/Proyecto_airflow/venv/lib/python3.12/site-packages/airflow/example_dags/example_inlet_event_extra.py
[2025-04-01T16:21:44.721-0500] {processor.py:925} INFO - DAG(s) 'read_dataset_event_from_classic', 'read_dataset_event' retrieved from /mnt/d/Universidad/ETL/Proyecto_airflow/venv/lib/python3.12/site-packages/airflow/example_dags/example_inlet_event_extra.py
[2025-04-01T16:21:44.741-0500] {logging_mixin.py:190} INFO - [2025-04-01T16:21:44.740-0500] {dag.py:3239} INFO - Sync 2 DAGs
[2025-04-01T16:21:44.756-0500] {logging_mixin.py:190} INFO - [2025-04-01T16:21:44.755-0500] {dag.py:4180} INFO - Setting next_dagrun for read_dataset_event to 2025-03-31 00:00:00+00:00, run_after=2025-04-01 00:00:00+00:00
[2025-04-01T16:21:44.760-0500] {logging_mixin.py:190} INFO - [2025-04-01T16:21:44.760-0500] {dag.py:4180} INFO - Setting next_dagrun for read_dataset_event_from_classic to 2025-03-31 00:00:00+00:00, run_after=2025-04-01 00:00:00+00:00
[2025-04-01T16:21:44.862-0500] {processor.py:208} INFO - Processing /mnt/d/Universidad/ETL/Proyecto_airflow/venv/lib/python3.12/site-packages/airflow/example_dags/example_inlet_event_extra.py took 0.265 seconds
[2025-04-01T16:23:08.659-0500] {processor.py:186} INFO - Started process (PID=4370) to work on /mnt/d/Universidad/ETL/Proyecto_airflow/venv/lib/python3.12/site-packages/airflow/example_dags/example_inlet_event_extra.py
[2025-04-01T16:23:08.660-0500] {processor.py:914} INFO - Processing file /mnt/d/Universidad/ETL/Proyecto_airflow/venv/lib/python3.12/site-packages/airflow/example_dags/example_inlet_event_extra.py for tasks to queue
[2025-04-01T16:23:08.662-0500] {logging_mixin.py:190} INFO - [2025-04-01T16:23:08.661-0500] {dagbag.py:588} INFO - Filling up the DagBag from /mnt/d/Universidad/ETL/Proyecto_airflow/venv/lib/python3.12/site-packages/airflow/example_dags/example_inlet_event_extra.py
[2025-04-01T16:23:08.775-0500] {processor.py:925} INFO - DAG(s) 'read_dataset_event', 'read_dataset_event_from_classic' retrieved from /mnt/d/Universidad/ETL/Proyecto_airflow/venv/lib/python3.12/site-packages/airflow/example_dags/example_inlet_event_extra.py
[2025-04-01T16:23:08.795-0500] {logging_mixin.py:190} INFO - [2025-04-01T16:23:08.795-0500] {dag.py:3239} INFO - Sync 2 DAGs
[2025-04-01T16:23:08.811-0500] {logging_mixin.py:190} INFO - [2025-04-01T16:23:08.810-0500] {dag.py:4180} INFO - Setting next_dagrun for read_dataset_event to 2025-03-31 00:00:00+00:00, run_after=2025-04-01 00:00:00+00:00
[2025-04-01T16:23:08.815-0500] {logging_mixin.py:190} INFO - [2025-04-01T16:23:08.814-0500] {dag.py:4180} INFO - Setting next_dagrun for read_dataset_event_from_classic to 2025-03-31 00:00:00+00:00, run_after=2025-04-01 00:00:00+00:00
[2025-04-01T16:23:08.923-0500] {processor.py:208} INFO - Processing /mnt/d/Universidad/ETL/Proyecto_airflow/venv/lib/python3.12/site-packages/airflow/example_dags/example_inlet_event_extra.py took 0.272 seconds
[2025-04-01T16:24:42.697-0500] {processor.py:186} INFO - Started process (PID=4442) to work on /mnt/d/Universidad/ETL/Proyecto_airflow/venv/lib/python3.12/site-packages/airflow/example_dags/example_inlet_event_extra.py
[2025-04-01T16:24:42.698-0500] {processor.py:914} INFO - Processing file /mnt/d/Universidad/ETL/Proyecto_airflow/venv/lib/python3.12/site-packages/airflow/example_dags/example_inlet_event_extra.py for tasks to queue
[2025-04-01T16:24:42.700-0500] {logging_mixin.py:190} INFO - [2025-04-01T16:24:42.700-0500] {dagbag.py:588} INFO - Filling up the DagBag from /mnt/d/Universidad/ETL/Proyecto_airflow/venv/lib/python3.12/site-packages/airflow/example_dags/example_inlet_event_extra.py
[2025-04-01T16:24:42.812-0500] {processor.py:925} INFO - DAG(s) 'read_dataset_event', 'read_dataset_event_from_classic' retrieved from /mnt/d/Universidad/ETL/Proyecto_airflow/venv/lib/python3.12/site-packages/airflow/example_dags/example_inlet_event_extra.py
[2025-04-01T16:24:42.832-0500] {logging_mixin.py:190} INFO - [2025-04-01T16:24:42.831-0500] {dag.py:3239} INFO - Sync 2 DAGs
[2025-04-01T16:24:42.848-0500] {logging_mixin.py:190} INFO - [2025-04-01T16:24:42.847-0500] {dag.py:4180} INFO - Setting next_dagrun for read_dataset_event to 2025-03-31 00:00:00+00:00, run_after=2025-04-01 00:00:00+00:00
[2025-04-01T16:24:42.853-0500] {logging_mixin.py:190} INFO - [2025-04-01T16:24:42.852-0500] {dag.py:4180} INFO - Setting next_dagrun for read_dataset_event_from_classic to 2025-03-31 00:00:00+00:00, run_after=2025-04-01 00:00:00+00:00
[2025-04-01T16:24:42.959-0500] {processor.py:208} INFO - Processing /mnt/d/Universidad/ETL/Proyecto_airflow/venv/lib/python3.12/site-packages/airflow/example_dags/example_inlet_event_extra.py took 0.269 seconds
[2025-04-01T16:26:18.191-0500] {processor.py:186} INFO - Started process (PID=4513) to work on /mnt/d/Universidad/ETL/Proyecto_airflow/venv/lib/python3.12/site-packages/airflow/example_dags/example_inlet_event_extra.py
[2025-04-01T16:26:18.192-0500] {processor.py:914} INFO - Processing file /mnt/d/Universidad/ETL/Proyecto_airflow/venv/lib/python3.12/site-packages/airflow/example_dags/example_inlet_event_extra.py for tasks to queue
[2025-04-01T16:26:18.194-0500] {logging_mixin.py:190} INFO - [2025-04-01T16:26:18.193-0500] {dagbag.py:588} INFO - Filling up the DagBag from /mnt/d/Universidad/ETL/Proyecto_airflow/venv/lib/python3.12/site-packages/airflow/example_dags/example_inlet_event_extra.py
[2025-04-01T16:26:18.307-0500] {processor.py:925} INFO - DAG(s) 'read_dataset_event_from_classic', 'read_dataset_event' retrieved from /mnt/d/Universidad/ETL/Proyecto_airflow/venv/lib/python3.12/site-packages/airflow/example_dags/example_inlet_event_extra.py
[2025-04-01T16:26:18.388-0500] {logging_mixin.py:190} INFO - [2025-04-01T16:26:18.388-0500] {dag.py:3239} INFO - Sync 2 DAGs
[2025-04-01T16:26:18.403-0500] {logging_mixin.py:190} INFO - [2025-04-01T16:26:18.403-0500] {dag.py:4180} INFO - Setting next_dagrun for read_dataset_event to 2025-03-31 00:00:00+00:00, run_after=2025-04-01 00:00:00+00:00
[2025-04-01T16:26:18.408-0500] {logging_mixin.py:190} INFO - [2025-04-01T16:26:18.407-0500] {dag.py:4180} INFO - Setting next_dagrun for read_dataset_event_from_classic to 2025-03-31 00:00:00+00:00, run_after=2025-04-01 00:00:00+00:00
[2025-04-01T16:26:18.485-0500] {processor.py:208} INFO - Processing /mnt/d/Universidad/ETL/Proyecto_airflow/venv/lib/python3.12/site-packages/airflow/example_dags/example_inlet_event_extra.py took 0.302 seconds
[2025-04-01T16:27:49.252-0500] {processor.py:186} INFO - Started process (PID=4584) to work on /mnt/d/Universidad/ETL/Proyecto_airflow/venv/lib/python3.12/site-packages/airflow/example_dags/example_inlet_event_extra.py
[2025-04-01T16:27:49.253-0500] {processor.py:914} INFO - Processing file /mnt/d/Universidad/ETL/Proyecto_airflow/venv/lib/python3.12/site-packages/airflow/example_dags/example_inlet_event_extra.py for tasks to queue
[2025-04-01T16:27:49.255-0500] {logging_mixin.py:190} INFO - [2025-04-01T16:27:49.254-0500] {dagbag.py:588} INFO - Filling up the DagBag from /mnt/d/Universidad/ETL/Proyecto_airflow/venv/lib/python3.12/site-packages/airflow/example_dags/example_inlet_event_extra.py
[2025-04-01T16:27:49.369-0500] {processor.py:925} INFO - DAG(s) 'read_dataset_event', 'read_dataset_event_from_classic' retrieved from /mnt/d/Universidad/ETL/Proyecto_airflow/venv/lib/python3.12/site-packages/airflow/example_dags/example_inlet_event_extra.py
[2025-04-01T16:27:49.389-0500] {logging_mixin.py:190} INFO - [2025-04-01T16:27:49.388-0500] {dag.py:3239} INFO - Sync 2 DAGs
[2025-04-01T16:27:49.406-0500] {logging_mixin.py:190} INFO - [2025-04-01T16:27:49.405-0500] {dag.py:4180} INFO - Setting next_dagrun for read_dataset_event to 2025-03-31 00:00:00+00:00, run_after=2025-04-01 00:00:00+00:00
[2025-04-01T16:27:49.410-0500] {logging_mixin.py:190} INFO - [2025-04-01T16:27:49.410-0500] {dag.py:4180} INFO - Setting next_dagrun for read_dataset_event_from_classic to 2025-03-31 00:00:00+00:00, run_after=2025-04-01 00:00:00+00:00
[2025-04-01T16:27:49.516-0500] {processor.py:208} INFO - Processing /mnt/d/Universidad/ETL/Proyecto_airflow/venv/lib/python3.12/site-packages/airflow/example_dags/example_inlet_event_extra.py took 0.273 seconds
[2025-04-01T16:29:20.159-0500] {processor.py:186} INFO - Started process (PID=4654) to work on /mnt/d/Universidad/ETL/Proyecto_airflow/venv/lib/python3.12/site-packages/airflow/example_dags/example_inlet_event_extra.py
[2025-04-01T16:29:20.160-0500] {processor.py:914} INFO - Processing file /mnt/d/Universidad/ETL/Proyecto_airflow/venv/lib/python3.12/site-packages/airflow/example_dags/example_inlet_event_extra.py for tasks to queue
[2025-04-01T16:29:20.162-0500] {logging_mixin.py:190} INFO - [2025-04-01T16:29:20.162-0500] {dagbag.py:588} INFO - Filling up the DagBag from /mnt/d/Universidad/ETL/Proyecto_airflow/venv/lib/python3.12/site-packages/airflow/example_dags/example_inlet_event_extra.py
[2025-04-01T16:29:20.276-0500] {processor.py:925} INFO - DAG(s) 'read_dataset_event_from_classic', 'read_dataset_event' retrieved from /mnt/d/Universidad/ETL/Proyecto_airflow/venv/lib/python3.12/site-packages/airflow/example_dags/example_inlet_event_extra.py
[2025-04-01T16:29:20.298-0500] {logging_mixin.py:190} INFO - [2025-04-01T16:29:20.298-0500] {dag.py:3239} INFO - Sync 2 DAGs
[2025-04-01T16:29:20.316-0500] {logging_mixin.py:190} INFO - [2025-04-01T16:29:20.315-0500] {dag.py:4180} INFO - Setting next_dagrun for read_dataset_event to 2025-03-31 00:00:00+00:00, run_after=2025-04-01 00:00:00+00:00
[2025-04-01T16:29:20.320-0500] {logging_mixin.py:190} INFO - [2025-04-01T16:29:20.319-0500] {dag.py:4180} INFO - Setting next_dagrun for read_dataset_event_from_classic to 2025-03-31 00:00:00+00:00, run_after=2025-04-01 00:00:00+00:00
[2025-04-01T16:29:20.403-0500] {processor.py:208} INFO - Processing /mnt/d/Universidad/ETL/Proyecto_airflow/venv/lib/python3.12/site-packages/airflow/example_dags/example_inlet_event_extra.py took 0.251 seconds
[2025-04-01T16:30:52.839-0500] {processor.py:186} INFO - Started process (PID=4726) to work on /mnt/d/Universidad/ETL/Proyecto_airflow/venv/lib/python3.12/site-packages/airflow/example_dags/example_inlet_event_extra.py
[2025-04-01T16:30:52.840-0500] {processor.py:914} INFO - Processing file /mnt/d/Universidad/ETL/Proyecto_airflow/venv/lib/python3.12/site-packages/airflow/example_dags/example_inlet_event_extra.py for tasks to queue
[2025-04-01T16:30:52.842-0500] {logging_mixin.py:190} INFO - [2025-04-01T16:30:52.842-0500] {dagbag.py:588} INFO - Filling up the DagBag from /mnt/d/Universidad/ETL/Proyecto_airflow/venv/lib/python3.12/site-packages/airflow/example_dags/example_inlet_event_extra.py
[2025-04-01T16:30:52.954-0500] {processor.py:925} INFO - DAG(s) 'read_dataset_event', 'read_dataset_event_from_classic' retrieved from /mnt/d/Universidad/ETL/Proyecto_airflow/venv/lib/python3.12/site-packages/airflow/example_dags/example_inlet_event_extra.py
[2025-04-01T16:30:52.976-0500] {logging_mixin.py:190} INFO - [2025-04-01T16:30:52.975-0500] {dag.py:3239} INFO - Sync 2 DAGs
[2025-04-01T16:30:52.994-0500] {logging_mixin.py:190} INFO - [2025-04-01T16:30:52.993-0500] {dag.py:4180} INFO - Setting next_dagrun for read_dataset_event to 2025-03-31 00:00:00+00:00, run_after=2025-04-01 00:00:00+00:00
[2025-04-01T16:30:52.998-0500] {logging_mixin.py:190} INFO - [2025-04-01T16:30:52.997-0500] {dag.py:4180} INFO - Setting next_dagrun for read_dataset_event_from_classic to 2025-03-31 00:00:00+00:00, run_after=2025-04-01 00:00:00+00:00
[2025-04-01T16:30:53.083-0500] {processor.py:208} INFO - Processing /mnt/d/Universidad/ETL/Proyecto_airflow/venv/lib/python3.12/site-packages/airflow/example_dags/example_inlet_event_extra.py took 0.252 seconds
[2025-04-01T16:32:28.687-0500] {processor.py:186} INFO - Started process (PID=4799) to work on /mnt/d/Universidad/ETL/Proyecto_airflow/venv/lib/python3.12/site-packages/airflow/example_dags/example_inlet_event_extra.py
[2025-04-01T16:32:28.688-0500] {processor.py:914} INFO - Processing file /mnt/d/Universidad/ETL/Proyecto_airflow/venv/lib/python3.12/site-packages/airflow/example_dags/example_inlet_event_extra.py for tasks to queue
[2025-04-01T16:32:28.690-0500] {logging_mixin.py:190} INFO - [2025-04-01T16:32:28.690-0500] {dagbag.py:588} INFO - Filling up the DagBag from /mnt/d/Universidad/ETL/Proyecto_airflow/venv/lib/python3.12/site-packages/airflow/example_dags/example_inlet_event_extra.py
[2025-04-01T16:32:28.803-0500] {processor.py:925} INFO - DAG(s) 'read_dataset_event', 'read_dataset_event_from_classic' retrieved from /mnt/d/Universidad/ETL/Proyecto_airflow/venv/lib/python3.12/site-packages/airflow/example_dags/example_inlet_event_extra.py
[2025-04-01T16:32:28.824-0500] {logging_mixin.py:190} INFO - [2025-04-01T16:32:28.823-0500] {dag.py:3239} INFO - Sync 2 DAGs
[2025-04-01T16:32:28.840-0500] {logging_mixin.py:190} INFO - [2025-04-01T16:32:28.839-0500] {dag.py:4180} INFO - Setting next_dagrun for read_dataset_event to 2025-03-31 00:00:00+00:00, run_after=2025-04-01 00:00:00+00:00
[2025-04-01T16:32:28.844-0500] {logging_mixin.py:190} INFO - [2025-04-01T16:32:28.844-0500] {dag.py:4180} INFO - Setting next_dagrun for read_dataset_event_from_classic to 2025-03-31 00:00:00+00:00, run_after=2025-04-01 00:00:00+00:00
[2025-04-01T16:32:28.912-0500] {processor.py:208} INFO - Processing /mnt/d/Universidad/ETL/Proyecto_airflow/venv/lib/python3.12/site-packages/airflow/example_dags/example_inlet_event_extra.py took 0.233 seconds
[2025-04-01T16:33:58.964-0500] {processor.py:186} INFO - Started process (PID=4869) to work on /mnt/d/Universidad/ETL/Proyecto_airflow/venv/lib/python3.12/site-packages/airflow/example_dags/example_inlet_event_extra.py
[2025-04-01T16:33:58.965-0500] {processor.py:914} INFO - Processing file /mnt/d/Universidad/ETL/Proyecto_airflow/venv/lib/python3.12/site-packages/airflow/example_dags/example_inlet_event_extra.py for tasks to queue
[2025-04-01T16:33:58.967-0500] {logging_mixin.py:190} INFO - [2025-04-01T16:33:58.967-0500] {dagbag.py:588} INFO - Filling up the DagBag from /mnt/d/Universidad/ETL/Proyecto_airflow/venv/lib/python3.12/site-packages/airflow/example_dags/example_inlet_event_extra.py
[2025-04-01T16:33:59.082-0500] {processor.py:925} INFO - DAG(s) 'read_dataset_event', 'read_dataset_event_from_classic' retrieved from /mnt/d/Universidad/ETL/Proyecto_airflow/venv/lib/python3.12/site-packages/airflow/example_dags/example_inlet_event_extra.py
[2025-04-01T16:33:59.102-0500] {logging_mixin.py:190} INFO - [2025-04-01T16:33:59.101-0500] {dag.py:3239} INFO - Sync 2 DAGs
[2025-04-01T16:33:59.118-0500] {logging_mixin.py:190} INFO - [2025-04-01T16:33:59.117-0500] {dag.py:4180} INFO - Setting next_dagrun for read_dataset_event to 2025-03-31 00:00:00+00:00, run_after=2025-04-01 00:00:00+00:00
[2025-04-01T16:33:59.122-0500] {logging_mixin.py:190} INFO - [2025-04-01T16:33:59.121-0500] {dag.py:4180} INFO - Setting next_dagrun for read_dataset_event_from_classic to 2025-03-31 00:00:00+00:00, run_after=2025-04-01 00:00:00+00:00
[2025-04-01T16:33:59.229-0500] {processor.py:208} INFO - Processing /mnt/d/Universidad/ETL/Proyecto_airflow/venv/lib/python3.12/site-packages/airflow/example_dags/example_inlet_event_extra.py took 0.272 seconds
[2025-04-01T16:35:23.933-0500] {processor.py:186} INFO - Started process (PID=4938) to work on /mnt/d/Universidad/ETL/Proyecto_airflow/venv/lib/python3.12/site-packages/airflow/example_dags/example_inlet_event_extra.py
[2025-04-01T16:35:23.934-0500] {processor.py:914} INFO - Processing file /mnt/d/Universidad/ETL/Proyecto_airflow/venv/lib/python3.12/site-packages/airflow/example_dags/example_inlet_event_extra.py for tasks to queue
[2025-04-01T16:35:23.936-0500] {logging_mixin.py:190} INFO - [2025-04-01T16:35:23.935-0500] {dagbag.py:588} INFO - Filling up the DagBag from /mnt/d/Universidad/ETL/Proyecto_airflow/venv/lib/python3.12/site-packages/airflow/example_dags/example_inlet_event_extra.py
[2025-04-01T16:35:24.050-0500] {processor.py:925} INFO - DAG(s) 'read_dataset_event_from_classic', 'read_dataset_event' retrieved from /mnt/d/Universidad/ETL/Proyecto_airflow/venv/lib/python3.12/site-packages/airflow/example_dags/example_inlet_event_extra.py
[2025-04-01T16:35:24.070-0500] {logging_mixin.py:190} INFO - [2025-04-01T16:35:24.069-0500] {dag.py:3239} INFO - Sync 2 DAGs
[2025-04-01T16:35:24.086-0500] {logging_mixin.py:190} INFO - [2025-04-01T16:35:24.085-0500] {dag.py:4180} INFO - Setting next_dagrun for read_dataset_event to 2025-03-31 00:00:00+00:00, run_after=2025-04-01 00:00:00+00:00
[2025-04-01T16:35:24.090-0500] {logging_mixin.py:190} INFO - [2025-04-01T16:35:24.089-0500] {dag.py:4180} INFO - Setting next_dagrun for read_dataset_event_from_classic to 2025-03-31 00:00:00+00:00, run_after=2025-04-01 00:00:00+00:00
[2025-04-01T16:35:24.195-0500] {processor.py:208} INFO - Processing /mnt/d/Universidad/ETL/Proyecto_airflow/venv/lib/python3.12/site-packages/airflow/example_dags/example_inlet_event_extra.py took 0.270 seconds
[2025-04-01T16:36:58.783-0500] {processor.py:186} INFO - Started process (PID=5009) to work on /mnt/d/Universidad/ETL/Proyecto_airflow/venv/lib/python3.12/site-packages/airflow/example_dags/example_inlet_event_extra.py
[2025-04-01T16:36:58.784-0500] {processor.py:914} INFO - Processing file /mnt/d/Universidad/ETL/Proyecto_airflow/venv/lib/python3.12/site-packages/airflow/example_dags/example_inlet_event_extra.py for tasks to queue
[2025-04-01T16:36:58.786-0500] {logging_mixin.py:190} INFO - [2025-04-01T16:36:58.785-0500] {dagbag.py:588} INFO - Filling up the DagBag from /mnt/d/Universidad/ETL/Proyecto_airflow/venv/lib/python3.12/site-packages/airflow/example_dags/example_inlet_event_extra.py
[2025-04-01T16:36:58.900-0500] {processor.py:925} INFO - DAG(s) 'read_dataset_event_from_classic', 'read_dataset_event' retrieved from /mnt/d/Universidad/ETL/Proyecto_airflow/venv/lib/python3.12/site-packages/airflow/example_dags/example_inlet_event_extra.py
[2025-04-01T16:36:58.922-0500] {logging_mixin.py:190} INFO - [2025-04-01T16:36:58.921-0500] {dag.py:3239} INFO - Sync 2 DAGs
[2025-04-01T16:36:58.938-0500] {logging_mixin.py:190} INFO - [2025-04-01T16:36:58.937-0500] {dag.py:4180} INFO - Setting next_dagrun for read_dataset_event to 2025-03-31 00:00:00+00:00, run_after=2025-04-01 00:00:00+00:00
[2025-04-01T16:36:58.942-0500] {logging_mixin.py:190} INFO - [2025-04-01T16:36:58.942-0500] {dag.py:4180} INFO - Setting next_dagrun for read_dataset_event_from_classic to 2025-03-31 00:00:00+00:00, run_after=2025-04-01 00:00:00+00:00
[2025-04-01T16:36:59.026-0500] {processor.py:208} INFO - Processing /mnt/d/Universidad/ETL/Proyecto_airflow/venv/lib/python3.12/site-packages/airflow/example_dags/example_inlet_event_extra.py took 0.251 seconds
[2025-04-01T16:38:32.549-0500] {processor.py:186} INFO - Started process (PID=5078) to work on /mnt/d/Universidad/ETL/Proyecto_airflow/venv/lib/python3.12/site-packages/airflow/example_dags/example_inlet_event_extra.py
[2025-04-01T16:38:32.550-0500] {processor.py:914} INFO - Processing file /mnt/d/Universidad/ETL/Proyecto_airflow/venv/lib/python3.12/site-packages/airflow/example_dags/example_inlet_event_extra.py for tasks to queue
[2025-04-01T16:38:32.552-0500] {logging_mixin.py:190} INFO - [2025-04-01T16:38:32.551-0500] {dagbag.py:588} INFO - Filling up the DagBag from /mnt/d/Universidad/ETL/Proyecto_airflow/venv/lib/python3.12/site-packages/airflow/example_dags/example_inlet_event_extra.py
[2025-04-01T16:38:32.667-0500] {processor.py:925} INFO - DAG(s) 'read_dataset_event', 'read_dataset_event_from_classic' retrieved from /mnt/d/Universidad/ETL/Proyecto_airflow/venv/lib/python3.12/site-packages/airflow/example_dags/example_inlet_event_extra.py
[2025-04-01T16:38:32.688-0500] {logging_mixin.py:190} INFO - [2025-04-01T16:38:32.687-0500] {dag.py:3239} INFO - Sync 2 DAGs
[2025-04-01T16:38:32.704-0500] {logging_mixin.py:190} INFO - [2025-04-01T16:38:32.703-0500] {dag.py:4180} INFO - Setting next_dagrun for read_dataset_event to 2025-03-31 00:00:00+00:00, run_after=2025-04-01 00:00:00+00:00
[2025-04-01T16:38:32.709-0500] {logging_mixin.py:190} INFO - [2025-04-01T16:38:32.708-0500] {dag.py:4180} INFO - Setting next_dagrun for read_dataset_event_from_classic to 2025-03-31 00:00:00+00:00, run_after=2025-04-01 00:00:00+00:00
[2025-04-01T16:38:32.814-0500] {processor.py:208} INFO - Processing /mnt/d/Universidad/ETL/Proyecto_airflow/venv/lib/python3.12/site-packages/airflow/example_dags/example_inlet_event_extra.py took 0.273 seconds
[2025-04-01T16:40:02.407-0500] {processor.py:186} INFO - Started process (PID=5149) to work on /mnt/d/Universidad/ETL/Proyecto_airflow/venv/lib/python3.12/site-packages/airflow/example_dags/example_inlet_event_extra.py
[2025-04-01T16:40:02.408-0500] {processor.py:914} INFO - Processing file /mnt/d/Universidad/ETL/Proyecto_airflow/venv/lib/python3.12/site-packages/airflow/example_dags/example_inlet_event_extra.py for tasks to queue
[2025-04-01T16:40:02.410-0500] {logging_mixin.py:190} INFO - [2025-04-01T16:40:02.410-0500] {dagbag.py:588} INFO - Filling up the DagBag from /mnt/d/Universidad/ETL/Proyecto_airflow/venv/lib/python3.12/site-packages/airflow/example_dags/example_inlet_event_extra.py
[2025-04-01T16:40:02.524-0500] {processor.py:925} INFO - DAG(s) 'read_dataset_event_from_classic', 'read_dataset_event' retrieved from /mnt/d/Universidad/ETL/Proyecto_airflow/venv/lib/python3.12/site-packages/airflow/example_dags/example_inlet_event_extra.py
[2025-04-01T16:40:02.545-0500] {logging_mixin.py:190} INFO - [2025-04-01T16:40:02.544-0500] {dag.py:3239} INFO - Sync 2 DAGs
[2025-04-01T16:40:02.561-0500] {logging_mixin.py:190} INFO - [2025-04-01T16:40:02.560-0500] {dag.py:4180} INFO - Setting next_dagrun for read_dataset_event to 2025-03-31 00:00:00+00:00, run_after=2025-04-01 00:00:00+00:00
[2025-04-01T16:40:02.565-0500] {logging_mixin.py:190} INFO - [2025-04-01T16:40:02.564-0500] {dag.py:4180} INFO - Setting next_dagrun for read_dataset_event_from_classic to 2025-03-31 00:00:00+00:00, run_after=2025-04-01 00:00:00+00:00
[2025-04-01T16:40:02.672-0500] {processor.py:208} INFO - Processing /mnt/d/Universidad/ETL/Proyecto_airflow/venv/lib/python3.12/site-packages/airflow/example_dags/example_inlet_event_extra.py took 0.273 seconds
[2025-04-01T16:41:41.837-0500] {processor.py:186} INFO - Started process (PID=5223) to work on /mnt/d/Universidad/ETL/Proyecto_airflow/venv/lib/python3.12/site-packages/airflow/example_dags/example_inlet_event_extra.py
[2025-04-01T16:41:41.838-0500] {processor.py:914} INFO - Processing file /mnt/d/Universidad/ETL/Proyecto_airflow/venv/lib/python3.12/site-packages/airflow/example_dags/example_inlet_event_extra.py for tasks to queue
[2025-04-01T16:41:41.840-0500] {logging_mixin.py:190} INFO - [2025-04-01T16:41:41.839-0500] {dagbag.py:588} INFO - Filling up the DagBag from /mnt/d/Universidad/ETL/Proyecto_airflow/venv/lib/python3.12/site-packages/airflow/example_dags/example_inlet_event_extra.py
[2025-04-01T16:41:41.957-0500] {processor.py:925} INFO - DAG(s) 'read_dataset_event_from_classic', 'read_dataset_event' retrieved from /mnt/d/Universidad/ETL/Proyecto_airflow/venv/lib/python3.12/site-packages/airflow/example_dags/example_inlet_event_extra.py
[2025-04-01T16:41:41.978-0500] {logging_mixin.py:190} INFO - [2025-04-01T16:41:41.977-0500] {dag.py:3239} INFO - Sync 2 DAGs
[2025-04-01T16:41:41.994-0500] {logging_mixin.py:190} INFO - [2025-04-01T16:41:41.993-0500] {dag.py:4180} INFO - Setting next_dagrun for read_dataset_event to 2025-03-31 00:00:00+00:00, run_after=2025-04-01 00:00:00+00:00
[2025-04-01T16:41:41.998-0500] {logging_mixin.py:190} INFO - [2025-04-01T16:41:41.997-0500] {dag.py:4180} INFO - Setting next_dagrun for read_dataset_event_from_classic to 2025-03-31 00:00:00+00:00, run_after=2025-04-01 00:00:00+00:00
[2025-04-01T16:41:42.083-0500] {processor.py:208} INFO - Processing /mnt/d/Universidad/ETL/Proyecto_airflow/venv/lib/python3.12/site-packages/airflow/example_dags/example_inlet_event_extra.py took 0.255 seconds
[2025-04-01T16:43:15.307-0500] {processor.py:186} INFO - Started process (PID=5293) to work on /mnt/d/Universidad/ETL/Proyecto_airflow/venv/lib/python3.12/site-packages/airflow/example_dags/example_inlet_event_extra.py
[2025-04-01T16:43:15.308-0500] {processor.py:914} INFO - Processing file /mnt/d/Universidad/ETL/Proyecto_airflow/venv/lib/python3.12/site-packages/airflow/example_dags/example_inlet_event_extra.py for tasks to queue
[2025-04-01T16:43:15.310-0500] {logging_mixin.py:190} INFO - [2025-04-01T16:43:15.309-0500] {dagbag.py:588} INFO - Filling up the DagBag from /mnt/d/Universidad/ETL/Proyecto_airflow/venv/lib/python3.12/site-packages/airflow/example_dags/example_inlet_event_extra.py
[2025-04-01T16:43:15.423-0500] {processor.py:925} INFO - DAG(s) 'read_dataset_event', 'read_dataset_event_from_classic' retrieved from /mnt/d/Universidad/ETL/Proyecto_airflow/venv/lib/python3.12/site-packages/airflow/example_dags/example_inlet_event_extra.py
[2025-04-01T16:43:15.444-0500] {logging_mixin.py:190} INFO - [2025-04-01T16:43:15.443-0500] {dag.py:3239} INFO - Sync 2 DAGs
[2025-04-01T16:43:15.460-0500] {logging_mixin.py:190} INFO - [2025-04-01T16:43:15.459-0500] {dag.py:4180} INFO - Setting next_dagrun for read_dataset_event to 2025-03-31 00:00:00+00:00, run_after=2025-04-01 00:00:00+00:00
[2025-04-01T16:43:15.465-0500] {logging_mixin.py:190} INFO - [2025-04-01T16:43:15.464-0500] {dag.py:4180} INFO - Setting next_dagrun for read_dataset_event_from_classic to 2025-03-31 00:00:00+00:00, run_after=2025-04-01 00:00:00+00:00
[2025-04-01T16:43:15.559-0500] {processor.py:208} INFO - Processing /mnt/d/Universidad/ETL/Proyecto_airflow/venv/lib/python3.12/site-packages/airflow/example_dags/example_inlet_event_extra.py took 0.260 seconds
[2025-04-01T16:44:50.636-0500] {processor.py:186} INFO - Started process (PID=5364) to work on /mnt/d/Universidad/ETL/Proyecto_airflow/venv/lib/python3.12/site-packages/airflow/example_dags/example_inlet_event_extra.py
[2025-04-01T16:44:50.637-0500] {processor.py:914} INFO - Processing file /mnt/d/Universidad/ETL/Proyecto_airflow/venv/lib/python3.12/site-packages/airflow/example_dags/example_inlet_event_extra.py for tasks to queue
[2025-04-01T16:44:50.639-0500] {logging_mixin.py:190} INFO - [2025-04-01T16:44:50.639-0500] {dagbag.py:588} INFO - Filling up the DagBag from /mnt/d/Universidad/ETL/Proyecto_airflow/venv/lib/python3.12/site-packages/airflow/example_dags/example_inlet_event_extra.py
[2025-04-01T16:44:50.752-0500] {processor.py:925} INFO - DAG(s) 'read_dataset_event', 'read_dataset_event_from_classic' retrieved from /mnt/d/Universidad/ETL/Proyecto_airflow/venv/lib/python3.12/site-packages/airflow/example_dags/example_inlet_event_extra.py
[2025-04-01T16:44:50.774-0500] {logging_mixin.py:190} INFO - [2025-04-01T16:44:50.773-0500] {dag.py:3239} INFO - Sync 2 DAGs
[2025-04-01T16:44:50.792-0500] {logging_mixin.py:190} INFO - [2025-04-01T16:44:50.791-0500] {dag.py:4180} INFO - Setting next_dagrun for read_dataset_event to 2025-03-31 00:00:00+00:00, run_after=2025-04-01 00:00:00+00:00
[2025-04-01T16:44:50.796-0500] {logging_mixin.py:190} INFO - [2025-04-01T16:44:50.796-0500] {dag.py:4180} INFO - Setting next_dagrun for read_dataset_event_from_classic to 2025-03-31 00:00:00+00:00, run_after=2025-04-01 00:00:00+00:00
[2025-04-01T16:44:50.877-0500] {processor.py:208} INFO - Processing /mnt/d/Universidad/ETL/Proyecto_airflow/venv/lib/python3.12/site-packages/airflow/example_dags/example_inlet_event_extra.py took 0.248 seconds
[2025-04-01T16:46:26.236-0500] {processor.py:186} INFO - Started process (PID=5437) to work on /mnt/d/Universidad/ETL/Proyecto_airflow/venv/lib/python3.12/site-packages/airflow/example_dags/example_inlet_event_extra.py
[2025-04-01T16:46:26.237-0500] {processor.py:914} INFO - Processing file /mnt/d/Universidad/ETL/Proyecto_airflow/venv/lib/python3.12/site-packages/airflow/example_dags/example_inlet_event_extra.py for tasks to queue
[2025-04-01T16:46:26.239-0500] {logging_mixin.py:190} INFO - [2025-04-01T16:46:26.238-0500] {dagbag.py:588} INFO - Filling up the DagBag from /mnt/d/Universidad/ETL/Proyecto_airflow/venv/lib/python3.12/site-packages/airflow/example_dags/example_inlet_event_extra.py
[2025-04-01T16:46:26.351-0500] {processor.py:925} INFO - DAG(s) 'read_dataset_event', 'read_dataset_event_from_classic' retrieved from /mnt/d/Universidad/ETL/Proyecto_airflow/venv/lib/python3.12/site-packages/airflow/example_dags/example_inlet_event_extra.py
[2025-04-01T16:46:26.373-0500] {logging_mixin.py:190} INFO - [2025-04-01T16:46:26.372-0500] {dag.py:3239} INFO - Sync 2 DAGs
[2025-04-01T16:46:26.389-0500] {logging_mixin.py:190} INFO - [2025-04-01T16:46:26.388-0500] {dag.py:4180} INFO - Setting next_dagrun for read_dataset_event to 2025-03-31 00:00:00+00:00, run_after=2025-04-01 00:00:00+00:00
[2025-04-01T16:46:26.393-0500] {logging_mixin.py:190} INFO - [2025-04-01T16:46:26.392-0500] {dag.py:4180} INFO - Setting next_dagrun for read_dataset_event_from_classic to 2025-03-31 00:00:00+00:00, run_after=2025-04-01 00:00:00+00:00
[2025-04-01T16:46:26.483-0500] {processor.py:208} INFO - Processing /mnt/d/Universidad/ETL/Proyecto_airflow/venv/lib/python3.12/site-packages/airflow/example_dags/example_inlet_event_extra.py took 0.255 seconds
[2025-04-01T16:48:02.657-0500] {processor.py:186} INFO - Started process (PID=5509) to work on /mnt/d/Universidad/ETL/Proyecto_airflow/venv/lib/python3.12/site-packages/airflow/example_dags/example_inlet_event_extra.py
[2025-04-01T16:48:02.658-0500] {processor.py:914} INFO - Processing file /mnt/d/Universidad/ETL/Proyecto_airflow/venv/lib/python3.12/site-packages/airflow/example_dags/example_inlet_event_extra.py for tasks to queue
[2025-04-01T16:48:02.661-0500] {logging_mixin.py:190} INFO - [2025-04-01T16:48:02.660-0500] {dagbag.py:588} INFO - Filling up the DagBag from /mnt/d/Universidad/ETL/Proyecto_airflow/venv/lib/python3.12/site-packages/airflow/example_dags/example_inlet_event_extra.py
[2025-04-01T16:48:02.771-0500] {processor.py:925} INFO - DAG(s) 'read_dataset_event', 'read_dataset_event_from_classic' retrieved from /mnt/d/Universidad/ETL/Proyecto_airflow/venv/lib/python3.12/site-packages/airflow/example_dags/example_inlet_event_extra.py
[2025-04-01T16:48:02.791-0500] {logging_mixin.py:190} INFO - [2025-04-01T16:48:02.791-0500] {dag.py:3239} INFO - Sync 2 DAGs
[2025-04-01T16:48:02.807-0500] {logging_mixin.py:190} INFO - [2025-04-01T16:48:02.806-0500] {dag.py:4180} INFO - Setting next_dagrun for read_dataset_event to 2025-03-31 00:00:00+00:00, run_after=2025-04-01 00:00:00+00:00
[2025-04-01T16:48:02.811-0500] {logging_mixin.py:190} INFO - [2025-04-01T16:48:02.810-0500] {dag.py:4180} INFO - Setting next_dagrun for read_dataset_event_from_classic to 2025-03-31 00:00:00+00:00, run_after=2025-04-01 00:00:00+00:00
[2025-04-01T16:48:02.889-0500] {processor.py:208} INFO - Processing /mnt/d/Universidad/ETL/Proyecto_airflow/venv/lib/python3.12/site-packages/airflow/example_dags/example_inlet_event_extra.py took 0.239 seconds
[2025-04-01T16:49:33.282-0500] {processor.py:186} INFO - Started process (PID=5578) to work on /mnt/d/Universidad/ETL/Proyecto_airflow/venv/lib/python3.12/site-packages/airflow/example_dags/example_inlet_event_extra.py
[2025-04-01T16:49:33.283-0500] {processor.py:914} INFO - Processing file /mnt/d/Universidad/ETL/Proyecto_airflow/venv/lib/python3.12/site-packages/airflow/example_dags/example_inlet_event_extra.py for tasks to queue
[2025-04-01T16:49:33.285-0500] {logging_mixin.py:190} INFO - [2025-04-01T16:49:33.284-0500] {dagbag.py:588} INFO - Filling up the DagBag from /mnt/d/Universidad/ETL/Proyecto_airflow/venv/lib/python3.12/site-packages/airflow/example_dags/example_inlet_event_extra.py
[2025-04-01T16:49:33.398-0500] {processor.py:925} INFO - DAG(s) 'read_dataset_event_from_classic', 'read_dataset_event' retrieved from /mnt/d/Universidad/ETL/Proyecto_airflow/venv/lib/python3.12/site-packages/airflow/example_dags/example_inlet_event_extra.py
[2025-04-01T16:49:33.419-0500] {logging_mixin.py:190} INFO - [2025-04-01T16:49:33.418-0500] {dag.py:3239} INFO - Sync 2 DAGs
[2025-04-01T16:49:33.436-0500] {logging_mixin.py:190} INFO - [2025-04-01T16:49:33.435-0500] {dag.py:4180} INFO - Setting next_dagrun for read_dataset_event to 2025-03-31 00:00:00+00:00, run_after=2025-04-01 00:00:00+00:00
[2025-04-01T16:49:33.440-0500] {logging_mixin.py:190} INFO - [2025-04-01T16:49:33.440-0500] {dag.py:4180} INFO - Setting next_dagrun for read_dataset_event_from_classic to 2025-03-31 00:00:00+00:00, run_after=2025-04-01 00:00:00+00:00
[2025-04-01T16:49:33.573-0500] {processor.py:208} INFO - Processing /mnt/d/Universidad/ETL/Proyecto_airflow/venv/lib/python3.12/site-packages/airflow/example_dags/example_inlet_event_extra.py took 0.300 seconds
[2025-04-01T16:51:01.499-0500] {processor.py:186} INFO - Started process (PID=5647) to work on /mnt/d/Universidad/ETL/Proyecto_airflow/venv/lib/python3.12/site-packages/airflow/example_dags/example_inlet_event_extra.py
[2025-04-01T16:51:01.500-0500] {processor.py:914} INFO - Processing file /mnt/d/Universidad/ETL/Proyecto_airflow/venv/lib/python3.12/site-packages/airflow/example_dags/example_inlet_event_extra.py for tasks to queue
[2025-04-01T16:51:01.502-0500] {logging_mixin.py:190} INFO - [2025-04-01T16:51:01.501-0500] {dagbag.py:588} INFO - Filling up the DagBag from /mnt/d/Universidad/ETL/Proyecto_airflow/venv/lib/python3.12/site-packages/airflow/example_dags/example_inlet_event_extra.py
[2025-04-01T16:51:01.613-0500] {processor.py:925} INFO - DAG(s) 'read_dataset_event', 'read_dataset_event_from_classic' retrieved from /mnt/d/Universidad/ETL/Proyecto_airflow/venv/lib/python3.12/site-packages/airflow/example_dags/example_inlet_event_extra.py
[2025-04-01T16:51:01.633-0500] {logging_mixin.py:190} INFO - [2025-04-01T16:51:01.632-0500] {dag.py:3239} INFO - Sync 2 DAGs
[2025-04-01T16:51:01.649-0500] {logging_mixin.py:190} INFO - [2025-04-01T16:51:01.648-0500] {dag.py:4180} INFO - Setting next_dagrun for read_dataset_event to 2025-03-31 00:00:00+00:00, run_after=2025-04-01 00:00:00+00:00
[2025-04-01T16:51:01.653-0500] {logging_mixin.py:190} INFO - [2025-04-01T16:51:01.653-0500] {dag.py:4180} INFO - Setting next_dagrun for read_dataset_event_from_classic to 2025-03-31 00:00:00+00:00, run_after=2025-04-01 00:00:00+00:00
[2025-04-01T16:51:01.739-0500] {processor.py:208} INFO - Processing /mnt/d/Universidad/ETL/Proyecto_airflow/venv/lib/python3.12/site-packages/airflow/example_dags/example_inlet_event_extra.py took 0.248 seconds
[2025-04-01T16:52:42.841-0500] {processor.py:186} INFO - Started process (PID=5721) to work on /mnt/d/Universidad/ETL/Proyecto_airflow/venv/lib/python3.12/site-packages/airflow/example_dags/example_inlet_event_extra.py
[2025-04-01T16:52:42.842-0500] {processor.py:914} INFO - Processing file /mnt/d/Universidad/ETL/Proyecto_airflow/venv/lib/python3.12/site-packages/airflow/example_dags/example_inlet_event_extra.py for tasks to queue
[2025-04-01T16:52:42.845-0500] {logging_mixin.py:190} INFO - [2025-04-01T16:52:42.844-0500] {dagbag.py:588} INFO - Filling up the DagBag from /mnt/d/Universidad/ETL/Proyecto_airflow/venv/lib/python3.12/site-packages/airflow/example_dags/example_inlet_event_extra.py
[2025-04-01T16:52:42.956-0500] {processor.py:925} INFO - DAG(s) 'read_dataset_event_from_classic', 'read_dataset_event' retrieved from /mnt/d/Universidad/ETL/Proyecto_airflow/venv/lib/python3.12/site-packages/airflow/example_dags/example_inlet_event_extra.py
[2025-04-01T16:52:42.977-0500] {logging_mixin.py:190} INFO - [2025-04-01T16:52:42.976-0500] {dag.py:3239} INFO - Sync 2 DAGs
[2025-04-01T16:52:42.994-0500] {logging_mixin.py:190} INFO - [2025-04-01T16:52:42.993-0500] {dag.py:4180} INFO - Setting next_dagrun for read_dataset_event to 2025-03-31 00:00:00+00:00, run_after=2025-04-01 00:00:00+00:00
[2025-04-01T16:52:42.998-0500] {logging_mixin.py:190} INFO - [2025-04-01T16:52:42.998-0500] {dag.py:4180} INFO - Setting next_dagrun for read_dataset_event_from_classic to 2025-03-31 00:00:00+00:00, run_after=2025-04-01 00:00:00+00:00
[2025-04-01T16:52:43.082-0500] {processor.py:208} INFO - Processing /mnt/d/Universidad/ETL/Proyecto_airflow/venv/lib/python3.12/site-packages/airflow/example_dags/example_inlet_event_extra.py took 0.250 seconds
[2025-04-01T16:54:18.393-0500] {processor.py:186} INFO - Started process (PID=5793) to work on /mnt/d/Universidad/ETL/Proyecto_airflow/venv/lib/python3.12/site-packages/airflow/example_dags/example_inlet_event_extra.py
[2025-04-01T16:54:18.394-0500] {processor.py:914} INFO - Processing file /mnt/d/Universidad/ETL/Proyecto_airflow/venv/lib/python3.12/site-packages/airflow/example_dags/example_inlet_event_extra.py for tasks to queue
[2025-04-01T16:54:18.396-0500] {logging_mixin.py:190} INFO - [2025-04-01T16:54:18.395-0500] {dagbag.py:588} INFO - Filling up the DagBag from /mnt/d/Universidad/ETL/Proyecto_airflow/venv/lib/python3.12/site-packages/airflow/example_dags/example_inlet_event_extra.py
[2025-04-01T16:54:18.509-0500] {processor.py:925} INFO - DAG(s) 'read_dataset_event', 'read_dataset_event_from_classic' retrieved from /mnt/d/Universidad/ETL/Proyecto_airflow/venv/lib/python3.12/site-packages/airflow/example_dags/example_inlet_event_extra.py
[2025-04-01T16:54:18.529-0500] {logging_mixin.py:190} INFO - [2025-04-01T16:54:18.528-0500] {dag.py:3239} INFO - Sync 2 DAGs
[2025-04-01T16:54:18.545-0500] {logging_mixin.py:190} INFO - [2025-04-01T16:54:18.544-0500] {dag.py:4180} INFO - Setting next_dagrun for read_dataset_event to 2025-03-31 00:00:00+00:00, run_after=2025-04-01 00:00:00+00:00
[2025-04-01T16:54:18.549-0500] {logging_mixin.py:190} INFO - [2025-04-01T16:54:18.548-0500] {dag.py:4180} INFO - Setting next_dagrun for read_dataset_event_from_classic to 2025-03-31 00:00:00+00:00, run_after=2025-04-01 00:00:00+00:00
[2025-04-01T16:54:18.658-0500] {processor.py:208} INFO - Processing /mnt/d/Universidad/ETL/Proyecto_airflow/venv/lib/python3.12/site-packages/airflow/example_dags/example_inlet_event_extra.py took 0.273 seconds
[2025-04-01T16:55:49.922-0500] {processor.py:186} INFO - Started process (PID=5864) to work on /mnt/d/Universidad/ETL/Proyecto_airflow/venv/lib/python3.12/site-packages/airflow/example_dags/example_inlet_event_extra.py
[2025-04-01T16:55:49.923-0500] {processor.py:914} INFO - Processing file /mnt/d/Universidad/ETL/Proyecto_airflow/venv/lib/python3.12/site-packages/airflow/example_dags/example_inlet_event_extra.py for tasks to queue
[2025-04-01T16:55:49.925-0500] {logging_mixin.py:190} INFO - [2025-04-01T16:55:49.924-0500] {dagbag.py:588} INFO - Filling up the DagBag from /mnt/d/Universidad/ETL/Proyecto_airflow/venv/lib/python3.12/site-packages/airflow/example_dags/example_inlet_event_extra.py
[2025-04-01T16:55:50.037-0500] {processor.py:925} INFO - DAG(s) 'read_dataset_event_from_classic', 'read_dataset_event' retrieved from /mnt/d/Universidad/ETL/Proyecto_airflow/venv/lib/python3.12/site-packages/airflow/example_dags/example_inlet_event_extra.py
[2025-04-01T16:55:50.058-0500] {logging_mixin.py:190} INFO - [2025-04-01T16:55:50.057-0500] {dag.py:3239} INFO - Sync 2 DAGs
[2025-04-01T16:55:50.073-0500] {logging_mixin.py:190} INFO - [2025-04-01T16:55:50.072-0500] {dag.py:4180} INFO - Setting next_dagrun for read_dataset_event to 2025-03-31 00:00:00+00:00, run_after=2025-04-01 00:00:00+00:00
[2025-04-01T16:55:50.077-0500] {logging_mixin.py:190} INFO - [2025-04-01T16:55:50.077-0500] {dag.py:4180} INFO - Setting next_dagrun for read_dataset_event_from_classic to 2025-03-31 00:00:00+00:00, run_after=2025-04-01 00:00:00+00:00
[2025-04-01T16:55:50.184-0500] {processor.py:208} INFO - Processing /mnt/d/Universidad/ETL/Proyecto_airflow/venv/lib/python3.12/site-packages/airflow/example_dags/example_inlet_event_extra.py took 0.269 seconds
[2025-04-01T16:57:24.020-0500] {processor.py:186} INFO - Started process (PID=5936) to work on /mnt/d/Universidad/ETL/Proyecto_airflow/venv/lib/python3.12/site-packages/airflow/example_dags/example_inlet_event_extra.py
[2025-04-01T16:57:24.021-0500] {processor.py:914} INFO - Processing file /mnt/d/Universidad/ETL/Proyecto_airflow/venv/lib/python3.12/site-packages/airflow/example_dags/example_inlet_event_extra.py for tasks to queue
[2025-04-01T16:57:24.023-0500] {logging_mixin.py:190} INFO - [2025-04-01T16:57:24.023-0500] {dagbag.py:588} INFO - Filling up the DagBag from /mnt/d/Universidad/ETL/Proyecto_airflow/venv/lib/python3.12/site-packages/airflow/example_dags/example_inlet_event_extra.py
[2025-04-01T16:57:24.138-0500] {processor.py:925} INFO - DAG(s) 'read_dataset_event', 'read_dataset_event_from_classic' retrieved from /mnt/d/Universidad/ETL/Proyecto_airflow/venv/lib/python3.12/site-packages/airflow/example_dags/example_inlet_event_extra.py
[2025-04-01T16:57:24.160-0500] {logging_mixin.py:190} INFO - [2025-04-01T16:57:24.159-0500] {dag.py:3239} INFO - Sync 2 DAGs
[2025-04-01T16:57:24.176-0500] {logging_mixin.py:190} INFO - [2025-04-01T16:57:24.175-0500] {dag.py:4180} INFO - Setting next_dagrun for read_dataset_event to 2025-03-31 00:00:00+00:00, run_after=2025-04-01 00:00:00+00:00
[2025-04-01T16:57:24.180-0500] {logging_mixin.py:190} INFO - [2025-04-01T16:57:24.179-0500] {dag.py:4180} INFO - Setting next_dagrun for read_dataset_event_from_classic to 2025-03-31 00:00:00+00:00, run_after=2025-04-01 00:00:00+00:00
[2025-04-01T16:57:24.288-0500] {processor.py:208} INFO - Processing /mnt/d/Universidad/ETL/Proyecto_airflow/venv/lib/python3.12/site-packages/airflow/example_dags/example_inlet_event_extra.py took 0.275 seconds
[2025-04-01T16:58:58.452-0500] {processor.py:186} INFO - Started process (PID=6006) to work on /mnt/d/Universidad/ETL/Proyecto_airflow/venv/lib/python3.12/site-packages/airflow/example_dags/example_inlet_event_extra.py
[2025-04-01T16:58:58.453-0500] {processor.py:914} INFO - Processing file /mnt/d/Universidad/ETL/Proyecto_airflow/venv/lib/python3.12/site-packages/airflow/example_dags/example_inlet_event_extra.py for tasks to queue
[2025-04-01T16:58:58.456-0500] {logging_mixin.py:190} INFO - [2025-04-01T16:58:58.455-0500] {dagbag.py:588} INFO - Filling up the DagBag from /mnt/d/Universidad/ETL/Proyecto_airflow/venv/lib/python3.12/site-packages/airflow/example_dags/example_inlet_event_extra.py
[2025-04-01T16:58:58.569-0500] {processor.py:925} INFO - DAG(s) 'read_dataset_event', 'read_dataset_event_from_classic' retrieved from /mnt/d/Universidad/ETL/Proyecto_airflow/venv/lib/python3.12/site-packages/airflow/example_dags/example_inlet_event_extra.py
[2025-04-01T16:58:58.592-0500] {logging_mixin.py:190} INFO - [2025-04-01T16:58:58.591-0500] {dag.py:3239} INFO - Sync 2 DAGs
[2025-04-01T16:58:58.609-0500] {logging_mixin.py:190} INFO - [2025-04-01T16:58:58.608-0500] {dag.py:4180} INFO - Setting next_dagrun for read_dataset_event to 2025-03-31 00:00:00+00:00, run_after=2025-04-01 00:00:00+00:00
[2025-04-01T16:58:58.613-0500] {logging_mixin.py:190} INFO - [2025-04-01T16:58:58.612-0500] {dag.py:4180} INFO - Setting next_dagrun for read_dataset_event_from_classic to 2025-03-31 00:00:00+00:00, run_after=2025-04-01 00:00:00+00:00
[2025-04-01T16:58:58.723-0500] {processor.py:208} INFO - Processing /mnt/d/Universidad/ETL/Proyecto_airflow/venv/lib/python3.12/site-packages/airflow/example_dags/example_inlet_event_extra.py took 0.279 seconds
[2025-04-01T17:00:33.182-0500] {processor.py:186} INFO - Started process (PID=6077) to work on /mnt/d/Universidad/ETL/Proyecto_airflow/venv/lib/python3.12/site-packages/airflow/example_dags/example_inlet_event_extra.py
[2025-04-01T17:00:33.183-0500] {processor.py:914} INFO - Processing file /mnt/d/Universidad/ETL/Proyecto_airflow/venv/lib/python3.12/site-packages/airflow/example_dags/example_inlet_event_extra.py for tasks to queue
[2025-04-01T17:00:33.185-0500] {logging_mixin.py:190} INFO - [2025-04-01T17:00:33.184-0500] {dagbag.py:588} INFO - Filling up the DagBag from /mnt/d/Universidad/ETL/Proyecto_airflow/venv/lib/python3.12/site-packages/airflow/example_dags/example_inlet_event_extra.py
[2025-04-01T17:00:33.298-0500] {processor.py:925} INFO - DAG(s) 'read_dataset_event_from_classic', 'read_dataset_event' retrieved from /mnt/d/Universidad/ETL/Proyecto_airflow/venv/lib/python3.12/site-packages/airflow/example_dags/example_inlet_event_extra.py
[2025-04-01T17:00:33.319-0500] {logging_mixin.py:190} INFO - [2025-04-01T17:00:33.318-0500] {dag.py:3239} INFO - Sync 2 DAGs
[2025-04-01T17:00:33.335-0500] {logging_mixin.py:190} INFO - [2025-04-01T17:00:33.334-0500] {dag.py:4180} INFO - Setting next_dagrun for read_dataset_event to 2025-03-31 00:00:00+00:00, run_after=2025-04-01 00:00:00+00:00
[2025-04-01T17:00:33.339-0500] {logging_mixin.py:190} INFO - [2025-04-01T17:00:33.338-0500] {dag.py:4180} INFO - Setting next_dagrun for read_dataset_event_from_classic to 2025-03-31 00:00:00+00:00, run_after=2025-04-01 00:00:00+00:00
[2025-04-01T17:00:33.447-0500] {processor.py:208} INFO - Processing /mnt/d/Universidad/ETL/Proyecto_airflow/venv/lib/python3.12/site-packages/airflow/example_dags/example_inlet_event_extra.py took 0.273 seconds
[2025-04-01T17:02:07.665-0500] {processor.py:186} INFO - Started process (PID=6149) to work on /mnt/d/Universidad/ETL/Proyecto_airflow/venv/lib/python3.12/site-packages/airflow/example_dags/example_inlet_event_extra.py
[2025-04-01T17:02:07.666-0500] {processor.py:914} INFO - Processing file /mnt/d/Universidad/ETL/Proyecto_airflow/venv/lib/python3.12/site-packages/airflow/example_dags/example_inlet_event_extra.py for tasks to queue
[2025-04-01T17:02:07.668-0500] {logging_mixin.py:190} INFO - [2025-04-01T17:02:07.668-0500] {dagbag.py:588} INFO - Filling up the DagBag from /mnt/d/Universidad/ETL/Proyecto_airflow/venv/lib/python3.12/site-packages/airflow/example_dags/example_inlet_event_extra.py
[2025-04-01T17:02:07.779-0500] {processor.py:925} INFO - DAG(s) 'read_dataset_event_from_classic', 'read_dataset_event' retrieved from /mnt/d/Universidad/ETL/Proyecto_airflow/venv/lib/python3.12/site-packages/airflow/example_dags/example_inlet_event_extra.py
[2025-04-01T17:02:07.799-0500] {logging_mixin.py:190} INFO - [2025-04-01T17:02:07.798-0500] {dag.py:3239} INFO - Sync 2 DAGs
[2025-04-01T17:02:07.816-0500] {logging_mixin.py:190} INFO - [2025-04-01T17:02:07.815-0500] {dag.py:4180} INFO - Setting next_dagrun for read_dataset_event to 2025-03-31 00:00:00+00:00, run_after=2025-04-01 00:00:00+00:00
[2025-04-01T17:02:07.820-0500] {logging_mixin.py:190} INFO - [2025-04-01T17:02:07.820-0500] {dag.py:4180} INFO - Setting next_dagrun for read_dataset_event_from_classic to 2025-03-31 00:00:00+00:00, run_after=2025-04-01 00:00:00+00:00
[2025-04-01T17:02:07.958-0500] {processor.py:208} INFO - Processing /mnt/d/Universidad/ETL/Proyecto_airflow/venv/lib/python3.12/site-packages/airflow/example_dags/example_inlet_event_extra.py took 0.301 seconds
[2025-04-01T17:03:46.601-0500] {processor.py:186} INFO - Started process (PID=6220) to work on /mnt/d/Universidad/ETL/Proyecto_airflow/venv/lib/python3.12/site-packages/airflow/example_dags/example_inlet_event_extra.py
[2025-04-01T17:03:46.602-0500] {processor.py:914} INFO - Processing file /mnt/d/Universidad/ETL/Proyecto_airflow/venv/lib/python3.12/site-packages/airflow/example_dags/example_inlet_event_extra.py for tasks to queue
[2025-04-01T17:03:46.604-0500] {logging_mixin.py:190} INFO - [2025-04-01T17:03:46.603-0500] {dagbag.py:588} INFO - Filling up the DagBag from /mnt/d/Universidad/ETL/Proyecto_airflow/venv/lib/python3.12/site-packages/airflow/example_dags/example_inlet_event_extra.py
[2025-04-01T17:03:46.717-0500] {processor.py:925} INFO - DAG(s) 'read_dataset_event', 'read_dataset_event_from_classic' retrieved from /mnt/d/Universidad/ETL/Proyecto_airflow/venv/lib/python3.12/site-packages/airflow/example_dags/example_inlet_event_extra.py
[2025-04-01T17:03:46.737-0500] {logging_mixin.py:190} INFO - [2025-04-01T17:03:46.736-0500] {dag.py:3239} INFO - Sync 2 DAGs
[2025-04-01T17:03:46.753-0500] {logging_mixin.py:190} INFO - [2025-04-01T17:03:46.753-0500] {dag.py:4180} INFO - Setting next_dagrun for read_dataset_event to 2025-03-31 00:00:00+00:00, run_after=2025-04-01 00:00:00+00:00
[2025-04-01T17:03:46.758-0500] {logging_mixin.py:190} INFO - [2025-04-01T17:03:46.757-0500] {dag.py:4180} INFO - Setting next_dagrun for read_dataset_event_from_classic to 2025-03-31 00:00:00+00:00, run_after=2025-04-01 00:00:00+00:00
[2025-04-01T17:03:46.858-0500] {processor.py:208} INFO - Processing /mnt/d/Universidad/ETL/Proyecto_airflow/venv/lib/python3.12/site-packages/airflow/example_dags/example_inlet_event_extra.py took 0.266 seconds
[2025-04-01T17:05:17.787-0500] {processor.py:186} INFO - Started process (PID=6289) to work on /mnt/d/Universidad/ETL/Proyecto_airflow/venv/lib/python3.12/site-packages/airflow/example_dags/example_inlet_event_extra.py
[2025-04-01T17:05:17.788-0500] {processor.py:914} INFO - Processing file /mnt/d/Universidad/ETL/Proyecto_airflow/venv/lib/python3.12/site-packages/airflow/example_dags/example_inlet_event_extra.py for tasks to queue
[2025-04-01T17:05:17.791-0500] {logging_mixin.py:190} INFO - [2025-04-01T17:05:17.790-0500] {dagbag.py:588} INFO - Filling up the DagBag from /mnt/d/Universidad/ETL/Proyecto_airflow/venv/lib/python3.12/site-packages/airflow/example_dags/example_inlet_event_extra.py
[2025-04-01T17:05:17.901-0500] {processor.py:925} INFO - DAG(s) 'read_dataset_event_from_classic', 'read_dataset_event' retrieved from /mnt/d/Universidad/ETL/Proyecto_airflow/venv/lib/python3.12/site-packages/airflow/example_dags/example_inlet_event_extra.py
[2025-04-01T17:05:17.921-0500] {logging_mixin.py:190} INFO - [2025-04-01T17:05:17.921-0500] {dag.py:3239} INFO - Sync 2 DAGs
[2025-04-01T17:05:17.938-0500] {logging_mixin.py:190} INFO - [2025-04-01T17:05:17.937-0500] {dag.py:4180} INFO - Setting next_dagrun for read_dataset_event to 2025-03-31 00:00:00+00:00, run_after=2025-04-01 00:00:00+00:00
[2025-04-01T17:05:17.942-0500] {logging_mixin.py:190} INFO - [2025-04-01T17:05:17.942-0500] {dag.py:4180} INFO - Setting next_dagrun for read_dataset_event_from_classic to 2025-03-31 00:00:00+00:00, run_after=2025-04-01 00:00:00+00:00
[2025-04-01T17:05:18.046-0500] {processor.py:208} INFO - Processing /mnt/d/Universidad/ETL/Proyecto_airflow/venv/lib/python3.12/site-packages/airflow/example_dags/example_inlet_event_extra.py took 0.266 seconds
[2025-04-01T17:07:00.257-0500] {processor.py:186} INFO - Started process (PID=6364) to work on /mnt/d/Universidad/ETL/Proyecto_airflow/venv/lib/python3.12/site-packages/airflow/example_dags/example_inlet_event_extra.py
[2025-04-01T17:07:00.258-0500] {processor.py:914} INFO - Processing file /mnt/d/Universidad/ETL/Proyecto_airflow/venv/lib/python3.12/site-packages/airflow/example_dags/example_inlet_event_extra.py for tasks to queue
[2025-04-01T17:07:00.260-0500] {logging_mixin.py:190} INFO - [2025-04-01T17:07:00.260-0500] {dagbag.py:588} INFO - Filling up the DagBag from /mnt/d/Universidad/ETL/Proyecto_airflow/venv/lib/python3.12/site-packages/airflow/example_dags/example_inlet_event_extra.py
[2025-04-01T17:07:00.370-0500] {processor.py:925} INFO - DAG(s) 'read_dataset_event_from_classic', 'read_dataset_event' retrieved from /mnt/d/Universidad/ETL/Proyecto_airflow/venv/lib/python3.12/site-packages/airflow/example_dags/example_inlet_event_extra.py
[2025-04-01T17:07:00.390-0500] {logging_mixin.py:190} INFO - [2025-04-01T17:07:00.389-0500] {dag.py:3239} INFO - Sync 2 DAGs
[2025-04-01T17:07:00.405-0500] {logging_mixin.py:190} INFO - [2025-04-01T17:07:00.405-0500] {dag.py:4180} INFO - Setting next_dagrun for read_dataset_event to 2025-03-31 00:00:00+00:00, run_after=2025-04-01 00:00:00+00:00
[2025-04-01T17:07:00.410-0500] {logging_mixin.py:190} INFO - [2025-04-01T17:07:00.409-0500] {dag.py:4180} INFO - Setting next_dagrun for read_dataset_event_from_classic to 2025-03-31 00:00:00+00:00, run_after=2025-04-01 00:00:00+00:00
[2025-04-01T17:07:00.517-0500] {processor.py:208} INFO - Processing /mnt/d/Universidad/ETL/Proyecto_airflow/venv/lib/python3.12/site-packages/airflow/example_dags/example_inlet_event_extra.py took 0.268 seconds
[2025-04-01T17:08:34.596-0500] {processor.py:186} INFO - Started process (PID=6436) to work on /mnt/d/Universidad/ETL/Proyecto_airflow/venv/lib/python3.12/site-packages/airflow/example_dags/example_inlet_event_extra.py
[2025-04-01T17:08:34.597-0500] {processor.py:914} INFO - Processing file /mnt/d/Universidad/ETL/Proyecto_airflow/venv/lib/python3.12/site-packages/airflow/example_dags/example_inlet_event_extra.py for tasks to queue
[2025-04-01T17:08:34.599-0500] {logging_mixin.py:190} INFO - [2025-04-01T17:08:34.599-0500] {dagbag.py:588} INFO - Filling up the DagBag from /mnt/d/Universidad/ETL/Proyecto_airflow/venv/lib/python3.12/site-packages/airflow/example_dags/example_inlet_event_extra.py
[2025-04-01T17:08:34.711-0500] {processor.py:925} INFO - DAG(s) 'read_dataset_event', 'read_dataset_event_from_classic' retrieved from /mnt/d/Universidad/ETL/Proyecto_airflow/venv/lib/python3.12/site-packages/airflow/example_dags/example_inlet_event_extra.py
[2025-04-01T17:08:34.732-0500] {logging_mixin.py:190} INFO - [2025-04-01T17:08:34.731-0500] {dag.py:3239} INFO - Sync 2 DAGs
[2025-04-01T17:08:34.747-0500] {logging_mixin.py:190} INFO - [2025-04-01T17:08:34.747-0500] {dag.py:4180} INFO - Setting next_dagrun for read_dataset_event to 2025-03-31 00:00:00+00:00, run_after=2025-04-01 00:00:00+00:00
[2025-04-01T17:08:34.752-0500] {logging_mixin.py:190} INFO - [2025-04-01T17:08:34.751-0500] {dag.py:4180} INFO - Setting next_dagrun for read_dataset_event_from_classic to 2025-03-31 00:00:00+00:00, run_after=2025-04-01 00:00:00+00:00
[2025-04-01T17:08:34.852-0500] {processor.py:208} INFO - Processing /mnt/d/Universidad/ETL/Proyecto_airflow/venv/lib/python3.12/site-packages/airflow/example_dags/example_inlet_event_extra.py took 0.264 seconds
[2025-04-01T17:10:16.841-0500] {processor.py:186} INFO - Started process (PID=6508) to work on /mnt/d/Universidad/ETL/Proyecto_airflow/venv/lib/python3.12/site-packages/airflow/example_dags/example_inlet_event_extra.py
[2025-04-01T17:10:16.842-0500] {processor.py:914} INFO - Processing file /mnt/d/Universidad/ETL/Proyecto_airflow/venv/lib/python3.12/site-packages/airflow/example_dags/example_inlet_event_extra.py for tasks to queue
[2025-04-01T17:10:16.844-0500] {logging_mixin.py:190} INFO - [2025-04-01T17:10:16.844-0500] {dagbag.py:588} INFO - Filling up the DagBag from /mnt/d/Universidad/ETL/Proyecto_airflow/venv/lib/python3.12/site-packages/airflow/example_dags/example_inlet_event_extra.py
[2025-04-01T17:10:16.956-0500] {processor.py:925} INFO - DAG(s) 'read_dataset_event', 'read_dataset_event_from_classic' retrieved from /mnt/d/Universidad/ETL/Proyecto_airflow/venv/lib/python3.12/site-packages/airflow/example_dags/example_inlet_event_extra.py
[2025-04-01T17:10:16.976-0500] {logging_mixin.py:190} INFO - [2025-04-01T17:10:16.976-0500] {dag.py:3239} INFO - Sync 2 DAGs
[2025-04-01T17:10:16.992-0500] {logging_mixin.py:190} INFO - [2025-04-01T17:10:16.991-0500] {dag.py:4180} INFO - Setting next_dagrun for read_dataset_event to 2025-03-31 00:00:00+00:00, run_after=2025-04-01 00:00:00+00:00
[2025-04-01T17:10:16.996-0500] {logging_mixin.py:190} INFO - [2025-04-01T17:10:16.996-0500] {dag.py:4180} INFO - Setting next_dagrun for read_dataset_event_from_classic to 2025-03-31 00:00:00+00:00, run_after=2025-04-01 00:00:00+00:00
[2025-04-01T17:10:17.107-0500] {processor.py:208} INFO - Processing /mnt/d/Universidad/ETL/Proyecto_airflow/venv/lib/python3.12/site-packages/airflow/example_dags/example_inlet_event_extra.py took 0.274 seconds
[2025-04-01T17:12:01.979-0500] {processor.py:186} INFO - Started process (PID=6583) to work on /mnt/d/Universidad/ETL/Proyecto_airflow/venv/lib/python3.12/site-packages/airflow/example_dags/example_inlet_event_extra.py
[2025-04-01T17:12:01.980-0500] {processor.py:914} INFO - Processing file /mnt/d/Universidad/ETL/Proyecto_airflow/venv/lib/python3.12/site-packages/airflow/example_dags/example_inlet_event_extra.py for tasks to queue
[2025-04-01T17:12:01.982-0500] {logging_mixin.py:190} INFO - [2025-04-01T17:12:01.981-0500] {dagbag.py:588} INFO - Filling up the DagBag from /mnt/d/Universidad/ETL/Proyecto_airflow/venv/lib/python3.12/site-packages/airflow/example_dags/example_inlet_event_extra.py
[2025-04-01T17:12:02.092-0500] {processor.py:925} INFO - DAG(s) 'read_dataset_event', 'read_dataset_event_from_classic' retrieved from /mnt/d/Universidad/ETL/Proyecto_airflow/venv/lib/python3.12/site-packages/airflow/example_dags/example_inlet_event_extra.py
[2025-04-01T17:12:02.112-0500] {logging_mixin.py:190} INFO - [2025-04-01T17:12:02.111-0500] {dag.py:3239} INFO - Sync 2 DAGs
[2025-04-01T17:12:02.127-0500] {logging_mixin.py:190} INFO - [2025-04-01T17:12:02.127-0500] {dag.py:4180} INFO - Setting next_dagrun for read_dataset_event to 2025-03-31 00:00:00+00:00, run_after=2025-04-01 00:00:00+00:00
[2025-04-01T17:12:02.132-0500] {logging_mixin.py:190} INFO - [2025-04-01T17:12:02.131-0500] {dag.py:4180} INFO - Setting next_dagrun for read_dataset_event_from_classic to 2025-03-31 00:00:00+00:00, run_after=2025-04-01 00:00:00+00:00
[2025-04-01T17:12:02.238-0500] {processor.py:208} INFO - Processing /mnt/d/Universidad/ETL/Proyecto_airflow/venv/lib/python3.12/site-packages/airflow/example_dags/example_inlet_event_extra.py took 0.267 seconds
[2025-04-01T17:13:35.746-0500] {processor.py:186} INFO - Started process (PID=6656) to work on /mnt/d/Universidad/ETL/Proyecto_airflow/venv/lib/python3.12/site-packages/airflow/example_dags/example_inlet_event_extra.py
[2025-04-01T17:13:35.747-0500] {processor.py:914} INFO - Processing file /mnt/d/Universidad/ETL/Proyecto_airflow/venv/lib/python3.12/site-packages/airflow/example_dags/example_inlet_event_extra.py for tasks to queue
[2025-04-01T17:13:35.749-0500] {logging_mixin.py:190} INFO - [2025-04-01T17:13:35.748-0500] {dagbag.py:588} INFO - Filling up the DagBag from /mnt/d/Universidad/ETL/Proyecto_airflow/venv/lib/python3.12/site-packages/airflow/example_dags/example_inlet_event_extra.py
[2025-04-01T17:13:35.861-0500] {processor.py:925} INFO - DAG(s) 'read_dataset_event', 'read_dataset_event_from_classic' retrieved from /mnt/d/Universidad/ETL/Proyecto_airflow/venv/lib/python3.12/site-packages/airflow/example_dags/example_inlet_event_extra.py
[2025-04-01T17:13:35.883-0500] {logging_mixin.py:190} INFO - [2025-04-01T17:13:35.882-0500] {dag.py:3239} INFO - Sync 2 DAGs
[2025-04-01T17:13:35.900-0500] {logging_mixin.py:190} INFO - [2025-04-01T17:13:35.900-0500] {dag.py:4180} INFO - Setting next_dagrun for read_dataset_event to 2025-03-31 00:00:00+00:00, run_after=2025-04-01 00:00:00+00:00
[2025-04-01T17:13:35.904-0500] {logging_mixin.py:190} INFO - [2025-04-01T17:13:35.904-0500] {dag.py:4180} INFO - Setting next_dagrun for read_dataset_event_from_classic to 2025-03-31 00:00:00+00:00, run_after=2025-04-01 00:00:00+00:00
[2025-04-01T17:13:36.011-0500] {processor.py:208} INFO - Processing /mnt/d/Universidad/ETL/Proyecto_airflow/venv/lib/python3.12/site-packages/airflow/example_dags/example_inlet_event_extra.py took 0.273 seconds
[2025-04-01T17:15:10.368-0500] {processor.py:186} INFO - Started process (PID=6727) to work on /mnt/d/Universidad/ETL/Proyecto_airflow/venv/lib/python3.12/site-packages/airflow/example_dags/example_inlet_event_extra.py
[2025-04-01T17:15:10.370-0500] {processor.py:914} INFO - Processing file /mnt/d/Universidad/ETL/Proyecto_airflow/venv/lib/python3.12/site-packages/airflow/example_dags/example_inlet_event_extra.py for tasks to queue
[2025-04-01T17:15:10.372-0500] {logging_mixin.py:190} INFO - [2025-04-01T17:15:10.371-0500] {dagbag.py:588} INFO - Filling up the DagBag from /mnt/d/Universidad/ETL/Proyecto_airflow/venv/lib/python3.12/site-packages/airflow/example_dags/example_inlet_event_extra.py
[2025-04-01T17:15:10.488-0500] {processor.py:925} INFO - DAG(s) 'read_dataset_event', 'read_dataset_event_from_classic' retrieved from /mnt/d/Universidad/ETL/Proyecto_airflow/venv/lib/python3.12/site-packages/airflow/example_dags/example_inlet_event_extra.py
[2025-04-01T17:15:10.589-0500] {logging_mixin.py:190} INFO - [2025-04-01T17:15:10.588-0500] {dag.py:3239} INFO - Sync 2 DAGs
[2025-04-01T17:15:10.606-0500] {logging_mixin.py:190} INFO - [2025-04-01T17:15:10.605-0500] {dag.py:4180} INFO - Setting next_dagrun for read_dataset_event to 2025-03-31 00:00:00+00:00, run_after=2025-04-01 00:00:00+00:00
[2025-04-01T17:15:10.610-0500] {logging_mixin.py:190} INFO - [2025-04-01T17:15:10.609-0500] {dag.py:4180} INFO - Setting next_dagrun for read_dataset_event_from_classic to 2025-03-31 00:00:00+00:00, run_after=2025-04-01 00:00:00+00:00
[2025-04-01T17:15:10.715-0500] {processor.py:208} INFO - Processing /mnt/d/Universidad/ETL/Proyecto_airflow/venv/lib/python3.12/site-packages/airflow/example_dags/example_inlet_event_extra.py took 0.355 seconds
[2025-04-01T17:16:44.636-0500] {processor.py:186} INFO - Started process (PID=6798) to work on /mnt/d/Universidad/ETL/Proyecto_airflow/venv/lib/python3.12/site-packages/airflow/example_dags/example_inlet_event_extra.py
[2025-04-01T17:16:44.637-0500] {processor.py:914} INFO - Processing file /mnt/d/Universidad/ETL/Proyecto_airflow/venv/lib/python3.12/site-packages/airflow/example_dags/example_inlet_event_extra.py for tasks to queue
[2025-04-01T17:16:44.639-0500] {logging_mixin.py:190} INFO - [2025-04-01T17:16:44.639-0500] {dagbag.py:588} INFO - Filling up the DagBag from /mnt/d/Universidad/ETL/Proyecto_airflow/venv/lib/python3.12/site-packages/airflow/example_dags/example_inlet_event_extra.py
[2025-04-01T17:16:44.751-0500] {processor.py:925} INFO - DAG(s) 'read_dataset_event', 'read_dataset_event_from_classic' retrieved from /mnt/d/Universidad/ETL/Proyecto_airflow/venv/lib/python3.12/site-packages/airflow/example_dags/example_inlet_event_extra.py
[2025-04-01T17:16:44.771-0500] {logging_mixin.py:190} INFO - [2025-04-01T17:16:44.770-0500] {dag.py:3239} INFO - Sync 2 DAGs
[2025-04-01T17:16:44.786-0500] {logging_mixin.py:190} INFO - [2025-04-01T17:16:44.786-0500] {dag.py:4180} INFO - Setting next_dagrun for read_dataset_event to 2025-03-31 00:00:00+00:00, run_after=2025-04-01 00:00:00+00:00
[2025-04-01T17:16:44.791-0500] {logging_mixin.py:190} INFO - [2025-04-01T17:16:44.790-0500] {dag.py:4180} INFO - Setting next_dagrun for read_dataset_event_from_classic to 2025-03-31 00:00:00+00:00, run_after=2025-04-01 00:00:00+00:00
[2025-04-01T17:16:44.890-0500] {processor.py:208} INFO - Processing /mnt/d/Universidad/ETL/Proyecto_airflow/venv/lib/python3.12/site-packages/airflow/example_dags/example_inlet_event_extra.py took 0.261 seconds
[2025-04-01T17:18:23.677-0500] {processor.py:186} INFO - Started process (PID=6872) to work on /mnt/d/Universidad/ETL/Proyecto_airflow/venv/lib/python3.12/site-packages/airflow/example_dags/example_inlet_event_extra.py
[2025-04-01T17:18:23.678-0500] {processor.py:914} INFO - Processing file /mnt/d/Universidad/ETL/Proyecto_airflow/venv/lib/python3.12/site-packages/airflow/example_dags/example_inlet_event_extra.py for tasks to queue
[2025-04-01T17:18:23.680-0500] {logging_mixin.py:190} INFO - [2025-04-01T17:18:23.679-0500] {dagbag.py:588} INFO - Filling up the DagBag from /mnt/d/Universidad/ETL/Proyecto_airflow/venv/lib/python3.12/site-packages/airflow/example_dags/example_inlet_event_extra.py
[2025-04-01T17:18:23.804-0500] {processor.py:925} INFO - DAG(s) 'read_dataset_event_from_classic', 'read_dataset_event' retrieved from /mnt/d/Universidad/ETL/Proyecto_airflow/venv/lib/python3.12/site-packages/airflow/example_dags/example_inlet_event_extra.py
[2025-04-01T17:18:23.827-0500] {logging_mixin.py:190} INFO - [2025-04-01T17:18:23.827-0500] {dag.py:3239} INFO - Sync 2 DAGs
[2025-04-01T17:18:23.846-0500] {logging_mixin.py:190} INFO - [2025-04-01T17:18:23.845-0500] {dag.py:4180} INFO - Setting next_dagrun for read_dataset_event to 2025-03-31 00:00:00+00:00, run_after=2025-04-01 00:00:00+00:00
[2025-04-01T17:18:23.850-0500] {logging_mixin.py:190} INFO - [2025-04-01T17:18:23.850-0500] {dag.py:4180} INFO - Setting next_dagrun for read_dataset_event_from_classic to 2025-03-31 00:00:00+00:00, run_after=2025-04-01 00:00:00+00:00
[2025-04-01T17:18:23.964-0500] {processor.py:208} INFO - Processing /mnt/d/Universidad/ETL/Proyecto_airflow/venv/lib/python3.12/site-packages/airflow/example_dags/example_inlet_event_extra.py took 0.296 seconds
[2025-04-01T17:20:03.349-0500] {processor.py:186} INFO - Started process (PID=6947) to work on /mnt/d/Universidad/ETL/Proyecto_airflow/venv/lib/python3.12/site-packages/airflow/example_dags/example_inlet_event_extra.py
[2025-04-01T17:20:03.350-0500] {processor.py:914} INFO - Processing file /mnt/d/Universidad/ETL/Proyecto_airflow/venv/lib/python3.12/site-packages/airflow/example_dags/example_inlet_event_extra.py for tasks to queue
[2025-04-01T17:20:03.353-0500] {logging_mixin.py:190} INFO - [2025-04-01T17:20:03.352-0500] {dagbag.py:588} INFO - Filling up the DagBag from /mnt/d/Universidad/ETL/Proyecto_airflow/venv/lib/python3.12/site-packages/airflow/example_dags/example_inlet_event_extra.py
[2025-04-01T17:20:03.463-0500] {processor.py:925} INFO - DAG(s) 'read_dataset_event_from_classic', 'read_dataset_event' retrieved from /mnt/d/Universidad/ETL/Proyecto_airflow/venv/lib/python3.12/site-packages/airflow/example_dags/example_inlet_event_extra.py
[2025-04-01T17:20:03.483-0500] {logging_mixin.py:190} INFO - [2025-04-01T17:20:03.482-0500] {dag.py:3239} INFO - Sync 2 DAGs
[2025-04-01T17:20:03.499-0500] {logging_mixin.py:190} INFO - [2025-04-01T17:20:03.498-0500] {dag.py:4180} INFO - Setting next_dagrun for read_dataset_event to 2025-03-31 00:00:00+00:00, run_after=2025-04-01 00:00:00+00:00
[2025-04-01T17:20:03.503-0500] {logging_mixin.py:190} INFO - [2025-04-01T17:20:03.502-0500] {dag.py:4180} INFO - Setting next_dagrun for read_dataset_event_from_classic to 2025-03-31 00:00:00+00:00, run_after=2025-04-01 00:00:00+00:00
[2025-04-01T17:20:03.602-0500] {processor.py:208} INFO - Processing /mnt/d/Universidad/ETL/Proyecto_airflow/venv/lib/python3.12/site-packages/airflow/example_dags/example_inlet_event_extra.py took 0.260 seconds
[2025-04-01T17:21:46.548-0500] {processor.py:186} INFO - Started process (PID=7021) to work on /mnt/d/Universidad/ETL/Proyecto_airflow/venv/lib/python3.12/site-packages/airflow/example_dags/example_inlet_event_extra.py
[2025-04-01T17:21:46.549-0500] {processor.py:914} INFO - Processing file /mnt/d/Universidad/ETL/Proyecto_airflow/venv/lib/python3.12/site-packages/airflow/example_dags/example_inlet_event_extra.py for tasks to queue
[2025-04-01T17:21:46.552-0500] {logging_mixin.py:190} INFO - [2025-04-01T17:21:46.551-0500] {dagbag.py:588} INFO - Filling up the DagBag from /mnt/d/Universidad/ETL/Proyecto_airflow/venv/lib/python3.12/site-packages/airflow/example_dags/example_inlet_event_extra.py
[2025-04-01T17:21:46.663-0500] {processor.py:925} INFO - DAG(s) 'read_dataset_event', 'read_dataset_event_from_classic' retrieved from /mnt/d/Universidad/ETL/Proyecto_airflow/venv/lib/python3.12/site-packages/airflow/example_dags/example_inlet_event_extra.py
[2025-04-01T17:21:46.683-0500] {logging_mixin.py:190} INFO - [2025-04-01T17:21:46.682-0500] {dag.py:3239} INFO - Sync 2 DAGs
[2025-04-01T17:21:46.698-0500] {logging_mixin.py:190} INFO - [2025-04-01T17:21:46.697-0500] {dag.py:4180} INFO - Setting next_dagrun for read_dataset_event to 2025-03-31 00:00:00+00:00, run_after=2025-04-01 00:00:00+00:00
[2025-04-01T17:21:46.702-0500] {logging_mixin.py:190} INFO - [2025-04-01T17:21:46.702-0500] {dag.py:4180} INFO - Setting next_dagrun for read_dataset_event_from_classic to 2025-03-31 00:00:00+00:00, run_after=2025-04-01 00:00:00+00:00
[2025-04-01T17:21:46.809-0500] {processor.py:208} INFO - Processing /mnt/d/Universidad/ETL/Proyecto_airflow/venv/lib/python3.12/site-packages/airflow/example_dags/example_inlet_event_extra.py took 0.269 seconds
[2025-04-01T17:23:23.480-0500] {processor.py:186} INFO - Started process (PID=7092) to work on /mnt/d/Universidad/ETL/Proyecto_airflow/venv/lib/python3.12/site-packages/airflow/example_dags/example_inlet_event_extra.py
[2025-04-01T17:23:23.481-0500] {processor.py:914} INFO - Processing file /mnt/d/Universidad/ETL/Proyecto_airflow/venv/lib/python3.12/site-packages/airflow/example_dags/example_inlet_event_extra.py for tasks to queue
[2025-04-01T17:23:23.484-0500] {logging_mixin.py:190} INFO - [2025-04-01T17:23:23.483-0500] {dagbag.py:588} INFO - Filling up the DagBag from /mnt/d/Universidad/ETL/Proyecto_airflow/venv/lib/python3.12/site-packages/airflow/example_dags/example_inlet_event_extra.py
[2025-04-01T17:23:23.595-0500] {processor.py:925} INFO - DAG(s) 'read_dataset_event_from_classic', 'read_dataset_event' retrieved from /mnt/d/Universidad/ETL/Proyecto_airflow/venv/lib/python3.12/site-packages/airflow/example_dags/example_inlet_event_extra.py
[2025-04-01T17:23:23.615-0500] {logging_mixin.py:190} INFO - [2025-04-01T17:23:23.614-0500] {dag.py:3239} INFO - Sync 2 DAGs
[2025-04-01T17:23:23.630-0500] {logging_mixin.py:190} INFO - [2025-04-01T17:23:23.630-0500] {dag.py:4180} INFO - Setting next_dagrun for read_dataset_event to 2025-03-31 00:00:00+00:00, run_after=2025-04-01 00:00:00+00:00
[2025-04-01T17:23:23.635-0500] {logging_mixin.py:190} INFO - [2025-04-01T17:23:23.634-0500] {dag.py:4180} INFO - Setting next_dagrun for read_dataset_event_from_classic to 2025-03-31 00:00:00+00:00, run_after=2025-04-01 00:00:00+00:00
[2025-04-01T17:23:23.731-0500] {processor.py:208} INFO - Processing /mnt/d/Universidad/ETL/Proyecto_airflow/venv/lib/python3.12/site-packages/airflow/example_dags/example_inlet_event_extra.py took 0.258 seconds
[2025-04-01T17:25:00.210-0500] {processor.py:186} INFO - Started process (PID=7164) to work on /mnt/d/Universidad/ETL/Proyecto_airflow/venv/lib/python3.12/site-packages/airflow/example_dags/example_inlet_event_extra.py
[2025-04-01T17:25:00.211-0500] {processor.py:914} INFO - Processing file /mnt/d/Universidad/ETL/Proyecto_airflow/venv/lib/python3.12/site-packages/airflow/example_dags/example_inlet_event_extra.py for tasks to queue
[2025-04-01T17:25:00.214-0500] {logging_mixin.py:190} INFO - [2025-04-01T17:25:00.213-0500] {dagbag.py:588} INFO - Filling up the DagBag from /mnt/d/Universidad/ETL/Proyecto_airflow/venv/lib/python3.12/site-packages/airflow/example_dags/example_inlet_event_extra.py
[2025-04-01T17:25:00.325-0500] {processor.py:925} INFO - DAG(s) 'read_dataset_event', 'read_dataset_event_from_classic' retrieved from /mnt/d/Universidad/ETL/Proyecto_airflow/venv/lib/python3.12/site-packages/airflow/example_dags/example_inlet_event_extra.py
[2025-04-01T17:25:00.345-0500] {logging_mixin.py:190} INFO - [2025-04-01T17:25:00.344-0500] {dag.py:3239} INFO - Sync 2 DAGs
[2025-04-01T17:25:00.360-0500] {logging_mixin.py:190} INFO - [2025-04-01T17:25:00.359-0500] {dag.py:4180} INFO - Setting next_dagrun for read_dataset_event to 2025-03-31 00:00:00+00:00, run_after=2025-04-01 00:00:00+00:00
[2025-04-01T17:25:00.364-0500] {logging_mixin.py:190} INFO - [2025-04-01T17:25:00.363-0500] {dag.py:4180} INFO - Setting next_dagrun for read_dataset_event_from_classic to 2025-03-31 00:00:00+00:00, run_after=2025-04-01 00:00:00+00:00
[2025-04-01T17:25:00.465-0500] {processor.py:208} INFO - Processing /mnt/d/Universidad/ETL/Proyecto_airflow/venv/lib/python3.12/site-packages/airflow/example_dags/example_inlet_event_extra.py took 0.262 seconds
[2025-04-01T17:26:33.777-0500] {processor.py:186} INFO - Started process (PID=7234) to work on /mnt/d/Universidad/ETL/Proyecto_airflow/venv/lib/python3.12/site-packages/airflow/example_dags/example_inlet_event_extra.py
[2025-04-01T17:26:33.778-0500] {processor.py:914} INFO - Processing file /mnt/d/Universidad/ETL/Proyecto_airflow/venv/lib/python3.12/site-packages/airflow/example_dags/example_inlet_event_extra.py for tasks to queue
[2025-04-01T17:26:33.780-0500] {logging_mixin.py:190} INFO - [2025-04-01T17:26:33.780-0500] {dagbag.py:588} INFO - Filling up the DagBag from /mnt/d/Universidad/ETL/Proyecto_airflow/venv/lib/python3.12/site-packages/airflow/example_dags/example_inlet_event_extra.py
[2025-04-01T17:26:33.894-0500] {processor.py:925} INFO - DAG(s) 'read_dataset_event_from_classic', 'read_dataset_event' retrieved from /mnt/d/Universidad/ETL/Proyecto_airflow/venv/lib/python3.12/site-packages/airflow/example_dags/example_inlet_event_extra.py
[2025-04-01T17:26:33.915-0500] {logging_mixin.py:190} INFO - [2025-04-01T17:26:33.914-0500] {dag.py:3239} INFO - Sync 2 DAGs
[2025-04-01T17:26:33.931-0500] {logging_mixin.py:190} INFO - [2025-04-01T17:26:33.930-0500] {dag.py:4180} INFO - Setting next_dagrun for read_dataset_event to 2025-03-31 00:00:00+00:00, run_after=2025-04-01 00:00:00+00:00
[2025-04-01T17:26:33.935-0500] {logging_mixin.py:190} INFO - [2025-04-01T17:26:33.934-0500] {dag.py:4180} INFO - Setting next_dagrun for read_dataset_event_from_classic to 2025-03-31 00:00:00+00:00, run_after=2025-04-01 00:00:00+00:00
[2025-04-01T17:26:37.226-0500] {processor.py:208} INFO - Processing /mnt/d/Universidad/ETL/Proyecto_airflow/venv/lib/python3.12/site-packages/airflow/example_dags/example_inlet_event_extra.py took 0.275 seconds
[2025-04-01T17:28:09.992-0500] {processor.py:186} INFO - Started process (PID=7306) to work on /mnt/d/Universidad/ETL/Proyecto_airflow/venv/lib/python3.12/site-packages/airflow/example_dags/example_inlet_event_extra.py
[2025-04-01T17:28:09.994-0500] {processor.py:914} INFO - Processing file /mnt/d/Universidad/ETL/Proyecto_airflow/venv/lib/python3.12/site-packages/airflow/example_dags/example_inlet_event_extra.py for tasks to queue
[2025-04-01T17:28:09.996-0500] {logging_mixin.py:190} INFO - [2025-04-01T17:28:09.995-0500] {dagbag.py:588} INFO - Filling up the DagBag from /mnt/d/Universidad/ETL/Proyecto_airflow/venv/lib/python3.12/site-packages/airflow/example_dags/example_inlet_event_extra.py
[2025-04-01T17:28:10.111-0500] {processor.py:925} INFO - DAG(s) 'read_dataset_event', 'read_dataset_event_from_classic' retrieved from /mnt/d/Universidad/ETL/Proyecto_airflow/venv/lib/python3.12/site-packages/airflow/example_dags/example_inlet_event_extra.py
[2025-04-01T17:28:10.133-0500] {logging_mixin.py:190} INFO - [2025-04-01T17:28:10.132-0500] {dag.py:3239} INFO - Sync 2 DAGs
[2025-04-01T17:28:10.150-0500] {logging_mixin.py:190} INFO - [2025-04-01T17:28:10.149-0500] {dag.py:4180} INFO - Setting next_dagrun for read_dataset_event to 2025-03-31 00:00:00+00:00, run_after=2025-04-01 00:00:00+00:00
[2025-04-01T17:28:10.154-0500] {logging_mixin.py:190} INFO - [2025-04-01T17:28:10.153-0500] {dag.py:4180} INFO - Setting next_dagrun for read_dataset_event_from_classic to 2025-03-31 00:00:00+00:00, run_after=2025-04-01 00:00:00+00:00
[2025-04-01T17:28:10.248-0500] {processor.py:208} INFO - Processing /mnt/d/Universidad/ETL/Proyecto_airflow/venv/lib/python3.12/site-packages/airflow/example_dags/example_inlet_event_extra.py took 0.264 seconds
[2025-04-01T17:29:38.483-0500] {processor.py:186} INFO - Started process (PID=7374) to work on /mnt/d/Universidad/ETL/Proyecto_airflow/venv/lib/python3.12/site-packages/airflow/example_dags/example_inlet_event_extra.py
[2025-04-01T17:29:38.484-0500] {processor.py:914} INFO - Processing file /mnt/d/Universidad/ETL/Proyecto_airflow/venv/lib/python3.12/site-packages/airflow/example_dags/example_inlet_event_extra.py for tasks to queue
[2025-04-01T17:29:38.486-0500] {logging_mixin.py:190} INFO - [2025-04-01T17:29:38.486-0500] {dagbag.py:588} INFO - Filling up the DagBag from /mnt/d/Universidad/ETL/Proyecto_airflow/venv/lib/python3.12/site-packages/airflow/example_dags/example_inlet_event_extra.py
[2025-04-01T17:29:38.598-0500] {processor.py:925} INFO - DAG(s) 'read_dataset_event_from_classic', 'read_dataset_event' retrieved from /mnt/d/Universidad/ETL/Proyecto_airflow/venv/lib/python3.12/site-packages/airflow/example_dags/example_inlet_event_extra.py
[2025-04-01T17:29:38.618-0500] {logging_mixin.py:190} INFO - [2025-04-01T17:29:38.617-0500] {dag.py:3239} INFO - Sync 2 DAGs
[2025-04-01T17:29:38.633-0500] {logging_mixin.py:190} INFO - [2025-04-01T17:29:38.632-0500] {dag.py:4180} INFO - Setting next_dagrun for read_dataset_event to 2025-03-31 00:00:00+00:00, run_after=2025-04-01 00:00:00+00:00
[2025-04-01T17:29:38.637-0500] {logging_mixin.py:190} INFO - [2025-04-01T17:29:38.637-0500] {dag.py:4180} INFO - Setting next_dagrun for read_dataset_event_from_classic to 2025-03-31 00:00:00+00:00, run_after=2025-04-01 00:00:00+00:00
[2025-04-01T17:29:38.737-0500] {processor.py:208} INFO - Processing /mnt/d/Universidad/ETL/Proyecto_airflow/venv/lib/python3.12/site-packages/airflow/example_dags/example_inlet_event_extra.py took 0.262 seconds
