[2025-04-01T16:17:35.852-0500] {processor.py:186} INFO - Started process (PID=4106) to work on /mnt/d/Universidad/ETL/Proyecto_airflow/venv/lib/python3.12/site-packages/airflow/example_dags/example_complex.py
[2025-04-01T16:17:35.854-0500] {processor.py:914} INFO - Processing file /mnt/d/Universidad/ETL/Proyecto_airflow/venv/lib/python3.12/site-packages/airflow/example_dags/example_complex.py for tasks to queue
[2025-04-01T16:17:35.856-0500] {logging_mixin.py:190} INFO - [2025-04-01T16:17:35.855-0500] {dagbag.py:588} INFO - Filling up the DagBag from /mnt/d/Universidad/ETL/Proyecto_airflow/venv/lib/python3.12/site-packages/airflow/example_dags/example_complex.py
[2025-04-01T16:17:35.921-0500] {processor.py:925} INFO - DAG(s) 'example_complex' retrieved from /mnt/d/Universidad/ETL/Proyecto_airflow/venv/lib/python3.12/site-packages/airflow/example_dags/example_complex.py
[2025-04-01T16:17:37.025-0500] {logging_mixin.py:190} INFO - [2025-04-01T16:17:37.024-0500] {override.py:1930} INFO - Created Permission View: can read on DAG:example_complex
[2025-04-01T16:17:37.071-0500] {logging_mixin.py:190} INFO - [2025-04-01T16:17:37.070-0500] {override.py:1930} INFO - Created Permission View: can edit on DAG:example_complex
[2025-04-01T16:17:37.132-0500] {logging_mixin.py:190} INFO - [2025-04-01T16:17:37.131-0500] {override.py:1930} INFO - Created Permission View: can delete on DAG:example_complex
[2025-04-01T16:17:37.293-0500] {logging_mixin.py:190} INFO - [2025-04-01T16:17:37.292-0500] {override.py:1930} INFO - Created Permission View: can create on DAG Run:example_complex
[2025-04-01T16:17:37.332-0500] {logging_mixin.py:190} INFO - [2025-04-01T16:17:37.331-0500] {override.py:1930} INFO - Created Permission View: menu access on DAG Run:example_complex
[2025-04-01T16:17:37.370-0500] {logging_mixin.py:190} INFO - [2025-04-01T16:17:37.369-0500] {override.py:1930} INFO - Created Permission View: can read on DAG Run:example_complex
[2025-04-01T16:17:37.408-0500] {logging_mixin.py:190} INFO - [2025-04-01T16:17:37.407-0500] {override.py:1930} INFO - Created Permission View: can delete on DAG Run:example_complex
[2025-04-01T16:17:37.409-0500] {logging_mixin.py:190} INFO - [2025-04-01T16:17:37.409-0500] {dag.py:3239} INFO - Sync 1 DAGs
[2025-04-01T16:17:37.423-0500] {logging_mixin.py:190} INFO - [2025-04-01T16:17:37.422-0500] {dag.py:3262} INFO - Creating ORM DAG for example_complex
[2025-04-01T16:17:37.424-0500] {logging_mixin.py:190} INFO - [2025-04-01T16:17:37.424-0500] {dag.py:4180} INFO - Setting next_dagrun for example_complex to None, run_after=None
[2025-04-01T16:17:37.515-0500] {processor.py:208} INFO - Processing /mnt/d/Universidad/ETL/Proyecto_airflow/venv/lib/python3.12/site-packages/airflow/example_dags/example_complex.py took 1.672 seconds
[2025-04-01T16:19:33.642-0500] {processor.py:186} INFO - Started process (PID=4193) to work on /mnt/d/Universidad/ETL/Proyecto_airflow/venv/lib/python3.12/site-packages/airflow/example_dags/example_complex.py
[2025-04-01T16:19:33.643-0500] {processor.py:914} INFO - Processing file /mnt/d/Universidad/ETL/Proyecto_airflow/venv/lib/python3.12/site-packages/airflow/example_dags/example_complex.py for tasks to queue
[2025-04-01T16:19:33.646-0500] {logging_mixin.py:190} INFO - [2025-04-01T16:19:33.645-0500] {dagbag.py:588} INFO - Filling up the DagBag from /mnt/d/Universidad/ETL/Proyecto_airflow/venv/lib/python3.12/site-packages/airflow/example_dags/example_complex.py
[2025-04-01T16:19:33.707-0500] {processor.py:925} INFO - DAG(s) 'example_complex' retrieved from /mnt/d/Universidad/ETL/Proyecto_airflow/venv/lib/python3.12/site-packages/airflow/example_dags/example_complex.py
[2025-04-01T16:19:33.734-0500] {logging_mixin.py:190} INFO - [2025-04-01T16:19:33.733-0500] {dag.py:3239} INFO - Sync 1 DAGs
[2025-04-01T16:19:33.745-0500] {logging_mixin.py:190} INFO - [2025-04-01T16:19:33.744-0500] {dag.py:4180} INFO - Setting next_dagrun for example_complex to None, run_after=None
[2025-04-01T16:19:33.857-0500] {processor.py:208} INFO - Processing /mnt/d/Universidad/ETL/Proyecto_airflow/venv/lib/python3.12/site-packages/airflow/example_dags/example_complex.py took 0.224 seconds
[2025-04-01T16:21:00.271-0500] {processor.py:186} INFO - Started process (PID=4265) to work on /mnt/d/Universidad/ETL/Proyecto_airflow/venv/lib/python3.12/site-packages/airflow/example_dags/example_complex.py
[2025-04-01T16:21:00.272-0500] {processor.py:914} INFO - Processing file /mnt/d/Universidad/ETL/Proyecto_airflow/venv/lib/python3.12/site-packages/airflow/example_dags/example_complex.py for tasks to queue
[2025-04-01T16:21:00.274-0500] {logging_mixin.py:190} INFO - [2025-04-01T16:21:00.273-0500] {dagbag.py:588} INFO - Filling up the DagBag from /mnt/d/Universidad/ETL/Proyecto_airflow/venv/lib/python3.12/site-packages/airflow/example_dags/example_complex.py
[2025-04-01T16:21:00.334-0500] {processor.py:925} INFO - DAG(s) 'example_complex' retrieved from /mnt/d/Universidad/ETL/Proyecto_airflow/venv/lib/python3.12/site-packages/airflow/example_dags/example_complex.py
[2025-04-01T16:21:00.360-0500] {logging_mixin.py:190} INFO - [2025-04-01T16:21:00.359-0500] {dag.py:3239} INFO - Sync 1 DAGs
[2025-04-01T16:21:00.370-0500] {logging_mixin.py:190} INFO - [2025-04-01T16:21:00.369-0500] {dag.py:4180} INFO - Setting next_dagrun for example_complex to None, run_after=None
[2025-04-01T16:21:00.458-0500] {processor.py:208} INFO - Processing /mnt/d/Universidad/ETL/Proyecto_airflow/venv/lib/python3.12/site-packages/airflow/example_dags/example_complex.py took 0.196 seconds
[2025-04-01T16:22:24.654-0500] {processor.py:186} INFO - Started process (PID=4334) to work on /mnt/d/Universidad/ETL/Proyecto_airflow/venv/lib/python3.12/site-packages/airflow/example_dags/example_complex.py
[2025-04-01T16:22:24.655-0500] {processor.py:914} INFO - Processing file /mnt/d/Universidad/ETL/Proyecto_airflow/venv/lib/python3.12/site-packages/airflow/example_dags/example_complex.py for tasks to queue
[2025-04-01T16:22:24.657-0500] {logging_mixin.py:190} INFO - [2025-04-01T16:22:24.657-0500] {dagbag.py:588} INFO - Filling up the DagBag from /mnt/d/Universidad/ETL/Proyecto_airflow/venv/lib/python3.12/site-packages/airflow/example_dags/example_complex.py
[2025-04-01T16:22:24.712-0500] {processor.py:925} INFO - DAG(s) 'example_complex' retrieved from /mnt/d/Universidad/ETL/Proyecto_airflow/venv/lib/python3.12/site-packages/airflow/example_dags/example_complex.py
[2025-04-01T16:22:24.736-0500] {logging_mixin.py:190} INFO - [2025-04-01T16:22:24.735-0500] {dag.py:3239} INFO - Sync 1 DAGs
[2025-04-01T16:22:24.745-0500] {logging_mixin.py:190} INFO - [2025-04-01T16:22:24.745-0500] {dag.py:4180} INFO - Setting next_dagrun for example_complex to None, run_after=None
[2025-04-01T16:22:24.827-0500] {processor.py:208} INFO - Processing /mnt/d/Universidad/ETL/Proyecto_airflow/venv/lib/python3.12/site-packages/airflow/example_dags/example_complex.py took 0.181 seconds
[2025-04-01T16:23:53.224-0500] {processor.py:186} INFO - Started process (PID=4403) to work on /mnt/d/Universidad/ETL/Proyecto_airflow/venv/lib/python3.12/site-packages/airflow/example_dags/example_complex.py
[2025-04-01T16:23:53.225-0500] {processor.py:914} INFO - Processing file /mnt/d/Universidad/ETL/Proyecto_airflow/venv/lib/python3.12/site-packages/airflow/example_dags/example_complex.py for tasks to queue
[2025-04-01T16:23:53.227-0500] {logging_mixin.py:190} INFO - [2025-04-01T16:23:53.226-0500] {dagbag.py:588} INFO - Filling up the DagBag from /mnt/d/Universidad/ETL/Proyecto_airflow/venv/lib/python3.12/site-packages/airflow/example_dags/example_complex.py
[2025-04-01T16:23:53.282-0500] {processor.py:925} INFO - DAG(s) 'example_complex' retrieved from /mnt/d/Universidad/ETL/Proyecto_airflow/venv/lib/python3.12/site-packages/airflow/example_dags/example_complex.py
[2025-04-01T16:23:53.306-0500] {logging_mixin.py:190} INFO - [2025-04-01T16:23:53.305-0500] {dag.py:3239} INFO - Sync 1 DAGs
[2025-04-01T16:23:53.315-0500] {logging_mixin.py:190} INFO - [2025-04-01T16:23:53.315-0500] {dag.py:4180} INFO - Setting next_dagrun for example_complex to None, run_after=None
[2025-04-01T16:23:53.390-0500] {processor.py:208} INFO - Processing /mnt/d/Universidad/ETL/Proyecto_airflow/venv/lib/python3.12/site-packages/airflow/example_dags/example_complex.py took 0.174 seconds
[2025-04-01T16:25:26.235-0500] {processor.py:186} INFO - Started process (PID=4474) to work on /mnt/d/Universidad/ETL/Proyecto_airflow/venv/lib/python3.12/site-packages/airflow/example_dags/example_complex.py
[2025-04-01T16:25:26.236-0500] {processor.py:914} INFO - Processing file /mnt/d/Universidad/ETL/Proyecto_airflow/venv/lib/python3.12/site-packages/airflow/example_dags/example_complex.py for tasks to queue
[2025-04-01T16:25:26.238-0500] {logging_mixin.py:190} INFO - [2025-04-01T16:25:26.237-0500] {dagbag.py:588} INFO - Filling up the DagBag from /mnt/d/Universidad/ETL/Proyecto_airflow/venv/lib/python3.12/site-packages/airflow/example_dags/example_complex.py
[2025-04-01T16:25:26.293-0500] {processor.py:925} INFO - DAG(s) 'example_complex' retrieved from /mnt/d/Universidad/ETL/Proyecto_airflow/venv/lib/python3.12/site-packages/airflow/example_dags/example_complex.py
[2025-04-01T16:25:26.319-0500] {logging_mixin.py:190} INFO - [2025-04-01T16:25:26.318-0500] {dag.py:3239} INFO - Sync 1 DAGs
[2025-04-01T16:25:26.328-0500] {logging_mixin.py:190} INFO - [2025-04-01T16:25:26.328-0500] {dag.py:4180} INFO - Setting next_dagrun for example_complex to None, run_after=None
[2025-04-01T16:25:26.407-0500] {processor.py:208} INFO - Processing /mnt/d/Universidad/ETL/Proyecto_airflow/venv/lib/python3.12/site-packages/airflow/example_dags/example_complex.py took 0.181 seconds
[2025-04-01T16:27:00.081-0500] {processor.py:186} INFO - Started process (PID=4546) to work on /mnt/d/Universidad/ETL/Proyecto_airflow/venv/lib/python3.12/site-packages/airflow/example_dags/example_complex.py
[2025-04-01T16:27:00.083-0500] {processor.py:914} INFO - Processing file /mnt/d/Universidad/ETL/Proyecto_airflow/venv/lib/python3.12/site-packages/airflow/example_dags/example_complex.py for tasks to queue
[2025-04-01T16:27:00.085-0500] {logging_mixin.py:190} INFO - [2025-04-01T16:27:00.084-0500] {dagbag.py:588} INFO - Filling up the DagBag from /mnt/d/Universidad/ETL/Proyecto_airflow/venv/lib/python3.12/site-packages/airflow/example_dags/example_complex.py
[2025-04-01T16:27:00.140-0500] {processor.py:925} INFO - DAG(s) 'example_complex' retrieved from /mnt/d/Universidad/ETL/Proyecto_airflow/venv/lib/python3.12/site-packages/airflow/example_dags/example_complex.py
[2025-04-01T16:27:00.164-0500] {logging_mixin.py:190} INFO - [2025-04-01T16:27:00.163-0500] {dag.py:3239} INFO - Sync 1 DAGs
[2025-04-01T16:27:00.173-0500] {logging_mixin.py:190} INFO - [2025-04-01T16:27:00.172-0500] {dag.py:4180} INFO - Setting next_dagrun for example_complex to None, run_after=None
[2025-04-01T16:27:00.255-0500] {processor.py:208} INFO - Processing /mnt/d/Universidad/ETL/Proyecto_airflow/venv/lib/python3.12/site-packages/airflow/example_dags/example_complex.py took 0.181 seconds
[2025-04-01T16:28:33.564-0500] {processor.py:186} INFO - Started process (PID=4617) to work on /mnt/d/Universidad/ETL/Proyecto_airflow/venv/lib/python3.12/site-packages/airflow/example_dags/example_complex.py
[2025-04-01T16:28:33.565-0500] {processor.py:914} INFO - Processing file /mnt/d/Universidad/ETL/Proyecto_airflow/venv/lib/python3.12/site-packages/airflow/example_dags/example_complex.py for tasks to queue
[2025-04-01T16:28:33.567-0500] {logging_mixin.py:190} INFO - [2025-04-01T16:28:33.566-0500] {dagbag.py:588} INFO - Filling up the DagBag from /mnt/d/Universidad/ETL/Proyecto_airflow/venv/lib/python3.12/site-packages/airflow/example_dags/example_complex.py
[2025-04-01T16:28:33.623-0500] {processor.py:925} INFO - DAG(s) 'example_complex' retrieved from /mnt/d/Universidad/ETL/Proyecto_airflow/venv/lib/python3.12/site-packages/airflow/example_dags/example_complex.py
[2025-04-01T16:28:33.646-0500] {logging_mixin.py:190} INFO - [2025-04-01T16:28:33.646-0500] {dag.py:3239} INFO - Sync 1 DAGs
[2025-04-01T16:28:33.655-0500] {logging_mixin.py:190} INFO - [2025-04-01T16:28:33.655-0500] {dag.py:4180} INFO - Setting next_dagrun for example_complex to None, run_after=None
[2025-04-01T16:28:33.737-0500] {processor.py:208} INFO - Processing /mnt/d/Universidad/ETL/Proyecto_airflow/venv/lib/python3.12/site-packages/airflow/example_dags/example_complex.py took 0.181 seconds
[2025-04-01T16:30:04.177-0500] {processor.py:186} INFO - Started process (PID=4689) to work on /mnt/d/Universidad/ETL/Proyecto_airflow/venv/lib/python3.12/site-packages/airflow/example_dags/example_complex.py
[2025-04-01T16:30:04.178-0500] {processor.py:914} INFO - Processing file /mnt/d/Universidad/ETL/Proyecto_airflow/venv/lib/python3.12/site-packages/airflow/example_dags/example_complex.py for tasks to queue
[2025-04-01T16:30:04.180-0500] {logging_mixin.py:190} INFO - [2025-04-01T16:30:04.179-0500] {dagbag.py:588} INFO - Filling up the DagBag from /mnt/d/Universidad/ETL/Proyecto_airflow/venv/lib/python3.12/site-packages/airflow/example_dags/example_complex.py
[2025-04-01T16:30:04.236-0500] {processor.py:925} INFO - DAG(s) 'example_complex' retrieved from /mnt/d/Universidad/ETL/Proyecto_airflow/venv/lib/python3.12/site-packages/airflow/example_dags/example_complex.py
[2025-04-01T16:30:04.260-0500] {logging_mixin.py:190} INFO - [2025-04-01T16:30:04.259-0500] {dag.py:3239} INFO - Sync 1 DAGs
[2025-04-01T16:30:04.269-0500] {logging_mixin.py:190} INFO - [2025-04-01T16:30:04.268-0500] {dag.py:4180} INFO - Setting next_dagrun for example_complex to None, run_after=None
[2025-04-01T16:30:04.372-0500] {processor.py:208} INFO - Processing /mnt/d/Universidad/ETL/Proyecto_airflow/venv/lib/python3.12/site-packages/airflow/example_dags/example_complex.py took 0.203 seconds
[2025-04-01T16:31:37.410-0500] {processor.py:186} INFO - Started process (PID=4759) to work on /mnt/d/Universidad/ETL/Proyecto_airflow/venv/lib/python3.12/site-packages/airflow/example_dags/example_complex.py
[2025-04-01T16:31:37.411-0500] {processor.py:914} INFO - Processing file /mnt/d/Universidad/ETL/Proyecto_airflow/venv/lib/python3.12/site-packages/airflow/example_dags/example_complex.py for tasks to queue
[2025-04-01T16:31:37.413-0500] {logging_mixin.py:190} INFO - [2025-04-01T16:31:37.413-0500] {dagbag.py:588} INFO - Filling up the DagBag from /mnt/d/Universidad/ETL/Proyecto_airflow/venv/lib/python3.12/site-packages/airflow/example_dags/example_complex.py
[2025-04-01T16:31:37.469-0500] {processor.py:925} INFO - DAG(s) 'example_complex' retrieved from /mnt/d/Universidad/ETL/Proyecto_airflow/venv/lib/python3.12/site-packages/airflow/example_dags/example_complex.py
[2025-04-01T16:31:37.493-0500] {logging_mixin.py:190} INFO - [2025-04-01T16:31:37.492-0500] {dag.py:3239} INFO - Sync 1 DAGs
[2025-04-01T16:31:37.502-0500] {logging_mixin.py:190} INFO - [2025-04-01T16:31:37.502-0500] {dag.py:4180} INFO - Setting next_dagrun for example_complex to None, run_after=None
[2025-04-01T16:31:37.582-0500] {processor.py:208} INFO - Processing /mnt/d/Universidad/ETL/Proyecto_airflow/venv/lib/python3.12/site-packages/airflow/example_dags/example_complex.py took 0.179 seconds
[2025-04-01T16:33:13.942-0500] {processor.py:186} INFO - Started process (PID=4833) to work on /mnt/d/Universidad/ETL/Proyecto_airflow/venv/lib/python3.12/site-packages/airflow/example_dags/example_complex.py
[2025-04-01T16:33:13.943-0500] {processor.py:914} INFO - Processing file /mnt/d/Universidad/ETL/Proyecto_airflow/venv/lib/python3.12/site-packages/airflow/example_dags/example_complex.py for tasks to queue
[2025-04-01T16:33:13.945-0500] {logging_mixin.py:190} INFO - [2025-04-01T16:33:13.945-0500] {dagbag.py:588} INFO - Filling up the DagBag from /mnt/d/Universidad/ETL/Proyecto_airflow/venv/lib/python3.12/site-packages/airflow/example_dags/example_complex.py
[2025-04-01T16:33:14.001-0500] {processor.py:925} INFO - DAG(s) 'example_complex' retrieved from /mnt/d/Universidad/ETL/Proyecto_airflow/venv/lib/python3.12/site-packages/airflow/example_dags/example_complex.py
[2025-04-01T16:33:14.024-0500] {logging_mixin.py:190} INFO - [2025-04-01T16:33:14.023-0500] {dag.py:3239} INFO - Sync 1 DAGs
[2025-04-01T16:33:14.033-0500] {logging_mixin.py:190} INFO - [2025-04-01T16:33:14.033-0500] {dag.py:4180} INFO - Setting next_dagrun for example_complex to None, run_after=None
[2025-04-01T16:33:14.107-0500] {processor.py:208} INFO - Processing /mnt/d/Universidad/ETL/Proyecto_airflow/venv/lib/python3.12/site-packages/airflow/example_dags/example_complex.py took 0.173 seconds
[2025-04-01T16:34:39.821-0500] {processor.py:186} INFO - Started process (PID=4901) to work on /mnt/d/Universidad/ETL/Proyecto_airflow/venv/lib/python3.12/site-packages/airflow/example_dags/example_complex.py
[2025-04-01T16:34:39.822-0500] {processor.py:914} INFO - Processing file /mnt/d/Universidad/ETL/Proyecto_airflow/venv/lib/python3.12/site-packages/airflow/example_dags/example_complex.py for tasks to queue
[2025-04-01T16:34:39.824-0500] {logging_mixin.py:190} INFO - [2025-04-01T16:34:39.823-0500] {dagbag.py:588} INFO - Filling up the DagBag from /mnt/d/Universidad/ETL/Proyecto_airflow/venv/lib/python3.12/site-packages/airflow/example_dags/example_complex.py
[2025-04-01T16:34:39.879-0500] {processor.py:925} INFO - DAG(s) 'example_complex' retrieved from /mnt/d/Universidad/ETL/Proyecto_airflow/venv/lib/python3.12/site-packages/airflow/example_dags/example_complex.py
[2025-04-01T16:34:39.903-0500] {logging_mixin.py:190} INFO - [2025-04-01T16:34:39.902-0500] {dag.py:3239} INFO - Sync 1 DAGs
[2025-04-01T16:34:39.912-0500] {logging_mixin.py:190} INFO - [2025-04-01T16:34:39.911-0500] {dag.py:4180} INFO - Setting next_dagrun for example_complex to None, run_after=None
[2025-04-01T16:34:39.993-0500] {processor.py:208} INFO - Processing /mnt/d/Universidad/ETL/Proyecto_airflow/venv/lib/python3.12/site-packages/airflow/example_dags/example_complex.py took 0.180 seconds
[2025-04-01T16:36:09.730-0500] {processor.py:186} INFO - Started process (PID=4970) to work on /mnt/d/Universidad/ETL/Proyecto_airflow/venv/lib/python3.12/site-packages/airflow/example_dags/example_complex.py
[2025-04-01T16:36:09.731-0500] {processor.py:914} INFO - Processing file /mnt/d/Universidad/ETL/Proyecto_airflow/venv/lib/python3.12/site-packages/airflow/example_dags/example_complex.py for tasks to queue
[2025-04-01T16:36:09.733-0500] {logging_mixin.py:190} INFO - [2025-04-01T16:36:09.733-0500] {dagbag.py:588} INFO - Filling up the DagBag from /mnt/d/Universidad/ETL/Proyecto_airflow/venv/lib/python3.12/site-packages/airflow/example_dags/example_complex.py
[2025-04-01T16:36:09.789-0500] {processor.py:925} INFO - DAG(s) 'example_complex' retrieved from /mnt/d/Universidad/ETL/Proyecto_airflow/venv/lib/python3.12/site-packages/airflow/example_dags/example_complex.py
[2025-04-01T16:36:09.813-0500] {logging_mixin.py:190} INFO - [2025-04-01T16:36:09.812-0500] {dag.py:3239} INFO - Sync 1 DAGs
[2025-04-01T16:36:09.823-0500] {logging_mixin.py:190} INFO - [2025-04-01T16:36:09.823-0500] {dag.py:4180} INFO - Setting next_dagrun for example_complex to None, run_after=None
[2025-04-01T16:36:09.959-0500] {processor.py:208} INFO - Processing /mnt/d/Universidad/ETL/Proyecto_airflow/venv/lib/python3.12/site-packages/airflow/example_dags/example_complex.py took 0.238 seconds
[2025-04-01T16:37:40.295-0500] {processor.py:186} INFO - Started process (PID=5040) to work on /mnt/d/Universidad/ETL/Proyecto_airflow/venv/lib/python3.12/site-packages/airflow/example_dags/example_complex.py
[2025-04-01T16:37:40.296-0500] {processor.py:914} INFO - Processing file /mnt/d/Universidad/ETL/Proyecto_airflow/venv/lib/python3.12/site-packages/airflow/example_dags/example_complex.py for tasks to queue
[2025-04-01T16:37:40.298-0500] {logging_mixin.py:190} INFO - [2025-04-01T16:37:40.297-0500] {dagbag.py:588} INFO - Filling up the DagBag from /mnt/d/Universidad/ETL/Proyecto_airflow/venv/lib/python3.12/site-packages/airflow/example_dags/example_complex.py
[2025-04-01T16:37:40.353-0500] {processor.py:925} INFO - DAG(s) 'example_complex' retrieved from /mnt/d/Universidad/ETL/Proyecto_airflow/venv/lib/python3.12/site-packages/airflow/example_dags/example_complex.py
[2025-04-01T16:37:40.378-0500] {logging_mixin.py:190} INFO - [2025-04-01T16:37:40.377-0500] {dag.py:3239} INFO - Sync 1 DAGs
[2025-04-01T16:37:40.387-0500] {logging_mixin.py:190} INFO - [2025-04-01T16:37:40.386-0500] {dag.py:4180} INFO - Setting next_dagrun for example_complex to None, run_after=None
[2025-04-01T16:37:40.485-0500] {processor.py:208} INFO - Processing /mnt/d/Universidad/ETL/Proyecto_airflow/venv/lib/python3.12/site-packages/airflow/example_dags/example_complex.py took 0.198 seconds
[2025-04-01T16:39:13.008-0500] {processor.py:186} INFO - Started process (PID=5110) to work on /mnt/d/Universidad/ETL/Proyecto_airflow/venv/lib/python3.12/site-packages/airflow/example_dags/example_complex.py
[2025-04-01T16:39:13.009-0500] {processor.py:914} INFO - Processing file /mnt/d/Universidad/ETL/Proyecto_airflow/venv/lib/python3.12/site-packages/airflow/example_dags/example_complex.py for tasks to queue
[2025-04-01T16:39:13.012-0500] {logging_mixin.py:190} INFO - [2025-04-01T16:39:13.011-0500] {dagbag.py:588} INFO - Filling up the DagBag from /mnt/d/Universidad/ETL/Proyecto_airflow/venv/lib/python3.12/site-packages/airflow/example_dags/example_complex.py
[2025-04-01T16:39:13.068-0500] {processor.py:925} INFO - DAG(s) 'example_complex' retrieved from /mnt/d/Universidad/ETL/Proyecto_airflow/venv/lib/python3.12/site-packages/airflow/example_dags/example_complex.py
[2025-04-01T16:39:13.093-0500] {logging_mixin.py:190} INFO - [2025-04-01T16:39:13.092-0500] {dag.py:3239} INFO - Sync 1 DAGs
[2025-04-01T16:39:13.103-0500] {logging_mixin.py:190} INFO - [2025-04-01T16:39:13.102-0500] {dag.py:4180} INFO - Setting next_dagrun for example_complex to None, run_after=None
[2025-04-01T16:39:13.201-0500] {processor.py:208} INFO - Processing /mnt/d/Universidad/ETL/Proyecto_airflow/venv/lib/python3.12/site-packages/airflow/example_dags/example_complex.py took 0.201 seconds
[2025-04-01T16:40:50.004-0500] {processor.py:186} INFO - Started process (PID=5183) to work on /mnt/d/Universidad/ETL/Proyecto_airflow/venv/lib/python3.12/site-packages/airflow/example_dags/example_complex.py
[2025-04-01T16:40:50.005-0500] {processor.py:914} INFO - Processing file /mnt/d/Universidad/ETL/Proyecto_airflow/venv/lib/python3.12/site-packages/airflow/example_dags/example_complex.py for tasks to queue
[2025-04-01T16:40:50.007-0500] {logging_mixin.py:190} INFO - [2025-04-01T16:40:50.006-0500] {dagbag.py:588} INFO - Filling up the DagBag from /mnt/d/Universidad/ETL/Proyecto_airflow/venv/lib/python3.12/site-packages/airflow/example_dags/example_complex.py
[2025-04-01T16:40:50.064-0500] {processor.py:925} INFO - DAG(s) 'example_complex' retrieved from /mnt/d/Universidad/ETL/Proyecto_airflow/venv/lib/python3.12/site-packages/airflow/example_dags/example_complex.py
[2025-04-01T16:40:50.089-0500] {logging_mixin.py:190} INFO - [2025-04-01T16:40:50.088-0500] {dag.py:3239} INFO - Sync 1 DAGs
[2025-04-01T16:40:50.098-0500] {logging_mixin.py:190} INFO - [2025-04-01T16:40:50.098-0500] {dag.py:4180} INFO - Setting next_dagrun for example_complex to None, run_after=None
[2025-04-01T16:40:50.202-0500] {processor.py:208} INFO - Processing /mnt/d/Universidad/ETL/Proyecto_airflow/venv/lib/python3.12/site-packages/airflow/example_dags/example_complex.py took 0.206 seconds
[2025-04-01T16:42:27.686-0500] {processor.py:186} INFO - Started process (PID=5256) to work on /mnt/d/Universidad/ETL/Proyecto_airflow/venv/lib/python3.12/site-packages/airflow/example_dags/example_complex.py
[2025-04-01T16:42:27.687-0500] {processor.py:914} INFO - Processing file /mnt/d/Universidad/ETL/Proyecto_airflow/venv/lib/python3.12/site-packages/airflow/example_dags/example_complex.py for tasks to queue
[2025-04-01T16:42:27.690-0500] {logging_mixin.py:190} INFO - [2025-04-01T16:42:27.689-0500] {dagbag.py:588} INFO - Filling up the DagBag from /mnt/d/Universidad/ETL/Proyecto_airflow/venv/lib/python3.12/site-packages/airflow/example_dags/example_complex.py
[2025-04-01T16:42:27.747-0500] {processor.py:925} INFO - DAG(s) 'example_complex' retrieved from /mnt/d/Universidad/ETL/Proyecto_airflow/venv/lib/python3.12/site-packages/airflow/example_dags/example_complex.py
[2025-04-01T16:42:27.771-0500] {logging_mixin.py:190} INFO - [2025-04-01T16:42:27.770-0500] {dag.py:3239} INFO - Sync 1 DAGs
[2025-04-01T16:42:27.780-0500] {logging_mixin.py:190} INFO - [2025-04-01T16:42:27.779-0500] {dag.py:4180} INFO - Setting next_dagrun for example_complex to None, run_after=None
[2025-04-01T16:42:27.890-0500] {processor.py:208} INFO - Processing /mnt/d/Universidad/ETL/Proyecto_airflow/venv/lib/python3.12/site-packages/airflow/example_dags/example_complex.py took 0.211 seconds
[2025-04-01T16:43:59.955-0500] {processor.py:186} INFO - Started process (PID=5326) to work on /mnt/d/Universidad/ETL/Proyecto_airflow/venv/lib/python3.12/site-packages/airflow/example_dags/example_complex.py
[2025-04-01T16:43:59.956-0500] {processor.py:914} INFO - Processing file /mnt/d/Universidad/ETL/Proyecto_airflow/venv/lib/python3.12/site-packages/airflow/example_dags/example_complex.py for tasks to queue
[2025-04-01T16:43:59.958-0500] {logging_mixin.py:190} INFO - [2025-04-01T16:43:59.957-0500] {dagbag.py:588} INFO - Filling up the DagBag from /mnt/d/Universidad/ETL/Proyecto_airflow/venv/lib/python3.12/site-packages/airflow/example_dags/example_complex.py
[2025-04-01T16:44:00.014-0500] {processor.py:925} INFO - DAG(s) 'example_complex' retrieved from /mnt/d/Universidad/ETL/Proyecto_airflow/venv/lib/python3.12/site-packages/airflow/example_dags/example_complex.py
[2025-04-01T16:44:00.039-0500] {logging_mixin.py:190} INFO - [2025-04-01T16:44:00.038-0500] {dag.py:3239} INFO - Sync 1 DAGs
[2025-04-01T16:44:00.049-0500] {logging_mixin.py:190} INFO - [2025-04-01T16:44:00.048-0500] {dag.py:4180} INFO - Setting next_dagrun for example_complex to None, run_after=None
[2025-04-01T16:44:00.125-0500] {processor.py:208} INFO - Processing /mnt/d/Universidad/ETL/Proyecto_airflow/venv/lib/python3.12/site-packages/airflow/example_dags/example_complex.py took 0.179 seconds
[2025-04-01T16:45:32.847-0500] {processor.py:186} INFO - Started process (PID=5397) to work on /mnt/d/Universidad/ETL/Proyecto_airflow/venv/lib/python3.12/site-packages/airflow/example_dags/example_complex.py
[2025-04-01T16:45:32.848-0500] {processor.py:914} INFO - Processing file /mnt/d/Universidad/ETL/Proyecto_airflow/venv/lib/python3.12/site-packages/airflow/example_dags/example_complex.py for tasks to queue
[2025-04-01T16:45:32.851-0500] {logging_mixin.py:190} INFO - [2025-04-01T16:45:32.850-0500] {dagbag.py:588} INFO - Filling up the DagBag from /mnt/d/Universidad/ETL/Proyecto_airflow/venv/lib/python3.12/site-packages/airflow/example_dags/example_complex.py
[2025-04-01T16:45:32.906-0500] {processor.py:925} INFO - DAG(s) 'example_complex' retrieved from /mnt/d/Universidad/ETL/Proyecto_airflow/venv/lib/python3.12/site-packages/airflow/example_dags/example_complex.py
[2025-04-01T16:45:32.929-0500] {logging_mixin.py:190} INFO - [2025-04-01T16:45:32.929-0500] {dag.py:3239} INFO - Sync 1 DAGs
[2025-04-01T16:45:32.938-0500] {logging_mixin.py:190} INFO - [2025-04-01T16:45:32.938-0500] {dag.py:4180} INFO - Setting next_dagrun for example_complex to None, run_after=None
[2025-04-01T16:45:33.053-0500] {processor.py:208} INFO - Processing /mnt/d/Universidad/ETL/Proyecto_airflow/venv/lib/python3.12/site-packages/airflow/example_dags/example_complex.py took 0.213 seconds
[2025-04-01T16:47:14.710-0500] {processor.py:186} INFO - Started process (PID=5471) to work on /mnt/d/Universidad/ETL/Proyecto_airflow/venv/lib/python3.12/site-packages/airflow/example_dags/example_complex.py
[2025-04-01T16:47:14.711-0500] {processor.py:914} INFO - Processing file /mnt/d/Universidad/ETL/Proyecto_airflow/venv/lib/python3.12/site-packages/airflow/example_dags/example_complex.py for tasks to queue
[2025-04-01T16:47:14.713-0500] {logging_mixin.py:190} INFO - [2025-04-01T16:47:14.712-0500] {dagbag.py:588} INFO - Filling up the DagBag from /mnt/d/Universidad/ETL/Proyecto_airflow/venv/lib/python3.12/site-packages/airflow/example_dags/example_complex.py
[2025-04-01T16:47:14.769-0500] {processor.py:925} INFO - DAG(s) 'example_complex' retrieved from /mnt/d/Universidad/ETL/Proyecto_airflow/venv/lib/python3.12/site-packages/airflow/example_dags/example_complex.py
[2025-04-01T16:47:14.793-0500] {logging_mixin.py:190} INFO - [2025-04-01T16:47:14.792-0500] {dag.py:3239} INFO - Sync 1 DAGs
[2025-04-01T16:47:14.802-0500] {logging_mixin.py:190} INFO - [2025-04-01T16:47:14.801-0500] {dag.py:4180} INFO - Setting next_dagrun for example_complex to None, run_after=None
[2025-04-01T16:47:14.905-0500] {processor.py:208} INFO - Processing /mnt/d/Universidad/ETL/Proyecto_airflow/venv/lib/python3.12/site-packages/airflow/example_dags/example_complex.py took 0.203 seconds
[2025-04-01T16:48:43.774-0500] {processor.py:186} INFO - Started process (PID=5540) to work on /mnt/d/Universidad/ETL/Proyecto_airflow/venv/lib/python3.12/site-packages/airflow/example_dags/example_complex.py
[2025-04-01T16:48:43.775-0500] {processor.py:914} INFO - Processing file /mnt/d/Universidad/ETL/Proyecto_airflow/venv/lib/python3.12/site-packages/airflow/example_dags/example_complex.py for tasks to queue
[2025-04-01T16:48:43.777-0500] {logging_mixin.py:190} INFO - [2025-04-01T16:48:43.777-0500] {dagbag.py:588} INFO - Filling up the DagBag from /mnt/d/Universidad/ETL/Proyecto_airflow/venv/lib/python3.12/site-packages/airflow/example_dags/example_complex.py
[2025-04-01T16:48:43.832-0500] {processor.py:925} INFO - DAG(s) 'example_complex' retrieved from /mnt/d/Universidad/ETL/Proyecto_airflow/venv/lib/python3.12/site-packages/airflow/example_dags/example_complex.py
[2025-04-01T16:48:43.855-0500] {logging_mixin.py:190} INFO - [2025-04-01T16:48:43.854-0500] {dag.py:3239} INFO - Sync 1 DAGs
[2025-04-01T16:48:43.864-0500] {logging_mixin.py:190} INFO - [2025-04-01T16:48:43.863-0500] {dag.py:4180} INFO - Setting next_dagrun for example_complex to None, run_after=None
[2025-04-01T16:48:43.944-0500] {processor.py:208} INFO - Processing /mnt/d/Universidad/ETL/Proyecto_airflow/venv/lib/python3.12/site-packages/airflow/example_dags/example_complex.py took 0.178 seconds
[2025-04-01T16:50:13.285-0500] {processor.py:186} INFO - Started process (PID=5609) to work on /mnt/d/Universidad/ETL/Proyecto_airflow/venv/lib/python3.12/site-packages/airflow/example_dags/example_complex.py
[2025-04-01T16:50:13.286-0500] {processor.py:914} INFO - Processing file /mnt/d/Universidad/ETL/Proyecto_airflow/venv/lib/python3.12/site-packages/airflow/example_dags/example_complex.py for tasks to queue
[2025-04-01T16:50:13.288-0500] {logging_mixin.py:190} INFO - [2025-04-01T16:50:13.287-0500] {dagbag.py:588} INFO - Filling up the DagBag from /mnt/d/Universidad/ETL/Proyecto_airflow/venv/lib/python3.12/site-packages/airflow/example_dags/example_complex.py
[2025-04-01T16:50:13.345-0500] {processor.py:925} INFO - DAG(s) 'example_complex' retrieved from /mnt/d/Universidad/ETL/Proyecto_airflow/venv/lib/python3.12/site-packages/airflow/example_dags/example_complex.py
[2025-04-01T16:50:13.369-0500] {logging_mixin.py:190} INFO - [2025-04-01T16:50:13.369-0500] {dag.py:3239} INFO - Sync 1 DAGs
[2025-04-01T16:50:13.378-0500] {logging_mixin.py:190} INFO - [2025-04-01T16:50:13.378-0500] {dag.py:4180} INFO - Setting next_dagrun for example_complex to None, run_after=None
[2025-04-01T16:50:13.483-0500] {processor.py:208} INFO - Processing /mnt/d/Universidad/ETL/Proyecto_airflow/venv/lib/python3.12/site-packages/airflow/example_dags/example_complex.py took 0.206 seconds
[2025-04-01T16:51:53.076-0500] {processor.py:186} INFO - Started process (PID=5683) to work on /mnt/d/Universidad/ETL/Proyecto_airflow/venv/lib/python3.12/site-packages/airflow/example_dags/example_complex.py
[2025-04-01T16:51:53.077-0500] {processor.py:914} INFO - Processing file /mnt/d/Universidad/ETL/Proyecto_airflow/venv/lib/python3.12/site-packages/airflow/example_dags/example_complex.py for tasks to queue
[2025-04-01T16:51:53.080-0500] {logging_mixin.py:190} INFO - [2025-04-01T16:51:53.079-0500] {dagbag.py:588} INFO - Filling up the DagBag from /mnt/d/Universidad/ETL/Proyecto_airflow/venv/lib/python3.12/site-packages/airflow/example_dags/example_complex.py
[2025-04-01T16:51:53.134-0500] {processor.py:925} INFO - DAG(s) 'example_complex' retrieved from /mnt/d/Universidad/ETL/Proyecto_airflow/venv/lib/python3.12/site-packages/airflow/example_dags/example_complex.py
[2025-04-01T16:51:53.157-0500] {logging_mixin.py:190} INFO - [2025-04-01T16:51:53.157-0500] {dag.py:3239} INFO - Sync 1 DAGs
[2025-04-01T16:51:53.166-0500] {logging_mixin.py:190} INFO - [2025-04-01T16:51:53.166-0500] {dag.py:4180} INFO - Setting next_dagrun for example_complex to None, run_after=None
[2025-04-01T16:51:53.253-0500] {processor.py:208} INFO - Processing /mnt/d/Universidad/ETL/Proyecto_airflow/venv/lib/python3.12/site-packages/airflow/example_dags/example_complex.py took 0.184 seconds
[2025-04-01T16:53:27.624-0500] {processor.py:186} INFO - Started process (PID=5755) to work on /mnt/d/Universidad/ETL/Proyecto_airflow/venv/lib/python3.12/site-packages/airflow/example_dags/example_complex.py
[2025-04-01T16:53:27.625-0500] {processor.py:914} INFO - Processing file /mnt/d/Universidad/ETL/Proyecto_airflow/venv/lib/python3.12/site-packages/airflow/example_dags/example_complex.py for tasks to queue
[2025-04-01T16:53:27.627-0500] {logging_mixin.py:190} INFO - [2025-04-01T16:53:27.627-0500] {dagbag.py:588} INFO - Filling up the DagBag from /mnt/d/Universidad/ETL/Proyecto_airflow/venv/lib/python3.12/site-packages/airflow/example_dags/example_complex.py
[2025-04-01T16:53:27.683-0500] {processor.py:925} INFO - DAG(s) 'example_complex' retrieved from /mnt/d/Universidad/ETL/Proyecto_airflow/venv/lib/python3.12/site-packages/airflow/example_dags/example_complex.py
[2025-04-01T16:53:27.707-0500] {logging_mixin.py:190} INFO - [2025-04-01T16:53:27.706-0500] {dag.py:3239} INFO - Sync 1 DAGs
[2025-04-01T16:53:27.716-0500] {logging_mixin.py:190} INFO - [2025-04-01T16:53:27.715-0500] {dag.py:4180} INFO - Setting next_dagrun for example_complex to None, run_after=None
[2025-04-01T16:53:27.818-0500] {processor.py:208} INFO - Processing /mnt/d/Universidad/ETL/Proyecto_airflow/venv/lib/python3.12/site-packages/airflow/example_dags/example_complex.py took 0.202 seconds
[2025-04-01T16:55:03.048-0500] {processor.py:186} INFO - Started process (PID=5827) to work on /mnt/d/Universidad/ETL/Proyecto_airflow/venv/lib/python3.12/site-packages/airflow/example_dags/example_complex.py
[2025-04-01T16:55:03.049-0500] {processor.py:914} INFO - Processing file /mnt/d/Universidad/ETL/Proyecto_airflow/venv/lib/python3.12/site-packages/airflow/example_dags/example_complex.py for tasks to queue
[2025-04-01T16:55:03.051-0500] {logging_mixin.py:190} INFO - [2025-04-01T16:55:03.051-0500] {dagbag.py:588} INFO - Filling up the DagBag from /mnt/d/Universidad/ETL/Proyecto_airflow/venv/lib/python3.12/site-packages/airflow/example_dags/example_complex.py
[2025-04-01T16:55:03.107-0500] {processor.py:925} INFO - DAG(s) 'example_complex' retrieved from /mnt/d/Universidad/ETL/Proyecto_airflow/venv/lib/python3.12/site-packages/airflow/example_dags/example_complex.py
[2025-04-01T16:55:03.130-0500] {logging_mixin.py:190} INFO - [2025-04-01T16:55:03.130-0500] {dag.py:3239} INFO - Sync 1 DAGs
[2025-04-01T16:55:03.140-0500] {logging_mixin.py:190} INFO - [2025-04-01T16:55:03.139-0500] {dag.py:4180} INFO - Setting next_dagrun for example_complex to None, run_after=None
[2025-04-01T16:55:03.242-0500] {processor.py:208} INFO - Processing /mnt/d/Universidad/ETL/Proyecto_airflow/venv/lib/python3.12/site-packages/airflow/example_dags/example_complex.py took 0.201 seconds
[2025-04-01T16:56:37.481-0500] {processor.py:186} INFO - Started process (PID=5898) to work on /mnt/d/Universidad/ETL/Proyecto_airflow/venv/lib/python3.12/site-packages/airflow/example_dags/example_complex.py
[2025-04-01T16:56:37.482-0500] {processor.py:914} INFO - Processing file /mnt/d/Universidad/ETL/Proyecto_airflow/venv/lib/python3.12/site-packages/airflow/example_dags/example_complex.py for tasks to queue
[2025-04-01T16:56:37.484-0500] {logging_mixin.py:190} INFO - [2025-04-01T16:56:37.483-0500] {dagbag.py:588} INFO - Filling up the DagBag from /mnt/d/Universidad/ETL/Proyecto_airflow/venv/lib/python3.12/site-packages/airflow/example_dags/example_complex.py
[2025-04-01T16:56:37.539-0500] {processor.py:925} INFO - DAG(s) 'example_complex' retrieved from /mnt/d/Universidad/ETL/Proyecto_airflow/venv/lib/python3.12/site-packages/airflow/example_dags/example_complex.py
[2025-04-01T16:56:37.563-0500] {logging_mixin.py:190} INFO - [2025-04-01T16:56:37.562-0500] {dag.py:3239} INFO - Sync 1 DAGs
[2025-04-01T16:56:37.572-0500] {logging_mixin.py:190} INFO - [2025-04-01T16:56:37.571-0500] {dag.py:4180} INFO - Setting next_dagrun for example_complex to None, run_after=None
[2025-04-01T16:56:37.682-0500] {processor.py:208} INFO - Processing /mnt/d/Universidad/ETL/Proyecto_airflow/venv/lib/python3.12/site-packages/airflow/example_dags/example_complex.py took 0.209 seconds
[2025-04-01T16:58:06.950-0500] {processor.py:186} INFO - Started process (PID=5968) to work on /mnt/d/Universidad/ETL/Proyecto_airflow/venv/lib/python3.12/site-packages/airflow/example_dags/example_complex.py
[2025-04-01T16:58:06.951-0500] {processor.py:914} INFO - Processing file /mnt/d/Universidad/ETL/Proyecto_airflow/venv/lib/python3.12/site-packages/airflow/example_dags/example_complex.py for tasks to queue
[2025-04-01T16:58:06.954-0500] {logging_mixin.py:190} INFO - [2025-04-01T16:58:06.953-0500] {dagbag.py:588} INFO - Filling up the DagBag from /mnt/d/Universidad/ETL/Proyecto_airflow/venv/lib/python3.12/site-packages/airflow/example_dags/example_complex.py
[2025-04-01T16:58:07.010-0500] {processor.py:925} INFO - DAG(s) 'example_complex' retrieved from /mnt/d/Universidad/ETL/Proyecto_airflow/venv/lib/python3.12/site-packages/airflow/example_dags/example_complex.py
[2025-04-01T16:58:07.034-0500] {logging_mixin.py:190} INFO - [2025-04-01T16:58:07.033-0500] {dag.py:3239} INFO - Sync 1 DAGs
[2025-04-01T16:58:07.043-0500] {logging_mixin.py:190} INFO - [2025-04-01T16:58:07.043-0500] {dag.py:4180} INFO - Setting next_dagrun for example_complex to None, run_after=None
[2025-04-01T16:58:07.144-0500] {processor.py:208} INFO - Processing /mnt/d/Universidad/ETL/Proyecto_airflow/venv/lib/python3.12/site-packages/airflow/example_dags/example_complex.py took 0.202 seconds
[2025-04-01T16:59:43.276-0500] {processor.py:186} INFO - Started process (PID=6039) to work on /mnt/d/Universidad/ETL/Proyecto_airflow/venv/lib/python3.12/site-packages/airflow/example_dags/example_complex.py
[2025-04-01T16:59:43.277-0500] {processor.py:914} INFO - Processing file /mnt/d/Universidad/ETL/Proyecto_airflow/venv/lib/python3.12/site-packages/airflow/example_dags/example_complex.py for tasks to queue
[2025-04-01T16:59:43.279-0500] {logging_mixin.py:190} INFO - [2025-04-01T16:59:43.278-0500] {dagbag.py:588} INFO - Filling up the DagBag from /mnt/d/Universidad/ETL/Proyecto_airflow/venv/lib/python3.12/site-packages/airflow/example_dags/example_complex.py
[2025-04-01T16:59:43.334-0500] {processor.py:925} INFO - DAG(s) 'example_complex' retrieved from /mnt/d/Universidad/ETL/Proyecto_airflow/venv/lib/python3.12/site-packages/airflow/example_dags/example_complex.py
[2025-04-01T16:59:43.357-0500] {logging_mixin.py:190} INFO - [2025-04-01T16:59:43.356-0500] {dag.py:3239} INFO - Sync 1 DAGs
[2025-04-01T16:59:43.366-0500] {logging_mixin.py:190} INFO - [2025-04-01T16:59:43.365-0500] {dag.py:4180} INFO - Setting next_dagrun for example_complex to None, run_after=None
[2025-04-01T16:59:43.468-0500] {processor.py:208} INFO - Processing /mnt/d/Universidad/ETL/Proyecto_airflow/venv/lib/python3.12/site-packages/airflow/example_dags/example_complex.py took 0.200 seconds
[2025-04-01T17:01:23.180-0500] {processor.py:186} INFO - Started process (PID=6111) to work on /mnt/d/Universidad/ETL/Proyecto_airflow/venv/lib/python3.12/site-packages/airflow/example_dags/example_complex.py
[2025-04-01T17:01:23.181-0500] {processor.py:914} INFO - Processing file /mnt/d/Universidad/ETL/Proyecto_airflow/venv/lib/python3.12/site-packages/airflow/example_dags/example_complex.py for tasks to queue
[2025-04-01T17:01:23.183-0500] {logging_mixin.py:190} INFO - [2025-04-01T17:01:23.182-0500] {dagbag.py:588} INFO - Filling up the DagBag from /mnt/d/Universidad/ETL/Proyecto_airflow/venv/lib/python3.12/site-packages/airflow/example_dags/example_complex.py
[2025-04-01T17:01:23.240-0500] {processor.py:925} INFO - DAG(s) 'example_complex' retrieved from /mnt/d/Universidad/ETL/Proyecto_airflow/venv/lib/python3.12/site-packages/airflow/example_dags/example_complex.py
[2025-04-01T17:01:23.264-0500] {logging_mixin.py:190} INFO - [2025-04-01T17:01:23.264-0500] {dag.py:3239} INFO - Sync 1 DAGs
[2025-04-01T17:01:23.274-0500] {logging_mixin.py:190} INFO - [2025-04-01T17:01:23.273-0500] {dag.py:4180} INFO - Setting next_dagrun for example_complex to None, run_after=None
[2025-04-01T17:01:23.385-0500] {processor.py:208} INFO - Processing /mnt/d/Universidad/ETL/Proyecto_airflow/venv/lib/python3.12/site-packages/airflow/example_dags/example_complex.py took 0.213 seconds
[2025-04-01T17:02:52.979-0500] {processor.py:186} INFO - Started process (PID=6181) to work on /mnt/d/Universidad/ETL/Proyecto_airflow/venv/lib/python3.12/site-packages/airflow/example_dags/example_complex.py
[2025-04-01T17:02:52.980-0500] {processor.py:914} INFO - Processing file /mnt/d/Universidad/ETL/Proyecto_airflow/venv/lib/python3.12/site-packages/airflow/example_dags/example_complex.py for tasks to queue
[2025-04-01T17:02:52.982-0500] {logging_mixin.py:190} INFO - [2025-04-01T17:02:52.981-0500] {dagbag.py:588} INFO - Filling up the DagBag from /mnt/d/Universidad/ETL/Proyecto_airflow/venv/lib/python3.12/site-packages/airflow/example_dags/example_complex.py
[2025-04-01T17:02:53.040-0500] {processor.py:925} INFO - DAG(s) 'example_complex' retrieved from /mnt/d/Universidad/ETL/Proyecto_airflow/venv/lib/python3.12/site-packages/airflow/example_dags/example_complex.py
[2025-04-01T17:02:53.144-0500] {logging_mixin.py:190} INFO - [2025-04-01T17:02:53.143-0500] {dag.py:3239} INFO - Sync 1 DAGs
[2025-04-01T17:02:53.154-0500] {logging_mixin.py:190} INFO - [2025-04-01T17:02:53.154-0500] {dag.py:4180} INFO - Setting next_dagrun for example_complex to None, run_after=None
[2025-04-01T17:02:53.256-0500] {processor.py:208} INFO - Processing /mnt/d/Universidad/ETL/Proyecto_airflow/venv/lib/python3.12/site-packages/airflow/example_dags/example_complex.py took 0.285 seconds
[2025-04-01T17:04:30.891-0500] {processor.py:186} INFO - Started process (PID=6253) to work on /mnt/d/Universidad/ETL/Proyecto_airflow/venv/lib/python3.12/site-packages/airflow/example_dags/example_complex.py
[2025-04-01T17:04:30.892-0500] {processor.py:914} INFO - Processing file /mnt/d/Universidad/ETL/Proyecto_airflow/venv/lib/python3.12/site-packages/airflow/example_dags/example_complex.py for tasks to queue
[2025-04-01T17:04:30.894-0500] {logging_mixin.py:190} INFO - [2025-04-01T17:04:30.894-0500] {dagbag.py:588} INFO - Filling up the DagBag from /mnt/d/Universidad/ETL/Proyecto_airflow/venv/lib/python3.12/site-packages/airflow/example_dags/example_complex.py
[2025-04-01T17:04:30.949-0500] {processor.py:925} INFO - DAG(s) 'example_complex' retrieved from /mnt/d/Universidad/ETL/Proyecto_airflow/venv/lib/python3.12/site-packages/airflow/example_dags/example_complex.py
[2025-04-01T17:04:30.973-0500] {logging_mixin.py:190} INFO - [2025-04-01T17:04:30.972-0500] {dag.py:3239} INFO - Sync 1 DAGs
[2025-04-01T17:04:30.982-0500] {logging_mixin.py:190} INFO - [2025-04-01T17:04:30.981-0500] {dag.py:4180} INFO - Setting next_dagrun for example_complex to None, run_after=None
[2025-04-01T17:04:31.100-0500] {processor.py:208} INFO - Processing /mnt/d/Universidad/ETL/Proyecto_airflow/venv/lib/python3.12/site-packages/airflow/example_dags/example_complex.py took 0.217 seconds
[2025-04-01T17:06:10.910-0500] {processor.py:186} INFO - Started process (PID=6324) to work on /mnt/d/Universidad/ETL/Proyecto_airflow/venv/lib/python3.12/site-packages/airflow/example_dags/example_complex.py
[2025-04-01T17:06:10.911-0500] {processor.py:914} INFO - Processing file /mnt/d/Universidad/ETL/Proyecto_airflow/venv/lib/python3.12/site-packages/airflow/example_dags/example_complex.py for tasks to queue
[2025-04-01T17:06:10.913-0500] {logging_mixin.py:190} INFO - [2025-04-01T17:06:10.913-0500] {dagbag.py:588} INFO - Filling up the DagBag from /mnt/d/Universidad/ETL/Proyecto_airflow/venv/lib/python3.12/site-packages/airflow/example_dags/example_complex.py
[2025-04-01T17:06:10.970-0500] {processor.py:925} INFO - DAG(s) 'example_complex' retrieved from /mnt/d/Universidad/ETL/Proyecto_airflow/venv/lib/python3.12/site-packages/airflow/example_dags/example_complex.py
[2025-04-01T17:06:11.028-0500] {logging_mixin.py:190} INFO - [2025-04-01T17:06:11.028-0500] {dag.py:3239} INFO - Sync 1 DAGs
[2025-04-01T17:06:11.038-0500] {logging_mixin.py:190} INFO - [2025-04-01T17:06:11.037-0500] {dag.py:4180} INFO - Setting next_dagrun for example_complex to None, run_after=None
[2025-04-01T17:06:11.143-0500] {processor.py:208} INFO - Processing /mnt/d/Universidad/ETL/Proyecto_airflow/venv/lib/python3.12/site-packages/airflow/example_dags/example_complex.py took 0.241 seconds
[2025-04-01T17:07:46.967-0500] {processor.py:186} INFO - Started process (PID=6398) to work on /mnt/d/Universidad/ETL/Proyecto_airflow/venv/lib/python3.12/site-packages/airflow/example_dags/example_complex.py
[2025-04-01T17:07:46.968-0500] {processor.py:914} INFO - Processing file /mnt/d/Universidad/ETL/Proyecto_airflow/venv/lib/python3.12/site-packages/airflow/example_dags/example_complex.py for tasks to queue
[2025-04-01T17:07:46.971-0500] {logging_mixin.py:190} INFO - [2025-04-01T17:07:46.970-0500] {dagbag.py:588} INFO - Filling up the DagBag from /mnt/d/Universidad/ETL/Proyecto_airflow/venv/lib/python3.12/site-packages/airflow/example_dags/example_complex.py
[2025-04-01T17:07:47.026-0500] {processor.py:925} INFO - DAG(s) 'example_complex' retrieved from /mnt/d/Universidad/ETL/Proyecto_airflow/venv/lib/python3.12/site-packages/airflow/example_dags/example_complex.py
[2025-04-01T17:07:47.050-0500] {logging_mixin.py:190} INFO - [2025-04-01T17:07:47.049-0500] {dag.py:3239} INFO - Sync 1 DAGs
[2025-04-01T17:07:47.059-0500] {logging_mixin.py:190} INFO - [2025-04-01T17:07:47.058-0500] {dag.py:4180} INFO - Setting next_dagrun for example_complex to None, run_after=None
[2025-04-01T17:07:47.163-0500] {processor.py:208} INFO - Processing /mnt/d/Universidad/ETL/Proyecto_airflow/venv/lib/python3.12/site-packages/airflow/example_dags/example_complex.py took 0.203 seconds
[2025-04-01T17:09:21.572-0500] {processor.py:186} INFO - Started process (PID=6470) to work on /mnt/d/Universidad/ETL/Proyecto_airflow/venv/lib/python3.12/site-packages/airflow/example_dags/example_complex.py
[2025-04-01T17:09:21.573-0500] {processor.py:914} INFO - Processing file /mnt/d/Universidad/ETL/Proyecto_airflow/venv/lib/python3.12/site-packages/airflow/example_dags/example_complex.py for tasks to queue
[2025-04-01T17:09:21.575-0500] {logging_mixin.py:190} INFO - [2025-04-01T17:09:21.575-0500] {dagbag.py:588} INFO - Filling up the DagBag from /mnt/d/Universidad/ETL/Proyecto_airflow/venv/lib/python3.12/site-packages/airflow/example_dags/example_complex.py
[2025-04-01T17:09:21.630-0500] {processor.py:925} INFO - DAG(s) 'example_complex' retrieved from /mnt/d/Universidad/ETL/Proyecto_airflow/venv/lib/python3.12/site-packages/airflow/example_dags/example_complex.py
[2025-04-01T17:09:21.654-0500] {logging_mixin.py:190} INFO - [2025-04-01T17:09:21.654-0500] {dag.py:3239} INFO - Sync 1 DAGs
[2025-04-01T17:09:21.664-0500] {logging_mixin.py:190} INFO - [2025-04-01T17:09:21.664-0500] {dag.py:4180} INFO - Setting next_dagrun for example_complex to None, run_after=None
[2025-04-01T17:09:21.759-0500] {processor.py:208} INFO - Processing /mnt/d/Universidad/ETL/Proyecto_airflow/venv/lib/python3.12/site-packages/airflow/example_dags/example_complex.py took 0.195 seconds
[2025-04-01T17:11:05.778-0500] {processor.py:186} INFO - Started process (PID=6543) to work on /mnt/d/Universidad/ETL/Proyecto_airflow/venv/lib/python3.12/site-packages/airflow/example_dags/example_complex.py
[2025-04-01T17:11:05.779-0500] {processor.py:914} INFO - Processing file /mnt/d/Universidad/ETL/Proyecto_airflow/venv/lib/python3.12/site-packages/airflow/example_dags/example_complex.py for tasks to queue
[2025-04-01T17:11:05.781-0500] {logging_mixin.py:190} INFO - [2025-04-01T17:11:05.780-0500] {dagbag.py:588} INFO - Filling up the DagBag from /mnt/d/Universidad/ETL/Proyecto_airflow/venv/lib/python3.12/site-packages/airflow/example_dags/example_complex.py
[2025-04-01T17:11:05.836-0500] {processor.py:925} INFO - DAG(s) 'example_complex' retrieved from /mnt/d/Universidad/ETL/Proyecto_airflow/venv/lib/python3.12/site-packages/airflow/example_dags/example_complex.py
[2025-04-01T17:11:05.862-0500] {logging_mixin.py:190} INFO - [2025-04-01T17:11:05.861-0500] {dag.py:3239} INFO - Sync 1 DAGs
[2025-04-01T17:11:05.872-0500] {logging_mixin.py:190} INFO - [2025-04-01T17:11:05.871-0500] {dag.py:4180} INFO - Setting next_dagrun for example_complex to None, run_after=None
[2025-04-01T17:11:05.967-0500] {processor.py:208} INFO - Processing /mnt/d/Universidad/ETL/Proyecto_airflow/venv/lib/python3.12/site-packages/airflow/example_dags/example_complex.py took 0.197 seconds
[2025-04-01T17:12:48.572-0500] {processor.py:186} INFO - Started process (PID=6618) to work on /mnt/d/Universidad/ETL/Proyecto_airflow/venv/lib/python3.12/site-packages/airflow/example_dags/example_complex.py
[2025-04-01T17:12:48.573-0500] {processor.py:914} INFO - Processing file /mnt/d/Universidad/ETL/Proyecto_airflow/venv/lib/python3.12/site-packages/airflow/example_dags/example_complex.py for tasks to queue
[2025-04-01T17:12:48.575-0500] {logging_mixin.py:190} INFO - [2025-04-01T17:12:48.574-0500] {dagbag.py:588} INFO - Filling up the DagBag from /mnt/d/Universidad/ETL/Proyecto_airflow/venv/lib/python3.12/site-packages/airflow/example_dags/example_complex.py
[2025-04-01T17:12:48.632-0500] {processor.py:925} INFO - DAG(s) 'example_complex' retrieved from /mnt/d/Universidad/ETL/Proyecto_airflow/venv/lib/python3.12/site-packages/airflow/example_dags/example_complex.py
[2025-04-01T17:12:48.688-0500] {logging_mixin.py:190} INFO - [2025-04-01T17:12:48.688-0500] {dag.py:3239} INFO - Sync 1 DAGs
[2025-04-01T17:12:48.697-0500] {logging_mixin.py:190} INFO - [2025-04-01T17:12:48.697-0500] {dag.py:4180} INFO - Setting next_dagrun for example_complex to None, run_after=None
[2025-04-01T17:12:48.798-0500] {processor.py:208} INFO - Processing /mnt/d/Universidad/ETL/Proyecto_airflow/venv/lib/python3.12/site-packages/airflow/example_dags/example_complex.py took 0.234 seconds
[2025-04-01T17:14:23.452-0500] {processor.py:186} INFO - Started process (PID=6690) to work on /mnt/d/Universidad/ETL/Proyecto_airflow/venv/lib/python3.12/site-packages/airflow/example_dags/example_complex.py
[2025-04-01T17:14:23.453-0500] {processor.py:914} INFO - Processing file /mnt/d/Universidad/ETL/Proyecto_airflow/venv/lib/python3.12/site-packages/airflow/example_dags/example_complex.py for tasks to queue
[2025-04-01T17:14:23.455-0500] {logging_mixin.py:190} INFO - [2025-04-01T17:14:23.454-0500] {dagbag.py:588} INFO - Filling up the DagBag from /mnt/d/Universidad/ETL/Proyecto_airflow/venv/lib/python3.12/site-packages/airflow/example_dags/example_complex.py
[2025-04-01T17:14:23.510-0500] {processor.py:925} INFO - DAG(s) 'example_complex' retrieved from /mnt/d/Universidad/ETL/Proyecto_airflow/venv/lib/python3.12/site-packages/airflow/example_dags/example_complex.py
[2025-04-01T17:14:23.534-0500] {logging_mixin.py:190} INFO - [2025-04-01T17:14:23.533-0500] {dag.py:3239} INFO - Sync 1 DAGs
[2025-04-01T17:14:23.543-0500] {logging_mixin.py:190} INFO - [2025-04-01T17:14:23.542-0500] {dag.py:4180} INFO - Setting next_dagrun for example_complex to None, run_after=None
[2025-04-01T17:14:23.658-0500] {processor.py:208} INFO - Processing /mnt/d/Universidad/ETL/Proyecto_airflow/venv/lib/python3.12/site-packages/airflow/example_dags/example_complex.py took 0.214 seconds
[2025-04-01T17:15:53.213-0500] {processor.py:186} INFO - Started process (PID=6760) to work on /mnt/d/Universidad/ETL/Proyecto_airflow/venv/lib/python3.12/site-packages/airflow/example_dags/example_complex.py
[2025-04-01T17:15:53.214-0500] {processor.py:914} INFO - Processing file /mnt/d/Universidad/ETL/Proyecto_airflow/venv/lib/python3.12/site-packages/airflow/example_dags/example_complex.py for tasks to queue
[2025-04-01T17:15:53.216-0500] {logging_mixin.py:190} INFO - [2025-04-01T17:15:53.215-0500] {dagbag.py:588} INFO - Filling up the DagBag from /mnt/d/Universidad/ETL/Proyecto_airflow/venv/lib/python3.12/site-packages/airflow/example_dags/example_complex.py
[2025-04-01T17:15:53.271-0500] {processor.py:925} INFO - DAG(s) 'example_complex' retrieved from /mnt/d/Universidad/ETL/Proyecto_airflow/venv/lib/python3.12/site-packages/airflow/example_dags/example_complex.py
[2025-04-01T17:15:53.295-0500] {logging_mixin.py:190} INFO - [2025-04-01T17:15:53.294-0500] {dag.py:3239} INFO - Sync 1 DAGs
[2025-04-01T17:15:53.305-0500] {logging_mixin.py:190} INFO - [2025-04-01T17:15:53.304-0500] {dag.py:4180} INFO - Setting next_dagrun for example_complex to None, run_after=None
[2025-04-01T17:15:53.405-0500] {processor.py:208} INFO - Processing /mnt/d/Universidad/ETL/Proyecto_airflow/venv/lib/python3.12/site-packages/airflow/example_dags/example_complex.py took 0.200 seconds
[2025-04-01T17:17:31.272-0500] {processor.py:186} INFO - Started process (PID=6835) to work on /mnt/d/Universidad/ETL/Proyecto_airflow/venv/lib/python3.12/site-packages/airflow/example_dags/example_complex.py
[2025-04-01T17:17:31.273-0500] {processor.py:914} INFO - Processing file /mnt/d/Universidad/ETL/Proyecto_airflow/venv/lib/python3.12/site-packages/airflow/example_dags/example_complex.py for tasks to queue
[2025-04-01T17:17:31.276-0500] {logging_mixin.py:190} INFO - [2025-04-01T17:17:31.275-0500] {dagbag.py:588} INFO - Filling up the DagBag from /mnt/d/Universidad/ETL/Proyecto_airflow/venv/lib/python3.12/site-packages/airflow/example_dags/example_complex.py
[2025-04-01T17:17:31.333-0500] {processor.py:925} INFO - DAG(s) 'example_complex' retrieved from /mnt/d/Universidad/ETL/Proyecto_airflow/venv/lib/python3.12/site-packages/airflow/example_dags/example_complex.py
[2025-04-01T17:17:31.358-0500] {logging_mixin.py:190} INFO - [2025-04-01T17:17:31.357-0500] {dag.py:3239} INFO - Sync 1 DAGs
[2025-04-01T17:17:31.368-0500] {logging_mixin.py:190} INFO - [2025-04-01T17:17:31.367-0500] {dag.py:4180} INFO - Setting next_dagrun for example_complex to None, run_after=None
[2025-04-01T17:17:31.475-0500] {processor.py:208} INFO - Processing /mnt/d/Universidad/ETL/Proyecto_airflow/venv/lib/python3.12/site-packages/airflow/example_dags/example_complex.py took 0.212 seconds
[2025-04-01T17:19:11.300-0500] {processor.py:186} INFO - Started process (PID=6908) to work on /mnt/d/Universidad/ETL/Proyecto_airflow/venv/lib/python3.12/site-packages/airflow/example_dags/example_complex.py
[2025-04-01T17:19:11.301-0500] {processor.py:914} INFO - Processing file /mnt/d/Universidad/ETL/Proyecto_airflow/venv/lib/python3.12/site-packages/airflow/example_dags/example_complex.py for tasks to queue
[2025-04-01T17:19:11.304-0500] {logging_mixin.py:190} INFO - [2025-04-01T17:19:11.303-0500] {dagbag.py:588} INFO - Filling up the DagBag from /mnt/d/Universidad/ETL/Proyecto_airflow/venv/lib/python3.12/site-packages/airflow/example_dags/example_complex.py
[2025-04-01T17:19:11.358-0500] {processor.py:925} INFO - DAG(s) 'example_complex' retrieved from /mnt/d/Universidad/ETL/Proyecto_airflow/venv/lib/python3.12/site-packages/airflow/example_dags/example_complex.py
[2025-04-01T17:19:11.382-0500] {logging_mixin.py:190} INFO - [2025-04-01T17:19:11.381-0500] {dag.py:3239} INFO - Sync 1 DAGs
[2025-04-01T17:19:11.390-0500] {logging_mixin.py:190} INFO - [2025-04-01T17:19:11.390-0500] {dag.py:4180} INFO - Setting next_dagrun for example_complex to None, run_after=None
[2025-04-01T17:19:11.503-0500] {processor.py:208} INFO - Processing /mnt/d/Universidad/ETL/Proyecto_airflow/venv/lib/python3.12/site-packages/airflow/example_dags/example_complex.py took 0.211 seconds
[2025-04-01T17:20:53.243-0500] {processor.py:186} INFO - Started process (PID=6981) to work on /mnt/d/Universidad/ETL/Proyecto_airflow/venv/lib/python3.12/site-packages/airflow/example_dags/example_complex.py
[2025-04-01T17:20:53.245-0500] {processor.py:914} INFO - Processing file /mnt/d/Universidad/ETL/Proyecto_airflow/venv/lib/python3.12/site-packages/airflow/example_dags/example_complex.py for tasks to queue
[2025-04-01T17:20:53.247-0500] {logging_mixin.py:190} INFO - [2025-04-01T17:20:53.246-0500] {dagbag.py:588} INFO - Filling up the DagBag from /mnt/d/Universidad/ETL/Proyecto_airflow/venv/lib/python3.12/site-packages/airflow/example_dags/example_complex.py
[2025-04-01T17:20:53.304-0500] {processor.py:925} INFO - DAG(s) 'example_complex' retrieved from /mnt/d/Universidad/ETL/Proyecto_airflow/venv/lib/python3.12/site-packages/airflow/example_dags/example_complex.py
[2025-04-01T17:20:53.328-0500] {logging_mixin.py:190} INFO - [2025-04-01T17:20:53.327-0500] {dag.py:3239} INFO - Sync 1 DAGs
[2025-04-01T17:20:53.337-0500] {logging_mixin.py:190} INFO - [2025-04-01T17:20:53.337-0500] {dag.py:4180} INFO - Setting next_dagrun for example_complex to None, run_after=None
[2025-04-01T17:20:53.433-0500] {processor.py:208} INFO - Processing /mnt/d/Universidad/ETL/Proyecto_airflow/venv/lib/python3.12/site-packages/airflow/example_dags/example_complex.py took 0.198 seconds
[2025-04-01T17:22:35.714-0500] {processor.py:186} INFO - Started process (PID=7055) to work on /mnt/d/Universidad/ETL/Proyecto_airflow/venv/lib/python3.12/site-packages/airflow/example_dags/example_complex.py
[2025-04-01T17:22:35.715-0500] {processor.py:914} INFO - Processing file /mnt/d/Universidad/ETL/Proyecto_airflow/venv/lib/python3.12/site-packages/airflow/example_dags/example_complex.py for tasks to queue
[2025-04-01T17:22:35.717-0500] {logging_mixin.py:190} INFO - [2025-04-01T17:22:35.717-0500] {dagbag.py:588} INFO - Filling up the DagBag from /mnt/d/Universidad/ETL/Proyecto_airflow/venv/lib/python3.12/site-packages/airflow/example_dags/example_complex.py
[2025-04-01T17:22:35.773-0500] {processor.py:925} INFO - DAG(s) 'example_complex' retrieved from /mnt/d/Universidad/ETL/Proyecto_airflow/venv/lib/python3.12/site-packages/airflow/example_dags/example_complex.py
[2025-04-01T17:22:35.796-0500] {logging_mixin.py:190} INFO - [2025-04-01T17:22:35.796-0500] {dag.py:3239} INFO - Sync 1 DAGs
[2025-04-01T17:22:35.806-0500] {logging_mixin.py:190} INFO - [2025-04-01T17:22:35.805-0500] {dag.py:4180} INFO - Setting next_dagrun for example_complex to None, run_after=None
[2025-04-01T17:22:35.917-0500] {processor.py:208} INFO - Processing /mnt/d/Universidad/ETL/Proyecto_airflow/venv/lib/python3.12/site-packages/airflow/example_dags/example_complex.py took 0.211 seconds
[2025-04-01T17:24:07.197-0500] {processor.py:186} INFO - Started process (PID=7126) to work on /mnt/d/Universidad/ETL/Proyecto_airflow/venv/lib/python3.12/site-packages/airflow/example_dags/example_complex.py
[2025-04-01T17:24:07.198-0500] {processor.py:914} INFO - Processing file /mnt/d/Universidad/ETL/Proyecto_airflow/venv/lib/python3.12/site-packages/airflow/example_dags/example_complex.py for tasks to queue
[2025-04-01T17:24:07.200-0500] {logging_mixin.py:190} INFO - [2025-04-01T17:24:07.200-0500] {dagbag.py:588} INFO - Filling up the DagBag from /mnt/d/Universidad/ETL/Proyecto_airflow/venv/lib/python3.12/site-packages/airflow/example_dags/example_complex.py
[2025-04-01T17:24:07.255-0500] {processor.py:925} INFO - DAG(s) 'example_complex' retrieved from /mnt/d/Universidad/ETL/Proyecto_airflow/venv/lib/python3.12/site-packages/airflow/example_dags/example_complex.py
[2025-04-01T17:24:07.279-0500] {logging_mixin.py:190} INFO - [2025-04-01T17:24:07.278-0500] {dag.py:3239} INFO - Sync 1 DAGs
[2025-04-01T17:24:07.287-0500] {logging_mixin.py:190} INFO - [2025-04-01T17:24:07.287-0500] {dag.py:4180} INFO - Setting next_dagrun for example_complex to None, run_after=None
[2025-04-01T17:24:07.392-0500] {processor.py:208} INFO - Processing /mnt/d/Universidad/ETL/Proyecto_airflow/venv/lib/python3.12/site-packages/airflow/example_dags/example_complex.py took 0.203 seconds
[2025-04-01T17:25:44.831-0500] {processor.py:186} INFO - Started process (PID=7197) to work on /mnt/d/Universidad/ETL/Proyecto_airflow/venv/lib/python3.12/site-packages/airflow/example_dags/example_complex.py
[2025-04-01T17:25:44.832-0500] {processor.py:914} INFO - Processing file /mnt/d/Universidad/ETL/Proyecto_airflow/venv/lib/python3.12/site-packages/airflow/example_dags/example_complex.py for tasks to queue
[2025-04-01T17:25:44.834-0500] {logging_mixin.py:190} INFO - [2025-04-01T17:25:44.834-0500] {dagbag.py:588} INFO - Filling up the DagBag from /mnt/d/Universidad/ETL/Proyecto_airflow/venv/lib/python3.12/site-packages/airflow/example_dags/example_complex.py
[2025-04-01T17:25:44.890-0500] {processor.py:925} INFO - DAG(s) 'example_complex' retrieved from /mnt/d/Universidad/ETL/Proyecto_airflow/venv/lib/python3.12/site-packages/airflow/example_dags/example_complex.py
[2025-04-01T17:25:44.914-0500] {logging_mixin.py:190} INFO - [2025-04-01T17:25:44.913-0500] {dag.py:3239} INFO - Sync 1 DAGs
[2025-04-01T17:25:44.923-0500] {logging_mixin.py:190} INFO - [2025-04-01T17:25:44.922-0500] {dag.py:4180} INFO - Setting next_dagrun for example_complex to None, run_after=None
[2025-04-01T17:25:45.032-0500] {processor.py:208} INFO - Processing /mnt/d/Universidad/ETL/Proyecto_airflow/venv/lib/python3.12/site-packages/airflow/example_dags/example_complex.py took 0.209 seconds
[2025-04-01T17:27:23.674-0500] {processor.py:186} INFO - Started process (PID=7268) to work on /mnt/d/Universidad/ETL/Proyecto_airflow/venv/lib/python3.12/site-packages/airflow/example_dags/example_complex.py
[2025-04-01T17:27:23.675-0500] {processor.py:914} INFO - Processing file /mnt/d/Universidad/ETL/Proyecto_airflow/venv/lib/python3.12/site-packages/airflow/example_dags/example_complex.py for tasks to queue
[2025-04-01T17:27:23.677-0500] {logging_mixin.py:190} INFO - [2025-04-01T17:27:23.677-0500] {dagbag.py:588} INFO - Filling up the DagBag from /mnt/d/Universidad/ETL/Proyecto_airflow/venv/lib/python3.12/site-packages/airflow/example_dags/example_complex.py
[2025-04-01T17:27:23.733-0500] {processor.py:925} INFO - DAG(s) 'example_complex' retrieved from /mnt/d/Universidad/ETL/Proyecto_airflow/venv/lib/python3.12/site-packages/airflow/example_dags/example_complex.py
[2025-04-01T17:27:23.756-0500] {logging_mixin.py:190} INFO - [2025-04-01T17:27:23.756-0500] {dag.py:3239} INFO - Sync 1 DAGs
[2025-04-01T17:27:23.766-0500] {logging_mixin.py:190} INFO - [2025-04-01T17:27:23.765-0500] {dag.py:4180} INFO - Setting next_dagrun for example_complex to None, run_after=None
[2025-04-01T17:27:23.872-0500] {processor.py:208} INFO - Processing /mnt/d/Universidad/ETL/Proyecto_airflow/venv/lib/python3.12/site-packages/airflow/example_dags/example_complex.py took 0.206 seconds
[2025-04-01T17:28:48.623-0500] {processor.py:186} INFO - Started process (PID=7336) to work on /mnt/d/Universidad/ETL/Proyecto_airflow/venv/lib/python3.12/site-packages/airflow/example_dags/example_complex.py
[2025-04-01T17:28:48.624-0500] {processor.py:914} INFO - Processing file /mnt/d/Universidad/ETL/Proyecto_airflow/venv/lib/python3.12/site-packages/airflow/example_dags/example_complex.py for tasks to queue
[2025-04-01T17:28:48.626-0500] {logging_mixin.py:190} INFO - [2025-04-01T17:28:48.626-0500] {dagbag.py:588} INFO - Filling up the DagBag from /mnt/d/Universidad/ETL/Proyecto_airflow/venv/lib/python3.12/site-packages/airflow/example_dags/example_complex.py
[2025-04-01T17:28:48.682-0500] {processor.py:925} INFO - DAG(s) 'example_complex' retrieved from /mnt/d/Universidad/ETL/Proyecto_airflow/venv/lib/python3.12/site-packages/airflow/example_dags/example_complex.py
[2025-04-01T17:28:48.707-0500] {logging_mixin.py:190} INFO - [2025-04-01T17:28:48.706-0500] {dag.py:3239} INFO - Sync 1 DAGs
[2025-04-01T17:28:48.716-0500] {logging_mixin.py:190} INFO - [2025-04-01T17:28:48.715-0500] {dag.py:4180} INFO - Setting next_dagrun for example_complex to None, run_after=None
[2025-04-01T17:28:48.811-0500] {processor.py:208} INFO - Processing /mnt/d/Universidad/ETL/Proyecto_airflow/venv/lib/python3.12/site-packages/airflow/example_dags/example_complex.py took 0.196 seconds
