[2025-04-01T16:14:34.992-0500] {processor.py:186} INFO - Started process (PID=4012) to work on /mnt/d/Universidad/ETL/Proyecto_airflow/venv/lib/python3.12/site-packages/airflow/example_dags/example_setup_teardown.py
[2025-04-01T16:14:34.993-0500] {processor.py:914} INFO - Processing file /mnt/d/Universidad/ETL/Proyecto_airflow/venv/lib/python3.12/site-packages/airflow/example_dags/example_setup_teardown.py for tasks to queue
[2025-04-01T16:14:34.995-0500] {logging_mixin.py:190} INFO - [2025-04-01T16:14:34.994-0500] {dagbag.py:588} INFO - Filling up the DagBag from /mnt/d/Universidad/ETL/Proyecto_airflow/venv/lib/python3.12/site-packages/airflow/example_dags/example_setup_teardown.py
[2025-04-01T16:14:35.050-0500] {processor.py:925} INFO - DAG(s) 'example_setup_teardown' retrieved from /mnt/d/Universidad/ETL/Proyecto_airflow/venv/lib/python3.12/site-packages/airflow/example_dags/example_setup_teardown.py
[2025-04-01T16:14:36.101-0500] {logging_mixin.py:190} INFO - [2025-04-01T16:14:36.100-0500] {override.py:1930} INFO - Created Permission View: can delete on DAG:example_setup_teardown
[2025-04-01T16:14:38.666-0500] {logging_mixin.py:190} INFO - [2025-04-01T16:14:38.665-0500] {override.py:1930} INFO - Created Permission View: can edit on DAG:example_setup_teardown
[2025-04-01T16:14:38.735-0500] {logging_mixin.py:190} INFO - [2025-04-01T16:14:38.734-0500] {override.py:1930} INFO - Created Permission View: can read on DAG:example_setup_teardown
[2025-04-01T16:14:38.883-0500] {logging_mixin.py:190} INFO - [2025-04-01T16:14:38.882-0500] {override.py:1930} INFO - Created Permission View: can create on DAG Run:example_setup_teardown
[2025-04-01T16:14:38.991-0500] {logging_mixin.py:190} INFO - [2025-04-01T16:14:38.990-0500] {override.py:1930} INFO - Created Permission View: can delete on DAG Run:example_setup_teardown
[2025-04-01T16:14:39.073-0500] {logging_mixin.py:190} INFO - [2025-04-01T16:14:39.072-0500] {override.py:1930} INFO - Created Permission View: menu access on DAG Run:example_setup_teardown
[2025-04-01T16:14:39.141-0500] {logging_mixin.py:190} INFO - [2025-04-01T16:14:39.140-0500] {override.py:1930} INFO - Created Permission View: can read on DAG Run:example_setup_teardown
[2025-04-01T16:14:39.143-0500] {logging_mixin.py:190} INFO - [2025-04-01T16:14:39.142-0500] {dag.py:3239} INFO - Sync 1 DAGs
[2025-04-01T16:14:39.156-0500] {logging_mixin.py:190} INFO - [2025-04-01T16:14:39.156-0500] {dag.py:3262} INFO - Creating ORM DAG for example_setup_teardown
[2025-04-01T16:14:39.158-0500] {logging_mixin.py:190} INFO - [2025-04-01T16:14:39.157-0500] {dag.py:4180} INFO - Setting next_dagrun for example_setup_teardown to None, run_after=None
[2025-04-01T16:14:39.269-0500] {processor.py:208} INFO - Processing /mnt/d/Universidad/ETL/Proyecto_airflow/venv/lib/python3.12/site-packages/airflow/example_dags/example_setup_teardown.py took 1.780 seconds
[2025-04-01T16:16:29.288-0500] {processor.py:186} INFO - Started process (PID=4074) to work on /mnt/d/Universidad/ETL/Proyecto_airflow/venv/lib/python3.12/site-packages/airflow/example_dags/example_setup_teardown.py
[2025-04-01T16:16:29.289-0500] {processor.py:914} INFO - Processing file /mnt/d/Universidad/ETL/Proyecto_airflow/venv/lib/python3.12/site-packages/airflow/example_dags/example_setup_teardown.py for tasks to queue
[2025-04-01T16:16:29.292-0500] {logging_mixin.py:190} INFO - [2025-04-01T16:16:29.291-0500] {dagbag.py:588} INFO - Filling up the DagBag from /mnt/d/Universidad/ETL/Proyecto_airflow/venv/lib/python3.12/site-packages/airflow/example_dags/example_setup_teardown.py
[2025-04-01T16:16:29.347-0500] {processor.py:925} INFO - DAG(s) 'example_setup_teardown' retrieved from /mnt/d/Universidad/ETL/Proyecto_airflow/venv/lib/python3.12/site-packages/airflow/example_dags/example_setup_teardown.py
[2025-04-01T16:16:29.373-0500] {logging_mixin.py:190} INFO - [2025-04-01T16:16:29.372-0500] {dag.py:3239} INFO - Sync 1 DAGs
[2025-04-01T16:16:29.383-0500] {logging_mixin.py:190} INFO - [2025-04-01T16:16:29.382-0500] {dag.py:4180} INFO - Setting next_dagrun for example_setup_teardown to None, run_after=None
[2025-04-01T16:16:29.489-0500] {processor.py:208} INFO - Processing /mnt/d/Universidad/ETL/Proyecto_airflow/venv/lib/python3.12/site-packages/airflow/example_dags/example_setup_teardown.py took 0.208 seconds
[2025-04-01T16:18:29.022-0500] {processor.py:186} INFO - Started process (PID=4145) to work on /mnt/d/Universidad/ETL/Proyecto_airflow/venv/lib/python3.12/site-packages/airflow/example_dags/example_setup_teardown.py
[2025-04-01T16:18:29.024-0500] {processor.py:914} INFO - Processing file /mnt/d/Universidad/ETL/Proyecto_airflow/venv/lib/python3.12/site-packages/airflow/example_dags/example_setup_teardown.py for tasks to queue
[2025-04-01T16:18:29.026-0500] {logging_mixin.py:190} INFO - [2025-04-01T16:18:29.025-0500] {dagbag.py:588} INFO - Filling up the DagBag from /mnt/d/Universidad/ETL/Proyecto_airflow/venv/lib/python3.12/site-packages/airflow/example_dags/example_setup_teardown.py
[2025-04-01T16:18:29.079-0500] {processor.py:925} INFO - DAG(s) 'example_setup_teardown' retrieved from /mnt/d/Universidad/ETL/Proyecto_airflow/venv/lib/python3.12/site-packages/airflow/example_dags/example_setup_teardown.py
[2025-04-01T16:18:29.097-0500] {logging_mixin.py:190} INFO - [2025-04-01T16:18:29.096-0500] {dag.py:3239} INFO - Sync 1 DAGs
[2025-04-01T16:18:29.106-0500] {logging_mixin.py:190} INFO - [2025-04-01T16:18:29.105-0500] {dag.py:4180} INFO - Setting next_dagrun for example_setup_teardown to None, run_after=None
[2025-04-01T16:18:29.184-0500] {processor.py:208} INFO - Processing /mnt/d/Universidad/ETL/Proyecto_airflow/venv/lib/python3.12/site-packages/airflow/example_dags/example_setup_teardown.py took 0.170 seconds
[2025-04-01T16:20:00.073-0500] {processor.py:186} INFO - Started process (PID=4217) to work on /mnt/d/Universidad/ETL/Proyecto_airflow/venv/lib/python3.12/site-packages/airflow/example_dags/example_setup_teardown.py
[2025-04-01T16:20:00.074-0500] {processor.py:914} INFO - Processing file /mnt/d/Universidad/ETL/Proyecto_airflow/venv/lib/python3.12/site-packages/airflow/example_dags/example_setup_teardown.py for tasks to queue
[2025-04-01T16:20:00.076-0500] {logging_mixin.py:190} INFO - [2025-04-01T16:20:00.075-0500] {dagbag.py:588} INFO - Filling up the DagBag from /mnt/d/Universidad/ETL/Proyecto_airflow/venv/lib/python3.12/site-packages/airflow/example_dags/example_setup_teardown.py
[2025-04-01T16:20:00.130-0500] {processor.py:925} INFO - DAG(s) 'example_setup_teardown' retrieved from /mnt/d/Universidad/ETL/Proyecto_airflow/venv/lib/python3.12/site-packages/airflow/example_dags/example_setup_teardown.py
[2025-04-01T16:20:00.147-0500] {logging_mixin.py:190} INFO - [2025-04-01T16:20:00.147-0500] {dag.py:3239} INFO - Sync 1 DAGs
[2025-04-01T16:20:00.156-0500] {logging_mixin.py:190} INFO - [2025-04-01T16:20:00.156-0500] {dag.py:4180} INFO - Setting next_dagrun for example_setup_teardown to None, run_after=None
[2025-04-01T16:20:00.225-0500] {processor.py:208} INFO - Processing /mnt/d/Universidad/ETL/Proyecto_airflow/venv/lib/python3.12/site-packages/airflow/example_dags/example_setup_teardown.py took 0.160 seconds
[2025-04-01T16:21:29.231-0500] {processor.py:186} INFO - Started process (PID=4290) to work on /mnt/d/Universidad/ETL/Proyecto_airflow/venv/lib/python3.12/site-packages/airflow/example_dags/example_setup_teardown.py
[2025-04-01T16:21:29.232-0500] {processor.py:914} INFO - Processing file /mnt/d/Universidad/ETL/Proyecto_airflow/venv/lib/python3.12/site-packages/airflow/example_dags/example_setup_teardown.py for tasks to queue
[2025-04-01T16:21:29.234-0500] {logging_mixin.py:190} INFO - [2025-04-01T16:21:29.233-0500] {dagbag.py:588} INFO - Filling up the DagBag from /mnt/d/Universidad/ETL/Proyecto_airflow/venv/lib/python3.12/site-packages/airflow/example_dags/example_setup_teardown.py
[2025-04-01T16:21:29.288-0500] {processor.py:925} INFO - DAG(s) 'example_setup_teardown' retrieved from /mnt/d/Universidad/ETL/Proyecto_airflow/venv/lib/python3.12/site-packages/airflow/example_dags/example_setup_teardown.py
[2025-04-01T16:21:29.308-0500] {logging_mixin.py:190} INFO - [2025-04-01T16:21:29.307-0500] {dag.py:3239} INFO - Sync 1 DAGs
[2025-04-01T16:21:29.318-0500] {logging_mixin.py:190} INFO - [2025-04-01T16:21:29.317-0500] {dag.py:4180} INFO - Setting next_dagrun for example_setup_teardown to None, run_after=None
[2025-04-01T16:21:29.393-0500] {processor.py:208} INFO - Processing /mnt/d/Universidad/ETL/Proyecto_airflow/venv/lib/python3.12/site-packages/airflow/example_dags/example_setup_teardown.py took 0.170 seconds
[2025-04-01T16:22:50.709-0500] {processor.py:186} INFO - Started process (PID=4356) to work on /mnt/d/Universidad/ETL/Proyecto_airflow/venv/lib/python3.12/site-packages/airflow/example_dags/example_setup_teardown.py
[2025-04-01T16:22:50.710-0500] {processor.py:914} INFO - Processing file /mnt/d/Universidad/ETL/Proyecto_airflow/venv/lib/python3.12/site-packages/airflow/example_dags/example_setup_teardown.py for tasks to queue
[2025-04-01T16:22:50.712-0500] {logging_mixin.py:190} INFO - [2025-04-01T16:22:50.711-0500] {dagbag.py:588} INFO - Filling up the DagBag from /mnt/d/Universidad/ETL/Proyecto_airflow/venv/lib/python3.12/site-packages/airflow/example_dags/example_setup_teardown.py
[2025-04-01T16:22:50.767-0500] {processor.py:925} INFO - DAG(s) 'example_setup_teardown' retrieved from /mnt/d/Universidad/ETL/Proyecto_airflow/venv/lib/python3.12/site-packages/airflow/example_dags/example_setup_teardown.py
[2025-04-01T16:22:50.785-0500] {logging_mixin.py:190} INFO - [2025-04-01T16:22:50.784-0500] {dag.py:3239} INFO - Sync 1 DAGs
[2025-04-01T16:22:50.794-0500] {logging_mixin.py:190} INFO - [2025-04-01T16:22:50.793-0500] {dag.py:4180} INFO - Setting next_dagrun for example_setup_teardown to None, run_after=None
[2025-04-01T16:22:50.872-0500] {processor.py:208} INFO - Processing /mnt/d/Universidad/ETL/Proyecto_airflow/venv/lib/python3.12/site-packages/airflow/example_dags/example_setup_teardown.py took 0.171 seconds
[2025-04-01T16:24:26.351-0500] {processor.py:186} INFO - Started process (PID=4428) to work on /mnt/d/Universidad/ETL/Proyecto_airflow/venv/lib/python3.12/site-packages/airflow/example_dags/example_setup_teardown.py
[2025-04-01T16:24:26.352-0500] {processor.py:914} INFO - Processing file /mnt/d/Universidad/ETL/Proyecto_airflow/venv/lib/python3.12/site-packages/airflow/example_dags/example_setup_teardown.py for tasks to queue
[2025-04-01T16:24:26.354-0500] {logging_mixin.py:190} INFO - [2025-04-01T16:24:26.353-0500] {dagbag.py:588} INFO - Filling up the DagBag from /mnt/d/Universidad/ETL/Proyecto_airflow/venv/lib/python3.12/site-packages/airflow/example_dags/example_setup_teardown.py
[2025-04-01T16:24:26.409-0500] {processor.py:925} INFO - DAG(s) 'example_setup_teardown' retrieved from /mnt/d/Universidad/ETL/Proyecto_airflow/venv/lib/python3.12/site-packages/airflow/example_dags/example_setup_teardown.py
[2025-04-01T16:24:26.480-0500] {logging_mixin.py:190} INFO - [2025-04-01T16:24:26.479-0500] {dag.py:3239} INFO - Sync 1 DAGs
[2025-04-01T16:24:26.489-0500] {logging_mixin.py:190} INFO - [2025-04-01T16:24:26.489-0500] {dag.py:4180} INFO - Setting next_dagrun for example_setup_teardown to None, run_after=None
[2025-04-01T16:24:26.587-0500] {processor.py:208} INFO - Processing /mnt/d/Universidad/ETL/Proyecto_airflow/venv/lib/python3.12/site-packages/airflow/example_dags/example_setup_teardown.py took 0.245 seconds
[2025-04-01T16:25:58.554-0500] {processor.py:186} INFO - Started process (PID=4499) to work on /mnt/d/Universidad/ETL/Proyecto_airflow/venv/lib/python3.12/site-packages/airflow/example_dags/example_setup_teardown.py
[2025-04-01T16:25:58.555-0500] {processor.py:914} INFO - Processing file /mnt/d/Universidad/ETL/Proyecto_airflow/venv/lib/python3.12/site-packages/airflow/example_dags/example_setup_teardown.py for tasks to queue
[2025-04-01T16:25:58.557-0500] {logging_mixin.py:190} INFO - [2025-04-01T16:25:58.556-0500] {dagbag.py:588} INFO - Filling up the DagBag from /mnt/d/Universidad/ETL/Proyecto_airflow/venv/lib/python3.12/site-packages/airflow/example_dags/example_setup_teardown.py
[2025-04-01T16:25:58.610-0500] {processor.py:925} INFO - DAG(s) 'example_setup_teardown' retrieved from /mnt/d/Universidad/ETL/Proyecto_airflow/venv/lib/python3.12/site-packages/airflow/example_dags/example_setup_teardown.py
[2025-04-01T16:25:58.628-0500] {logging_mixin.py:190} INFO - [2025-04-01T16:25:58.627-0500] {dag.py:3239} INFO - Sync 1 DAGs
[2025-04-01T16:25:58.690-0500] {logging_mixin.py:190} INFO - [2025-04-01T16:25:58.689-0500] {dag.py:4180} INFO - Setting next_dagrun for example_setup_teardown to None, run_after=None
[2025-04-01T16:25:58.803-0500] {processor.py:208} INFO - Processing /mnt/d/Universidad/ETL/Proyecto_airflow/venv/lib/python3.12/site-packages/airflow/example_dags/example_setup_teardown.py took 0.257 seconds
[2025-04-01T16:27:32.137-0500] {processor.py:186} INFO - Started process (PID=4570) to work on /mnt/d/Universidad/ETL/Proyecto_airflow/venv/lib/python3.12/site-packages/airflow/example_dags/example_setup_teardown.py
[2025-04-01T16:27:32.138-0500] {processor.py:914} INFO - Processing file /mnt/d/Universidad/ETL/Proyecto_airflow/venv/lib/python3.12/site-packages/airflow/example_dags/example_setup_teardown.py for tasks to queue
[2025-04-01T16:27:32.140-0500] {logging_mixin.py:190} INFO - [2025-04-01T16:27:32.140-0500] {dagbag.py:588} INFO - Filling up the DagBag from /mnt/d/Universidad/ETL/Proyecto_airflow/venv/lib/python3.12/site-packages/airflow/example_dags/example_setup_teardown.py
[2025-04-01T16:27:32.194-0500] {processor.py:925} INFO - DAG(s) 'example_setup_teardown' retrieved from /mnt/d/Universidad/ETL/Proyecto_airflow/venv/lib/python3.12/site-packages/airflow/example_dags/example_setup_teardown.py
[2025-04-01T16:27:32.212-0500] {logging_mixin.py:190} INFO - [2025-04-01T16:27:32.211-0500] {dag.py:3239} INFO - Sync 1 DAGs
[2025-04-01T16:27:32.221-0500] {logging_mixin.py:190} INFO - [2025-04-01T16:27:32.220-0500] {dag.py:4180} INFO - Setting next_dagrun for example_setup_teardown to None, run_after=None
[2025-04-01T16:27:32.322-0500] {processor.py:208} INFO - Processing /mnt/d/Universidad/ETL/Proyecto_airflow/venv/lib/python3.12/site-packages/airflow/example_dags/example_setup_teardown.py took 0.192 seconds
[2025-04-01T16:28:58.551-0500] {processor.py:186} INFO - Started process (PID=4640) to work on /mnt/d/Universidad/ETL/Proyecto_airflow/venv/lib/python3.12/site-packages/airflow/example_dags/example_setup_teardown.py
[2025-04-01T16:28:58.552-0500] {processor.py:914} INFO - Processing file /mnt/d/Universidad/ETL/Proyecto_airflow/venv/lib/python3.12/site-packages/airflow/example_dags/example_setup_teardown.py for tasks to queue
[2025-04-01T16:28:58.554-0500] {logging_mixin.py:190} INFO - [2025-04-01T16:28:58.553-0500] {dagbag.py:588} INFO - Filling up the DagBag from /mnt/d/Universidad/ETL/Proyecto_airflow/venv/lib/python3.12/site-packages/airflow/example_dags/example_setup_teardown.py
[2025-04-01T16:28:58.607-0500] {processor.py:925} INFO - DAG(s) 'example_setup_teardown' retrieved from /mnt/d/Universidad/ETL/Proyecto_airflow/venv/lib/python3.12/site-packages/airflow/example_dags/example_setup_teardown.py
[2025-04-01T16:28:58.625-0500] {logging_mixin.py:190} INFO - [2025-04-01T16:28:58.624-0500] {dag.py:3239} INFO - Sync 1 DAGs
[2025-04-01T16:28:58.634-0500] {logging_mixin.py:190} INFO - [2025-04-01T16:28:58.633-0500] {dag.py:4180} INFO - Setting next_dagrun for example_setup_teardown to None, run_after=None
[2025-04-01T16:28:58.705-0500] {processor.py:208} INFO - Processing /mnt/d/Universidad/ETL/Proyecto_airflow/venv/lib/python3.12/site-packages/airflow/example_dags/example_setup_teardown.py took 0.162 seconds
[2025-04-01T16:30:33.625-0500] {processor.py:186} INFO - Started process (PID=4712) to work on /mnt/d/Universidad/ETL/Proyecto_airflow/venv/lib/python3.12/site-packages/airflow/example_dags/example_setup_teardown.py
[2025-04-01T16:30:33.626-0500] {processor.py:914} INFO - Processing file /mnt/d/Universidad/ETL/Proyecto_airflow/venv/lib/python3.12/site-packages/airflow/example_dags/example_setup_teardown.py for tasks to queue
[2025-04-01T16:30:33.629-0500] {logging_mixin.py:190} INFO - [2025-04-01T16:30:33.628-0500] {dagbag.py:588} INFO - Filling up the DagBag from /mnt/d/Universidad/ETL/Proyecto_airflow/venv/lib/python3.12/site-packages/airflow/example_dags/example_setup_teardown.py
[2025-04-01T16:30:33.682-0500] {processor.py:925} INFO - DAG(s) 'example_setup_teardown' retrieved from /mnt/d/Universidad/ETL/Proyecto_airflow/venv/lib/python3.12/site-packages/airflow/example_dags/example_setup_teardown.py
[2025-04-01T16:30:33.700-0500] {logging_mixin.py:190} INFO - [2025-04-01T16:30:33.699-0500] {dag.py:3239} INFO - Sync 1 DAGs
[2025-04-01T16:30:33.709-0500] {logging_mixin.py:190} INFO - [2025-04-01T16:30:33.708-0500] {dag.py:4180} INFO - Setting next_dagrun for example_setup_teardown to None, run_after=None
[2025-04-01T16:30:33.789-0500] {processor.py:208} INFO - Processing /mnt/d/Universidad/ETL/Proyecto_airflow/venv/lib/python3.12/site-packages/airflow/example_dags/example_setup_teardown.py took 0.172 seconds
[2025-04-01T16:32:09.786-0500] {processor.py:186} INFO - Started process (PID=4785) to work on /mnt/d/Universidad/ETL/Proyecto_airflow/venv/lib/python3.12/site-packages/airflow/example_dags/example_setup_teardown.py
[2025-04-01T16:32:09.787-0500] {processor.py:914} INFO - Processing file /mnt/d/Universidad/ETL/Proyecto_airflow/venv/lib/python3.12/site-packages/airflow/example_dags/example_setup_teardown.py for tasks to queue
[2025-04-01T16:32:09.790-0500] {logging_mixin.py:190} INFO - [2025-04-01T16:32:09.790-0500] {dagbag.py:588} INFO - Filling up the DagBag from /mnt/d/Universidad/ETL/Proyecto_airflow/venv/lib/python3.12/site-packages/airflow/example_dags/example_setup_teardown.py
[2025-04-01T16:32:09.845-0500] {processor.py:925} INFO - DAG(s) 'example_setup_teardown' retrieved from /mnt/d/Universidad/ETL/Proyecto_airflow/venv/lib/python3.12/site-packages/airflow/example_dags/example_setup_teardown.py
[2025-04-01T16:32:09.865-0500] {logging_mixin.py:190} INFO - [2025-04-01T16:32:09.864-0500] {dag.py:3239} INFO - Sync 1 DAGs
[2025-04-01T16:32:09.875-0500] {logging_mixin.py:190} INFO - [2025-04-01T16:32:09.874-0500] {dag.py:4180} INFO - Setting next_dagrun for example_setup_teardown to None, run_after=None
[2025-04-01T16:32:09.952-0500] {processor.py:208} INFO - Processing /mnt/d/Universidad/ETL/Proyecto_airflow/venv/lib/python3.12/site-packages/airflow/example_dags/example_setup_teardown.py took 0.174 seconds
[2025-04-01T16:33:39.765-0500] {processor.py:186} INFO - Started process (PID=4855) to work on /mnt/d/Universidad/ETL/Proyecto_airflow/venv/lib/python3.12/site-packages/airflow/example_dags/example_setup_teardown.py
[2025-04-01T16:33:39.766-0500] {processor.py:914} INFO - Processing file /mnt/d/Universidad/ETL/Proyecto_airflow/venv/lib/python3.12/site-packages/airflow/example_dags/example_setup_teardown.py for tasks to queue
[2025-04-01T16:33:39.768-0500] {logging_mixin.py:190} INFO - [2025-04-01T16:33:39.767-0500] {dagbag.py:588} INFO - Filling up the DagBag from /mnt/d/Universidad/ETL/Proyecto_airflow/venv/lib/python3.12/site-packages/airflow/example_dags/example_setup_teardown.py
[2025-04-01T16:33:39.823-0500] {processor.py:925} INFO - DAG(s) 'example_setup_teardown' retrieved from /mnt/d/Universidad/ETL/Proyecto_airflow/venv/lib/python3.12/site-packages/airflow/example_dags/example_setup_teardown.py
[2025-04-01T16:33:39.842-0500] {logging_mixin.py:190} INFO - [2025-04-01T16:33:39.841-0500] {dag.py:3239} INFO - Sync 1 DAGs
[2025-04-01T16:33:39.851-0500] {logging_mixin.py:190} INFO - [2025-04-01T16:33:39.850-0500] {dag.py:4180} INFO - Setting next_dagrun for example_setup_teardown to None, run_after=None
[2025-04-01T16:33:39.932-0500] {processor.py:208} INFO - Processing /mnt/d/Universidad/ETL/Proyecto_airflow/venv/lib/python3.12/site-packages/airflow/example_dags/example_setup_teardown.py took 0.175 seconds
[2025-04-01T16:35:07.975-0500] {processor.py:186} INFO - Started process (PID=4924) to work on /mnt/d/Universidad/ETL/Proyecto_airflow/venv/lib/python3.12/site-packages/airflow/example_dags/example_setup_teardown.py
[2025-04-01T16:35:07.976-0500] {processor.py:914} INFO - Processing file /mnt/d/Universidad/ETL/Proyecto_airflow/venv/lib/python3.12/site-packages/airflow/example_dags/example_setup_teardown.py for tasks to queue
[2025-04-01T16:35:07.978-0500] {logging_mixin.py:190} INFO - [2025-04-01T16:35:07.977-0500] {dagbag.py:588} INFO - Filling up the DagBag from /mnt/d/Universidad/ETL/Proyecto_airflow/venv/lib/python3.12/site-packages/airflow/example_dags/example_setup_teardown.py
[2025-04-01T16:35:08.032-0500] {processor.py:925} INFO - DAG(s) 'example_setup_teardown' retrieved from /mnt/d/Universidad/ETL/Proyecto_airflow/venv/lib/python3.12/site-packages/airflow/example_dags/example_setup_teardown.py
[2025-04-01T16:35:08.050-0500] {logging_mixin.py:190} INFO - [2025-04-01T16:35:08.049-0500] {dag.py:3239} INFO - Sync 1 DAGs
[2025-04-01T16:35:08.059-0500] {logging_mixin.py:190} INFO - [2025-04-01T16:35:08.059-0500] {dag.py:4180} INFO - Setting next_dagrun for example_setup_teardown to None, run_after=None
[2025-04-01T16:35:08.146-0500] {processor.py:208} INFO - Processing /mnt/d/Universidad/ETL/Proyecto_airflow/venv/lib/python3.12/site-packages/airflow/example_dags/example_setup_teardown.py took 0.179 seconds
[2025-04-01T16:36:42.620-0500] {processor.py:186} INFO - Started process (PID=4995) to work on /mnt/d/Universidad/ETL/Proyecto_airflow/venv/lib/python3.12/site-packages/airflow/example_dags/example_setup_teardown.py
[2025-04-01T16:36:42.621-0500] {processor.py:914} INFO - Processing file /mnt/d/Universidad/ETL/Proyecto_airflow/venv/lib/python3.12/site-packages/airflow/example_dags/example_setup_teardown.py for tasks to queue
[2025-04-01T16:36:42.624-0500] {logging_mixin.py:190} INFO - [2025-04-01T16:36:42.623-0500] {dagbag.py:588} INFO - Filling up the DagBag from /mnt/d/Universidad/ETL/Proyecto_airflow/venv/lib/python3.12/site-packages/airflow/example_dags/example_setup_teardown.py
[2025-04-01T16:36:42.682-0500] {processor.py:925} INFO - DAG(s) 'example_setup_teardown' retrieved from /mnt/d/Universidad/ETL/Proyecto_airflow/venv/lib/python3.12/site-packages/airflow/example_dags/example_setup_teardown.py
[2025-04-01T16:36:42.702-0500] {logging_mixin.py:190} INFO - [2025-04-01T16:36:42.701-0500] {dag.py:3239} INFO - Sync 1 DAGs
[2025-04-01T16:36:42.712-0500] {logging_mixin.py:190} INFO - [2025-04-01T16:36:42.711-0500] {dag.py:4180} INFO - Setting next_dagrun for example_setup_teardown to None, run_after=None
[2025-04-01T16:36:42.790-0500] {processor.py:208} INFO - Processing /mnt/d/Universidad/ETL/Proyecto_airflow/venv/lib/python3.12/site-packages/airflow/example_dags/example_setup_teardown.py took 0.179 seconds
[2025-04-01T16:38:12.609-0500] {processor.py:186} INFO - Started process (PID=5064) to work on /mnt/d/Universidad/ETL/Proyecto_airflow/venv/lib/python3.12/site-packages/airflow/example_dags/example_setup_teardown.py
[2025-04-01T16:38:12.610-0500] {processor.py:914} INFO - Processing file /mnt/d/Universidad/ETL/Proyecto_airflow/venv/lib/python3.12/site-packages/airflow/example_dags/example_setup_teardown.py for tasks to queue
[2025-04-01T16:38:12.613-0500] {logging_mixin.py:190} INFO - [2025-04-01T16:38:12.612-0500] {dagbag.py:588} INFO - Filling up the DagBag from /mnt/d/Universidad/ETL/Proyecto_airflow/venv/lib/python3.12/site-packages/airflow/example_dags/example_setup_teardown.py
[2025-04-01T16:38:12.666-0500] {processor.py:925} INFO - DAG(s) 'example_setup_teardown' retrieved from /mnt/d/Universidad/ETL/Proyecto_airflow/venv/lib/python3.12/site-packages/airflow/example_dags/example_setup_teardown.py
[2025-04-01T16:38:12.685-0500] {logging_mixin.py:190} INFO - [2025-04-01T16:38:12.684-0500] {dag.py:3239} INFO - Sync 1 DAGs
[2025-04-01T16:38:12.694-0500] {logging_mixin.py:190} INFO - [2025-04-01T16:38:12.693-0500] {dag.py:4180} INFO - Setting next_dagrun for example_setup_teardown to None, run_after=None
[2025-04-01T16:38:12.796-0500] {processor.py:208} INFO - Processing /mnt/d/Universidad/ETL/Proyecto_airflow/venv/lib/python3.12/site-packages/airflow/example_dags/example_setup_teardown.py took 0.195 seconds
[2025-04-01T16:39:45.340-0500] {processor.py:186} INFO - Started process (PID=5135) to work on /mnt/d/Universidad/ETL/Proyecto_airflow/venv/lib/python3.12/site-packages/airflow/example_dags/example_setup_teardown.py
[2025-04-01T16:39:45.341-0500] {processor.py:914} INFO - Processing file /mnt/d/Universidad/ETL/Proyecto_airflow/venv/lib/python3.12/site-packages/airflow/example_dags/example_setup_teardown.py for tasks to queue
[2025-04-01T16:39:45.344-0500] {logging_mixin.py:190} INFO - [2025-04-01T16:39:45.343-0500] {dagbag.py:588} INFO - Filling up the DagBag from /mnt/d/Universidad/ETL/Proyecto_airflow/venv/lib/python3.12/site-packages/airflow/example_dags/example_setup_teardown.py
[2025-04-01T16:39:45.397-0500] {processor.py:925} INFO - DAG(s) 'example_setup_teardown' retrieved from /mnt/d/Universidad/ETL/Proyecto_airflow/venv/lib/python3.12/site-packages/airflow/example_dags/example_setup_teardown.py
[2025-04-01T16:39:45.415-0500] {logging_mixin.py:190} INFO - [2025-04-01T16:39:45.414-0500] {dag.py:3239} INFO - Sync 1 DAGs
[2025-04-01T16:39:45.424-0500] {logging_mixin.py:190} INFO - [2025-04-01T16:39:45.423-0500] {dag.py:4180} INFO - Setting next_dagrun for example_setup_teardown to None, run_after=None
[2025-04-01T16:39:45.552-0500] {processor.py:208} INFO - Processing /mnt/d/Universidad/ETL/Proyecto_airflow/venv/lib/python3.12/site-packages/airflow/example_dags/example_setup_teardown.py took 0.219 seconds
[2025-04-01T16:41:24.627-0500] {processor.py:186} INFO - Started process (PID=5209) to work on /mnt/d/Universidad/ETL/Proyecto_airflow/venv/lib/python3.12/site-packages/airflow/example_dags/example_setup_teardown.py
[2025-04-01T16:41:24.628-0500] {processor.py:914} INFO - Processing file /mnt/d/Universidad/ETL/Proyecto_airflow/venv/lib/python3.12/site-packages/airflow/example_dags/example_setup_teardown.py for tasks to queue
[2025-04-01T16:41:24.631-0500] {logging_mixin.py:190} INFO - [2025-04-01T16:41:24.630-0500] {dagbag.py:588} INFO - Filling up the DagBag from /mnt/d/Universidad/ETL/Proyecto_airflow/venv/lib/python3.12/site-packages/airflow/example_dags/example_setup_teardown.py
[2025-04-01T16:41:24.686-0500] {processor.py:925} INFO - DAG(s) 'example_setup_teardown' retrieved from /mnt/d/Universidad/ETL/Proyecto_airflow/venv/lib/python3.12/site-packages/airflow/example_dags/example_setup_teardown.py
[2025-04-01T16:41:24.707-0500] {logging_mixin.py:190} INFO - [2025-04-01T16:41:24.706-0500] {dag.py:3239} INFO - Sync 1 DAGs
[2025-04-01T16:41:24.717-0500] {logging_mixin.py:190} INFO - [2025-04-01T16:41:24.717-0500] {dag.py:4180} INFO - Setting next_dagrun for example_setup_teardown to None, run_after=None
[2025-04-01T16:41:24.796-0500] {processor.py:208} INFO - Processing /mnt/d/Universidad/ETL/Proyecto_airflow/venv/lib/python3.12/site-packages/airflow/example_dags/example_setup_teardown.py took 0.177 seconds
[2025-04-01T16:42:55.167-0500] {processor.py:186} INFO - Started process (PID=5279) to work on /mnt/d/Universidad/ETL/Proyecto_airflow/venv/lib/python3.12/site-packages/airflow/example_dags/example_setup_teardown.py
[2025-04-01T16:42:55.168-0500] {processor.py:914} INFO - Processing file /mnt/d/Universidad/ETL/Proyecto_airflow/venv/lib/python3.12/site-packages/airflow/example_dags/example_setup_teardown.py for tasks to queue
[2025-04-01T16:42:55.171-0500] {logging_mixin.py:190} INFO - [2025-04-01T16:42:55.170-0500] {dagbag.py:588} INFO - Filling up the DagBag from /mnt/d/Universidad/ETL/Proyecto_airflow/venv/lib/python3.12/site-packages/airflow/example_dags/example_setup_teardown.py
[2025-04-01T16:42:55.225-0500] {processor.py:925} INFO - DAG(s) 'example_setup_teardown' retrieved from /mnt/d/Universidad/ETL/Proyecto_airflow/venv/lib/python3.12/site-packages/airflow/example_dags/example_setup_teardown.py
[2025-04-01T16:42:55.242-0500] {logging_mixin.py:190} INFO - [2025-04-01T16:42:55.242-0500] {dag.py:3239} INFO - Sync 1 DAGs
[2025-04-01T16:42:55.251-0500] {logging_mixin.py:190} INFO - [2025-04-01T16:42:55.251-0500] {dag.py:4180} INFO - Setting next_dagrun for example_setup_teardown to None, run_after=None
[2025-04-01T16:42:55.352-0500] {processor.py:208} INFO - Processing /mnt/d/Universidad/ETL/Proyecto_airflow/venv/lib/python3.12/site-packages/airflow/example_dags/example_setup_teardown.py took 0.192 seconds
[2025-04-01T16:44:30.567-0500] {processor.py:186} INFO - Started process (PID=5350) to work on /mnt/d/Universidad/ETL/Proyecto_airflow/venv/lib/python3.12/site-packages/airflow/example_dags/example_setup_teardown.py
[2025-04-01T16:44:30.568-0500] {processor.py:914} INFO - Processing file /mnt/d/Universidad/ETL/Proyecto_airflow/venv/lib/python3.12/site-packages/airflow/example_dags/example_setup_teardown.py for tasks to queue
[2025-04-01T16:44:30.570-0500] {logging_mixin.py:190} INFO - [2025-04-01T16:44:30.569-0500] {dagbag.py:588} INFO - Filling up the DagBag from /mnt/d/Universidad/ETL/Proyecto_airflow/venv/lib/python3.12/site-packages/airflow/example_dags/example_setup_teardown.py
[2025-04-01T16:44:30.623-0500] {processor.py:925} INFO - DAG(s) 'example_setup_teardown' retrieved from /mnt/d/Universidad/ETL/Proyecto_airflow/venv/lib/python3.12/site-packages/airflow/example_dags/example_setup_teardown.py
[2025-04-01T16:44:30.642-0500] {logging_mixin.py:190} INFO - [2025-04-01T16:44:30.641-0500] {dag.py:3239} INFO - Sync 1 DAGs
[2025-04-01T16:44:30.651-0500] {logging_mixin.py:190} INFO - [2025-04-01T16:44:30.650-0500] {dag.py:4180} INFO - Setting next_dagrun for example_setup_teardown to None, run_after=None
[2025-04-01T16:44:30.745-0500] {processor.py:208} INFO - Processing /mnt/d/Universidad/ETL/Proyecto_airflow/venv/lib/python3.12/site-packages/airflow/example_dags/example_setup_teardown.py took 0.186 seconds
[2025-04-01T16:46:08.609-0500] {processor.py:186} INFO - Started process (PID=5423) to work on /mnt/d/Universidad/ETL/Proyecto_airflow/venv/lib/python3.12/site-packages/airflow/example_dags/example_setup_teardown.py
[2025-04-01T16:46:08.610-0500] {processor.py:914} INFO - Processing file /mnt/d/Universidad/ETL/Proyecto_airflow/venv/lib/python3.12/site-packages/airflow/example_dags/example_setup_teardown.py for tasks to queue
[2025-04-01T16:46:08.612-0500] {logging_mixin.py:190} INFO - [2025-04-01T16:46:08.611-0500] {dagbag.py:588} INFO - Filling up the DagBag from /mnt/d/Universidad/ETL/Proyecto_airflow/venv/lib/python3.12/site-packages/airflow/example_dags/example_setup_teardown.py
[2025-04-01T16:46:08.666-0500] {processor.py:925} INFO - DAG(s) 'example_setup_teardown' retrieved from /mnt/d/Universidad/ETL/Proyecto_airflow/venv/lib/python3.12/site-packages/airflow/example_dags/example_setup_teardown.py
[2025-04-01T16:46:08.683-0500] {logging_mixin.py:190} INFO - [2025-04-01T16:46:08.682-0500] {dag.py:3239} INFO - Sync 1 DAGs
[2025-04-01T16:46:08.692-0500] {logging_mixin.py:190} INFO - [2025-04-01T16:46:08.692-0500] {dag.py:4180} INFO - Setting next_dagrun for example_setup_teardown to None, run_after=None
[2025-04-01T16:46:08.766-0500] {processor.py:208} INFO - Processing /mnt/d/Universidad/ETL/Proyecto_airflow/venv/lib/python3.12/site-packages/airflow/example_dags/example_setup_teardown.py took 0.165 seconds
[2025-04-01T16:47:46.099-0500] {processor.py:186} INFO - Started process (PID=5495) to work on /mnt/d/Universidad/ETL/Proyecto_airflow/venv/lib/python3.12/site-packages/airflow/example_dags/example_setup_teardown.py
[2025-04-01T16:47:46.100-0500] {processor.py:914} INFO - Processing file /mnt/d/Universidad/ETL/Proyecto_airflow/venv/lib/python3.12/site-packages/airflow/example_dags/example_setup_teardown.py for tasks to queue
[2025-04-01T16:47:46.102-0500] {logging_mixin.py:190} INFO - [2025-04-01T16:47:46.101-0500] {dagbag.py:588} INFO - Filling up the DagBag from /mnt/d/Universidad/ETL/Proyecto_airflow/venv/lib/python3.12/site-packages/airflow/example_dags/example_setup_teardown.py
[2025-04-01T16:47:46.157-0500] {processor.py:925} INFO - DAG(s) 'example_setup_teardown' retrieved from /mnt/d/Universidad/ETL/Proyecto_airflow/venv/lib/python3.12/site-packages/airflow/example_dags/example_setup_teardown.py
[2025-04-01T16:47:46.175-0500] {logging_mixin.py:190} INFO - [2025-04-01T16:47:46.174-0500] {dag.py:3239} INFO - Sync 1 DAGs
[2025-04-01T16:47:46.184-0500] {logging_mixin.py:190} INFO - [2025-04-01T16:47:46.184-0500] {dag.py:4180} INFO - Setting next_dagrun for example_setup_teardown to None, run_after=None
[2025-04-01T16:47:46.292-0500] {processor.py:208} INFO - Processing /mnt/d/Universidad/ETL/Proyecto_airflow/venv/lib/python3.12/site-packages/airflow/example_dags/example_setup_teardown.py took 0.201 seconds
[2025-04-01T16:49:15.295-0500] {processor.py:186} INFO - Started process (PID=5564) to work on /mnt/d/Universidad/ETL/Proyecto_airflow/venv/lib/python3.12/site-packages/airflow/example_dags/example_setup_teardown.py
[2025-04-01T16:49:15.297-0500] {processor.py:914} INFO - Processing file /mnt/d/Universidad/ETL/Proyecto_airflow/venv/lib/python3.12/site-packages/airflow/example_dags/example_setup_teardown.py for tasks to queue
[2025-04-01T16:49:15.299-0500] {logging_mixin.py:190} INFO - [2025-04-01T16:49:15.298-0500] {dagbag.py:588} INFO - Filling up the DagBag from /mnt/d/Universidad/ETL/Proyecto_airflow/venv/lib/python3.12/site-packages/airflow/example_dags/example_setup_teardown.py
[2025-04-01T16:49:15.354-0500] {processor.py:925} INFO - DAG(s) 'example_setup_teardown' retrieved from /mnt/d/Universidad/ETL/Proyecto_airflow/venv/lib/python3.12/site-packages/airflow/example_dags/example_setup_teardown.py
[2025-04-01T16:49:15.372-0500] {logging_mixin.py:190} INFO - [2025-04-01T16:49:15.372-0500] {dag.py:3239} INFO - Sync 1 DAGs
[2025-04-01T16:49:15.382-0500] {logging_mixin.py:190} INFO - [2025-04-01T16:49:15.381-0500] {dag.py:4180} INFO - Setting next_dagrun for example_setup_teardown to None, run_after=None
[2025-04-01T16:49:15.467-0500] {processor.py:208} INFO - Processing /mnt/d/Universidad/ETL/Proyecto_airflow/venv/lib/python3.12/site-packages/airflow/example_dags/example_setup_teardown.py took 0.180 seconds
[2025-04-01T16:50:43.562-0500] {processor.py:186} INFO - Started process (PID=5633) to work on /mnt/d/Universidad/ETL/Proyecto_airflow/venv/lib/python3.12/site-packages/airflow/example_dags/example_setup_teardown.py
[2025-04-01T16:50:43.563-0500] {processor.py:914} INFO - Processing file /mnt/d/Universidad/ETL/Proyecto_airflow/venv/lib/python3.12/site-packages/airflow/example_dags/example_setup_teardown.py for tasks to queue
[2025-04-01T16:50:43.565-0500] {logging_mixin.py:190} INFO - [2025-04-01T16:50:43.565-0500] {dagbag.py:588} INFO - Filling up the DagBag from /mnt/d/Universidad/ETL/Proyecto_airflow/venv/lib/python3.12/site-packages/airflow/example_dags/example_setup_teardown.py
[2025-04-01T16:50:43.618-0500] {processor.py:925} INFO - DAG(s) 'example_setup_teardown' retrieved from /mnt/d/Universidad/ETL/Proyecto_airflow/venv/lib/python3.12/site-packages/airflow/example_dags/example_setup_teardown.py
[2025-04-01T16:50:43.636-0500] {logging_mixin.py:190} INFO - [2025-04-01T16:50:43.635-0500] {dag.py:3239} INFO - Sync 1 DAGs
[2025-04-01T16:50:43.645-0500] {logging_mixin.py:190} INFO - [2025-04-01T16:50:43.644-0500] {dag.py:4180} INFO - Setting next_dagrun for example_setup_teardown to None, run_after=None
[2025-04-01T16:50:43.744-0500] {processor.py:208} INFO - Processing /mnt/d/Universidad/ETL/Proyecto_airflow/venv/lib/python3.12/site-packages/airflow/example_dags/example_setup_teardown.py took 0.189 seconds
[2025-04-01T16:51:44.831-0500] {processor.py:186} INFO - Started process (PID=5680) to work on /mnt/d/Universidad/ETL/Proyecto_airflow/venv/lib/python3.12/site-packages/airflow/example_dags/example_setup_teardown.py
[2025-04-01T16:51:44.832-0500] {processor.py:914} INFO - Processing file /mnt/d/Universidad/ETL/Proyecto_airflow/venv/lib/python3.12/site-packages/airflow/example_dags/example_setup_teardown.py for tasks to queue
[2025-04-01T16:51:44.835-0500] {logging_mixin.py:190} INFO - [2025-04-01T16:51:44.834-0500] {dagbag.py:588} INFO - Filling up the DagBag from /mnt/d/Universidad/ETL/Proyecto_airflow/venv/lib/python3.12/site-packages/airflow/example_dags/example_setup_teardown.py
[2025-04-01T16:51:44.888-0500] {processor.py:925} INFO - DAG(s) 'example_setup_teardown' retrieved from /mnt/d/Universidad/ETL/Proyecto_airflow/venv/lib/python3.12/site-packages/airflow/example_dags/example_setup_teardown.py
[2025-04-01T16:51:44.905-0500] {logging_mixin.py:190} INFO - [2025-04-01T16:51:44.905-0500] {dag.py:3239} INFO - Sync 1 DAGs
[2025-04-01T16:51:44.914-0500] {logging_mixin.py:190} INFO - [2025-04-01T16:51:44.914-0500] {dag.py:4180} INFO - Setting next_dagrun for example_setup_teardown to None, run_after=None
[2025-04-01T16:51:45.019-0500] {processor.py:208} INFO - Processing /mnt/d/Universidad/ETL/Proyecto_airflow/venv/lib/python3.12/site-packages/airflow/example_dags/example_setup_teardown.py took 0.195 seconds
[2025-04-01T16:53:22.970-0500] {processor.py:186} INFO - Started process (PID=5752) to work on /mnt/d/Universidad/ETL/Proyecto_airflow/venv/lib/python3.12/site-packages/airflow/example_dags/example_setup_teardown.py
[2025-04-01T16:53:22.972-0500] {processor.py:914} INFO - Processing file /mnt/d/Universidad/ETL/Proyecto_airflow/venv/lib/python3.12/site-packages/airflow/example_dags/example_setup_teardown.py for tasks to queue
[2025-04-01T16:53:22.974-0500] {logging_mixin.py:190} INFO - [2025-04-01T16:53:22.973-0500] {dagbag.py:588} INFO - Filling up the DagBag from /mnt/d/Universidad/ETL/Proyecto_airflow/venv/lib/python3.12/site-packages/airflow/example_dags/example_setup_teardown.py
[2025-04-01T16:53:23.029-0500] {processor.py:925} INFO - DAG(s) 'example_setup_teardown' retrieved from /mnt/d/Universidad/ETL/Proyecto_airflow/venv/lib/python3.12/site-packages/airflow/example_dags/example_setup_teardown.py
[2025-04-01T16:53:23.101-0500] {logging_mixin.py:190} INFO - [2025-04-01T16:53:23.100-0500] {dag.py:3239} INFO - Sync 1 DAGs
[2025-04-01T16:53:23.111-0500] {logging_mixin.py:190} INFO - [2025-04-01T16:53:23.110-0500] {dag.py:4180} INFO - Setting next_dagrun for example_setup_teardown to None, run_after=None
[2025-04-01T16:53:23.209-0500] {processor.py:208} INFO - Processing /mnt/d/Universidad/ETL/Proyecto_airflow/venv/lib/python3.12/site-packages/airflow/example_dags/example_setup_teardown.py took 0.247 seconds
[2025-04-01T16:54:58.042-0500] {processor.py:186} INFO - Started process (PID=5824) to work on /mnt/d/Universidad/ETL/Proyecto_airflow/venv/lib/python3.12/site-packages/airflow/example_dags/example_setup_teardown.py
[2025-04-01T16:54:58.043-0500] {processor.py:914} INFO - Processing file /mnt/d/Universidad/ETL/Proyecto_airflow/venv/lib/python3.12/site-packages/airflow/example_dags/example_setup_teardown.py for tasks to queue
[2025-04-01T16:54:58.045-0500] {logging_mixin.py:190} INFO - [2025-04-01T16:54:58.045-0500] {dagbag.py:588} INFO - Filling up the DagBag from /mnt/d/Universidad/ETL/Proyecto_airflow/venv/lib/python3.12/site-packages/airflow/example_dags/example_setup_teardown.py
[2025-04-01T16:54:58.099-0500] {processor.py:925} INFO - DAG(s) 'example_setup_teardown' retrieved from /mnt/d/Universidad/ETL/Proyecto_airflow/venv/lib/python3.12/site-packages/airflow/example_dags/example_setup_teardown.py
[2025-04-01T16:54:58.120-0500] {logging_mixin.py:190} INFO - [2025-04-01T16:54:58.120-0500] {dag.py:3239} INFO - Sync 1 DAGs
[2025-04-01T16:54:58.130-0500] {logging_mixin.py:190} INFO - [2025-04-01T16:54:58.130-0500] {dag.py:4180} INFO - Setting next_dagrun for example_setup_teardown to None, run_after=None
[2025-04-01T16:54:58.237-0500] {processor.py:208} INFO - Processing /mnt/d/Universidad/ETL/Proyecto_airflow/venv/lib/python3.12/site-packages/airflow/example_dags/example_setup_teardown.py took 0.203 seconds
[2025-04-01T16:56:33.230-0500] {processor.py:186} INFO - Started process (PID=5895) to work on /mnt/d/Universidad/ETL/Proyecto_airflow/venv/lib/python3.12/site-packages/airflow/example_dags/example_setup_teardown.py
[2025-04-01T16:56:33.231-0500] {processor.py:914} INFO - Processing file /mnt/d/Universidad/ETL/Proyecto_airflow/venv/lib/python3.12/site-packages/airflow/example_dags/example_setup_teardown.py for tasks to queue
[2025-04-01T16:56:33.234-0500] {logging_mixin.py:190} INFO - [2025-04-01T16:56:33.233-0500] {dagbag.py:588} INFO - Filling up the DagBag from /mnt/d/Universidad/ETL/Proyecto_airflow/venv/lib/python3.12/site-packages/airflow/example_dags/example_setup_teardown.py
[2025-04-01T16:56:33.287-0500] {processor.py:925} INFO - DAG(s) 'example_setup_teardown' retrieved from /mnt/d/Universidad/ETL/Proyecto_airflow/venv/lib/python3.12/site-packages/airflow/example_dags/example_setup_teardown.py
[2025-04-01T16:56:33.307-0500] {logging_mixin.py:190} INFO - [2025-04-01T16:56:33.306-0500] {dag.py:3239} INFO - Sync 1 DAGs
[2025-04-01T16:56:33.317-0500] {logging_mixin.py:190} INFO - [2025-04-01T16:56:33.316-0500] {dag.py:4180} INFO - Setting next_dagrun for example_setup_teardown to None, run_after=None
[2025-04-01T16:56:33.424-0500] {processor.py:208} INFO - Processing /mnt/d/Universidad/ETL/Proyecto_airflow/venv/lib/python3.12/site-packages/airflow/example_dags/example_setup_teardown.py took 0.201 seconds
[2025-04-01T16:58:02.537-0500] {processor.py:186} INFO - Started process (PID=5965) to work on /mnt/d/Universidad/ETL/Proyecto_airflow/venv/lib/python3.12/site-packages/airflow/example_dags/example_setup_teardown.py
[2025-04-01T16:58:02.539-0500] {processor.py:914} INFO - Processing file /mnt/d/Universidad/ETL/Proyecto_airflow/venv/lib/python3.12/site-packages/airflow/example_dags/example_setup_teardown.py for tasks to queue
[2025-04-01T16:58:02.541-0500] {logging_mixin.py:190} INFO - [2025-04-01T16:58:02.540-0500] {dagbag.py:588} INFO - Filling up the DagBag from /mnt/d/Universidad/ETL/Proyecto_airflow/venv/lib/python3.12/site-packages/airflow/example_dags/example_setup_teardown.py
[2025-04-01T16:58:02.594-0500] {processor.py:925} INFO - DAG(s) 'example_setup_teardown' retrieved from /mnt/d/Universidad/ETL/Proyecto_airflow/venv/lib/python3.12/site-packages/airflow/example_dags/example_setup_teardown.py
[2025-04-01T16:58:02.612-0500] {logging_mixin.py:190} INFO - [2025-04-01T16:58:02.611-0500] {dag.py:3239} INFO - Sync 1 DAGs
[2025-04-01T16:58:02.621-0500] {logging_mixin.py:190} INFO - [2025-04-01T16:58:02.620-0500] {dag.py:4180} INFO - Setting next_dagrun for example_setup_teardown to None, run_after=None
[2025-04-01T16:58:02.727-0500] {processor.py:208} INFO - Processing /mnt/d/Universidad/ETL/Proyecto_airflow/venv/lib/python3.12/site-packages/airflow/example_dags/example_setup_teardown.py took 0.197 seconds
[2025-04-01T16:59:38.585-0500] {processor.py:186} INFO - Started process (PID=6036) to work on /mnt/d/Universidad/ETL/Proyecto_airflow/venv/lib/python3.12/site-packages/airflow/example_dags/example_setup_teardown.py
[2025-04-01T16:59:38.586-0500] {processor.py:914} INFO - Processing file /mnt/d/Universidad/ETL/Proyecto_airflow/venv/lib/python3.12/site-packages/airflow/example_dags/example_setup_teardown.py for tasks to queue
[2025-04-01T16:59:38.588-0500] {logging_mixin.py:190} INFO - [2025-04-01T16:59:38.587-0500] {dagbag.py:588} INFO - Filling up the DagBag from /mnt/d/Universidad/ETL/Proyecto_airflow/venv/lib/python3.12/site-packages/airflow/example_dags/example_setup_teardown.py
[2025-04-01T16:59:38.641-0500] {processor.py:925} INFO - DAG(s) 'example_setup_teardown' retrieved from /mnt/d/Universidad/ETL/Proyecto_airflow/venv/lib/python3.12/site-packages/airflow/example_dags/example_setup_teardown.py
[2025-04-01T16:59:38.660-0500] {logging_mixin.py:190} INFO - [2025-04-01T16:59:38.659-0500] {dag.py:3239} INFO - Sync 1 DAGs
[2025-04-01T16:59:38.669-0500] {logging_mixin.py:190} INFO - [2025-04-01T16:59:38.668-0500] {dag.py:4180} INFO - Setting next_dagrun for example_setup_teardown to None, run_after=None
[2025-04-01T16:59:38.770-0500] {processor.py:208} INFO - Processing /mnt/d/Universidad/ETL/Proyecto_airflow/venv/lib/python3.12/site-packages/airflow/example_dags/example_setup_teardown.py took 0.194 seconds
[2025-04-01T17:01:18.000-0500] {processor.py:186} INFO - Started process (PID=6108) to work on /mnt/d/Universidad/ETL/Proyecto_airflow/venv/lib/python3.12/site-packages/airflow/example_dags/example_setup_teardown.py
[2025-04-01T17:01:18.001-0500] {processor.py:914} INFO - Processing file /mnt/d/Universidad/ETL/Proyecto_airflow/venv/lib/python3.12/site-packages/airflow/example_dags/example_setup_teardown.py for tasks to queue
[2025-04-01T17:01:18.003-0500] {logging_mixin.py:190} INFO - [2025-04-01T17:01:18.002-0500] {dagbag.py:588} INFO - Filling up the DagBag from /mnt/d/Universidad/ETL/Proyecto_airflow/venv/lib/python3.12/site-packages/airflow/example_dags/example_setup_teardown.py
[2025-04-01T17:01:18.060-0500] {processor.py:925} INFO - DAG(s) 'example_setup_teardown' retrieved from /mnt/d/Universidad/ETL/Proyecto_airflow/venv/lib/python3.12/site-packages/airflow/example_dags/example_setup_teardown.py
[2025-04-01T17:01:18.079-0500] {logging_mixin.py:190} INFO - [2025-04-01T17:01:18.078-0500] {dag.py:3239} INFO - Sync 1 DAGs
[2025-04-01T17:01:18.089-0500] {logging_mixin.py:190} INFO - [2025-04-01T17:01:18.088-0500] {dag.py:4180} INFO - Setting next_dagrun for example_setup_teardown to None, run_after=None
[2025-04-01T17:01:18.220-0500] {processor.py:208} INFO - Processing /mnt/d/Universidad/ETL/Proyecto_airflow/venv/lib/python3.12/site-packages/airflow/example_dags/example_setup_teardown.py took 0.228 seconds
[2025-04-01T17:02:48.402-0500] {processor.py:186} INFO - Started process (PID=6178) to work on /mnt/d/Universidad/ETL/Proyecto_airflow/venv/lib/python3.12/site-packages/airflow/example_dags/example_setup_teardown.py
[2025-04-01T17:02:48.403-0500] {processor.py:914} INFO - Processing file /mnt/d/Universidad/ETL/Proyecto_airflow/venv/lib/python3.12/site-packages/airflow/example_dags/example_setup_teardown.py for tasks to queue
[2025-04-01T17:02:48.405-0500] {logging_mixin.py:190} INFO - [2025-04-01T17:02:48.405-0500] {dagbag.py:588} INFO - Filling up the DagBag from /mnt/d/Universidad/ETL/Proyecto_airflow/venv/lib/python3.12/site-packages/airflow/example_dags/example_setup_teardown.py
[2025-04-01T17:02:48.459-0500] {processor.py:925} INFO - DAG(s) 'example_setup_teardown' retrieved from /mnt/d/Universidad/ETL/Proyecto_airflow/venv/lib/python3.12/site-packages/airflow/example_dags/example_setup_teardown.py
[2025-04-01T17:02:48.478-0500] {logging_mixin.py:190} INFO - [2025-04-01T17:02:48.478-0500] {dag.py:3239} INFO - Sync 1 DAGs
[2025-04-01T17:02:48.489-0500] {logging_mixin.py:190} INFO - [2025-04-01T17:02:48.488-0500] {dag.py:4180} INFO - Setting next_dagrun for example_setup_teardown to None, run_after=None
[2025-04-01T17:02:48.597-0500] {processor.py:208} INFO - Processing /mnt/d/Universidad/ETL/Proyecto_airflow/venv/lib/python3.12/site-packages/airflow/example_dags/example_setup_teardown.py took 0.203 seconds
[2025-04-01T17:04:25.646-0500] {processor.py:186} INFO - Started process (PID=6250) to work on /mnt/d/Universidad/ETL/Proyecto_airflow/venv/lib/python3.12/site-packages/airflow/example_dags/example_setup_teardown.py
[2025-04-01T17:04:25.647-0500] {processor.py:914} INFO - Processing file /mnt/d/Universidad/ETL/Proyecto_airflow/venv/lib/python3.12/site-packages/airflow/example_dags/example_setup_teardown.py for tasks to queue
[2025-04-01T17:04:25.649-0500] {logging_mixin.py:190} INFO - [2025-04-01T17:04:25.648-0500] {dagbag.py:588} INFO - Filling up the DagBag from /mnt/d/Universidad/ETL/Proyecto_airflow/venv/lib/python3.12/site-packages/airflow/example_dags/example_setup_teardown.py
[2025-04-01T17:04:25.702-0500] {processor.py:925} INFO - DAG(s) 'example_setup_teardown' retrieved from /mnt/d/Universidad/ETL/Proyecto_airflow/venv/lib/python3.12/site-packages/airflow/example_dags/example_setup_teardown.py
[2025-04-01T17:04:25.722-0500] {logging_mixin.py:190} INFO - [2025-04-01T17:04:25.721-0500] {dag.py:3239} INFO - Sync 1 DAGs
[2025-04-01T17:04:25.732-0500] {logging_mixin.py:190} INFO - [2025-04-01T17:04:25.731-0500] {dag.py:4180} INFO - Setting next_dagrun for example_setup_teardown to None, run_after=None
[2025-04-01T17:04:25.827-0500] {processor.py:208} INFO - Processing /mnt/d/Universidad/ETL/Proyecto_airflow/venv/lib/python3.12/site-packages/airflow/example_dags/example_setup_teardown.py took 0.189 seconds
[2025-04-01T17:06:05.748-0500] {processor.py:186} INFO - Started process (PID=6321) to work on /mnt/d/Universidad/ETL/Proyecto_airflow/venv/lib/python3.12/site-packages/airflow/example_dags/example_setup_teardown.py
[2025-04-01T17:06:05.749-0500] {processor.py:914} INFO - Processing file /mnt/d/Universidad/ETL/Proyecto_airflow/venv/lib/python3.12/site-packages/airflow/example_dags/example_setup_teardown.py for tasks to queue
[2025-04-01T17:06:05.751-0500] {logging_mixin.py:190} INFO - [2025-04-01T17:06:05.750-0500] {dagbag.py:588} INFO - Filling up the DagBag from /mnt/d/Universidad/ETL/Proyecto_airflow/venv/lib/python3.12/site-packages/airflow/example_dags/example_setup_teardown.py
[2025-04-01T17:06:05.805-0500] {processor.py:925} INFO - DAG(s) 'example_setup_teardown' retrieved from /mnt/d/Universidad/ETL/Proyecto_airflow/venv/lib/python3.12/site-packages/airflow/example_dags/example_setup_teardown.py
[2025-04-01T17:06:05.823-0500] {logging_mixin.py:190} INFO - [2025-04-01T17:06:05.822-0500] {dag.py:3239} INFO - Sync 1 DAGs
[2025-04-01T17:06:05.832-0500] {logging_mixin.py:190} INFO - [2025-04-01T17:06:05.831-0500] {dag.py:4180} INFO - Setting next_dagrun for example_setup_teardown to None, run_after=None
[2025-04-01T17:06:05.935-0500] {processor.py:208} INFO - Processing /mnt/d/Universidad/ETL/Proyecto_airflow/venv/lib/python3.12/site-packages/airflow/example_dags/example_setup_teardown.py took 0.195 seconds
[2025-04-01T17:07:38.400-0500] {processor.py:186} INFO - Started process (PID=6395) to work on /mnt/d/Universidad/ETL/Proyecto_airflow/venv/lib/python3.12/site-packages/airflow/example_dags/example_setup_teardown.py
[2025-04-01T17:07:38.402-0500] {processor.py:914} INFO - Processing file /mnt/d/Universidad/ETL/Proyecto_airflow/venv/lib/python3.12/site-packages/airflow/example_dags/example_setup_teardown.py for tasks to queue
[2025-04-01T17:07:38.404-0500] {logging_mixin.py:190} INFO - [2025-04-01T17:07:38.403-0500] {dagbag.py:588} INFO - Filling up the DagBag from /mnt/d/Universidad/ETL/Proyecto_airflow/venv/lib/python3.12/site-packages/airflow/example_dags/example_setup_teardown.py
[2025-04-01T17:07:38.457-0500] {processor.py:925} INFO - DAG(s) 'example_setup_teardown' retrieved from /mnt/d/Universidad/ETL/Proyecto_airflow/venv/lib/python3.12/site-packages/airflow/example_dags/example_setup_teardown.py
[2025-04-01T17:07:38.474-0500] {logging_mixin.py:190} INFO - [2025-04-01T17:07:38.474-0500] {dag.py:3239} INFO - Sync 1 DAGs
[2025-04-01T17:07:38.483-0500] {logging_mixin.py:190} INFO - [2025-04-01T17:07:38.483-0500] {dag.py:4180} INFO - Setting next_dagrun for example_setup_teardown to None, run_after=None
[2025-04-01T17:07:38.591-0500] {processor.py:208} INFO - Processing /mnt/d/Universidad/ETL/Proyecto_airflow/venv/lib/python3.12/site-packages/airflow/example_dags/example_setup_teardown.py took 0.199 seconds
[2025-04-01T17:09:17.817-0500] {processor.py:186} INFO - Started process (PID=6467) to work on /mnt/d/Universidad/ETL/Proyecto_airflow/venv/lib/python3.12/site-packages/airflow/example_dags/example_setup_teardown.py
[2025-04-01T17:09:17.818-0500] {processor.py:914} INFO - Processing file /mnt/d/Universidad/ETL/Proyecto_airflow/venv/lib/python3.12/site-packages/airflow/example_dags/example_setup_teardown.py for tasks to queue
[2025-04-01T17:09:17.820-0500] {logging_mixin.py:190} INFO - [2025-04-01T17:09:17.819-0500] {dagbag.py:588} INFO - Filling up the DagBag from /mnt/d/Universidad/ETL/Proyecto_airflow/venv/lib/python3.12/site-packages/airflow/example_dags/example_setup_teardown.py
[2025-04-01T17:09:17.873-0500] {processor.py:925} INFO - DAG(s) 'example_setup_teardown' retrieved from /mnt/d/Universidad/ETL/Proyecto_airflow/venv/lib/python3.12/site-packages/airflow/example_dags/example_setup_teardown.py
[2025-04-01T17:09:17.890-0500] {logging_mixin.py:190} INFO - [2025-04-01T17:09:17.889-0500] {dag.py:3239} INFO - Sync 1 DAGs
[2025-04-01T17:09:17.899-0500] {logging_mixin.py:190} INFO - [2025-04-01T17:09:17.898-0500] {dag.py:4180} INFO - Setting next_dagrun for example_setup_teardown to None, run_after=None
[2025-04-01T17:09:18.001-0500] {processor.py:208} INFO - Processing /mnt/d/Universidad/ETL/Proyecto_airflow/venv/lib/python3.12/site-packages/airflow/example_dags/example_setup_teardown.py took 0.192 seconds
[2025-04-01T17:10:59.736-0500] {processor.py:186} INFO - Started process (PID=6540) to work on /mnt/d/Universidad/ETL/Proyecto_airflow/venv/lib/python3.12/site-packages/airflow/example_dags/example_setup_teardown.py
[2025-04-01T17:10:59.737-0500] {processor.py:914} INFO - Processing file /mnt/d/Universidad/ETL/Proyecto_airflow/venv/lib/python3.12/site-packages/airflow/example_dags/example_setup_teardown.py for tasks to queue
[2025-04-01T17:10:59.739-0500] {logging_mixin.py:190} INFO - [2025-04-01T17:10:59.738-0500] {dagbag.py:588} INFO - Filling up the DagBag from /mnt/d/Universidad/ETL/Proyecto_airflow/venv/lib/python3.12/site-packages/airflow/example_dags/example_setup_teardown.py
[2025-04-01T17:10:59.793-0500] {processor.py:925} INFO - DAG(s) 'example_setup_teardown' retrieved from /mnt/d/Universidad/ETL/Proyecto_airflow/venv/lib/python3.12/site-packages/airflow/example_dags/example_setup_teardown.py
[2025-04-01T17:10:59.811-0500] {logging_mixin.py:190} INFO - [2025-04-01T17:10:59.810-0500] {dag.py:3239} INFO - Sync 1 DAGs
[2025-04-01T17:10:59.820-0500] {logging_mixin.py:190} INFO - [2025-04-01T17:10:59.819-0500] {dag.py:4180} INFO - Setting next_dagrun for example_setup_teardown to None, run_after=None
[2025-04-01T17:10:59.929-0500] {processor.py:208} INFO - Processing /mnt/d/Universidad/ETL/Proyecto_airflow/venv/lib/python3.12/site-packages/airflow/example_dags/example_setup_teardown.py took 0.201 seconds
[2025-04-01T17:12:43.831-0500] {processor.py:186} INFO - Started process (PID=6615) to work on /mnt/d/Universidad/ETL/Proyecto_airflow/venv/lib/python3.12/site-packages/airflow/example_dags/example_setup_teardown.py
[2025-04-01T17:12:43.832-0500] {processor.py:914} INFO - Processing file /mnt/d/Universidad/ETL/Proyecto_airflow/venv/lib/python3.12/site-packages/airflow/example_dags/example_setup_teardown.py for tasks to queue
[2025-04-01T17:12:43.834-0500] {logging_mixin.py:190} INFO - [2025-04-01T17:12:43.833-0500] {dagbag.py:588} INFO - Filling up the DagBag from /mnt/d/Universidad/ETL/Proyecto_airflow/venv/lib/python3.12/site-packages/airflow/example_dags/example_setup_teardown.py
[2025-04-01T17:12:43.888-0500] {processor.py:925} INFO - DAG(s) 'example_setup_teardown' retrieved from /mnt/d/Universidad/ETL/Proyecto_airflow/venv/lib/python3.12/site-packages/airflow/example_dags/example_setup_teardown.py
[2025-04-01T17:12:43.906-0500] {logging_mixin.py:190} INFO - [2025-04-01T17:12:43.906-0500] {dag.py:3239} INFO - Sync 1 DAGs
[2025-04-01T17:12:43.916-0500] {logging_mixin.py:190} INFO - [2025-04-01T17:12:43.915-0500] {dag.py:4180} INFO - Setting next_dagrun for example_setup_teardown to None, run_after=None
[2025-04-01T17:12:44.018-0500] {processor.py:208} INFO - Processing /mnt/d/Universidad/ETL/Proyecto_airflow/venv/lib/python3.12/site-packages/airflow/example_dags/example_setup_teardown.py took 0.196 seconds
[2025-04-01T17:14:19.091-0500] {processor.py:186} INFO - Started process (PID=6687) to work on /mnt/d/Universidad/ETL/Proyecto_airflow/venv/lib/python3.12/site-packages/airflow/example_dags/example_setup_teardown.py
[2025-04-01T17:14:19.092-0500] {processor.py:914} INFO - Processing file /mnt/d/Universidad/ETL/Proyecto_airflow/venv/lib/python3.12/site-packages/airflow/example_dags/example_setup_teardown.py for tasks to queue
[2025-04-01T17:14:19.095-0500] {logging_mixin.py:190} INFO - [2025-04-01T17:14:19.094-0500] {dagbag.py:588} INFO - Filling up the DagBag from /mnt/d/Universidad/ETL/Proyecto_airflow/venv/lib/python3.12/site-packages/airflow/example_dags/example_setup_teardown.py
[2025-04-01T17:14:19.158-0500] {processor.py:925} INFO - DAG(s) 'example_setup_teardown' retrieved from /mnt/d/Universidad/ETL/Proyecto_airflow/venv/lib/python3.12/site-packages/airflow/example_dags/example_setup_teardown.py
[2025-04-01T17:14:19.179-0500] {logging_mixin.py:190} INFO - [2025-04-01T17:14:19.178-0500] {dag.py:3239} INFO - Sync 1 DAGs
[2025-04-01T17:14:19.190-0500] {logging_mixin.py:190} INFO - [2025-04-01T17:14:19.189-0500] {dag.py:4180} INFO - Setting next_dagrun for example_setup_teardown to None, run_after=None
[2025-04-01T17:14:19.330-0500] {processor.py:208} INFO - Processing /mnt/d/Universidad/ETL/Proyecto_airflow/venv/lib/python3.12/site-packages/airflow/example_dags/example_setup_teardown.py took 0.249 seconds
[2025-04-01T17:15:47.774-0500] {processor.py:186} INFO - Started process (PID=6757) to work on /mnt/d/Universidad/ETL/Proyecto_airflow/venv/lib/python3.12/site-packages/airflow/example_dags/example_setup_teardown.py
[2025-04-01T17:15:47.775-0500] {processor.py:914} INFO - Processing file /mnt/d/Universidad/ETL/Proyecto_airflow/venv/lib/python3.12/site-packages/airflow/example_dags/example_setup_teardown.py for tasks to queue
[2025-04-01T17:15:47.777-0500] {logging_mixin.py:190} INFO - [2025-04-01T17:15:47.777-0500] {dagbag.py:588} INFO - Filling up the DagBag from /mnt/d/Universidad/ETL/Proyecto_airflow/venv/lib/python3.12/site-packages/airflow/example_dags/example_setup_teardown.py
[2025-04-01T17:15:47.831-0500] {processor.py:925} INFO - DAG(s) 'example_setup_teardown' retrieved from /mnt/d/Universidad/ETL/Proyecto_airflow/venv/lib/python3.12/site-packages/airflow/example_dags/example_setup_teardown.py
[2025-04-01T17:15:47.849-0500] {logging_mixin.py:190} INFO - [2025-04-01T17:15:47.848-0500] {dag.py:3239} INFO - Sync 1 DAGs
[2025-04-01T17:15:47.857-0500] {logging_mixin.py:190} INFO - [2025-04-01T17:15:47.857-0500] {dag.py:4180} INFO - Setting next_dagrun for example_setup_teardown to None, run_after=None
[2025-04-01T17:15:47.962-0500] {processor.py:208} INFO - Processing /mnt/d/Universidad/ETL/Proyecto_airflow/venv/lib/python3.12/site-packages/airflow/example_dags/example_setup_teardown.py took 0.196 seconds
[2025-04-01T17:17:26.461-0500] {processor.py:186} INFO - Started process (PID=6832) to work on /mnt/d/Universidad/ETL/Proyecto_airflow/venv/lib/python3.12/site-packages/airflow/example_dags/example_setup_teardown.py
[2025-04-01T17:17:26.462-0500] {processor.py:914} INFO - Processing file /mnt/d/Universidad/ETL/Proyecto_airflow/venv/lib/python3.12/site-packages/airflow/example_dags/example_setup_teardown.py for tasks to queue
[2025-04-01T17:17:26.465-0500] {logging_mixin.py:190} INFO - [2025-04-01T17:17:26.464-0500] {dagbag.py:588} INFO - Filling up the DagBag from /mnt/d/Universidad/ETL/Proyecto_airflow/venv/lib/python3.12/site-packages/airflow/example_dags/example_setup_teardown.py
[2025-04-01T17:17:26.518-0500] {processor.py:925} INFO - DAG(s) 'example_setup_teardown' retrieved from /mnt/d/Universidad/ETL/Proyecto_airflow/venv/lib/python3.12/site-packages/airflow/example_dags/example_setup_teardown.py
[2025-04-01T17:17:26.536-0500] {logging_mixin.py:190} INFO - [2025-04-01T17:17:26.535-0500] {dag.py:3239} INFO - Sync 1 DAGs
[2025-04-01T17:17:26.546-0500] {logging_mixin.py:190} INFO - [2025-04-01T17:17:26.545-0500] {dag.py:4180} INFO - Setting next_dagrun for example_setup_teardown to None, run_after=None
[2025-04-01T17:17:26.655-0500] {processor.py:208} INFO - Processing /mnt/d/Universidad/ETL/Proyecto_airflow/venv/lib/python3.12/site-packages/airflow/example_dags/example_setup_teardown.py took 0.202 seconds
[2025-04-01T17:19:06.844-0500] {processor.py:186} INFO - Started process (PID=6905) to work on /mnt/d/Universidad/ETL/Proyecto_airflow/venv/lib/python3.12/site-packages/airflow/example_dags/example_setup_teardown.py
[2025-04-01T17:19:06.845-0500] {processor.py:914} INFO - Processing file /mnt/d/Universidad/ETL/Proyecto_airflow/venv/lib/python3.12/site-packages/airflow/example_dags/example_setup_teardown.py for tasks to queue
[2025-04-01T17:19:06.848-0500] {logging_mixin.py:190} INFO - [2025-04-01T17:19:06.847-0500] {dagbag.py:588} INFO - Filling up the DagBag from /mnt/d/Universidad/ETL/Proyecto_airflow/venv/lib/python3.12/site-packages/airflow/example_dags/example_setup_teardown.py
[2025-04-01T17:19:06.902-0500] {processor.py:925} INFO - DAG(s) 'example_setup_teardown' retrieved from /mnt/d/Universidad/ETL/Proyecto_airflow/venv/lib/python3.12/site-packages/airflow/example_dags/example_setup_teardown.py
[2025-04-01T17:19:06.920-0500] {logging_mixin.py:190} INFO - [2025-04-01T17:19:06.919-0500] {dag.py:3239} INFO - Sync 1 DAGs
[2025-04-01T17:19:06.929-0500] {logging_mixin.py:190} INFO - [2025-04-01T17:19:06.928-0500] {dag.py:4180} INFO - Setting next_dagrun for example_setup_teardown to None, run_after=None
[2025-04-01T17:19:07.039-0500] {processor.py:208} INFO - Processing /mnt/d/Universidad/ETL/Proyecto_airflow/venv/lib/python3.12/site-packages/airflow/example_dags/example_setup_teardown.py took 0.202 seconds
[2025-04-01T17:20:47.968-0500] {processor.py:186} INFO - Started process (PID=6978) to work on /mnt/d/Universidad/ETL/Proyecto_airflow/venv/lib/python3.12/site-packages/airflow/example_dags/example_setup_teardown.py
[2025-04-01T17:20:47.970-0500] {processor.py:914} INFO - Processing file /mnt/d/Universidad/ETL/Proyecto_airflow/venv/lib/python3.12/site-packages/airflow/example_dags/example_setup_teardown.py for tasks to queue
[2025-04-01T17:20:47.972-0500] {logging_mixin.py:190} INFO - [2025-04-01T17:20:47.971-0500] {dagbag.py:588} INFO - Filling up the DagBag from /mnt/d/Universidad/ETL/Proyecto_airflow/venv/lib/python3.12/site-packages/airflow/example_dags/example_setup_teardown.py
[2025-04-01T17:20:48.025-0500] {processor.py:925} INFO - DAG(s) 'example_setup_teardown' retrieved from /mnt/d/Universidad/ETL/Proyecto_airflow/venv/lib/python3.12/site-packages/airflow/example_dags/example_setup_teardown.py
[2025-04-01T17:20:48.045-0500] {logging_mixin.py:190} INFO - [2025-04-01T17:20:48.045-0500] {dag.py:3239} INFO - Sync 1 DAGs
[2025-04-01T17:20:48.055-0500] {logging_mixin.py:190} INFO - [2025-04-01T17:20:48.054-0500] {dag.py:4180} INFO - Setting next_dagrun for example_setup_teardown to None, run_after=None
[2025-04-01T17:20:48.183-0500] {processor.py:208} INFO - Processing /mnt/d/Universidad/ETL/Proyecto_airflow/venv/lib/python3.12/site-packages/airflow/example_dags/example_setup_teardown.py took 0.222 seconds
[2025-04-01T17:22:31.293-0500] {processor.py:186} INFO - Started process (PID=7052) to work on /mnt/d/Universidad/ETL/Proyecto_airflow/venv/lib/python3.12/site-packages/airflow/example_dags/example_setup_teardown.py
[2025-04-01T17:22:31.295-0500] {processor.py:914} INFO - Processing file /mnt/d/Universidad/ETL/Proyecto_airflow/venv/lib/python3.12/site-packages/airflow/example_dags/example_setup_teardown.py for tasks to queue
[2025-04-01T17:22:31.297-0500] {logging_mixin.py:190} INFO - [2025-04-01T17:22:31.296-0500] {dagbag.py:588} INFO - Filling up the DagBag from /mnt/d/Universidad/ETL/Proyecto_airflow/venv/lib/python3.12/site-packages/airflow/example_dags/example_setup_teardown.py
[2025-04-01T17:22:31.355-0500] {processor.py:925} INFO - DAG(s) 'example_setup_teardown' retrieved from /mnt/d/Universidad/ETL/Proyecto_airflow/venv/lib/python3.12/site-packages/airflow/example_dags/example_setup_teardown.py
[2025-04-01T17:22:31.377-0500] {logging_mixin.py:190} INFO - [2025-04-01T17:22:31.376-0500] {dag.py:3239} INFO - Sync 1 DAGs
[2025-04-01T17:22:31.387-0500] {logging_mixin.py:190} INFO - [2025-04-01T17:22:31.387-0500] {dag.py:4180} INFO - Setting next_dagrun for example_setup_teardown to None, run_after=None
[2025-04-01T17:22:31.515-0500] {processor.py:208} INFO - Processing /mnt/d/Universidad/ETL/Proyecto_airflow/venv/lib/python3.12/site-packages/airflow/example_dags/example_setup_teardown.py took 0.230 seconds
[2025-04-01T17:24:02.569-0500] {processor.py:186} INFO - Started process (PID=7122) to work on /mnt/d/Universidad/ETL/Proyecto_airflow/venv/lib/python3.12/site-packages/airflow/example_dags/example_setup_teardown.py
[2025-04-01T17:24:02.570-0500] {processor.py:914} INFO - Processing file /mnt/d/Universidad/ETL/Proyecto_airflow/venv/lib/python3.12/site-packages/airflow/example_dags/example_setup_teardown.py for tasks to queue
[2025-04-01T17:24:02.572-0500] {logging_mixin.py:190} INFO - [2025-04-01T17:24:02.571-0500] {dagbag.py:588} INFO - Filling up the DagBag from /mnt/d/Universidad/ETL/Proyecto_airflow/venv/lib/python3.12/site-packages/airflow/example_dags/example_setup_teardown.py
[2025-04-01T17:24:02.625-0500] {processor.py:925} INFO - DAG(s) 'example_setup_teardown' retrieved from /mnt/d/Universidad/ETL/Proyecto_airflow/venv/lib/python3.12/site-packages/airflow/example_dags/example_setup_teardown.py
[2025-04-01T17:24:02.643-0500] {logging_mixin.py:190} INFO - [2025-04-01T17:24:02.642-0500] {dag.py:3239} INFO - Sync 1 DAGs
[2025-04-01T17:24:02.652-0500] {logging_mixin.py:190} INFO - [2025-04-01T17:24:02.652-0500] {dag.py:4180} INFO - Setting next_dagrun for example_setup_teardown to None, run_after=None
[2025-04-01T17:24:02.753-0500] {processor.py:208} INFO - Processing /mnt/d/Universidad/ETL/Proyecto_airflow/venv/lib/python3.12/site-packages/airflow/example_dags/example_setup_teardown.py took 0.191 seconds
[2025-04-01T17:25:39.395-0500] {processor.py:186} INFO - Started process (PID=7194) to work on /mnt/d/Universidad/ETL/Proyecto_airflow/venv/lib/python3.12/site-packages/airflow/example_dags/example_setup_teardown.py
[2025-04-01T17:25:39.396-0500] {processor.py:914} INFO - Processing file /mnt/d/Universidad/ETL/Proyecto_airflow/venv/lib/python3.12/site-packages/airflow/example_dags/example_setup_teardown.py for tasks to queue
[2025-04-01T17:25:39.398-0500] {logging_mixin.py:190} INFO - [2025-04-01T17:25:39.398-0500] {dagbag.py:588} INFO - Filling up the DagBag from /mnt/d/Universidad/ETL/Proyecto_airflow/venv/lib/python3.12/site-packages/airflow/example_dags/example_setup_teardown.py
[2025-04-01T17:25:39.452-0500] {processor.py:925} INFO - DAG(s) 'example_setup_teardown' retrieved from /mnt/d/Universidad/ETL/Proyecto_airflow/venv/lib/python3.12/site-packages/airflow/example_dags/example_setup_teardown.py
[2025-04-01T17:25:39.470-0500] {logging_mixin.py:190} INFO - [2025-04-01T17:25:39.469-0500] {dag.py:3239} INFO - Sync 1 DAGs
[2025-04-01T17:25:39.479-0500] {logging_mixin.py:190} INFO - [2025-04-01T17:25:39.478-0500] {dag.py:4180} INFO - Setting next_dagrun for example_setup_teardown to None, run_after=None
[2025-04-01T17:25:39.589-0500] {processor.py:208} INFO - Processing /mnt/d/Universidad/ETL/Proyecto_airflow/venv/lib/python3.12/site-packages/airflow/example_dags/example_setup_teardown.py took 0.202 seconds
[2025-04-01T17:27:18.936-0500] {processor.py:186} INFO - Started process (PID=7265) to work on /mnt/d/Universidad/ETL/Proyecto_airflow/venv/lib/python3.12/site-packages/airflow/example_dags/example_setup_teardown.py
[2025-04-01T17:27:18.937-0500] {processor.py:914} INFO - Processing file /mnt/d/Universidad/ETL/Proyecto_airflow/venv/lib/python3.12/site-packages/airflow/example_dags/example_setup_teardown.py for tasks to queue
[2025-04-01T17:27:18.940-0500] {logging_mixin.py:190} INFO - [2025-04-01T17:27:18.939-0500] {dagbag.py:588} INFO - Filling up the DagBag from /mnt/d/Universidad/ETL/Proyecto_airflow/venv/lib/python3.12/site-packages/airflow/example_dags/example_setup_teardown.py
[2025-04-01T17:27:18.994-0500] {processor.py:925} INFO - DAG(s) 'example_setup_teardown' retrieved from /mnt/d/Universidad/ETL/Proyecto_airflow/venv/lib/python3.12/site-packages/airflow/example_dags/example_setup_teardown.py
[2025-04-01T17:27:19.012-0500] {logging_mixin.py:190} INFO - [2025-04-01T17:27:19.011-0500] {dag.py:3239} INFO - Sync 1 DAGs
[2025-04-01T17:27:19.021-0500] {logging_mixin.py:190} INFO - [2025-04-01T17:27:19.021-0500] {dag.py:4180} INFO - Setting next_dagrun for example_setup_teardown to None, run_after=None
[2025-04-01T17:27:19.127-0500] {processor.py:208} INFO - Processing /mnt/d/Universidad/ETL/Proyecto_airflow/venv/lib/python3.12/site-packages/airflow/example_dags/example_setup_teardown.py took 0.199 seconds
[2025-04-01T17:28:44.433-0500] {processor.py:186} INFO - Started process (PID=7333) to work on /mnt/d/Universidad/ETL/Proyecto_airflow/venv/lib/python3.12/site-packages/airflow/example_dags/example_setup_teardown.py
[2025-04-01T17:28:44.434-0500] {processor.py:914} INFO - Processing file /mnt/d/Universidad/ETL/Proyecto_airflow/venv/lib/python3.12/site-packages/airflow/example_dags/example_setup_teardown.py for tasks to queue
[2025-04-01T17:28:44.436-0500] {logging_mixin.py:190} INFO - [2025-04-01T17:28:44.435-0500] {dagbag.py:588} INFO - Filling up the DagBag from /mnt/d/Universidad/ETL/Proyecto_airflow/venv/lib/python3.12/site-packages/airflow/example_dags/example_setup_teardown.py
[2025-04-01T17:28:44.489-0500] {processor.py:925} INFO - DAG(s) 'example_setup_teardown' retrieved from /mnt/d/Universidad/ETL/Proyecto_airflow/venv/lib/python3.12/site-packages/airflow/example_dags/example_setup_teardown.py
[2025-04-01T17:28:44.506-0500] {logging_mixin.py:190} INFO - [2025-04-01T17:28:44.506-0500] {dag.py:3239} INFO - Sync 1 DAGs
[2025-04-01T17:28:44.515-0500] {logging_mixin.py:190} INFO - [2025-04-01T17:28:44.515-0500] {dag.py:4180} INFO - Setting next_dagrun for example_setup_teardown to None, run_after=None
[2025-04-01T17:28:44.635-0500] {processor.py:208} INFO - Processing /mnt/d/Universidad/ETL/Proyecto_airflow/venv/lib/python3.12/site-packages/airflow/example_dags/example_setup_teardown.py took 0.210 seconds
[2025-04-01T17:30:18.813-0500] {processor.py:186} INFO - Started process (PID=7404) to work on /mnt/d/Universidad/ETL/Proyecto_airflow/venv/lib/python3.12/site-packages/airflow/example_dags/example_setup_teardown.py
[2025-04-01T17:30:18.814-0500] {processor.py:914} INFO - Processing file /mnt/d/Universidad/ETL/Proyecto_airflow/venv/lib/python3.12/site-packages/airflow/example_dags/example_setup_teardown.py for tasks to queue
[2025-04-01T17:30:18.816-0500] {logging_mixin.py:190} INFO - [2025-04-01T17:30:18.815-0500] {dagbag.py:588} INFO - Filling up the DagBag from /mnt/d/Universidad/ETL/Proyecto_airflow/venv/lib/python3.12/site-packages/airflow/example_dags/example_setup_teardown.py
[2025-04-01T17:30:18.877-0500] {processor.py:925} INFO - DAG(s) 'example_setup_teardown' retrieved from /mnt/d/Universidad/ETL/Proyecto_airflow/venv/lib/python3.12/site-packages/airflow/example_dags/example_setup_teardown.py
[2025-04-01T17:30:18.895-0500] {logging_mixin.py:190} INFO - [2025-04-01T17:30:18.895-0500] {dag.py:3239} INFO - Sync 1 DAGs
[2025-04-01T17:30:18.905-0500] {logging_mixin.py:190} INFO - [2025-04-01T17:30:18.904-0500] {dag.py:4180} INFO - Setting next_dagrun for example_setup_teardown to None, run_after=None
[2025-04-01T17:30:18.995-0500] {processor.py:208} INFO - Processing /mnt/d/Universidad/ETL/Proyecto_airflow/venv/lib/python3.12/site-packages/airflow/example_dags/example_setup_teardown.py took 0.191 seconds
