[2025-04-01T16:14:32.010-0500] {processor.py:186} INFO - Started process (PID=4011) to work on /mnt/d/Universidad/ETL/Proyecto_airflow/venv/lib/python3.12/site-packages/airflow/example_dags/example_setup_teardown_taskflow.py
[2025-04-01T16:14:32.011-0500] {processor.py:914} INFO - Processing file /mnt/d/Universidad/ETL/Proyecto_airflow/venv/lib/python3.12/site-packages/airflow/example_dags/example_setup_teardown_taskflow.py for tasks to queue
[2025-04-01T16:14:32.014-0500] {logging_mixin.py:190} INFO - [2025-04-01T16:14:32.013-0500] {dagbag.py:588} INFO - Filling up the DagBag from /mnt/d/Universidad/ETL/Proyecto_airflow/venv/lib/python3.12/site-packages/airflow/example_dags/example_setup_teardown_taskflow.py
[2025-04-01T16:14:32.080-0500] {processor.py:925} INFO - DAG(s) 'example_setup_teardown_taskflow' retrieved from /mnt/d/Universidad/ETL/Proyecto_airflow/venv/lib/python3.12/site-packages/airflow/example_dags/example_setup_teardown_taskflow.py
[2025-04-01T16:14:33.183-0500] {logging_mixin.py:190} INFO - [2025-04-01T16:14:33.182-0500] {override.py:1930} INFO - Created Permission View: can delete on DAG:example_setup_teardown_taskflow
[2025-04-01T16:14:33.243-0500] {logging_mixin.py:190} INFO - [2025-04-01T16:14:33.242-0500] {override.py:1930} INFO - Created Permission View: can edit on DAG:example_setup_teardown_taskflow
[2025-04-01T16:14:33.312-0500] {logging_mixin.py:190} INFO - [2025-04-01T16:14:33.311-0500] {override.py:1930} INFO - Created Permission View: can read on DAG:example_setup_teardown_taskflow
[2025-04-01T16:14:33.434-0500] {logging_mixin.py:190} INFO - [2025-04-01T16:14:33.433-0500] {override.py:1930} INFO - Created Permission View: can create on DAG Run:example_setup_teardown_taskflow
[2025-04-01T16:14:33.528-0500] {logging_mixin.py:190} INFO - [2025-04-01T16:14:33.527-0500] {override.py:1930} INFO - Created Permission View: can delete on DAG Run:example_setup_teardown_taskflow
[2025-04-01T16:14:33.617-0500] {logging_mixin.py:190} INFO - [2025-04-01T16:14:33.617-0500] {override.py:1930} INFO - Created Permission View: menu access on DAG Run:example_setup_teardown_taskflow
[2025-04-01T16:14:33.703-0500] {logging_mixin.py:190} INFO - [2025-04-01T16:14:33.702-0500] {override.py:1930} INFO - Created Permission View: can read on DAG Run:example_setup_teardown_taskflow
[2025-04-01T16:14:33.705-0500] {logging_mixin.py:190} INFO - [2025-04-01T16:14:33.704-0500] {dag.py:3239} INFO - Sync 1 DAGs
[2025-04-01T16:14:33.719-0500] {logging_mixin.py:190} INFO - [2025-04-01T16:14:33.718-0500] {dag.py:3262} INFO - Creating ORM DAG for example_setup_teardown_taskflow
[2025-04-01T16:14:33.720-0500] {logging_mixin.py:190} INFO - [2025-04-01T16:14:33.720-0500] {dag.py:4180} INFO - Setting next_dagrun for example_setup_teardown_taskflow to None, run_after=None
[2025-04-01T16:14:33.820-0500] {processor.py:208} INFO - Processing /mnt/d/Universidad/ETL/Proyecto_airflow/venv/lib/python3.12/site-packages/airflow/example_dags/example_setup_teardown_taskflow.py took 1.819 seconds
[2025-04-01T16:16:28.716-0500] {processor.py:186} INFO - Started process (PID=4073) to work on /mnt/d/Universidad/ETL/Proyecto_airflow/venv/lib/python3.12/site-packages/airflow/example_dags/example_setup_teardown_taskflow.py
[2025-04-01T16:16:28.718-0500] {processor.py:914} INFO - Processing file /mnt/d/Universidad/ETL/Proyecto_airflow/venv/lib/python3.12/site-packages/airflow/example_dags/example_setup_teardown_taskflow.py for tasks to queue
[2025-04-01T16:16:28.720-0500] {logging_mixin.py:190} INFO - [2025-04-01T16:16:28.719-0500] {dagbag.py:588} INFO - Filling up the DagBag from /mnt/d/Universidad/ETL/Proyecto_airflow/venv/lib/python3.12/site-packages/airflow/example_dags/example_setup_teardown_taskflow.py
[2025-04-01T16:16:28.776-0500] {processor.py:925} INFO - DAG(s) 'example_setup_teardown_taskflow' retrieved from /mnt/d/Universidad/ETL/Proyecto_airflow/venv/lib/python3.12/site-packages/airflow/example_dags/example_setup_teardown_taskflow.py
[2025-04-01T16:16:28.803-0500] {logging_mixin.py:190} INFO - [2025-04-01T16:16:28.802-0500] {dag.py:3239} INFO - Sync 1 DAGs
[2025-04-01T16:16:28.814-0500] {logging_mixin.py:190} INFO - [2025-04-01T16:16:28.813-0500] {dag.py:4180} INFO - Setting next_dagrun for example_setup_teardown_taskflow to None, run_after=None
[2025-04-01T16:16:28.923-0500] {processor.py:208} INFO - Processing /mnt/d/Universidad/ETL/Proyecto_airflow/venv/lib/python3.12/site-packages/airflow/example_dags/example_setup_teardown_taskflow.py took 0.214 seconds
[2025-04-01T16:18:27.636-0500] {processor.py:186} INFO - Started process (PID=4144) to work on /mnt/d/Universidad/ETL/Proyecto_airflow/venv/lib/python3.12/site-packages/airflow/example_dags/example_setup_teardown_taskflow.py
[2025-04-01T16:18:27.637-0500] {processor.py:914} INFO - Processing file /mnt/d/Universidad/ETL/Proyecto_airflow/venv/lib/python3.12/site-packages/airflow/example_dags/example_setup_teardown_taskflow.py for tasks to queue
[2025-04-01T16:18:27.640-0500] {logging_mixin.py:190} INFO - [2025-04-01T16:18:27.639-0500] {dagbag.py:588} INFO - Filling up the DagBag from /mnt/d/Universidad/ETL/Proyecto_airflow/venv/lib/python3.12/site-packages/airflow/example_dags/example_setup_teardown_taskflow.py
[2025-04-01T16:18:27.696-0500] {processor.py:925} INFO - DAG(s) 'example_setup_teardown_taskflow' retrieved from /mnt/d/Universidad/ETL/Proyecto_airflow/venv/lib/python3.12/site-packages/airflow/example_dags/example_setup_teardown_taskflow.py
[2025-04-01T16:18:27.717-0500] {logging_mixin.py:190} INFO - [2025-04-01T16:18:27.716-0500] {dag.py:3239} INFO - Sync 1 DAGs
[2025-04-01T16:18:27.726-0500] {logging_mixin.py:190} INFO - [2025-04-01T16:18:27.725-0500] {dag.py:4180} INFO - Setting next_dagrun for example_setup_teardown_taskflow to None, run_after=None
[2025-04-01T16:18:27.833-0500] {processor.py:208} INFO - Processing /mnt/d/Universidad/ETL/Proyecto_airflow/venv/lib/python3.12/site-packages/airflow/example_dags/example_setup_teardown_taskflow.py took 0.205 seconds
[2025-04-01T16:19:58.695-0500] {processor.py:186} INFO - Started process (PID=4216) to work on /mnt/d/Universidad/ETL/Proyecto_airflow/venv/lib/python3.12/site-packages/airflow/example_dags/example_setup_teardown_taskflow.py
[2025-04-01T16:19:58.696-0500] {processor.py:914} INFO - Processing file /mnt/d/Universidad/ETL/Proyecto_airflow/venv/lib/python3.12/site-packages/airflow/example_dags/example_setup_teardown_taskflow.py for tasks to queue
[2025-04-01T16:19:58.699-0500] {logging_mixin.py:190} INFO - [2025-04-01T16:19:58.698-0500] {dagbag.py:588} INFO - Filling up the DagBag from /mnt/d/Universidad/ETL/Proyecto_airflow/venv/lib/python3.12/site-packages/airflow/example_dags/example_setup_teardown_taskflow.py
[2025-04-01T16:19:58.754-0500] {processor.py:925} INFO - DAG(s) 'example_setup_teardown_taskflow' retrieved from /mnt/d/Universidad/ETL/Proyecto_airflow/venv/lib/python3.12/site-packages/airflow/example_dags/example_setup_teardown_taskflow.py
[2025-04-01T16:19:58.772-0500] {logging_mixin.py:190} INFO - [2025-04-01T16:19:58.771-0500] {dag.py:3239} INFO - Sync 1 DAGs
[2025-04-01T16:19:58.781-0500] {logging_mixin.py:190} INFO - [2025-04-01T16:19:58.780-0500] {dag.py:4180} INFO - Setting next_dagrun for example_setup_teardown_taskflow to None, run_after=None
[2025-04-01T16:19:58.882-0500] {processor.py:208} INFO - Processing /mnt/d/Universidad/ETL/Proyecto_airflow/venv/lib/python3.12/site-packages/airflow/example_dags/example_setup_teardown_taskflow.py took 0.194 seconds
[2025-04-01T16:21:26.505-0500] {processor.py:186} INFO - Started process (PID=4289) to work on /mnt/d/Universidad/ETL/Proyecto_airflow/venv/lib/python3.12/site-packages/airflow/example_dags/example_setup_teardown_taskflow.py
[2025-04-01T16:21:26.506-0500] {processor.py:914} INFO - Processing file /mnt/d/Universidad/ETL/Proyecto_airflow/venv/lib/python3.12/site-packages/airflow/example_dags/example_setup_teardown_taskflow.py for tasks to queue
[2025-04-01T16:21:26.508-0500] {logging_mixin.py:190} INFO - [2025-04-01T16:21:26.508-0500] {dagbag.py:588} INFO - Filling up the DagBag from /mnt/d/Universidad/ETL/Proyecto_airflow/venv/lib/python3.12/site-packages/airflow/example_dags/example_setup_teardown_taskflow.py
[2025-04-01T16:21:26.564-0500] {processor.py:925} INFO - DAG(s) 'example_setup_teardown_taskflow' retrieved from /mnt/d/Universidad/ETL/Proyecto_airflow/venv/lib/python3.12/site-packages/airflow/example_dags/example_setup_teardown_taskflow.py
[2025-04-01T16:21:26.582-0500] {logging_mixin.py:190} INFO - [2025-04-01T16:21:26.581-0500] {dag.py:3239} INFO - Sync 1 DAGs
[2025-04-01T16:21:26.591-0500] {logging_mixin.py:190} INFO - [2025-04-01T16:21:26.590-0500] {dag.py:4180} INFO - Setting next_dagrun for example_setup_teardown_taskflow to None, run_after=None
[2025-04-01T16:21:26.660-0500] {processor.py:208} INFO - Processing /mnt/d/Universidad/ETL/Proyecto_airflow/venv/lib/python3.12/site-packages/airflow/example_dags/example_setup_teardown_taskflow.py took 0.163 seconds
[2025-04-01T16:22:49.924-0500] {processor.py:186} INFO - Started process (PID=4355) to work on /mnt/d/Universidad/ETL/Proyecto_airflow/venv/lib/python3.12/site-packages/airflow/example_dags/example_setup_teardown_taskflow.py
[2025-04-01T16:22:49.925-0500] {processor.py:914} INFO - Processing file /mnt/d/Universidad/ETL/Proyecto_airflow/venv/lib/python3.12/site-packages/airflow/example_dags/example_setup_teardown_taskflow.py for tasks to queue
[2025-04-01T16:22:49.928-0500] {logging_mixin.py:190} INFO - [2025-04-01T16:22:49.927-0500] {dagbag.py:588} INFO - Filling up the DagBag from /mnt/d/Universidad/ETL/Proyecto_airflow/venv/lib/python3.12/site-packages/airflow/example_dags/example_setup_teardown_taskflow.py
[2025-04-01T16:22:49.983-0500] {processor.py:925} INFO - DAG(s) 'example_setup_teardown_taskflow' retrieved from /mnt/d/Universidad/ETL/Proyecto_airflow/venv/lib/python3.12/site-packages/airflow/example_dags/example_setup_teardown_taskflow.py
[2025-04-01T16:22:50.002-0500] {logging_mixin.py:190} INFO - [2025-04-01T16:22:50.001-0500] {dag.py:3239} INFO - Sync 1 DAGs
[2025-04-01T16:22:50.011-0500] {logging_mixin.py:190} INFO - [2025-04-01T16:22:50.010-0500] {dag.py:4180} INFO - Setting next_dagrun for example_setup_teardown_taskflow to None, run_after=None
[2025-04-01T16:22:50.085-0500] {processor.py:208} INFO - Processing /mnt/d/Universidad/ETL/Proyecto_airflow/venv/lib/python3.12/site-packages/airflow/example_dags/example_setup_teardown_taskflow.py took 0.168 seconds
[2025-04-01T16:24:24.970-0500] {processor.py:186} INFO - Started process (PID=4427) to work on /mnt/d/Universidad/ETL/Proyecto_airflow/venv/lib/python3.12/site-packages/airflow/example_dags/example_setup_teardown_taskflow.py
[2025-04-01T16:24:24.971-0500] {processor.py:914} INFO - Processing file /mnt/d/Universidad/ETL/Proyecto_airflow/venv/lib/python3.12/site-packages/airflow/example_dags/example_setup_teardown_taskflow.py for tasks to queue
[2025-04-01T16:24:24.974-0500] {logging_mixin.py:190} INFO - [2025-04-01T16:24:24.973-0500] {dagbag.py:588} INFO - Filling up the DagBag from /mnt/d/Universidad/ETL/Proyecto_airflow/venv/lib/python3.12/site-packages/airflow/example_dags/example_setup_teardown_taskflow.py
[2025-04-01T16:24:25.032-0500] {processor.py:925} INFO - DAG(s) 'example_setup_teardown_taskflow' retrieved from /mnt/d/Universidad/ETL/Proyecto_airflow/venv/lib/python3.12/site-packages/airflow/example_dags/example_setup_teardown_taskflow.py
[2025-04-01T16:24:25.052-0500] {logging_mixin.py:190} INFO - [2025-04-01T16:24:25.052-0500] {dag.py:3239} INFO - Sync 1 DAGs
[2025-04-01T16:24:25.062-0500] {logging_mixin.py:190} INFO - [2025-04-01T16:24:25.061-0500] {dag.py:4180} INFO - Setting next_dagrun for example_setup_teardown_taskflow to None, run_after=None
[2025-04-01T16:24:25.171-0500] {processor.py:208} INFO - Processing /mnt/d/Universidad/ETL/Proyecto_airflow/venv/lib/python3.12/site-packages/airflow/example_dags/example_setup_teardown_taskflow.py took 0.209 seconds
[2025-04-01T16:25:58.004-0500] {processor.py:186} INFO - Started process (PID=4498) to work on /mnt/d/Universidad/ETL/Proyecto_airflow/venv/lib/python3.12/site-packages/airflow/example_dags/example_setup_teardown_taskflow.py
[2025-04-01T16:25:58.005-0500] {processor.py:914} INFO - Processing file /mnt/d/Universidad/ETL/Proyecto_airflow/venv/lib/python3.12/site-packages/airflow/example_dags/example_setup_teardown_taskflow.py for tasks to queue
[2025-04-01T16:25:58.007-0500] {logging_mixin.py:190} INFO - [2025-04-01T16:25:58.007-0500] {dagbag.py:588} INFO - Filling up the DagBag from /mnt/d/Universidad/ETL/Proyecto_airflow/venv/lib/python3.12/site-packages/airflow/example_dags/example_setup_teardown_taskflow.py
[2025-04-01T16:25:58.062-0500] {processor.py:925} INFO - DAG(s) 'example_setup_teardown_taskflow' retrieved from /mnt/d/Universidad/ETL/Proyecto_airflow/venv/lib/python3.12/site-packages/airflow/example_dags/example_setup_teardown_taskflow.py
[2025-04-01T16:25:58.083-0500] {logging_mixin.py:190} INFO - [2025-04-01T16:25:58.082-0500] {dag.py:3239} INFO - Sync 1 DAGs
[2025-04-01T16:25:58.168-0500] {logging_mixin.py:190} INFO - [2025-04-01T16:25:58.167-0500] {dag.py:4180} INFO - Setting next_dagrun for example_setup_teardown_taskflow to None, run_after=None
[2025-04-01T16:25:58.282-0500] {processor.py:208} INFO - Processing /mnt/d/Universidad/ETL/Proyecto_airflow/venv/lib/python3.12/site-packages/airflow/example_dags/example_setup_teardown_taskflow.py took 0.286 seconds
[2025-04-01T16:27:30.860-0500] {processor.py:186} INFO - Started process (PID=4569) to work on /mnt/d/Universidad/ETL/Proyecto_airflow/venv/lib/python3.12/site-packages/airflow/example_dags/example_setup_teardown_taskflow.py
[2025-04-01T16:27:30.861-0500] {processor.py:914} INFO - Processing file /mnt/d/Universidad/ETL/Proyecto_airflow/venv/lib/python3.12/site-packages/airflow/example_dags/example_setup_teardown_taskflow.py for tasks to queue
[2025-04-01T16:27:30.863-0500] {logging_mixin.py:190} INFO - [2025-04-01T16:27:30.863-0500] {dagbag.py:588} INFO - Filling up the DagBag from /mnt/d/Universidad/ETL/Proyecto_airflow/venv/lib/python3.12/site-packages/airflow/example_dags/example_setup_teardown_taskflow.py
[2025-04-01T16:27:30.917-0500] {processor.py:925} INFO - DAG(s) 'example_setup_teardown_taskflow' retrieved from /mnt/d/Universidad/ETL/Proyecto_airflow/venv/lib/python3.12/site-packages/airflow/example_dags/example_setup_teardown_taskflow.py
[2025-04-01T16:27:30.936-0500] {logging_mixin.py:190} INFO - [2025-04-01T16:27:30.935-0500] {dag.py:3239} INFO - Sync 1 DAGs
[2025-04-01T16:27:30.945-0500] {logging_mixin.py:190} INFO - [2025-04-01T16:27:30.944-0500] {dag.py:4180} INFO - Setting next_dagrun for example_setup_teardown_taskflow to None, run_after=None
[2025-04-01T16:27:31.034-0500] {processor.py:208} INFO - Processing /mnt/d/Universidad/ETL/Proyecto_airflow/venv/lib/python3.12/site-packages/airflow/example_dags/example_setup_teardown_taskflow.py took 0.182 seconds
[2025-04-01T16:28:57.463-0500] {processor.py:186} INFO - Started process (PID=4639) to work on /mnt/d/Universidad/ETL/Proyecto_airflow/venv/lib/python3.12/site-packages/airflow/example_dags/example_setup_teardown_taskflow.py
[2025-04-01T16:28:57.464-0500] {processor.py:914} INFO - Processing file /mnt/d/Universidad/ETL/Proyecto_airflow/venv/lib/python3.12/site-packages/airflow/example_dags/example_setup_teardown_taskflow.py for tasks to queue
[2025-04-01T16:28:57.467-0500] {logging_mixin.py:190} INFO - [2025-04-01T16:28:57.466-0500] {dagbag.py:588} INFO - Filling up the DagBag from /mnt/d/Universidad/ETL/Proyecto_airflow/venv/lib/python3.12/site-packages/airflow/example_dags/example_setup_teardown_taskflow.py
[2025-04-01T16:28:57.522-0500] {processor.py:925} INFO - DAG(s) 'example_setup_teardown_taskflow' retrieved from /mnt/d/Universidad/ETL/Proyecto_airflow/venv/lib/python3.12/site-packages/airflow/example_dags/example_setup_teardown_taskflow.py
[2025-04-01T16:28:57.540-0500] {logging_mixin.py:190} INFO - [2025-04-01T16:28:57.539-0500] {dag.py:3239} INFO - Sync 1 DAGs
[2025-04-01T16:28:57.549-0500] {logging_mixin.py:190} INFO - [2025-04-01T16:28:57.548-0500] {dag.py:4180} INFO - Setting next_dagrun for example_setup_teardown_taskflow to None, run_after=None
[2025-04-01T16:28:57.650-0500] {processor.py:208} INFO - Processing /mnt/d/Universidad/ETL/Proyecto_airflow/venv/lib/python3.12/site-packages/airflow/example_dags/example_setup_teardown_taskflow.py took 0.195 seconds
[2025-04-01T16:30:01.022-0500] {processor.py:186} INFO - Started process (PID=4686) to work on /mnt/d/Universidad/ETL/Proyecto_airflow/venv/lib/python3.12/site-packages/airflow/example_dags/example_setup_teardown_taskflow.py
[2025-04-01T16:30:01.035-0500] {processor.py:914} INFO - Processing file /mnt/d/Universidad/ETL/Proyecto_airflow/venv/lib/python3.12/site-packages/airflow/example_dags/example_setup_teardown_taskflow.py for tasks to queue
[2025-04-01T16:30:01.037-0500] {logging_mixin.py:190} INFO - [2025-04-01T16:30:01.037-0500] {dagbag.py:588} INFO - Filling up the DagBag from /mnt/d/Universidad/ETL/Proyecto_airflow/venv/lib/python3.12/site-packages/airflow/example_dags/example_setup_teardown_taskflow.py
[2025-04-01T16:30:01.095-0500] {processor.py:925} INFO - DAG(s) 'example_setup_teardown_taskflow' retrieved from /mnt/d/Universidad/ETL/Proyecto_airflow/venv/lib/python3.12/site-packages/airflow/example_dags/example_setup_teardown_taskflow.py
[2025-04-01T16:30:01.117-0500] {logging_mixin.py:190} INFO - [2025-04-01T16:30:01.116-0500] {dag.py:3239} INFO - Sync 1 DAGs
[2025-04-01T16:30:01.127-0500] {logging_mixin.py:190} INFO - [2025-04-01T16:30:01.126-0500] {dag.py:4180} INFO - Setting next_dagrun for example_setup_teardown_taskflow to None, run_after=None
[2025-04-01T16:30:01.210-0500] {processor.py:208} INFO - Processing /mnt/d/Universidad/ETL/Proyecto_airflow/venv/lib/python3.12/site-packages/airflow/example_dags/example_setup_teardown_taskflow.py took 0.197 seconds
[2025-04-01T16:31:32.171-0500] {processor.py:186} INFO - Started process (PID=4756) to work on /mnt/d/Universidad/ETL/Proyecto_airflow/venv/lib/python3.12/site-packages/airflow/example_dags/example_setup_teardown_taskflow.py
[2025-04-01T16:31:32.172-0500] {processor.py:914} INFO - Processing file /mnt/d/Universidad/ETL/Proyecto_airflow/venv/lib/python3.12/site-packages/airflow/example_dags/example_setup_teardown_taskflow.py for tasks to queue
[2025-04-01T16:31:32.174-0500] {logging_mixin.py:190} INFO - [2025-04-01T16:31:32.173-0500] {dagbag.py:588} INFO - Filling up the DagBag from /mnt/d/Universidad/ETL/Proyecto_airflow/venv/lib/python3.12/site-packages/airflow/example_dags/example_setup_teardown_taskflow.py
[2025-04-01T16:31:32.228-0500] {processor.py:925} INFO - DAG(s) 'example_setup_teardown_taskflow' retrieved from /mnt/d/Universidad/ETL/Proyecto_airflow/venv/lib/python3.12/site-packages/airflow/example_dags/example_setup_teardown_taskflow.py
[2025-04-01T16:31:32.247-0500] {logging_mixin.py:190} INFO - [2025-04-01T16:31:32.246-0500] {dag.py:3239} INFO - Sync 1 DAGs
[2025-04-01T16:31:32.256-0500] {logging_mixin.py:190} INFO - [2025-04-01T16:31:32.256-0500] {dag.py:4180} INFO - Setting next_dagrun for example_setup_teardown_taskflow to None, run_after=None
[2025-04-01T16:31:32.333-0500] {processor.py:208} INFO - Processing /mnt/d/Universidad/ETL/Proyecto_airflow/venv/lib/python3.12/site-packages/airflow/example_dags/example_setup_teardown_taskflow.py took 0.170 seconds
[2025-04-01T16:33:09.933-0500] {processor.py:186} INFO - Started process (PID=4830) to work on /mnt/d/Universidad/ETL/Proyecto_airflow/venv/lib/python3.12/site-packages/airflow/example_dags/example_setup_teardown_taskflow.py
[2025-04-01T16:33:09.934-0500] {processor.py:914} INFO - Processing file /mnt/d/Universidad/ETL/Proyecto_airflow/venv/lib/python3.12/site-packages/airflow/example_dags/example_setup_teardown_taskflow.py for tasks to queue
[2025-04-01T16:33:09.936-0500] {logging_mixin.py:190} INFO - [2025-04-01T16:33:09.935-0500] {dagbag.py:588} INFO - Filling up the DagBag from /mnt/d/Universidad/ETL/Proyecto_airflow/venv/lib/python3.12/site-packages/airflow/example_dags/example_setup_teardown_taskflow.py
[2025-04-01T16:33:09.991-0500] {processor.py:925} INFO - DAG(s) 'example_setup_teardown_taskflow' retrieved from /mnt/d/Universidad/ETL/Proyecto_airflow/venv/lib/python3.12/site-packages/airflow/example_dags/example_setup_teardown_taskflow.py
[2025-04-01T16:33:10.010-0500] {logging_mixin.py:190} INFO - [2025-04-01T16:33:10.009-0500] {dag.py:3239} INFO - Sync 1 DAGs
[2025-04-01T16:33:10.019-0500] {logging_mixin.py:190} INFO - [2025-04-01T16:33:10.019-0500] {dag.py:4180} INFO - Setting next_dagrun for example_setup_teardown_taskflow to None, run_after=None
[2025-04-01T16:33:10.097-0500] {processor.py:208} INFO - Processing /mnt/d/Universidad/ETL/Proyecto_airflow/venv/lib/python3.12/site-packages/airflow/example_dags/example_setup_teardown_taskflow.py took 0.172 seconds
[2025-04-01T16:34:34.489-0500] {processor.py:186} INFO - Started process (PID=4898) to work on /mnt/d/Universidad/ETL/Proyecto_airflow/venv/lib/python3.12/site-packages/airflow/example_dags/example_setup_teardown_taskflow.py
[2025-04-01T16:34:34.490-0500] {processor.py:914} INFO - Processing file /mnt/d/Universidad/ETL/Proyecto_airflow/venv/lib/python3.12/site-packages/airflow/example_dags/example_setup_teardown_taskflow.py for tasks to queue
[2025-04-01T16:34:34.492-0500] {logging_mixin.py:190} INFO - [2025-04-01T16:34:34.491-0500] {dagbag.py:588} INFO - Filling up the DagBag from /mnt/d/Universidad/ETL/Proyecto_airflow/venv/lib/python3.12/site-packages/airflow/example_dags/example_setup_teardown_taskflow.py
[2025-04-01T16:34:34.547-0500] {processor.py:925} INFO - DAG(s) 'example_setup_teardown_taskflow' retrieved from /mnt/d/Universidad/ETL/Proyecto_airflow/venv/lib/python3.12/site-packages/airflow/example_dags/example_setup_teardown_taskflow.py
[2025-04-01T16:34:34.566-0500] {logging_mixin.py:190} INFO - [2025-04-01T16:34:34.565-0500] {dag.py:3239} INFO - Sync 1 DAGs
[2025-04-01T16:34:34.575-0500] {logging_mixin.py:190} INFO - [2025-04-01T16:34:34.574-0500] {dag.py:4180} INFO - Setting next_dagrun for example_setup_teardown_taskflow to None, run_after=None
[2025-04-01T16:34:34.677-0500] {processor.py:208} INFO - Processing /mnt/d/Universidad/ETL/Proyecto_airflow/venv/lib/python3.12/site-packages/airflow/example_dags/example_setup_teardown_taskflow.py took 0.196 seconds
[2025-04-01T16:36:04.408-0500] {processor.py:186} INFO - Started process (PID=4967) to work on /mnt/d/Universidad/ETL/Proyecto_airflow/venv/lib/python3.12/site-packages/airflow/example_dags/example_setup_teardown_taskflow.py
[2025-04-01T16:36:04.409-0500] {processor.py:914} INFO - Processing file /mnt/d/Universidad/ETL/Proyecto_airflow/venv/lib/python3.12/site-packages/airflow/example_dags/example_setup_teardown_taskflow.py for tasks to queue
[2025-04-01T16:36:04.411-0500] {logging_mixin.py:190} INFO - [2025-04-01T16:36:04.410-0500] {dagbag.py:588} INFO - Filling up the DagBag from /mnt/d/Universidad/ETL/Proyecto_airflow/venv/lib/python3.12/site-packages/airflow/example_dags/example_setup_teardown_taskflow.py
[2025-04-01T16:36:04.466-0500] {processor.py:925} INFO - DAG(s) 'example_setup_teardown_taskflow' retrieved from /mnt/d/Universidad/ETL/Proyecto_airflow/venv/lib/python3.12/site-packages/airflow/example_dags/example_setup_teardown_taskflow.py
[2025-04-01T16:36:04.485-0500] {logging_mixin.py:190} INFO - [2025-04-01T16:36:04.484-0500] {dag.py:3239} INFO - Sync 1 DAGs
[2025-04-01T16:36:04.494-0500] {logging_mixin.py:190} INFO - [2025-04-01T16:36:04.493-0500] {dag.py:4180} INFO - Setting next_dagrun for example_setup_teardown_taskflow to None, run_after=None
[2025-04-01T16:36:04.567-0500] {processor.py:208} INFO - Processing /mnt/d/Universidad/ETL/Proyecto_airflow/venv/lib/python3.12/site-packages/airflow/example_dags/example_setup_teardown_taskflow.py took 0.168 seconds
[2025-04-01T16:37:34.983-0500] {processor.py:186} INFO - Started process (PID=5037) to work on /mnt/d/Universidad/ETL/Proyecto_airflow/venv/lib/python3.12/site-packages/airflow/example_dags/example_setup_teardown_taskflow.py
[2025-04-01T16:37:34.985-0500] {processor.py:914} INFO - Processing file /mnt/d/Universidad/ETL/Proyecto_airflow/venv/lib/python3.12/site-packages/airflow/example_dags/example_setup_teardown_taskflow.py for tasks to queue
[2025-04-01T16:37:34.987-0500] {logging_mixin.py:190} INFO - [2025-04-01T16:37:34.986-0500] {dagbag.py:588} INFO - Filling up the DagBag from /mnt/d/Universidad/ETL/Proyecto_airflow/venv/lib/python3.12/site-packages/airflow/example_dags/example_setup_teardown_taskflow.py
[2025-04-01T16:37:35.042-0500] {processor.py:925} INFO - DAG(s) 'example_setup_teardown_taskflow' retrieved from /mnt/d/Universidad/ETL/Proyecto_airflow/venv/lib/python3.12/site-packages/airflow/example_dags/example_setup_teardown_taskflow.py
[2025-04-01T16:37:35.060-0500] {logging_mixin.py:190} INFO - [2025-04-01T16:37:35.060-0500] {dag.py:3239} INFO - Sync 1 DAGs
[2025-04-01T16:37:35.069-0500] {logging_mixin.py:190} INFO - [2025-04-01T16:37:35.069-0500] {dag.py:4180} INFO - Setting next_dagrun for example_setup_teardown_taskflow to None, run_after=None
[2025-04-01T16:37:35.165-0500] {processor.py:208} INFO - Processing /mnt/d/Universidad/ETL/Proyecto_airflow/venv/lib/python3.12/site-packages/airflow/example_dags/example_setup_teardown_taskflow.py took 0.190 seconds
[2025-04-01T16:39:08.395-0500] {processor.py:186} INFO - Started process (PID=5107) to work on /mnt/d/Universidad/ETL/Proyecto_airflow/venv/lib/python3.12/site-packages/airflow/example_dags/example_setup_teardown_taskflow.py
[2025-04-01T16:39:08.396-0500] {processor.py:914} INFO - Processing file /mnt/d/Universidad/ETL/Proyecto_airflow/venv/lib/python3.12/site-packages/airflow/example_dags/example_setup_teardown_taskflow.py for tasks to queue
[2025-04-01T16:39:08.399-0500] {logging_mixin.py:190} INFO - [2025-04-01T16:39:08.398-0500] {dagbag.py:588} INFO - Filling up the DagBag from /mnt/d/Universidad/ETL/Proyecto_airflow/venv/lib/python3.12/site-packages/airflow/example_dags/example_setup_teardown_taskflow.py
[2025-04-01T16:39:08.455-0500] {processor.py:925} INFO - DAG(s) 'example_setup_teardown_taskflow' retrieved from /mnt/d/Universidad/ETL/Proyecto_airflow/venv/lib/python3.12/site-packages/airflow/example_dags/example_setup_teardown_taskflow.py
[2025-04-01T16:39:08.474-0500] {logging_mixin.py:190} INFO - [2025-04-01T16:39:08.473-0500] {dag.py:3239} INFO - Sync 1 DAGs
[2025-04-01T16:39:08.483-0500] {logging_mixin.py:190} INFO - [2025-04-01T16:39:08.483-0500] {dag.py:4180} INFO - Setting next_dagrun for example_setup_teardown_taskflow to None, run_after=None
[2025-04-01T16:39:08.570-0500] {processor.py:208} INFO - Processing /mnt/d/Universidad/ETL/Proyecto_airflow/venv/lib/python3.12/site-packages/airflow/example_dags/example_setup_teardown_taskflow.py took 0.183 seconds
[2025-04-01T16:40:44.789-0500] {processor.py:186} INFO - Started process (PID=5180) to work on /mnt/d/Universidad/ETL/Proyecto_airflow/venv/lib/python3.12/site-packages/airflow/example_dags/example_setup_teardown_taskflow.py
[2025-04-01T16:40:44.790-0500] {processor.py:914} INFO - Processing file /mnt/d/Universidad/ETL/Proyecto_airflow/venv/lib/python3.12/site-packages/airflow/example_dags/example_setup_teardown_taskflow.py for tasks to queue
[2025-04-01T16:40:44.792-0500] {logging_mixin.py:190} INFO - [2025-04-01T16:40:44.792-0500] {dagbag.py:588} INFO - Filling up the DagBag from /mnt/d/Universidad/ETL/Proyecto_airflow/venv/lib/python3.12/site-packages/airflow/example_dags/example_setup_teardown_taskflow.py
[2025-04-01T16:40:44.849-0500] {processor.py:925} INFO - DAG(s) 'example_setup_teardown_taskflow' retrieved from /mnt/d/Universidad/ETL/Proyecto_airflow/venv/lib/python3.12/site-packages/airflow/example_dags/example_setup_teardown_taskflow.py
[2025-04-01T16:40:44.868-0500] {logging_mixin.py:190} INFO - [2025-04-01T16:40:44.867-0500] {dag.py:3239} INFO - Sync 1 DAGs
[2025-04-01T16:40:44.877-0500] {logging_mixin.py:190} INFO - [2025-04-01T16:40:44.877-0500] {dag.py:4180} INFO - Setting next_dagrun for example_setup_teardown_taskflow to None, run_after=None
[2025-04-01T16:40:44.980-0500] {processor.py:208} INFO - Processing /mnt/d/Universidad/ETL/Proyecto_airflow/venv/lib/python3.12/site-packages/airflow/example_dags/example_setup_teardown_taskflow.py took 0.199 seconds
[2025-04-01T16:42:20.513-0500] {processor.py:186} INFO - Started process (PID=5253) to work on /mnt/d/Universidad/ETL/Proyecto_airflow/venv/lib/python3.12/site-packages/airflow/example_dags/example_setup_teardown_taskflow.py
[2025-04-01T16:42:20.514-0500] {processor.py:914} INFO - Processing file /mnt/d/Universidad/ETL/Proyecto_airflow/venv/lib/python3.12/site-packages/airflow/example_dags/example_setup_teardown_taskflow.py for tasks to queue
[2025-04-01T16:42:20.516-0500] {logging_mixin.py:190} INFO - [2025-04-01T16:42:20.515-0500] {dagbag.py:588} INFO - Filling up the DagBag from /mnt/d/Universidad/ETL/Proyecto_airflow/venv/lib/python3.12/site-packages/airflow/example_dags/example_setup_teardown_taskflow.py
[2025-04-01T16:42:20.572-0500] {processor.py:925} INFO - DAG(s) 'example_setup_teardown_taskflow' retrieved from /mnt/d/Universidad/ETL/Proyecto_airflow/venv/lib/python3.12/site-packages/airflow/example_dags/example_setup_teardown_taskflow.py
[2025-04-01T16:42:20.591-0500] {logging_mixin.py:190} INFO - [2025-04-01T16:42:20.590-0500] {dag.py:3239} INFO - Sync 1 DAGs
[2025-04-01T16:42:20.600-0500] {logging_mixin.py:190} INFO - [2025-04-01T16:42:20.599-0500] {dag.py:4180} INFO - Setting next_dagrun for example_setup_teardown_taskflow to None, run_after=None
[2025-04-01T16:42:20.705-0500] {processor.py:208} INFO - Processing /mnt/d/Universidad/ETL/Proyecto_airflow/venv/lib/python3.12/site-packages/airflow/example_dags/example_setup_teardown_taskflow.py took 0.201 seconds
[2025-04-01T16:43:54.646-0500] {processor.py:186} INFO - Started process (PID=5323) to work on /mnt/d/Universidad/ETL/Proyecto_airflow/venv/lib/python3.12/site-packages/airflow/example_dags/example_setup_teardown_taskflow.py
[2025-04-01T16:43:54.647-0500] {processor.py:914} INFO - Processing file /mnt/d/Universidad/ETL/Proyecto_airflow/venv/lib/python3.12/site-packages/airflow/example_dags/example_setup_teardown_taskflow.py for tasks to queue
[2025-04-01T16:43:54.650-0500] {logging_mixin.py:190} INFO - [2025-04-01T16:43:54.648-0500] {dagbag.py:588} INFO - Filling up the DagBag from /mnt/d/Universidad/ETL/Proyecto_airflow/venv/lib/python3.12/site-packages/airflow/example_dags/example_setup_teardown_taskflow.py
[2025-04-01T16:43:54.706-0500] {processor.py:925} INFO - DAG(s) 'example_setup_teardown_taskflow' retrieved from /mnt/d/Universidad/ETL/Proyecto_airflow/venv/lib/python3.12/site-packages/airflow/example_dags/example_setup_teardown_taskflow.py
[2025-04-01T16:43:54.725-0500] {logging_mixin.py:190} INFO - [2025-04-01T16:43:54.724-0500] {dag.py:3239} INFO - Sync 1 DAGs
[2025-04-01T16:43:54.734-0500] {logging_mixin.py:190} INFO - [2025-04-01T16:43:54.733-0500] {dag.py:4180} INFO - Setting next_dagrun for example_setup_teardown_taskflow to None, run_after=None
[2025-04-01T16:43:54.801-0500] {processor.py:208} INFO - Processing /mnt/d/Universidad/ETL/Proyecto_airflow/venv/lib/python3.12/site-packages/airflow/example_dags/example_setup_teardown_taskflow.py took 0.163 seconds
[2025-04-01T16:45:28.848-0500] {processor.py:186} INFO - Started process (PID=5394) to work on /mnt/d/Universidad/ETL/Proyecto_airflow/venv/lib/python3.12/site-packages/airflow/example_dags/example_setup_teardown_taskflow.py
[2025-04-01T16:45:28.849-0500] {processor.py:914} INFO - Processing file /mnt/d/Universidad/ETL/Proyecto_airflow/venv/lib/python3.12/site-packages/airflow/example_dags/example_setup_teardown_taskflow.py for tasks to queue
[2025-04-01T16:45:28.851-0500] {logging_mixin.py:190} INFO - [2025-04-01T16:45:28.851-0500] {dagbag.py:588} INFO - Filling up the DagBag from /mnt/d/Universidad/ETL/Proyecto_airflow/venv/lib/python3.12/site-packages/airflow/example_dags/example_setup_teardown_taskflow.py
[2025-04-01T16:45:28.909-0500] {processor.py:925} INFO - DAG(s) 'example_setup_teardown_taskflow' retrieved from /mnt/d/Universidad/ETL/Proyecto_airflow/venv/lib/python3.12/site-packages/airflow/example_dags/example_setup_teardown_taskflow.py
[2025-04-01T16:45:29.009-0500] {logging_mixin.py:190} INFO - [2025-04-01T16:45:29.008-0500] {dag.py:3239} INFO - Sync 1 DAGs
[2025-04-01T16:45:29.019-0500] {logging_mixin.py:190} INFO - [2025-04-01T16:45:29.019-0500] {dag.py:4180} INFO - Setting next_dagrun for example_setup_teardown_taskflow to None, run_after=None
[2025-04-01T16:45:29.088-0500] {processor.py:208} INFO - Processing /mnt/d/Universidad/ETL/Proyecto_airflow/venv/lib/python3.12/site-packages/airflow/example_dags/example_setup_teardown_taskflow.py took 0.249 seconds
[2025-04-01T16:47:09.509-0500] {processor.py:186} INFO - Started process (PID=5468) to work on /mnt/d/Universidad/ETL/Proyecto_airflow/venv/lib/python3.12/site-packages/airflow/example_dags/example_setup_teardown_taskflow.py
[2025-04-01T16:47:09.510-0500] {processor.py:914} INFO - Processing file /mnt/d/Universidad/ETL/Proyecto_airflow/venv/lib/python3.12/site-packages/airflow/example_dags/example_setup_teardown_taskflow.py for tasks to queue
[2025-04-01T16:47:09.512-0500] {logging_mixin.py:190} INFO - [2025-04-01T16:47:09.511-0500] {dagbag.py:588} INFO - Filling up the DagBag from /mnt/d/Universidad/ETL/Proyecto_airflow/venv/lib/python3.12/site-packages/airflow/example_dags/example_setup_teardown_taskflow.py
[2025-04-01T16:47:09.567-0500] {processor.py:925} INFO - DAG(s) 'example_setup_teardown_taskflow' retrieved from /mnt/d/Universidad/ETL/Proyecto_airflow/venv/lib/python3.12/site-packages/airflow/example_dags/example_setup_teardown_taskflow.py
[2025-04-01T16:47:09.586-0500] {logging_mixin.py:190} INFO - [2025-04-01T16:47:09.585-0500] {dag.py:3239} INFO - Sync 1 DAGs
[2025-04-01T16:47:09.595-0500] {logging_mixin.py:190} INFO - [2025-04-01T16:47:09.594-0500] {dag.py:4180} INFO - Setting next_dagrun for example_setup_teardown_taskflow to None, run_after=None
[2025-04-01T16:47:09.729-0500] {processor.py:208} INFO - Processing /mnt/d/Universidad/ETL/Proyecto_airflow/venv/lib/python3.12/site-packages/airflow/example_dags/example_setup_teardown_taskflow.py took 0.228 seconds
[2025-04-01T16:48:38.421-0500] {processor.py:186} INFO - Started process (PID=5537) to work on /mnt/d/Universidad/ETL/Proyecto_airflow/venv/lib/python3.12/site-packages/airflow/example_dags/example_setup_teardown_taskflow.py
[2025-04-01T16:48:38.422-0500] {processor.py:914} INFO - Processing file /mnt/d/Universidad/ETL/Proyecto_airflow/venv/lib/python3.12/site-packages/airflow/example_dags/example_setup_teardown_taskflow.py for tasks to queue
[2025-04-01T16:48:38.424-0500] {logging_mixin.py:190} INFO - [2025-04-01T16:48:38.423-0500] {dagbag.py:588} INFO - Filling up the DagBag from /mnt/d/Universidad/ETL/Proyecto_airflow/venv/lib/python3.12/site-packages/airflow/example_dags/example_setup_teardown_taskflow.py
[2025-04-01T16:48:38.478-0500] {processor.py:925} INFO - DAG(s) 'example_setup_teardown_taskflow' retrieved from /mnt/d/Universidad/ETL/Proyecto_airflow/venv/lib/python3.12/site-packages/airflow/example_dags/example_setup_teardown_taskflow.py
[2025-04-01T16:48:38.497-0500] {logging_mixin.py:190} INFO - [2025-04-01T16:48:38.496-0500] {dag.py:3239} INFO - Sync 1 DAGs
[2025-04-01T16:48:38.506-0500] {logging_mixin.py:190} INFO - [2025-04-01T16:48:38.505-0500] {dag.py:4180} INFO - Setting next_dagrun for example_setup_teardown_taskflow to None, run_after=None
[2025-04-01T16:48:38.604-0500] {processor.py:208} INFO - Processing /mnt/d/Universidad/ETL/Proyecto_airflow/venv/lib/python3.12/site-packages/airflow/example_dags/example_setup_teardown_taskflow.py took 0.191 seconds
[2025-04-01T16:50:08.011-0500] {processor.py:186} INFO - Started process (PID=5606) to work on /mnt/d/Universidad/ETL/Proyecto_airflow/venv/lib/python3.12/site-packages/airflow/example_dags/example_setup_teardown_taskflow.py
[2025-04-01T16:50:08.012-0500] {processor.py:914} INFO - Processing file /mnt/d/Universidad/ETL/Proyecto_airflow/venv/lib/python3.12/site-packages/airflow/example_dags/example_setup_teardown_taskflow.py for tasks to queue
[2025-04-01T16:50:08.015-0500] {logging_mixin.py:190} INFO - [2025-04-01T16:50:08.014-0500] {dagbag.py:588} INFO - Filling up the DagBag from /mnt/d/Universidad/ETL/Proyecto_airflow/venv/lib/python3.12/site-packages/airflow/example_dags/example_setup_teardown_taskflow.py
[2025-04-01T16:50:08.075-0500] {processor.py:925} INFO - DAG(s) 'example_setup_teardown_taskflow' retrieved from /mnt/d/Universidad/ETL/Proyecto_airflow/venv/lib/python3.12/site-packages/airflow/example_dags/example_setup_teardown_taskflow.py
[2025-04-01T16:50:08.095-0500] {logging_mixin.py:190} INFO - [2025-04-01T16:50:08.094-0500] {dag.py:3239} INFO - Sync 1 DAGs
[2025-04-01T16:50:08.105-0500] {logging_mixin.py:190} INFO - [2025-04-01T16:50:08.104-0500] {dag.py:4180} INFO - Setting next_dagrun for example_setup_teardown_taskflow to None, run_after=None
[2025-04-01T16:50:08.207-0500] {processor.py:208} INFO - Processing /mnt/d/Universidad/ETL/Proyecto_airflow/venv/lib/python3.12/site-packages/airflow/example_dags/example_setup_teardown_taskflow.py took 0.205 seconds
[2025-04-01T16:51:44.325-0500] {processor.py:186} INFO - Started process (PID=5679) to work on /mnt/d/Universidad/ETL/Proyecto_airflow/venv/lib/python3.12/site-packages/airflow/example_dags/example_setup_teardown_taskflow.py
[2025-04-01T16:51:44.326-0500] {processor.py:914} INFO - Processing file /mnt/d/Universidad/ETL/Proyecto_airflow/venv/lib/python3.12/site-packages/airflow/example_dags/example_setup_teardown_taskflow.py for tasks to queue
[2025-04-01T16:51:44.328-0500] {logging_mixin.py:190} INFO - [2025-04-01T16:51:44.327-0500] {dagbag.py:588} INFO - Filling up the DagBag from /mnt/d/Universidad/ETL/Proyecto_airflow/venv/lib/python3.12/site-packages/airflow/example_dags/example_setup_teardown_taskflow.py
[2025-04-01T16:51:44.382-0500] {processor.py:925} INFO - DAG(s) 'example_setup_teardown_taskflow' retrieved from /mnt/d/Universidad/ETL/Proyecto_airflow/venv/lib/python3.12/site-packages/airflow/example_dags/example_setup_teardown_taskflow.py
[2025-04-01T16:51:44.401-0500] {logging_mixin.py:190} INFO - [2025-04-01T16:51:44.400-0500] {dag.py:3239} INFO - Sync 1 DAGs
[2025-04-01T16:51:44.410-0500] {logging_mixin.py:190} INFO - [2025-04-01T16:51:44.409-0500] {dag.py:4180} INFO - Setting next_dagrun for example_setup_teardown_taskflow to None, run_after=None
[2025-04-01T16:51:44.568-0500] {processor.py:208} INFO - Processing /mnt/d/Universidad/ETL/Proyecto_airflow/venv/lib/python3.12/site-packages/airflow/example_dags/example_setup_teardown_taskflow.py took 0.251 seconds
[2025-04-01T16:53:22.133-0500] {processor.py:186} INFO - Started process (PID=5751) to work on /mnt/d/Universidad/ETL/Proyecto_airflow/venv/lib/python3.12/site-packages/airflow/example_dags/example_setup_teardown_taskflow.py
[2025-04-01T16:53:22.134-0500] {processor.py:914} INFO - Processing file /mnt/d/Universidad/ETL/Proyecto_airflow/venv/lib/python3.12/site-packages/airflow/example_dags/example_setup_teardown_taskflow.py for tasks to queue
[2025-04-01T16:53:22.136-0500] {logging_mixin.py:190} INFO - [2025-04-01T16:53:22.135-0500] {dagbag.py:588} INFO - Filling up the DagBag from /mnt/d/Universidad/ETL/Proyecto_airflow/venv/lib/python3.12/site-packages/airflow/example_dags/example_setup_teardown_taskflow.py
[2025-04-01T16:53:22.191-0500] {processor.py:925} INFO - DAG(s) 'example_setup_teardown_taskflow' retrieved from /mnt/d/Universidad/ETL/Proyecto_airflow/venv/lib/python3.12/site-packages/airflow/example_dags/example_setup_teardown_taskflow.py
[2025-04-01T16:53:22.209-0500] {logging_mixin.py:190} INFO - [2025-04-01T16:53:22.209-0500] {dag.py:3239} INFO - Sync 1 DAGs
[2025-04-01T16:53:22.219-0500] {logging_mixin.py:190} INFO - [2025-04-01T16:53:22.218-0500] {dag.py:4180} INFO - Setting next_dagrun for example_setup_teardown_taskflow to None, run_after=None
[2025-04-01T16:53:22.321-0500] {processor.py:208} INFO - Processing /mnt/d/Universidad/ETL/Proyecto_airflow/venv/lib/python3.12/site-packages/airflow/example_dags/example_setup_teardown_taskflow.py took 0.196 seconds
[2025-04-01T16:54:57.379-0500] {processor.py:186} INFO - Started process (PID=5823) to work on /mnt/d/Universidad/ETL/Proyecto_airflow/venv/lib/python3.12/site-packages/airflow/example_dags/example_setup_teardown_taskflow.py
[2025-04-01T16:54:57.380-0500] {processor.py:914} INFO - Processing file /mnt/d/Universidad/ETL/Proyecto_airflow/venv/lib/python3.12/site-packages/airflow/example_dags/example_setup_teardown_taskflow.py for tasks to queue
[2025-04-01T16:54:57.383-0500] {logging_mixin.py:190} INFO - [2025-04-01T16:54:57.382-0500] {dagbag.py:588} INFO - Filling up the DagBag from /mnt/d/Universidad/ETL/Proyecto_airflow/venv/lib/python3.12/site-packages/airflow/example_dags/example_setup_teardown_taskflow.py
[2025-04-01T16:54:57.438-0500] {processor.py:925} INFO - DAG(s) 'example_setup_teardown_taskflow' retrieved from /mnt/d/Universidad/ETL/Proyecto_airflow/venv/lib/python3.12/site-packages/airflow/example_dags/example_setup_teardown_taskflow.py
[2025-04-01T16:54:57.456-0500] {logging_mixin.py:190} INFO - [2025-04-01T16:54:57.456-0500] {dag.py:3239} INFO - Sync 1 DAGs
[2025-04-01T16:54:57.465-0500] {logging_mixin.py:190} INFO - [2025-04-01T16:54:57.465-0500] {dag.py:4180} INFO - Setting next_dagrun for example_setup_teardown_taskflow to None, run_after=None
[2025-04-01T16:54:57.555-0500] {processor.py:208} INFO - Processing /mnt/d/Universidad/ETL/Proyecto_airflow/venv/lib/python3.12/site-packages/airflow/example_dags/example_setup_teardown_taskflow.py took 0.183 seconds
[2025-04-01T16:56:31.770-0500] {processor.py:186} INFO - Started process (PID=5894) to work on /mnt/d/Universidad/ETL/Proyecto_airflow/venv/lib/python3.12/site-packages/airflow/example_dags/example_setup_teardown_taskflow.py
[2025-04-01T16:56:31.771-0500] {processor.py:914} INFO - Processing file /mnt/d/Universidad/ETL/Proyecto_airflow/venv/lib/python3.12/site-packages/airflow/example_dags/example_setup_teardown_taskflow.py for tasks to queue
[2025-04-01T16:56:31.773-0500] {logging_mixin.py:190} INFO - [2025-04-01T16:56:31.772-0500] {dagbag.py:588} INFO - Filling up the DagBag from /mnt/d/Universidad/ETL/Proyecto_airflow/venv/lib/python3.12/site-packages/airflow/example_dags/example_setup_teardown_taskflow.py
[2025-04-01T16:56:31.830-0500] {processor.py:925} INFO - DAG(s) 'example_setup_teardown_taskflow' retrieved from /mnt/d/Universidad/ETL/Proyecto_airflow/venv/lib/python3.12/site-packages/airflow/example_dags/example_setup_teardown_taskflow.py
[2025-04-01T16:56:31.903-0500] {logging_mixin.py:190} INFO - [2025-04-01T16:56:31.903-0500] {dag.py:3239} INFO - Sync 1 DAGs
[2025-04-01T16:56:31.913-0500] {logging_mixin.py:190} INFO - [2025-04-01T16:56:31.913-0500] {dag.py:4180} INFO - Setting next_dagrun for example_setup_teardown_taskflow to None, run_after=None
[2025-04-01T16:56:32.013-0500] {processor.py:208} INFO - Processing /mnt/d/Universidad/ETL/Proyecto_airflow/venv/lib/python3.12/site-packages/airflow/example_dags/example_setup_teardown_taskflow.py took 0.251 seconds
[2025-04-01T16:58:01.977-0500] {processor.py:186} INFO - Started process (PID=5964) to work on /mnt/d/Universidad/ETL/Proyecto_airflow/venv/lib/python3.12/site-packages/airflow/example_dags/example_setup_teardown_taskflow.py
[2025-04-01T16:58:01.978-0500] {processor.py:914} INFO - Processing file /mnt/d/Universidad/ETL/Proyecto_airflow/venv/lib/python3.12/site-packages/airflow/example_dags/example_setup_teardown_taskflow.py for tasks to queue
[2025-04-01T16:58:01.980-0500] {logging_mixin.py:190} INFO - [2025-04-01T16:58:01.979-0500] {dagbag.py:588} INFO - Filling up the DagBag from /mnt/d/Universidad/ETL/Proyecto_airflow/venv/lib/python3.12/site-packages/airflow/example_dags/example_setup_teardown_taskflow.py
[2025-04-01T16:58:02.034-0500] {processor.py:925} INFO - DAG(s) 'example_setup_teardown_taskflow' retrieved from /mnt/d/Universidad/ETL/Proyecto_airflow/venv/lib/python3.12/site-packages/airflow/example_dags/example_setup_teardown_taskflow.py
[2025-04-01T16:58:02.053-0500] {logging_mixin.py:190} INFO - [2025-04-01T16:58:02.052-0500] {dag.py:3239} INFO - Sync 1 DAGs
[2025-04-01T16:58:02.062-0500] {logging_mixin.py:190} INFO - [2025-04-01T16:58:02.061-0500] {dag.py:4180} INFO - Setting next_dagrun for example_setup_teardown_taskflow to None, run_after=None
[2025-04-01T16:58:02.157-0500] {processor.py:208} INFO - Processing /mnt/d/Universidad/ETL/Proyecto_airflow/venv/lib/python3.12/site-packages/airflow/example_dags/example_setup_teardown_taskflow.py took 0.188 seconds
[2025-04-01T16:59:37.208-0500] {processor.py:186} INFO - Started process (PID=6035) to work on /mnt/d/Universidad/ETL/Proyecto_airflow/venv/lib/python3.12/site-packages/airflow/example_dags/example_setup_teardown_taskflow.py
[2025-04-01T16:59:37.209-0500] {processor.py:914} INFO - Processing file /mnt/d/Universidad/ETL/Proyecto_airflow/venv/lib/python3.12/site-packages/airflow/example_dags/example_setup_teardown_taskflow.py for tasks to queue
[2025-04-01T16:59:37.211-0500] {logging_mixin.py:190} INFO - [2025-04-01T16:59:37.210-0500] {dagbag.py:588} INFO - Filling up the DagBag from /mnt/d/Universidad/ETL/Proyecto_airflow/venv/lib/python3.12/site-packages/airflow/example_dags/example_setup_teardown_taskflow.py
[2025-04-01T16:59:37.266-0500] {processor.py:925} INFO - DAG(s) 'example_setup_teardown_taskflow' retrieved from /mnt/d/Universidad/ETL/Proyecto_airflow/venv/lib/python3.12/site-packages/airflow/example_dags/example_setup_teardown_taskflow.py
[2025-04-01T16:59:37.285-0500] {logging_mixin.py:190} INFO - [2025-04-01T16:59:37.284-0500] {dag.py:3239} INFO - Sync 1 DAGs
[2025-04-01T16:59:37.293-0500] {logging_mixin.py:190} INFO - [2025-04-01T16:59:37.293-0500] {dag.py:4180} INFO - Setting next_dagrun for example_setup_teardown_taskflow to None, run_after=None
[2025-04-01T16:59:37.397-0500] {processor.py:208} INFO - Processing /mnt/d/Universidad/ETL/Proyecto_airflow/venv/lib/python3.12/site-packages/airflow/example_dags/example_setup_teardown_taskflow.py took 0.197 seconds
[2025-04-01T17:01:16.611-0500] {processor.py:186} INFO - Started process (PID=6107) to work on /mnt/d/Universidad/ETL/Proyecto_airflow/venv/lib/python3.12/site-packages/airflow/example_dags/example_setup_teardown_taskflow.py
[2025-04-01T17:01:16.613-0500] {processor.py:914} INFO - Processing file /mnt/d/Universidad/ETL/Proyecto_airflow/venv/lib/python3.12/site-packages/airflow/example_dags/example_setup_teardown_taskflow.py for tasks to queue
[2025-04-01T17:01:16.615-0500] {logging_mixin.py:190} INFO - [2025-04-01T17:01:16.614-0500] {dagbag.py:588} INFO - Filling up the DagBag from /mnt/d/Universidad/ETL/Proyecto_airflow/venv/lib/python3.12/site-packages/airflow/example_dags/example_setup_teardown_taskflow.py
[2025-04-01T17:01:16.671-0500] {processor.py:925} INFO - DAG(s) 'example_setup_teardown_taskflow' retrieved from /mnt/d/Universidad/ETL/Proyecto_airflow/venv/lib/python3.12/site-packages/airflow/example_dags/example_setup_teardown_taskflow.py
[2025-04-01T17:01:16.690-0500] {logging_mixin.py:190} INFO - [2025-04-01T17:01:16.690-0500] {dag.py:3239} INFO - Sync 1 DAGs
[2025-04-01T17:01:16.700-0500] {logging_mixin.py:190} INFO - [2025-04-01T17:01:16.699-0500] {dag.py:4180} INFO - Setting next_dagrun for example_setup_teardown_taskflow to None, run_after=None
[2025-04-01T17:01:16.822-0500] {processor.py:208} INFO - Processing /mnt/d/Universidad/ETL/Proyecto_airflow/venv/lib/python3.12/site-packages/airflow/example_dags/example_setup_teardown_taskflow.py took 0.219 seconds
[2025-04-01T17:02:47.064-0500] {processor.py:186} INFO - Started process (PID=6177) to work on /mnt/d/Universidad/ETL/Proyecto_airflow/venv/lib/python3.12/site-packages/airflow/example_dags/example_setup_teardown_taskflow.py
[2025-04-01T17:02:47.065-0500] {processor.py:914} INFO - Processing file /mnt/d/Universidad/ETL/Proyecto_airflow/venv/lib/python3.12/site-packages/airflow/example_dags/example_setup_teardown_taskflow.py for tasks to queue
[2025-04-01T17:02:47.067-0500] {logging_mixin.py:190} INFO - [2025-04-01T17:02:47.066-0500] {dagbag.py:588} INFO - Filling up the DagBag from /mnt/d/Universidad/ETL/Proyecto_airflow/venv/lib/python3.12/site-packages/airflow/example_dags/example_setup_teardown_taskflow.py
[2025-04-01T17:02:47.122-0500] {processor.py:925} INFO - DAG(s) 'example_setup_teardown_taskflow' retrieved from /mnt/d/Universidad/ETL/Proyecto_airflow/venv/lib/python3.12/site-packages/airflow/example_dags/example_setup_teardown_taskflow.py
[2025-04-01T17:02:47.140-0500] {logging_mixin.py:190} INFO - [2025-04-01T17:02:47.139-0500] {dag.py:3239} INFO - Sync 1 DAGs
[2025-04-01T17:02:47.149-0500] {logging_mixin.py:190} INFO - [2025-04-01T17:02:47.149-0500] {dag.py:4180} INFO - Setting next_dagrun for example_setup_teardown_taskflow to None, run_after=None
[2025-04-01T17:02:47.250-0500] {processor.py:208} INFO - Processing /mnt/d/Universidad/ETL/Proyecto_airflow/venv/lib/python3.12/site-packages/airflow/example_dags/example_setup_teardown_taskflow.py took 0.194 seconds
[2025-04-01T17:04:24.262-0500] {processor.py:186} INFO - Started process (PID=6249) to work on /mnt/d/Universidad/ETL/Proyecto_airflow/venv/lib/python3.12/site-packages/airflow/example_dags/example_setup_teardown_taskflow.py
[2025-04-01T17:04:24.263-0500] {processor.py:914} INFO - Processing file /mnt/d/Universidad/ETL/Proyecto_airflow/venv/lib/python3.12/site-packages/airflow/example_dags/example_setup_teardown_taskflow.py for tasks to queue
[2025-04-01T17:04:24.265-0500] {logging_mixin.py:190} INFO - [2025-04-01T17:04:24.264-0500] {dagbag.py:588} INFO - Filling up the DagBag from /mnt/d/Universidad/ETL/Proyecto_airflow/venv/lib/python3.12/site-packages/airflow/example_dags/example_setup_teardown_taskflow.py
[2025-04-01T17:04:24.319-0500] {processor.py:925} INFO - DAG(s) 'example_setup_teardown_taskflow' retrieved from /mnt/d/Universidad/ETL/Proyecto_airflow/venv/lib/python3.12/site-packages/airflow/example_dags/example_setup_teardown_taskflow.py
[2025-04-01T17:04:24.338-0500] {logging_mixin.py:190} INFO - [2025-04-01T17:04:24.337-0500] {dag.py:3239} INFO - Sync 1 DAGs
[2025-04-01T17:04:24.347-0500] {logging_mixin.py:190} INFO - [2025-04-01T17:04:24.346-0500] {dag.py:4180} INFO - Setting next_dagrun for example_setup_teardown_taskflow to None, run_after=None
[2025-04-01T17:04:24.448-0500] {processor.py:208} INFO - Processing /mnt/d/Universidad/ETL/Proyecto_airflow/venv/lib/python3.12/site-packages/airflow/example_dags/example_setup_teardown_taskflow.py took 0.194 seconds
[2025-04-01T17:06:04.247-0500] {processor.py:186} INFO - Started process (PID=6320) to work on /mnt/d/Universidad/ETL/Proyecto_airflow/venv/lib/python3.12/site-packages/airflow/example_dags/example_setup_teardown_taskflow.py
[2025-04-01T17:06:04.248-0500] {processor.py:914} INFO - Processing file /mnt/d/Universidad/ETL/Proyecto_airflow/venv/lib/python3.12/site-packages/airflow/example_dags/example_setup_teardown_taskflow.py for tasks to queue
[2025-04-01T17:06:04.251-0500] {logging_mixin.py:190} INFO - [2025-04-01T17:06:04.250-0500] {dagbag.py:588} INFO - Filling up the DagBag from /mnt/d/Universidad/ETL/Proyecto_airflow/venv/lib/python3.12/site-packages/airflow/example_dags/example_setup_teardown_taskflow.py
[2025-04-01T17:06:04.305-0500] {processor.py:925} INFO - DAG(s) 'example_setup_teardown_taskflow' retrieved from /mnt/d/Universidad/ETL/Proyecto_airflow/venv/lib/python3.12/site-packages/airflow/example_dags/example_setup_teardown_taskflow.py
[2025-04-01T17:06:04.324-0500] {logging_mixin.py:190} INFO - [2025-04-01T17:06:04.323-0500] {dag.py:3239} INFO - Sync 1 DAGs
[2025-04-01T17:06:04.333-0500] {logging_mixin.py:190} INFO - [2025-04-01T17:06:04.332-0500] {dag.py:4180} INFO - Setting next_dagrun for example_setup_teardown_taskflow to None, run_after=None
[2025-04-01T17:06:04.437-0500] {processor.py:208} INFO - Processing /mnt/d/Universidad/ETL/Proyecto_airflow/venv/lib/python3.12/site-packages/airflow/example_dags/example_setup_teardown_taskflow.py took 0.197 seconds
[2025-04-01T17:07:36.919-0500] {processor.py:186} INFO - Started process (PID=6393) to work on /mnt/d/Universidad/ETL/Proyecto_airflow/venv/lib/python3.12/site-packages/airflow/example_dags/example_setup_teardown_taskflow.py
[2025-04-01T17:07:36.920-0500] {processor.py:914} INFO - Processing file /mnt/d/Universidad/ETL/Proyecto_airflow/venv/lib/python3.12/site-packages/airflow/example_dags/example_setup_teardown_taskflow.py for tasks to queue
[2025-04-01T17:07:36.922-0500] {logging_mixin.py:190} INFO - [2025-04-01T17:07:36.921-0500] {dagbag.py:588} INFO - Filling up the DagBag from /mnt/d/Universidad/ETL/Proyecto_airflow/venv/lib/python3.12/site-packages/airflow/example_dags/example_setup_teardown_taskflow.py
[2025-04-01T17:07:36.976-0500] {processor.py:925} INFO - DAG(s) 'example_setup_teardown_taskflow' retrieved from /mnt/d/Universidad/ETL/Proyecto_airflow/venv/lib/python3.12/site-packages/airflow/example_dags/example_setup_teardown_taskflow.py
[2025-04-01T17:07:36.994-0500] {logging_mixin.py:190} INFO - [2025-04-01T17:07:36.993-0500] {dag.py:3239} INFO - Sync 1 DAGs
[2025-04-01T17:07:37.003-0500] {logging_mixin.py:190} INFO - [2025-04-01T17:07:37.002-0500] {dag.py:4180} INFO - Setting next_dagrun for example_setup_teardown_taskflow to None, run_after=None
[2025-04-01T17:07:37.103-0500] {processor.py:208} INFO - Processing /mnt/d/Universidad/ETL/Proyecto_airflow/venv/lib/python3.12/site-packages/airflow/example_dags/example_setup_teardown_taskflow.py took 0.192 seconds
[2025-04-01T17:09:17.184-0500] {processor.py:186} INFO - Started process (PID=6466) to work on /mnt/d/Universidad/ETL/Proyecto_airflow/venv/lib/python3.12/site-packages/airflow/example_dags/example_setup_teardown_taskflow.py
[2025-04-01T17:09:17.185-0500] {processor.py:914} INFO - Processing file /mnt/d/Universidad/ETL/Proyecto_airflow/venv/lib/python3.12/site-packages/airflow/example_dags/example_setup_teardown_taskflow.py for tasks to queue
[2025-04-01T17:09:17.187-0500] {logging_mixin.py:190} INFO - [2025-04-01T17:09:17.187-0500] {dagbag.py:588} INFO - Filling up the DagBag from /mnt/d/Universidad/ETL/Proyecto_airflow/venv/lib/python3.12/site-packages/airflow/example_dags/example_setup_teardown_taskflow.py
[2025-04-01T17:09:17.242-0500] {processor.py:925} INFO - DAG(s) 'example_setup_teardown_taskflow' retrieved from /mnt/d/Universidad/ETL/Proyecto_airflow/venv/lib/python3.12/site-packages/airflow/example_dags/example_setup_teardown_taskflow.py
[2025-04-01T17:09:17.261-0500] {logging_mixin.py:190} INFO - [2025-04-01T17:09:17.261-0500] {dag.py:3239} INFO - Sync 1 DAGs
[2025-04-01T17:09:17.270-0500] {logging_mixin.py:190} INFO - [2025-04-01T17:09:17.270-0500] {dag.py:4180} INFO - Setting next_dagrun for example_setup_teardown_taskflow to None, run_after=None
[2025-04-01T17:09:17.378-0500] {processor.py:208} INFO - Processing /mnt/d/Universidad/ETL/Proyecto_airflow/venv/lib/python3.12/site-packages/airflow/example_dags/example_setup_teardown_taskflow.py took 0.202 seconds
[2025-04-01T17:10:58.863-0500] {processor.py:186} INFO - Started process (PID=6539) to work on /mnt/d/Universidad/ETL/Proyecto_airflow/venv/lib/python3.12/site-packages/airflow/example_dags/example_setup_teardown_taskflow.py
[2025-04-01T17:10:58.864-0500] {processor.py:914} INFO - Processing file /mnt/d/Universidad/ETL/Proyecto_airflow/venv/lib/python3.12/site-packages/airflow/example_dags/example_setup_teardown_taskflow.py for tasks to queue
[2025-04-01T17:10:58.866-0500] {logging_mixin.py:190} INFO - [2025-04-01T17:10:58.865-0500] {dagbag.py:588} INFO - Filling up the DagBag from /mnt/d/Universidad/ETL/Proyecto_airflow/venv/lib/python3.12/site-packages/airflow/example_dags/example_setup_teardown_taskflow.py
[2025-04-01T17:10:58.921-0500] {processor.py:925} INFO - DAG(s) 'example_setup_teardown_taskflow' retrieved from /mnt/d/Universidad/ETL/Proyecto_airflow/venv/lib/python3.12/site-packages/airflow/example_dags/example_setup_teardown_taskflow.py
[2025-04-01T17:10:58.939-0500] {logging_mixin.py:190} INFO - [2025-04-01T17:10:58.939-0500] {dag.py:3239} INFO - Sync 1 DAGs
[2025-04-01T17:10:58.949-0500] {logging_mixin.py:190} INFO - [2025-04-01T17:10:58.948-0500] {dag.py:4180} INFO - Setting next_dagrun for example_setup_teardown_taskflow to None, run_after=None
[2025-04-01T17:10:59.053-0500] {processor.py:208} INFO - Processing /mnt/d/Universidad/ETL/Proyecto_airflow/venv/lib/python3.12/site-packages/airflow/example_dags/example_setup_teardown_taskflow.py took 0.198 seconds
[2025-04-01T17:12:42.322-0500] {processor.py:186} INFO - Started process (PID=6614) to work on /mnt/d/Universidad/ETL/Proyecto_airflow/venv/lib/python3.12/site-packages/airflow/example_dags/example_setup_teardown_taskflow.py
[2025-04-01T17:12:42.323-0500] {processor.py:914} INFO - Processing file /mnt/d/Universidad/ETL/Proyecto_airflow/venv/lib/python3.12/site-packages/airflow/example_dags/example_setup_teardown_taskflow.py for tasks to queue
[2025-04-01T17:12:42.325-0500] {logging_mixin.py:190} INFO - [2025-04-01T17:12:42.324-0500] {dagbag.py:588} INFO - Filling up the DagBag from /mnt/d/Universidad/ETL/Proyecto_airflow/venv/lib/python3.12/site-packages/airflow/example_dags/example_setup_teardown_taskflow.py
[2025-04-01T17:12:42.380-0500] {processor.py:925} INFO - DAG(s) 'example_setup_teardown_taskflow' retrieved from /mnt/d/Universidad/ETL/Proyecto_airflow/venv/lib/python3.12/site-packages/airflow/example_dags/example_setup_teardown_taskflow.py
[2025-04-01T17:12:42.399-0500] {logging_mixin.py:190} INFO - [2025-04-01T17:12:42.398-0500] {dag.py:3239} INFO - Sync 1 DAGs
[2025-04-01T17:12:42.408-0500] {logging_mixin.py:190} INFO - [2025-04-01T17:12:42.407-0500] {dag.py:4180} INFO - Setting next_dagrun for example_setup_teardown_taskflow to None, run_after=None
[2025-04-01T17:12:42.506-0500] {processor.py:208} INFO - Processing /mnt/d/Universidad/ETL/Proyecto_airflow/venv/lib/python3.12/site-packages/airflow/example_dags/example_setup_teardown_taskflow.py took 0.192 seconds
[2025-04-01T17:14:18.016-0500] {processor.py:186} INFO - Started process (PID=6686) to work on /mnt/d/Universidad/ETL/Proyecto_airflow/venv/lib/python3.12/site-packages/airflow/example_dags/example_setup_teardown_taskflow.py
[2025-04-01T17:14:18.018-0500] {processor.py:914} INFO - Processing file /mnt/d/Universidad/ETL/Proyecto_airflow/venv/lib/python3.12/site-packages/airflow/example_dags/example_setup_teardown_taskflow.py for tasks to queue
[2025-04-01T17:14:18.020-0500] {logging_mixin.py:190} INFO - [2025-04-01T17:14:18.019-0500] {dagbag.py:588} INFO - Filling up the DagBag from /mnt/d/Universidad/ETL/Proyecto_airflow/venv/lib/python3.12/site-packages/airflow/example_dags/example_setup_teardown_taskflow.py
[2025-04-01T17:14:18.084-0500] {processor.py:925} INFO - DAG(s) 'example_setup_teardown_taskflow' retrieved from /mnt/d/Universidad/ETL/Proyecto_airflow/venv/lib/python3.12/site-packages/airflow/example_dags/example_setup_teardown_taskflow.py
[2025-04-01T17:14:18.106-0500] {logging_mixin.py:190} INFO - [2025-04-01T17:14:18.105-0500] {dag.py:3239} INFO - Sync 1 DAGs
[2025-04-01T17:14:18.116-0500] {logging_mixin.py:190} INFO - [2025-04-01T17:14:18.116-0500] {dag.py:4180} INFO - Setting next_dagrun for example_setup_teardown_taskflow to None, run_after=None
[2025-04-01T17:14:18.254-0500] {processor.py:208} INFO - Processing /mnt/d/Universidad/ETL/Proyecto_airflow/venv/lib/python3.12/site-packages/airflow/example_dags/example_setup_teardown_taskflow.py took 0.247 seconds
[2025-04-01T17:15:47.202-0500] {processor.py:186} INFO - Started process (PID=6756) to work on /mnt/d/Universidad/ETL/Proyecto_airflow/venv/lib/python3.12/site-packages/airflow/example_dags/example_setup_teardown_taskflow.py
[2025-04-01T17:15:47.203-0500] {processor.py:914} INFO - Processing file /mnt/d/Universidad/ETL/Proyecto_airflow/venv/lib/python3.12/site-packages/airflow/example_dags/example_setup_teardown_taskflow.py for tasks to queue
[2025-04-01T17:15:47.205-0500] {logging_mixin.py:190} INFO - [2025-04-01T17:15:47.204-0500] {dagbag.py:588} INFO - Filling up the DagBag from /mnt/d/Universidad/ETL/Proyecto_airflow/venv/lib/python3.12/site-packages/airflow/example_dags/example_setup_teardown_taskflow.py
[2025-04-01T17:15:47.259-0500] {processor.py:925} INFO - DAG(s) 'example_setup_teardown_taskflow' retrieved from /mnt/d/Universidad/ETL/Proyecto_airflow/venv/lib/python3.12/site-packages/airflow/example_dags/example_setup_teardown_taskflow.py
[2025-04-01T17:15:47.278-0500] {logging_mixin.py:190} INFO - [2025-04-01T17:15:47.277-0500] {dag.py:3239} INFO - Sync 1 DAGs
[2025-04-01T17:15:47.286-0500] {logging_mixin.py:190} INFO - [2025-04-01T17:15:47.286-0500] {dag.py:4180} INFO - Setting next_dagrun for example_setup_teardown_taskflow to None, run_after=None
[2025-04-01T17:15:47.386-0500] {processor.py:208} INFO - Processing /mnt/d/Universidad/ETL/Proyecto_airflow/venv/lib/python3.12/site-packages/airflow/example_dags/example_setup_teardown_taskflow.py took 0.192 seconds
[2025-04-01T17:17:25.250-0500] {processor.py:186} INFO - Started process (PID=6831) to work on /mnt/d/Universidad/ETL/Proyecto_airflow/venv/lib/python3.12/site-packages/airflow/example_dags/example_setup_teardown_taskflow.py
[2025-04-01T17:17:25.251-0500] {processor.py:914} INFO - Processing file /mnt/d/Universidad/ETL/Proyecto_airflow/venv/lib/python3.12/site-packages/airflow/example_dags/example_setup_teardown_taskflow.py for tasks to queue
[2025-04-01T17:17:25.253-0500] {logging_mixin.py:190} INFO - [2025-04-01T17:17:25.253-0500] {dagbag.py:588} INFO - Filling up the DagBag from /mnt/d/Universidad/ETL/Proyecto_airflow/venv/lib/python3.12/site-packages/airflow/example_dags/example_setup_teardown_taskflow.py
[2025-04-01T17:17:25.308-0500] {processor.py:925} INFO - DAG(s) 'example_setup_teardown_taskflow' retrieved from /mnt/d/Universidad/ETL/Proyecto_airflow/venv/lib/python3.12/site-packages/airflow/example_dags/example_setup_teardown_taskflow.py
[2025-04-01T17:17:25.326-0500] {logging_mixin.py:190} INFO - [2025-04-01T17:17:25.326-0500] {dag.py:3239} INFO - Sync 1 DAGs
[2025-04-01T17:17:25.335-0500] {logging_mixin.py:190} INFO - [2025-04-01T17:17:25.335-0500] {dag.py:4180} INFO - Setting next_dagrun for example_setup_teardown_taskflow to None, run_after=None
[2025-04-01T17:17:25.442-0500] {processor.py:208} INFO - Processing /mnt/d/Universidad/ETL/Proyecto_airflow/venv/lib/python3.12/site-packages/airflow/example_dags/example_setup_teardown_taskflow.py took 0.199 seconds
[2025-04-01T17:19:05.467-0500] {processor.py:186} INFO - Started process (PID=6904) to work on /mnt/d/Universidad/ETL/Proyecto_airflow/venv/lib/python3.12/site-packages/airflow/example_dags/example_setup_teardown_taskflow.py
[2025-04-01T17:19:05.468-0500] {processor.py:914} INFO - Processing file /mnt/d/Universidad/ETL/Proyecto_airflow/venv/lib/python3.12/site-packages/airflow/example_dags/example_setup_teardown_taskflow.py for tasks to queue
[2025-04-01T17:19:05.470-0500] {logging_mixin.py:190} INFO - [2025-04-01T17:19:05.469-0500] {dagbag.py:588} INFO - Filling up the DagBag from /mnt/d/Universidad/ETL/Proyecto_airflow/venv/lib/python3.12/site-packages/airflow/example_dags/example_setup_teardown_taskflow.py
[2025-04-01T17:19:05.524-0500] {processor.py:925} INFO - DAG(s) 'example_setup_teardown_taskflow' retrieved from /mnt/d/Universidad/ETL/Proyecto_airflow/venv/lib/python3.12/site-packages/airflow/example_dags/example_setup_teardown_taskflow.py
[2025-04-01T17:19:05.544-0500] {logging_mixin.py:190} INFO - [2025-04-01T17:19:05.543-0500] {dag.py:3239} INFO - Sync 1 DAGs
[2025-04-01T17:19:05.553-0500] {logging_mixin.py:190} INFO - [2025-04-01T17:19:05.552-0500] {dag.py:4180} INFO - Setting next_dagrun for example_setup_teardown_taskflow to None, run_after=None
[2025-04-01T17:19:05.660-0500] {processor.py:208} INFO - Processing /mnt/d/Universidad/ETL/Proyecto_airflow/venv/lib/python3.12/site-packages/airflow/example_dags/example_setup_teardown_taskflow.py took 0.201 seconds
[2025-04-01T17:20:46.877-0500] {processor.py:186} INFO - Started process (PID=6977) to work on /mnt/d/Universidad/ETL/Proyecto_airflow/venv/lib/python3.12/site-packages/airflow/example_dags/example_setup_teardown_taskflow.py
[2025-04-01T17:20:46.878-0500] {processor.py:914} INFO - Processing file /mnt/d/Universidad/ETL/Proyecto_airflow/venv/lib/python3.12/site-packages/airflow/example_dags/example_setup_teardown_taskflow.py for tasks to queue
[2025-04-01T17:20:46.880-0500] {logging_mixin.py:190} INFO - [2025-04-01T17:20:46.880-0500] {dagbag.py:588} INFO - Filling up the DagBag from /mnt/d/Universidad/ETL/Proyecto_airflow/venv/lib/python3.12/site-packages/airflow/example_dags/example_setup_teardown_taskflow.py
[2025-04-01T17:20:46.940-0500] {processor.py:925} INFO - DAG(s) 'example_setup_teardown_taskflow' retrieved from /mnt/d/Universidad/ETL/Proyecto_airflow/venv/lib/python3.12/site-packages/airflow/example_dags/example_setup_teardown_taskflow.py
[2025-04-01T17:20:46.961-0500] {logging_mixin.py:190} INFO - [2025-04-01T17:20:46.960-0500] {dag.py:3239} INFO - Sync 1 DAGs
[2025-04-01T17:20:46.972-0500] {logging_mixin.py:190} INFO - [2025-04-01T17:20:46.971-0500] {dag.py:4180} INFO - Setting next_dagrun for example_setup_teardown_taskflow to None, run_after=None
[2025-04-01T17:20:47.075-0500] {processor.py:208} INFO - Processing /mnt/d/Universidad/ETL/Proyecto_airflow/venv/lib/python3.12/site-packages/airflow/example_dags/example_setup_teardown_taskflow.py took 0.207 seconds
[2025-04-01T17:22:30.047-0500] {processor.py:186} INFO - Started process (PID=7051) to work on /mnt/d/Universidad/ETL/Proyecto_airflow/venv/lib/python3.12/site-packages/airflow/example_dags/example_setup_teardown_taskflow.py
[2025-04-01T17:22:30.048-0500] {processor.py:914} INFO - Processing file /mnt/d/Universidad/ETL/Proyecto_airflow/venv/lib/python3.12/site-packages/airflow/example_dags/example_setup_teardown_taskflow.py for tasks to queue
[2025-04-01T17:22:30.051-0500] {logging_mixin.py:190} INFO - [2025-04-01T17:22:30.050-0500] {dagbag.py:588} INFO - Filling up the DagBag from /mnt/d/Universidad/ETL/Proyecto_airflow/venv/lib/python3.12/site-packages/airflow/example_dags/example_setup_teardown_taskflow.py
[2025-04-01T17:22:30.108-0500] {processor.py:925} INFO - DAG(s) 'example_setup_teardown_taskflow' retrieved from /mnt/d/Universidad/ETL/Proyecto_airflow/venv/lib/python3.12/site-packages/airflow/example_dags/example_setup_teardown_taskflow.py
[2025-04-01T17:22:30.129-0500] {logging_mixin.py:190} INFO - [2025-04-01T17:22:30.128-0500] {dag.py:3239} INFO - Sync 1 DAGs
[2025-04-01T17:22:30.139-0500] {logging_mixin.py:190} INFO - [2025-04-01T17:22:30.139-0500] {dag.py:4180} INFO - Setting next_dagrun for example_setup_teardown_taskflow to None, run_after=None
[2025-04-01T17:22:30.250-0500] {processor.py:208} INFO - Processing /mnt/d/Universidad/ETL/Proyecto_airflow/venv/lib/python3.12/site-packages/airflow/example_dags/example_setup_teardown_taskflow.py took 0.211 seconds
[2025-04-01T17:24:01.324-0500] {processor.py:186} INFO - Started process (PID=7121) to work on /mnt/d/Universidad/ETL/Proyecto_airflow/venv/lib/python3.12/site-packages/airflow/example_dags/example_setup_teardown_taskflow.py
[2025-04-01T17:24:01.325-0500] {processor.py:914} INFO - Processing file /mnt/d/Universidad/ETL/Proyecto_airflow/venv/lib/python3.12/site-packages/airflow/example_dags/example_setup_teardown_taskflow.py for tasks to queue
[2025-04-01T17:24:01.327-0500] {logging_mixin.py:190} INFO - [2025-04-01T17:24:01.326-0500] {dagbag.py:588} INFO - Filling up the DagBag from /mnt/d/Universidad/ETL/Proyecto_airflow/venv/lib/python3.12/site-packages/airflow/example_dags/example_setup_teardown_taskflow.py
[2025-04-01T17:24:01.383-0500] {processor.py:925} INFO - DAG(s) 'example_setup_teardown_taskflow' retrieved from /mnt/d/Universidad/ETL/Proyecto_airflow/venv/lib/python3.12/site-packages/airflow/example_dags/example_setup_teardown_taskflow.py
[2025-04-01T17:24:01.401-0500] {logging_mixin.py:190} INFO - [2025-04-01T17:24:01.401-0500] {dag.py:3239} INFO - Sync 1 DAGs
[2025-04-01T17:24:01.411-0500] {logging_mixin.py:190} INFO - [2025-04-01T17:24:01.410-0500] {dag.py:4180} INFO - Setting next_dagrun for example_setup_teardown_taskflow to None, run_after=None
[2025-04-01T17:24:01.511-0500] {processor.py:208} INFO - Processing /mnt/d/Universidad/ETL/Proyecto_airflow/venv/lib/python3.12/site-packages/airflow/example_dags/example_setup_teardown_taskflow.py took 0.196 seconds
[2025-04-01T17:25:37.909-0500] {processor.py:186} INFO - Started process (PID=7193) to work on /mnt/d/Universidad/ETL/Proyecto_airflow/venv/lib/python3.12/site-packages/airflow/example_dags/example_setup_teardown_taskflow.py
[2025-04-01T17:25:37.911-0500] {processor.py:914} INFO - Processing file /mnt/d/Universidad/ETL/Proyecto_airflow/venv/lib/python3.12/site-packages/airflow/example_dags/example_setup_teardown_taskflow.py for tasks to queue
[2025-04-01T17:25:37.913-0500] {logging_mixin.py:190} INFO - [2025-04-01T17:25:37.912-0500] {dagbag.py:588} INFO - Filling up the DagBag from /mnt/d/Universidad/ETL/Proyecto_airflow/venv/lib/python3.12/site-packages/airflow/example_dags/example_setup_teardown_taskflow.py
[2025-04-01T17:25:37.967-0500] {processor.py:925} INFO - DAG(s) 'example_setup_teardown_taskflow' retrieved from /mnt/d/Universidad/ETL/Proyecto_airflow/venv/lib/python3.12/site-packages/airflow/example_dags/example_setup_teardown_taskflow.py
[2025-04-01T17:25:37.985-0500] {logging_mixin.py:190} INFO - [2025-04-01T17:25:37.985-0500] {dag.py:3239} INFO - Sync 1 DAGs
[2025-04-01T17:25:37.994-0500] {logging_mixin.py:190} INFO - [2025-04-01T17:25:37.994-0500] {dag.py:4180} INFO - Setting next_dagrun for example_setup_teardown_taskflow to None, run_after=None
[2025-04-01T17:25:38.095-0500] {processor.py:208} INFO - Processing /mnt/d/Universidad/ETL/Proyecto_airflow/venv/lib/python3.12/site-packages/airflow/example_dags/example_setup_teardown_taskflow.py took 0.194 seconds
[2025-04-01T17:27:17.667-0500] {processor.py:186} INFO - Started process (PID=7264) to work on /mnt/d/Universidad/ETL/Proyecto_airflow/venv/lib/python3.12/site-packages/airflow/example_dags/example_setup_teardown_taskflow.py
[2025-04-01T17:27:17.668-0500] {processor.py:914} INFO - Processing file /mnt/d/Universidad/ETL/Proyecto_airflow/venv/lib/python3.12/site-packages/airflow/example_dags/example_setup_teardown_taskflow.py for tasks to queue
[2025-04-01T17:27:17.671-0500] {logging_mixin.py:190} INFO - [2025-04-01T17:27:17.670-0500] {dagbag.py:588} INFO - Filling up the DagBag from /mnt/d/Universidad/ETL/Proyecto_airflow/venv/lib/python3.12/site-packages/airflow/example_dags/example_setup_teardown_taskflow.py
[2025-04-01T17:27:17.727-0500] {processor.py:925} INFO - DAG(s) 'example_setup_teardown_taskflow' retrieved from /mnt/d/Universidad/ETL/Proyecto_airflow/venv/lib/python3.12/site-packages/airflow/example_dags/example_setup_teardown_taskflow.py
[2025-04-01T17:27:17.745-0500] {logging_mixin.py:190} INFO - [2025-04-01T17:27:17.744-0500] {dag.py:3239} INFO - Sync 1 DAGs
[2025-04-01T17:27:17.754-0500] {logging_mixin.py:190} INFO - [2025-04-01T17:27:17.754-0500] {dag.py:4180} INFO - Setting next_dagrun for example_setup_teardown_taskflow to None, run_after=None
[2025-04-01T17:27:17.878-0500] {processor.py:208} INFO - Processing /mnt/d/Universidad/ETL/Proyecto_airflow/venv/lib/python3.12/site-packages/airflow/example_dags/example_setup_teardown_taskflow.py took 0.219 seconds
[2025-04-01T17:28:43.056-0500] {processor.py:186} INFO - Started process (PID=7332) to work on /mnt/d/Universidad/ETL/Proyecto_airflow/venv/lib/python3.12/site-packages/airflow/example_dags/example_setup_teardown_taskflow.py
[2025-04-01T17:28:43.057-0500] {processor.py:914} INFO - Processing file /mnt/d/Universidad/ETL/Proyecto_airflow/venv/lib/python3.12/site-packages/airflow/example_dags/example_setup_teardown_taskflow.py for tasks to queue
[2025-04-01T17:28:43.059-0500] {logging_mixin.py:190} INFO - [2025-04-01T17:28:43.058-0500] {dagbag.py:588} INFO - Filling up the DagBag from /mnt/d/Universidad/ETL/Proyecto_airflow/venv/lib/python3.12/site-packages/airflow/example_dags/example_setup_teardown_taskflow.py
[2025-04-01T17:28:43.113-0500] {processor.py:925} INFO - DAG(s) 'example_setup_teardown_taskflow' retrieved from /mnt/d/Universidad/ETL/Proyecto_airflow/venv/lib/python3.12/site-packages/airflow/example_dags/example_setup_teardown_taskflow.py
[2025-04-01T17:28:43.131-0500] {logging_mixin.py:190} INFO - [2025-04-01T17:28:43.130-0500] {dag.py:3239} INFO - Sync 1 DAGs
[2025-04-01T17:28:43.140-0500] {logging_mixin.py:190} INFO - [2025-04-01T17:28:43.139-0500] {dag.py:4180} INFO - Setting next_dagrun for example_setup_teardown_taskflow to None, run_after=None
[2025-04-01T17:28:43.254-0500] {processor.py:208} INFO - Processing /mnt/d/Universidad/ETL/Proyecto_airflow/venv/lib/python3.12/site-packages/airflow/example_dags/example_setup_teardown_taskflow.py took 0.206 seconds
[2025-04-01T17:30:17.434-0500] {processor.py:186} INFO - Started process (PID=7403) to work on /mnt/d/Universidad/ETL/Proyecto_airflow/venv/lib/python3.12/site-packages/airflow/example_dags/example_setup_teardown_taskflow.py
[2025-04-01T17:30:17.435-0500] {processor.py:914} INFO - Processing file /mnt/d/Universidad/ETL/Proyecto_airflow/venv/lib/python3.12/site-packages/airflow/example_dags/example_setup_teardown_taskflow.py for tasks to queue
[2025-04-01T17:30:17.437-0500] {logging_mixin.py:190} INFO - [2025-04-01T17:30:17.437-0500] {dagbag.py:588} INFO - Filling up the DagBag from /mnt/d/Universidad/ETL/Proyecto_airflow/venv/lib/python3.12/site-packages/airflow/example_dags/example_setup_teardown_taskflow.py
[2025-04-01T17:30:17.495-0500] {processor.py:925} INFO - DAG(s) 'example_setup_teardown_taskflow' retrieved from /mnt/d/Universidad/ETL/Proyecto_airflow/venv/lib/python3.12/site-packages/airflow/example_dags/example_setup_teardown_taskflow.py
[2025-04-01T17:30:17.515-0500] {logging_mixin.py:190} INFO - [2025-04-01T17:30:17.514-0500] {dag.py:3239} INFO - Sync 1 DAGs
[2025-04-01T17:30:17.524-0500] {logging_mixin.py:190} INFO - [2025-04-01T17:30:17.524-0500] {dag.py:4180} INFO - Setting next_dagrun for example_setup_teardown_taskflow to None, run_after=None
[2025-04-01T17:30:17.622-0500] {processor.py:208} INFO - Processing /mnt/d/Universidad/ETL/Proyecto_airflow/venv/lib/python3.12/site-packages/airflow/example_dags/example_setup_teardown_taskflow.py took 0.196 seconds
