[2025-04-01T16:17:42.556-0500] {processor.py:186} INFO - Started process (PID=4109) to work on /mnt/d/Universidad/ETL/Proyecto_airflow/venv/lib/python3.12/site-packages/airflow/example_dags/example_branch_operator.py
[2025-04-01T16:17:42.557-0500] {processor.py:914} INFO - Processing file /mnt/d/Universidad/ETL/Proyecto_airflow/venv/lib/python3.12/site-packages/airflow/example_dags/example_branch_operator.py for tasks to queue
[2025-04-01T16:17:42.560-0500] {logging_mixin.py:190} INFO - [2025-04-01T16:17:42.559-0500] {dagbag.py:588} INFO - Filling up the DagBag from /mnt/d/Universidad/ETL/Proyecto_airflow/venv/lib/python3.12/site-packages/airflow/example_dags/example_branch_operator.py
[2025-04-01T16:17:42.612-0500] {processor.py:927} WARNING - No viable dags retrieved from /mnt/d/Universidad/ETL/Proyecto_airflow/venv/lib/python3.12/site-packages/airflow/example_dags/example_branch_operator.py
[2025-04-01T16:17:42.625-0500] {processor.py:208} INFO - Processing /mnt/d/Universidad/ETL/Proyecto_airflow/venv/lib/python3.12/site-packages/airflow/example_dags/example_branch_operator.py took 0.076 seconds
[2025-04-01T16:19:36.156-0500] {processor.py:186} INFO - Started process (PID=4196) to work on /mnt/d/Universidad/ETL/Proyecto_airflow/venv/lib/python3.12/site-packages/airflow/example_dags/example_branch_operator.py
[2025-04-01T16:19:36.157-0500] {processor.py:914} INFO - Processing file /mnt/d/Universidad/ETL/Proyecto_airflow/venv/lib/python3.12/site-packages/airflow/example_dags/example_branch_operator.py for tasks to queue
[2025-04-01T16:19:36.160-0500] {logging_mixin.py:190} INFO - [2025-04-01T16:19:36.159-0500] {dagbag.py:588} INFO - Filling up the DagBag from /mnt/d/Universidad/ETL/Proyecto_airflow/venv/lib/python3.12/site-packages/airflow/example_dags/example_branch_operator.py
[2025-04-01T16:19:36.216-0500] {processor.py:927} WARNING - No viable dags retrieved from /mnt/d/Universidad/ETL/Proyecto_airflow/venv/lib/python3.12/site-packages/airflow/example_dags/example_branch_operator.py
[2025-04-01T16:19:36.231-0500] {processor.py:208} INFO - Processing /mnt/d/Universidad/ETL/Proyecto_airflow/venv/lib/python3.12/site-packages/airflow/example_dags/example_branch_operator.py took 0.083 seconds
[2025-04-01T16:21:03.873-0500] {processor.py:186} INFO - Started process (PID=4268) to work on /mnt/d/Universidad/ETL/Proyecto_airflow/venv/lib/python3.12/site-packages/airflow/example_dags/example_branch_operator.py
[2025-04-01T16:21:03.874-0500] {processor.py:914} INFO - Processing file /mnt/d/Universidad/ETL/Proyecto_airflow/venv/lib/python3.12/site-packages/airflow/example_dags/example_branch_operator.py for tasks to queue
[2025-04-01T16:21:03.877-0500] {logging_mixin.py:190} INFO - [2025-04-01T16:21:03.876-0500] {dagbag.py:588} INFO - Filling up the DagBag from /mnt/d/Universidad/ETL/Proyecto_airflow/venv/lib/python3.12/site-packages/airflow/example_dags/example_branch_operator.py
[2025-04-01T16:21:03.934-0500] {processor.py:927} WARNING - No viable dags retrieved from /mnt/d/Universidad/ETL/Proyecto_airflow/venv/lib/python3.12/site-packages/airflow/example_dags/example_branch_operator.py
[2025-04-01T16:21:03.950-0500] {processor.py:208} INFO - Processing /mnt/d/Universidad/ETL/Proyecto_airflow/venv/lib/python3.12/site-packages/airflow/example_dags/example_branch_operator.py took 0.086 seconds
[2025-04-01T16:22:27.363-0500] {processor.py:186} INFO - Started process (PID=4337) to work on /mnt/d/Universidad/ETL/Proyecto_airflow/venv/lib/python3.12/site-packages/airflow/example_dags/example_branch_operator.py
[2025-04-01T16:22:27.364-0500] {processor.py:914} INFO - Processing file /mnt/d/Universidad/ETL/Proyecto_airflow/venv/lib/python3.12/site-packages/airflow/example_dags/example_branch_operator.py for tasks to queue
[2025-04-01T16:22:27.366-0500] {logging_mixin.py:190} INFO - [2025-04-01T16:22:27.365-0500] {dagbag.py:588} INFO - Filling up the DagBag from /mnt/d/Universidad/ETL/Proyecto_airflow/venv/lib/python3.12/site-packages/airflow/example_dags/example_branch_operator.py
[2025-04-01T16:22:27.418-0500] {processor.py:927} WARNING - No viable dags retrieved from /mnt/d/Universidad/ETL/Proyecto_airflow/venv/lib/python3.12/site-packages/airflow/example_dags/example_branch_operator.py
[2025-04-01T16:22:27.432-0500] {processor.py:208} INFO - Processing /mnt/d/Universidad/ETL/Proyecto_airflow/venv/lib/python3.12/site-packages/airflow/example_dags/example_branch_operator.py took 0.076 seconds
[2025-04-01T16:23:56.420-0500] {processor.py:186} INFO - Started process (PID=4406) to work on /mnt/d/Universidad/ETL/Proyecto_airflow/venv/lib/python3.12/site-packages/airflow/example_dags/example_branch_operator.py
[2025-04-01T16:23:56.422-0500] {processor.py:914} INFO - Processing file /mnt/d/Universidad/ETL/Proyecto_airflow/venv/lib/python3.12/site-packages/airflow/example_dags/example_branch_operator.py for tasks to queue
[2025-04-01T16:23:56.424-0500] {logging_mixin.py:190} INFO - [2025-04-01T16:23:56.423-0500] {dagbag.py:588} INFO - Filling up the DagBag from /mnt/d/Universidad/ETL/Proyecto_airflow/venv/lib/python3.12/site-packages/airflow/example_dags/example_branch_operator.py
[2025-04-01T16:23:56.476-0500] {processor.py:927} WARNING - No viable dags retrieved from /mnt/d/Universidad/ETL/Proyecto_airflow/venv/lib/python3.12/site-packages/airflow/example_dags/example_branch_operator.py
[2025-04-01T16:23:56.491-0500] {processor.py:208} INFO - Processing /mnt/d/Universidad/ETL/Proyecto_airflow/venv/lib/python3.12/site-packages/airflow/example_dags/example_branch_operator.py took 0.078 seconds
[2025-04-01T16:25:30.067-0500] {processor.py:186} INFO - Started process (PID=4477) to work on /mnt/d/Universidad/ETL/Proyecto_airflow/venv/lib/python3.12/site-packages/airflow/example_dags/example_branch_operator.py
[2025-04-01T16:25:30.068-0500] {processor.py:914} INFO - Processing file /mnt/d/Universidad/ETL/Proyecto_airflow/venv/lib/python3.12/site-packages/airflow/example_dags/example_branch_operator.py for tasks to queue
[2025-04-01T16:25:30.070-0500] {logging_mixin.py:190} INFO - [2025-04-01T16:25:30.070-0500] {dagbag.py:588} INFO - Filling up the DagBag from /mnt/d/Universidad/ETL/Proyecto_airflow/venv/lib/python3.12/site-packages/airflow/example_dags/example_branch_operator.py
[2025-04-01T16:25:30.123-0500] {processor.py:927} WARNING - No viable dags retrieved from /mnt/d/Universidad/ETL/Proyecto_airflow/venv/lib/python3.12/site-packages/airflow/example_dags/example_branch_operator.py
[2025-04-01T16:25:30.136-0500] {processor.py:208} INFO - Processing /mnt/d/Universidad/ETL/Proyecto_airflow/venv/lib/python3.12/site-packages/airflow/example_dags/example_branch_operator.py took 0.076 seconds
[2025-04-01T16:27:03.979-0500] {processor.py:186} INFO - Started process (PID=4549) to work on /mnt/d/Universidad/ETL/Proyecto_airflow/venv/lib/python3.12/site-packages/airflow/example_dags/example_branch_operator.py
[2025-04-01T16:27:03.980-0500] {processor.py:914} INFO - Processing file /mnt/d/Universidad/ETL/Proyecto_airflow/venv/lib/python3.12/site-packages/airflow/example_dags/example_branch_operator.py for tasks to queue
[2025-04-01T16:27:03.982-0500] {logging_mixin.py:190} INFO - [2025-04-01T16:27:03.982-0500] {dagbag.py:588} INFO - Filling up the DagBag from /mnt/d/Universidad/ETL/Proyecto_airflow/venv/lib/python3.12/site-packages/airflow/example_dags/example_branch_operator.py
[2025-04-01T16:27:04.035-0500] {processor.py:927} WARNING - No viable dags retrieved from /mnt/d/Universidad/ETL/Proyecto_airflow/venv/lib/python3.12/site-packages/airflow/example_dags/example_branch_operator.py
[2025-04-01T16:27:04.048-0500] {processor.py:208} INFO - Processing /mnt/d/Universidad/ETL/Proyecto_airflow/venv/lib/python3.12/site-packages/airflow/example_dags/example_branch_operator.py took 0.076 seconds
[2025-04-01T16:28:37.089-0500] {processor.py:186} INFO - Started process (PID=4620) to work on /mnt/d/Universidad/ETL/Proyecto_airflow/venv/lib/python3.12/site-packages/airflow/example_dags/example_branch_operator.py
[2025-04-01T16:28:37.090-0500] {processor.py:914} INFO - Processing file /mnt/d/Universidad/ETL/Proyecto_airflow/venv/lib/python3.12/site-packages/airflow/example_dags/example_branch_operator.py for tasks to queue
[2025-04-01T16:28:37.093-0500] {logging_mixin.py:190} INFO - [2025-04-01T16:28:37.092-0500] {dagbag.py:588} INFO - Filling up the DagBag from /mnt/d/Universidad/ETL/Proyecto_airflow/venv/lib/python3.12/site-packages/airflow/example_dags/example_branch_operator.py
[2025-04-01T16:28:37.150-0500] {processor.py:927} WARNING - No viable dags retrieved from /mnt/d/Universidad/ETL/Proyecto_airflow/venv/lib/python3.12/site-packages/airflow/example_dags/example_branch_operator.py
[2025-04-01T16:28:37.165-0500] {processor.py:208} INFO - Processing /mnt/d/Universidad/ETL/Proyecto_airflow/venv/lib/python3.12/site-packages/airflow/example_dags/example_branch_operator.py took 0.084 seconds
[2025-04-01T16:30:07.645-0500] {processor.py:186} INFO - Started process (PID=4692) to work on /mnt/d/Universidad/ETL/Proyecto_airflow/venv/lib/python3.12/site-packages/airflow/example_dags/example_branch_operator.py
[2025-04-01T16:30:07.646-0500] {processor.py:914} INFO - Processing file /mnt/d/Universidad/ETL/Proyecto_airflow/venv/lib/python3.12/site-packages/airflow/example_dags/example_branch_operator.py for tasks to queue
[2025-04-01T16:30:07.649-0500] {logging_mixin.py:190} INFO - [2025-04-01T16:30:07.648-0500] {dagbag.py:588} INFO - Filling up the DagBag from /mnt/d/Universidad/ETL/Proyecto_airflow/venv/lib/python3.12/site-packages/airflow/example_dags/example_branch_operator.py
[2025-04-01T16:30:07.701-0500] {processor.py:927} WARNING - No viable dags retrieved from /mnt/d/Universidad/ETL/Proyecto_airflow/venv/lib/python3.12/site-packages/airflow/example_dags/example_branch_operator.py
[2025-04-01T16:30:07.714-0500] {processor.py:208} INFO - Processing /mnt/d/Universidad/ETL/Proyecto_airflow/venv/lib/python3.12/site-packages/airflow/example_dags/example_branch_operator.py took 0.076 seconds
[2025-04-01T16:31:41.244-0500] {processor.py:186} INFO - Started process (PID=4762) to work on /mnt/d/Universidad/ETL/Proyecto_airflow/venv/lib/python3.12/site-packages/airflow/example_dags/example_branch_operator.py
[2025-04-01T16:31:41.245-0500] {processor.py:914} INFO - Processing file /mnt/d/Universidad/ETL/Proyecto_airflow/venv/lib/python3.12/site-packages/airflow/example_dags/example_branch_operator.py for tasks to queue
[2025-04-01T16:31:41.247-0500] {logging_mixin.py:190} INFO - [2025-04-01T16:31:41.247-0500] {dagbag.py:588} INFO - Filling up the DagBag from /mnt/d/Universidad/ETL/Proyecto_airflow/venv/lib/python3.12/site-packages/airflow/example_dags/example_branch_operator.py
[2025-04-01T16:31:41.300-0500] {processor.py:927} WARNING - No viable dags retrieved from /mnt/d/Universidad/ETL/Proyecto_airflow/venv/lib/python3.12/site-packages/airflow/example_dags/example_branch_operator.py
[2025-04-01T16:31:41.314-0500] {processor.py:208} INFO - Processing /mnt/d/Universidad/ETL/Proyecto_airflow/venv/lib/python3.12/site-packages/airflow/example_dags/example_branch_operator.py took 0.078 seconds
[2025-04-01T16:33:17.128-0500] {processor.py:186} INFO - Started process (PID=4836) to work on /mnt/d/Universidad/ETL/Proyecto_airflow/venv/lib/python3.12/site-packages/airflow/example_dags/example_branch_operator.py
[2025-04-01T16:33:17.129-0500] {processor.py:914} INFO - Processing file /mnt/d/Universidad/ETL/Proyecto_airflow/venv/lib/python3.12/site-packages/airflow/example_dags/example_branch_operator.py for tasks to queue
[2025-04-01T16:33:17.132-0500] {logging_mixin.py:190} INFO - [2025-04-01T16:33:17.131-0500] {dagbag.py:588} INFO - Filling up the DagBag from /mnt/d/Universidad/ETL/Proyecto_airflow/venv/lib/python3.12/site-packages/airflow/example_dags/example_branch_operator.py
[2025-04-01T16:33:17.184-0500] {processor.py:927} WARNING - No viable dags retrieved from /mnt/d/Universidad/ETL/Proyecto_airflow/venv/lib/python3.12/site-packages/airflow/example_dags/example_branch_operator.py
[2025-04-01T16:33:17.197-0500] {processor.py:208} INFO - Processing /mnt/d/Universidad/ETL/Proyecto_airflow/venv/lib/python3.12/site-packages/airflow/example_dags/example_branch_operator.py took 0.077 seconds
[2025-04-01T16:34:43.481-0500] {processor.py:186} INFO - Started process (PID=4904) to work on /mnt/d/Universidad/ETL/Proyecto_airflow/venv/lib/python3.12/site-packages/airflow/example_dags/example_branch_operator.py
[2025-04-01T16:34:43.482-0500] {processor.py:914} INFO - Processing file /mnt/d/Universidad/ETL/Proyecto_airflow/venv/lib/python3.12/site-packages/airflow/example_dags/example_branch_operator.py for tasks to queue
[2025-04-01T16:34:43.485-0500] {logging_mixin.py:190} INFO - [2025-04-01T16:34:43.484-0500] {dagbag.py:588} INFO - Filling up the DagBag from /mnt/d/Universidad/ETL/Proyecto_airflow/venv/lib/python3.12/site-packages/airflow/example_dags/example_branch_operator.py
[2025-04-01T16:34:43.537-0500] {processor.py:927} WARNING - No viable dags retrieved from /mnt/d/Universidad/ETL/Proyecto_airflow/venv/lib/python3.12/site-packages/airflow/example_dags/example_branch_operator.py
[2025-04-01T16:34:43.552-0500] {processor.py:208} INFO - Processing /mnt/d/Universidad/ETL/Proyecto_airflow/venv/lib/python3.12/site-packages/airflow/example_dags/example_branch_operator.py took 0.079 seconds
[2025-04-01T16:36:13.408-0500] {processor.py:186} INFO - Started process (PID=4973) to work on /mnt/d/Universidad/ETL/Proyecto_airflow/venv/lib/python3.12/site-packages/airflow/example_dags/example_branch_operator.py
[2025-04-01T16:36:13.410-0500] {processor.py:914} INFO - Processing file /mnt/d/Universidad/ETL/Proyecto_airflow/venv/lib/python3.12/site-packages/airflow/example_dags/example_branch_operator.py for tasks to queue
[2025-04-01T16:36:13.412-0500] {logging_mixin.py:190} INFO - [2025-04-01T16:36:13.411-0500] {dagbag.py:588} INFO - Filling up the DagBag from /mnt/d/Universidad/ETL/Proyecto_airflow/venv/lib/python3.12/site-packages/airflow/example_dags/example_branch_operator.py
[2025-04-01T16:36:13.465-0500] {processor.py:927} WARNING - No viable dags retrieved from /mnt/d/Universidad/ETL/Proyecto_airflow/venv/lib/python3.12/site-packages/airflow/example_dags/example_branch_operator.py
[2025-04-01T16:36:13.480-0500] {processor.py:208} INFO - Processing /mnt/d/Universidad/ETL/Proyecto_airflow/venv/lib/python3.12/site-packages/airflow/example_dags/example_branch_operator.py took 0.080 seconds
[2025-04-01T16:37:44.295-0500] {processor.py:186} INFO - Started process (PID=5043) to work on /mnt/d/Universidad/ETL/Proyecto_airflow/venv/lib/python3.12/site-packages/airflow/example_dags/example_branch_operator.py
[2025-04-01T16:37:44.297-0500] {processor.py:914} INFO - Processing file /mnt/d/Universidad/ETL/Proyecto_airflow/venv/lib/python3.12/site-packages/airflow/example_dags/example_branch_operator.py for tasks to queue
[2025-04-01T16:37:44.299-0500] {logging_mixin.py:190} INFO - [2025-04-01T16:37:44.298-0500] {dagbag.py:588} INFO - Filling up the DagBag from /mnt/d/Universidad/ETL/Proyecto_airflow/venv/lib/python3.12/site-packages/airflow/example_dags/example_branch_operator.py
[2025-04-01T16:37:44.353-0500] {processor.py:927} WARNING - No viable dags retrieved from /mnt/d/Universidad/ETL/Proyecto_airflow/venv/lib/python3.12/site-packages/airflow/example_dags/example_branch_operator.py
[2025-04-01T16:37:44.366-0500] {processor.py:208} INFO - Processing /mnt/d/Universidad/ETL/Proyecto_airflow/venv/lib/python3.12/site-packages/airflow/example_dags/example_branch_operator.py took 0.079 seconds
[2025-04-01T16:39:17.017-0500] {processor.py:186} INFO - Started process (PID=5113) to work on /mnt/d/Universidad/ETL/Proyecto_airflow/venv/lib/python3.12/site-packages/airflow/example_dags/example_branch_operator.py
[2025-04-01T16:39:17.018-0500] {processor.py:914} INFO - Processing file /mnt/d/Universidad/ETL/Proyecto_airflow/venv/lib/python3.12/site-packages/airflow/example_dags/example_branch_operator.py for tasks to queue
[2025-04-01T16:39:17.020-0500] {logging_mixin.py:190} INFO - [2025-04-01T16:39:17.019-0500] {dagbag.py:588} INFO - Filling up the DagBag from /mnt/d/Universidad/ETL/Proyecto_airflow/venv/lib/python3.12/site-packages/airflow/example_dags/example_branch_operator.py
[2025-04-01T16:39:17.073-0500] {processor.py:927} WARNING - No viable dags retrieved from /mnt/d/Universidad/ETL/Proyecto_airflow/venv/lib/python3.12/site-packages/airflow/example_dags/example_branch_operator.py
[2025-04-01T16:39:17.087-0500] {processor.py:208} INFO - Processing /mnt/d/Universidad/ETL/Proyecto_airflow/venv/lib/python3.12/site-packages/airflow/example_dags/example_branch_operator.py took 0.078 seconds
[2025-04-01T16:40:53.586-0500] {processor.py:186} INFO - Started process (PID=5186) to work on /mnt/d/Universidad/ETL/Proyecto_airflow/venv/lib/python3.12/site-packages/airflow/example_dags/example_branch_operator.py
[2025-04-01T16:40:53.587-0500] {processor.py:914} INFO - Processing file /mnt/d/Universidad/ETL/Proyecto_airflow/venv/lib/python3.12/site-packages/airflow/example_dags/example_branch_operator.py for tasks to queue
[2025-04-01T16:40:53.590-0500] {logging_mixin.py:190} INFO - [2025-04-01T16:40:53.589-0500] {dagbag.py:588} INFO - Filling up the DagBag from /mnt/d/Universidad/ETL/Proyecto_airflow/venv/lib/python3.12/site-packages/airflow/example_dags/example_branch_operator.py
[2025-04-01T16:40:53.642-0500] {processor.py:927} WARNING - No viable dags retrieved from /mnt/d/Universidad/ETL/Proyecto_airflow/venv/lib/python3.12/site-packages/airflow/example_dags/example_branch_operator.py
[2025-04-01T16:40:53.655-0500] {processor.py:208} INFO - Processing /mnt/d/Universidad/ETL/Proyecto_airflow/venv/lib/python3.12/site-packages/airflow/example_dags/example_branch_operator.py took 0.077 seconds
[2025-04-01T16:42:31.632-0500] {processor.py:186} INFO - Started process (PID=5259) to work on /mnt/d/Universidad/ETL/Proyecto_airflow/venv/lib/python3.12/site-packages/airflow/example_dags/example_branch_operator.py
[2025-04-01T16:42:31.633-0500] {processor.py:914} INFO - Processing file /mnt/d/Universidad/ETL/Proyecto_airflow/venv/lib/python3.12/site-packages/airflow/example_dags/example_branch_operator.py for tasks to queue
[2025-04-01T16:42:31.636-0500] {logging_mixin.py:190} INFO - [2025-04-01T16:42:31.635-0500] {dagbag.py:588} INFO - Filling up the DagBag from /mnt/d/Universidad/ETL/Proyecto_airflow/venv/lib/python3.12/site-packages/airflow/example_dags/example_branch_operator.py
[2025-04-01T16:42:31.690-0500] {processor.py:927} WARNING - No viable dags retrieved from /mnt/d/Universidad/ETL/Proyecto_airflow/venv/lib/python3.12/site-packages/airflow/example_dags/example_branch_operator.py
[2025-04-01T16:42:31.703-0500] {processor.py:208} INFO - Processing /mnt/d/Universidad/ETL/Proyecto_airflow/venv/lib/python3.12/site-packages/airflow/example_dags/example_branch_operator.py took 0.079 seconds
[2025-04-01T16:44:03.626-0500] {processor.py:186} INFO - Started process (PID=5329) to work on /mnt/d/Universidad/ETL/Proyecto_airflow/venv/lib/python3.12/site-packages/airflow/example_dags/example_branch_operator.py
[2025-04-01T16:44:03.627-0500] {processor.py:914} INFO - Processing file /mnt/d/Universidad/ETL/Proyecto_airflow/venv/lib/python3.12/site-packages/airflow/example_dags/example_branch_operator.py for tasks to queue
[2025-04-01T16:44:03.629-0500] {logging_mixin.py:190} INFO - [2025-04-01T16:44:03.628-0500] {dagbag.py:588} INFO - Filling up the DagBag from /mnt/d/Universidad/ETL/Proyecto_airflow/venv/lib/python3.12/site-packages/airflow/example_dags/example_branch_operator.py
[2025-04-01T16:44:03.681-0500] {processor.py:927} WARNING - No viable dags retrieved from /mnt/d/Universidad/ETL/Proyecto_airflow/venv/lib/python3.12/site-packages/airflow/example_dags/example_branch_operator.py
[2025-04-01T16:44:03.694-0500] {processor.py:208} INFO - Processing /mnt/d/Universidad/ETL/Proyecto_airflow/venv/lib/python3.12/site-packages/airflow/example_dags/example_branch_operator.py took 0.076 seconds
[2025-04-01T16:45:36.923-0500] {processor.py:186} INFO - Started process (PID=5400) to work on /mnt/d/Universidad/ETL/Proyecto_airflow/venv/lib/python3.12/site-packages/airflow/example_dags/example_branch_operator.py
[2025-04-01T16:45:36.924-0500] {processor.py:914} INFO - Processing file /mnt/d/Universidad/ETL/Proyecto_airflow/venv/lib/python3.12/site-packages/airflow/example_dags/example_branch_operator.py for tasks to queue
[2025-04-01T16:45:36.926-0500] {logging_mixin.py:190} INFO - [2025-04-01T16:45:36.926-0500] {dagbag.py:588} INFO - Filling up the DagBag from /mnt/d/Universidad/ETL/Proyecto_airflow/venv/lib/python3.12/site-packages/airflow/example_dags/example_branch_operator.py
[2025-04-01T16:45:36.979-0500] {processor.py:927} WARNING - No viable dags retrieved from /mnt/d/Universidad/ETL/Proyecto_airflow/venv/lib/python3.12/site-packages/airflow/example_dags/example_branch_operator.py
[2025-04-01T16:45:36.992-0500] {processor.py:208} INFO - Processing /mnt/d/Universidad/ETL/Proyecto_airflow/venv/lib/python3.12/site-packages/airflow/example_dags/example_branch_operator.py took 0.077 seconds
[2025-04-01T16:47:18.541-0500] {processor.py:186} INFO - Started process (PID=5474) to work on /mnt/d/Universidad/ETL/Proyecto_airflow/venv/lib/python3.12/site-packages/airflow/example_dags/example_branch_operator.py
[2025-04-01T16:47:18.542-0500] {processor.py:914} INFO - Processing file /mnt/d/Universidad/ETL/Proyecto_airflow/venv/lib/python3.12/site-packages/airflow/example_dags/example_branch_operator.py for tasks to queue
[2025-04-01T16:47:18.544-0500] {logging_mixin.py:190} INFO - [2025-04-01T16:47:18.543-0500] {dagbag.py:588} INFO - Filling up the DagBag from /mnt/d/Universidad/ETL/Proyecto_airflow/venv/lib/python3.12/site-packages/airflow/example_dags/example_branch_operator.py
[2025-04-01T16:47:18.595-0500] {processor.py:927} WARNING - No viable dags retrieved from /mnt/d/Universidad/ETL/Proyecto_airflow/venv/lib/python3.12/site-packages/airflow/example_dags/example_branch_operator.py
[2025-04-01T16:47:18.608-0500] {processor.py:208} INFO - Processing /mnt/d/Universidad/ETL/Proyecto_airflow/venv/lib/python3.12/site-packages/airflow/example_dags/example_branch_operator.py took 0.075 seconds
[2025-04-01T16:48:47.799-0500] {processor.py:186} INFO - Started process (PID=5543) to work on /mnt/d/Universidad/ETL/Proyecto_airflow/venv/lib/python3.12/site-packages/airflow/example_dags/example_branch_operator.py
[2025-04-01T16:48:47.800-0500] {processor.py:914} INFO - Processing file /mnt/d/Universidad/ETL/Proyecto_airflow/venv/lib/python3.12/site-packages/airflow/example_dags/example_branch_operator.py for tasks to queue
[2025-04-01T16:48:47.803-0500] {logging_mixin.py:190} INFO - [2025-04-01T16:48:47.802-0500] {dagbag.py:588} INFO - Filling up the DagBag from /mnt/d/Universidad/ETL/Proyecto_airflow/venv/lib/python3.12/site-packages/airflow/example_dags/example_branch_operator.py
[2025-04-01T16:48:47.854-0500] {processor.py:927} WARNING - No viable dags retrieved from /mnt/d/Universidad/ETL/Proyecto_airflow/venv/lib/python3.12/site-packages/airflow/example_dags/example_branch_operator.py
[2025-04-01T16:48:47.866-0500] {processor.py:208} INFO - Processing /mnt/d/Universidad/ETL/Proyecto_airflow/venv/lib/python3.12/site-packages/airflow/example_dags/example_branch_operator.py took 0.075 seconds
[2025-04-01T16:50:16.059-0500] {processor.py:186} INFO - Started process (PID=5612) to work on /mnt/d/Universidad/ETL/Proyecto_airflow/venv/lib/python3.12/site-packages/airflow/example_dags/example_branch_operator.py
[2025-04-01T16:50:16.060-0500] {processor.py:914} INFO - Processing file /mnt/d/Universidad/ETL/Proyecto_airflow/venv/lib/python3.12/site-packages/airflow/example_dags/example_branch_operator.py for tasks to queue
[2025-04-01T16:50:16.062-0500] {logging_mixin.py:190} INFO - [2025-04-01T16:50:16.062-0500] {dagbag.py:588} INFO - Filling up the DagBag from /mnt/d/Universidad/ETL/Proyecto_airflow/venv/lib/python3.12/site-packages/airflow/example_dags/example_branch_operator.py
[2025-04-01T16:50:16.114-0500] {processor.py:927} WARNING - No viable dags retrieved from /mnt/d/Universidad/ETL/Proyecto_airflow/venv/lib/python3.12/site-packages/airflow/example_dags/example_branch_operator.py
[2025-04-01T16:50:16.128-0500] {processor.py:208} INFO - Processing /mnt/d/Universidad/ETL/Proyecto_airflow/venv/lib/python3.12/site-packages/airflow/example_dags/example_branch_operator.py took 0.077 seconds
[2025-04-01T16:51:56.194-0500] {processor.py:186} INFO - Started process (PID=5686) to work on /mnt/d/Universidad/ETL/Proyecto_airflow/venv/lib/python3.12/site-packages/airflow/example_dags/example_branch_operator.py
[2025-04-01T16:51:56.195-0500] {processor.py:914} INFO - Processing file /mnt/d/Universidad/ETL/Proyecto_airflow/venv/lib/python3.12/site-packages/airflow/example_dags/example_branch_operator.py for tasks to queue
[2025-04-01T16:51:56.197-0500] {logging_mixin.py:190} INFO - [2025-04-01T16:51:56.196-0500] {dagbag.py:588} INFO - Filling up the DagBag from /mnt/d/Universidad/ETL/Proyecto_airflow/venv/lib/python3.12/site-packages/airflow/example_dags/example_branch_operator.py
[2025-04-01T16:51:56.248-0500] {processor.py:927} WARNING - No viable dags retrieved from /mnt/d/Universidad/ETL/Proyecto_airflow/venv/lib/python3.12/site-packages/airflow/example_dags/example_branch_operator.py
[2025-04-01T16:51:56.262-0500] {processor.py:208} INFO - Processing /mnt/d/Universidad/ETL/Proyecto_airflow/venv/lib/python3.12/site-packages/airflow/example_dags/example_branch_operator.py took 0.076 seconds
[2025-04-01T16:53:31.099-0500] {processor.py:186} INFO - Started process (PID=5758) to work on /mnt/d/Universidad/ETL/Proyecto_airflow/venv/lib/python3.12/site-packages/airflow/example_dags/example_branch_operator.py
[2025-04-01T16:53:31.100-0500] {processor.py:914} INFO - Processing file /mnt/d/Universidad/ETL/Proyecto_airflow/venv/lib/python3.12/site-packages/airflow/example_dags/example_branch_operator.py for tasks to queue
[2025-04-01T16:53:31.102-0500] {logging_mixin.py:190} INFO - [2025-04-01T16:53:31.101-0500] {dagbag.py:588} INFO - Filling up the DagBag from /mnt/d/Universidad/ETL/Proyecto_airflow/venv/lib/python3.12/site-packages/airflow/example_dags/example_branch_operator.py
[2025-04-01T16:53:31.155-0500] {processor.py:927} WARNING - No viable dags retrieved from /mnt/d/Universidad/ETL/Proyecto_airflow/venv/lib/python3.12/site-packages/airflow/example_dags/example_branch_operator.py
[2025-04-01T16:53:31.168-0500] {processor.py:208} INFO - Processing /mnt/d/Universidad/ETL/Proyecto_airflow/venv/lib/python3.12/site-packages/airflow/example_dags/example_branch_operator.py took 0.077 seconds
[2025-04-01T16:55:05.196-0500] {processor.py:186} INFO - Started process (PID=5830) to work on /mnt/d/Universidad/ETL/Proyecto_airflow/venv/lib/python3.12/site-packages/airflow/example_dags/example_branch_operator.py
[2025-04-01T16:55:05.197-0500] {processor.py:914} INFO - Processing file /mnt/d/Universidad/ETL/Proyecto_airflow/venv/lib/python3.12/site-packages/airflow/example_dags/example_branch_operator.py for tasks to queue
[2025-04-01T16:55:05.199-0500] {logging_mixin.py:190} INFO - [2025-04-01T16:55:05.198-0500] {dagbag.py:588} INFO - Filling up the DagBag from /mnt/d/Universidad/ETL/Proyecto_airflow/venv/lib/python3.12/site-packages/airflow/example_dags/example_branch_operator.py
[2025-04-01T16:55:05.252-0500] {processor.py:927} WARNING - No viable dags retrieved from /mnt/d/Universidad/ETL/Proyecto_airflow/venv/lib/python3.12/site-packages/airflow/example_dags/example_branch_operator.py
[2025-04-01T16:55:05.265-0500] {processor.py:208} INFO - Processing /mnt/d/Universidad/ETL/Proyecto_airflow/venv/lib/python3.12/site-packages/airflow/example_dags/example_branch_operator.py took 0.077 seconds
[2025-04-01T16:56:40.205-0500] {processor.py:186} INFO - Started process (PID=5902) to work on /mnt/d/Universidad/ETL/Proyecto_airflow/venv/lib/python3.12/site-packages/airflow/example_dags/example_branch_operator.py
[2025-04-01T16:56:40.206-0500] {processor.py:914} INFO - Processing file /mnt/d/Universidad/ETL/Proyecto_airflow/venv/lib/python3.12/site-packages/airflow/example_dags/example_branch_operator.py for tasks to queue
[2025-04-01T16:56:40.208-0500] {logging_mixin.py:190} INFO - [2025-04-01T16:56:40.207-0500] {dagbag.py:588} INFO - Filling up the DagBag from /mnt/d/Universidad/ETL/Proyecto_airflow/venv/lib/python3.12/site-packages/airflow/example_dags/example_branch_operator.py
[2025-04-01T16:56:40.262-0500] {processor.py:927} WARNING - No viable dags retrieved from /mnt/d/Universidad/ETL/Proyecto_airflow/venv/lib/python3.12/site-packages/airflow/example_dags/example_branch_operator.py
[2025-04-01T16:56:40.275-0500] {processor.py:208} INFO - Processing /mnt/d/Universidad/ETL/Proyecto_airflow/venv/lib/python3.12/site-packages/airflow/example_dags/example_branch_operator.py took 0.079 seconds
[2025-04-01T16:58:11.053-0500] {processor.py:186} INFO - Started process (PID=5971) to work on /mnt/d/Universidad/ETL/Proyecto_airflow/venv/lib/python3.12/site-packages/airflow/example_dags/example_branch_operator.py
[2025-04-01T16:58:11.054-0500] {processor.py:914} INFO - Processing file /mnt/d/Universidad/ETL/Proyecto_airflow/venv/lib/python3.12/site-packages/airflow/example_dags/example_branch_operator.py for tasks to queue
[2025-04-01T16:58:11.056-0500] {logging_mixin.py:190} INFO - [2025-04-01T16:58:11.056-0500] {dagbag.py:588} INFO - Filling up the DagBag from /mnt/d/Universidad/ETL/Proyecto_airflow/venv/lib/python3.12/site-packages/airflow/example_dags/example_branch_operator.py
[2025-04-01T16:58:11.108-0500] {processor.py:927} WARNING - No viable dags retrieved from /mnt/d/Universidad/ETL/Proyecto_airflow/venv/lib/python3.12/site-packages/airflow/example_dags/example_branch_operator.py
[2025-04-01T16:58:11.121-0500] {processor.py:208} INFO - Processing /mnt/d/Universidad/ETL/Proyecto_airflow/venv/lib/python3.12/site-packages/airflow/example_dags/example_branch_operator.py took 0.076 seconds
[2025-04-01T16:59:46.499-0500] {processor.py:186} INFO - Started process (PID=6042) to work on /mnt/d/Universidad/ETL/Proyecto_airflow/venv/lib/python3.12/site-packages/airflow/example_dags/example_branch_operator.py
[2025-04-01T16:59:46.500-0500] {processor.py:914} INFO - Processing file /mnt/d/Universidad/ETL/Proyecto_airflow/venv/lib/python3.12/site-packages/airflow/example_dags/example_branch_operator.py for tasks to queue
[2025-04-01T16:59:46.502-0500] {logging_mixin.py:190} INFO - [2025-04-01T16:59:46.501-0500] {dagbag.py:588} INFO - Filling up the DagBag from /mnt/d/Universidad/ETL/Proyecto_airflow/venv/lib/python3.12/site-packages/airflow/example_dags/example_branch_operator.py
[2025-04-01T16:59:46.554-0500] {processor.py:927} WARNING - No viable dags retrieved from /mnt/d/Universidad/ETL/Proyecto_airflow/venv/lib/python3.12/site-packages/airflow/example_dags/example_branch_operator.py
[2025-04-01T16:59:46.567-0500] {processor.py:208} INFO - Processing /mnt/d/Universidad/ETL/Proyecto_airflow/venv/lib/python3.12/site-packages/airflow/example_dags/example_branch_operator.py took 0.076 seconds
[2025-04-01T17:01:26.436-0500] {processor.py:186} INFO - Started process (PID=6114) to work on /mnt/d/Universidad/ETL/Proyecto_airflow/venv/lib/python3.12/site-packages/airflow/example_dags/example_branch_operator.py
[2025-04-01T17:01:26.437-0500] {processor.py:914} INFO - Processing file /mnt/d/Universidad/ETL/Proyecto_airflow/venv/lib/python3.12/site-packages/airflow/example_dags/example_branch_operator.py for tasks to queue
[2025-04-01T17:01:26.439-0500] {logging_mixin.py:190} INFO - [2025-04-01T17:01:26.438-0500] {dagbag.py:588} INFO - Filling up the DagBag from /mnt/d/Universidad/ETL/Proyecto_airflow/venv/lib/python3.12/site-packages/airflow/example_dags/example_branch_operator.py
[2025-04-01T17:01:26.491-0500] {processor.py:927} WARNING - No viable dags retrieved from /mnt/d/Universidad/ETL/Proyecto_airflow/venv/lib/python3.12/site-packages/airflow/example_dags/example_branch_operator.py
[2025-04-01T17:01:26.503-0500] {processor.py:208} INFO - Processing /mnt/d/Universidad/ETL/Proyecto_airflow/venv/lib/python3.12/site-packages/airflow/example_dags/example_branch_operator.py took 0.075 seconds
[2025-04-01T17:02:56.525-0500] {processor.py:186} INFO - Started process (PID=6184) to work on /mnt/d/Universidad/ETL/Proyecto_airflow/venv/lib/python3.12/site-packages/airflow/example_dags/example_branch_operator.py
[2025-04-01T17:02:56.526-0500] {processor.py:914} INFO - Processing file /mnt/d/Universidad/ETL/Proyecto_airflow/venv/lib/python3.12/site-packages/airflow/example_dags/example_branch_operator.py for tasks to queue
[2025-04-01T17:02:56.528-0500] {logging_mixin.py:190} INFO - [2025-04-01T17:02:56.528-0500] {dagbag.py:588} INFO - Filling up the DagBag from /mnt/d/Universidad/ETL/Proyecto_airflow/venv/lib/python3.12/site-packages/airflow/example_dags/example_branch_operator.py
[2025-04-01T17:02:56.580-0500] {processor.py:927} WARNING - No viable dags retrieved from /mnt/d/Universidad/ETL/Proyecto_airflow/venv/lib/python3.12/site-packages/airflow/example_dags/example_branch_operator.py
[2025-04-01T17:02:56.595-0500] {processor.py:208} INFO - Processing /mnt/d/Universidad/ETL/Proyecto_airflow/venv/lib/python3.12/site-packages/airflow/example_dags/example_branch_operator.py took 0.078 seconds
[2025-04-01T17:04:34.646-0500] {processor.py:186} INFO - Started process (PID=6256) to work on /mnt/d/Universidad/ETL/Proyecto_airflow/venv/lib/python3.12/site-packages/airflow/example_dags/example_branch_operator.py
[2025-04-01T17:04:34.647-0500] {processor.py:914} INFO - Processing file /mnt/d/Universidad/ETL/Proyecto_airflow/venv/lib/python3.12/site-packages/airflow/example_dags/example_branch_operator.py for tasks to queue
[2025-04-01T17:04:34.649-0500] {logging_mixin.py:190} INFO - [2025-04-01T17:04:34.648-0500] {dagbag.py:588} INFO - Filling up the DagBag from /mnt/d/Universidad/ETL/Proyecto_airflow/venv/lib/python3.12/site-packages/airflow/example_dags/example_branch_operator.py
[2025-04-01T17:04:34.701-0500] {processor.py:927} WARNING - No viable dags retrieved from /mnt/d/Universidad/ETL/Proyecto_airflow/venv/lib/python3.12/site-packages/airflow/example_dags/example_branch_operator.py
[2025-04-01T17:04:34.715-0500] {processor.py:208} INFO - Processing /mnt/d/Universidad/ETL/Proyecto_airflow/venv/lib/python3.12/site-packages/airflow/example_dags/example_branch_operator.py took 0.078 seconds
[2025-04-01T17:06:14.571-0500] {processor.py:186} INFO - Started process (PID=6327) to work on /mnt/d/Universidad/ETL/Proyecto_airflow/venv/lib/python3.12/site-packages/airflow/example_dags/example_branch_operator.py
[2025-04-01T17:06:14.573-0500] {processor.py:914} INFO - Processing file /mnt/d/Universidad/ETL/Proyecto_airflow/venv/lib/python3.12/site-packages/airflow/example_dags/example_branch_operator.py for tasks to queue
[2025-04-01T17:06:14.575-0500] {logging_mixin.py:190} INFO - [2025-04-01T17:06:14.574-0500] {dagbag.py:588} INFO - Filling up the DagBag from /mnt/d/Universidad/ETL/Proyecto_airflow/venv/lib/python3.12/site-packages/airflow/example_dags/example_branch_operator.py
[2025-04-01T17:06:14.626-0500] {processor.py:927} WARNING - No viable dags retrieved from /mnt/d/Universidad/ETL/Proyecto_airflow/venv/lib/python3.12/site-packages/airflow/example_dags/example_branch_operator.py
[2025-04-01T17:06:14.639-0500] {processor.py:208} INFO - Processing /mnt/d/Universidad/ETL/Proyecto_airflow/venv/lib/python3.12/site-packages/airflow/example_dags/example_branch_operator.py took 0.076 seconds
[2025-04-01T17:07:50.158-0500] {processor.py:186} INFO - Started process (PID=6401) to work on /mnt/d/Universidad/ETL/Proyecto_airflow/venv/lib/python3.12/site-packages/airflow/example_dags/example_branch_operator.py
[2025-04-01T17:07:50.159-0500] {processor.py:914} INFO - Processing file /mnt/d/Universidad/ETL/Proyecto_airflow/venv/lib/python3.12/site-packages/airflow/example_dags/example_branch_operator.py for tasks to queue
[2025-04-01T17:07:50.161-0500] {logging_mixin.py:190} INFO - [2025-04-01T17:07:50.161-0500] {dagbag.py:588} INFO - Filling up the DagBag from /mnt/d/Universidad/ETL/Proyecto_airflow/venv/lib/python3.12/site-packages/airflow/example_dags/example_branch_operator.py
[2025-04-01T17:07:50.213-0500] {processor.py:927} WARNING - No viable dags retrieved from /mnt/d/Universidad/ETL/Proyecto_airflow/venv/lib/python3.12/site-packages/airflow/example_dags/example_branch_operator.py
[2025-04-01T17:07:50.226-0500] {processor.py:208} INFO - Processing /mnt/d/Universidad/ETL/Proyecto_airflow/venv/lib/python3.12/site-packages/airflow/example_dags/example_branch_operator.py took 0.076 seconds
[2025-04-01T17:09:24.806-0500] {processor.py:186} INFO - Started process (PID=6473) to work on /mnt/d/Universidad/ETL/Proyecto_airflow/venv/lib/python3.12/site-packages/airflow/example_dags/example_branch_operator.py
[2025-04-01T17:09:24.807-0500] {processor.py:914} INFO - Processing file /mnt/d/Universidad/ETL/Proyecto_airflow/venv/lib/python3.12/site-packages/airflow/example_dags/example_branch_operator.py for tasks to queue
[2025-04-01T17:09:24.809-0500] {logging_mixin.py:190} INFO - [2025-04-01T17:09:24.809-0500] {dagbag.py:588} INFO - Filling up the DagBag from /mnt/d/Universidad/ETL/Proyecto_airflow/venv/lib/python3.12/site-packages/airflow/example_dags/example_branch_operator.py
[2025-04-01T17:09:24.861-0500] {processor.py:927} WARNING - No viable dags retrieved from /mnt/d/Universidad/ETL/Proyecto_airflow/venv/lib/python3.12/site-packages/airflow/example_dags/example_branch_operator.py
[2025-04-01T17:09:24.876-0500] {processor.py:208} INFO - Processing /mnt/d/Universidad/ETL/Proyecto_airflow/venv/lib/python3.12/site-packages/airflow/example_dags/example_branch_operator.py took 0.078 seconds
[2025-04-01T17:11:09.779-0500] {processor.py:186} INFO - Started process (PID=6546) to work on /mnt/d/Universidad/ETL/Proyecto_airflow/venv/lib/python3.12/site-packages/airflow/example_dags/example_branch_operator.py
[2025-04-01T17:11:09.780-0500] {processor.py:914} INFO - Processing file /mnt/d/Universidad/ETL/Proyecto_airflow/venv/lib/python3.12/site-packages/airflow/example_dags/example_branch_operator.py for tasks to queue
[2025-04-01T17:11:09.782-0500] {logging_mixin.py:190} INFO - [2025-04-01T17:11:09.782-0500] {dagbag.py:588} INFO - Filling up the DagBag from /mnt/d/Universidad/ETL/Proyecto_airflow/venv/lib/python3.12/site-packages/airflow/example_dags/example_branch_operator.py
[2025-04-01T17:11:09.833-0500] {processor.py:927} WARNING - No viable dags retrieved from /mnt/d/Universidad/ETL/Proyecto_airflow/venv/lib/python3.12/site-packages/airflow/example_dags/example_branch_operator.py
[2025-04-01T17:11:09.848-0500] {processor.py:208} INFO - Processing /mnt/d/Universidad/ETL/Proyecto_airflow/venv/lib/python3.12/site-packages/airflow/example_dags/example_branch_operator.py took 0.078 seconds
[2025-04-01T17:12:51.628-0500] {processor.py:186} INFO - Started process (PID=6621) to work on /mnt/d/Universidad/ETL/Proyecto_airflow/venv/lib/python3.12/site-packages/airflow/example_dags/example_branch_operator.py
[2025-04-01T17:12:51.629-0500] {processor.py:914} INFO - Processing file /mnt/d/Universidad/ETL/Proyecto_airflow/venv/lib/python3.12/site-packages/airflow/example_dags/example_branch_operator.py for tasks to queue
[2025-04-01T17:12:51.631-0500] {logging_mixin.py:190} INFO - [2025-04-01T17:12:51.630-0500] {dagbag.py:588} INFO - Filling up the DagBag from /mnt/d/Universidad/ETL/Proyecto_airflow/venv/lib/python3.12/site-packages/airflow/example_dags/example_branch_operator.py
[2025-04-01T17:12:51.682-0500] {processor.py:927} WARNING - No viable dags retrieved from /mnt/d/Universidad/ETL/Proyecto_airflow/venv/lib/python3.12/site-packages/airflow/example_dags/example_branch_operator.py
[2025-04-01T17:12:51.696-0500] {processor.py:208} INFO - Processing /mnt/d/Universidad/ETL/Proyecto_airflow/venv/lib/python3.12/site-packages/airflow/example_dags/example_branch_operator.py took 0.076 seconds
[2025-04-01T17:14:27.058-0500] {processor.py:186} INFO - Started process (PID=6693) to work on /mnt/d/Universidad/ETL/Proyecto_airflow/venv/lib/python3.12/site-packages/airflow/example_dags/example_branch_operator.py
[2025-04-01T17:14:27.059-0500] {processor.py:914} INFO - Processing file /mnt/d/Universidad/ETL/Proyecto_airflow/venv/lib/python3.12/site-packages/airflow/example_dags/example_branch_operator.py for tasks to queue
[2025-04-01T17:14:27.061-0500] {logging_mixin.py:190} INFO - [2025-04-01T17:14:27.060-0500] {dagbag.py:588} INFO - Filling up the DagBag from /mnt/d/Universidad/ETL/Proyecto_airflow/venv/lib/python3.12/site-packages/airflow/example_dags/example_branch_operator.py
[2025-04-01T17:14:27.113-0500] {processor.py:927} WARNING - No viable dags retrieved from /mnt/d/Universidad/ETL/Proyecto_airflow/venv/lib/python3.12/site-packages/airflow/example_dags/example_branch_operator.py
[2025-04-01T17:14:27.127-0500] {processor.py:208} INFO - Processing /mnt/d/Universidad/ETL/Proyecto_airflow/venv/lib/python3.12/site-packages/airflow/example_dags/example_branch_operator.py took 0.076 seconds
[2025-04-01T17:15:57.238-0500] {processor.py:186} INFO - Started process (PID=6763) to work on /mnt/d/Universidad/ETL/Proyecto_airflow/venv/lib/python3.12/site-packages/airflow/example_dags/example_branch_operator.py
[2025-04-01T17:15:57.239-0500] {processor.py:914} INFO - Processing file /mnt/d/Universidad/ETL/Proyecto_airflow/venv/lib/python3.12/site-packages/airflow/example_dags/example_branch_operator.py for tasks to queue
[2025-04-01T17:15:57.242-0500] {logging_mixin.py:190} INFO - [2025-04-01T17:15:57.241-0500] {dagbag.py:588} INFO - Filling up the DagBag from /mnt/d/Universidad/ETL/Proyecto_airflow/venv/lib/python3.12/site-packages/airflow/example_dags/example_branch_operator.py
[2025-04-01T17:15:57.293-0500] {processor.py:927} WARNING - No viable dags retrieved from /mnt/d/Universidad/ETL/Proyecto_airflow/venv/lib/python3.12/site-packages/airflow/example_dags/example_branch_operator.py
[2025-04-01T17:15:57.306-0500] {processor.py:208} INFO - Processing /mnt/d/Universidad/ETL/Proyecto_airflow/venv/lib/python3.12/site-packages/airflow/example_dags/example_branch_operator.py took 0.076 seconds
[2025-04-01T17:17:35.288-0500] {processor.py:186} INFO - Started process (PID=6838) to work on /mnt/d/Universidad/ETL/Proyecto_airflow/venv/lib/python3.12/site-packages/airflow/example_dags/example_branch_operator.py
[2025-04-01T17:17:35.289-0500] {processor.py:914} INFO - Processing file /mnt/d/Universidad/ETL/Proyecto_airflow/venv/lib/python3.12/site-packages/airflow/example_dags/example_branch_operator.py for tasks to queue
[2025-04-01T17:17:35.291-0500] {logging_mixin.py:190} INFO - [2025-04-01T17:17:35.290-0500] {dagbag.py:588} INFO - Filling up the DagBag from /mnt/d/Universidad/ETL/Proyecto_airflow/venv/lib/python3.12/site-packages/airflow/example_dags/example_branch_operator.py
[2025-04-01T17:17:35.343-0500] {processor.py:927} WARNING - No viable dags retrieved from /mnt/d/Universidad/ETL/Proyecto_airflow/venv/lib/python3.12/site-packages/airflow/example_dags/example_branch_operator.py
[2025-04-01T17:17:35.356-0500] {processor.py:208} INFO - Processing /mnt/d/Universidad/ETL/Proyecto_airflow/venv/lib/python3.12/site-packages/airflow/example_dags/example_branch_operator.py took 0.076 seconds
[2025-04-01T17:19:15.245-0500] {processor.py:186} INFO - Started process (PID=6911) to work on /mnt/d/Universidad/ETL/Proyecto_airflow/venv/lib/python3.12/site-packages/airflow/example_dags/example_branch_operator.py
[2025-04-01T17:19:15.246-0500] {processor.py:914} INFO - Processing file /mnt/d/Universidad/ETL/Proyecto_airflow/venv/lib/python3.12/site-packages/airflow/example_dags/example_branch_operator.py for tasks to queue
[2025-04-01T17:19:15.248-0500] {logging_mixin.py:190} INFO - [2025-04-01T17:19:15.247-0500] {dagbag.py:588} INFO - Filling up the DagBag from /mnt/d/Universidad/ETL/Proyecto_airflow/venv/lib/python3.12/site-packages/airflow/example_dags/example_branch_operator.py
[2025-04-01T17:19:15.300-0500] {processor.py:927} WARNING - No viable dags retrieved from /mnt/d/Universidad/ETL/Proyecto_airflow/venv/lib/python3.12/site-packages/airflow/example_dags/example_branch_operator.py
[2025-04-01T17:19:15.313-0500] {processor.py:208} INFO - Processing /mnt/d/Universidad/ETL/Proyecto_airflow/venv/lib/python3.12/site-packages/airflow/example_dags/example_branch_operator.py took 0.076 seconds
[2025-04-01T17:20:57.273-0500] {processor.py:186} INFO - Started process (PID=6984) to work on /mnt/d/Universidad/ETL/Proyecto_airflow/venv/lib/python3.12/site-packages/airflow/example_dags/example_branch_operator.py
[2025-04-01T17:20:57.274-0500] {processor.py:914} INFO - Processing file /mnt/d/Universidad/ETL/Proyecto_airflow/venv/lib/python3.12/site-packages/airflow/example_dags/example_branch_operator.py for tasks to queue
[2025-04-01T17:20:57.276-0500] {logging_mixin.py:190} INFO - [2025-04-01T17:20:57.276-0500] {dagbag.py:588} INFO - Filling up the DagBag from /mnt/d/Universidad/ETL/Proyecto_airflow/venv/lib/python3.12/site-packages/airflow/example_dags/example_branch_operator.py
[2025-04-01T17:20:57.328-0500] {processor.py:927} WARNING - No viable dags retrieved from /mnt/d/Universidad/ETL/Proyecto_airflow/venv/lib/python3.12/site-packages/airflow/example_dags/example_branch_operator.py
[2025-04-01T17:20:57.341-0500] {processor.py:208} INFO - Processing /mnt/d/Universidad/ETL/Proyecto_airflow/venv/lib/python3.12/site-packages/airflow/example_dags/example_branch_operator.py took 0.076 seconds
[2025-04-01T17:22:39.247-0500] {processor.py:186} INFO - Started process (PID=7058) to work on /mnt/d/Universidad/ETL/Proyecto_airflow/venv/lib/python3.12/site-packages/airflow/example_dags/example_branch_operator.py
[2025-04-01T17:22:39.248-0500] {processor.py:914} INFO - Processing file /mnt/d/Universidad/ETL/Proyecto_airflow/venv/lib/python3.12/site-packages/airflow/example_dags/example_branch_operator.py for tasks to queue
[2025-04-01T17:22:39.250-0500] {logging_mixin.py:190} INFO - [2025-04-01T17:22:39.249-0500] {dagbag.py:588} INFO - Filling up the DagBag from /mnt/d/Universidad/ETL/Proyecto_airflow/venv/lib/python3.12/site-packages/airflow/example_dags/example_branch_operator.py
[2025-04-01T17:22:39.303-0500] {processor.py:927} WARNING - No viable dags retrieved from /mnt/d/Universidad/ETL/Proyecto_airflow/venv/lib/python3.12/site-packages/airflow/example_dags/example_branch_operator.py
[2025-04-01T17:22:39.316-0500] {processor.py:208} INFO - Processing /mnt/d/Universidad/ETL/Proyecto_airflow/venv/lib/python3.12/site-packages/airflow/example_dags/example_branch_operator.py took 0.078 seconds
[2025-04-01T17:24:10.598-0500] {processor.py:186} INFO - Started process (PID=7129) to work on /mnt/d/Universidad/ETL/Proyecto_airflow/venv/lib/python3.12/site-packages/airflow/example_dags/example_branch_operator.py
[2025-04-01T17:24:10.599-0500] {processor.py:914} INFO - Processing file /mnt/d/Universidad/ETL/Proyecto_airflow/venv/lib/python3.12/site-packages/airflow/example_dags/example_branch_operator.py for tasks to queue
[2025-04-01T17:24:10.601-0500] {logging_mixin.py:190} INFO - [2025-04-01T17:24:10.601-0500] {dagbag.py:588} INFO - Filling up the DagBag from /mnt/d/Universidad/ETL/Proyecto_airflow/venv/lib/python3.12/site-packages/airflow/example_dags/example_branch_operator.py
[2025-04-01T17:24:10.653-0500] {processor.py:927} WARNING - No viable dags retrieved from /mnt/d/Universidad/ETL/Proyecto_airflow/venv/lib/python3.12/site-packages/airflow/example_dags/example_branch_operator.py
[2025-04-01T17:24:10.666-0500] {processor.py:208} INFO - Processing /mnt/d/Universidad/ETL/Proyecto_airflow/venv/lib/python3.12/site-packages/airflow/example_dags/example_branch_operator.py took 0.076 seconds
[2025-04-01T17:25:48.396-0500] {processor.py:186} INFO - Started process (PID=7200) to work on /mnt/d/Universidad/ETL/Proyecto_airflow/venv/lib/python3.12/site-packages/airflow/example_dags/example_branch_operator.py
[2025-04-01T17:25:48.397-0500] {processor.py:914} INFO - Processing file /mnt/d/Universidad/ETL/Proyecto_airflow/venv/lib/python3.12/site-packages/airflow/example_dags/example_branch_operator.py for tasks to queue
[2025-04-01T17:25:48.399-0500] {logging_mixin.py:190} INFO - [2025-04-01T17:25:48.398-0500] {dagbag.py:588} INFO - Filling up the DagBag from /mnt/d/Universidad/ETL/Proyecto_airflow/venv/lib/python3.12/site-packages/airflow/example_dags/example_branch_operator.py
[2025-04-01T17:25:48.450-0500] {processor.py:927} WARNING - No viable dags retrieved from /mnt/d/Universidad/ETL/Proyecto_airflow/venv/lib/python3.12/site-packages/airflow/example_dags/example_branch_operator.py
[2025-04-01T17:25:48.463-0500] {processor.py:208} INFO - Processing /mnt/d/Universidad/ETL/Proyecto_airflow/venv/lib/python3.12/site-packages/airflow/example_dags/example_branch_operator.py took 0.075 seconds
[2025-04-01T17:27:27.094-0500] {processor.py:186} INFO - Started process (PID=7271) to work on /mnt/d/Universidad/ETL/Proyecto_airflow/venv/lib/python3.12/site-packages/airflow/example_dags/example_branch_operator.py
[2025-04-01T17:27:27.095-0500] {processor.py:914} INFO - Processing file /mnt/d/Universidad/ETL/Proyecto_airflow/venv/lib/python3.12/site-packages/airflow/example_dags/example_branch_operator.py for tasks to queue
[2025-04-01T17:27:27.098-0500] {logging_mixin.py:190} INFO - [2025-04-01T17:27:27.097-0500] {dagbag.py:588} INFO - Filling up the DagBag from /mnt/d/Universidad/ETL/Proyecto_airflow/venv/lib/python3.12/site-packages/airflow/example_dags/example_branch_operator.py
[2025-04-01T17:27:27.151-0500] {processor.py:927} WARNING - No viable dags retrieved from /mnt/d/Universidad/ETL/Proyecto_airflow/venv/lib/python3.12/site-packages/airflow/example_dags/example_branch_operator.py
[2025-04-01T17:27:27.164-0500] {processor.py:208} INFO - Processing /mnt/d/Universidad/ETL/Proyecto_airflow/venv/lib/python3.12/site-packages/airflow/example_dags/example_branch_operator.py took 0.079 seconds
[2025-04-01T17:28:52.523-0500] {processor.py:186} INFO - Started process (PID=7339) to work on /mnt/d/Universidad/ETL/Proyecto_airflow/venv/lib/python3.12/site-packages/airflow/example_dags/example_branch_operator.py
[2025-04-01T17:28:52.524-0500] {processor.py:914} INFO - Processing file /mnt/d/Universidad/ETL/Proyecto_airflow/venv/lib/python3.12/site-packages/airflow/example_dags/example_branch_operator.py for tasks to queue
[2025-04-01T17:28:52.526-0500] {logging_mixin.py:190} INFO - [2025-04-01T17:28:52.525-0500] {dagbag.py:588} INFO - Filling up the DagBag from /mnt/d/Universidad/ETL/Proyecto_airflow/venv/lib/python3.12/site-packages/airflow/example_dags/example_branch_operator.py
[2025-04-01T17:28:52.578-0500] {processor.py:927} WARNING - No viable dags retrieved from /mnt/d/Universidad/ETL/Proyecto_airflow/venv/lib/python3.12/site-packages/airflow/example_dags/example_branch_operator.py
[2025-04-01T17:28:52.593-0500] {processor.py:208} INFO - Processing /mnt/d/Universidad/ETL/Proyecto_airflow/venv/lib/python3.12/site-packages/airflow/example_dags/example_branch_operator.py took 0.078 seconds
