[2025-04-01T16:14:43.660-0500] {processor.py:186} INFO - Started process (PID=4014) to work on /mnt/d/Universidad/ETL/Proyecto_airflow/venv/lib/python3.12/site-packages/airflow/example_dags/example_sensor_decorator.py
[2025-04-01T16:14:43.662-0500] {processor.py:914} INFO - Processing file /mnt/d/Universidad/ETL/Proyecto_airflow/venv/lib/python3.12/site-packages/airflow/example_dags/example_sensor_decorator.py for tasks to queue
[2025-04-01T16:14:43.664-0500] {logging_mixin.py:190} INFO - [2025-04-01T16:14:43.663-0500] {dagbag.py:588} INFO - Filling up the DagBag from /mnt/d/Universidad/ETL/Proyecto_airflow/venv/lib/python3.12/site-packages/airflow/example_dags/example_sensor_decorator.py
[2025-04-01T16:14:43.723-0500] {processor.py:925} INFO - DAG(s) 'example_sensor_decorator' retrieved from /mnt/d/Universidad/ETL/Proyecto_airflow/venv/lib/python3.12/site-packages/airflow/example_dags/example_sensor_decorator.py
[2025-04-01T16:14:44.835-0500] {logging_mixin.py:190} INFO - [2025-04-01T16:14:44.834-0500] {override.py:1930} INFO - Created Permission View: can delete on DAG:example_sensor_decorator
[2025-04-01T16:14:44.929-0500] {logging_mixin.py:190} INFO - [2025-04-01T16:14:44.928-0500] {override.py:1930} INFO - Created Permission View: can edit on DAG:example_sensor_decorator
[2025-04-01T16:14:45.011-0500] {logging_mixin.py:190} INFO - [2025-04-01T16:14:45.010-0500] {override.py:1930} INFO - Created Permission View: can read on DAG:example_sensor_decorator
[2025-04-01T16:14:45.196-0500] {logging_mixin.py:190} INFO - [2025-04-01T16:14:45.195-0500] {override.py:1930} INFO - Created Permission View: can create on DAG Run:example_sensor_decorator
[2025-04-01T16:14:45.265-0500] {logging_mixin.py:190} INFO - [2025-04-01T16:14:45.264-0500] {override.py:1930} INFO - Created Permission View: can delete on DAG Run:example_sensor_decorator
[2025-04-01T16:14:45.349-0500] {logging_mixin.py:190} INFO - [2025-04-01T16:14:45.348-0500] {override.py:1930} INFO - Created Permission View: menu access on DAG Run:example_sensor_decorator
[2025-04-01T16:14:45.434-0500] {logging_mixin.py:190} INFO - [2025-04-01T16:14:45.433-0500] {override.py:1930} INFO - Created Permission View: can read on DAG Run:example_sensor_decorator
[2025-04-01T16:14:45.435-0500] {logging_mixin.py:190} INFO - [2025-04-01T16:14:45.435-0500] {dag.py:3239} INFO - Sync 1 DAGs
[2025-04-01T16:14:45.450-0500] {logging_mixin.py:190} INFO - [2025-04-01T16:14:45.449-0500] {dag.py:3262} INFO - Creating ORM DAG for example_sensor_decorator
[2025-04-01T16:14:45.451-0500] {logging_mixin.py:190} INFO - [2025-04-01T16:14:45.451-0500] {dag.py:4180} INFO - Setting next_dagrun for example_sensor_decorator to None, run_after=None
[2025-04-01T16:14:45.552-0500] {processor.py:208} INFO - Processing /mnt/d/Universidad/ETL/Proyecto_airflow/venv/lib/python3.12/site-packages/airflow/example_dags/example_sensor_decorator.py took 1.900 seconds
[2025-04-01T16:16:31.620-0500] {processor.py:186} INFO - Started process (PID=4076) to work on /mnt/d/Universidad/ETL/Proyecto_airflow/venv/lib/python3.12/site-packages/airflow/example_dags/example_sensor_decorator.py
[2025-04-01T16:16:31.621-0500] {processor.py:914} INFO - Processing file /mnt/d/Universidad/ETL/Proyecto_airflow/venv/lib/python3.12/site-packages/airflow/example_dags/example_sensor_decorator.py for tasks to queue
[2025-04-01T16:16:31.623-0500] {logging_mixin.py:190} INFO - [2025-04-01T16:16:31.623-0500] {dagbag.py:588} INFO - Filling up the DagBag from /mnt/d/Universidad/ETL/Proyecto_airflow/venv/lib/python3.12/site-packages/airflow/example_dags/example_sensor_decorator.py
[2025-04-01T16:16:31.680-0500] {processor.py:925} INFO - DAG(s) 'example_sensor_decorator' retrieved from /mnt/d/Universidad/ETL/Proyecto_airflow/venv/lib/python3.12/site-packages/airflow/example_dags/example_sensor_decorator.py
[2025-04-01T16:16:31.708-0500] {logging_mixin.py:190} INFO - [2025-04-01T16:16:31.707-0500] {dag.py:3239} INFO - Sync 1 DAGs
[2025-04-01T16:16:31.720-0500] {logging_mixin.py:190} INFO - [2025-04-01T16:16:31.719-0500] {dag.py:4180} INFO - Setting next_dagrun for example_sensor_decorator to None, run_after=None
[2025-04-01T16:16:31.810-0500] {processor.py:208} INFO - Processing /mnt/d/Universidad/ETL/Proyecto_airflow/venv/lib/python3.12/site-packages/airflow/example_dags/example_sensor_decorator.py took 0.198 seconds
[2025-04-01T16:18:30.851-0500] {processor.py:186} INFO - Started process (PID=4147) to work on /mnt/d/Universidad/ETL/Proyecto_airflow/venv/lib/python3.12/site-packages/airflow/example_dags/example_sensor_decorator.py
[2025-04-01T16:18:30.853-0500] {processor.py:914} INFO - Processing file /mnt/d/Universidad/ETL/Proyecto_airflow/venv/lib/python3.12/site-packages/airflow/example_dags/example_sensor_decorator.py for tasks to queue
[2025-04-01T16:18:30.855-0500] {logging_mixin.py:190} INFO - [2025-04-01T16:18:30.854-0500] {dagbag.py:588} INFO - Filling up the DagBag from /mnt/d/Universidad/ETL/Proyecto_airflow/venv/lib/python3.12/site-packages/airflow/example_dags/example_sensor_decorator.py
[2025-04-01T16:18:30.910-0500] {processor.py:925} INFO - DAG(s) 'example_sensor_decorator' retrieved from /mnt/d/Universidad/ETL/Proyecto_airflow/venv/lib/python3.12/site-packages/airflow/example_dags/example_sensor_decorator.py
[2025-04-01T16:18:30.929-0500] {logging_mixin.py:190} INFO - [2025-04-01T16:18:30.928-0500] {dag.py:3239} INFO - Sync 1 DAGs
[2025-04-01T16:18:30.939-0500] {logging_mixin.py:190} INFO - [2025-04-01T16:18:30.938-0500] {dag.py:4180} INFO - Setting next_dagrun for example_sensor_decorator to None, run_after=None
[2025-04-01T16:18:31.018-0500] {processor.py:208} INFO - Processing /mnt/d/Universidad/ETL/Proyecto_airflow/venv/lib/python3.12/site-packages/airflow/example_dags/example_sensor_decorator.py took 0.176 seconds
[2025-04-01T16:20:02.696-0500] {processor.py:186} INFO - Started process (PID=4219) to work on /mnt/d/Universidad/ETL/Proyecto_airflow/venv/lib/python3.12/site-packages/airflow/example_dags/example_sensor_decorator.py
[2025-04-01T16:20:02.697-0500] {processor.py:914} INFO - Processing file /mnt/d/Universidad/ETL/Proyecto_airflow/venv/lib/python3.12/site-packages/airflow/example_dags/example_sensor_decorator.py for tasks to queue
[2025-04-01T16:20:02.699-0500] {logging_mixin.py:190} INFO - [2025-04-01T16:20:02.698-0500] {dagbag.py:588} INFO - Filling up the DagBag from /mnt/d/Universidad/ETL/Proyecto_airflow/venv/lib/python3.12/site-packages/airflow/example_dags/example_sensor_decorator.py
[2025-04-01T16:20:02.753-0500] {processor.py:925} INFO - DAG(s) 'example_sensor_decorator' retrieved from /mnt/d/Universidad/ETL/Proyecto_airflow/venv/lib/python3.12/site-packages/airflow/example_dags/example_sensor_decorator.py
[2025-04-01T16:20:02.770-0500] {logging_mixin.py:190} INFO - [2025-04-01T16:20:02.769-0500] {dag.py:3239} INFO - Sync 1 DAGs
[2025-04-01T16:20:02.779-0500] {logging_mixin.py:190} INFO - [2025-04-01T16:20:02.778-0500] {dag.py:4180} INFO - Setting next_dagrun for example_sensor_decorator to None, run_after=None
[2025-04-01T16:20:02.860-0500] {processor.py:208} INFO - Processing /mnt/d/Universidad/ETL/Proyecto_airflow/venv/lib/python3.12/site-packages/airflow/example_dags/example_sensor_decorator.py took 0.172 seconds
[2025-04-01T16:21:31.389-0500] {processor.py:186} INFO - Started process (PID=4292) to work on /mnt/d/Universidad/ETL/Proyecto_airflow/venv/lib/python3.12/site-packages/airflow/example_dags/example_sensor_decorator.py
[2025-04-01T16:21:31.390-0500] {processor.py:914} INFO - Processing file /mnt/d/Universidad/ETL/Proyecto_airflow/venv/lib/python3.12/site-packages/airflow/example_dags/example_sensor_decorator.py for tasks to queue
[2025-04-01T16:21:31.392-0500] {logging_mixin.py:190} INFO - [2025-04-01T16:21:31.392-0500] {dagbag.py:588} INFO - Filling up the DagBag from /mnt/d/Universidad/ETL/Proyecto_airflow/venv/lib/python3.12/site-packages/airflow/example_dags/example_sensor_decorator.py
[2025-04-01T16:21:31.446-0500] {processor.py:925} INFO - DAG(s) 'example_sensor_decorator' retrieved from /mnt/d/Universidad/ETL/Proyecto_airflow/venv/lib/python3.12/site-packages/airflow/example_dags/example_sensor_decorator.py
[2025-04-01T16:21:31.464-0500] {logging_mixin.py:190} INFO - [2025-04-01T16:21:31.463-0500] {dag.py:3239} INFO - Sync 1 DAGs
[2025-04-01T16:21:31.473-0500] {logging_mixin.py:190} INFO - [2025-04-01T16:21:31.472-0500] {dag.py:4180} INFO - Setting next_dagrun for example_sensor_decorator to None, run_after=None
[2025-04-01T16:21:31.555-0500] {processor.py:208} INFO - Processing /mnt/d/Universidad/ETL/Proyecto_airflow/venv/lib/python3.12/site-packages/airflow/example_dags/example_sensor_decorator.py took 0.173 seconds
[2025-04-01T16:22:53.371-0500] {processor.py:186} INFO - Started process (PID=4358) to work on /mnt/d/Universidad/ETL/Proyecto_airflow/venv/lib/python3.12/site-packages/airflow/example_dags/example_sensor_decorator.py
[2025-04-01T16:22:53.372-0500] {processor.py:914} INFO - Processing file /mnt/d/Universidad/ETL/Proyecto_airflow/venv/lib/python3.12/site-packages/airflow/example_dags/example_sensor_decorator.py for tasks to queue
[2025-04-01T16:22:53.374-0500] {logging_mixin.py:190} INFO - [2025-04-01T16:22:53.373-0500] {dagbag.py:588} INFO - Filling up the DagBag from /mnt/d/Universidad/ETL/Proyecto_airflow/venv/lib/python3.12/site-packages/airflow/example_dags/example_sensor_decorator.py
[2025-04-01T16:22:53.427-0500] {processor.py:925} INFO - DAG(s) 'example_sensor_decorator' retrieved from /mnt/d/Universidad/ETL/Proyecto_airflow/venv/lib/python3.12/site-packages/airflow/example_dags/example_sensor_decorator.py
[2025-04-01T16:22:53.444-0500] {logging_mixin.py:190} INFO - [2025-04-01T16:22:53.444-0500] {dag.py:3239} INFO - Sync 1 DAGs
[2025-04-01T16:22:53.454-0500] {logging_mixin.py:190} INFO - [2025-04-01T16:22:53.453-0500] {dag.py:4180} INFO - Setting next_dagrun for example_sensor_decorator to None, run_after=None
[2025-04-01T16:22:53.530-0500] {processor.py:208} INFO - Processing /mnt/d/Universidad/ETL/Proyecto_airflow/venv/lib/python3.12/site-packages/airflow/example_dags/example_sensor_decorator.py took 0.167 seconds
[2025-04-01T16:24:28.892-0500] {processor.py:186} INFO - Started process (PID=4430) to work on /mnt/d/Universidad/ETL/Proyecto_airflow/venv/lib/python3.12/site-packages/airflow/example_dags/example_sensor_decorator.py
[2025-04-01T16:24:28.893-0500] {processor.py:914} INFO - Processing file /mnt/d/Universidad/ETL/Proyecto_airflow/venv/lib/python3.12/site-packages/airflow/example_dags/example_sensor_decorator.py for tasks to queue
[2025-04-01T16:24:28.895-0500] {logging_mixin.py:190} INFO - [2025-04-01T16:24:28.895-0500] {dagbag.py:588} INFO - Filling up the DagBag from /mnt/d/Universidad/ETL/Proyecto_airflow/venv/lib/python3.12/site-packages/airflow/example_dags/example_sensor_decorator.py
[2025-04-01T16:24:28.948-0500] {processor.py:925} INFO - DAG(s) 'example_sensor_decorator' retrieved from /mnt/d/Universidad/ETL/Proyecto_airflow/venv/lib/python3.12/site-packages/airflow/example_dags/example_sensor_decorator.py
[2025-04-01T16:24:28.965-0500] {logging_mixin.py:190} INFO - [2025-04-01T16:24:28.964-0500] {dag.py:3239} INFO - Sync 1 DAGs
[2025-04-01T16:24:28.974-0500] {logging_mixin.py:190} INFO - [2025-04-01T16:24:28.973-0500] {dag.py:4180} INFO - Setting next_dagrun for example_sensor_decorator to None, run_after=None
[2025-04-01T16:24:29.047-0500] {processor.py:208} INFO - Processing /mnt/d/Universidad/ETL/Proyecto_airflow/venv/lib/python3.12/site-packages/airflow/example_dags/example_sensor_decorator.py took 0.163 seconds
[2025-04-01T16:26:00.998-0500] {processor.py:186} INFO - Started process (PID=4501) to work on /mnt/d/Universidad/ETL/Proyecto_airflow/venv/lib/python3.12/site-packages/airflow/example_dags/example_sensor_decorator.py
[2025-04-01T16:26:00.999-0500] {processor.py:914} INFO - Processing file /mnt/d/Universidad/ETL/Proyecto_airflow/venv/lib/python3.12/site-packages/airflow/example_dags/example_sensor_decorator.py for tasks to queue
[2025-04-01T16:26:01.001-0500] {logging_mixin.py:190} INFO - [2025-04-01T16:26:01.000-0500] {dagbag.py:588} INFO - Filling up the DagBag from /mnt/d/Universidad/ETL/Proyecto_airflow/venv/lib/python3.12/site-packages/airflow/example_dags/example_sensor_decorator.py
[2025-04-01T16:26:01.054-0500] {processor.py:925} INFO - DAG(s) 'example_sensor_decorator' retrieved from /mnt/d/Universidad/ETL/Proyecto_airflow/venv/lib/python3.12/site-packages/airflow/example_dags/example_sensor_decorator.py
[2025-04-01T16:26:01.073-0500] {logging_mixin.py:190} INFO - [2025-04-01T16:26:01.073-0500] {dag.py:3239} INFO - Sync 1 DAGs
[2025-04-01T16:26:01.157-0500] {logging_mixin.py:190} INFO - [2025-04-01T16:26:01.156-0500] {dag.py:4180} INFO - Setting next_dagrun for example_sensor_decorator to None, run_after=None
[2025-04-01T16:26:01.233-0500] {processor.py:208} INFO - Processing /mnt/d/Universidad/ETL/Proyecto_airflow/venv/lib/python3.12/site-packages/airflow/example_dags/example_sensor_decorator.py took 0.243 seconds
[2025-04-01T16:27:34.577-0500] {processor.py:186} INFO - Started process (PID=4572) to work on /mnt/d/Universidad/ETL/Proyecto_airflow/venv/lib/python3.12/site-packages/airflow/example_dags/example_sensor_decorator.py
[2025-04-01T16:27:34.578-0500] {processor.py:914} INFO - Processing file /mnt/d/Universidad/ETL/Proyecto_airflow/venv/lib/python3.12/site-packages/airflow/example_dags/example_sensor_decorator.py for tasks to queue
[2025-04-01T16:27:34.580-0500] {logging_mixin.py:190} INFO - [2025-04-01T16:27:34.580-0500] {dagbag.py:588} INFO - Filling up the DagBag from /mnt/d/Universidad/ETL/Proyecto_airflow/venv/lib/python3.12/site-packages/airflow/example_dags/example_sensor_decorator.py
[2025-04-01T16:27:34.636-0500] {processor.py:925} INFO - DAG(s) 'example_sensor_decorator' retrieved from /mnt/d/Universidad/ETL/Proyecto_airflow/venv/lib/python3.12/site-packages/airflow/example_dags/example_sensor_decorator.py
[2025-04-01T16:27:34.707-0500] {logging_mixin.py:190} INFO - [2025-04-01T16:27:34.706-0500] {dag.py:3239} INFO - Sync 1 DAGs
[2025-04-01T16:27:34.717-0500] {logging_mixin.py:190} INFO - [2025-04-01T16:27:34.715-0500] {dag.py:4180} INFO - Setting next_dagrun for example_sensor_decorator to None, run_after=None
[2025-04-01T16:27:34.813-0500] {processor.py:208} INFO - Processing /mnt/d/Universidad/ETL/Proyecto_airflow/venv/lib/python3.12/site-packages/airflow/example_dags/example_sensor_decorator.py took 0.243 seconds
[2025-04-01T16:29:03.947-0500] {processor.py:186} INFO - Started process (PID=4642) to work on /mnt/d/Universidad/ETL/Proyecto_airflow/venv/lib/python3.12/site-packages/airflow/example_dags/example_sensor_decorator.py
[2025-04-01T16:29:03.948-0500] {processor.py:914} INFO - Processing file /mnt/d/Universidad/ETL/Proyecto_airflow/venv/lib/python3.12/site-packages/airflow/example_dags/example_sensor_decorator.py for tasks to queue
[2025-04-01T16:29:03.950-0500] {logging_mixin.py:190} INFO - [2025-04-01T16:29:03.949-0500] {dagbag.py:588} INFO - Filling up the DagBag from /mnt/d/Universidad/ETL/Proyecto_airflow/venv/lib/python3.12/site-packages/airflow/example_dags/example_sensor_decorator.py
[2025-04-01T16:29:04.005-0500] {processor.py:925} INFO - DAG(s) 'example_sensor_decorator' retrieved from /mnt/d/Universidad/ETL/Proyecto_airflow/venv/lib/python3.12/site-packages/airflow/example_dags/example_sensor_decorator.py
[2025-04-01T16:29:04.023-0500] {logging_mixin.py:190} INFO - [2025-04-01T16:29:04.022-0500] {dag.py:3239} INFO - Sync 1 DAGs
[2025-04-01T16:29:04.033-0500] {logging_mixin.py:190} INFO - [2025-04-01T16:29:04.033-0500] {dag.py:4180} INFO - Setting next_dagrun for example_sensor_decorator to None, run_after=None
[2025-04-01T16:29:04.115-0500] {processor.py:208} INFO - Processing /mnt/d/Universidad/ETL/Proyecto_airflow/venv/lib/python3.12/site-packages/airflow/example_dags/example_sensor_decorator.py took 0.177 seconds
[2025-04-01T16:30:35.555-0500] {processor.py:186} INFO - Started process (PID=4714) to work on /mnt/d/Universidad/ETL/Proyecto_airflow/venv/lib/python3.12/site-packages/airflow/example_dags/example_sensor_decorator.py
[2025-04-01T16:30:35.556-0500] {processor.py:914} INFO - Processing file /mnt/d/Universidad/ETL/Proyecto_airflow/venv/lib/python3.12/site-packages/airflow/example_dags/example_sensor_decorator.py for tasks to queue
[2025-04-01T16:30:35.559-0500] {logging_mixin.py:190} INFO - [2025-04-01T16:30:35.558-0500] {dagbag.py:588} INFO - Filling up the DagBag from /mnt/d/Universidad/ETL/Proyecto_airflow/venv/lib/python3.12/site-packages/airflow/example_dags/example_sensor_decorator.py
[2025-04-01T16:30:35.612-0500] {processor.py:925} INFO - DAG(s) 'example_sensor_decorator' retrieved from /mnt/d/Universidad/ETL/Proyecto_airflow/venv/lib/python3.12/site-packages/airflow/example_dags/example_sensor_decorator.py
[2025-04-01T16:30:35.629-0500] {logging_mixin.py:190} INFO - [2025-04-01T16:30:35.629-0500] {dag.py:3239} INFO - Sync 1 DAGs
[2025-04-01T16:30:35.640-0500] {logging_mixin.py:190} INFO - [2025-04-01T16:30:35.639-0500] {dag.py:4180} INFO - Setting next_dagrun for example_sensor_decorator to None, run_after=None
[2025-04-01T16:30:35.707-0500] {processor.py:208} INFO - Processing /mnt/d/Universidad/ETL/Proyecto_airflow/venv/lib/python3.12/site-packages/airflow/example_dags/example_sensor_decorator.py took 0.160 seconds
[2025-04-01T16:32:12.458-0500] {processor.py:186} INFO - Started process (PID=4787) to work on /mnt/d/Universidad/ETL/Proyecto_airflow/venv/lib/python3.12/site-packages/airflow/example_dags/example_sensor_decorator.py
[2025-04-01T16:32:12.459-0500] {processor.py:914} INFO - Processing file /mnt/d/Universidad/ETL/Proyecto_airflow/venv/lib/python3.12/site-packages/airflow/example_dags/example_sensor_decorator.py for tasks to queue
[2025-04-01T16:32:12.461-0500] {logging_mixin.py:190} INFO - [2025-04-01T16:32:12.461-0500] {dagbag.py:588} INFO - Filling up the DagBag from /mnt/d/Universidad/ETL/Proyecto_airflow/venv/lib/python3.12/site-packages/airflow/example_dags/example_sensor_decorator.py
[2025-04-01T16:32:12.515-0500] {processor.py:925} INFO - DAG(s) 'example_sensor_decorator' retrieved from /mnt/d/Universidad/ETL/Proyecto_airflow/venv/lib/python3.12/site-packages/airflow/example_dags/example_sensor_decorator.py
[2025-04-01T16:32:12.532-0500] {logging_mixin.py:190} INFO - [2025-04-01T16:32:12.531-0500] {dag.py:3239} INFO - Sync 1 DAGs
[2025-04-01T16:32:12.541-0500] {logging_mixin.py:190} INFO - [2025-04-01T16:32:12.541-0500] {dag.py:4180} INFO - Setting next_dagrun for example_sensor_decorator to None, run_after=None
[2025-04-01T16:32:12.636-0500] {processor.py:208} INFO - Processing /mnt/d/Universidad/ETL/Proyecto_airflow/venv/lib/python3.12/site-packages/airflow/example_dags/example_sensor_decorator.py took 0.186 seconds
[2025-04-01T16:33:44.538-0500] {processor.py:186} INFO - Started process (PID=4857) to work on /mnt/d/Universidad/ETL/Proyecto_airflow/venv/lib/python3.12/site-packages/airflow/example_dags/example_sensor_decorator.py
[2025-04-01T16:33:44.539-0500] {processor.py:914} INFO - Processing file /mnt/d/Universidad/ETL/Proyecto_airflow/venv/lib/python3.12/site-packages/airflow/example_dags/example_sensor_decorator.py for tasks to queue
[2025-04-01T16:33:44.541-0500] {logging_mixin.py:190} INFO - [2025-04-01T16:33:44.540-0500] {dagbag.py:588} INFO - Filling up the DagBag from /mnt/d/Universidad/ETL/Proyecto_airflow/venv/lib/python3.12/site-packages/airflow/example_dags/example_sensor_decorator.py
[2025-04-01T16:33:44.596-0500] {processor.py:925} INFO - DAG(s) 'example_sensor_decorator' retrieved from /mnt/d/Universidad/ETL/Proyecto_airflow/venv/lib/python3.12/site-packages/airflow/example_dags/example_sensor_decorator.py
[2025-04-01T16:33:44.614-0500] {logging_mixin.py:190} INFO - [2025-04-01T16:33:44.613-0500] {dag.py:3239} INFO - Sync 1 DAGs
[2025-04-01T16:33:44.623-0500] {logging_mixin.py:190} INFO - [2025-04-01T16:33:44.622-0500] {dag.py:4180} INFO - Setting next_dagrun for example_sensor_decorator to None, run_after=None
[2025-04-01T16:33:44.735-0500] {processor.py:208} INFO - Processing /mnt/d/Universidad/ETL/Proyecto_airflow/venv/lib/python3.12/site-packages/airflow/example_dags/example_sensor_decorator.py took 0.205 seconds
[2025-04-01T16:35:10.539-0500] {processor.py:186} INFO - Started process (PID=4926) to work on /mnt/d/Universidad/ETL/Proyecto_airflow/venv/lib/python3.12/site-packages/airflow/example_dags/example_sensor_decorator.py
[2025-04-01T16:35:10.540-0500] {processor.py:914} INFO - Processing file /mnt/d/Universidad/ETL/Proyecto_airflow/venv/lib/python3.12/site-packages/airflow/example_dags/example_sensor_decorator.py for tasks to queue
[2025-04-01T16:35:10.543-0500] {logging_mixin.py:190} INFO - [2025-04-01T16:35:10.542-0500] {dagbag.py:588} INFO - Filling up the DagBag from /mnt/d/Universidad/ETL/Proyecto_airflow/venv/lib/python3.12/site-packages/airflow/example_dags/example_sensor_decorator.py
[2025-04-01T16:35:10.596-0500] {processor.py:925} INFO - DAG(s) 'example_sensor_decorator' retrieved from /mnt/d/Universidad/ETL/Proyecto_airflow/venv/lib/python3.12/site-packages/airflow/example_dags/example_sensor_decorator.py
[2025-04-01T16:35:10.616-0500] {logging_mixin.py:190} INFO - [2025-04-01T16:35:10.615-0500] {dag.py:3239} INFO - Sync 1 DAGs
[2025-04-01T16:35:10.626-0500] {logging_mixin.py:190} INFO - [2025-04-01T16:35:10.625-0500] {dag.py:4180} INFO - Setting next_dagrun for example_sensor_decorator to None, run_after=None
[2025-04-01T16:35:10.721-0500] {processor.py:208} INFO - Processing /mnt/d/Universidad/ETL/Proyecto_airflow/venv/lib/python3.12/site-packages/airflow/example_dags/example_sensor_decorator.py took 0.190 seconds
[2025-04-01T16:36:45.427-0500] {processor.py:186} INFO - Started process (PID=4997) to work on /mnt/d/Universidad/ETL/Proyecto_airflow/venv/lib/python3.12/site-packages/airflow/example_dags/example_sensor_decorator.py
[2025-04-01T16:36:45.428-0500] {processor.py:914} INFO - Processing file /mnt/d/Universidad/ETL/Proyecto_airflow/venv/lib/python3.12/site-packages/airflow/example_dags/example_sensor_decorator.py for tasks to queue
[2025-04-01T16:36:45.430-0500] {logging_mixin.py:190} INFO - [2025-04-01T16:36:45.429-0500] {dagbag.py:588} INFO - Filling up the DagBag from /mnt/d/Universidad/ETL/Proyecto_airflow/venv/lib/python3.12/site-packages/airflow/example_dags/example_sensor_decorator.py
[2025-04-01T16:36:45.484-0500] {processor.py:925} INFO - DAG(s) 'example_sensor_decorator' retrieved from /mnt/d/Universidad/ETL/Proyecto_airflow/venv/lib/python3.12/site-packages/airflow/example_dags/example_sensor_decorator.py
[2025-04-01T16:36:45.502-0500] {logging_mixin.py:190} INFO - [2025-04-01T16:36:45.501-0500] {dag.py:3239} INFO - Sync 1 DAGs
[2025-04-01T16:36:45.511-0500] {logging_mixin.py:190} INFO - [2025-04-01T16:36:45.511-0500] {dag.py:4180} INFO - Setting next_dagrun for example_sensor_decorator to None, run_after=None
[2025-04-01T16:36:45.619-0500] {processor.py:208} INFO - Processing /mnt/d/Universidad/ETL/Proyecto_airflow/venv/lib/python3.12/site-packages/airflow/example_dags/example_sensor_decorator.py took 0.201 seconds
[2025-04-01T16:38:15.140-0500] {processor.py:186} INFO - Started process (PID=5066) to work on /mnt/d/Universidad/ETL/Proyecto_airflow/venv/lib/python3.12/site-packages/airflow/example_dags/example_sensor_decorator.py
[2025-04-01T16:38:15.141-0500] {processor.py:914} INFO - Processing file /mnt/d/Universidad/ETL/Proyecto_airflow/venv/lib/python3.12/site-packages/airflow/example_dags/example_sensor_decorator.py for tasks to queue
[2025-04-01T16:38:15.144-0500] {logging_mixin.py:190} INFO - [2025-04-01T16:38:15.143-0500] {dagbag.py:588} INFO - Filling up the DagBag from /mnt/d/Universidad/ETL/Proyecto_airflow/venv/lib/python3.12/site-packages/airflow/example_dags/example_sensor_decorator.py
[2025-04-01T16:38:15.197-0500] {processor.py:925} INFO - DAG(s) 'example_sensor_decorator' retrieved from /mnt/d/Universidad/ETL/Proyecto_airflow/venv/lib/python3.12/site-packages/airflow/example_dags/example_sensor_decorator.py
[2025-04-01T16:38:15.215-0500] {logging_mixin.py:190} INFO - [2025-04-01T16:38:15.214-0500] {dag.py:3239} INFO - Sync 1 DAGs
[2025-04-01T16:38:15.224-0500] {logging_mixin.py:190} INFO - [2025-04-01T16:38:15.223-0500] {dag.py:4180} INFO - Setting next_dagrun for example_sensor_decorator to None, run_after=None
[2025-04-01T16:38:15.320-0500] {processor.py:208} INFO - Processing /mnt/d/Universidad/ETL/Proyecto_airflow/venv/lib/python3.12/site-packages/airflow/example_dags/example_sensor_decorator.py took 0.188 seconds
[2025-04-01T16:39:48.012-0500] {processor.py:186} INFO - Started process (PID=5137) to work on /mnt/d/Universidad/ETL/Proyecto_airflow/venv/lib/python3.12/site-packages/airflow/example_dags/example_sensor_decorator.py
[2025-04-01T16:39:48.013-0500] {processor.py:914} INFO - Processing file /mnt/d/Universidad/ETL/Proyecto_airflow/venv/lib/python3.12/site-packages/airflow/example_dags/example_sensor_decorator.py for tasks to queue
[2025-04-01T16:39:48.016-0500] {logging_mixin.py:190} INFO - [2025-04-01T16:39:48.015-0500] {dagbag.py:588} INFO - Filling up the DagBag from /mnt/d/Universidad/ETL/Proyecto_airflow/venv/lib/python3.12/site-packages/airflow/example_dags/example_sensor_decorator.py
[2025-04-01T16:39:48.069-0500] {processor.py:925} INFO - DAG(s) 'example_sensor_decorator' retrieved from /mnt/d/Universidad/ETL/Proyecto_airflow/venv/lib/python3.12/site-packages/airflow/example_dags/example_sensor_decorator.py
[2025-04-01T16:39:48.086-0500] {logging_mixin.py:190} INFO - [2025-04-01T16:39:48.085-0500] {dag.py:3239} INFO - Sync 1 DAGs
[2025-04-01T16:39:48.095-0500] {logging_mixin.py:190} INFO - [2025-04-01T16:39:48.095-0500] {dag.py:4180} INFO - Setting next_dagrun for example_sensor_decorator to None, run_after=None
[2025-04-01T16:39:48.193-0500] {processor.py:208} INFO - Processing /mnt/d/Universidad/ETL/Proyecto_airflow/venv/lib/python3.12/site-packages/airflow/example_dags/example_sensor_decorator.py took 0.189 seconds
[2025-04-01T16:41:26.991-0500] {processor.py:186} INFO - Started process (PID=5211) to work on /mnt/d/Universidad/ETL/Proyecto_airflow/venv/lib/python3.12/site-packages/airflow/example_dags/example_sensor_decorator.py
[2025-04-01T16:41:26.992-0500] {processor.py:914} INFO - Processing file /mnt/d/Universidad/ETL/Proyecto_airflow/venv/lib/python3.12/site-packages/airflow/example_dags/example_sensor_decorator.py for tasks to queue
[2025-04-01T16:41:26.995-0500] {logging_mixin.py:190} INFO - [2025-04-01T16:41:26.994-0500] {dagbag.py:588} INFO - Filling up the DagBag from /mnt/d/Universidad/ETL/Proyecto_airflow/venv/lib/python3.12/site-packages/airflow/example_dags/example_sensor_decorator.py
[2025-04-01T16:41:27.051-0500] {processor.py:925} INFO - DAG(s) 'example_sensor_decorator' retrieved from /mnt/d/Universidad/ETL/Proyecto_airflow/venv/lib/python3.12/site-packages/airflow/example_dags/example_sensor_decorator.py
[2025-04-01T16:41:27.069-0500] {logging_mixin.py:190} INFO - [2025-04-01T16:41:27.068-0500] {dag.py:3239} INFO - Sync 1 DAGs
[2025-04-01T16:41:27.078-0500] {logging_mixin.py:190} INFO - [2025-04-01T16:41:27.078-0500] {dag.py:4180} INFO - Setting next_dagrun for example_sensor_decorator to None, run_after=None
[2025-04-01T16:41:27.181-0500] {processor.py:208} INFO - Processing /mnt/d/Universidad/ETL/Proyecto_airflow/venv/lib/python3.12/site-packages/airflow/example_dags/example_sensor_decorator.py took 0.198 seconds
[2025-04-01T16:42:57.662-0500] {processor.py:186} INFO - Started process (PID=5281) to work on /mnt/d/Universidad/ETL/Proyecto_airflow/venv/lib/python3.12/site-packages/airflow/example_dags/example_sensor_decorator.py
[2025-04-01T16:42:57.663-0500] {processor.py:914} INFO - Processing file /mnt/d/Universidad/ETL/Proyecto_airflow/venv/lib/python3.12/site-packages/airflow/example_dags/example_sensor_decorator.py for tasks to queue
[2025-04-01T16:42:57.665-0500] {logging_mixin.py:190} INFO - [2025-04-01T16:42:57.664-0500] {dagbag.py:588} INFO - Filling up the DagBag from /mnt/d/Universidad/ETL/Proyecto_airflow/venv/lib/python3.12/site-packages/airflow/example_dags/example_sensor_decorator.py
[2025-04-01T16:42:57.719-0500] {processor.py:925} INFO - DAG(s) 'example_sensor_decorator' retrieved from /mnt/d/Universidad/ETL/Proyecto_airflow/venv/lib/python3.12/site-packages/airflow/example_dags/example_sensor_decorator.py
[2025-04-01T16:42:57.736-0500] {logging_mixin.py:190} INFO - [2025-04-01T16:42:57.735-0500] {dag.py:3239} INFO - Sync 1 DAGs
[2025-04-01T16:42:57.745-0500] {logging_mixin.py:190} INFO - [2025-04-01T16:42:57.745-0500] {dag.py:4180} INFO - Setting next_dagrun for example_sensor_decorator to None, run_after=None
[2025-04-01T16:42:57.846-0500] {processor.py:208} INFO - Processing /mnt/d/Universidad/ETL/Proyecto_airflow/venv/lib/python3.12/site-packages/airflow/example_dags/example_sensor_decorator.py took 0.192 seconds
[2025-04-01T16:44:33.125-0500] {processor.py:186} INFO - Started process (PID=5352) to work on /mnt/d/Universidad/ETL/Proyecto_airflow/venv/lib/python3.12/site-packages/airflow/example_dags/example_sensor_decorator.py
[2025-04-01T16:44:33.126-0500] {processor.py:914} INFO - Processing file /mnt/d/Universidad/ETL/Proyecto_airflow/venv/lib/python3.12/site-packages/airflow/example_dags/example_sensor_decorator.py for tasks to queue
[2025-04-01T16:44:33.128-0500] {logging_mixin.py:190} INFO - [2025-04-01T16:44:33.127-0500] {dagbag.py:588} INFO - Filling up the DagBag from /mnt/d/Universidad/ETL/Proyecto_airflow/venv/lib/python3.12/site-packages/airflow/example_dags/example_sensor_decorator.py
[2025-04-01T16:44:33.182-0500] {processor.py:925} INFO - DAG(s) 'example_sensor_decorator' retrieved from /mnt/d/Universidad/ETL/Proyecto_airflow/venv/lib/python3.12/site-packages/airflow/example_dags/example_sensor_decorator.py
[2025-04-01T16:44:33.199-0500] {logging_mixin.py:190} INFO - [2025-04-01T16:44:33.199-0500] {dag.py:3239} INFO - Sync 1 DAGs
[2025-04-01T16:44:33.208-0500] {logging_mixin.py:190} INFO - [2025-04-01T16:44:33.208-0500] {dag.py:4180} INFO - Setting next_dagrun for example_sensor_decorator to None, run_after=None
[2025-04-01T16:44:33.288-0500] {processor.py:208} INFO - Processing /mnt/d/Universidad/ETL/Proyecto_airflow/venv/lib/python3.12/site-packages/airflow/example_dags/example_sensor_decorator.py took 0.171 seconds
[2025-04-01T16:46:11.270-0500] {processor.py:186} INFO - Started process (PID=5425) to work on /mnt/d/Universidad/ETL/Proyecto_airflow/venv/lib/python3.12/site-packages/airflow/example_dags/example_sensor_decorator.py
[2025-04-01T16:46:11.271-0500] {processor.py:914} INFO - Processing file /mnt/d/Universidad/ETL/Proyecto_airflow/venv/lib/python3.12/site-packages/airflow/example_dags/example_sensor_decorator.py for tasks to queue
[2025-04-01T16:46:11.273-0500] {logging_mixin.py:190} INFO - [2025-04-01T16:46:11.272-0500] {dagbag.py:588} INFO - Filling up the DagBag from /mnt/d/Universidad/ETL/Proyecto_airflow/venv/lib/python3.12/site-packages/airflow/example_dags/example_sensor_decorator.py
[2025-04-01T16:46:11.327-0500] {processor.py:925} INFO - DAG(s) 'example_sensor_decorator' retrieved from /mnt/d/Universidad/ETL/Proyecto_airflow/venv/lib/python3.12/site-packages/airflow/example_dags/example_sensor_decorator.py
[2025-04-01T16:46:11.345-0500] {logging_mixin.py:190} INFO - [2025-04-01T16:46:11.344-0500] {dag.py:3239} INFO - Sync 1 DAGs
[2025-04-01T16:46:11.354-0500] {logging_mixin.py:190} INFO - [2025-04-01T16:46:11.353-0500] {dag.py:4180} INFO - Setting next_dagrun for example_sensor_decorator to None, run_after=None
[2025-04-01T16:46:11.453-0500] {processor.py:208} INFO - Processing /mnt/d/Universidad/ETL/Proyecto_airflow/venv/lib/python3.12/site-packages/airflow/example_dags/example_sensor_decorator.py took 0.190 seconds
[2025-04-01T16:47:47.790-0500] {processor.py:186} INFO - Started process (PID=5497) to work on /mnt/d/Universidad/ETL/Proyecto_airflow/venv/lib/python3.12/site-packages/airflow/example_dags/example_sensor_decorator.py
[2025-04-01T16:47:47.791-0500] {processor.py:914} INFO - Processing file /mnt/d/Universidad/ETL/Proyecto_airflow/venv/lib/python3.12/site-packages/airflow/example_dags/example_sensor_decorator.py for tasks to queue
[2025-04-01T16:47:47.793-0500] {logging_mixin.py:190} INFO - [2025-04-01T16:47:47.792-0500] {dagbag.py:588} INFO - Filling up the DagBag from /mnt/d/Universidad/ETL/Proyecto_airflow/venv/lib/python3.12/site-packages/airflow/example_dags/example_sensor_decorator.py
[2025-04-01T16:47:47.849-0500] {processor.py:925} INFO - DAG(s) 'example_sensor_decorator' retrieved from /mnt/d/Universidad/ETL/Proyecto_airflow/venv/lib/python3.12/site-packages/airflow/example_dags/example_sensor_decorator.py
[2025-04-01T16:47:47.869-0500] {logging_mixin.py:190} INFO - [2025-04-01T16:47:47.868-0500] {dag.py:3239} INFO - Sync 1 DAGs
[2025-04-01T16:47:47.879-0500] {logging_mixin.py:190} INFO - [2025-04-01T16:47:47.879-0500] {dag.py:4180} INFO - Setting next_dagrun for example_sensor_decorator to None, run_after=None
[2025-04-01T16:47:47.986-0500] {processor.py:208} INFO - Processing /mnt/d/Universidad/ETL/Proyecto_airflow/venv/lib/python3.12/site-packages/airflow/example_dags/example_sensor_decorator.py took 0.205 seconds
[2025-04-01T16:49:17.115-0500] {processor.py:186} INFO - Started process (PID=5566) to work on /mnt/d/Universidad/ETL/Proyecto_airflow/venv/lib/python3.12/site-packages/airflow/example_dags/example_sensor_decorator.py
[2025-04-01T16:49:17.116-0500] {processor.py:914} INFO - Processing file /mnt/d/Universidad/ETL/Proyecto_airflow/venv/lib/python3.12/site-packages/airflow/example_dags/example_sensor_decorator.py for tasks to queue
[2025-04-01T16:49:17.118-0500] {logging_mixin.py:190} INFO - [2025-04-01T16:49:17.117-0500] {dagbag.py:588} INFO - Filling up the DagBag from /mnt/d/Universidad/ETL/Proyecto_airflow/venv/lib/python3.12/site-packages/airflow/example_dags/example_sensor_decorator.py
[2025-04-01T16:49:17.172-0500] {processor.py:925} INFO - DAG(s) 'example_sensor_decorator' retrieved from /mnt/d/Universidad/ETL/Proyecto_airflow/venv/lib/python3.12/site-packages/airflow/example_dags/example_sensor_decorator.py
[2025-04-01T16:49:17.189-0500] {logging_mixin.py:190} INFO - [2025-04-01T16:49:17.188-0500] {dag.py:3239} INFO - Sync 1 DAGs
[2025-04-01T16:49:17.198-0500] {logging_mixin.py:190} INFO - [2025-04-01T16:49:17.197-0500] {dag.py:4180} INFO - Setting next_dagrun for example_sensor_decorator to None, run_after=None
[2025-04-01T16:49:17.299-0500] {processor.py:208} INFO - Processing /mnt/d/Universidad/ETL/Proyecto_airflow/venv/lib/python3.12/site-packages/airflow/example_dags/example_sensor_decorator.py took 0.192 seconds
[2025-04-01T16:50:46.039-0500] {processor.py:186} INFO - Started process (PID=5635) to work on /mnt/d/Universidad/ETL/Proyecto_airflow/venv/lib/python3.12/site-packages/airflow/example_dags/example_sensor_decorator.py
[2025-04-01T16:50:46.040-0500] {processor.py:914} INFO - Processing file /mnt/d/Universidad/ETL/Proyecto_airflow/venv/lib/python3.12/site-packages/airflow/example_dags/example_sensor_decorator.py for tasks to queue
[2025-04-01T16:50:46.042-0500] {logging_mixin.py:190} INFO - [2025-04-01T16:50:46.041-0500] {dagbag.py:588} INFO - Filling up the DagBag from /mnt/d/Universidad/ETL/Proyecto_airflow/venv/lib/python3.12/site-packages/airflow/example_dags/example_sensor_decorator.py
[2025-04-01T16:50:46.094-0500] {processor.py:925} INFO - DAG(s) 'example_sensor_decorator' retrieved from /mnt/d/Universidad/ETL/Proyecto_airflow/venv/lib/python3.12/site-packages/airflow/example_dags/example_sensor_decorator.py
[2025-04-01T16:50:46.111-0500] {logging_mixin.py:190} INFO - [2025-04-01T16:50:46.110-0500] {dag.py:3239} INFO - Sync 1 DAGs
[2025-04-01T16:50:46.120-0500] {logging_mixin.py:190} INFO - [2025-04-01T16:50:46.119-0500] {dag.py:4180} INFO - Setting next_dagrun for example_sensor_decorator to None, run_after=None
[2025-04-01T16:50:46.227-0500] {processor.py:208} INFO - Processing /mnt/d/Universidad/ETL/Proyecto_airflow/venv/lib/python3.12/site-packages/airflow/example_dags/example_sensor_decorator.py took 0.196 seconds
[2025-04-01T16:52:28.311-0500] {processor.py:186} INFO - Started process (PID=5709) to work on /mnt/d/Universidad/ETL/Proyecto_airflow/venv/lib/python3.12/site-packages/airflow/example_dags/example_sensor_decorator.py
[2025-04-01T16:52:28.312-0500] {processor.py:914} INFO - Processing file /mnt/d/Universidad/ETL/Proyecto_airflow/venv/lib/python3.12/site-packages/airflow/example_dags/example_sensor_decorator.py for tasks to queue
[2025-04-01T16:52:28.315-0500] {logging_mixin.py:190} INFO - [2025-04-01T16:52:28.314-0500] {dagbag.py:588} INFO - Filling up the DagBag from /mnt/d/Universidad/ETL/Proyecto_airflow/venv/lib/python3.12/site-packages/airflow/example_dags/example_sensor_decorator.py
[2025-04-01T16:52:28.369-0500] {processor.py:925} INFO - DAG(s) 'example_sensor_decorator' retrieved from /mnt/d/Universidad/ETL/Proyecto_airflow/venv/lib/python3.12/site-packages/airflow/example_dags/example_sensor_decorator.py
[2025-04-01T16:52:28.387-0500] {logging_mixin.py:190} INFO - [2025-04-01T16:52:28.386-0500] {dag.py:3239} INFO - Sync 1 DAGs
[2025-04-01T16:52:28.396-0500] {logging_mixin.py:190} INFO - [2025-04-01T16:52:28.396-0500] {dag.py:4180} INFO - Setting next_dagrun for example_sensor_decorator to None, run_after=None
[2025-04-01T16:52:28.501-0500] {processor.py:208} INFO - Processing /mnt/d/Universidad/ETL/Proyecto_airflow/venv/lib/python3.12/site-packages/airflow/example_dags/example_sensor_decorator.py took 0.198 seconds
[2025-04-01T16:54:00.460-0500] {processor.py:186} INFO - Started process (PID=5781) to work on /mnt/d/Universidad/ETL/Proyecto_airflow/venv/lib/python3.12/site-packages/airflow/example_dags/example_sensor_decorator.py
[2025-04-01T16:54:00.461-0500] {processor.py:914} INFO - Processing file /mnt/d/Universidad/ETL/Proyecto_airflow/venv/lib/python3.12/site-packages/airflow/example_dags/example_sensor_decorator.py for tasks to queue
[2025-04-01T16:54:00.463-0500] {logging_mixin.py:190} INFO - [2025-04-01T16:54:00.462-0500] {dagbag.py:588} INFO - Filling up the DagBag from /mnt/d/Universidad/ETL/Proyecto_airflow/venv/lib/python3.12/site-packages/airflow/example_dags/example_sensor_decorator.py
[2025-04-01T16:54:00.516-0500] {processor.py:925} INFO - DAG(s) 'example_sensor_decorator' retrieved from /mnt/d/Universidad/ETL/Proyecto_airflow/venv/lib/python3.12/site-packages/airflow/example_dags/example_sensor_decorator.py
[2025-04-01T16:54:00.533-0500] {logging_mixin.py:190} INFO - [2025-04-01T16:54:00.532-0500] {dag.py:3239} INFO - Sync 1 DAGs
[2025-04-01T16:54:00.542-0500] {logging_mixin.py:190} INFO - [2025-04-01T16:54:00.541-0500] {dag.py:4180} INFO - Setting next_dagrun for example_sensor_decorator to None, run_after=None
[2025-04-01T16:54:00.659-0500] {processor.py:208} INFO - Processing /mnt/d/Universidad/ETL/Proyecto_airflow/venv/lib/python3.12/site-packages/airflow/example_dags/example_sensor_decorator.py took 0.207 seconds
[2025-04-01T16:55:34.973-0500] {processor.py:186} INFO - Started process (PID=5852) to work on /mnt/d/Universidad/ETL/Proyecto_airflow/venv/lib/python3.12/site-packages/airflow/example_dags/example_sensor_decorator.py
[2025-04-01T16:55:34.974-0500] {processor.py:914} INFO - Processing file /mnt/d/Universidad/ETL/Proyecto_airflow/venv/lib/python3.12/site-packages/airflow/example_dags/example_sensor_decorator.py for tasks to queue
[2025-04-01T16:55:34.976-0500] {logging_mixin.py:190} INFO - [2025-04-01T16:55:34.976-0500] {dagbag.py:588} INFO - Filling up the DagBag from /mnt/d/Universidad/ETL/Proyecto_airflow/venv/lib/python3.12/site-packages/airflow/example_dags/example_sensor_decorator.py
[2025-04-01T16:55:35.030-0500] {processor.py:925} INFO - DAG(s) 'example_sensor_decorator' retrieved from /mnt/d/Universidad/ETL/Proyecto_airflow/venv/lib/python3.12/site-packages/airflow/example_dags/example_sensor_decorator.py
[2025-04-01T16:55:35.047-0500] {logging_mixin.py:190} INFO - [2025-04-01T16:55:35.046-0500] {dag.py:3239} INFO - Sync 1 DAGs
[2025-04-01T16:55:35.056-0500] {logging_mixin.py:190} INFO - [2025-04-01T16:55:35.055-0500] {dag.py:4180} INFO - Setting next_dagrun for example_sensor_decorator to None, run_after=None
[2025-04-01T16:55:35.168-0500] {processor.py:208} INFO - Processing /mnt/d/Universidad/ETL/Proyecto_airflow/venv/lib/python3.12/site-packages/airflow/example_dags/example_sensor_decorator.py took 0.202 seconds
[2025-04-01T16:57:11.108-0500] {processor.py:186} INFO - Started process (PID=5924) to work on /mnt/d/Universidad/ETL/Proyecto_airflow/venv/lib/python3.12/site-packages/airflow/example_dags/example_sensor_decorator.py
[2025-04-01T16:57:11.109-0500] {processor.py:914} INFO - Processing file /mnt/d/Universidad/ETL/Proyecto_airflow/venv/lib/python3.12/site-packages/airflow/example_dags/example_sensor_decorator.py for tasks to queue
[2025-04-01T16:57:11.111-0500] {logging_mixin.py:190} INFO - [2025-04-01T16:57:11.110-0500] {dagbag.py:588} INFO - Filling up the DagBag from /mnt/d/Universidad/ETL/Proyecto_airflow/venv/lib/python3.12/site-packages/airflow/example_dags/example_sensor_decorator.py
[2025-04-01T16:57:11.165-0500] {processor.py:925} INFO - DAG(s) 'example_sensor_decorator' retrieved from /mnt/d/Universidad/ETL/Proyecto_airflow/venv/lib/python3.12/site-packages/airflow/example_dags/example_sensor_decorator.py
[2025-04-01T16:57:11.182-0500] {logging_mixin.py:190} INFO - [2025-04-01T16:57:11.181-0500] {dag.py:3239} INFO - Sync 1 DAGs
[2025-04-01T16:57:11.191-0500] {logging_mixin.py:190} INFO - [2025-04-01T16:57:11.190-0500] {dag.py:4180} INFO - Setting next_dagrun for example_sensor_decorator to None, run_after=None
[2025-04-01T16:57:11.301-0500] {processor.py:208} INFO - Processing /mnt/d/Universidad/ETL/Proyecto_airflow/venv/lib/python3.12/site-packages/airflow/example_dags/example_sensor_decorator.py took 0.201 seconds
[2025-04-01T16:58:41.049-0500] {processor.py:186} INFO - Started process (PID=5994) to work on /mnt/d/Universidad/ETL/Proyecto_airflow/venv/lib/python3.12/site-packages/airflow/example_dags/example_sensor_decorator.py
[2025-04-01T16:58:41.050-0500] {processor.py:914} INFO - Processing file /mnt/d/Universidad/ETL/Proyecto_airflow/venv/lib/python3.12/site-packages/airflow/example_dags/example_sensor_decorator.py for tasks to queue
[2025-04-01T16:58:41.052-0500] {logging_mixin.py:190} INFO - [2025-04-01T16:58:41.051-0500] {dagbag.py:588} INFO - Filling up the DagBag from /mnt/d/Universidad/ETL/Proyecto_airflow/venv/lib/python3.12/site-packages/airflow/example_dags/example_sensor_decorator.py
[2025-04-01T16:58:41.106-0500] {processor.py:925} INFO - DAG(s) 'example_sensor_decorator' retrieved from /mnt/d/Universidad/ETL/Proyecto_airflow/venv/lib/python3.12/site-packages/airflow/example_dags/example_sensor_decorator.py
[2025-04-01T16:58:41.123-0500] {logging_mixin.py:190} INFO - [2025-04-01T16:58:41.122-0500] {dag.py:3239} INFO - Sync 1 DAGs
[2025-04-01T16:58:41.132-0500] {logging_mixin.py:190} INFO - [2025-04-01T16:58:41.132-0500] {dag.py:4180} INFO - Setting next_dagrun for example_sensor_decorator to None, run_after=None
[2025-04-01T16:58:41.246-0500] {processor.py:208} INFO - Processing /mnt/d/Universidad/ETL/Proyecto_airflow/venv/lib/python3.12/site-packages/airflow/example_dags/example_sensor_decorator.py took 0.205 seconds
[2025-04-01T17:00:19.303-0500] {processor.py:186} INFO - Started process (PID=6065) to work on /mnt/d/Universidad/ETL/Proyecto_airflow/venv/lib/python3.12/site-packages/airflow/example_dags/example_sensor_decorator.py
[2025-04-01T17:00:19.305-0500] {processor.py:914} INFO - Processing file /mnt/d/Universidad/ETL/Proyecto_airflow/venv/lib/python3.12/site-packages/airflow/example_dags/example_sensor_decorator.py for tasks to queue
[2025-04-01T17:00:19.307-0500] {logging_mixin.py:190} INFO - [2025-04-01T17:00:19.306-0500] {dagbag.py:588} INFO - Filling up the DagBag from /mnt/d/Universidad/ETL/Proyecto_airflow/venv/lib/python3.12/site-packages/airflow/example_dags/example_sensor_decorator.py
[2025-04-01T17:00:19.360-0500] {processor.py:925} INFO - DAG(s) 'example_sensor_decorator' retrieved from /mnt/d/Universidad/ETL/Proyecto_airflow/venv/lib/python3.12/site-packages/airflow/example_dags/example_sensor_decorator.py
[2025-04-01T17:00:19.377-0500] {logging_mixin.py:190} INFO - [2025-04-01T17:00:19.376-0500] {dag.py:3239} INFO - Sync 1 DAGs
[2025-04-01T17:00:19.386-0500] {logging_mixin.py:190} INFO - [2025-04-01T17:00:19.385-0500] {dag.py:4180} INFO - Setting next_dagrun for example_sensor_decorator to None, run_after=None
[2025-04-01T17:00:19.489-0500] {processor.py:208} INFO - Processing /mnt/d/Universidad/ETL/Proyecto_airflow/venv/lib/python3.12/site-packages/airflow/example_dags/example_sensor_decorator.py took 0.193 seconds
[2025-04-01T17:01:54.553-0500] {processor.py:186} INFO - Started process (PID=6136) to work on /mnt/d/Universidad/ETL/Proyecto_airflow/venv/lib/python3.12/site-packages/airflow/example_dags/example_sensor_decorator.py
[2025-04-01T17:01:54.555-0500] {processor.py:914} INFO - Processing file /mnt/d/Universidad/ETL/Proyecto_airflow/venv/lib/python3.12/site-packages/airflow/example_dags/example_sensor_decorator.py for tasks to queue
[2025-04-01T17:01:54.557-0500] {logging_mixin.py:190} INFO - [2025-04-01T17:01:54.556-0500] {dagbag.py:588} INFO - Filling up the DagBag from /mnt/d/Universidad/ETL/Proyecto_airflow/venv/lib/python3.12/site-packages/airflow/example_dags/example_sensor_decorator.py
[2025-04-01T17:01:54.610-0500] {processor.py:925} INFO - DAG(s) 'example_sensor_decorator' retrieved from /mnt/d/Universidad/ETL/Proyecto_airflow/venv/lib/python3.12/site-packages/airflow/example_dags/example_sensor_decorator.py
[2025-04-01T17:01:54.627-0500] {logging_mixin.py:190} INFO - [2025-04-01T17:01:54.626-0500] {dag.py:3239} INFO - Sync 1 DAGs
[2025-04-01T17:01:54.635-0500] {logging_mixin.py:190} INFO - [2025-04-01T17:01:54.635-0500] {dag.py:4180} INFO - Setting next_dagrun for example_sensor_decorator to None, run_after=None
[2025-04-01T17:01:54.746-0500] {processor.py:208} INFO - Processing /mnt/d/Universidad/ETL/Proyecto_airflow/venv/lib/python3.12/site-packages/airflow/example_dags/example_sensor_decorator.py took 0.201 seconds
[2025-04-01T17:03:28.650-0500] {processor.py:186} INFO - Started process (PID=6208) to work on /mnt/d/Universidad/ETL/Proyecto_airflow/venv/lib/python3.12/site-packages/airflow/example_dags/example_sensor_decorator.py
[2025-04-01T17:03:28.651-0500] {processor.py:914} INFO - Processing file /mnt/d/Universidad/ETL/Proyecto_airflow/venv/lib/python3.12/site-packages/airflow/example_dags/example_sensor_decorator.py for tasks to queue
[2025-04-01T17:03:28.653-0500] {logging_mixin.py:190} INFO - [2025-04-01T17:03:28.652-0500] {dagbag.py:588} INFO - Filling up the DagBag from /mnt/d/Universidad/ETL/Proyecto_airflow/venv/lib/python3.12/site-packages/airflow/example_dags/example_sensor_decorator.py
[2025-04-01T17:03:28.706-0500] {processor.py:925} INFO - DAG(s) 'example_sensor_decorator' retrieved from /mnt/d/Universidad/ETL/Proyecto_airflow/venv/lib/python3.12/site-packages/airflow/example_dags/example_sensor_decorator.py
[2025-04-01T17:03:28.724-0500] {logging_mixin.py:190} INFO - [2025-04-01T17:03:28.723-0500] {dag.py:3239} INFO - Sync 1 DAGs
[2025-04-01T17:03:28.733-0500] {logging_mixin.py:190} INFO - [2025-04-01T17:03:28.732-0500] {dag.py:4180} INFO - Setting next_dagrun for example_sensor_decorator to None, run_after=None
[2025-04-01T17:03:28.842-0500] {processor.py:208} INFO - Processing /mnt/d/Universidad/ETL/Proyecto_airflow/venv/lib/python3.12/site-packages/airflow/example_dags/example_sensor_decorator.py took 0.200 seconds
[2025-04-01T17:05:02.294-0500] {processor.py:186} INFO - Started process (PID=6277) to work on /mnt/d/Universidad/ETL/Proyecto_airflow/venv/lib/python3.12/site-packages/airflow/example_dags/example_sensor_decorator.py
[2025-04-01T17:05:02.295-0500] {processor.py:914} INFO - Processing file /mnt/d/Universidad/ETL/Proyecto_airflow/venv/lib/python3.12/site-packages/airflow/example_dags/example_sensor_decorator.py for tasks to queue
[2025-04-01T17:05:02.297-0500] {logging_mixin.py:190} INFO - [2025-04-01T17:05:02.296-0500] {dagbag.py:588} INFO - Filling up the DagBag from /mnt/d/Universidad/ETL/Proyecto_airflow/venv/lib/python3.12/site-packages/airflow/example_dags/example_sensor_decorator.py
[2025-04-01T17:05:02.349-0500] {processor.py:925} INFO - DAG(s) 'example_sensor_decorator' retrieved from /mnt/d/Universidad/ETL/Proyecto_airflow/venv/lib/python3.12/site-packages/airflow/example_dags/example_sensor_decorator.py
[2025-04-01T17:05:02.366-0500] {logging_mixin.py:190} INFO - [2025-04-01T17:05:02.366-0500] {dag.py:3239} INFO - Sync 1 DAGs
[2025-04-01T17:05:02.375-0500] {logging_mixin.py:190} INFO - [2025-04-01T17:05:02.374-0500] {dag.py:4180} INFO - Setting next_dagrun for example_sensor_decorator to None, run_after=None
[2025-04-01T17:05:02.480-0500] {processor.py:208} INFO - Processing /mnt/d/Universidad/ETL/Proyecto_airflow/venv/lib/python3.12/site-packages/airflow/example_dags/example_sensor_decorator.py took 0.194 seconds
[2025-04-01T17:06:45.892-0500] {processor.py:186} INFO - Started process (PID=6352) to work on /mnt/d/Universidad/ETL/Proyecto_airflow/venv/lib/python3.12/site-packages/airflow/example_dags/example_sensor_decorator.py
[2025-04-01T17:06:45.893-0500] {processor.py:914} INFO - Processing file /mnt/d/Universidad/ETL/Proyecto_airflow/venv/lib/python3.12/site-packages/airflow/example_dags/example_sensor_decorator.py for tasks to queue
[2025-04-01T17:06:45.896-0500] {logging_mixin.py:190} INFO - [2025-04-01T17:06:45.895-0500] {dagbag.py:588} INFO - Filling up the DagBag from /mnt/d/Universidad/ETL/Proyecto_airflow/venv/lib/python3.12/site-packages/airflow/example_dags/example_sensor_decorator.py
[2025-04-01T17:06:45.949-0500] {processor.py:925} INFO - DAG(s) 'example_sensor_decorator' retrieved from /mnt/d/Universidad/ETL/Proyecto_airflow/venv/lib/python3.12/site-packages/airflow/example_dags/example_sensor_decorator.py
[2025-04-01T17:06:45.967-0500] {logging_mixin.py:190} INFO - [2025-04-01T17:06:45.966-0500] {dag.py:3239} INFO - Sync 1 DAGs
[2025-04-01T17:06:45.976-0500] {logging_mixin.py:190} INFO - [2025-04-01T17:06:45.975-0500] {dag.py:4180} INFO - Setting next_dagrun for example_sensor_decorator to None, run_after=None
[2025-04-01T17:06:46.108-0500] {processor.py:208} INFO - Processing /mnt/d/Universidad/ETL/Proyecto_airflow/venv/lib/python3.12/site-packages/airflow/example_dags/example_sensor_decorator.py took 0.223 seconds
[2025-04-01T17:08:16.906-0500] {processor.py:186} INFO - Started process (PID=6424) to work on /mnt/d/Universidad/ETL/Proyecto_airflow/venv/lib/python3.12/site-packages/airflow/example_dags/example_sensor_decorator.py
[2025-04-01T17:08:16.907-0500] {processor.py:914} INFO - Processing file /mnt/d/Universidad/ETL/Proyecto_airflow/venv/lib/python3.12/site-packages/airflow/example_dags/example_sensor_decorator.py for tasks to queue
[2025-04-01T17:08:16.909-0500] {logging_mixin.py:190} INFO - [2025-04-01T17:08:16.908-0500] {dagbag.py:588} INFO - Filling up the DagBag from /mnt/d/Universidad/ETL/Proyecto_airflow/venv/lib/python3.12/site-packages/airflow/example_dags/example_sensor_decorator.py
[2025-04-01T17:08:16.961-0500] {processor.py:925} INFO - DAG(s) 'example_sensor_decorator' retrieved from /mnt/d/Universidad/ETL/Proyecto_airflow/venv/lib/python3.12/site-packages/airflow/example_dags/example_sensor_decorator.py
[2025-04-01T17:08:16.978-0500] {logging_mixin.py:190} INFO - [2025-04-01T17:08:16.978-0500] {dag.py:3239} INFO - Sync 1 DAGs
[2025-04-01T17:08:16.989-0500] {logging_mixin.py:190} INFO - [2025-04-01T17:08:16.988-0500] {dag.py:4180} INFO - Setting next_dagrun for example_sensor_decorator to None, run_after=None
[2025-04-01T17:08:17.092-0500] {processor.py:208} INFO - Processing /mnt/d/Universidad/ETL/Proyecto_airflow/venv/lib/python3.12/site-packages/airflow/example_dags/example_sensor_decorator.py took 0.194 seconds
[2025-04-01T17:09:58.298-0500] {processor.py:186} INFO - Started process (PID=6496) to work on /mnt/d/Universidad/ETL/Proyecto_airflow/venv/lib/python3.12/site-packages/airflow/example_dags/example_sensor_decorator.py
[2025-04-01T17:09:58.299-0500] {processor.py:914} INFO - Processing file /mnt/d/Universidad/ETL/Proyecto_airflow/venv/lib/python3.12/site-packages/airflow/example_dags/example_sensor_decorator.py for tasks to queue
[2025-04-01T17:09:58.301-0500] {logging_mixin.py:190} INFO - [2025-04-01T17:09:58.300-0500] {dagbag.py:588} INFO - Filling up the DagBag from /mnt/d/Universidad/ETL/Proyecto_airflow/venv/lib/python3.12/site-packages/airflow/example_dags/example_sensor_decorator.py
[2025-04-01T17:09:58.353-0500] {processor.py:925} INFO - DAG(s) 'example_sensor_decorator' retrieved from /mnt/d/Universidad/ETL/Proyecto_airflow/venv/lib/python3.12/site-packages/airflow/example_dags/example_sensor_decorator.py
[2025-04-01T17:09:58.370-0500] {logging_mixin.py:190} INFO - [2025-04-01T17:09:58.370-0500] {dag.py:3239} INFO - Sync 1 DAGs
[2025-04-01T17:09:58.379-0500] {logging_mixin.py:190} INFO - [2025-04-01T17:09:58.379-0500] {dag.py:4180} INFO - Setting next_dagrun for example_sensor_decorator to None, run_after=None
[2025-04-01T17:09:58.480-0500] {processor.py:208} INFO - Processing /mnt/d/Universidad/ETL/Proyecto_airflow/venv/lib/python3.12/site-packages/airflow/example_dags/example_sensor_decorator.py took 0.191 seconds
[2025-04-01T17:11:42.374-0500] {processor.py:186} INFO - Started process (PID=6571) to work on /mnt/d/Universidad/ETL/Proyecto_airflow/venv/lib/python3.12/site-packages/airflow/example_dags/example_sensor_decorator.py
[2025-04-01T17:11:42.375-0500] {processor.py:914} INFO - Processing file /mnt/d/Universidad/ETL/Proyecto_airflow/venv/lib/python3.12/site-packages/airflow/example_dags/example_sensor_decorator.py for tasks to queue
[2025-04-01T17:11:42.378-0500] {logging_mixin.py:190} INFO - [2025-04-01T17:11:42.377-0500] {dagbag.py:588} INFO - Filling up the DagBag from /mnt/d/Universidad/ETL/Proyecto_airflow/venv/lib/python3.12/site-packages/airflow/example_dags/example_sensor_decorator.py
[2025-04-01T17:11:42.430-0500] {processor.py:925} INFO - DAG(s) 'example_sensor_decorator' retrieved from /mnt/d/Universidad/ETL/Proyecto_airflow/venv/lib/python3.12/site-packages/airflow/example_dags/example_sensor_decorator.py
[2025-04-01T17:11:42.446-0500] {logging_mixin.py:190} INFO - [2025-04-01T17:11:42.446-0500] {dag.py:3239} INFO - Sync 1 DAGs
[2025-04-01T17:11:42.456-0500] {logging_mixin.py:190} INFO - [2025-04-01T17:11:42.455-0500] {dag.py:4180} INFO - Setting next_dagrun for example_sensor_decorator to None, run_after=None
[2025-04-01T17:11:42.556-0500] {processor.py:208} INFO - Processing /mnt/d/Universidad/ETL/Proyecto_airflow/venv/lib/python3.12/site-packages/airflow/example_dags/example_sensor_decorator.py took 0.190 seconds
[2025-04-01T17:13:21.421-0500] {processor.py:186} INFO - Started process (PID=6644) to work on /mnt/d/Universidad/ETL/Proyecto_airflow/venv/lib/python3.12/site-packages/airflow/example_dags/example_sensor_decorator.py
[2025-04-01T17:13:21.422-0500] {processor.py:914} INFO - Processing file /mnt/d/Universidad/ETL/Proyecto_airflow/venv/lib/python3.12/site-packages/airflow/example_dags/example_sensor_decorator.py for tasks to queue
[2025-04-01T17:13:21.425-0500] {logging_mixin.py:190} INFO - [2025-04-01T17:13:21.424-0500] {dagbag.py:588} INFO - Filling up the DagBag from /mnt/d/Universidad/ETL/Proyecto_airflow/venv/lib/python3.12/site-packages/airflow/example_dags/example_sensor_decorator.py
[2025-04-01T17:13:21.478-0500] {processor.py:925} INFO - DAG(s) 'example_sensor_decorator' retrieved from /mnt/d/Universidad/ETL/Proyecto_airflow/venv/lib/python3.12/site-packages/airflow/example_dags/example_sensor_decorator.py
[2025-04-01T17:13:21.495-0500] {logging_mixin.py:190} INFO - [2025-04-01T17:13:21.494-0500] {dag.py:3239} INFO - Sync 1 DAGs
[2025-04-01T17:13:21.504-0500] {logging_mixin.py:190} INFO - [2025-04-01T17:13:21.503-0500] {dag.py:4180} INFO - Setting next_dagrun for example_sensor_decorator to None, run_after=None
[2025-04-01T17:13:21.613-0500] {processor.py:208} INFO - Processing /mnt/d/Universidad/ETL/Proyecto_airflow/venv/lib/python3.12/site-packages/airflow/example_dags/example_sensor_decorator.py took 0.200 seconds
[2025-04-01T17:14:55.869-0500] {processor.py:186} INFO - Started process (PID=6715) to work on /mnt/d/Universidad/ETL/Proyecto_airflow/venv/lib/python3.12/site-packages/airflow/example_dags/example_sensor_decorator.py
[2025-04-01T17:14:55.870-0500] {processor.py:914} INFO - Processing file /mnt/d/Universidad/ETL/Proyecto_airflow/venv/lib/python3.12/site-packages/airflow/example_dags/example_sensor_decorator.py for tasks to queue
[2025-04-01T17:14:55.873-0500] {logging_mixin.py:190} INFO - [2025-04-01T17:14:55.872-0500] {dagbag.py:588} INFO - Filling up the DagBag from /mnt/d/Universidad/ETL/Proyecto_airflow/venv/lib/python3.12/site-packages/airflow/example_dags/example_sensor_decorator.py
[2025-04-01T17:14:55.926-0500] {processor.py:925} INFO - DAG(s) 'example_sensor_decorator' retrieved from /mnt/d/Universidad/ETL/Proyecto_airflow/venv/lib/python3.12/site-packages/airflow/example_dags/example_sensor_decorator.py
[2025-04-01T17:14:55.943-0500] {logging_mixin.py:190} INFO - [2025-04-01T17:14:55.942-0500] {dag.py:3239} INFO - Sync 1 DAGs
[2025-04-01T17:14:55.952-0500] {logging_mixin.py:190} INFO - [2025-04-01T17:14:55.952-0500] {dag.py:4180} INFO - Setting next_dagrun for example_sensor_decorator to None, run_after=None
[2025-04-01T17:14:56.058-0500] {processor.py:208} INFO - Processing /mnt/d/Universidad/ETL/Proyecto_airflow/venv/lib/python3.12/site-packages/airflow/example_dags/example_sensor_decorator.py took 0.197 seconds
[2025-04-01T17:16:26.600-0500] {processor.py:186} INFO - Started process (PID=6786) to work on /mnt/d/Universidad/ETL/Proyecto_airflow/venv/lib/python3.12/site-packages/airflow/example_dags/example_sensor_decorator.py
[2025-04-01T17:16:26.601-0500] {processor.py:914} INFO - Processing file /mnt/d/Universidad/ETL/Proyecto_airflow/venv/lib/python3.12/site-packages/airflow/example_dags/example_sensor_decorator.py for tasks to queue
[2025-04-01T17:16:26.603-0500] {logging_mixin.py:190} INFO - [2025-04-01T17:16:26.602-0500] {dagbag.py:588} INFO - Filling up the DagBag from /mnt/d/Universidad/ETL/Proyecto_airflow/venv/lib/python3.12/site-packages/airflow/example_dags/example_sensor_decorator.py
[2025-04-01T17:16:26.656-0500] {processor.py:925} INFO - DAG(s) 'example_sensor_decorator' retrieved from /mnt/d/Universidad/ETL/Proyecto_airflow/venv/lib/python3.12/site-packages/airflow/example_dags/example_sensor_decorator.py
[2025-04-01T17:16:26.673-0500] {logging_mixin.py:190} INFO - [2025-04-01T17:16:26.672-0500] {dag.py:3239} INFO - Sync 1 DAGs
[2025-04-01T17:16:26.682-0500] {logging_mixin.py:190} INFO - [2025-04-01T17:16:26.681-0500] {dag.py:4180} INFO - Setting next_dagrun for example_sensor_decorator to None, run_after=None
[2025-04-01T17:16:26.787-0500] {processor.py:208} INFO - Processing /mnt/d/Universidad/ETL/Proyecto_airflow/venv/lib/python3.12/site-packages/airflow/example_dags/example_sensor_decorator.py took 0.196 seconds
[2025-04-01T17:18:04.524-0500] {processor.py:186} INFO - Started process (PID=6860) to work on /mnt/d/Universidad/ETL/Proyecto_airflow/venv/lib/python3.12/site-packages/airflow/example_dags/example_sensor_decorator.py
[2025-04-01T17:18:04.525-0500] {processor.py:914} INFO - Processing file /mnt/d/Universidad/ETL/Proyecto_airflow/venv/lib/python3.12/site-packages/airflow/example_dags/example_sensor_decorator.py for tasks to queue
[2025-04-01T17:18:04.527-0500] {logging_mixin.py:190} INFO - [2025-04-01T17:18:04.526-0500] {dagbag.py:588} INFO - Filling up the DagBag from /mnt/d/Universidad/ETL/Proyecto_airflow/venv/lib/python3.12/site-packages/airflow/example_dags/example_sensor_decorator.py
[2025-04-01T17:18:04.580-0500] {processor.py:925} INFO - DAG(s) 'example_sensor_decorator' retrieved from /mnt/d/Universidad/ETL/Proyecto_airflow/venv/lib/python3.12/site-packages/airflow/example_dags/example_sensor_decorator.py
[2025-04-01T17:18:04.597-0500] {logging_mixin.py:190} INFO - [2025-04-01T17:18:04.596-0500] {dag.py:3239} INFO - Sync 1 DAGs
[2025-04-01T17:18:04.607-0500] {logging_mixin.py:190} INFO - [2025-04-01T17:18:04.606-0500] {dag.py:4180} INFO - Setting next_dagrun for example_sensor_decorator to None, run_after=None
[2025-04-01T17:18:04.713-0500] {processor.py:208} INFO - Processing /mnt/d/Universidad/ETL/Proyecto_airflow/venv/lib/python3.12/site-packages/airflow/example_dags/example_sensor_decorator.py took 0.197 seconds
[2025-04-01T17:19:47.393-0500] {processor.py:186} INFO - Started process (PID=6935) to work on /mnt/d/Universidad/ETL/Proyecto_airflow/venv/lib/python3.12/site-packages/airflow/example_dags/example_sensor_decorator.py
[2025-04-01T17:19:47.394-0500] {processor.py:914} INFO - Processing file /mnt/d/Universidad/ETL/Proyecto_airflow/venv/lib/python3.12/site-packages/airflow/example_dags/example_sensor_decorator.py for tasks to queue
[2025-04-01T17:19:47.397-0500] {logging_mixin.py:190} INFO - [2025-04-01T17:19:47.396-0500] {dagbag.py:588} INFO - Filling up the DagBag from /mnt/d/Universidad/ETL/Proyecto_airflow/venv/lib/python3.12/site-packages/airflow/example_dags/example_sensor_decorator.py
[2025-04-01T17:19:47.451-0500] {processor.py:925} INFO - DAG(s) 'example_sensor_decorator' retrieved from /mnt/d/Universidad/ETL/Proyecto_airflow/venv/lib/python3.12/site-packages/airflow/example_dags/example_sensor_decorator.py
[2025-04-01T17:19:47.468-0500] {logging_mixin.py:190} INFO - [2025-04-01T17:19:47.467-0500] {dag.py:3239} INFO - Sync 1 DAGs
[2025-04-01T17:19:47.477-0500] {logging_mixin.py:190} INFO - [2025-04-01T17:19:47.477-0500] {dag.py:4180} INFO - Setting next_dagrun for example_sensor_decorator to None, run_after=None
[2025-04-01T17:19:47.573-0500] {processor.py:208} INFO - Processing /mnt/d/Universidad/ETL/Proyecto_airflow/venv/lib/python3.12/site-packages/airflow/example_dags/example_sensor_decorator.py took 0.188 seconds
[2025-04-01T17:21:31.839-0500] {processor.py:186} INFO - Started process (PID=7009) to work on /mnt/d/Universidad/ETL/Proyecto_airflow/venv/lib/python3.12/site-packages/airflow/example_dags/example_sensor_decorator.py
[2025-04-01T17:21:31.840-0500] {processor.py:914} INFO - Processing file /mnt/d/Universidad/ETL/Proyecto_airflow/venv/lib/python3.12/site-packages/airflow/example_dags/example_sensor_decorator.py for tasks to queue
[2025-04-01T17:21:31.842-0500] {logging_mixin.py:190} INFO - [2025-04-01T17:21:31.842-0500] {dagbag.py:588} INFO - Filling up the DagBag from /mnt/d/Universidad/ETL/Proyecto_airflow/venv/lib/python3.12/site-packages/airflow/example_dags/example_sensor_decorator.py
[2025-04-01T17:21:31.895-0500] {processor.py:925} INFO - DAG(s) 'example_sensor_decorator' retrieved from /mnt/d/Universidad/ETL/Proyecto_airflow/venv/lib/python3.12/site-packages/airflow/example_dags/example_sensor_decorator.py
[2025-04-01T17:21:31.912-0500] {logging_mixin.py:190} INFO - [2025-04-01T17:21:31.912-0500] {dag.py:3239} INFO - Sync 1 DAGs
[2025-04-01T17:21:31.921-0500] {logging_mixin.py:190} INFO - [2025-04-01T17:21:31.921-0500] {dag.py:4180} INFO - Setting next_dagrun for example_sensor_decorator to None, run_after=None
[2025-04-01T17:21:32.037-0500] {processor.py:208} INFO - Processing /mnt/d/Universidad/ETL/Proyecto_airflow/venv/lib/python3.12/site-packages/airflow/example_dags/example_sensor_decorator.py took 0.205 seconds
[2025-04-01T17:23:09.098-0500] {processor.py:186} INFO - Started process (PID=7080) to work on /mnt/d/Universidad/ETL/Proyecto_airflow/venv/lib/python3.12/site-packages/airflow/example_dags/example_sensor_decorator.py
[2025-04-01T17:23:09.099-0500] {processor.py:914} INFO - Processing file /mnt/d/Universidad/ETL/Proyecto_airflow/venv/lib/python3.12/site-packages/airflow/example_dags/example_sensor_decorator.py for tasks to queue
[2025-04-01T17:23:09.101-0500] {logging_mixin.py:190} INFO - [2025-04-01T17:23:09.100-0500] {dagbag.py:588} INFO - Filling up the DagBag from /mnt/d/Universidad/ETL/Proyecto_airflow/venv/lib/python3.12/site-packages/airflow/example_dags/example_sensor_decorator.py
[2025-04-01T17:23:09.154-0500] {processor.py:925} INFO - DAG(s) 'example_sensor_decorator' retrieved from /mnt/d/Universidad/ETL/Proyecto_airflow/venv/lib/python3.12/site-packages/airflow/example_dags/example_sensor_decorator.py
[2025-04-01T17:23:09.171-0500] {logging_mixin.py:190} INFO - [2025-04-01T17:23:09.171-0500] {dag.py:3239} INFO - Sync 1 DAGs
[2025-04-01T17:23:09.180-0500] {logging_mixin.py:190} INFO - [2025-04-01T17:23:09.180-0500] {dag.py:4180} INFO - Setting next_dagrun for example_sensor_decorator to None, run_after=None
[2025-04-01T17:23:09.281-0500] {processor.py:208} INFO - Processing /mnt/d/Universidad/ETL/Proyecto_airflow/venv/lib/python3.12/site-packages/airflow/example_dags/example_sensor_decorator.py took 0.191 seconds
[2025-04-01T17:24:41.703-0500] {processor.py:186} INFO - Started process (PID=7152) to work on /mnt/d/Universidad/ETL/Proyecto_airflow/venv/lib/python3.12/site-packages/airflow/example_dags/example_sensor_decorator.py
[2025-04-01T17:24:41.704-0500] {processor.py:914} INFO - Processing file /mnt/d/Universidad/ETL/Proyecto_airflow/venv/lib/python3.12/site-packages/airflow/example_dags/example_sensor_decorator.py for tasks to queue
[2025-04-01T17:24:41.706-0500] {logging_mixin.py:190} INFO - [2025-04-01T17:24:41.705-0500] {dagbag.py:588} INFO - Filling up the DagBag from /mnt/d/Universidad/ETL/Proyecto_airflow/venv/lib/python3.12/site-packages/airflow/example_dags/example_sensor_decorator.py
[2025-04-01T17:24:41.759-0500] {processor.py:925} INFO - DAG(s) 'example_sensor_decorator' retrieved from /mnt/d/Universidad/ETL/Proyecto_airflow/venv/lib/python3.12/site-packages/airflow/example_dags/example_sensor_decorator.py
[2025-04-01T17:24:41.776-0500] {logging_mixin.py:190} INFO - [2025-04-01T17:24:41.775-0500] {dag.py:3239} INFO - Sync 1 DAGs
[2025-04-01T17:24:41.785-0500] {logging_mixin.py:190} INFO - [2025-04-01T17:24:41.784-0500] {dag.py:4180} INFO - Setting next_dagrun for example_sensor_decorator to None, run_after=None
[2025-04-01T17:24:41.895-0500] {processor.py:208} INFO - Processing /mnt/d/Universidad/ETL/Proyecto_airflow/venv/lib/python3.12/site-packages/airflow/example_dags/example_sensor_decorator.py took 0.200 seconds
[2025-04-01T17:26:18.794-0500] {processor.py:186} INFO - Started process (PID=7222) to work on /mnt/d/Universidad/ETL/Proyecto_airflow/venv/lib/python3.12/site-packages/airflow/example_dags/example_sensor_decorator.py
[2025-04-01T17:26:18.795-0500] {processor.py:914} INFO - Processing file /mnt/d/Universidad/ETL/Proyecto_airflow/venv/lib/python3.12/site-packages/airflow/example_dags/example_sensor_decorator.py for tasks to queue
[2025-04-01T17:26:18.798-0500] {logging_mixin.py:190} INFO - [2025-04-01T17:26:18.797-0500] {dagbag.py:588} INFO - Filling up the DagBag from /mnt/d/Universidad/ETL/Proyecto_airflow/venv/lib/python3.12/site-packages/airflow/example_dags/example_sensor_decorator.py
[2025-04-01T17:26:18.853-0500] {processor.py:925} INFO - DAG(s) 'example_sensor_decorator' retrieved from /mnt/d/Universidad/ETL/Proyecto_airflow/venv/lib/python3.12/site-packages/airflow/example_dags/example_sensor_decorator.py
[2025-04-01T17:26:18.870-0500] {logging_mixin.py:190} INFO - [2025-04-01T17:26:18.869-0500] {dag.py:3239} INFO - Sync 1 DAGs
[2025-04-01T17:26:18.880-0500] {logging_mixin.py:190} INFO - [2025-04-01T17:26:18.879-0500] {dag.py:4180} INFO - Setting next_dagrun for example_sensor_decorator to None, run_after=None
[2025-04-01T17:26:18.987-0500] {processor.py:208} INFO - Processing /mnt/d/Universidad/ETL/Proyecto_airflow/venv/lib/python3.12/site-packages/airflow/example_dags/example_sensor_decorator.py took 0.202 seconds
[2025-04-01T17:27:56.760-0500] {processor.py:186} INFO - Started process (PID=7294) to work on /mnt/d/Universidad/ETL/Proyecto_airflow/venv/lib/python3.12/site-packages/airflow/example_dags/example_sensor_decorator.py
[2025-04-01T17:27:56.761-0500] {processor.py:914} INFO - Processing file /mnt/d/Universidad/ETL/Proyecto_airflow/venv/lib/python3.12/site-packages/airflow/example_dags/example_sensor_decorator.py for tasks to queue
[2025-04-01T17:27:56.763-0500] {logging_mixin.py:190} INFO - [2025-04-01T17:27:56.763-0500] {dagbag.py:588} INFO - Filling up the DagBag from /mnt/d/Universidad/ETL/Proyecto_airflow/venv/lib/python3.12/site-packages/airflow/example_dags/example_sensor_decorator.py
[2025-04-01T17:27:56.817-0500] {processor.py:925} INFO - DAG(s) 'example_sensor_decorator' retrieved from /mnt/d/Universidad/ETL/Proyecto_airflow/venv/lib/python3.12/site-packages/airflow/example_dags/example_sensor_decorator.py
[2025-04-01T17:27:56.833-0500] {logging_mixin.py:190} INFO - [2025-04-01T17:27:56.833-0500] {dag.py:3239} INFO - Sync 1 DAGs
[2025-04-01T17:27:56.842-0500] {logging_mixin.py:190} INFO - [2025-04-01T17:27:56.842-0500] {dag.py:4180} INFO - Setting next_dagrun for example_sensor_decorator to None, run_after=None
[2025-04-01T17:27:56.947-0500] {processor.py:208} INFO - Processing /mnt/d/Universidad/ETL/Proyecto_airflow/venv/lib/python3.12/site-packages/airflow/example_dags/example_sensor_decorator.py took 0.194 seconds
[2025-04-01T17:29:22.001-0500] {processor.py:186} INFO - Started process (PID=7361) to work on /mnt/d/Universidad/ETL/Proyecto_airflow/venv/lib/python3.12/site-packages/airflow/example_dags/example_sensor_decorator.py
[2025-04-01T17:29:22.003-0500] {processor.py:914} INFO - Processing file /mnt/d/Universidad/ETL/Proyecto_airflow/venv/lib/python3.12/site-packages/airflow/example_dags/example_sensor_decorator.py for tasks to queue
[2025-04-01T17:29:22.005-0500] {logging_mixin.py:190} INFO - [2025-04-01T17:29:22.004-0500] {dagbag.py:588} INFO - Filling up the DagBag from /mnt/d/Universidad/ETL/Proyecto_airflow/venv/lib/python3.12/site-packages/airflow/example_dags/example_sensor_decorator.py
[2025-04-01T17:29:22.058-0500] {processor.py:925} INFO - DAG(s) 'example_sensor_decorator' retrieved from /mnt/d/Universidad/ETL/Proyecto_airflow/venv/lib/python3.12/site-packages/airflow/example_dags/example_sensor_decorator.py
[2025-04-01T17:29:22.075-0500] {logging_mixin.py:190} INFO - [2025-04-01T17:29:22.074-0500] {dag.py:3239} INFO - Sync 1 DAGs
[2025-04-01T17:29:22.084-0500] {logging_mixin.py:190} INFO - [2025-04-01T17:29:22.083-0500] {dag.py:4180} INFO - Setting next_dagrun for example_sensor_decorator to None, run_after=None
[2025-04-01T17:29:22.189-0500] {processor.py:208} INFO - Processing /mnt/d/Universidad/ETL/Proyecto_airflow/venv/lib/python3.12/site-packages/airflow/example_dags/example_sensor_decorator.py took 0.196 seconds
