[2025-04-01T16:14:40.565-0500] {processor.py:186} INFO - Started process (PID=4013) to work on /mnt/d/Universidad/ETL/Proyecto_airflow/venv/lib/python3.12/site-packages/airflow/example_dags/example_sensors.py
[2025-04-01T16:14:40.567-0500] {processor.py:914} INFO - Processing file /mnt/d/Universidad/ETL/Proyecto_airflow/venv/lib/python3.12/site-packages/airflow/example_dags/example_sensors.py for tasks to queue
[2025-04-01T16:14:40.569-0500] {logging_mixin.py:190} INFO - [2025-04-01T16:14:40.568-0500] {dagbag.py:588} INFO - Filling up the DagBag from /mnt/d/Universidad/ETL/Proyecto_airflow/venv/lib/python3.12/site-packages/airflow/example_dags/example_sensors.py
[2025-04-01T16:14:40.626-0500] {processor.py:925} INFO - DAG(s) 'example_sensors' retrieved from /mnt/d/Universidad/ETL/Proyecto_airflow/venv/lib/python3.12/site-packages/airflow/example_dags/example_sensors.py
[2025-04-01T16:14:41.766-0500] {logging_mixin.py:190} INFO - [2025-04-01T16:14:41.765-0500] {override.py:1930} INFO - Created Permission View: can delete on DAG:example_sensors
[2025-04-01T16:14:41.849-0500] {logging_mixin.py:190} INFO - [2025-04-01T16:14:41.848-0500] {override.py:1930} INFO - Created Permission View: can edit on DAG:example_sensors
[2025-04-01T16:14:41.924-0500] {logging_mixin.py:190} INFO - [2025-04-01T16:14:41.923-0500] {override.py:1930} INFO - Created Permission View: can read on DAG:example_sensors
[2025-04-01T16:14:42.074-0500] {logging_mixin.py:190} INFO - [2025-04-01T16:14:42.073-0500] {override.py:1930} INFO - Created Permission View: can create on DAG Run:example_sensors
[2025-04-01T16:14:42.163-0500] {logging_mixin.py:190} INFO - [2025-04-01T16:14:42.162-0500] {override.py:1930} INFO - Created Permission View: can delete on DAG Run:example_sensors
[2025-04-01T16:14:42.258-0500] {logging_mixin.py:190} INFO - [2025-04-01T16:14:42.257-0500] {override.py:1930} INFO - Created Permission View: menu access on DAG Run:example_sensors
[2025-04-01T16:14:42.333-0500] {logging_mixin.py:190} INFO - [2025-04-01T16:14:42.332-0500] {override.py:1930} INFO - Created Permission View: can read on DAG Run:example_sensors
[2025-04-01T16:14:42.335-0500] {logging_mixin.py:190} INFO - [2025-04-01T16:14:42.334-0500] {dag.py:3239} INFO - Sync 1 DAGs
[2025-04-01T16:14:42.349-0500] {logging_mixin.py:190} INFO - [2025-04-01T16:14:42.349-0500] {dag.py:3262} INFO - Creating ORM DAG for example_sensors
[2025-04-01T16:14:42.351-0500] {logging_mixin.py:190} INFO - [2025-04-01T16:14:42.351-0500] {dag.py:4180} INFO - Setting next_dagrun for example_sensors to None, run_after=None
[2025-04-01T16:14:42.448-0500] {processor.py:208} INFO - Processing /mnt/d/Universidad/ETL/Proyecto_airflow/venv/lib/python3.12/site-packages/airflow/example_dags/example_sensors.py took 1.891 seconds
[2025-04-01T16:16:30.323-0500] {processor.py:186} INFO - Started process (PID=4075) to work on /mnt/d/Universidad/ETL/Proyecto_airflow/venv/lib/python3.12/site-packages/airflow/example_dags/example_sensors.py
[2025-04-01T16:16:30.324-0500] {processor.py:914} INFO - Processing file /mnt/d/Universidad/ETL/Proyecto_airflow/venv/lib/python3.12/site-packages/airflow/example_dags/example_sensors.py for tasks to queue
[2025-04-01T16:16:30.326-0500] {logging_mixin.py:190} INFO - [2025-04-01T16:16:30.326-0500] {dagbag.py:588} INFO - Filling up the DagBag from /mnt/d/Universidad/ETL/Proyecto_airflow/venv/lib/python3.12/site-packages/airflow/example_dags/example_sensors.py
[2025-04-01T16:16:30.384-0500] {processor.py:925} INFO - DAG(s) 'example_sensors' retrieved from /mnt/d/Universidad/ETL/Proyecto_airflow/venv/lib/python3.12/site-packages/airflow/example_dags/example_sensors.py
[2025-04-01T16:16:30.416-0500] {logging_mixin.py:190} INFO - [2025-04-01T16:16:30.415-0500] {dag.py:3239} INFO - Sync 1 DAGs
[2025-04-01T16:16:30.427-0500] {logging_mixin.py:190} INFO - [2025-04-01T16:16:30.426-0500] {dag.py:4180} INFO - Setting next_dagrun for example_sensors to None, run_after=None
[2025-04-01T16:16:30.500-0500] {processor.py:208} INFO - Processing /mnt/d/Universidad/ETL/Proyecto_airflow/venv/lib/python3.12/site-packages/airflow/example_dags/example_sensors.py took 0.185 seconds
[2025-04-01T16:18:30.301-0500] {processor.py:186} INFO - Started process (PID=4146) to work on /mnt/d/Universidad/ETL/Proyecto_airflow/venv/lib/python3.12/site-packages/airflow/example_dags/example_sensors.py
[2025-04-01T16:18:30.302-0500] {processor.py:914} INFO - Processing file /mnt/d/Universidad/ETL/Proyecto_airflow/venv/lib/python3.12/site-packages/airflow/example_dags/example_sensors.py for tasks to queue
[2025-04-01T16:18:30.304-0500] {logging_mixin.py:190} INFO - [2025-04-01T16:18:30.303-0500] {dagbag.py:588} INFO - Filling up the DagBag from /mnt/d/Universidad/ETL/Proyecto_airflow/venv/lib/python3.12/site-packages/airflow/example_dags/example_sensors.py
[2025-04-01T16:18:30.358-0500] {processor.py:925} INFO - DAG(s) 'example_sensors' retrieved from /mnt/d/Universidad/ETL/Proyecto_airflow/venv/lib/python3.12/site-packages/airflow/example_dags/example_sensors.py
[2025-04-01T16:18:30.379-0500] {logging_mixin.py:190} INFO - [2025-04-01T16:18:30.379-0500] {dag.py:3239} INFO - Sync 1 DAGs
[2025-04-01T16:18:30.388-0500] {logging_mixin.py:190} INFO - [2025-04-01T16:18:30.388-0500] {dag.py:4180} INFO - Setting next_dagrun for example_sensors to None, run_after=None
[2025-04-01T16:18:30.491-0500] {processor.py:208} INFO - Processing /mnt/d/Universidad/ETL/Proyecto_airflow/venv/lib/python3.12/site-packages/airflow/example_dags/example_sensors.py took 0.198 seconds
[2025-04-01T16:20:01.360-0500] {processor.py:186} INFO - Started process (PID=4218) to work on /mnt/d/Universidad/ETL/Proyecto_airflow/venv/lib/python3.12/site-packages/airflow/example_dags/example_sensors.py
[2025-04-01T16:20:01.361-0500] {processor.py:914} INFO - Processing file /mnt/d/Universidad/ETL/Proyecto_airflow/venv/lib/python3.12/site-packages/airflow/example_dags/example_sensors.py for tasks to queue
[2025-04-01T16:20:01.363-0500] {logging_mixin.py:190} INFO - [2025-04-01T16:20:01.363-0500] {dagbag.py:588} INFO - Filling up the DagBag from /mnt/d/Universidad/ETL/Proyecto_airflow/venv/lib/python3.12/site-packages/airflow/example_dags/example_sensors.py
[2025-04-01T16:20:01.418-0500] {processor.py:925} INFO - DAG(s) 'example_sensors' retrieved from /mnt/d/Universidad/ETL/Proyecto_airflow/venv/lib/python3.12/site-packages/airflow/example_dags/example_sensors.py
[2025-04-01T16:20:01.439-0500] {logging_mixin.py:190} INFO - [2025-04-01T16:20:01.438-0500] {dag.py:3239} INFO - Sync 1 DAGs
[2025-04-01T16:20:01.448-0500] {logging_mixin.py:190} INFO - [2025-04-01T16:20:01.447-0500] {dag.py:4180} INFO - Setting next_dagrun for example_sensors to None, run_after=None
[2025-04-01T16:20:01.524-0500] {processor.py:208} INFO - Processing /mnt/d/Universidad/ETL/Proyecto_airflow/venv/lib/python3.12/site-packages/airflow/example_dags/example_sensors.py took 0.171 seconds
[2025-04-01T16:21:30.589-0500] {processor.py:186} INFO - Started process (PID=4291) to work on /mnt/d/Universidad/ETL/Proyecto_airflow/venv/lib/python3.12/site-packages/airflow/example_dags/example_sensors.py
[2025-04-01T16:21:30.590-0500] {processor.py:914} INFO - Processing file /mnt/d/Universidad/ETL/Proyecto_airflow/venv/lib/python3.12/site-packages/airflow/example_dags/example_sensors.py for tasks to queue
[2025-04-01T16:21:30.593-0500] {logging_mixin.py:190} INFO - [2025-04-01T16:21:30.592-0500] {dagbag.py:588} INFO - Filling up the DagBag from /mnt/d/Universidad/ETL/Proyecto_airflow/venv/lib/python3.12/site-packages/airflow/example_dags/example_sensors.py
[2025-04-01T16:21:30.648-0500] {processor.py:925} INFO - DAG(s) 'example_sensors' retrieved from /mnt/d/Universidad/ETL/Proyecto_airflow/venv/lib/python3.12/site-packages/airflow/example_dags/example_sensors.py
[2025-04-01T16:21:30.671-0500] {logging_mixin.py:190} INFO - [2025-04-01T16:21:30.671-0500] {dag.py:3239} INFO - Sync 1 DAGs
[2025-04-01T16:21:30.681-0500] {logging_mixin.py:190} INFO - [2025-04-01T16:21:30.680-0500] {dag.py:4180} INFO - Setting next_dagrun for example_sensors to None, run_after=None
[2025-04-01T16:21:30.753-0500] {processor.py:208} INFO - Processing /mnt/d/Universidad/ETL/Proyecto_airflow/venv/lib/python3.12/site-packages/airflow/example_dags/example_sensors.py took 0.172 seconds
[2025-04-01T16:22:51.993-0500] {processor.py:186} INFO - Started process (PID=4357) to work on /mnt/d/Universidad/ETL/Proyecto_airflow/venv/lib/python3.12/site-packages/airflow/example_dags/example_sensors.py
[2025-04-01T16:22:51.994-0500] {processor.py:914} INFO - Processing file /mnt/d/Universidad/ETL/Proyecto_airflow/venv/lib/python3.12/site-packages/airflow/example_dags/example_sensors.py for tasks to queue
[2025-04-01T16:22:51.997-0500] {logging_mixin.py:190} INFO - [2025-04-01T16:22:51.996-0500] {dagbag.py:588} INFO - Filling up the DagBag from /mnt/d/Universidad/ETL/Proyecto_airflow/venv/lib/python3.12/site-packages/airflow/example_dags/example_sensors.py
[2025-04-01T16:22:52.052-0500] {processor.py:925} INFO - DAG(s) 'example_sensors' retrieved from /mnt/d/Universidad/ETL/Proyecto_airflow/venv/lib/python3.12/site-packages/airflow/example_dags/example_sensors.py
[2025-04-01T16:22:52.073-0500] {logging_mixin.py:190} INFO - [2025-04-01T16:22:52.072-0500] {dag.py:3239} INFO - Sync 1 DAGs
[2025-04-01T16:22:52.082-0500] {logging_mixin.py:190} INFO - [2025-04-01T16:22:52.081-0500] {dag.py:4180} INFO - Setting next_dagrun for example_sensors to None, run_after=None
[2025-04-01T16:22:52.178-0500] {processor.py:208} INFO - Processing /mnt/d/Universidad/ETL/Proyecto_airflow/venv/lib/python3.12/site-packages/airflow/example_dags/example_sensors.py took 0.192 seconds
[2025-04-01T16:24:27.729-0500] {processor.py:186} INFO - Started process (PID=4429) to work on /mnt/d/Universidad/ETL/Proyecto_airflow/venv/lib/python3.12/site-packages/airflow/example_dags/example_sensors.py
[2025-04-01T16:24:27.730-0500] {processor.py:914} INFO - Processing file /mnt/d/Universidad/ETL/Proyecto_airflow/venv/lib/python3.12/site-packages/airflow/example_dags/example_sensors.py for tasks to queue
[2025-04-01T16:24:27.732-0500] {logging_mixin.py:190} INFO - [2025-04-01T16:24:27.731-0500] {dagbag.py:588} INFO - Filling up the DagBag from /mnt/d/Universidad/ETL/Proyecto_airflow/venv/lib/python3.12/site-packages/airflow/example_dags/example_sensors.py
[2025-04-01T16:24:27.786-0500] {processor.py:925} INFO - DAG(s) 'example_sensors' retrieved from /mnt/d/Universidad/ETL/Proyecto_airflow/venv/lib/python3.12/site-packages/airflow/example_dags/example_sensors.py
[2025-04-01T16:24:27.807-0500] {logging_mixin.py:190} INFO - [2025-04-01T16:24:27.806-0500] {dag.py:3239} INFO - Sync 1 DAGs
[2025-04-01T16:24:27.815-0500] {logging_mixin.py:190} INFO - [2025-04-01T16:24:27.815-0500] {dag.py:4180} INFO - Setting next_dagrun for example_sensors to None, run_after=None
[2025-04-01T16:24:27.916-0500] {processor.py:208} INFO - Processing /mnt/d/Universidad/ETL/Proyecto_airflow/venv/lib/python3.12/site-packages/airflow/example_dags/example_sensors.py took 0.195 seconds
[2025-04-01T16:25:59.611-0500] {processor.py:186} INFO - Started process (PID=4500) to work on /mnt/d/Universidad/ETL/Proyecto_airflow/venv/lib/python3.12/site-packages/airflow/example_dags/example_sensors.py
[2025-04-01T16:25:59.612-0500] {processor.py:914} INFO - Processing file /mnt/d/Universidad/ETL/Proyecto_airflow/venv/lib/python3.12/site-packages/airflow/example_dags/example_sensors.py for tasks to queue
[2025-04-01T16:25:59.614-0500] {logging_mixin.py:190} INFO - [2025-04-01T16:25:59.613-0500] {dagbag.py:588} INFO - Filling up the DagBag from /mnt/d/Universidad/ETL/Proyecto_airflow/venv/lib/python3.12/site-packages/airflow/example_dags/example_sensors.py
[2025-04-01T16:25:59.669-0500] {processor.py:925} INFO - DAG(s) 'example_sensors' retrieved from /mnt/d/Universidad/ETL/Proyecto_airflow/venv/lib/python3.12/site-packages/airflow/example_dags/example_sensors.py
[2025-04-01T16:25:59.690-0500] {logging_mixin.py:190} INFO - [2025-04-01T16:25:59.689-0500] {dag.py:3239} INFO - Sync 1 DAGs
[2025-04-01T16:25:59.751-0500] {logging_mixin.py:190} INFO - [2025-04-01T16:25:59.751-0500] {dag.py:4180} INFO - Setting next_dagrun for example_sensors to None, run_after=None
[2025-04-01T16:25:59.818-0500] {processor.py:208} INFO - Processing /mnt/d/Universidad/ETL/Proyecto_airflow/venv/lib/python3.12/site-packages/airflow/example_dags/example_sensors.py took 0.214 seconds
[2025-04-01T16:27:33.283-0500] {processor.py:186} INFO - Started process (PID=4571) to work on /mnt/d/Universidad/ETL/Proyecto_airflow/venv/lib/python3.12/site-packages/airflow/example_dags/example_sensors.py
[2025-04-01T16:27:33.284-0500] {processor.py:914} INFO - Processing file /mnt/d/Universidad/ETL/Proyecto_airflow/venv/lib/python3.12/site-packages/airflow/example_dags/example_sensors.py for tasks to queue
[2025-04-01T16:27:33.286-0500] {logging_mixin.py:190} INFO - [2025-04-01T16:27:33.285-0500] {dagbag.py:588} INFO - Filling up the DagBag from /mnt/d/Universidad/ETL/Proyecto_airflow/venv/lib/python3.12/site-packages/airflow/example_dags/example_sensors.py
[2025-04-01T16:27:33.341-0500] {processor.py:925} INFO - DAG(s) 'example_sensors' retrieved from /mnt/d/Universidad/ETL/Proyecto_airflow/venv/lib/python3.12/site-packages/airflow/example_dags/example_sensors.py
[2025-04-01T16:27:33.361-0500] {logging_mixin.py:190} INFO - [2025-04-01T16:27:33.361-0500] {dag.py:3239} INFO - Sync 1 DAGs
[2025-04-01T16:27:33.370-0500] {logging_mixin.py:190} INFO - [2025-04-01T16:27:33.370-0500] {dag.py:4180} INFO - Setting next_dagrun for example_sensors to None, run_after=None
[2025-04-01T16:27:33.455-0500] {processor.py:208} INFO - Processing /mnt/d/Universidad/ETL/Proyecto_airflow/venv/lib/python3.12/site-packages/airflow/example_dags/example_sensors.py took 0.180 seconds
[2025-04-01T16:28:59.837-0500] {processor.py:186} INFO - Started process (PID=4641) to work on /mnt/d/Universidad/ETL/Proyecto_airflow/venv/lib/python3.12/site-packages/airflow/example_dags/example_sensors.py
[2025-04-01T16:28:59.838-0500] {processor.py:914} INFO - Processing file /mnt/d/Universidad/ETL/Proyecto_airflow/venv/lib/python3.12/site-packages/airflow/example_dags/example_sensors.py for tasks to queue
[2025-04-01T16:28:59.840-0500] {logging_mixin.py:190} INFO - [2025-04-01T16:28:59.840-0500] {dagbag.py:588} INFO - Filling up the DagBag from /mnt/d/Universidad/ETL/Proyecto_airflow/venv/lib/python3.12/site-packages/airflow/example_dags/example_sensors.py
[2025-04-01T16:28:59.895-0500] {processor.py:925} INFO - DAG(s) 'example_sensors' retrieved from /mnt/d/Universidad/ETL/Proyecto_airflow/venv/lib/python3.12/site-packages/airflow/example_dags/example_sensors.py
[2025-04-01T16:28:59.918-0500] {logging_mixin.py:190} INFO - [2025-04-01T16:28:59.917-0500] {dag.py:3239} INFO - Sync 1 DAGs
[2025-04-01T16:28:59.928-0500] {logging_mixin.py:190} INFO - [2025-04-01T16:28:59.927-0500] {dag.py:4180} INFO - Setting next_dagrun for example_sensors to None, run_after=None
[2025-04-01T16:29:00.011-0500] {processor.py:208} INFO - Processing /mnt/d/Universidad/ETL/Proyecto_airflow/venv/lib/python3.12/site-packages/airflow/example_dags/example_sensors.py took 0.181 seconds
[2025-04-01T16:30:34.901-0500] {processor.py:186} INFO - Started process (PID=4713) to work on /mnt/d/Universidad/ETL/Proyecto_airflow/venv/lib/python3.12/site-packages/airflow/example_dags/example_sensors.py
[2025-04-01T16:30:34.902-0500] {processor.py:914} INFO - Processing file /mnt/d/Universidad/ETL/Proyecto_airflow/venv/lib/python3.12/site-packages/airflow/example_dags/example_sensors.py for tasks to queue
[2025-04-01T16:30:34.904-0500] {logging_mixin.py:190} INFO - [2025-04-01T16:30:34.903-0500] {dagbag.py:588} INFO - Filling up the DagBag from /mnt/d/Universidad/ETL/Proyecto_airflow/venv/lib/python3.12/site-packages/airflow/example_dags/example_sensors.py
[2025-04-01T16:30:34.959-0500] {processor.py:925} INFO - DAG(s) 'example_sensors' retrieved from /mnt/d/Universidad/ETL/Proyecto_airflow/venv/lib/python3.12/site-packages/airflow/example_dags/example_sensors.py
[2025-04-01T16:30:34.980-0500] {logging_mixin.py:190} INFO - [2025-04-01T16:30:34.980-0500] {dag.py:3239} INFO - Sync 1 DAGs
[2025-04-01T16:30:34.990-0500] {logging_mixin.py:190} INFO - [2025-04-01T16:30:34.989-0500] {dag.py:4180} INFO - Setting next_dagrun for example_sensors to None, run_after=None
[2025-04-01T16:30:35.096-0500] {processor.py:208} INFO - Processing /mnt/d/Universidad/ETL/Proyecto_airflow/venv/lib/python3.12/site-packages/airflow/example_dags/example_sensors.py took 0.203 seconds
[2025-04-01T16:32:11.072-0500] {processor.py:186} INFO - Started process (PID=4786) to work on /mnt/d/Universidad/ETL/Proyecto_airflow/venv/lib/python3.12/site-packages/airflow/example_dags/example_sensors.py
[2025-04-01T16:32:11.073-0500] {processor.py:914} INFO - Processing file /mnt/d/Universidad/ETL/Proyecto_airflow/venv/lib/python3.12/site-packages/airflow/example_dags/example_sensors.py for tasks to queue
[2025-04-01T16:32:11.076-0500] {logging_mixin.py:190} INFO - [2025-04-01T16:32:11.075-0500] {dagbag.py:588} INFO - Filling up the DagBag from /mnt/d/Universidad/ETL/Proyecto_airflow/venv/lib/python3.12/site-packages/airflow/example_dags/example_sensors.py
[2025-04-01T16:32:11.132-0500] {processor.py:925} INFO - DAG(s) 'example_sensors' retrieved from /mnt/d/Universidad/ETL/Proyecto_airflow/venv/lib/python3.12/site-packages/airflow/example_dags/example_sensors.py
[2025-04-01T16:32:11.153-0500] {logging_mixin.py:190} INFO - [2025-04-01T16:32:11.152-0500] {dag.py:3239} INFO - Sync 1 DAGs
[2025-04-01T16:32:11.162-0500] {logging_mixin.py:190} INFO - [2025-04-01T16:32:11.162-0500] {dag.py:4180} INFO - Setting next_dagrun for example_sensors to None, run_after=None
[2025-04-01T16:32:11.268-0500] {processor.py:208} INFO - Processing /mnt/d/Universidad/ETL/Proyecto_airflow/venv/lib/python3.12/site-packages/airflow/example_dags/example_sensors.py took 0.204 seconds
[2025-04-01T16:33:40.235-0500] {processor.py:186} INFO - Started process (PID=4856) to work on /mnt/d/Universidad/ETL/Proyecto_airflow/venv/lib/python3.12/site-packages/airflow/example_dags/example_sensors.py
[2025-04-01T16:33:40.236-0500] {processor.py:914} INFO - Processing file /mnt/d/Universidad/ETL/Proyecto_airflow/venv/lib/python3.12/site-packages/airflow/example_dags/example_sensors.py for tasks to queue
[2025-04-01T16:33:40.238-0500] {logging_mixin.py:190} INFO - [2025-04-01T16:33:40.238-0500] {dagbag.py:588} INFO - Filling up the DagBag from /mnt/d/Universidad/ETL/Proyecto_airflow/venv/lib/python3.12/site-packages/airflow/example_dags/example_sensors.py
[2025-04-01T16:33:40.294-0500] {processor.py:925} INFO - DAG(s) 'example_sensors' retrieved from /mnt/d/Universidad/ETL/Proyecto_airflow/venv/lib/python3.12/site-packages/airflow/example_dags/example_sensors.py
[2025-04-01T16:33:40.317-0500] {logging_mixin.py:190} INFO - [2025-04-01T16:33:40.317-0500] {dag.py:3239} INFO - Sync 1 DAGs
[2025-04-01T16:33:40.328-0500] {logging_mixin.py:190} INFO - [2025-04-01T16:33:40.327-0500] {dag.py:4180} INFO - Setting next_dagrun for example_sensors to None, run_after=None
[2025-04-01T16:33:40.406-0500] {processor.py:208} INFO - Processing /mnt/d/Universidad/ETL/Proyecto_airflow/venv/lib/python3.12/site-packages/airflow/example_dags/example_sensors.py took 0.179 seconds
[2025-04-01T16:35:09.260-0500] {processor.py:186} INFO - Started process (PID=4925) to work on /mnt/d/Universidad/ETL/Proyecto_airflow/venv/lib/python3.12/site-packages/airflow/example_dags/example_sensors.py
[2025-04-01T16:35:09.261-0500] {processor.py:914} INFO - Processing file /mnt/d/Universidad/ETL/Proyecto_airflow/venv/lib/python3.12/site-packages/airflow/example_dags/example_sensors.py for tasks to queue
[2025-04-01T16:35:09.263-0500] {logging_mixin.py:190} INFO - [2025-04-01T16:35:09.262-0500] {dagbag.py:588} INFO - Filling up the DagBag from /mnt/d/Universidad/ETL/Proyecto_airflow/venv/lib/python3.12/site-packages/airflow/example_dags/example_sensors.py
[2025-04-01T16:35:09.317-0500] {processor.py:925} INFO - DAG(s) 'example_sensors' retrieved from /mnt/d/Universidad/ETL/Proyecto_airflow/venv/lib/python3.12/site-packages/airflow/example_dags/example_sensors.py
[2025-04-01T16:35:09.338-0500] {logging_mixin.py:190} INFO - [2025-04-01T16:35:09.338-0500] {dag.py:3239} INFO - Sync 1 DAGs
[2025-04-01T16:35:09.347-0500] {logging_mixin.py:190} INFO - [2025-04-01T16:35:09.347-0500] {dag.py:4180} INFO - Setting next_dagrun for example_sensors to None, run_after=None
[2025-04-01T16:35:09.437-0500] {processor.py:208} INFO - Processing /mnt/d/Universidad/ETL/Proyecto_airflow/venv/lib/python3.12/site-packages/airflow/example_dags/example_sensors.py took 0.185 seconds
[2025-04-01T16:36:43.987-0500] {processor.py:186} INFO - Started process (PID=4996) to work on /mnt/d/Universidad/ETL/Proyecto_airflow/venv/lib/python3.12/site-packages/airflow/example_dags/example_sensors.py
[2025-04-01T16:36:43.988-0500] {processor.py:914} INFO - Processing file /mnt/d/Universidad/ETL/Proyecto_airflow/venv/lib/python3.12/site-packages/airflow/example_dags/example_sensors.py for tasks to queue
[2025-04-01T16:36:43.991-0500] {logging_mixin.py:190} INFO - [2025-04-01T16:36:43.990-0500] {dagbag.py:588} INFO - Filling up the DagBag from /mnt/d/Universidad/ETL/Proyecto_airflow/venv/lib/python3.12/site-packages/airflow/example_dags/example_sensors.py
[2025-04-01T16:36:44.046-0500] {processor.py:925} INFO - DAG(s) 'example_sensors' retrieved from /mnt/d/Universidad/ETL/Proyecto_airflow/venv/lib/python3.12/site-packages/airflow/example_dags/example_sensors.py
[2025-04-01T16:36:44.067-0500] {logging_mixin.py:190} INFO - [2025-04-01T16:36:44.066-0500] {dag.py:3239} INFO - Sync 1 DAGs
[2025-04-01T16:36:44.076-0500] {logging_mixin.py:190} INFO - [2025-04-01T16:36:44.075-0500] {dag.py:4180} INFO - Setting next_dagrun for example_sensors to None, run_after=None
[2025-04-01T16:36:44.182-0500] {processor.py:208} INFO - Processing /mnt/d/Universidad/ETL/Proyecto_airflow/venv/lib/python3.12/site-packages/airflow/example_dags/example_sensors.py took 0.203 seconds
[2025-04-01T16:38:13.754-0500] {processor.py:186} INFO - Started process (PID=5065) to work on /mnt/d/Universidad/ETL/Proyecto_airflow/venv/lib/python3.12/site-packages/airflow/example_dags/example_sensors.py
[2025-04-01T16:38:13.755-0500] {processor.py:914} INFO - Processing file /mnt/d/Universidad/ETL/Proyecto_airflow/venv/lib/python3.12/site-packages/airflow/example_dags/example_sensors.py for tasks to queue
[2025-04-01T16:38:13.757-0500] {logging_mixin.py:190} INFO - [2025-04-01T16:38:13.757-0500] {dagbag.py:588} INFO - Filling up the DagBag from /mnt/d/Universidad/ETL/Proyecto_airflow/venv/lib/python3.12/site-packages/airflow/example_dags/example_sensors.py
[2025-04-01T16:38:13.813-0500] {processor.py:925} INFO - DAG(s) 'example_sensors' retrieved from /mnt/d/Universidad/ETL/Proyecto_airflow/venv/lib/python3.12/site-packages/airflow/example_dags/example_sensors.py
[2025-04-01T16:38:13.836-0500] {logging_mixin.py:190} INFO - [2025-04-01T16:38:13.835-0500] {dag.py:3239} INFO - Sync 1 DAGs
[2025-04-01T16:38:13.846-0500] {logging_mixin.py:190} INFO - [2025-04-01T16:38:13.845-0500] {dag.py:4180} INFO - Setting next_dagrun for example_sensors to None, run_after=None
[2025-04-01T16:38:13.946-0500] {processor.py:208} INFO - Processing /mnt/d/Universidad/ETL/Proyecto_airflow/venv/lib/python3.12/site-packages/airflow/example_dags/example_sensors.py took 0.200 seconds
[2025-04-01T16:39:46.735-0500] {processor.py:186} INFO - Started process (PID=5136) to work on /mnt/d/Universidad/ETL/Proyecto_airflow/venv/lib/python3.12/site-packages/airflow/example_dags/example_sensors.py
[2025-04-01T16:39:46.736-0500] {processor.py:914} INFO - Processing file /mnt/d/Universidad/ETL/Proyecto_airflow/venv/lib/python3.12/site-packages/airflow/example_dags/example_sensors.py for tasks to queue
[2025-04-01T16:39:46.739-0500] {logging_mixin.py:190} INFO - [2025-04-01T16:39:46.738-0500] {dagbag.py:588} INFO - Filling up the DagBag from /mnt/d/Universidad/ETL/Proyecto_airflow/venv/lib/python3.12/site-packages/airflow/example_dags/example_sensors.py
[2025-04-01T16:39:46.793-0500] {processor.py:925} INFO - DAG(s) 'example_sensors' retrieved from /mnt/d/Universidad/ETL/Proyecto_airflow/venv/lib/python3.12/site-packages/airflow/example_dags/example_sensors.py
[2025-04-01T16:39:46.814-0500] {logging_mixin.py:190} INFO - [2025-04-01T16:39:46.813-0500] {dag.py:3239} INFO - Sync 1 DAGs
[2025-04-01T16:39:46.823-0500] {logging_mixin.py:190} INFO - [2025-04-01T16:39:46.823-0500] {dag.py:4180} INFO - Setting next_dagrun for example_sensors to None, run_after=None
[2025-04-01T16:39:46.911-0500] {processor.py:208} INFO - Processing /mnt/d/Universidad/ETL/Proyecto_airflow/venv/lib/python3.12/site-packages/airflow/example_dags/example_sensors.py took 0.185 seconds
[2025-04-01T16:41:25.603-0500] {processor.py:186} INFO - Started process (PID=5210) to work on /mnt/d/Universidad/ETL/Proyecto_airflow/venv/lib/python3.12/site-packages/airflow/example_dags/example_sensors.py
[2025-04-01T16:41:25.604-0500] {processor.py:914} INFO - Processing file /mnt/d/Universidad/ETL/Proyecto_airflow/venv/lib/python3.12/site-packages/airflow/example_dags/example_sensors.py for tasks to queue
[2025-04-01T16:41:25.606-0500] {logging_mixin.py:190} INFO - [2025-04-01T16:41:25.606-0500] {dagbag.py:588} INFO - Filling up the DagBag from /mnt/d/Universidad/ETL/Proyecto_airflow/venv/lib/python3.12/site-packages/airflow/example_dags/example_sensors.py
[2025-04-01T16:41:25.663-0500] {processor.py:925} INFO - DAG(s) 'example_sensors' retrieved from /mnt/d/Universidad/ETL/Proyecto_airflow/venv/lib/python3.12/site-packages/airflow/example_dags/example_sensors.py
[2025-04-01T16:41:25.685-0500] {logging_mixin.py:190} INFO - [2025-04-01T16:41:25.684-0500] {dag.py:3239} INFO - Sync 1 DAGs
[2025-04-01T16:41:25.694-0500] {logging_mixin.py:190} INFO - [2025-04-01T16:41:25.693-0500] {dag.py:4180} INFO - Setting next_dagrun for example_sensors to None, run_after=None
[2025-04-01T16:41:25.803-0500] {processor.py:208} INFO - Processing /mnt/d/Universidad/ETL/Proyecto_airflow/venv/lib/python3.12/site-packages/airflow/example_dags/example_sensors.py took 0.209 seconds
[2025-04-01T16:42:56.546-0500] {processor.py:186} INFO - Started process (PID=5280) to work on /mnt/d/Universidad/ETL/Proyecto_airflow/venv/lib/python3.12/site-packages/airflow/example_dags/example_sensors.py
[2025-04-01T16:42:56.547-0500] {processor.py:914} INFO - Processing file /mnt/d/Universidad/ETL/Proyecto_airflow/venv/lib/python3.12/site-packages/airflow/example_dags/example_sensors.py for tasks to queue
[2025-04-01T16:42:56.549-0500] {logging_mixin.py:190} INFO - [2025-04-01T16:42:56.549-0500] {dagbag.py:588} INFO - Filling up the DagBag from /mnt/d/Universidad/ETL/Proyecto_airflow/venv/lib/python3.12/site-packages/airflow/example_dags/example_sensors.py
[2025-04-01T16:42:56.605-0500] {processor.py:925} INFO - DAG(s) 'example_sensors' retrieved from /mnt/d/Universidad/ETL/Proyecto_airflow/venv/lib/python3.12/site-packages/airflow/example_dags/example_sensors.py
[2025-04-01T16:42:56.625-0500] {logging_mixin.py:190} INFO - [2025-04-01T16:42:56.625-0500] {dag.py:3239} INFO - Sync 1 DAGs
[2025-04-01T16:42:56.634-0500] {logging_mixin.py:190} INFO - [2025-04-01T16:42:56.634-0500] {dag.py:4180} INFO - Setting next_dagrun for example_sensors to None, run_after=None
[2025-04-01T16:42:56.735-0500] {processor.py:208} INFO - Processing /mnt/d/Universidad/ETL/Proyecto_airflow/venv/lib/python3.12/site-packages/airflow/example_dags/example_sensors.py took 0.197 seconds
[2025-04-01T16:44:31.847-0500] {processor.py:186} INFO - Started process (PID=5351) to work on /mnt/d/Universidad/ETL/Proyecto_airflow/venv/lib/python3.12/site-packages/airflow/example_dags/example_sensors.py
[2025-04-01T16:44:31.848-0500] {processor.py:914} INFO - Processing file /mnt/d/Universidad/ETL/Proyecto_airflow/venv/lib/python3.12/site-packages/airflow/example_dags/example_sensors.py for tasks to queue
[2025-04-01T16:44:31.850-0500] {logging_mixin.py:190} INFO - [2025-04-01T16:44:31.849-0500] {dagbag.py:588} INFO - Filling up the DagBag from /mnt/d/Universidad/ETL/Proyecto_airflow/venv/lib/python3.12/site-packages/airflow/example_dags/example_sensors.py
[2025-04-01T16:44:31.904-0500] {processor.py:925} INFO - DAG(s) 'example_sensors' retrieved from /mnt/d/Universidad/ETL/Proyecto_airflow/venv/lib/python3.12/site-packages/airflow/example_dags/example_sensors.py
[2025-04-01T16:44:31.926-0500] {logging_mixin.py:190} INFO - [2025-04-01T16:44:31.925-0500] {dag.py:3239} INFO - Sync 1 DAGs
[2025-04-01T16:44:31.934-0500] {logging_mixin.py:190} INFO - [2025-04-01T16:44:31.934-0500] {dag.py:4180} INFO - Setting next_dagrun for example_sensors to None, run_after=None
[2025-04-01T16:44:32.013-0500] {processor.py:208} INFO - Processing /mnt/d/Universidad/ETL/Proyecto_airflow/venv/lib/python3.12/site-packages/airflow/example_dags/example_sensors.py took 0.174 seconds
[2025-04-01T16:46:09.885-0500] {processor.py:186} INFO - Started process (PID=5424) to work on /mnt/d/Universidad/ETL/Proyecto_airflow/venv/lib/python3.12/site-packages/airflow/example_dags/example_sensors.py
[2025-04-01T16:46:09.886-0500] {processor.py:914} INFO - Processing file /mnt/d/Universidad/ETL/Proyecto_airflow/venv/lib/python3.12/site-packages/airflow/example_dags/example_sensors.py for tasks to queue
[2025-04-01T16:46:09.889-0500] {logging_mixin.py:190} INFO - [2025-04-01T16:46:09.888-0500] {dagbag.py:588} INFO - Filling up the DagBag from /mnt/d/Universidad/ETL/Proyecto_airflow/venv/lib/python3.12/site-packages/airflow/example_dags/example_sensors.py
[2025-04-01T16:46:09.942-0500] {processor.py:925} INFO - DAG(s) 'example_sensors' retrieved from /mnt/d/Universidad/ETL/Proyecto_airflow/venv/lib/python3.12/site-packages/airflow/example_dags/example_sensors.py
[2025-04-01T16:46:09.963-0500] {logging_mixin.py:190} INFO - [2025-04-01T16:46:09.962-0500] {dag.py:3239} INFO - Sync 1 DAGs
[2025-04-01T16:46:09.972-0500] {logging_mixin.py:190} INFO - [2025-04-01T16:46:09.971-0500] {dag.py:4180} INFO - Setting next_dagrun for example_sensors to None, run_after=None
[2025-04-01T16:46:10.072-0500] {processor.py:208} INFO - Processing /mnt/d/Universidad/ETL/Proyecto_airflow/venv/lib/python3.12/site-packages/airflow/example_dags/example_sensors.py took 0.194 seconds
[2025-04-01T16:47:47.479-0500] {processor.py:186} INFO - Started process (PID=5496) to work on /mnt/d/Universidad/ETL/Proyecto_airflow/venv/lib/python3.12/site-packages/airflow/example_dags/example_sensors.py
[2025-04-01T16:47:47.480-0500] {processor.py:914} INFO - Processing file /mnt/d/Universidad/ETL/Proyecto_airflow/venv/lib/python3.12/site-packages/airflow/example_dags/example_sensors.py for tasks to queue
[2025-04-01T16:47:47.483-0500] {logging_mixin.py:190} INFO - [2025-04-01T16:47:47.482-0500] {dagbag.py:588} INFO - Filling up the DagBag from /mnt/d/Universidad/ETL/Proyecto_airflow/venv/lib/python3.12/site-packages/airflow/example_dags/example_sensors.py
[2025-04-01T16:47:47.540-0500] {processor.py:925} INFO - DAG(s) 'example_sensors' retrieved from /mnt/d/Universidad/ETL/Proyecto_airflow/venv/lib/python3.12/site-packages/airflow/example_dags/example_sensors.py
[2025-04-01T16:47:47.561-0500] {logging_mixin.py:190} INFO - [2025-04-01T16:47:47.560-0500] {dag.py:3239} INFO - Sync 1 DAGs
[2025-04-01T16:47:47.571-0500] {logging_mixin.py:190} INFO - [2025-04-01T16:47:47.571-0500] {dag.py:4180} INFO - Setting next_dagrun for example_sensors to None, run_after=None
[2025-04-01T16:47:47.659-0500] {processor.py:208} INFO - Processing /mnt/d/Universidad/ETL/Proyecto_airflow/venv/lib/python3.12/site-packages/airflow/example_dags/example_sensors.py took 0.187 seconds
[2025-04-01T16:49:16.676-0500] {processor.py:186} INFO - Started process (PID=5565) to work on /mnt/d/Universidad/ETL/Proyecto_airflow/venv/lib/python3.12/site-packages/airflow/example_dags/example_sensors.py
[2025-04-01T16:49:16.677-0500] {processor.py:914} INFO - Processing file /mnt/d/Universidad/ETL/Proyecto_airflow/venv/lib/python3.12/site-packages/airflow/example_dags/example_sensors.py for tasks to queue
[2025-04-01T16:49:16.679-0500] {logging_mixin.py:190} INFO - [2025-04-01T16:49:16.678-0500] {dagbag.py:588} INFO - Filling up the DagBag from /mnt/d/Universidad/ETL/Proyecto_airflow/venv/lib/python3.12/site-packages/airflow/example_dags/example_sensors.py
[2025-04-01T16:49:16.736-0500] {processor.py:925} INFO - DAG(s) 'example_sensors' retrieved from /mnt/d/Universidad/ETL/Proyecto_airflow/venv/lib/python3.12/site-packages/airflow/example_dags/example_sensors.py
[2025-04-01T16:49:16.757-0500] {logging_mixin.py:190} INFO - [2025-04-01T16:49:16.756-0500] {dag.py:3239} INFO - Sync 1 DAGs
[2025-04-01T16:49:16.766-0500] {logging_mixin.py:190} INFO - [2025-04-01T16:49:16.765-0500] {dag.py:4180} INFO - Setting next_dagrun for example_sensors to None, run_after=None
[2025-04-01T16:49:16.871-0500] {processor.py:208} INFO - Processing /mnt/d/Universidad/ETL/Proyecto_airflow/venv/lib/python3.12/site-packages/airflow/example_dags/example_sensors.py took 0.204 seconds
[2025-04-01T16:50:44.545-0500] {processor.py:186} INFO - Started process (PID=5634) to work on /mnt/d/Universidad/ETL/Proyecto_airflow/venv/lib/python3.12/site-packages/airflow/example_dags/example_sensors.py
[2025-04-01T16:50:44.546-0500] {processor.py:914} INFO - Processing file /mnt/d/Universidad/ETL/Proyecto_airflow/venv/lib/python3.12/site-packages/airflow/example_dags/example_sensors.py for tasks to queue
[2025-04-01T16:50:44.548-0500] {logging_mixin.py:190} INFO - [2025-04-01T16:50:44.548-0500] {dagbag.py:588} INFO - Filling up the DagBag from /mnt/d/Universidad/ETL/Proyecto_airflow/venv/lib/python3.12/site-packages/airflow/example_dags/example_sensors.py
[2025-04-01T16:50:44.603-0500] {processor.py:925} INFO - DAG(s) 'example_sensors' retrieved from /mnt/d/Universidad/ETL/Proyecto_airflow/venv/lib/python3.12/site-packages/airflow/example_dags/example_sensors.py
[2025-04-01T16:50:44.623-0500] {logging_mixin.py:190} INFO - [2025-04-01T16:50:44.623-0500] {dag.py:3239} INFO - Sync 1 DAGs
[2025-04-01T16:50:44.632-0500] {logging_mixin.py:190} INFO - [2025-04-01T16:50:44.631-0500] {dag.py:4180} INFO - Setting next_dagrun for example_sensors to None, run_after=None
[2025-04-01T16:50:44.734-0500] {processor.py:208} INFO - Processing /mnt/d/Universidad/ETL/Proyecto_airflow/venv/lib/python3.12/site-packages/airflow/example_dags/example_sensors.py took 0.197 seconds
[2025-04-01T16:52:26.834-0500] {processor.py:186} INFO - Started process (PID=5708) to work on /mnt/d/Universidad/ETL/Proyecto_airflow/venv/lib/python3.12/site-packages/airflow/example_dags/example_sensors.py
[2025-04-01T16:52:26.836-0500] {processor.py:914} INFO - Processing file /mnt/d/Universidad/ETL/Proyecto_airflow/venv/lib/python3.12/site-packages/airflow/example_dags/example_sensors.py for tasks to queue
[2025-04-01T16:52:26.838-0500] {logging_mixin.py:190} INFO - [2025-04-01T16:52:26.837-0500] {dagbag.py:588} INFO - Filling up the DagBag from /mnt/d/Universidad/ETL/Proyecto_airflow/venv/lib/python3.12/site-packages/airflow/example_dags/example_sensors.py
[2025-04-01T16:52:26.894-0500] {processor.py:925} INFO - DAG(s) 'example_sensors' retrieved from /mnt/d/Universidad/ETL/Proyecto_airflow/venv/lib/python3.12/site-packages/airflow/example_dags/example_sensors.py
[2025-04-01T16:52:26.917-0500] {logging_mixin.py:190} INFO - [2025-04-01T16:52:26.917-0500] {dag.py:3239} INFO - Sync 1 DAGs
[2025-04-01T16:52:26.928-0500] {logging_mixin.py:190} INFO - [2025-04-01T16:52:26.927-0500] {dag.py:4180} INFO - Setting next_dagrun for example_sensors to None, run_after=None
[2025-04-01T16:52:27.032-0500] {processor.py:208} INFO - Processing /mnt/d/Universidad/ETL/Proyecto_airflow/venv/lib/python3.12/site-packages/airflow/example_dags/example_sensors.py took 0.205 seconds
[2025-04-01T16:53:59.136-0500] {processor.py:186} INFO - Started process (PID=5780) to work on /mnt/d/Universidad/ETL/Proyecto_airflow/venv/lib/python3.12/site-packages/airflow/example_dags/example_sensors.py
[2025-04-01T16:53:59.137-0500] {processor.py:914} INFO - Processing file /mnt/d/Universidad/ETL/Proyecto_airflow/venv/lib/python3.12/site-packages/airflow/example_dags/example_sensors.py for tasks to queue
[2025-04-01T16:53:59.139-0500] {logging_mixin.py:190} INFO - [2025-04-01T16:53:59.139-0500] {dagbag.py:588} INFO - Filling up the DagBag from /mnt/d/Universidad/ETL/Proyecto_airflow/venv/lib/python3.12/site-packages/airflow/example_dags/example_sensors.py
[2025-04-01T16:53:59.194-0500] {processor.py:925} INFO - DAG(s) 'example_sensors' retrieved from /mnt/d/Universidad/ETL/Proyecto_airflow/venv/lib/python3.12/site-packages/airflow/example_dags/example_sensors.py
[2025-04-01T16:53:59.217-0500] {logging_mixin.py:190} INFO - [2025-04-01T16:53:59.217-0500] {dag.py:3239} INFO - Sync 1 DAGs
[2025-04-01T16:53:59.227-0500] {logging_mixin.py:190} INFO - [2025-04-01T16:53:59.226-0500] {dag.py:4180} INFO - Setting next_dagrun for example_sensors to None, run_after=None
[2025-04-01T16:53:59.329-0500] {processor.py:208} INFO - Processing /mnt/d/Universidad/ETL/Proyecto_airflow/venv/lib/python3.12/site-packages/airflow/example_dags/example_sensors.py took 0.200 seconds
[2025-04-01T16:55:33.501-0500] {processor.py:186} INFO - Started process (PID=5851) to work on /mnt/d/Universidad/ETL/Proyecto_airflow/venv/lib/python3.12/site-packages/airflow/example_dags/example_sensors.py
[2025-04-01T16:55:33.502-0500] {processor.py:914} INFO - Processing file /mnt/d/Universidad/ETL/Proyecto_airflow/venv/lib/python3.12/site-packages/airflow/example_dags/example_sensors.py for tasks to queue
[2025-04-01T16:55:33.504-0500] {logging_mixin.py:190} INFO - [2025-04-01T16:55:33.503-0500] {dagbag.py:588} INFO - Filling up the DagBag from /mnt/d/Universidad/ETL/Proyecto_airflow/venv/lib/python3.12/site-packages/airflow/example_dags/example_sensors.py
[2025-04-01T16:55:33.559-0500] {processor.py:925} INFO - DAG(s) 'example_sensors' retrieved from /mnt/d/Universidad/ETL/Proyecto_airflow/venv/lib/python3.12/site-packages/airflow/example_dags/example_sensors.py
[2025-04-01T16:55:33.581-0500] {logging_mixin.py:190} INFO - [2025-04-01T16:55:33.580-0500] {dag.py:3239} INFO - Sync 1 DAGs
[2025-04-01T16:55:33.590-0500] {logging_mixin.py:190} INFO - [2025-04-01T16:55:33.589-0500] {dag.py:4180} INFO - Setting next_dagrun for example_sensors to None, run_after=None
[2025-04-01T16:55:33.741-0500] {processor.py:208} INFO - Processing /mnt/d/Universidad/ETL/Proyecto_airflow/venv/lib/python3.12/site-packages/airflow/example_dags/example_sensors.py took 0.248 seconds
[2025-04-01T16:57:09.722-0500] {processor.py:186} INFO - Started process (PID=5923) to work on /mnt/d/Universidad/ETL/Proyecto_airflow/venv/lib/python3.12/site-packages/airflow/example_dags/example_sensors.py
[2025-04-01T16:57:09.723-0500] {processor.py:914} INFO - Processing file /mnt/d/Universidad/ETL/Proyecto_airflow/venv/lib/python3.12/site-packages/airflow/example_dags/example_sensors.py for tasks to queue
[2025-04-01T16:57:09.725-0500] {logging_mixin.py:190} INFO - [2025-04-01T16:57:09.725-0500] {dagbag.py:588} INFO - Filling up the DagBag from /mnt/d/Universidad/ETL/Proyecto_airflow/venv/lib/python3.12/site-packages/airflow/example_dags/example_sensors.py
[2025-04-01T16:57:09.782-0500] {processor.py:925} INFO - DAG(s) 'example_sensors' retrieved from /mnt/d/Universidad/ETL/Proyecto_airflow/venv/lib/python3.12/site-packages/airflow/example_dags/example_sensors.py
[2025-04-01T16:57:09.805-0500] {logging_mixin.py:190} INFO - [2025-04-01T16:57:09.804-0500] {dag.py:3239} INFO - Sync 1 DAGs
[2025-04-01T16:57:09.815-0500] {logging_mixin.py:190} INFO - [2025-04-01T16:57:09.814-0500] {dag.py:4180} INFO - Setting next_dagrun for example_sensors to None, run_after=None
[2025-04-01T16:57:09.923-0500] {processor.py:208} INFO - Processing /mnt/d/Universidad/ETL/Proyecto_airflow/venv/lib/python3.12/site-packages/airflow/example_dags/example_sensors.py took 0.209 seconds
[2025-04-01T16:58:40.283-0500] {processor.py:186} INFO - Started process (PID=5993) to work on /mnt/d/Universidad/ETL/Proyecto_airflow/venv/lib/python3.12/site-packages/airflow/example_dags/example_sensors.py
[2025-04-01T16:58:40.284-0500] {processor.py:914} INFO - Processing file /mnt/d/Universidad/ETL/Proyecto_airflow/venv/lib/python3.12/site-packages/airflow/example_dags/example_sensors.py for tasks to queue
[2025-04-01T16:58:40.286-0500] {logging_mixin.py:190} INFO - [2025-04-01T16:58:40.285-0500] {dagbag.py:588} INFO - Filling up the DagBag from /mnt/d/Universidad/ETL/Proyecto_airflow/venv/lib/python3.12/site-packages/airflow/example_dags/example_sensors.py
[2025-04-01T16:58:40.341-0500] {processor.py:925} INFO - DAG(s) 'example_sensors' retrieved from /mnt/d/Universidad/ETL/Proyecto_airflow/venv/lib/python3.12/site-packages/airflow/example_dags/example_sensors.py
[2025-04-01T16:58:40.363-0500] {logging_mixin.py:190} INFO - [2025-04-01T16:58:40.362-0500] {dag.py:3239} INFO - Sync 1 DAGs
[2025-04-01T16:58:40.372-0500] {logging_mixin.py:190} INFO - [2025-04-01T16:58:40.371-0500] {dag.py:4180} INFO - Setting next_dagrun for example_sensors to None, run_after=None
[2025-04-01T16:58:40.471-0500] {processor.py:208} INFO - Processing /mnt/d/Universidad/ETL/Proyecto_airflow/venv/lib/python3.12/site-packages/airflow/example_dags/example_sensors.py took 0.197 seconds
[2025-04-01T17:00:17.925-0500] {processor.py:186} INFO - Started process (PID=6064) to work on /mnt/d/Universidad/ETL/Proyecto_airflow/venv/lib/python3.12/site-packages/airflow/example_dags/example_sensors.py
[2025-04-01T17:00:17.926-0500] {processor.py:914} INFO - Processing file /mnt/d/Universidad/ETL/Proyecto_airflow/venv/lib/python3.12/site-packages/airflow/example_dags/example_sensors.py for tasks to queue
[2025-04-01T17:00:17.929-0500] {logging_mixin.py:190} INFO - [2025-04-01T17:00:17.928-0500] {dagbag.py:588} INFO - Filling up the DagBag from /mnt/d/Universidad/ETL/Proyecto_airflow/venv/lib/python3.12/site-packages/airflow/example_dags/example_sensors.py
[2025-04-01T17:00:17.983-0500] {processor.py:925} INFO - DAG(s) 'example_sensors' retrieved from /mnt/d/Universidad/ETL/Proyecto_airflow/venv/lib/python3.12/site-packages/airflow/example_dags/example_sensors.py
[2025-04-01T17:00:18.003-0500] {logging_mixin.py:190} INFO - [2025-04-01T17:00:18.003-0500] {dag.py:3239} INFO - Sync 1 DAGs
[2025-04-01T17:00:18.012-0500] {logging_mixin.py:190} INFO - [2025-04-01T17:00:18.012-0500] {dag.py:4180} INFO - Setting next_dagrun for example_sensors to None, run_after=None
[2025-04-01T17:00:18.116-0500] {processor.py:208} INFO - Processing /mnt/d/Universidad/ETL/Proyecto_airflow/venv/lib/python3.12/site-packages/airflow/example_dags/example_sensors.py took 0.199 seconds
[2025-04-01T17:01:53.177-0500] {processor.py:186} INFO - Started process (PID=6135) to work on /mnt/d/Universidad/ETL/Proyecto_airflow/venv/lib/python3.12/site-packages/airflow/example_dags/example_sensors.py
[2025-04-01T17:01:53.178-0500] {processor.py:914} INFO - Processing file /mnt/d/Universidad/ETL/Proyecto_airflow/venv/lib/python3.12/site-packages/airflow/example_dags/example_sensors.py for tasks to queue
[2025-04-01T17:01:53.180-0500] {logging_mixin.py:190} INFO - [2025-04-01T17:01:53.179-0500] {dagbag.py:588} INFO - Filling up the DagBag from /mnt/d/Universidad/ETL/Proyecto_airflow/venv/lib/python3.12/site-packages/airflow/example_dags/example_sensors.py
[2025-04-01T17:01:53.234-0500] {processor.py:925} INFO - DAG(s) 'example_sensors' retrieved from /mnt/d/Universidad/ETL/Proyecto_airflow/venv/lib/python3.12/site-packages/airflow/example_dags/example_sensors.py
[2025-04-01T17:01:53.255-0500] {logging_mixin.py:190} INFO - [2025-04-01T17:01:53.254-0500] {dag.py:3239} INFO - Sync 1 DAGs
[2025-04-01T17:01:53.263-0500] {logging_mixin.py:190} INFO - [2025-04-01T17:01:53.263-0500] {dag.py:4180} INFO - Setting next_dagrun for example_sensors to None, run_after=None
[2025-04-01T17:01:53.365-0500] {processor.py:208} INFO - Processing /mnt/d/Universidad/ETL/Proyecto_airflow/venv/lib/python3.12/site-packages/airflow/example_dags/example_sensors.py took 0.197 seconds
[2025-04-01T17:03:27.273-0500] {processor.py:186} INFO - Started process (PID=6207) to work on /mnt/d/Universidad/ETL/Proyecto_airflow/venv/lib/python3.12/site-packages/airflow/example_dags/example_sensors.py
[2025-04-01T17:03:27.274-0500] {processor.py:914} INFO - Processing file /mnt/d/Universidad/ETL/Proyecto_airflow/venv/lib/python3.12/site-packages/airflow/example_dags/example_sensors.py for tasks to queue
[2025-04-01T17:03:27.276-0500] {logging_mixin.py:190} INFO - [2025-04-01T17:03:27.275-0500] {dagbag.py:588} INFO - Filling up the DagBag from /mnt/d/Universidad/ETL/Proyecto_airflow/venv/lib/python3.12/site-packages/airflow/example_dags/example_sensors.py
[2025-04-01T17:03:27.331-0500] {processor.py:925} INFO - DAG(s) 'example_sensors' retrieved from /mnt/d/Universidad/ETL/Proyecto_airflow/venv/lib/python3.12/site-packages/airflow/example_dags/example_sensors.py
[2025-04-01T17:03:27.352-0500] {logging_mixin.py:190} INFO - [2025-04-01T17:03:27.352-0500] {dag.py:3239} INFO - Sync 1 DAGs
[2025-04-01T17:03:27.361-0500] {logging_mixin.py:190} INFO - [2025-04-01T17:03:27.361-0500] {dag.py:4180} INFO - Setting next_dagrun for example_sensors to None, run_after=None
[2025-04-01T17:03:27.458-0500] {processor.py:208} INFO - Processing /mnt/d/Universidad/ETL/Proyecto_airflow/venv/lib/python3.12/site-packages/airflow/example_dags/example_sensors.py took 0.194 seconds
[2025-04-01T17:05:00.917-0500] {processor.py:186} INFO - Started process (PID=6276) to work on /mnt/d/Universidad/ETL/Proyecto_airflow/venv/lib/python3.12/site-packages/airflow/example_dags/example_sensors.py
[2025-04-01T17:05:00.918-0500] {processor.py:914} INFO - Processing file /mnt/d/Universidad/ETL/Proyecto_airflow/venv/lib/python3.12/site-packages/airflow/example_dags/example_sensors.py for tasks to queue
[2025-04-01T17:05:00.920-0500] {logging_mixin.py:190} INFO - [2025-04-01T17:05:00.919-0500] {dagbag.py:588} INFO - Filling up the DagBag from /mnt/d/Universidad/ETL/Proyecto_airflow/venv/lib/python3.12/site-packages/airflow/example_dags/example_sensors.py
[2025-04-01T17:05:00.974-0500] {processor.py:925} INFO - DAG(s) 'example_sensors' retrieved from /mnt/d/Universidad/ETL/Proyecto_airflow/venv/lib/python3.12/site-packages/airflow/example_dags/example_sensors.py
[2025-04-01T17:05:00.995-0500] {logging_mixin.py:190} INFO - [2025-04-01T17:05:00.994-0500] {dag.py:3239} INFO - Sync 1 DAGs
[2025-04-01T17:05:01.003-0500] {logging_mixin.py:190} INFO - [2025-04-01T17:05:01.003-0500] {dag.py:4180} INFO - Setting next_dagrun for example_sensors to None, run_after=None
[2025-04-01T17:05:01.107-0500] {processor.py:208} INFO - Processing /mnt/d/Universidad/ETL/Proyecto_airflow/venv/lib/python3.12/site-packages/airflow/example_dags/example_sensors.py took 0.198 seconds
[2025-04-01T17:06:45.174-0500] {processor.py:186} INFO - Started process (PID=6351) to work on /mnt/d/Universidad/ETL/Proyecto_airflow/venv/lib/python3.12/site-packages/airflow/example_dags/example_sensors.py
[2025-04-01T17:06:45.175-0500] {processor.py:914} INFO - Processing file /mnt/d/Universidad/ETL/Proyecto_airflow/venv/lib/python3.12/site-packages/airflow/example_dags/example_sensors.py for tasks to queue
[2025-04-01T17:06:45.177-0500] {logging_mixin.py:190} INFO - [2025-04-01T17:06:45.176-0500] {dagbag.py:588} INFO - Filling up the DagBag from /mnt/d/Universidad/ETL/Proyecto_airflow/venv/lib/python3.12/site-packages/airflow/example_dags/example_sensors.py
[2025-04-01T17:06:45.232-0500] {processor.py:925} INFO - DAG(s) 'example_sensors' retrieved from /mnt/d/Universidad/ETL/Proyecto_airflow/venv/lib/python3.12/site-packages/airflow/example_dags/example_sensors.py
[2025-04-01T17:06:45.255-0500] {logging_mixin.py:190} INFO - [2025-04-01T17:06:45.254-0500] {dag.py:3239} INFO - Sync 1 DAGs
[2025-04-01T17:06:45.265-0500] {logging_mixin.py:190} INFO - [2025-04-01T17:06:45.264-0500] {dag.py:4180} INFO - Setting next_dagrun for example_sensors to None, run_after=None
[2025-04-01T17:06:45.370-0500] {processor.py:208} INFO - Processing /mnt/d/Universidad/ETL/Proyecto_airflow/venv/lib/python3.12/site-packages/airflow/example_dags/example_sensors.py took 0.205 seconds
[2025-04-01T17:08:15.529-0500] {processor.py:186} INFO - Started process (PID=6423) to work on /mnt/d/Universidad/ETL/Proyecto_airflow/venv/lib/python3.12/site-packages/airflow/example_dags/example_sensors.py
[2025-04-01T17:08:15.530-0500] {processor.py:914} INFO - Processing file /mnt/d/Universidad/ETL/Proyecto_airflow/venv/lib/python3.12/site-packages/airflow/example_dags/example_sensors.py for tasks to queue
[2025-04-01T17:08:15.532-0500] {logging_mixin.py:190} INFO - [2025-04-01T17:08:15.531-0500] {dagbag.py:588} INFO - Filling up the DagBag from /mnt/d/Universidad/ETL/Proyecto_airflow/venv/lib/python3.12/site-packages/airflow/example_dags/example_sensors.py
[2025-04-01T17:08:15.588-0500] {processor.py:925} INFO - DAG(s) 'example_sensors' retrieved from /mnt/d/Universidad/ETL/Proyecto_airflow/venv/lib/python3.12/site-packages/airflow/example_dags/example_sensors.py
[2025-04-01T17:08:15.609-0500] {logging_mixin.py:190} INFO - [2025-04-01T17:08:15.608-0500] {dag.py:3239} INFO - Sync 1 DAGs
[2025-04-01T17:08:15.618-0500] {logging_mixin.py:190} INFO - [2025-04-01T17:08:15.617-0500] {dag.py:4180} INFO - Setting next_dagrun for example_sensors to None, run_after=None
[2025-04-01T17:08:15.720-0500] {processor.py:208} INFO - Processing /mnt/d/Universidad/ETL/Proyecto_airflow/venv/lib/python3.12/site-packages/airflow/example_dags/example_sensors.py took 0.199 seconds
[2025-04-01T17:09:56.920-0500] {processor.py:186} INFO - Started process (PID=6495) to work on /mnt/d/Universidad/ETL/Proyecto_airflow/venv/lib/python3.12/site-packages/airflow/example_dags/example_sensors.py
[2025-04-01T17:09:56.922-0500] {processor.py:914} INFO - Processing file /mnt/d/Universidad/ETL/Proyecto_airflow/venv/lib/python3.12/site-packages/airflow/example_dags/example_sensors.py for tasks to queue
[2025-04-01T17:09:56.924-0500] {logging_mixin.py:190} INFO - [2025-04-01T17:09:56.923-0500] {dagbag.py:588} INFO - Filling up the DagBag from /mnt/d/Universidad/ETL/Proyecto_airflow/venv/lib/python3.12/site-packages/airflow/example_dags/example_sensors.py
[2025-04-01T17:09:56.979-0500] {processor.py:925} INFO - DAG(s) 'example_sensors' retrieved from /mnt/d/Universidad/ETL/Proyecto_airflow/venv/lib/python3.12/site-packages/airflow/example_dags/example_sensors.py
[2025-04-01T17:09:57.000-0500] {logging_mixin.py:190} INFO - [2025-04-01T17:09:56.999-0500] {dag.py:3239} INFO - Sync 1 DAGs
[2025-04-01T17:09:57.009-0500] {logging_mixin.py:190} INFO - [2025-04-01T17:09:57.008-0500] {dag.py:4180} INFO - Setting next_dagrun for example_sensors to None, run_after=None
[2025-04-01T17:09:57.107-0500] {processor.py:208} INFO - Processing /mnt/d/Universidad/ETL/Proyecto_airflow/venv/lib/python3.12/site-packages/airflow/example_dags/example_sensors.py took 0.195 seconds
[2025-04-01T17:11:40.998-0500] {processor.py:186} INFO - Started process (PID=6570) to work on /mnt/d/Universidad/ETL/Proyecto_airflow/venv/lib/python3.12/site-packages/airflow/example_dags/example_sensors.py
[2025-04-01T17:11:40.999-0500] {processor.py:914} INFO - Processing file /mnt/d/Universidad/ETL/Proyecto_airflow/venv/lib/python3.12/site-packages/airflow/example_dags/example_sensors.py for tasks to queue
[2025-04-01T17:11:41.001-0500] {logging_mixin.py:190} INFO - [2025-04-01T17:11:41.000-0500] {dagbag.py:588} INFO - Filling up the DagBag from /mnt/d/Universidad/ETL/Proyecto_airflow/venv/lib/python3.12/site-packages/airflow/example_dags/example_sensors.py
[2025-04-01T17:11:41.055-0500] {processor.py:925} INFO - DAG(s) 'example_sensors' retrieved from /mnt/d/Universidad/ETL/Proyecto_airflow/venv/lib/python3.12/site-packages/airflow/example_dags/example_sensors.py
[2025-04-01T17:11:41.076-0500] {logging_mixin.py:190} INFO - [2025-04-01T17:11:41.076-0500] {dag.py:3239} INFO - Sync 1 DAGs
[2025-04-01T17:11:41.085-0500] {logging_mixin.py:190} INFO - [2025-04-01T17:11:41.084-0500] {dag.py:4180} INFO - Setting next_dagrun for example_sensors to None, run_after=None
[2025-04-01T17:11:41.184-0500] {processor.py:208} INFO - Processing /mnt/d/Universidad/ETL/Proyecto_airflow/venv/lib/python3.12/site-packages/airflow/example_dags/example_sensors.py took 0.193 seconds
[2025-04-01T17:13:20.037-0500] {processor.py:186} INFO - Started process (PID=6643) to work on /mnt/d/Universidad/ETL/Proyecto_airflow/venv/lib/python3.12/site-packages/airflow/example_dags/example_sensors.py
[2025-04-01T17:13:20.038-0500] {processor.py:914} INFO - Processing file /mnt/d/Universidad/ETL/Proyecto_airflow/venv/lib/python3.12/site-packages/airflow/example_dags/example_sensors.py for tasks to queue
[2025-04-01T17:13:20.040-0500] {logging_mixin.py:190} INFO - [2025-04-01T17:13:20.039-0500] {dagbag.py:588} INFO - Filling up the DagBag from /mnt/d/Universidad/ETL/Proyecto_airflow/venv/lib/python3.12/site-packages/airflow/example_dags/example_sensors.py
[2025-04-01T17:13:20.094-0500] {processor.py:925} INFO - DAG(s) 'example_sensors' retrieved from /mnt/d/Universidad/ETL/Proyecto_airflow/venv/lib/python3.12/site-packages/airflow/example_dags/example_sensors.py
[2025-04-01T17:13:20.114-0500] {logging_mixin.py:190} INFO - [2025-04-01T17:13:20.114-0500] {dag.py:3239} INFO - Sync 1 DAGs
[2025-04-01T17:13:20.123-0500] {logging_mixin.py:190} INFO - [2025-04-01T17:13:20.122-0500] {dag.py:4180} INFO - Setting next_dagrun for example_sensors to None, run_after=None
[2025-04-01T17:13:20.233-0500] {processor.py:208} INFO - Processing /mnt/d/Universidad/ETL/Proyecto_airflow/venv/lib/python3.12/site-packages/airflow/example_dags/example_sensors.py took 0.204 seconds
[2025-04-01T17:14:54.413-0500] {processor.py:186} INFO - Started process (PID=6714) to work on /mnt/d/Universidad/ETL/Proyecto_airflow/venv/lib/python3.12/site-packages/airflow/example_dags/example_sensors.py
[2025-04-01T17:14:54.414-0500] {processor.py:914} INFO - Processing file /mnt/d/Universidad/ETL/Proyecto_airflow/venv/lib/python3.12/site-packages/airflow/example_dags/example_sensors.py for tasks to queue
[2025-04-01T17:14:54.416-0500] {logging_mixin.py:190} INFO - [2025-04-01T17:14:54.416-0500] {dagbag.py:588} INFO - Filling up the DagBag from /mnt/d/Universidad/ETL/Proyecto_airflow/venv/lib/python3.12/site-packages/airflow/example_dags/example_sensors.py
[2025-04-01T17:14:54.470-0500] {processor.py:925} INFO - DAG(s) 'example_sensors' retrieved from /mnt/d/Universidad/ETL/Proyecto_airflow/venv/lib/python3.12/site-packages/airflow/example_dags/example_sensors.py
[2025-04-01T17:14:54.490-0500] {logging_mixin.py:190} INFO - [2025-04-01T17:14:54.489-0500] {dag.py:3239} INFO - Sync 1 DAGs
[2025-04-01T17:14:54.499-0500] {logging_mixin.py:190} INFO - [2025-04-01T17:14:54.498-0500] {dag.py:4180} INFO - Setting next_dagrun for example_sensors to None, run_after=None
[2025-04-01T17:14:54.596-0500] {processor.py:208} INFO - Processing /mnt/d/Universidad/ETL/Proyecto_airflow/venv/lib/python3.12/site-packages/airflow/example_dags/example_sensors.py took 0.191 seconds
[2025-04-01T17:16:25.122-0500] {processor.py:186} INFO - Started process (PID=6785) to work on /mnt/d/Universidad/ETL/Proyecto_airflow/venv/lib/python3.12/site-packages/airflow/example_dags/example_sensors.py
[2025-04-01T17:16:25.123-0500] {processor.py:914} INFO - Processing file /mnt/d/Universidad/ETL/Proyecto_airflow/venv/lib/python3.12/site-packages/airflow/example_dags/example_sensors.py for tasks to queue
[2025-04-01T17:16:25.125-0500] {logging_mixin.py:190} INFO - [2025-04-01T17:16:25.124-0500] {dagbag.py:588} INFO - Filling up the DagBag from /mnt/d/Universidad/ETL/Proyecto_airflow/venv/lib/python3.12/site-packages/airflow/example_dags/example_sensors.py
[2025-04-01T17:16:25.179-0500] {processor.py:925} INFO - DAG(s) 'example_sensors' retrieved from /mnt/d/Universidad/ETL/Proyecto_airflow/venv/lib/python3.12/site-packages/airflow/example_dags/example_sensors.py
[2025-04-01T17:16:25.200-0500] {logging_mixin.py:190} INFO - [2025-04-01T17:16:25.200-0500] {dag.py:3239} INFO - Sync 1 DAGs
[2025-04-01T17:16:25.209-0500] {logging_mixin.py:190} INFO - [2025-04-01T17:16:25.209-0500] {dag.py:4180} INFO - Setting next_dagrun for example_sensors to None, run_after=None
[2025-04-01T17:16:25.310-0500] {processor.py:208} INFO - Processing /mnt/d/Universidad/ETL/Proyecto_airflow/venv/lib/python3.12/site-packages/airflow/example_dags/example_sensors.py took 0.196 seconds
[2025-04-01T17:18:03.501-0500] {processor.py:186} INFO - Started process (PID=6859) to work on /mnt/d/Universidad/ETL/Proyecto_airflow/venv/lib/python3.12/site-packages/airflow/example_dags/example_sensors.py
[2025-04-01T17:18:03.502-0500] {processor.py:914} INFO - Processing file /mnt/d/Universidad/ETL/Proyecto_airflow/venv/lib/python3.12/site-packages/airflow/example_dags/example_sensors.py for tasks to queue
[2025-04-01T17:18:03.504-0500] {logging_mixin.py:190} INFO - [2025-04-01T17:18:03.504-0500] {dagbag.py:588} INFO - Filling up the DagBag from /mnt/d/Universidad/ETL/Proyecto_airflow/venv/lib/python3.12/site-packages/airflow/example_dags/example_sensors.py
[2025-04-01T17:18:03.559-0500] {processor.py:925} INFO - DAG(s) 'example_sensors' retrieved from /mnt/d/Universidad/ETL/Proyecto_airflow/venv/lib/python3.12/site-packages/airflow/example_dags/example_sensors.py
[2025-04-01T17:18:03.582-0500] {logging_mixin.py:190} INFO - [2025-04-01T17:18:03.581-0500] {dag.py:3239} INFO - Sync 1 DAGs
[2025-04-01T17:18:03.592-0500] {logging_mixin.py:190} INFO - [2025-04-01T17:18:03.591-0500] {dag.py:4180} INFO - Setting next_dagrun for example_sensors to None, run_after=None
[2025-04-01T17:18:03.695-0500] {processor.py:208} INFO - Processing /mnt/d/Universidad/ETL/Proyecto_airflow/venv/lib/python3.12/site-packages/airflow/example_dags/example_sensors.py took 0.202 seconds
[2025-04-01T17:19:46.007-0500] {processor.py:186} INFO - Started process (PID=6934) to work on /mnt/d/Universidad/ETL/Proyecto_airflow/venv/lib/python3.12/site-packages/airflow/example_dags/example_sensors.py
[2025-04-01T17:19:46.008-0500] {processor.py:914} INFO - Processing file /mnt/d/Universidad/ETL/Proyecto_airflow/venv/lib/python3.12/site-packages/airflow/example_dags/example_sensors.py for tasks to queue
[2025-04-01T17:19:46.010-0500] {logging_mixin.py:190} INFO - [2025-04-01T17:19:46.009-0500] {dagbag.py:588} INFO - Filling up the DagBag from /mnt/d/Universidad/ETL/Proyecto_airflow/venv/lib/python3.12/site-packages/airflow/example_dags/example_sensors.py
[2025-04-01T17:19:46.065-0500] {processor.py:925} INFO - DAG(s) 'example_sensors' retrieved from /mnt/d/Universidad/ETL/Proyecto_airflow/venv/lib/python3.12/site-packages/airflow/example_dags/example_sensors.py
[2025-04-01T17:19:46.085-0500] {logging_mixin.py:190} INFO - [2025-04-01T17:19:46.085-0500] {dag.py:3239} INFO - Sync 1 DAGs
[2025-04-01T17:19:46.095-0500] {logging_mixin.py:190} INFO - [2025-04-01T17:19:46.094-0500] {dag.py:4180} INFO - Setting next_dagrun for example_sensors to None, run_after=None
[2025-04-01T17:19:46.194-0500] {processor.py:208} INFO - Processing /mnt/d/Universidad/ETL/Proyecto_airflow/venv/lib/python3.12/site-packages/airflow/example_dags/example_sensors.py took 0.196 seconds
[2025-04-01T17:21:30.601-0500] {processor.py:186} INFO - Started process (PID=7008) to work on /mnt/d/Universidad/ETL/Proyecto_airflow/venv/lib/python3.12/site-packages/airflow/example_dags/example_sensors.py
[2025-04-01T17:21:30.602-0500] {processor.py:914} INFO - Processing file /mnt/d/Universidad/ETL/Proyecto_airflow/venv/lib/python3.12/site-packages/airflow/example_dags/example_sensors.py for tasks to queue
[2025-04-01T17:21:30.604-0500] {logging_mixin.py:190} INFO - [2025-04-01T17:21:30.603-0500] {dagbag.py:588} INFO - Filling up the DagBag from /mnt/d/Universidad/ETL/Proyecto_airflow/venv/lib/python3.12/site-packages/airflow/example_dags/example_sensors.py
[2025-04-01T17:21:30.659-0500] {processor.py:925} INFO - DAG(s) 'example_sensors' retrieved from /mnt/d/Universidad/ETL/Proyecto_airflow/venv/lib/python3.12/site-packages/airflow/example_dags/example_sensors.py
[2025-04-01T17:21:30.679-0500] {logging_mixin.py:190} INFO - [2025-04-01T17:21:30.679-0500] {dag.py:3239} INFO - Sync 1 DAGs
[2025-04-01T17:21:30.689-0500] {logging_mixin.py:190} INFO - [2025-04-01T17:21:30.688-0500] {dag.py:4180} INFO - Setting next_dagrun for example_sensors to None, run_after=None
[2025-04-01T17:21:30.820-0500] {processor.py:208} INFO - Processing /mnt/d/Universidad/ETL/Proyecto_airflow/venv/lib/python3.12/site-packages/airflow/example_dags/example_sensors.py took 0.227 seconds
[2025-04-01T17:23:07.719-0500] {processor.py:186} INFO - Started process (PID=7079) to work on /mnt/d/Universidad/ETL/Proyecto_airflow/venv/lib/python3.12/site-packages/airflow/example_dags/example_sensors.py
[2025-04-01T17:23:07.720-0500] {processor.py:914} INFO - Processing file /mnt/d/Universidad/ETL/Proyecto_airflow/venv/lib/python3.12/site-packages/airflow/example_dags/example_sensors.py for tasks to queue
[2025-04-01T17:23:07.722-0500] {logging_mixin.py:190} INFO - [2025-04-01T17:23:07.721-0500] {dagbag.py:588} INFO - Filling up the DagBag from /mnt/d/Universidad/ETL/Proyecto_airflow/venv/lib/python3.12/site-packages/airflow/example_dags/example_sensors.py
[2025-04-01T17:23:07.777-0500] {processor.py:925} INFO - DAG(s) 'example_sensors' retrieved from /mnt/d/Universidad/ETL/Proyecto_airflow/venv/lib/python3.12/site-packages/airflow/example_dags/example_sensors.py
[2025-04-01T17:23:07.800-0500] {logging_mixin.py:190} INFO - [2025-04-01T17:23:07.799-0500] {dag.py:3239} INFO - Sync 1 DAGs
[2025-04-01T17:23:07.810-0500] {logging_mixin.py:190} INFO - [2025-04-01T17:23:07.809-0500] {dag.py:4180} INFO - Setting next_dagrun for example_sensors to None, run_after=None
[2025-04-01T17:23:07.909-0500] {processor.py:208} INFO - Processing /mnt/d/Universidad/ETL/Proyecto_airflow/venv/lib/python3.12/site-packages/airflow/example_dags/example_sensors.py took 0.198 seconds
[2025-04-01T17:24:41.287-0500] {processor.py:186} INFO - Started process (PID=7151) to work on /mnt/d/Universidad/ETL/Proyecto_airflow/venv/lib/python3.12/site-packages/airflow/example_dags/example_sensors.py
[2025-04-01T17:24:41.288-0500] {processor.py:914} INFO - Processing file /mnt/d/Universidad/ETL/Proyecto_airflow/venv/lib/python3.12/site-packages/airflow/example_dags/example_sensors.py for tasks to queue
[2025-04-01T17:24:41.291-0500] {logging_mixin.py:190} INFO - [2025-04-01T17:24:41.290-0500] {dagbag.py:588} INFO - Filling up the DagBag from /mnt/d/Universidad/ETL/Proyecto_airflow/venv/lib/python3.12/site-packages/airflow/example_dags/example_sensors.py
[2025-04-01T17:24:41.345-0500] {processor.py:925} INFO - DAG(s) 'example_sensors' retrieved from /mnt/d/Universidad/ETL/Proyecto_airflow/venv/lib/python3.12/site-packages/airflow/example_dags/example_sensors.py
[2025-04-01T17:24:41.366-0500] {logging_mixin.py:190} INFO - [2025-04-01T17:24:41.366-0500] {dag.py:3239} INFO - Sync 1 DAGs
[2025-04-01T17:24:41.375-0500] {logging_mixin.py:190} INFO - [2025-04-01T17:24:41.375-0500] {dag.py:4180} INFO - Setting next_dagrun for example_sensors to None, run_after=None
[2025-04-01T17:24:41.486-0500] {processor.py:208} INFO - Processing /mnt/d/Universidad/ETL/Proyecto_airflow/venv/lib/python3.12/site-packages/airflow/example_dags/example_sensors.py took 0.206 seconds
[2025-04-01T17:26:17.547-0500] {processor.py:186} INFO - Started process (PID=7221) to work on /mnt/d/Universidad/ETL/Proyecto_airflow/venv/lib/python3.12/site-packages/airflow/example_dags/example_sensors.py
[2025-04-01T17:26:17.549-0500] {processor.py:914} INFO - Processing file /mnt/d/Universidad/ETL/Proyecto_airflow/venv/lib/python3.12/site-packages/airflow/example_dags/example_sensors.py for tasks to queue
[2025-04-01T17:26:17.551-0500] {logging_mixin.py:190} INFO - [2025-04-01T17:26:17.550-0500] {dagbag.py:588} INFO - Filling up the DagBag from /mnt/d/Universidad/ETL/Proyecto_airflow/venv/lib/python3.12/site-packages/airflow/example_dags/example_sensors.py
[2025-04-01T17:26:17.605-0500] {processor.py:925} INFO - DAG(s) 'example_sensors' retrieved from /mnt/d/Universidad/ETL/Proyecto_airflow/venv/lib/python3.12/site-packages/airflow/example_dags/example_sensors.py
[2025-04-01T17:26:17.626-0500] {logging_mixin.py:190} INFO - [2025-04-01T17:26:17.625-0500] {dag.py:3239} INFO - Sync 1 DAGs
[2025-04-01T17:26:17.636-0500] {logging_mixin.py:190} INFO - [2025-04-01T17:26:17.635-0500] {dag.py:4180} INFO - Setting next_dagrun for example_sensors to None, run_after=None
[2025-04-01T17:26:17.736-0500] {processor.py:208} INFO - Processing /mnt/d/Universidad/ETL/Proyecto_airflow/venv/lib/python3.12/site-packages/airflow/example_dags/example_sensors.py took 0.196 seconds
[2025-04-01T17:27:55.383-0500] {processor.py:186} INFO - Started process (PID=7293) to work on /mnt/d/Universidad/ETL/Proyecto_airflow/venv/lib/python3.12/site-packages/airflow/example_dags/example_sensors.py
[2025-04-01T17:27:55.384-0500] {processor.py:914} INFO - Processing file /mnt/d/Universidad/ETL/Proyecto_airflow/venv/lib/python3.12/site-packages/airflow/example_dags/example_sensors.py for tasks to queue
[2025-04-01T17:27:55.387-0500] {logging_mixin.py:190} INFO - [2025-04-01T17:27:55.386-0500] {dagbag.py:588} INFO - Filling up the DagBag from /mnt/d/Universidad/ETL/Proyecto_airflow/venv/lib/python3.12/site-packages/airflow/example_dags/example_sensors.py
[2025-04-01T17:27:55.442-0500] {processor.py:925} INFO - DAG(s) 'example_sensors' retrieved from /mnt/d/Universidad/ETL/Proyecto_airflow/venv/lib/python3.12/site-packages/airflow/example_dags/example_sensors.py
[2025-04-01T17:27:55.463-0500] {logging_mixin.py:190} INFO - [2025-04-01T17:27:55.462-0500] {dag.py:3239} INFO - Sync 1 DAGs
[2025-04-01T17:27:55.472-0500] {logging_mixin.py:190} INFO - [2025-04-01T17:27:55.471-0500] {dag.py:4180} INFO - Setting next_dagrun for example_sensors to None, run_after=None
[2025-04-01T17:27:55.576-0500] {processor.py:208} INFO - Processing /mnt/d/Universidad/ETL/Proyecto_airflow/venv/lib/python3.12/site-packages/airflow/example_dags/example_sensors.py took 0.200 seconds
[2025-04-01T17:29:20.516-0500] {processor.py:186} INFO - Started process (PID=7360) to work on /mnt/d/Universidad/ETL/Proyecto_airflow/venv/lib/python3.12/site-packages/airflow/example_dags/example_sensors.py
[2025-04-01T17:29:20.517-0500] {processor.py:914} INFO - Processing file /mnt/d/Universidad/ETL/Proyecto_airflow/venv/lib/python3.12/site-packages/airflow/example_dags/example_sensors.py for tasks to queue
[2025-04-01T17:29:20.519-0500] {logging_mixin.py:190} INFO - [2025-04-01T17:29:20.518-0500] {dagbag.py:588} INFO - Filling up the DagBag from /mnt/d/Universidad/ETL/Proyecto_airflow/venv/lib/python3.12/site-packages/airflow/example_dags/example_sensors.py
[2025-04-01T17:29:20.573-0500] {processor.py:925} INFO - DAG(s) 'example_sensors' retrieved from /mnt/d/Universidad/ETL/Proyecto_airflow/venv/lib/python3.12/site-packages/airflow/example_dags/example_sensors.py
[2025-04-01T17:29:20.594-0500] {logging_mixin.py:190} INFO - [2025-04-01T17:29:20.593-0500] {dag.py:3239} INFO - Sync 1 DAGs
[2025-04-01T17:29:20.603-0500] {logging_mixin.py:190} INFO - [2025-04-01T17:29:20.602-0500] {dag.py:4180} INFO - Setting next_dagrun for example_sensors to None, run_after=None
[2025-04-01T17:29:20.711-0500] {processor.py:208} INFO - Processing /mnt/d/Universidad/ETL/Proyecto_airflow/venv/lib/python3.12/site-packages/airflow/example_dags/example_sensors.py took 0.202 seconds
